[2026-05-15T23:10:01.858+0000] {local_task_job_runner.py:120} INFO - ::group::Pre task execution logs
[2026-05-15T23:10:02.040+0000] {taskinstance.py:2076} INFO - Dependencies all met for dep_context=non-requeueable deps ti=<TaskInstance: medallion_gold_layer.gold_processing scheduled__2026-05-15T23:05:00+00:00 [queued]>
[2026-05-15T23:10:02.076+0000] {taskinstance.py:2076} INFO - Dependencies all met for dep_context=requeueable deps ti=<TaskInstance: medallion_gold_layer.gold_processing scheduled__2026-05-15T23:05:00+00:00 [queued]>
[2026-05-15T23:10:02.078+0000] {taskinstance.py:2306} INFO - Starting attempt 1 of 2
[2026-05-15T23:10:02.156+0000] {taskinstance.py:2330} INFO - Executing <Task(BashOperator): gold_processing> on 2026-05-15 23:05:00+00:00
[2026-05-15T23:10:02.171+0000] {standard_task_runner.py:63} INFO - Started process 30703 to run task
[2026-05-15T23:10:02.183+0000] {standard_task_runner.py:90} INFO - Running: ['airflow', 'tasks', 'run', 'medallion_gold_layer', 'gold_processing', 'scheduled__2026-05-15T23:05:00+00:00', '--job-id', '83', '--raw', '--subdir', 'DAGS_FOLDER/gold_layer_dag.py', '--cfg-path', '/tmp/tmpghkzvq9o']
[2026-05-15T23:10:02.187+0000] {standard_task_runner.py:91} INFO - Job 83: Subtask gold_processing
[2026-05-15T23:10:02.725+0000] {task_command.py:426} INFO - Running <TaskInstance: medallion_gold_layer.gold_processing scheduled__2026-05-15T23:05:00+00:00 [running]> on host e8a9653e4a1b
[2026-05-15T23:10:03.560+0000] {taskinstance.py:2648} INFO - Exporting env vars: AIRFLOW_CTX_DAG_OWNER='anass' AIRFLOW_CTX_DAG_ID='medallion_gold_layer' AIRFLOW_CTX_TASK_ID='gold_processing' AIRFLOW_CTX_EXECUTION_DATE='2026-05-15T23:05:00+00:00' AIRFLOW_CTX_TRY_NUMBER='1' AIRFLOW_CTX_DAG_RUN_ID='scheduled__2026-05-15T23:05:00+00:00'
[2026-05-15T23:10:03.563+0000] {taskinstance.py:430} INFO - ::endgroup::
[2026-05-15T23:10:03.615+0000] {subprocess.py:63} INFO - Tmp dir root location: /tmp
[2026-05-15T23:10:03.619+0000] {subprocess.py:75} INFO - Running command: ['/usr/bin/bash', '-c', '\n    spark-submit     --master spark://spark-master:7077     --executor-memory 512M     --executor-cores 1     --total-executor-cores 1     --jars /opt/airflow/jars/aws-java-sdk-bundle-1.12.262.jar,/opt/airflow/jars/hadoop-aws-3.3.4.jar,/opt/airflow/jars/postgresql-42.7.3.jar     /opt/spark_jobs/gold_processor.py\n    ']
[2026-05-15T23:10:03.640+0000] {subprocess.py:86} INFO - Output:
[2026-05-15T23:10:08.592+0000] {subprocess.py:93} INFO - 26/05/15 23:10:08 WARN NativeCodeLoader: Unable to load native-hadoop library for your platform... using builtin-java classes where applicable
[2026-05-15T23:10:11.230+0000] {subprocess.py:93} INFO - 26/05/15 23:10:11 INFO SparkContext: Running Spark version 3.5.1
[2026-05-15T23:10:11.233+0000] {subprocess.py:93} INFO - 26/05/15 23:10:11 INFO SparkContext: OS info Linux, 6.6.87.2-microsoft-standard-WSL2, amd64
[2026-05-15T23:10:11.235+0000] {subprocess.py:93} INFO - 26/05/15 23:10:11 INFO SparkContext: Java version 17.0.19
[2026-05-15T23:10:11.363+0000] {subprocess.py:93} INFO - 26/05/15 23:10:11 INFO ResourceUtils: ==============================================================
[2026-05-15T23:10:11.365+0000] {subprocess.py:93} INFO - 26/05/15 23:10:11 INFO ResourceUtils: No custom resources configured for spark.driver.
[2026-05-15T23:10:11.368+0000] {subprocess.py:93} INFO - 26/05/15 23:10:11 INFO ResourceUtils: ==============================================================
[2026-05-15T23:10:11.370+0000] {subprocess.py:93} INFO - 26/05/15 23:10:11 INFO SparkContext: Submitted application: GoldLayerProcessor
[2026-05-15T23:10:11.440+0000] {subprocess.py:93} INFO - 26/05/15 23:10:11 INFO ResourceProfile: Default ResourceProfile created, executor resources: Map(cores -> name: cores, amount: 1, script: , vendor: , memory -> name: memory, amount: 512, script: , vendor: , offHeap -> name: offHeap, amount: 0, script: , vendor: ), task resources: Map(cpus -> name: cpus, amount: 1.0)
[2026-05-15T23:10:11.476+0000] {subprocess.py:93} INFO - 26/05/15 23:10:11 INFO ResourceProfile: Limiting resource is cpus at 1 tasks per executor
[2026-05-15T23:10:11.482+0000] {subprocess.py:93} INFO - 26/05/15 23:10:11 INFO ResourceProfileManager: Added ResourceProfile id: 0
[2026-05-15T23:10:11.610+0000] {subprocess.py:93} INFO - 26/05/15 23:10:11 INFO SecurityManager: Changing view acls to: airflow
[2026-05-15T23:10:11.611+0000] {subprocess.py:93} INFO - 26/05/15 23:10:11 INFO SecurityManager: Changing modify acls to: airflow
[2026-05-15T23:10:11.612+0000] {subprocess.py:93} INFO - 26/05/15 23:10:11 INFO SecurityManager: Changing view acls groups to:
[2026-05-15T23:10:11.613+0000] {subprocess.py:93} INFO - 26/05/15 23:10:11 INFO SecurityManager: Changing modify acls groups to:
[2026-05-15T23:10:11.614+0000] {subprocess.py:93} INFO - 26/05/15 23:10:11 INFO SecurityManager: SecurityManager: authentication disabled; ui acls disabled; users with view permissions: airflow; groups with view permissions: EMPTY; users with modify permissions: airflow; groups with modify permissions: EMPTY
[2026-05-15T23:10:11.969+0000] {subprocess.py:93} INFO - 26/05/15 23:10:11 INFO Utils: Successfully started service 'sparkDriver' on port 46031.
[2026-05-15T23:10:12.032+0000] {subprocess.py:93} INFO - 26/05/15 23:10:12 INFO SparkEnv: Registering MapOutputTracker
[2026-05-15T23:10:12.150+0000] {subprocess.py:93} INFO - 26/05/15 23:10:12 INFO SparkEnv: Registering BlockManagerMaster
[2026-05-15T23:10:12.175+0000] {subprocess.py:93} INFO - 26/05/15 23:10:12 INFO BlockManagerMasterEndpoint: Using org.apache.spark.storage.DefaultTopologyMapper for getting topology information
[2026-05-15T23:10:12.177+0000] {subprocess.py:93} INFO - 26/05/15 23:10:12 INFO BlockManagerMasterEndpoint: BlockManagerMasterEndpoint up
[2026-05-15T23:10:12.182+0000] {subprocess.py:93} INFO - 26/05/15 23:10:12 INFO SparkEnv: Registering BlockManagerMasterHeartbeat
[2026-05-15T23:10:12.207+0000] {subprocess.py:93} INFO - 26/05/15 23:10:12 INFO DiskBlockManager: Created local directory at /tmp/blockmgr-b2e644e9-1e93-4e8a-8f9b-f28a5567e8f2
[2026-05-15T23:10:12.226+0000] {subprocess.py:93} INFO - 26/05/15 23:10:12 INFO MemoryStore: MemoryStore started with capacity 434.4 MiB
[2026-05-15T23:10:12.257+0000] {subprocess.py:93} INFO - 26/05/15 23:10:12 INFO SparkEnv: Registering OutputCommitCoordinator
[2026-05-15T23:10:12.444+0000] {subprocess.py:93} INFO - 26/05/15 23:10:12 INFO JettyUtils: Start Jetty 0.0.0.0:4040 for SparkUI
[2026-05-15T23:10:12.554+0000] {subprocess.py:93} INFO - 26/05/15 23:10:12 INFO Utils: Successfully started service 'SparkUI' on port 4040.
[2026-05-15T23:10:12.602+0000] {subprocess.py:93} INFO - 26/05/15 23:10:12 INFO SparkContext: Added JAR file:///opt/airflow/jars/aws-java-sdk-bundle-1.12.262.jar at spark://e8a9653e4a1b:46031/jars/aws-java-sdk-bundle-1.12.262.jar with timestamp 1778886611212
[2026-05-15T23:10:12.603+0000] {subprocess.py:93} INFO - 26/05/15 23:10:12 INFO SparkContext: Added JAR file:///opt/airflow/jars/hadoop-aws-3.3.4.jar at spark://e8a9653e4a1b:46031/jars/hadoop-aws-3.3.4.jar with timestamp 1778886611212
[2026-05-15T23:10:12.604+0000] {subprocess.py:93} INFO - 26/05/15 23:10:12 INFO SparkContext: Added JAR file:///opt/airflow/jars/postgresql-42.7.3.jar at spark://e8a9653e4a1b:46031/jars/postgresql-42.7.3.jar with timestamp 1778886611212
[2026-05-15T23:10:12.757+0000] {subprocess.py:93} INFO - 26/05/15 23:10:12 INFO StandaloneAppClient$ClientEndpoint: Connecting to master spark://spark-master:7077...
[2026-05-15T23:10:12.840+0000] {subprocess.py:93} INFO - 26/05/15 23:10:12 INFO TransportClientFactory: Successfully created connection to spark-master/172.18.0.6:7077 after 47 ms (0 ms spent in bootstraps)
[2026-05-15T23:10:13.055+0000] {subprocess.py:93} INFO - 26/05/15 23:10:13 INFO StandaloneSchedulerBackend: Connected to Spark cluster with app ID app-20260515231013-0082
[2026-05-15T23:10:13.073+0000] {subprocess.py:93} INFO - 26/05/15 23:10:13 INFO StandaloneAppClient$ClientEndpoint: Executor added: app-20260515231013-0082/0 on worker-20260514105200-172.18.0.13-40347 (172.18.0.13:40347) with 1 core(s)
[2026-05-15T23:10:13.084+0000] {subprocess.py:93} INFO - 26/05/15 23:10:13 INFO StandaloneSchedulerBackend: Granted executor ID app-20260515231013-0082/0 on hostPort 172.18.0.13:40347 with 1 core(s), 512.0 MiB RAM
[2026-05-15T23:10:13.119+0000] {subprocess.py:93} INFO - 26/05/15 23:10:13 INFO Utils: Successfully started service 'org.apache.spark.network.netty.NettyBlockTransferService' on port 34711.
[2026-05-15T23:10:13.123+0000] {subprocess.py:93} INFO - 26/05/15 23:10:13 INFO NettyBlockTransferService: Server created on e8a9653e4a1b:34711
[2026-05-15T23:10:13.130+0000] {subprocess.py:93} INFO - 26/05/15 23:10:13 INFO BlockManager: Using org.apache.spark.storage.RandomBlockReplicationPolicy for block replication policy
[2026-05-15T23:10:13.149+0000] {subprocess.py:93} INFO - 26/05/15 23:10:13 INFO BlockManagerMaster: Registering BlockManager BlockManagerId(driver, e8a9653e4a1b, 34711, None)
[2026-05-15T23:10:13.158+0000] {subprocess.py:93} INFO - 26/05/15 23:10:13 INFO BlockManagerMasterEndpoint: Registering block manager e8a9653e4a1b:34711 with 434.4 MiB RAM, BlockManagerId(driver, e8a9653e4a1b, 34711, None)
[2026-05-15T23:10:13.162+0000] {subprocess.py:93} INFO - 26/05/15 23:10:13 INFO BlockManagerMaster: Registered BlockManager BlockManagerId(driver, e8a9653e4a1b, 34711, None)
[2026-05-15T23:10:13.164+0000] {subprocess.py:93} INFO - 26/05/15 23:10:13 INFO BlockManager: Initialized BlockManager: BlockManagerId(driver, e8a9653e4a1b, 34711, None)
[2026-05-15T23:10:13.179+0000] {subprocess.py:93} INFO - 26/05/15 23:10:13 INFO StandaloneAppClient$ClientEndpoint: Executor updated: app-20260515231013-0082/0 is now RUNNING
[2026-05-15T23:10:13.521+0000] {subprocess.py:93} INFO - 26/05/15 23:10:13 INFO StandaloneSchedulerBackend: SchedulerBackend is ready for scheduling beginning after reached minRegisteredResourcesRatio: 0.0
[2026-05-15T23:10:15.408+0000] {subprocess.py:93} INFO - 26/05/15 23:10:15 WARN MetricsConfig: Cannot locate configuration: tried hadoop-metrics2-s3a-file-system.properties,hadoop-metrics2.properties
[2026-05-15T23:10:26.585+0000] {subprocess.py:93} INFO - Lecture SILVER terminée
[2026-05-15T23:10:48.708+0000] {subprocess.py:93} INFO - Table articles_par_jour créée
[2026-05-15T23:15:05.468+0000] {subprocess.py:93} INFO - Table articles_par_source créée
[2026-05-15T23:15:12.591+0000] {subprocess.py:93} INFO - Table top_categories créée
[2026-05-15T23:15:17.765+0000] {subprocess.py:93} INFO - Table articles_par_source_jour créée
[2026-05-15T23:15:17.767+0000] {subprocess.py:93} INFO - 
[2026-05-15T23:15:17.767+0000] {subprocess.py:93} INFO - ==============================
[2026-05-15T23:15:17.768+0000] {subprocess.py:93} INFO - GOLD LAYER TERMINÉ
[2026-05-15T23:15:17.768+0000] {subprocess.py:93} INFO - ==============================
[2026-05-15T23:15:18.295+0000] {subprocess.py:97} INFO - Command exited with return code 0
[2026-05-15T23:15:18.296+0000] {taskinstance.py:441} INFO - ::group::Post task execution logs
[2026-05-15T23:15:18.556+0000] {taskinstance.py:1206} INFO - Marking task as SUCCESS. dag_id=medallion_gold_layer, task_id=gold_processing, run_id=scheduled__2026-05-15T23:05:00+00:00, execution_date=20260515T230500, start_date=20260515T231002, end_date=20260515T231518
[2026-05-15T23:15:18.616+0000] {local_task_job_runner.py:240} INFO - Task exited with return code 0
[2026-05-15T23:15:18.654+0000] {taskinstance.py:3498} INFO - 0 downstream tasks scheduled from follow-on schedule check
[2026-05-15T23:15:18.657+0000] {local_task_job_runner.py:222} INFO - ::endgroup::
