[2026-05-18T21:45:01.336+0000] {local_task_job_runner.py:120} INFO - ::group::Pre task execution logs
[2026-05-18T21:45:01.571+0000] {taskinstance.py:2076} INFO - Dependencies all met for dep_context=non-requeueable deps ti=<TaskInstance: medallion_gold_layer.gold_processing scheduled__2026-05-18T21:40:00+00:00 [queued]>
[2026-05-18T21:45:01.617+0000] {taskinstance.py:2076} INFO - Dependencies all met for dep_context=requeueable deps ti=<TaskInstance: medallion_gold_layer.gold_processing scheduled__2026-05-18T21:40:00+00:00 [queued]>
[2026-05-18T21:45:01.620+0000] {taskinstance.py:2306} INFO - Starting attempt 1 of 2
[2026-05-18T21:45:01.702+0000] {taskinstance.py:2330} INFO - Executing <Task(BashOperator): gold_processing> on 2026-05-18 21:40:00+00:00
[2026-05-18T21:45:01.712+0000] {standard_task_runner.py:63} INFO - Started process 2990 to run task
[2026-05-18T21:45:01.718+0000] {standard_task_runner.py:90} INFO - Running: ['airflow', 'tasks', 'run', 'medallion_gold_layer', 'gold_processing', 'scheduled__2026-05-18T21:40:00+00:00', '--job-id', '268', '--raw', '--subdir', 'DAGS_FOLDER/gold_layer_dag.py', '--cfg-path', '/tmp/tmpotsddh11']
[2026-05-18T21:45:01.721+0000] {standard_task_runner.py:91} INFO - Job 268: Subtask gold_processing
[2026-05-18T21:45:01.993+0000] {task_command.py:426} INFO - Running <TaskInstance: medallion_gold_layer.gold_processing scheduled__2026-05-18T21:40:00+00:00 [running]> on host e8a9653e4a1b
[2026-05-18T21:45:02.864+0000] {taskinstance.py:2648} INFO - Exporting env vars: AIRFLOW_CTX_DAG_OWNER='ikram' AIRFLOW_CTX_DAG_ID='medallion_gold_layer' AIRFLOW_CTX_TASK_ID='gold_processing' AIRFLOW_CTX_EXECUTION_DATE='2026-05-18T21:40:00+00:00' AIRFLOW_CTX_TRY_NUMBER='1' AIRFLOW_CTX_DAG_RUN_ID='scheduled__2026-05-18T21:40:00+00:00'
[2026-05-18T21:45:02.868+0000] {taskinstance.py:430} INFO - ::endgroup::
[2026-05-18T21:45:02.954+0000] {subprocess.py:63} INFO - Tmp dir root location: /tmp
[2026-05-18T21:45:02.966+0000] {subprocess.py:75} INFO - Running command: ['/usr/bin/bash', '-c', '\n    spark-submit     --master spark://spark-master:7077     --executor-memory 512M     --executor-cores 1     --total-executor-cores 1     --jars /opt/airflow/jars/aws-java-sdk-bundle-1.12.262.jar,/opt/airflow/jars/hadoop-aws-3.3.4.jar,/opt/airflow/jars/postgresql-42.7.3.jar     /opt/spark_jobs/gold_processor.py\n    ']
[2026-05-18T21:45:03.003+0000] {subprocess.py:86} INFO - Output:
[2026-05-18T21:45:07.089+0000] {subprocess.py:93} INFO - 26/05/18 21:45:07 WARN NativeCodeLoader: Unable to load native-hadoop library for your platform... using builtin-java classes where applicable
[2026-05-18T21:45:09.973+0000] {subprocess.py:93} INFO - 26/05/18 21:45:09 INFO SparkContext: Running Spark version 3.5.1
[2026-05-18T21:45:09.975+0000] {subprocess.py:93} INFO - 26/05/18 21:45:09 INFO SparkContext: OS info Linux, 6.6.87.2-microsoft-standard-WSL2, amd64
[2026-05-18T21:45:09.978+0000] {subprocess.py:93} INFO - 26/05/18 21:45:09 INFO SparkContext: Java version 17.0.19
[2026-05-18T21:45:10.084+0000] {subprocess.py:93} INFO - 26/05/18 21:45:10 INFO ResourceUtils: ==============================================================
[2026-05-18T21:45:10.091+0000] {subprocess.py:93} INFO - 26/05/18 21:45:10 INFO ResourceUtils: No custom resources configured for spark.driver.
[2026-05-18T21:45:10.094+0000] {subprocess.py:93} INFO - 26/05/18 21:45:10 INFO ResourceUtils: ==============================================================
[2026-05-18T21:45:10.097+0000] {subprocess.py:93} INFO - 26/05/18 21:45:10 INFO SparkContext: Submitted application: GoldLayerProcessor
[2026-05-18T21:45:10.192+0000] {subprocess.py:93} INFO - 26/05/18 21:45:10 INFO ResourceProfile: Default ResourceProfile created, executor resources: Map(cores -> name: cores, amount: 1, script: , vendor: , memory -> name: memory, amount: 512, script: , vendor: , offHeap -> name: offHeap, amount: 0, script: , vendor: ), task resources: Map(cpus -> name: cpus, amount: 1.0)
[2026-05-18T21:45:10.236+0000] {subprocess.py:93} INFO - 26/05/18 21:45:10 INFO ResourceProfile: Limiting resource is cpus at 1 tasks per executor
[2026-05-18T21:45:10.260+0000] {subprocess.py:93} INFO - 26/05/18 21:45:10 INFO ResourceProfileManager: Added ResourceProfile id: 0
[2026-05-18T21:45:10.453+0000] {subprocess.py:93} INFO - 26/05/18 21:45:10 INFO SecurityManager: Changing view acls to: airflow
[2026-05-18T21:45:10.455+0000] {subprocess.py:93} INFO - 26/05/18 21:45:10 INFO SecurityManager: Changing modify acls to: airflow
[2026-05-18T21:45:10.456+0000] {subprocess.py:93} INFO - 26/05/18 21:45:10 INFO SecurityManager: Changing view acls groups to:
[2026-05-18T21:45:10.457+0000] {subprocess.py:93} INFO - 26/05/18 21:45:10 INFO SecurityManager: Changing modify acls groups to:
[2026-05-18T21:45:10.458+0000] {subprocess.py:93} INFO - 26/05/18 21:45:10 INFO SecurityManager: SecurityManager: authentication disabled; ui acls disabled; users with view permissions: airflow; groups with view permissions: EMPTY; users with modify permissions: airflow; groups with modify permissions: EMPTY
[2026-05-18T21:45:10.870+0000] {subprocess.py:93} INFO - 26/05/18 21:45:10 INFO Utils: Successfully started service 'sparkDriver' on port 35509.
[2026-05-18T21:45:10.928+0000] {subprocess.py:93} INFO - 26/05/18 21:45:10 INFO SparkEnv: Registering MapOutputTracker
[2026-05-18T21:45:11.002+0000] {subprocess.py:93} INFO - 26/05/18 21:45:10 INFO SparkEnv: Registering BlockManagerMaster
[2026-05-18T21:45:11.044+0000] {subprocess.py:93} INFO - 26/05/18 21:45:11 INFO BlockManagerMasterEndpoint: Using org.apache.spark.storage.DefaultTopologyMapper for getting topology information
[2026-05-18T21:45:11.045+0000] {subprocess.py:93} INFO - 26/05/18 21:45:11 INFO BlockManagerMasterEndpoint: BlockManagerMasterEndpoint up
[2026-05-18T21:45:11.054+0000] {subprocess.py:93} INFO - 26/05/18 21:45:11 INFO SparkEnv: Registering BlockManagerMasterHeartbeat
[2026-05-18T21:45:11.078+0000] {subprocess.py:93} INFO - 26/05/18 21:45:11 INFO DiskBlockManager: Created local directory at /tmp/blockmgr-8be72eee-cfd1-4571-8463-de48f771e1e8
[2026-05-18T21:45:11.102+0000] {subprocess.py:93} INFO - 26/05/18 21:45:11 INFO MemoryStore: MemoryStore started with capacity 434.4 MiB
[2026-05-18T21:45:11.129+0000] {subprocess.py:93} INFO - 26/05/18 21:45:11 INFO SparkEnv: Registering OutputCommitCoordinator
[2026-05-18T21:45:11.339+0000] {subprocess.py:93} INFO - 26/05/18 21:45:11 INFO JettyUtils: Start Jetty 0.0.0.0:4040 for SparkUI
[2026-05-18T21:45:11.446+0000] {subprocess.py:93} INFO - 26/05/18 21:45:11 INFO Utils: Successfully started service 'SparkUI' on port 4040.
[2026-05-18T21:45:11.517+0000] {subprocess.py:93} INFO - 26/05/18 21:45:11 INFO SparkContext: Added JAR file:///opt/airflow/jars/aws-java-sdk-bundle-1.12.262.jar at spark://e8a9653e4a1b:35509/jars/aws-java-sdk-bundle-1.12.262.jar with timestamp 1779140709950
[2026-05-18T21:45:11.518+0000] {subprocess.py:93} INFO - 26/05/18 21:45:11 INFO SparkContext: Added JAR file:///opt/airflow/jars/hadoop-aws-3.3.4.jar at spark://e8a9653e4a1b:35509/jars/hadoop-aws-3.3.4.jar with timestamp 1779140709950
[2026-05-18T21:45:11.519+0000] {subprocess.py:93} INFO - 26/05/18 21:45:11 INFO SparkContext: Added JAR file:///opt/airflow/jars/postgresql-42.7.3.jar at spark://e8a9653e4a1b:35509/jars/postgresql-42.7.3.jar with timestamp 1779140709950
[2026-05-18T21:45:11.653+0000] {subprocess.py:93} INFO - 26/05/18 21:45:11 INFO StandaloneAppClient$ClientEndpoint: Connecting to master spark://spark-master:7077...
[2026-05-18T21:45:11.727+0000] {subprocess.py:93} INFO - 26/05/18 21:45:11 INFO TransportClientFactory: Successfully created connection to spark-master/172.18.0.4:7077 after 44 ms (0 ms spent in bootstraps)
[2026-05-18T21:45:11.852+0000] {subprocess.py:93} INFO - 26/05/18 21:45:11 INFO StandaloneSchedulerBackend: Connected to Spark cluster with app ID app-20260518214511-0008
[2026-05-18T21:45:11.857+0000] {subprocess.py:93} INFO - 26/05/18 21:45:11 INFO StandaloneAppClient$ClientEndpoint: Executor added: app-20260518214511-0008/0 on worker-20260518211503-172.18.0.3-40747 (172.18.0.3:40747) with 1 core(s)
[2026-05-18T21:45:11.860+0000] {subprocess.py:93} INFO - 26/05/18 21:45:11 INFO StandaloneSchedulerBackend: Granted executor ID app-20260518214511-0008/0 on hostPort 172.18.0.3:40747 with 1 core(s), 512.0 MiB RAM
[2026-05-18T21:45:11.873+0000] {subprocess.py:93} INFO - 26/05/18 21:45:11 INFO Utils: Successfully started service 'org.apache.spark.network.netty.NettyBlockTransferService' on port 34125.
[2026-05-18T21:45:11.876+0000] {subprocess.py:93} INFO - 26/05/18 21:45:11 INFO NettyBlockTransferService: Server created on e8a9653e4a1b:34125
[2026-05-18T21:45:11.877+0000] {subprocess.py:93} INFO - 26/05/18 21:45:11 INFO BlockManager: Using org.apache.spark.storage.RandomBlockReplicationPolicy for block replication policy
[2026-05-18T21:45:11.897+0000] {subprocess.py:93} INFO - 26/05/18 21:45:11 INFO BlockManagerMaster: Registering BlockManager BlockManagerId(driver, e8a9653e4a1b, 34125, None)
[2026-05-18T21:45:11.903+0000] {subprocess.py:93} INFO - 26/05/18 21:45:11 INFO BlockManagerMasterEndpoint: Registering block manager e8a9653e4a1b:34125 with 434.4 MiB RAM, BlockManagerId(driver, e8a9653e4a1b, 34125, None)
[2026-05-18T21:45:11.906+0000] {subprocess.py:93} INFO - 26/05/18 21:45:11 INFO StandaloneAppClient$ClientEndpoint: Executor updated: app-20260518214511-0008/0 is now RUNNING
[2026-05-18T21:45:11.907+0000] {subprocess.py:93} INFO - 26/05/18 21:45:11 INFO BlockManagerMaster: Registered BlockManager BlockManagerId(driver, e8a9653e4a1b, 34125, None)
[2026-05-18T21:45:11.909+0000] {subprocess.py:93} INFO - 26/05/18 21:45:11 INFO BlockManager: Initialized BlockManager: BlockManagerId(driver, e8a9653e4a1b, 34125, None)
[2026-05-18T21:45:12.286+0000] {subprocess.py:93} INFO - 26/05/18 21:45:12 INFO StandaloneSchedulerBackend: SchedulerBackend is ready for scheduling beginning after reached minRegisteredResourcesRatio: 0.0
[2026-05-18T21:45:14.790+0000] {subprocess.py:93} INFO - 26/05/18 21:45:14 WARN MetricsConfig: Cannot locate configuration: tried hadoop-metrics2-s3a-file-system.properties,hadoop-metrics2.properties
[2026-05-18T21:45:40.568+0000] {subprocess.py:93} INFO - Lecture SILVER terminée
[2026-05-18T21:46:40.871+0000] {subprocess.py:93} INFO - Table articles_par_jour créée
[2026-05-18T21:47:13.027+0000] {subprocess.py:93} INFO - Table articles_par_source créée
[2026-05-18T21:47:34.439+0000] {subprocess.py:93} INFO - Table top_categories créée
[2026-05-18T21:47:55.534+0000] {subprocess.py:93} INFO - Table articles_par_source_jour créée
[2026-05-18T21:47:55.537+0000] {subprocess.py:93} INFO - 
[2026-05-18T21:47:55.538+0000] {subprocess.py:93} INFO - ==============================
[2026-05-18T21:47:55.539+0000] {subprocess.py:93} INFO - GOLD LAYER TERMINÉ
[2026-05-18T21:47:55.541+0000] {subprocess.py:93} INFO - ==============================
[2026-05-18T21:47:56.380+0000] {subprocess.py:97} INFO - Command exited with return code 0
[2026-05-18T21:47:56.383+0000] {taskinstance.py:441} INFO - ::group::Post task execution logs
[2026-05-18T21:47:56.642+0000] {taskinstance.py:1206} INFO - Marking task as SUCCESS. dag_id=medallion_gold_layer, task_id=gold_processing, run_id=scheduled__2026-05-18T21:40:00+00:00, execution_date=20260518T214000, start_date=20260518T214501, end_date=20260518T214756
[2026-05-18T21:47:56.722+0000] {local_task_job_runner.py:240} INFO - Task exited with return code 0
[2026-05-18T21:47:56.887+0000] {taskinstance.py:3498} INFO - 0 downstream tasks scheduled from follow-on schedule check
[2026-05-18T21:47:56.894+0000] {local_task_job_runner.py:222} INFO - ::endgroup::
