[2026-05-19T12:15:02.283+0000] {local_task_job_runner.py:120} INFO - ::group::Pre task execution logs
[2026-05-19T12:15:02.460+0000] {taskinstance.py:2076} INFO - Dependencies all met for dep_context=non-requeueable deps ti=<TaskInstance: medallion_gold_layer.gold_processing scheduled__2026-05-19T12:10:00+00:00 [queued]>
[2026-05-19T12:15:02.507+0000] {taskinstance.py:2076} INFO - Dependencies all met for dep_context=requeueable deps ti=<TaskInstance: medallion_gold_layer.gold_processing scheduled__2026-05-19T12:10:00+00:00 [queued]>
[2026-05-19T12:15:02.509+0000] {taskinstance.py:2306} INFO - Starting attempt 1 of 2
[2026-05-19T12:15:02.626+0000] {taskinstance.py:2330} INFO - Executing <Task(BashOperator): gold_processing> on 2026-05-19 12:10:00+00:00
[2026-05-19T12:15:02.646+0000] {standard_task_runner.py:63} INFO - Started process 9826 to run task
[2026-05-19T12:15:02.661+0000] {standard_task_runner.py:90} INFO - Running: ['airflow', 'tasks', 'run', 'medallion_gold_layer', 'gold_processing', 'scheduled__2026-05-19T12:10:00+00:00', '--job-id', '308', '--raw', '--subdir', 'DAGS_FOLDER/gold_layer_dag.py', '--cfg-path', '/tmp/tmppm2p_r12']
[2026-05-19T12:15:02.672+0000] {standard_task_runner.py:91} INFO - Job 308: Subtask gold_processing
[2026-05-19T12:15:03.426+0000] {task_command.py:426} INFO - Running <TaskInstance: medallion_gold_layer.gold_processing scheduled__2026-05-19T12:10:00+00:00 [running]> on host c43074c3fd7c
[2026-05-19T12:15:04.271+0000] {taskinstance.py:2648} INFO - Exporting env vars: AIRFLOW_CTX_DAG_OWNER='ikram' AIRFLOW_CTX_DAG_ID='medallion_gold_layer' AIRFLOW_CTX_TASK_ID='gold_processing' AIRFLOW_CTX_EXECUTION_DATE='2026-05-19T12:10:00+00:00' AIRFLOW_CTX_TRY_NUMBER='1' AIRFLOW_CTX_DAG_RUN_ID='scheduled__2026-05-19T12:10:00+00:00'
[2026-05-19T12:15:04.273+0000] {taskinstance.py:430} INFO - ::endgroup::
[2026-05-19T12:15:04.319+0000] {subprocess.py:63} INFO - Tmp dir root location: /tmp
[2026-05-19T12:15:04.322+0000] {subprocess.py:75} INFO - Running command: ['/usr/bin/bash', '-c', '\n    spark-submit     --master spark://spark-master:7077     --executor-memory 512M     --executor-cores 1     --total-executor-cores 1     --jars /opt/airflow/jars/aws-java-sdk-bundle-1.12.262.jar,/opt/airflow/jars/hadoop-aws-3.3.4.jar,/opt/airflow/jars/postgresql-42.7.3.jar     /opt/spark_jobs/gold_processor.py\n    ']
[2026-05-19T12:15:04.344+0000] {subprocess.py:86} INFO - Output:
[2026-05-19T12:15:08.154+0000] {subprocess.py:93} INFO - 26/05/19 12:15:08 WARN NativeCodeLoader: Unable to load native-hadoop library for your platform... using builtin-java classes where applicable
[2026-05-19T12:15:10.383+0000] {subprocess.py:93} INFO - 26/05/19 12:15:10 INFO SparkContext: Running Spark version 3.5.1
[2026-05-19T12:15:10.384+0000] {subprocess.py:93} INFO - 26/05/19 12:15:10 INFO SparkContext: OS info Linux, 6.6.87.2-microsoft-standard-WSL2, amd64
[2026-05-19T12:15:10.388+0000] {subprocess.py:93} INFO - 26/05/19 12:15:10 INFO SparkContext: Java version 17.0.19
[2026-05-19T12:15:10.431+0000] {subprocess.py:93} INFO - 26/05/19 12:15:10 INFO ResourceUtils: ==============================================================
[2026-05-19T12:15:10.433+0000] {subprocess.py:93} INFO - 26/05/19 12:15:10 INFO ResourceUtils: No custom resources configured for spark.driver.
[2026-05-19T12:15:10.434+0000] {subprocess.py:93} INFO - 26/05/19 12:15:10 INFO ResourceUtils: ==============================================================
[2026-05-19T12:15:10.435+0000] {subprocess.py:93} INFO - 26/05/19 12:15:10 INFO SparkContext: Submitted application: GoldLayerProcessor
[2026-05-19T12:15:10.477+0000] {subprocess.py:93} INFO - 26/05/19 12:15:10 INFO ResourceProfile: Default ResourceProfile created, executor resources: Map(cores -> name: cores, amount: 1, script: , vendor: , memory -> name: memory, amount: 512, script: , vendor: , offHeap -> name: offHeap, amount: 0, script: , vendor: ), task resources: Map(cpus -> name: cpus, amount: 1.0)
[2026-05-19T12:15:10.488+0000] {subprocess.py:93} INFO - 26/05/19 12:15:10 INFO ResourceProfile: Limiting resource is cpus at 1 tasks per executor
[2026-05-19T12:15:10.493+0000] {subprocess.py:93} INFO - 26/05/19 12:15:10 INFO ResourceProfileManager: Added ResourceProfile id: 0
[2026-05-19T12:15:10.567+0000] {subprocess.py:93} INFO - 26/05/19 12:15:10 INFO SecurityManager: Changing view acls to: airflow
[2026-05-19T12:15:10.568+0000] {subprocess.py:93} INFO - 26/05/19 12:15:10 INFO SecurityManager: Changing modify acls to: airflow
[2026-05-19T12:15:10.569+0000] {subprocess.py:93} INFO - 26/05/19 12:15:10 INFO SecurityManager: Changing view acls groups to:
[2026-05-19T12:15:10.571+0000] {subprocess.py:93} INFO - 26/05/19 12:15:10 INFO SecurityManager: Changing modify acls groups to:
[2026-05-19T12:15:10.572+0000] {subprocess.py:93} INFO - 26/05/19 12:15:10 INFO SecurityManager: SecurityManager: authentication disabled; ui acls disabled; users with view permissions: airflow; groups with view permissions: EMPTY; users with modify permissions: airflow; groups with modify permissions: EMPTY
[2026-05-19T12:15:10.978+0000] {subprocess.py:93} INFO - 26/05/19 12:15:10 INFO Utils: Successfully started service 'sparkDriver' on port 46647.
[2026-05-19T12:15:11.051+0000] {subprocess.py:93} INFO - 26/05/19 12:15:11 INFO SparkEnv: Registering MapOutputTracker
[2026-05-19T12:15:11.117+0000] {subprocess.py:93} INFO - 26/05/19 12:15:11 INFO SparkEnv: Registering BlockManagerMaster
[2026-05-19T12:15:11.142+0000] {subprocess.py:93} INFO - 26/05/19 12:15:11 INFO BlockManagerMasterEndpoint: Using org.apache.spark.storage.DefaultTopologyMapper for getting topology information
[2026-05-19T12:15:11.144+0000] {subprocess.py:93} INFO - 26/05/19 12:15:11 INFO BlockManagerMasterEndpoint: BlockManagerMasterEndpoint up
[2026-05-19T12:15:11.153+0000] {subprocess.py:93} INFO - 26/05/19 12:15:11 INFO SparkEnv: Registering BlockManagerMasterHeartbeat
[2026-05-19T12:15:11.185+0000] {subprocess.py:93} INFO - 26/05/19 12:15:11 INFO DiskBlockManager: Created local directory at /tmp/blockmgr-29ab47ae-024e-49cb-a826-6f2c0338ace7
[2026-05-19T12:15:11.212+0000] {subprocess.py:93} INFO - 26/05/19 12:15:11 INFO MemoryStore: MemoryStore started with capacity 434.4 MiB
[2026-05-19T12:15:11.275+0000] {subprocess.py:93} INFO - 26/05/19 12:15:11 INFO SparkEnv: Registering OutputCommitCoordinator
[2026-05-19T12:15:11.612+0000] {subprocess.py:93} INFO - 26/05/19 12:15:11 INFO JettyUtils: Start Jetty 0.0.0.0:4040 for SparkUI
[2026-05-19T12:15:11.860+0000] {subprocess.py:93} INFO - 26/05/19 12:15:11 INFO Utils: Successfully started service 'SparkUI' on port 4040.
[2026-05-19T12:15:11.973+0000] {subprocess.py:93} INFO - 26/05/19 12:15:11 INFO SparkContext: Added JAR file:///opt/airflow/jars/aws-java-sdk-bundle-1.12.262.jar at spark://c43074c3fd7c:46647/jars/aws-java-sdk-bundle-1.12.262.jar with timestamp 1779192910373
[2026-05-19T12:15:11.976+0000] {subprocess.py:93} INFO - 26/05/19 12:15:11 INFO SparkContext: Added JAR file:///opt/airflow/jars/hadoop-aws-3.3.4.jar at spark://c43074c3fd7c:46647/jars/hadoop-aws-3.3.4.jar with timestamp 1779192910373
[2026-05-19T12:15:11.978+0000] {subprocess.py:93} INFO - 26/05/19 12:15:11 INFO SparkContext: Added JAR file:///opt/airflow/jars/postgresql-42.7.3.jar at spark://c43074c3fd7c:46647/jars/postgresql-42.7.3.jar with timestamp 1779192910373
[2026-05-19T12:15:12.118+0000] {subprocess.py:93} INFO - 26/05/19 12:15:12 INFO StandaloneAppClient$ClientEndpoint: Connecting to master spark://spark-master:7077...
[2026-05-19T12:15:12.189+0000] {subprocess.py:93} INFO - 26/05/19 12:15:12 INFO TransportClientFactory: Successfully created connection to spark-master/172.18.0.4:7077 after 34 ms (0 ms spent in bootstraps)
[2026-05-19T12:15:12.349+0000] {subprocess.py:93} INFO - 26/05/19 12:15:12 INFO StandaloneSchedulerBackend: Connected to Spark cluster with app ID app-20260519121512-0035
[2026-05-19T12:15:12.355+0000] {subprocess.py:93} INFO - 26/05/19 12:15:12 INFO StandaloneAppClient$ClientEndpoint: Executor added: app-20260519121512-0035/0 on worker-20260518211503-172.18.0.3-40747 (172.18.0.3:40747) with 1 core(s)
[2026-05-19T12:15:12.363+0000] {subprocess.py:93} INFO - 26/05/19 12:15:12 INFO StandaloneSchedulerBackend: Granted executor ID app-20260519121512-0035/0 on hostPort 172.18.0.3:40747 with 1 core(s), 512.0 MiB RAM
[2026-05-19T12:15:12.379+0000] {subprocess.py:93} INFO - 26/05/19 12:15:12 INFO Utils: Successfully started service 'org.apache.spark.network.netty.NettyBlockTransferService' on port 43349.
[2026-05-19T12:15:12.381+0000] {subprocess.py:93} INFO - 26/05/19 12:15:12 INFO NettyBlockTransferService: Server created on c43074c3fd7c:43349
[2026-05-19T12:15:12.385+0000] {subprocess.py:93} INFO - 26/05/19 12:15:12 INFO BlockManager: Using org.apache.spark.storage.RandomBlockReplicationPolicy for block replication policy
[2026-05-19T12:15:12.406+0000] {subprocess.py:93} INFO - 26/05/19 12:15:12 INFO BlockManagerMaster: Registering BlockManager BlockManagerId(driver, c43074c3fd7c, 43349, None)
[2026-05-19T12:15:12.417+0000] {subprocess.py:93} INFO - 26/05/19 12:15:12 INFO BlockManagerMasterEndpoint: Registering block manager c43074c3fd7c:43349 with 434.4 MiB RAM, BlockManagerId(driver, c43074c3fd7c, 43349, None)
[2026-05-19T12:15:12.424+0000] {subprocess.py:93} INFO - 26/05/19 12:15:12 INFO BlockManagerMaster: Registered BlockManager BlockManagerId(driver, c43074c3fd7c, 43349, None)
[2026-05-19T12:15:12.429+0000] {subprocess.py:93} INFO - 26/05/19 12:15:12 INFO BlockManager: Initialized BlockManager: BlockManagerId(driver, c43074c3fd7c, 43349, None)
[2026-05-19T12:15:12.447+0000] {subprocess.py:93} INFO - 26/05/19 12:15:12 INFO StandaloneAppClient$ClientEndpoint: Executor updated: app-20260519121512-0035/0 is now RUNNING
[2026-05-19T12:15:12.889+0000] {subprocess.py:93} INFO - 26/05/19 12:15:12 INFO StandaloneSchedulerBackend: SchedulerBackend is ready for scheduling beginning after reached minRegisteredResourcesRatio: 0.0
[2026-05-19T12:15:15.095+0000] {subprocess.py:93} INFO - 26/05/19 12:15:15 WARN MetricsConfig: Cannot locate configuration: tried hadoop-metrics2-s3a-file-system.properties,hadoop-metrics2.properties
[2026-05-19T12:15:29.973+0000] {subprocess.py:93} INFO - Lecture SILVER terminée
[2026-05-19T12:16:10.688+0000] {subprocess.py:93} INFO - Table articles_par_jour créée
[2026-05-19T12:16:44.312+0000] {subprocess.py:93} INFO - Table articles_par_source créée
[2026-05-19T12:17:15.673+0000] {subprocess.py:93} INFO - Table top_categories créée
[2026-05-19T12:17:48.756+0000] {subprocess.py:93} INFO - Table articles_par_source_jour créée
[2026-05-19T12:17:48.759+0000] {subprocess.py:93} INFO - 
[2026-05-19T12:17:48.761+0000] {subprocess.py:93} INFO - ==============================
[2026-05-19T12:17:48.763+0000] {subprocess.py:93} INFO - GOLD LAYER TERMINÉ
[2026-05-19T12:17:48.765+0000] {subprocess.py:93} INFO - ==============================
[2026-05-19T12:17:49.533+0000] {subprocess.py:97} INFO - Command exited with return code 0
[2026-05-19T12:17:49.537+0000] {taskinstance.py:441} INFO - ::group::Post task execution logs
[2026-05-19T12:17:50.149+0000] {taskinstance.py:1206} INFO - Marking task as SUCCESS. dag_id=medallion_gold_layer, task_id=gold_processing, run_id=scheduled__2026-05-19T12:10:00+00:00, execution_date=20260519T121000, start_date=20260519T121502, end_date=20260519T121750
[2026-05-19T12:17:50.305+0000] {local_task_job_runner.py:240} INFO - Task exited with return code 0
[2026-05-19T12:17:50.393+0000] {taskinstance.py:3498} INFO - 0 downstream tasks scheduled from follow-on schedule check
[2026-05-19T12:17:50.412+0000] {local_task_job_runner.py:222} INFO - ::endgroup::
