[2026-05-14T11:45:13.353+0000] {local_task_job_runner.py:120} INFO - ::group::Pre task execution logs
[2026-05-14T11:45:13.583+0000] {taskinstance.py:2076} INFO - Dependencies all met for dep_context=non-requeueable deps ti=<TaskInstance: medallion_gold_layer.gold_processing scheduled__2026-05-14T11:40:00+00:00 [queued]>
[2026-05-14T11:45:13.624+0000] {taskinstance.py:2076} INFO - Dependencies all met for dep_context=requeueable deps ti=<TaskInstance: medallion_gold_layer.gold_processing scheduled__2026-05-14T11:40:00+00:00 [queued]>
[2026-05-14T11:45:13.625+0000] {taskinstance.py:2306} INFO - Starting attempt 1 of 2
[2026-05-14T11:45:13.677+0000] {taskinstance.py:2330} INFO - Executing <Task(BashOperator): gold_processing> on 2026-05-14 11:40:00+00:00
[2026-05-14T11:45:13.690+0000] {standard_task_runner.py:63} INFO - Started process 2383 to run task
[2026-05-14T11:45:13.701+0000] {standard_task_runner.py:90} INFO - Running: ['airflow', 'tasks', 'run', 'medallion_gold_layer', 'gold_processing', 'scheduled__2026-05-14T11:40:00+00:00', '--job-id', '8', '--raw', '--subdir', 'DAGS_FOLDER/gold_layer_dag.py', '--cfg-path', '/tmp/tmpyi1obmq4']
[2026-05-14T11:45:13.707+0000] {standard_task_runner.py:91} INFO - Job 8: Subtask gold_processing
[2026-05-14T11:45:14.143+0000] {task_command.py:426} INFO - Running <TaskInstance: medallion_gold_layer.gold_processing scheduled__2026-05-14T11:40:00+00:00 [running]> on host e8a9653e4a1b
[2026-05-14T11:45:15.012+0000] {taskinstance.py:2648} INFO - Exporting env vars: AIRFLOW_CTX_DAG_OWNER='anass' AIRFLOW_CTX_DAG_ID='medallion_gold_layer' AIRFLOW_CTX_TASK_ID='gold_processing' AIRFLOW_CTX_EXECUTION_DATE='2026-05-14T11:40:00+00:00' AIRFLOW_CTX_TRY_NUMBER='1' AIRFLOW_CTX_DAG_RUN_ID='scheduled__2026-05-14T11:40:00+00:00'
[2026-05-14T11:45:15.014+0000] {taskinstance.py:430} INFO - ::endgroup::
[2026-05-14T11:45:15.073+0000] {subprocess.py:63} INFO - Tmp dir root location: /tmp
[2026-05-14T11:45:15.078+0000] {subprocess.py:75} INFO - Running command: ['/usr/bin/bash', '-c', '\n    spark-submit     --master spark://spark-master:7077     --executor-memory 512M     --executor-cores 1     --total-executor-cores 1     --jars /opt/airflow/jars/aws-java-sdk-bundle-1.12.262.jar,/opt/airflow/jars/hadoop-aws-3.3.4.jar,/opt/airflow/jars/postgresql-42.7.3.jar     /opt/spark_jobs/gold_processor.py\n    ']
[2026-05-14T11:45:15.105+0000] {subprocess.py:86} INFO - Output:
[2026-05-14T11:45:19.186+0000] {subprocess.py:93} INFO - 26/05/14 11:45:19 WARN NativeCodeLoader: Unable to load native-hadoop library for your platform... using builtin-java classes where applicable
[2026-05-14T11:45:21.629+0000] {subprocess.py:93} INFO - 26/05/14 11:45:21 INFO SparkContext: Running Spark version 3.5.1
[2026-05-14T11:45:21.630+0000] {subprocess.py:93} INFO - 26/05/14 11:45:21 INFO SparkContext: OS info Linux, 6.6.87.2-microsoft-standard-WSL2, amd64
[2026-05-14T11:45:21.631+0000] {subprocess.py:93} INFO - 26/05/14 11:45:21 INFO SparkContext: Java version 17.0.19
[2026-05-14T11:45:21.685+0000] {subprocess.py:93} INFO - 26/05/14 11:45:21 INFO ResourceUtils: ==============================================================
[2026-05-14T11:45:21.686+0000] {subprocess.py:93} INFO - 26/05/14 11:45:21 INFO ResourceUtils: No custom resources configured for spark.driver.
[2026-05-14T11:45:21.687+0000] {subprocess.py:93} INFO - 26/05/14 11:45:21 INFO ResourceUtils: ==============================================================
[2026-05-14T11:45:21.687+0000] {subprocess.py:93} INFO - 26/05/14 11:45:21 INFO SparkContext: Submitted application: GoldLayerProcessor
[2026-05-14T11:45:21.719+0000] {subprocess.py:93} INFO - 26/05/14 11:45:21 INFO ResourceProfile: Default ResourceProfile created, executor resources: Map(cores -> name: cores, amount: 1, script: , vendor: , memory -> name: memory, amount: 512, script: , vendor: , offHeap -> name: offHeap, amount: 0, script: , vendor: ), task resources: Map(cpus -> name: cpus, amount: 1.0)
[2026-05-14T11:45:21.734+0000] {subprocess.py:93} INFO - 26/05/14 11:45:21 INFO ResourceProfile: Limiting resource is cpus at 1 tasks per executor
[2026-05-14T11:45:21.738+0000] {subprocess.py:93} INFO - 26/05/14 11:45:21 INFO ResourceProfileManager: Added ResourceProfile id: 0
[2026-05-14T11:45:21.815+0000] {subprocess.py:93} INFO - 26/05/14 11:45:21 INFO SecurityManager: Changing view acls to: airflow
[2026-05-14T11:45:21.817+0000] {subprocess.py:93} INFO - 26/05/14 11:45:21 INFO SecurityManager: Changing modify acls to: airflow
[2026-05-14T11:45:21.818+0000] {subprocess.py:93} INFO - 26/05/14 11:45:21 INFO SecurityManager: Changing view acls groups to:
[2026-05-14T11:45:21.820+0000] {subprocess.py:93} INFO - 26/05/14 11:45:21 INFO SecurityManager: Changing modify acls groups to:
[2026-05-14T11:45:21.821+0000] {subprocess.py:93} INFO - 26/05/14 11:45:21 INFO SecurityManager: SecurityManager: authentication disabled; ui acls disabled; users with view permissions: airflow; groups with view permissions: EMPTY; users with modify permissions: airflow; groups with modify permissions: EMPTY
[2026-05-14T11:45:22.204+0000] {subprocess.py:93} INFO - 26/05/14 11:45:22 INFO Utils: Successfully started service 'sparkDriver' on port 35519.
[2026-05-14T11:45:22.246+0000] {subprocess.py:93} INFO - 26/05/14 11:45:22 INFO SparkEnv: Registering MapOutputTracker
[2026-05-14T11:45:22.299+0000] {subprocess.py:93} INFO - 26/05/14 11:45:22 INFO SparkEnv: Registering BlockManagerMaster
[2026-05-14T11:45:22.328+0000] {subprocess.py:93} INFO - 26/05/14 11:45:22 INFO BlockManagerMasterEndpoint: Using org.apache.spark.storage.DefaultTopologyMapper for getting topology information
[2026-05-14T11:45:22.330+0000] {subprocess.py:93} INFO - 26/05/14 11:45:22 INFO BlockManagerMasterEndpoint: BlockManagerMasterEndpoint up
[2026-05-14T11:45:22.335+0000] {subprocess.py:93} INFO - 26/05/14 11:45:22 INFO SparkEnv: Registering BlockManagerMasterHeartbeat
[2026-05-14T11:45:22.366+0000] {subprocess.py:93} INFO - 26/05/14 11:45:22 INFO DiskBlockManager: Created local directory at /tmp/blockmgr-b6938420-da2f-40e9-853f-2ee6eb31e3bc
[2026-05-14T11:45:22.386+0000] {subprocess.py:93} INFO - 26/05/14 11:45:22 INFO MemoryStore: MemoryStore started with capacity 434.4 MiB
[2026-05-14T11:45:22.406+0000] {subprocess.py:93} INFO - 26/05/14 11:45:22 INFO SparkEnv: Registering OutputCommitCoordinator
[2026-05-14T11:45:22.527+0000] {subprocess.py:93} INFO - 26/05/14 11:45:22 INFO JettyUtils: Start Jetty 0.0.0.0:4040 for SparkUI
[2026-05-14T11:45:22.607+0000] {subprocess.py:93} INFO - 26/05/14 11:45:22 INFO Utils: Successfully started service 'SparkUI' on port 4040.
[2026-05-14T11:45:22.650+0000] {subprocess.py:93} INFO - 26/05/14 11:45:22 INFO SparkContext: Added JAR file:///opt/airflow/jars/aws-java-sdk-bundle-1.12.262.jar at spark://e8a9653e4a1b:35519/jars/aws-java-sdk-bundle-1.12.262.jar with timestamp 1778759121617
[2026-05-14T11:45:22.651+0000] {subprocess.py:93} INFO - 26/05/14 11:45:22 INFO SparkContext: Added JAR file:///opt/airflow/jars/hadoop-aws-3.3.4.jar at spark://e8a9653e4a1b:35519/jars/hadoop-aws-3.3.4.jar with timestamp 1778759121617
[2026-05-14T11:45:22.653+0000] {subprocess.py:93} INFO - 26/05/14 11:45:22 INFO SparkContext: Added JAR file:///opt/airflow/jars/postgresql-42.7.3.jar at spark://e8a9653e4a1b:35519/jars/postgresql-42.7.3.jar with timestamp 1778759121617
[2026-05-14T11:45:22.747+0000] {subprocess.py:93} INFO - 26/05/14 11:45:22 INFO StandaloneAppClient$ClientEndpoint: Connecting to master spark://spark-master:7077...
[2026-05-14T11:45:22.795+0000] {subprocess.py:93} INFO - 26/05/14 11:45:22 INFO TransportClientFactory: Successfully created connection to spark-master/172.18.0.6:7077 after 24 ms (0 ms spent in bootstraps)
[2026-05-14T11:45:22.897+0000] {subprocess.py:93} INFO - 26/05/14 11:45:22 INFO StandaloneSchedulerBackend: Connected to Spark cluster with app ID app-20260514114522-0007
[2026-05-14T11:45:22.903+0000] {subprocess.py:93} INFO - 26/05/14 11:45:22 INFO StandaloneAppClient$ClientEndpoint: Executor added: app-20260514114522-0007/0 on worker-20260514105200-172.18.0.13-40347 (172.18.0.13:40347) with 1 core(s)
[2026-05-14T11:45:22.910+0000] {subprocess.py:93} INFO - 26/05/14 11:45:22 INFO StandaloneSchedulerBackend: Granted executor ID app-20260514114522-0007/0 on hostPort 172.18.0.13:40347 with 1 core(s), 512.0 MiB RAM
[2026-05-14T11:45:22.923+0000] {subprocess.py:93} INFO - 26/05/14 11:45:22 INFO Utils: Successfully started service 'org.apache.spark.network.netty.NettyBlockTransferService' on port 38969.
[2026-05-14T11:45:22.925+0000] {subprocess.py:93} INFO - 26/05/14 11:45:22 INFO NettyBlockTransferService: Server created on e8a9653e4a1b:38969
[2026-05-14T11:45:22.931+0000] {subprocess.py:93} INFO - 26/05/14 11:45:22 INFO BlockManager: Using org.apache.spark.storage.RandomBlockReplicationPolicy for block replication policy
[2026-05-14T11:45:22.966+0000] {subprocess.py:93} INFO - 26/05/14 11:45:22 INFO BlockManagerMaster: Registering BlockManager BlockManagerId(driver, e8a9653e4a1b, 38969, None)
[2026-05-14T11:45:22.979+0000] {subprocess.py:93} INFO - 26/05/14 11:45:22 INFO BlockManagerMasterEndpoint: Registering block manager e8a9653e4a1b:38969 with 434.4 MiB RAM, BlockManagerId(driver, e8a9653e4a1b, 38969, None)
[2026-05-14T11:45:22.984+0000] {subprocess.py:93} INFO - 26/05/14 11:45:22 INFO StandaloneAppClient$ClientEndpoint: Executor updated: app-20260514114522-0007/0 is now RUNNING
[2026-05-14T11:45:22.985+0000] {subprocess.py:93} INFO - 26/05/14 11:45:22 INFO BlockManagerMaster: Registered BlockManager BlockManagerId(driver, e8a9653e4a1b, 38969, None)
[2026-05-14T11:45:22.987+0000] {subprocess.py:93} INFO - 26/05/14 11:45:22 INFO BlockManager: Initialized BlockManager: BlockManagerId(driver, e8a9653e4a1b, 38969, None)
[2026-05-14T11:45:23.518+0000] {subprocess.py:93} INFO - 26/05/14 11:45:23 INFO StandaloneSchedulerBackend: SchedulerBackend is ready for scheduling beginning after reached minRegisteredResourcesRatio: 0.0
[2026-05-14T11:45:25.573+0000] {subprocess.py:93} INFO - 26/05/14 11:45:25 WARN MetricsConfig: Cannot locate configuration: tried hadoop-metrics2-s3a-file-system.properties,hadoop-metrics2.properties
[2026-05-14T11:45:34.476+0000] {subprocess.py:93} INFO - Lecture SILVER terminée
[2026-05-14T11:45:44.165+0000] {subprocess.py:93} INFO - Table articles_par_jour créée
[2026-05-14T11:45:51.082+0000] {subprocess.py:93} INFO - Table articles_par_source créée
[2026-05-14T11:45:55.891+0000] {subprocess.py:93} INFO - Table top_categories créée
[2026-05-14T11:45:59.975+0000] {subprocess.py:93} INFO - Table articles_par_source_jour créée
[2026-05-14T11:45:59.977+0000] {subprocess.py:93} INFO - 
[2026-05-14T11:45:59.979+0000] {subprocess.py:93} INFO - ==============================
[2026-05-14T11:45:59.982+0000] {subprocess.py:93} INFO - GOLD LAYER TERMINÉ
[2026-05-14T11:45:59.983+0000] {subprocess.py:93} INFO - ==============================
[2026-05-14T11:46:00.849+0000] {subprocess.py:97} INFO - Command exited with return code 0
[2026-05-14T11:46:00.851+0000] {taskinstance.py:441} INFO - ::group::Post task execution logs
[2026-05-14T11:46:01.329+0000] {taskinstance.py:1206} INFO - Marking task as SUCCESS. dag_id=medallion_gold_layer, task_id=gold_processing, run_id=scheduled__2026-05-14T11:40:00+00:00, execution_date=20260514T114000, start_date=20260514T114513, end_date=20260514T114601
[2026-05-14T11:46:01.501+0000] {local_task_job_runner.py:240} INFO - Task exited with return code 0
[2026-05-14T11:46:01.687+0000] {taskinstance.py:3498} INFO - 0 downstream tasks scheduled from follow-on schedule check
[2026-05-14T11:46:01.708+0000] {local_task_job_runner.py:222} INFO - ::endgroup::
