[2026-05-17T02:05:48.100+0000] {local_task_job_runner.py:120} INFO - ::group::Pre task execution logs
[2026-05-17T02:05:48.166+0000] {taskinstance.py:2076} INFO - Dependencies all met for dep_context=non-requeueable deps ti=<TaskInstance: medallion_gold_layer.gold_processing scheduled__2026-05-17T02:00:00+00:00 [queued]>
[2026-05-17T02:05:48.179+0000] {taskinstance.py:2076} INFO - Dependencies all met for dep_context=requeueable deps ti=<TaskInstance: medallion_gold_layer.gold_processing scheduled__2026-05-17T02:00:00+00:00 [queued]>
[2026-05-17T02:05:48.180+0000] {taskinstance.py:2306} INFO - Starting attempt 1 of 2
[2026-05-17T02:05:48.199+0000] {taskinstance.py:2330} INFO - Executing <Task(BashOperator): gold_processing> on 2026-05-17 02:00:00+00:00
[2026-05-17T02:05:48.205+0000] {standard_task_runner.py:63} INFO - Started process 64592 to run task
[2026-05-17T02:05:48.208+0000] {standard_task_runner.py:90} INFO - Running: ['airflow', 'tasks', 'run', 'medallion_gold_layer', 'gold_processing', 'scheduled__2026-05-17T02:00:00+00:00', '--job-id', '169', '--raw', '--subdir', 'DAGS_FOLDER/gold_layer_dag.py', '--cfg-path', '/tmp/tmp74cwiym7']
[2026-05-17T02:05:48.211+0000] {standard_task_runner.py:91} INFO - Job 169: Subtask gold_processing
[2026-05-17T02:05:48.390+0000] {task_command.py:426} INFO - Running <TaskInstance: medallion_gold_layer.gold_processing scheduled__2026-05-17T02:00:00+00:00 [running]> on host e8a9653e4a1b
[2026-05-17T02:05:48.633+0000] {taskinstance.py:2648} INFO - Exporting env vars: AIRFLOW_CTX_DAG_OWNER='anass' AIRFLOW_CTX_DAG_ID='medallion_gold_layer' AIRFLOW_CTX_TASK_ID='gold_processing' AIRFLOW_CTX_EXECUTION_DATE='2026-05-17T02:00:00+00:00' AIRFLOW_CTX_TRY_NUMBER='1' AIRFLOW_CTX_DAG_RUN_ID='scheduled__2026-05-17T02:00:00+00:00'
[2026-05-17T02:05:48.634+0000] {taskinstance.py:430} INFO - ::endgroup::
[2026-05-17T02:05:48.650+0000] {subprocess.py:63} INFO - Tmp dir root location: /tmp
[2026-05-17T02:05:48.652+0000] {subprocess.py:75} INFO - Running command: ['/usr/bin/bash', '-c', '\n    spark-submit     --master spark://spark-master:7077     --executor-memory 512M     --executor-cores 1     --total-executor-cores 1     --jars /opt/airflow/jars/aws-java-sdk-bundle-1.12.262.jar,/opt/airflow/jars/hadoop-aws-3.3.4.jar,/opt/airflow/jars/postgresql-42.7.3.jar     /opt/spark_jobs/gold_processor.py\n    ']
[2026-05-17T02:05:48.662+0000] {subprocess.py:86} INFO - Output:
[2026-05-17T02:05:50.765+0000] {subprocess.py:93} INFO - 26/05/17 02:05:50 WARN NativeCodeLoader: Unable to load native-hadoop library for your platform... using builtin-java classes where applicable
[2026-05-17T02:05:52.216+0000] {subprocess.py:93} INFO - 26/05/17 02:05:52 INFO SparkContext: Running Spark version 3.5.1
[2026-05-17T02:05:52.217+0000] {subprocess.py:93} INFO - 26/05/17 02:05:52 INFO SparkContext: OS info Linux, 6.6.87.2-microsoft-standard-WSL2, amd64
[2026-05-17T02:05:52.217+0000] {subprocess.py:93} INFO - 26/05/17 02:05:52 INFO SparkContext: Java version 17.0.19
[2026-05-17T02:05:52.251+0000] {subprocess.py:93} INFO - 26/05/17 02:05:52 INFO ResourceUtils: ==============================================================
[2026-05-17T02:05:52.252+0000] {subprocess.py:93} INFO - 26/05/17 02:05:52 INFO ResourceUtils: No custom resources configured for spark.driver.
[2026-05-17T02:05:52.253+0000] {subprocess.py:93} INFO - 26/05/17 02:05:52 INFO ResourceUtils: ==============================================================
[2026-05-17T02:05:52.254+0000] {subprocess.py:93} INFO - 26/05/17 02:05:52 INFO SparkContext: Submitted application: GoldLayerProcessor
[2026-05-17T02:05:52.275+0000] {subprocess.py:93} INFO - 26/05/17 02:05:52 INFO ResourceProfile: Default ResourceProfile created, executor resources: Map(cores -> name: cores, amount: 1, script: , vendor: , memory -> name: memory, amount: 512, script: , vendor: , offHeap -> name: offHeap, amount: 0, script: , vendor: ), task resources: Map(cpus -> name: cpus, amount: 1.0)
[2026-05-17T02:05:52.284+0000] {subprocess.py:93} INFO - 26/05/17 02:05:52 INFO ResourceProfile: Limiting resource is cpus at 1 tasks per executor
[2026-05-17T02:05:52.289+0000] {subprocess.py:93} INFO - 26/05/17 02:05:52 INFO ResourceProfileManager: Added ResourceProfile id: 0
[2026-05-17T02:05:52.346+0000] {subprocess.py:93} INFO - 26/05/17 02:05:52 INFO SecurityManager: Changing view acls to: airflow
[2026-05-17T02:05:52.347+0000] {subprocess.py:93} INFO - 26/05/17 02:05:52 INFO SecurityManager: Changing modify acls to: airflow
[2026-05-17T02:05:52.348+0000] {subprocess.py:93} INFO - 26/05/17 02:05:52 INFO SecurityManager: Changing view acls groups to:
[2026-05-17T02:05:52.349+0000] {subprocess.py:93} INFO - 26/05/17 02:05:52 INFO SecurityManager: Changing modify acls groups to:
[2026-05-17T02:05:52.350+0000] {subprocess.py:93} INFO - 26/05/17 02:05:52 INFO SecurityManager: SecurityManager: authentication disabled; ui acls disabled; users with view permissions: airflow; groups with view permissions: EMPTY; users with modify permissions: airflow; groups with modify permissions: EMPTY
[2026-05-17T02:05:52.628+0000] {subprocess.py:93} INFO - 26/05/17 02:05:52 INFO Utils: Successfully started service 'sparkDriver' on port 39705.
[2026-05-17T02:05:52.667+0000] {subprocess.py:93} INFO - 26/05/17 02:05:52 INFO SparkEnv: Registering MapOutputTracker
[2026-05-17T02:05:52.706+0000] {subprocess.py:93} INFO - 26/05/17 02:05:52 INFO SparkEnv: Registering BlockManagerMaster
[2026-05-17T02:05:52.726+0000] {subprocess.py:93} INFO - 26/05/17 02:05:52 INFO BlockManagerMasterEndpoint: Using org.apache.spark.storage.DefaultTopologyMapper for getting topology information
[2026-05-17T02:05:52.727+0000] {subprocess.py:93} INFO - 26/05/17 02:05:52 INFO BlockManagerMasterEndpoint: BlockManagerMasterEndpoint up
[2026-05-17T02:05:52.731+0000] {subprocess.py:93} INFO - 26/05/17 02:05:52 INFO SparkEnv: Registering BlockManagerMasterHeartbeat
[2026-05-17T02:05:52.747+0000] {subprocess.py:93} INFO - 26/05/17 02:05:52 INFO DiskBlockManager: Created local directory at /tmp/blockmgr-e3530291-202f-4fbe-8ed4-0b72a45299ae
[2026-05-17T02:05:52.759+0000] {subprocess.py:93} INFO - 26/05/17 02:05:52 INFO MemoryStore: MemoryStore started with capacity 434.4 MiB
[2026-05-17T02:05:52.777+0000] {subprocess.py:93} INFO - 26/05/17 02:05:52 INFO SparkEnv: Registering OutputCommitCoordinator
[2026-05-17T02:05:52.920+0000] {subprocess.py:93} INFO - 26/05/17 02:05:52 INFO JettyUtils: Start Jetty 0.0.0.0:4040 for SparkUI
[2026-05-17T02:05:53.022+0000] {subprocess.py:93} INFO - 26/05/17 02:05:53 INFO Utils: Successfully started service 'SparkUI' on port 4040.
[2026-05-17T02:05:53.064+0000] {subprocess.py:93} INFO - 26/05/17 02:05:53 INFO SparkContext: Added JAR file:///opt/airflow/jars/aws-java-sdk-bundle-1.12.262.jar at spark://e8a9653e4a1b:39705/jars/aws-java-sdk-bundle-1.12.262.jar with timestamp 1778983552205
[2026-05-17T02:05:53.065+0000] {subprocess.py:93} INFO - 26/05/17 02:05:53 INFO SparkContext: Added JAR file:///opt/airflow/jars/hadoop-aws-3.3.4.jar at spark://e8a9653e4a1b:39705/jars/hadoop-aws-3.3.4.jar with timestamp 1778983552205
[2026-05-17T02:05:53.066+0000] {subprocess.py:93} INFO - 26/05/17 02:05:53 INFO SparkContext: Added JAR file:///opt/airflow/jars/postgresql-42.7.3.jar at spark://e8a9653e4a1b:39705/jars/postgresql-42.7.3.jar with timestamp 1778983552205
[2026-05-17T02:05:53.162+0000] {subprocess.py:93} INFO - 26/05/17 02:05:53 INFO StandaloneAppClient$ClientEndpoint: Connecting to master spark://spark-master:7077...
[2026-05-17T02:05:53.230+0000] {subprocess.py:93} INFO - 26/05/17 02:05:53 INFO TransportClientFactory: Successfully created connection to spark-master/172.18.0.6:7077 after 35 ms (0 ms spent in bootstraps)
[2026-05-17T02:05:53.347+0000] {subprocess.py:93} INFO - 26/05/17 02:05:53 INFO StandaloneSchedulerBackend: Connected to Spark cluster with app ID app-20260517020553-0168
[2026-05-17T02:05:53.352+0000] {subprocess.py:93} INFO - 26/05/17 02:05:53 INFO StandaloneAppClient$ClientEndpoint: Executor added: app-20260517020553-0168/0 on worker-20260514105200-172.18.0.13-40347 (172.18.0.13:40347) with 1 core(s)
[2026-05-17T02:05:53.356+0000] {subprocess.py:93} INFO - 26/05/17 02:05:53 INFO StandaloneSchedulerBackend: Granted executor ID app-20260517020553-0168/0 on hostPort 172.18.0.13:40347 with 1 core(s), 512.0 MiB RAM
[2026-05-17T02:05:53.362+0000] {subprocess.py:93} INFO - 26/05/17 02:05:53 INFO Utils: Successfully started service 'org.apache.spark.network.netty.NettyBlockTransferService' on port 45363.
[2026-05-17T02:05:53.363+0000] {subprocess.py:93} INFO - 26/05/17 02:05:53 INFO NettyBlockTransferService: Server created on e8a9653e4a1b:45363
[2026-05-17T02:05:53.366+0000] {subprocess.py:93} INFO - 26/05/17 02:05:53 INFO BlockManager: Using org.apache.spark.storage.RandomBlockReplicationPolicy for block replication policy
[2026-05-17T02:05:53.380+0000] {subprocess.py:93} INFO - 26/05/17 02:05:53 INFO BlockManagerMaster: Registering BlockManager BlockManagerId(driver, e8a9653e4a1b, 45363, None)
[2026-05-17T02:05:53.387+0000] {subprocess.py:93} INFO - 26/05/17 02:05:53 INFO BlockManagerMasterEndpoint: Registering block manager e8a9653e4a1b:45363 with 434.4 MiB RAM, BlockManagerId(driver, e8a9653e4a1b, 45363, None)
[2026-05-17T02:05:53.391+0000] {subprocess.py:93} INFO - 26/05/17 02:05:53 INFO StandaloneAppClient$ClientEndpoint: Executor updated: app-20260517020553-0168/0 is now RUNNING
[2026-05-17T02:05:53.392+0000] {subprocess.py:93} INFO - 26/05/17 02:05:53 INFO BlockManagerMaster: Registered BlockManager BlockManagerId(driver, e8a9653e4a1b, 45363, None)
[2026-05-17T02:05:53.395+0000] {subprocess.py:93} INFO - 26/05/17 02:05:53 INFO BlockManager: Initialized BlockManager: BlockManagerId(driver, e8a9653e4a1b, 45363, None)
[2026-05-17T02:05:53.811+0000] {subprocess.py:93} INFO - 26/05/17 02:05:53 INFO StandaloneSchedulerBackend: SchedulerBackend is ready for scheduling beginning after reached minRegisteredResourcesRatio: 0.0
[2026-05-17T02:05:55.495+0000] {subprocess.py:93} INFO - 26/05/17 02:05:55 WARN MetricsConfig: Cannot locate configuration: tried hadoop-metrics2-s3a-file-system.properties,hadoop-metrics2.properties
[2026-05-17T02:06:05.141+0000] {subprocess.py:93} INFO - Lecture SILVER terminée
[2026-05-17T02:06:17.705+0000] {subprocess.py:93} INFO - Table articles_par_jour créée
[2026-05-17T02:06:27.201+0000] {subprocess.py:93} INFO - Table articles_par_source créée
[2026-05-17T02:07:30.733+0000] {subprocess.py:93} INFO - Table top_categories créée
[2026-05-17T02:09:43.830+0000] {subprocess.py:93} INFO - Table articles_par_source_jour créée
[2026-05-17T02:09:43.863+0000] {subprocess.py:93} INFO - 
[2026-05-17T02:09:43.883+0000] {subprocess.py:93} INFO - ==============================
[2026-05-17T02:09:43.901+0000] {subprocess.py:93} INFO - GOLD LAYER TERMINÉ
[2026-05-17T02:09:43.917+0000] {subprocess.py:93} INFO - ==============================
[2026-05-17T02:09:48.658+0000] {subprocess.py:97} INFO - Command exited with return code 0
[2026-05-17T02:09:48.668+0000] {taskinstance.py:441} INFO - ::group::Post task execution logs
[2026-05-17T02:09:49.773+0000] {taskinstance.py:1206} INFO - Marking task as SUCCESS. dag_id=medallion_gold_layer, task_id=gold_processing, run_id=scheduled__2026-05-17T02:00:00+00:00, execution_date=20260517T020000, start_date=20260517T020548, end_date=20260517T020949
[2026-05-17T02:09:52.550+0000] {local_task_job_runner.py:240} INFO - Task exited with return code 0
[2026-05-17T02:09:52.958+0000] {taskinstance.py:3498} INFO - 0 downstream tasks scheduled from follow-on schedule check
[2026-05-17T02:09:52.982+0000] {local_task_job_runner.py:222} INFO - ::endgroup::
