[2026-05-14T12:15:01.826+0000] {local_task_job_runner.py:120} INFO - ::group::Pre task execution logs
[2026-05-14T12:15:01.974+0000] {taskinstance.py:2076} INFO - Dependencies all met for dep_context=non-requeueable deps ti=<TaskInstance: medallion_gold_layer.gold_processing scheduled__2026-05-14T12:10:00+00:00 [queued]>
[2026-05-14T12:15:02.003+0000] {taskinstance.py:2076} INFO - Dependencies all met for dep_context=requeueable deps ti=<TaskInstance: medallion_gold_layer.gold_processing scheduled__2026-05-14T12:10:00+00:00 [queued]>
[2026-05-14T12:15:02.006+0000] {taskinstance.py:2306} INFO - Starting attempt 1 of 2
[2026-05-14T12:15:02.081+0000] {taskinstance.py:2330} INFO - Executing <Task(BashOperator): gold_processing> on 2026-05-14 12:10:00+00:00
[2026-05-14T12:15:02.093+0000] {standard_task_runner.py:63} INFO - Started process 4664 to run task
[2026-05-14T12:15:02.104+0000] {standard_task_runner.py:90} INFO - Running: ['airflow', 'tasks', 'run', 'medallion_gold_layer', 'gold_processing', 'scheduled__2026-05-14T12:10:00+00:00', '--job-id', '14', '--raw', '--subdir', 'DAGS_FOLDER/gold_layer_dag.py', '--cfg-path', '/tmp/tmp7rtdrowc']
[2026-05-14T12:15:02.111+0000] {standard_task_runner.py:91} INFO - Job 14: Subtask gold_processing
[2026-05-14T12:15:02.640+0000] {task_command.py:426} INFO - Running <TaskInstance: medallion_gold_layer.gold_processing scheduled__2026-05-14T12:10:00+00:00 [running]> on host e8a9653e4a1b
[2026-05-14T12:15:03.390+0000] {taskinstance.py:2648} INFO - Exporting env vars: AIRFLOW_CTX_DAG_OWNER='anass' AIRFLOW_CTX_DAG_ID='medallion_gold_layer' AIRFLOW_CTX_TASK_ID='gold_processing' AIRFLOW_CTX_EXECUTION_DATE='2026-05-14T12:10:00+00:00' AIRFLOW_CTX_TRY_NUMBER='1' AIRFLOW_CTX_DAG_RUN_ID='scheduled__2026-05-14T12:10:00+00:00'
[2026-05-14T12:15:03.392+0000] {taskinstance.py:430} INFO - ::endgroup::
[2026-05-14T12:15:03.422+0000] {subprocess.py:63} INFO - Tmp dir root location: /tmp
[2026-05-14T12:15:03.425+0000] {subprocess.py:75} INFO - Running command: ['/usr/bin/bash', '-c', '\n    spark-submit     --master spark://spark-master:7077     --executor-memory 512M     --executor-cores 1     --total-executor-cores 1     --jars /opt/airflow/jars/aws-java-sdk-bundle-1.12.262.jar,/opt/airflow/jars/hadoop-aws-3.3.4.jar,/opt/airflow/jars/postgresql-42.7.3.jar     /opt/spark_jobs/gold_processor.py\n    ']
[2026-05-14T12:15:03.448+0000] {subprocess.py:86} INFO - Output:
[2026-05-14T12:15:08.475+0000] {subprocess.py:93} INFO - 26/05/14 12:15:08 WARN NativeCodeLoader: Unable to load native-hadoop library for your platform... using builtin-java classes where applicable
[2026-05-14T12:15:11.742+0000] {subprocess.py:93} INFO - 26/05/14 12:15:11 INFO SparkContext: Running Spark version 3.5.1
[2026-05-14T12:15:11.744+0000] {subprocess.py:93} INFO - 26/05/14 12:15:11 INFO SparkContext: OS info Linux, 6.6.87.2-microsoft-standard-WSL2, amd64
[2026-05-14T12:15:11.744+0000] {subprocess.py:93} INFO - 26/05/14 12:15:11 INFO SparkContext: Java version 17.0.19
[2026-05-14T12:15:11.785+0000] {subprocess.py:93} INFO - 26/05/14 12:15:11 INFO ResourceUtils: ==============================================================
[2026-05-14T12:15:11.787+0000] {subprocess.py:93} INFO - 26/05/14 12:15:11 INFO ResourceUtils: No custom resources configured for spark.driver.
[2026-05-14T12:15:11.789+0000] {subprocess.py:93} INFO - 26/05/14 12:15:11 INFO ResourceUtils: ==============================================================
[2026-05-14T12:15:11.792+0000] {subprocess.py:93} INFO - 26/05/14 12:15:11 INFO SparkContext: Submitted application: GoldLayerProcessor
[2026-05-14T12:15:11.894+0000] {subprocess.py:93} INFO - 26/05/14 12:15:11 INFO ResourceProfile: Default ResourceProfile created, executor resources: Map(cores -> name: cores, amount: 1, script: , vendor: , memory -> name: memory, amount: 512, script: , vendor: , offHeap -> name: offHeap, amount: 0, script: , vendor: ), task resources: Map(cpus -> name: cpus, amount: 1.0)
[2026-05-14T12:15:11.971+0000] {subprocess.py:93} INFO - 26/05/14 12:15:11 INFO ResourceProfile: Limiting resource is cpus at 1 tasks per executor
[2026-05-14T12:15:11.992+0000] {subprocess.py:93} INFO - 26/05/14 12:15:11 INFO ResourceProfileManager: Added ResourceProfile id: 0
[2026-05-14T12:15:12.121+0000] {subprocess.py:93} INFO - 26/05/14 12:15:12 INFO SecurityManager: Changing view acls to: airflow
[2026-05-14T12:15:12.122+0000] {subprocess.py:93} INFO - 26/05/14 12:15:12 INFO SecurityManager: Changing modify acls to: airflow
[2026-05-14T12:15:12.123+0000] {subprocess.py:93} INFO - 26/05/14 12:15:12 INFO SecurityManager: Changing view acls groups to:
[2026-05-14T12:15:12.124+0000] {subprocess.py:93} INFO - 26/05/14 12:15:12 INFO SecurityManager: Changing modify acls groups to:
[2026-05-14T12:15:12.126+0000] {subprocess.py:93} INFO - 26/05/14 12:15:12 INFO SecurityManager: SecurityManager: authentication disabled; ui acls disabled; users with view permissions: airflow; groups with view permissions: EMPTY; users with modify permissions: airflow; groups with modify permissions: EMPTY
[2026-05-14T12:15:12.618+0000] {subprocess.py:93} INFO - 26/05/14 12:15:12 INFO Utils: Successfully started service 'sparkDriver' on port 43927.
[2026-05-14T12:15:12.665+0000] {subprocess.py:93} INFO - 26/05/14 12:15:12 INFO SparkEnv: Registering MapOutputTracker
[2026-05-14T12:15:12.726+0000] {subprocess.py:93} INFO - 26/05/14 12:15:12 INFO SparkEnv: Registering BlockManagerMaster
[2026-05-14T12:15:12.764+0000] {subprocess.py:93} INFO - 26/05/14 12:15:12 INFO BlockManagerMasterEndpoint: Using org.apache.spark.storage.DefaultTopologyMapper for getting topology information
[2026-05-14T12:15:12.767+0000] {subprocess.py:93} INFO - 26/05/14 12:15:12 INFO BlockManagerMasterEndpoint: BlockManagerMasterEndpoint up
[2026-05-14T12:15:12.783+0000] {subprocess.py:93} INFO - 26/05/14 12:15:12 INFO SparkEnv: Registering BlockManagerMasterHeartbeat
[2026-05-14T12:15:12.834+0000] {subprocess.py:93} INFO - 26/05/14 12:15:12 INFO DiskBlockManager: Created local directory at /tmp/blockmgr-e8013eb7-9213-41dc-b3ff-5729df7ac934
[2026-05-14T12:15:12.877+0000] {subprocess.py:93} INFO - 26/05/14 12:15:12 INFO MemoryStore: MemoryStore started with capacity 434.4 MiB
[2026-05-14T12:15:12.927+0000] {subprocess.py:93} INFO - 26/05/14 12:15:12 INFO SparkEnv: Registering OutputCommitCoordinator
[2026-05-14T12:15:13.200+0000] {subprocess.py:93} INFO - 26/05/14 12:15:13 INFO JettyUtils: Start Jetty 0.0.0.0:4040 for SparkUI
[2026-05-14T12:15:13.391+0000] {subprocess.py:93} INFO - 26/05/14 12:15:13 INFO Utils: Successfully started service 'SparkUI' on port 4040.
[2026-05-14T12:15:13.493+0000] {subprocess.py:93} INFO - 26/05/14 12:15:13 INFO SparkContext: Added JAR file:///opt/airflow/jars/aws-java-sdk-bundle-1.12.262.jar at spark://e8a9653e4a1b:43927/jars/aws-java-sdk-bundle-1.12.262.jar with timestamp 1778760911733
[2026-05-14T12:15:13.495+0000] {subprocess.py:93} INFO - 26/05/14 12:15:13 INFO SparkContext: Added JAR file:///opt/airflow/jars/hadoop-aws-3.3.4.jar at spark://e8a9653e4a1b:43927/jars/hadoop-aws-3.3.4.jar with timestamp 1778760911733
[2026-05-14T12:15:13.496+0000] {subprocess.py:93} INFO - 26/05/14 12:15:13 INFO SparkContext: Added JAR file:///opt/airflow/jars/postgresql-42.7.3.jar at spark://e8a9653e4a1b:43927/jars/postgresql-42.7.3.jar with timestamp 1778760911733
[2026-05-14T12:15:13.676+0000] {subprocess.py:93} INFO - 26/05/14 12:15:13 INFO StandaloneAppClient$ClientEndpoint: Connecting to master spark://spark-master:7077...
[2026-05-14T12:15:13.759+0000] {subprocess.py:93} INFO - 26/05/14 12:15:13 INFO TransportClientFactory: Successfully created connection to spark-master/172.18.0.6:7077 after 48 ms (0 ms spent in bootstraps)
[2026-05-14T12:15:13.994+0000] {subprocess.py:93} INFO - 26/05/14 12:15:13 INFO StandaloneSchedulerBackend: Connected to Spark cluster with app ID app-20260514121513-0013
[2026-05-14T12:15:14.006+0000] {subprocess.py:93} INFO - 26/05/14 12:15:14 INFO StandaloneAppClient$ClientEndpoint: Executor added: app-20260514121513-0013/0 on worker-20260514105200-172.18.0.13-40347 (172.18.0.13:40347) with 1 core(s)
[2026-05-14T12:15:14.011+0000] {subprocess.py:93} INFO - 26/05/14 12:15:14 INFO StandaloneSchedulerBackend: Granted executor ID app-20260514121513-0013/0 on hostPort 172.18.0.13:40347 with 1 core(s), 512.0 MiB RAM
[2026-05-14T12:15:14.023+0000] {subprocess.py:93} INFO - 26/05/14 12:15:14 INFO Utils: Successfully started service 'org.apache.spark.network.netty.NettyBlockTransferService' on port 43623.
[2026-05-14T12:15:14.024+0000] {subprocess.py:93} INFO - 26/05/14 12:15:14 INFO NettyBlockTransferService: Server created on e8a9653e4a1b:43623
[2026-05-14T12:15:14.026+0000] {subprocess.py:93} INFO - 26/05/14 12:15:14 INFO BlockManager: Using org.apache.spark.storage.RandomBlockReplicationPolicy for block replication policy
[2026-05-14T12:15:14.045+0000] {subprocess.py:93} INFO - 26/05/14 12:15:14 INFO BlockManagerMaster: Registering BlockManager BlockManagerId(driver, e8a9653e4a1b, 43623, None)
[2026-05-14T12:15:14.054+0000] {subprocess.py:93} INFO - 26/05/14 12:15:14 INFO BlockManagerMasterEndpoint: Registering block manager e8a9653e4a1b:43623 with 434.4 MiB RAM, BlockManagerId(driver, e8a9653e4a1b, 43623, None)
[2026-05-14T12:15:14.067+0000] {subprocess.py:93} INFO - 26/05/14 12:15:14 INFO BlockManagerMaster: Registered BlockManager BlockManagerId(driver, e8a9653e4a1b, 43623, None)
[2026-05-14T12:15:14.074+0000] {subprocess.py:93} INFO - 26/05/14 12:15:14 INFO BlockManager: Initialized BlockManager: BlockManagerId(driver, e8a9653e4a1b, 43623, None)
[2026-05-14T12:15:14.116+0000] {subprocess.py:93} INFO - 26/05/14 12:15:14 INFO StandaloneAppClient$ClientEndpoint: Executor updated: app-20260514121513-0013/0 is now RUNNING
[2026-05-14T12:15:14.713+0000] {subprocess.py:93} INFO - 26/05/14 12:15:14 INFO StandaloneSchedulerBackend: SchedulerBackend is ready for scheduling beginning after reached minRegisteredResourcesRatio: 0.0
[2026-05-14T12:15:18.557+0000] {subprocess.py:93} INFO - 26/05/14 12:15:18 WARN MetricsConfig: Cannot locate configuration: tried hadoop-metrics2-s3a-file-system.properties,hadoop-metrics2.properties
[2026-05-14T12:15:31.552+0000] {subprocess.py:93} INFO - Lecture SILVER terminée
[2026-05-14T12:15:42.472+0000] {subprocess.py:93} INFO - Table articles_par_jour créée
[2026-05-14T12:15:48.923+0000] {subprocess.py:93} INFO - Table articles_par_source créée
[2026-05-14T12:15:54.020+0000] {subprocess.py:93} INFO - Table top_categories créée
[2026-05-14T12:15:58.724+0000] {subprocess.py:93} INFO - Table articles_par_source_jour créée
[2026-05-14T12:15:58.731+0000] {subprocess.py:93} INFO - 
[2026-05-14T12:15:58.732+0000] {subprocess.py:93} INFO - ==============================
[2026-05-14T12:15:58.734+0000] {subprocess.py:93} INFO - GOLD LAYER TERMINÉ
[2026-05-14T12:15:58.736+0000] {subprocess.py:93} INFO - ==============================
[2026-05-14T12:15:59.765+0000] {subprocess.py:97} INFO - Command exited with return code 0
[2026-05-14T12:15:59.769+0000] {taskinstance.py:441} INFO - ::group::Post task execution logs
[2026-05-14T12:16:00.632+0000] {taskinstance.py:1206} INFO - Marking task as SUCCESS. dag_id=medallion_gold_layer, task_id=gold_processing, run_id=scheduled__2026-05-14T12:10:00+00:00, execution_date=20260514T121000, start_date=20260514T121501, end_date=20260514T121600
[2026-05-14T12:16:00.740+0000] {local_task_job_runner.py:240} INFO - Task exited with return code 0
[2026-05-14T12:16:00.870+0000] {taskinstance.py:3498} INFO - 0 downstream tasks scheduled from follow-on schedule check
[2026-05-14T12:16:00.875+0000] {local_task_job_runner.py:222} INFO - ::endgroup::
