[2026-05-19T11:37:46.279+0000] {local_task_job_runner.py:120} INFO - ::group::Pre task execution logs
[2026-05-19T11:37:46.468+0000] {taskinstance.py:2076} INFO - Dependencies all met for dep_context=non-requeueable deps ti=<TaskInstance: aljazeera_pipeline.run_aljazeera_scraper scheduled__2026-05-19T10:00:00+00:00 [queued]>
[2026-05-19T11:37:46.491+0000] {taskinstance.py:2076} INFO - Dependencies all met for dep_context=requeueable deps ti=<TaskInstance: aljazeera_pipeline.run_aljazeera_scraper scheduled__2026-05-19T10:00:00+00:00 [queued]>
[2026-05-19T11:37:46.497+0000] {taskinstance.py:2306} INFO - Starting attempt 1 of 2
[2026-05-19T11:37:46.525+0000] {taskinstance.py:2330} INFO - Executing <Task(BashOperator): run_aljazeera_scraper> on 2026-05-19 10:00:00+00:00
[2026-05-19T11:37:46.534+0000] {standard_task_runner.py:63} INFO - Started process 8199 to run task
[2026-05-19T11:37:46.538+0000] {standard_task_runner.py:90} INFO - Running: ['airflow', 'tasks', 'run', 'aljazeera_pipeline', 'run_aljazeera_scraper', 'scheduled__2026-05-19T10:00:00+00:00', '--job-id', '302', '--raw', '--subdir', 'DAGS_FOLDER/aljazeera_dag.py', '--cfg-path', '/tmp/tmpchm2yvd5']
[2026-05-19T11:37:46.541+0000] {standard_task_runner.py:91} INFO - Job 302: Subtask run_aljazeera_scraper
[2026-05-19T11:37:46.903+0000] {task_command.py:426} INFO - Running <TaskInstance: aljazeera_pipeline.run_aljazeera_scraper scheduled__2026-05-19T10:00:00+00:00 [running]> on host c43074c3fd7c
[2026-05-19T11:37:47.456+0000] {taskinstance.py:2648} INFO - Exporting env vars: AIRFLOW_CTX_DAG_OWNER='ikram' AIRFLOW_CTX_DAG_ID='aljazeera_pipeline' AIRFLOW_CTX_TASK_ID='run_aljazeera_scraper' AIRFLOW_CTX_EXECUTION_DATE='2026-05-19T10:00:00+00:00' AIRFLOW_CTX_TRY_NUMBER='1' AIRFLOW_CTX_DAG_RUN_ID='scheduled__2026-05-19T10:00:00+00:00'
[2026-05-19T11:37:47.457+0000] {taskinstance.py:430} INFO - ::endgroup::
[2026-05-19T11:37:47.521+0000] {subprocess.py:63} INFO - Tmp dir root location: /tmp
[2026-05-19T11:37:47.540+0000] {subprocess.py:75} INFO - Running command: ['/usr/bin/bash', '-c', 'python /opt/airflow/aljazeera.py']
[2026-05-19T11:37:47.576+0000] {subprocess.py:86} INFO - Output:
[2026-05-19T11:37:50.584+0000] {subprocess.py:93} INFO - Connexion Kafka réussie !
[2026-05-19T11:37:50.587+0000] {subprocess.py:93} INFO - ===== Al Jazeera (Incremental Fetch) =====
[2026-05-19T11:37:50.589+0000] {subprocess.py:93} INFO - Erreur sitemap Al Jazeera : HTTPSConnectionPool(host='www.aljazeera.com', port=443): Max retries exceeded with url: /news-sitemap.xml (Caused by NameResolutionError("<urllib3.connection.HTTPSConnection object at 0x71bbe8c62750>: Failed to resolve 'www.aljazeera.com' ([Errno -2] Name or service not known)"))
[2026-05-19T11:37:50.591+0000] {subprocess.py:93} INFO - Aucun nouvel article depuis la dernière exécution.
[2026-05-19T11:37:50.840+0000] {subprocess.py:97} INFO - Command exited with return code 0
[2026-05-19T11:37:50.882+0000] {taskinstance.py:441} INFO - ::group::Post task execution logs
[2026-05-19T11:37:52.481+0000] {taskinstance.py:1206} INFO - Marking task as SUCCESS. dag_id=aljazeera_pipeline, task_id=run_aljazeera_scraper, run_id=scheduled__2026-05-19T10:00:00+00:00, execution_date=20260519T100000, start_date=20260519T113746, end_date=20260519T113752
[2026-05-19T11:37:52.586+0000] {local_task_job_runner.py:240} INFO - Task exited with return code 0
[2026-05-19T11:37:52.838+0000] {taskinstance.py:3498} INFO - 0 downstream tasks scheduled from follow-on schedule check
[2026-05-19T11:37:52.863+0000] {local_task_job_runner.py:222} INFO - ::endgroup::
