[2026-05-18T14:04:24.237+0000] {local_task_job_runner.py:120} INFO - ::group::Pre task execution logs
[2026-05-18T14:04:24.275+0000] {taskinstance.py:2076} INFO - Dependencies all met for dep_context=non-requeueable deps ti=<TaskInstance: medallion_gold_layer.gold_processing scheduled__2026-05-18T13:55:00+00:00 [queued]>
[2026-05-18T14:04:24.281+0000] {taskinstance.py:2076} INFO - Dependencies all met for dep_context=requeueable deps ti=<TaskInstance: medallion_gold_layer.gold_processing scheduled__2026-05-18T13:55:00+00:00 [queued]>
[2026-05-18T14:04:24.282+0000] {taskinstance.py:2306} INFO - Starting attempt 1 of 2
[2026-05-18T14:04:24.293+0000] {taskinstance.py:2330} INFO - Executing <Task(BashOperator): gold_processing> on 2026-05-18 13:55:00+00:00
[2026-05-18T14:04:24.303+0000] {standard_task_runner.py:63} INFO - Started process 86603 to run task
[2026-05-18T14:04:24.306+0000] {standard_task_runner.py:90} INFO - Running: ['airflow', 'tasks', 'run', 'medallion_gold_layer', 'gold_processing', 'scheduled__2026-05-18T13:55:00+00:00', '--job-id', '225', '--raw', '--subdir', 'DAGS_FOLDER/gold_layer_dag.py', '--cfg-path', '/tmp/tmp2mwqzi06']
[2026-05-18T14:04:24.308+0000] {standard_task_runner.py:91} INFO - Job 225: Subtask gold_processing
[2026-05-18T14:04:24.415+0000] {task_command.py:426} INFO - Running <TaskInstance: medallion_gold_layer.gold_processing scheduled__2026-05-18T13:55:00+00:00 [running]> on host e8a9653e4a1b
[2026-05-18T14:04:24.596+0000] {taskinstance.py:2648} INFO - Exporting env vars: AIRFLOW_CTX_DAG_OWNER='anass' AIRFLOW_CTX_DAG_ID='medallion_gold_layer' AIRFLOW_CTX_TASK_ID='gold_processing' AIRFLOW_CTX_EXECUTION_DATE='2026-05-18T13:55:00+00:00' AIRFLOW_CTX_TRY_NUMBER='1' AIRFLOW_CTX_DAG_RUN_ID='scheduled__2026-05-18T13:55:00+00:00'
[2026-05-18T14:04:24.597+0000] {taskinstance.py:430} INFO - ::endgroup::
[2026-05-18T14:04:24.607+0000] {subprocess.py:63} INFO - Tmp dir root location: /tmp
[2026-05-18T14:04:24.608+0000] {subprocess.py:75} INFO - Running command: ['/usr/bin/bash', '-c', '\n    spark-submit     --master spark://spark-master:7077     --executor-memory 512M     --executor-cores 1     --total-executor-cores 1     --jars /opt/airflow/jars/aws-java-sdk-bundle-1.12.262.jar,/opt/airflow/jars/hadoop-aws-3.3.4.jar,/opt/airflow/jars/postgresql-42.7.3.jar     /opt/spark_jobs/gold_processor.py\n    ']
[2026-05-18T14:04:24.615+0000] {subprocess.py:86} INFO - Output:
[2026-05-18T14:04:25.744+0000] {subprocess.py:93} INFO - 26/05/18 14:04:25 WARN NativeCodeLoader: Unable to load native-hadoop library for your platform... using builtin-java classes where applicable
[2026-05-18T14:04:26.656+0000] {subprocess.py:93} INFO - 26/05/18 14:04:26 INFO SparkContext: Running Spark version 3.5.1
[2026-05-18T14:04:26.657+0000] {subprocess.py:93} INFO - 26/05/18 14:04:26 INFO SparkContext: OS info Linux, 6.6.87.2-microsoft-standard-WSL2, amd64
[2026-05-18T14:04:26.657+0000] {subprocess.py:93} INFO - 26/05/18 14:04:26 INFO SparkContext: Java version 17.0.19
[2026-05-18T14:04:26.676+0000] {subprocess.py:93} INFO - 26/05/18 14:04:26 INFO ResourceUtils: ==============================================================
[2026-05-18T14:04:26.677+0000] {subprocess.py:93} INFO - 26/05/18 14:04:26 INFO ResourceUtils: No custom resources configured for spark.driver.
[2026-05-18T14:04:26.677+0000] {subprocess.py:93} INFO - 26/05/18 14:04:26 INFO ResourceUtils: ==============================================================
[2026-05-18T14:04:26.678+0000] {subprocess.py:93} INFO - 26/05/18 14:04:26 INFO SparkContext: Submitted application: GoldLayerProcessor
[2026-05-18T14:04:26.691+0000] {subprocess.py:93} INFO - 26/05/18 14:04:26 INFO ResourceProfile: Default ResourceProfile created, executor resources: Map(cores -> name: cores, amount: 1, script: , vendor: , memory -> name: memory, amount: 512, script: , vendor: , offHeap -> name: offHeap, amount: 0, script: , vendor: ), task resources: Map(cpus -> name: cpus, amount: 1.0)
[2026-05-18T14:04:26.697+0000] {subprocess.py:93} INFO - 26/05/18 14:04:26 INFO ResourceProfile: Limiting resource is cpus at 1 tasks per executor
[2026-05-18T14:04:26.698+0000] {subprocess.py:93} INFO - 26/05/18 14:04:26 INFO ResourceProfileManager: Added ResourceProfile id: 0
[2026-05-18T14:04:26.733+0000] {subprocess.py:93} INFO - 26/05/18 14:04:26 INFO SecurityManager: Changing view acls to: airflow
[2026-05-18T14:04:26.734+0000] {subprocess.py:93} INFO - 26/05/18 14:04:26 INFO SecurityManager: Changing modify acls to: airflow
[2026-05-18T14:04:26.734+0000] {subprocess.py:93} INFO - 26/05/18 14:04:26 INFO SecurityManager: Changing view acls groups to:
[2026-05-18T14:04:26.735+0000] {subprocess.py:93} INFO - 26/05/18 14:04:26 INFO SecurityManager: Changing modify acls groups to:
[2026-05-18T14:04:26.736+0000] {subprocess.py:93} INFO - 26/05/18 14:04:26 INFO SecurityManager: SecurityManager: authentication disabled; ui acls disabled; users with view permissions: airflow; groups with view permissions: EMPTY; users with modify permissions: airflow; groups with modify permissions: EMPTY
[2026-05-18T14:04:26.885+0000] {subprocess.py:93} INFO - 26/05/18 14:04:26 INFO Utils: Successfully started service 'sparkDriver' on port 45645.
[2026-05-18T14:04:26.907+0000] {subprocess.py:93} INFO - 26/05/18 14:04:26 INFO SparkEnv: Registering MapOutputTracker
[2026-05-18T14:04:26.928+0000] {subprocess.py:93} INFO - 26/05/18 14:04:26 INFO SparkEnv: Registering BlockManagerMaster
[2026-05-18T14:04:26.938+0000] {subprocess.py:93} INFO - 26/05/18 14:04:26 INFO BlockManagerMasterEndpoint: Using org.apache.spark.storage.DefaultTopologyMapper for getting topology information
[2026-05-18T14:04:26.939+0000] {subprocess.py:93} INFO - 26/05/18 14:04:26 INFO BlockManagerMasterEndpoint: BlockManagerMasterEndpoint up
[2026-05-18T14:04:26.942+0000] {subprocess.py:93} INFO - 26/05/18 14:04:26 INFO SparkEnv: Registering BlockManagerMasterHeartbeat
[2026-05-18T14:04:26.955+0000] {subprocess.py:93} INFO - 26/05/18 14:04:26 INFO DiskBlockManager: Created local directory at /tmp/blockmgr-00b6226e-e352-4218-bfb4-350ed18e8e30
[2026-05-18T14:04:26.966+0000] {subprocess.py:93} INFO - 26/05/18 14:04:26 INFO MemoryStore: MemoryStore started with capacity 434.4 MiB
[2026-05-18T14:04:26.979+0000] {subprocess.py:93} INFO - 26/05/18 14:04:26 INFO SparkEnv: Registering OutputCommitCoordinator
[2026-05-18T14:04:27.063+0000] {subprocess.py:93} INFO - 26/05/18 14:04:27 INFO JettyUtils: Start Jetty 0.0.0.0:4040 for SparkUI
[2026-05-18T14:04:27.126+0000] {subprocess.py:93} INFO - 26/05/18 14:04:27 INFO Utils: Successfully started service 'SparkUI' on port 4040.
[2026-05-18T14:04:27.152+0000] {subprocess.py:93} INFO - 26/05/18 14:04:27 INFO SparkContext: Added JAR file:///opt/airflow/jars/aws-java-sdk-bundle-1.12.262.jar at spark://e8a9653e4a1b:45645/jars/aws-java-sdk-bundle-1.12.262.jar with timestamp 1779113066651
[2026-05-18T14:04:27.153+0000] {subprocess.py:93} INFO - 26/05/18 14:04:27 INFO SparkContext: Added JAR file:///opt/airflow/jars/hadoop-aws-3.3.4.jar at spark://e8a9653e4a1b:45645/jars/hadoop-aws-3.3.4.jar with timestamp 1779113066651
[2026-05-18T14:04:27.157+0000] {subprocess.py:93} INFO - 26/05/18 14:04:27 INFO SparkContext: Added JAR file:///opt/airflow/jars/postgresql-42.7.3.jar at spark://e8a9653e4a1b:45645/jars/postgresql-42.7.3.jar with timestamp 1779113066651
[2026-05-18T14:04:27.207+0000] {subprocess.py:93} INFO - 26/05/18 14:04:27 INFO StandaloneAppClient$ClientEndpoint: Connecting to master spark://spark-master:7077...
[2026-05-18T14:04:27.235+0000] {subprocess.py:93} INFO - 26/05/18 14:04:27 INFO TransportClientFactory: Successfully created connection to spark-master/172.18.0.6:7077 after 15 ms (0 ms spent in bootstraps)
[2026-05-18T14:04:27.287+0000] {subprocess.py:93} INFO - 26/05/18 14:04:27 INFO StandaloneSchedulerBackend: Connected to Spark cluster with app ID app-20260518140427-0224
[2026-05-18T14:04:27.288+0000] {subprocess.py:93} INFO - 26/05/18 14:04:27 INFO StandaloneAppClient$ClientEndpoint: Executor added: app-20260518140427-0224/0 on worker-20260514105200-172.18.0.13-40347 (172.18.0.13:40347) with 1 core(s)
[2026-05-18T14:04:27.289+0000] {subprocess.py:93} INFO - 26/05/18 14:04:27 INFO StandaloneSchedulerBackend: Granted executor ID app-20260518140427-0224/0 on hostPort 172.18.0.13:40347 with 1 core(s), 512.0 MiB RAM
[2026-05-18T14:04:27.294+0000] {subprocess.py:93} INFO - 26/05/18 14:04:27 INFO Utils: Successfully started service 'org.apache.spark.network.netty.NettyBlockTransferService' on port 41257.
[2026-05-18T14:04:27.295+0000] {subprocess.py:93} INFO - 26/05/18 14:04:27 INFO NettyBlockTransferService: Server created on e8a9653e4a1b:41257
[2026-05-18T14:04:27.297+0000] {subprocess.py:93} INFO - 26/05/18 14:04:27 INFO BlockManager: Using org.apache.spark.storage.RandomBlockReplicationPolicy for block replication policy
[2026-05-18T14:04:27.305+0000] {subprocess.py:93} INFO - 26/05/18 14:04:27 INFO BlockManagerMaster: Registering BlockManager BlockManagerId(driver, e8a9653e4a1b, 41257, None)
[2026-05-18T14:04:27.310+0000] {subprocess.py:93} INFO - 26/05/18 14:04:27 INFO BlockManagerMasterEndpoint: Registering block manager e8a9653e4a1b:41257 with 434.4 MiB RAM, BlockManagerId(driver, e8a9653e4a1b, 41257, None)
[2026-05-18T14:04:27.311+0000] {subprocess.py:93} INFO - 26/05/18 14:04:27 INFO StandaloneAppClient$ClientEndpoint: Executor updated: app-20260518140427-0224/0 is now RUNNING
[2026-05-18T14:04:27.312+0000] {subprocess.py:93} INFO - 26/05/18 14:04:27 INFO BlockManagerMaster: Registered BlockManager BlockManagerId(driver, e8a9653e4a1b, 41257, None)
[2026-05-18T14:04:27.314+0000] {subprocess.py:93} INFO - 26/05/18 14:04:27 INFO BlockManager: Initialized BlockManager: BlockManagerId(driver, e8a9653e4a1b, 41257, None)
[2026-05-18T14:04:27.510+0000] {subprocess.py:93} INFO - 26/05/18 14:04:27 INFO StandaloneSchedulerBackend: SchedulerBackend is ready for scheduling beginning after reached minRegisteredResourcesRatio: 0.0
[2026-05-18T14:04:28.394+0000] {subprocess.py:93} INFO - 26/05/18 14:04:28 WARN MetricsConfig: Cannot locate configuration: tried hadoop-metrics2-s3a-file-system.properties,hadoop-metrics2.properties
[2026-05-18T14:04:32.545+0000] {subprocess.py:93} INFO - Lecture SILVER terminée
[2026-05-18T14:04:41.766+0000] {subprocess.py:93} INFO - Table articles_par_jour créée
[2026-05-18T14:04:48.362+0000] {subprocess.py:93} INFO - Table articles_par_source créée
[2026-05-18T14:04:55.155+0000] {subprocess.py:93} INFO - Table top_categories créée
[2026-05-18T14:05:01.628+0000] {subprocess.py:93} INFO - Table articles_par_source_jour créée
[2026-05-18T14:05:01.628+0000] {subprocess.py:93} INFO - 
[2026-05-18T14:05:01.629+0000] {subprocess.py:93} INFO - ==============================
[2026-05-18T14:05:01.630+0000] {subprocess.py:93} INFO - GOLD LAYER TERMINÉ
[2026-05-18T14:05:01.630+0000] {subprocess.py:93} INFO - ==============================
[2026-05-18T14:05:02.150+0000] {subprocess.py:97} INFO - Command exited with return code 0
[2026-05-18T14:05:02.151+0000] {taskinstance.py:441} INFO - ::group::Post task execution logs
[2026-05-18T14:05:02.222+0000] {taskinstance.py:1206} INFO - Marking task as SUCCESS. dag_id=medallion_gold_layer, task_id=gold_processing, run_id=scheduled__2026-05-18T13:55:00+00:00, execution_date=20260518T135500, start_date=20260518T140424, end_date=20260518T140502
[2026-05-18T14:05:02.381+0000] {local_task_job_runner.py:240} INFO - Task exited with return code 0
[2026-05-18T14:05:02.410+0000] {taskinstance.py:3498} INFO - 0 downstream tasks scheduled from follow-on schedule check
[2026-05-18T14:05:02.412+0000] {local_task_job_runner.py:222} INFO - ::endgroup::
