[2026-05-19T12:25:01.137+0000] {local_task_job_runner.py:120} INFO - ::group::Pre task execution logs
[2026-05-19T12:25:01.252+0000] {taskinstance.py:2076} INFO - Dependencies all met for dep_context=non-requeueable deps ti=<TaskInstance: medallion_gold_layer.gold_processing scheduled__2026-05-19T12:20:00+00:00 [queued]>
[2026-05-19T12:25:01.270+0000] {taskinstance.py:2076} INFO - Dependencies all met for dep_context=requeueable deps ti=<TaskInstance: medallion_gold_layer.gold_processing scheduled__2026-05-19T12:20:00+00:00 [queued]>
[2026-05-19T12:25:01.272+0000] {taskinstance.py:2306} INFO - Starting attempt 1 of 2
[2026-05-19T12:25:01.297+0000] {taskinstance.py:2330} INFO - Executing <Task(BashOperator): gold_processing> on 2026-05-19 12:20:00+00:00
[2026-05-19T12:25:01.309+0000] {standard_task_runner.py:63} INFO - Started process 10621 to run task
[2026-05-19T12:25:01.322+0000] {standard_task_runner.py:90} INFO - Running: ['airflow', 'tasks', 'run', 'medallion_gold_layer', 'gold_processing', 'scheduled__2026-05-19T12:20:00+00:00', '--job-id', '310', '--raw', '--subdir', 'DAGS_FOLDER/gold_layer_dag.py', '--cfg-path', '/tmp/tmphelwb4z2']
[2026-05-19T12:25:01.326+0000] {standard_task_runner.py:91} INFO - Job 310: Subtask gold_processing
[2026-05-19T12:25:01.676+0000] {task_command.py:426} INFO - Running <TaskInstance: medallion_gold_layer.gold_processing scheduled__2026-05-19T12:20:00+00:00 [running]> on host c43074c3fd7c
[2026-05-19T12:25:02.316+0000] {taskinstance.py:2648} INFO - Exporting env vars: AIRFLOW_CTX_DAG_OWNER='ikram' AIRFLOW_CTX_DAG_ID='medallion_gold_layer' AIRFLOW_CTX_TASK_ID='gold_processing' AIRFLOW_CTX_EXECUTION_DATE='2026-05-19T12:20:00+00:00' AIRFLOW_CTX_TRY_NUMBER='1' AIRFLOW_CTX_DAG_RUN_ID='scheduled__2026-05-19T12:20:00+00:00'
[2026-05-19T12:25:02.319+0000] {taskinstance.py:430} INFO - ::endgroup::
[2026-05-19T12:25:02.351+0000] {subprocess.py:63} INFO - Tmp dir root location: /tmp
[2026-05-19T12:25:02.353+0000] {subprocess.py:75} INFO - Running command: ['/usr/bin/bash', '-c', '\n    spark-submit     --master spark://spark-master:7077     --executor-memory 512M     --executor-cores 1     --total-executor-cores 1     --jars /opt/airflow/jars/aws-java-sdk-bundle-1.12.262.jar,/opt/airflow/jars/hadoop-aws-3.3.4.jar,/opt/airflow/jars/postgresql-42.7.3.jar     /opt/spark_jobs/gold_processor.py\n    ']
[2026-05-19T12:25:02.370+0000] {subprocess.py:86} INFO - Output:
[2026-05-19T12:25:04.782+0000] {subprocess.py:93} INFO - 26/05/19 12:25:04 WARN NativeCodeLoader: Unable to load native-hadoop library for your platform... using builtin-java classes where applicable
[2026-05-19T12:25:06.270+0000] {subprocess.py:93} INFO - 26/05/19 12:25:06 INFO SparkContext: Running Spark version 3.5.1
[2026-05-19T12:25:06.271+0000] {subprocess.py:93} INFO - 26/05/19 12:25:06 INFO SparkContext: OS info Linux, 6.6.87.2-microsoft-standard-WSL2, amd64
[2026-05-19T12:25:06.272+0000] {subprocess.py:93} INFO - 26/05/19 12:25:06 INFO SparkContext: Java version 17.0.19
[2026-05-19T12:25:06.310+0000] {subprocess.py:93} INFO - 26/05/19 12:25:06 INFO ResourceUtils: ==============================================================
[2026-05-19T12:25:06.311+0000] {subprocess.py:93} INFO - 26/05/19 12:25:06 INFO ResourceUtils: No custom resources configured for spark.driver.
[2026-05-19T12:25:06.312+0000] {subprocess.py:93} INFO - 26/05/19 12:25:06 INFO ResourceUtils: ==============================================================
[2026-05-19T12:25:06.313+0000] {subprocess.py:93} INFO - 26/05/19 12:25:06 INFO SparkContext: Submitted application: GoldLayerProcessor
[2026-05-19T12:25:06.342+0000] {subprocess.py:93} INFO - 26/05/19 12:25:06 INFO ResourceProfile: Default ResourceProfile created, executor resources: Map(cores -> name: cores, amount: 1, script: , vendor: , memory -> name: memory, amount: 512, script: , vendor: , offHeap -> name: offHeap, amount: 0, script: , vendor: ), task resources: Map(cpus -> name: cpus, amount: 1.0)
[2026-05-19T12:25:06.354+0000] {subprocess.py:93} INFO - 26/05/19 12:25:06 INFO ResourceProfile: Limiting resource is cpus at 1 tasks per executor
[2026-05-19T12:25:06.359+0000] {subprocess.py:93} INFO - 26/05/19 12:25:06 INFO ResourceProfileManager: Added ResourceProfile id: 0
[2026-05-19T12:25:06.431+0000] {subprocess.py:93} INFO - 26/05/19 12:25:06 INFO SecurityManager: Changing view acls to: airflow
[2026-05-19T12:25:06.432+0000] {subprocess.py:93} INFO - 26/05/19 12:25:06 INFO SecurityManager: Changing modify acls to: airflow
[2026-05-19T12:25:06.433+0000] {subprocess.py:93} INFO - 26/05/19 12:25:06 INFO SecurityManager: Changing view acls groups to:
[2026-05-19T12:25:06.434+0000] {subprocess.py:93} INFO - 26/05/19 12:25:06 INFO SecurityManager: Changing modify acls groups to:
[2026-05-19T12:25:06.435+0000] {subprocess.py:93} INFO - 26/05/19 12:25:06 INFO SecurityManager: SecurityManager: authentication disabled; ui acls disabled; users with view permissions: airflow; groups with view permissions: EMPTY; users with modify permissions: airflow; groups with modify permissions: EMPTY
[2026-05-19T12:25:06.714+0000] {subprocess.py:93} INFO - 26/05/19 12:25:06 INFO Utils: Successfully started service 'sparkDriver' on port 33033.
[2026-05-19T12:25:06.763+0000] {subprocess.py:93} INFO - 26/05/19 12:25:06 INFO SparkEnv: Registering MapOutputTracker
[2026-05-19T12:25:06.858+0000] {subprocess.py:93} INFO - 26/05/19 12:25:06 INFO SparkEnv: Registering BlockManagerMaster
[2026-05-19T12:25:07.081+0000] {subprocess.py:93} INFO - 26/05/19 12:25:07 INFO BlockManagerMasterEndpoint: Using org.apache.spark.storage.DefaultTopologyMapper for getting topology information
[2026-05-19T12:25:07.118+0000] {subprocess.py:93} INFO - 26/05/19 12:25:07 INFO BlockManagerMasterEndpoint: BlockManagerMasterEndpoint up
[2026-05-19T12:25:07.143+0000] {subprocess.py:93} INFO - 26/05/19 12:25:07 INFO SparkEnv: Registering BlockManagerMasterHeartbeat
[2026-05-19T12:25:07.286+0000] {subprocess.py:93} INFO - 26/05/19 12:25:07 INFO DiskBlockManager: Created local directory at /tmp/blockmgr-174e24a9-557f-4767-9270-42a907b46e06
[2026-05-19T12:25:07.345+0000] {subprocess.py:93} INFO - 26/05/19 12:25:07 INFO MemoryStore: MemoryStore started with capacity 434.4 MiB
[2026-05-19T12:25:07.457+0000] {subprocess.py:93} INFO - 26/05/19 12:25:07 INFO SparkEnv: Registering OutputCommitCoordinator
[2026-05-19T12:25:08.003+0000] {subprocess.py:93} INFO - 26/05/19 12:25:08 INFO JettyUtils: Start Jetty 0.0.0.0:4040 for SparkUI
[2026-05-19T12:25:08.244+0000] {subprocess.py:93} INFO - 26/05/19 12:25:08 INFO Utils: Successfully started service 'SparkUI' on port 4040.
[2026-05-19T12:25:08.427+0000] {subprocess.py:93} INFO - 26/05/19 12:25:08 INFO SparkContext: Added JAR file:///opt/airflow/jars/aws-java-sdk-bundle-1.12.262.jar at spark://c43074c3fd7c:33033/jars/aws-java-sdk-bundle-1.12.262.jar with timestamp 1779193506260
[2026-05-19T12:25:08.456+0000] {subprocess.py:93} INFO - 26/05/19 12:25:08 INFO SparkContext: Added JAR file:///opt/airflow/jars/hadoop-aws-3.3.4.jar at spark://c43074c3fd7c:33033/jars/hadoop-aws-3.3.4.jar with timestamp 1779193506260
[2026-05-19T12:25:08.488+0000] {subprocess.py:93} INFO - 26/05/19 12:25:08 INFO SparkContext: Added JAR file:///opt/airflow/jars/postgresql-42.7.3.jar at spark://c43074c3fd7c:33033/jars/postgresql-42.7.3.jar with timestamp 1779193506260
[2026-05-19T12:25:08.741+0000] {subprocess.py:93} INFO - 26/05/19 12:25:08 INFO StandaloneAppClient$ClientEndpoint: Connecting to master spark://spark-master:7077...
[2026-05-19T12:25:08.930+0000] {subprocess.py:93} INFO - 26/05/19 12:25:08 INFO TransportClientFactory: Successfully created connection to spark-master/172.18.0.4:7077 after 93 ms (0 ms spent in bootstraps)
[2026-05-19T12:25:09.221+0000] {subprocess.py:93} INFO - 26/05/19 12:25:09 INFO StandaloneSchedulerBackend: Connected to Spark cluster with app ID app-20260519122509-0037
[2026-05-19T12:25:09.237+0000] {subprocess.py:93} INFO - 26/05/19 12:25:09 INFO StandaloneAppClient$ClientEndpoint: Executor added: app-20260519122509-0037/0 on worker-20260518211503-172.18.0.3-40747 (172.18.0.3:40747) with 1 core(s)
[2026-05-19T12:25:09.240+0000] {subprocess.py:93} INFO - 26/05/19 12:25:09 INFO StandaloneSchedulerBackend: Granted executor ID app-20260519122509-0037/0 on hostPort 172.18.0.3:40747 with 1 core(s), 512.0 MiB RAM
[2026-05-19T12:25:09.283+0000] {subprocess.py:93} INFO - 26/05/19 12:25:09 INFO Utils: Successfully started service 'org.apache.spark.network.netty.NettyBlockTransferService' on port 38475.
[2026-05-19T12:25:09.284+0000] {subprocess.py:93} INFO - 26/05/19 12:25:09 INFO NettyBlockTransferService: Server created on c43074c3fd7c:38475
[2026-05-19T12:25:09.308+0000] {subprocess.py:93} INFO - 26/05/19 12:25:09 INFO BlockManager: Using org.apache.spark.storage.RandomBlockReplicationPolicy for block replication policy
[2026-05-19T12:25:09.311+0000] {subprocess.py:93} INFO - 26/05/19 12:25:09 INFO StandaloneAppClient$ClientEndpoint: Executor updated: app-20260519122509-0037/0 is now RUNNING
[2026-05-19T12:25:09.355+0000] {subprocess.py:93} INFO - 26/05/19 12:25:09 INFO BlockManagerMaster: Registering BlockManager BlockManagerId(driver, c43074c3fd7c, 38475, None)
[2026-05-19T12:25:09.360+0000] {subprocess.py:93} INFO - 26/05/19 12:25:09 INFO BlockManagerMasterEndpoint: Registering block manager c43074c3fd7c:38475 with 434.4 MiB RAM, BlockManagerId(driver, c43074c3fd7c, 38475, None)
[2026-05-19T12:25:09.363+0000] {subprocess.py:93} INFO - 26/05/19 12:25:09 INFO BlockManagerMaster: Registered BlockManager BlockManagerId(driver, c43074c3fd7c, 38475, None)
[2026-05-19T12:25:09.369+0000] {subprocess.py:93} INFO - 26/05/19 12:25:09 INFO BlockManager: Initialized BlockManager: BlockManagerId(driver, c43074c3fd7c, 38475, None)
[2026-05-19T12:25:09.969+0000] {subprocess.py:93} INFO - 26/05/19 12:25:09 INFO StandaloneSchedulerBackend: SchedulerBackend is ready for scheduling beginning after reached minRegisteredResourcesRatio: 0.0
[2026-05-19T12:32:53.514+0000] {subprocess.py:93} INFO - 26/05/19 12:32:53 WARN MetricsConfig: Cannot locate configuration: tried hadoop-metrics2-s3a-file-system.properties,hadoop-metrics2.properties
[2026-05-19T12:33:03.101+0000] {local_task_job_runner.py:310} WARNING - State of this instance has been externally set to up_for_retry. Terminating instance.
[2026-05-19T12:33:03.103+0000] {local_task_job_runner.py:222} INFO - ::endgroup::
[2026-05-19T12:33:03.105+0000] {process_utils.py:132} INFO - Sending 15 to group 10621. PIDs of all processes in the group: [10622, 10623, 10689, 10621]
[2026-05-19T12:33:03.106+0000] {process_utils.py:87} INFO - Sending the signal 15 to group 10621
[2026-05-19T12:33:03.107+0000] {taskinstance.py:2611} ERROR - Received SIGTERM. Terminating subprocesses.
[2026-05-19T12:33:03.108+0000] {subprocess.py:104} INFO - Sending SIGTERM signal to process group
[2026-05-19T12:33:03.109+0000] {taskinstance.py:441} INFO - ::group::Post task execution logs
[2026-05-19T12:33:03.198+0000] {taskinstance.py:2905} ERROR - Task failed with exception
Traceback (most recent call last):
  File "/home/airflow/.local/lib/python3.11/site-packages/airflow/models/taskinstance.py", line 465, in _execute_task
    result = _execute_callable(context=context, **execute_callable_kwargs)
             ^^^^^^^^^^^^^^^^^^^^^^^^^^^^^^^^^^^^^^^^^^^^^^^^^^^^^^^^^^^^^
  File "/home/airflow/.local/lib/python3.11/site-packages/airflow/models/taskinstance.py", line 432, in _execute_callable
    return execute_callable(context=context, **execute_callable_kwargs)
           ^^^^^^^^^^^^^^^^^^^^^^^^^^^^^^^^^^^^^^^^^^^^^^^^^^^^^^^^^^^^
  File "/home/airflow/.local/lib/python3.11/site-packages/airflow/models/baseoperator.py", line 400, in wrapper
    return func(self, *args, **kwargs)
           ^^^^^^^^^^^^^^^^^^^^^^^^^^^
  File "/home/airflow/.local/lib/python3.11/site-packages/airflow/operators/bash.py", line 234, in execute
    result = self.subprocess_hook.run_command(
             ^^^^^^^^^^^^^^^^^^^^^^^^^^^^^^^^^
  File "/home/airflow/.local/lib/python3.11/site-packages/airflow/hooks/subprocess.py", line 91, in run_command
    for raw_line in iter(self.sub_process.stdout.readline, b""):
  File "/home/airflow/.local/lib/python3.11/site-packages/airflow/models/taskinstance.py", line 2613, in signal_handler
    raise AirflowTaskTerminated("Task received SIGTERM signal")
airflow.exceptions.AirflowTaskTerminated: Task received SIGTERM signal
[2026-05-19T12:33:03.208+0000] {taskinstance.py:1206} INFO - Marking task as FAILED. dag_id=medallion_gold_layer, task_id=gold_processing, run_id=scheduled__2026-05-19T12:20:00+00:00, execution_date=20260519T122000, start_date=20260519T122501, end_date=20260519T123303
[2026-05-19T12:33:03.321+0000] {process_utils.py:80} INFO - Process psutil.Process(pid=10623, status='terminated', started='12:25:01') (10623) terminated with exit code None
[2026-05-19T12:33:03.455+0000] {process_utils.py:80} INFO - Process psutil.Process(pid=10622, status='terminated', started='12:25:01') (10622) terminated with exit code None
[2026-05-19T12:33:03.457+0000] {process_utils.py:80} INFO - Process psutil.Process(pid=10689, status='terminated', started='12:25:04') (10689) terminated with exit code None
[2026-05-19T12:33:03.457+0000] {process_utils.py:80} INFO - Process psutil.Process(pid=10621, status='terminated', exitcode=2, started='12:25:00') (10621) terminated with exit code 2
