[2026-05-18T21:22:00.943+0000] {local_task_job_runner.py:120} INFO - ::group::Pre task execution logs
[2026-05-18T21:22:01.113+0000] {taskinstance.py:2076} INFO - Dependencies all met for dep_context=non-requeueable deps ti=<TaskInstance: medallion_gold_layer.gold_processing scheduled__2026-05-18T21:15:00+00:00 [queued]>
[2026-05-18T21:22:01.142+0000] {taskinstance.py:2076} INFO - Dependencies all met for dep_context=requeueable deps ti=<TaskInstance: medallion_gold_layer.gold_processing scheduled__2026-05-18T21:15:00+00:00 [queued]>
[2026-05-18T21:22:01.160+0000] {taskinstance.py:2306} INFO - Starting attempt 1 of 2
[2026-05-18T21:22:01.211+0000] {taskinstance.py:2330} INFO - Executing <Task(BashOperator): gold_processing> on 2026-05-18 21:15:00+00:00
[2026-05-18T21:22:01.228+0000] {standard_task_runner.py:63} INFO - Started process 1020 to run task
[2026-05-18T21:22:01.241+0000] {standard_task_runner.py:90} INFO - Running: ['airflow', 'tasks', 'run', 'medallion_gold_layer', 'gold_processing', 'scheduled__2026-05-18T21:15:00+00:00', '--job-id', '263', '--raw', '--subdir', 'DAGS_FOLDER/gold_layer_dag.py', '--cfg-path', '/tmp/tmpfv7fvzz9']
[2026-05-18T21:22:01.249+0000] {standard_task_runner.py:91} INFO - Job 263: Subtask gold_processing
[2026-05-18T21:22:01.880+0000] {task_command.py:426} INFO - Running <TaskInstance: medallion_gold_layer.gold_processing scheduled__2026-05-18T21:15:00+00:00 [running]> on host e8a9653e4a1b
[2026-05-18T21:22:02.759+0000] {taskinstance.py:2648} INFO - Exporting env vars: AIRFLOW_CTX_DAG_OWNER='anass' AIRFLOW_CTX_DAG_ID='medallion_gold_layer' AIRFLOW_CTX_TASK_ID='gold_processing' AIRFLOW_CTX_EXECUTION_DATE='2026-05-18T21:15:00+00:00' AIRFLOW_CTX_TRY_NUMBER='1' AIRFLOW_CTX_DAG_RUN_ID='scheduled__2026-05-18T21:15:00+00:00'
[2026-05-18T21:22:02.763+0000] {taskinstance.py:430} INFO - ::endgroup::
[2026-05-18T21:22:02.817+0000] {subprocess.py:63} INFO - Tmp dir root location: /tmp
[2026-05-18T21:22:02.820+0000] {subprocess.py:75} INFO - Running command: ['/usr/bin/bash', '-c', '\n    spark-submit     --master spark://spark-master:7077     --executor-memory 512M     --executor-cores 1     --total-executor-cores 1     --jars /opt/airflow/jars/aws-java-sdk-bundle-1.12.262.jar,/opt/airflow/jars/hadoop-aws-3.3.4.jar,/opt/airflow/jars/postgresql-42.7.3.jar     /opt/spark_jobs/gold_processor.py\n    ']
[2026-05-18T21:22:02.863+0000] {subprocess.py:86} INFO - Output:
[2026-05-18T21:22:06.567+0000] {subprocess.py:93} INFO - 26/05/18 21:22:06 WARN NativeCodeLoader: Unable to load native-hadoop library for your platform... using builtin-java classes where applicable
[2026-05-18T21:22:09.706+0000] {subprocess.py:93} INFO - 26/05/18 21:22:09 INFO SparkContext: Running Spark version 3.5.1
[2026-05-18T21:22:09.709+0000] {subprocess.py:93} INFO - 26/05/18 21:22:09 INFO SparkContext: OS info Linux, 6.6.87.2-microsoft-standard-WSL2, amd64
[2026-05-18T21:22:09.711+0000] {subprocess.py:93} INFO - 26/05/18 21:22:09 INFO SparkContext: Java version 17.0.19
[2026-05-18T21:22:09.823+0000] {subprocess.py:93} INFO - 26/05/18 21:22:09 INFO ResourceUtils: ==============================================================
[2026-05-18T21:22:09.824+0000] {subprocess.py:93} INFO - 26/05/18 21:22:09 INFO ResourceUtils: No custom resources configured for spark.driver.
[2026-05-18T21:22:09.825+0000] {subprocess.py:93} INFO - 26/05/18 21:22:09 INFO ResourceUtils: ==============================================================
[2026-05-18T21:22:09.826+0000] {subprocess.py:93} INFO - 26/05/18 21:22:09 INFO SparkContext: Submitted application: GoldLayerProcessor
[2026-05-18T21:22:09.899+0000] {subprocess.py:93} INFO - 26/05/18 21:22:09 INFO ResourceProfile: Default ResourceProfile created, executor resources: Map(cores -> name: cores, amount: 1, script: , vendor: , memory -> name: memory, amount: 512, script: , vendor: , offHeap -> name: offHeap, amount: 0, script: , vendor: ), task resources: Map(cpus -> name: cpus, amount: 1.0)
[2026-05-18T21:22:09.923+0000] {subprocess.py:93} INFO - 26/05/18 21:22:09 INFO ResourceProfile: Limiting resource is cpus at 1 tasks per executor
[2026-05-18T21:22:09.929+0000] {subprocess.py:93} INFO - 26/05/18 21:22:09 INFO ResourceProfileManager: Added ResourceProfile id: 0
[2026-05-18T21:22:10.007+0000] {subprocess.py:93} INFO - 26/05/18 21:22:10 INFO SecurityManager: Changing view acls to: airflow
[2026-05-18T21:22:10.008+0000] {subprocess.py:93} INFO - 26/05/18 21:22:10 INFO SecurityManager: Changing modify acls to: airflow
[2026-05-18T21:22:10.010+0000] {subprocess.py:93} INFO - 26/05/18 21:22:10 INFO SecurityManager: Changing view acls groups to:
[2026-05-18T21:22:10.011+0000] {subprocess.py:93} INFO - 26/05/18 21:22:10 INFO SecurityManager: Changing modify acls groups to:
[2026-05-18T21:22:10.012+0000] {subprocess.py:93} INFO - 26/05/18 21:22:10 INFO SecurityManager: SecurityManager: authentication disabled; ui acls disabled; users with view permissions: airflow; groups with view permissions: EMPTY; users with modify permissions: airflow; groups with modify permissions: EMPTY
[2026-05-18T21:22:10.522+0000] {subprocess.py:93} INFO - 26/05/18 21:22:10 INFO Utils: Successfully started service 'sparkDriver' on port 45247.
[2026-05-18T21:22:10.566+0000] {subprocess.py:93} INFO - 26/05/18 21:22:10 INFO SparkEnv: Registering MapOutputTracker
[2026-05-18T21:22:10.648+0000] {subprocess.py:93} INFO - 26/05/18 21:22:10 INFO SparkEnv: Registering BlockManagerMaster
[2026-05-18T21:22:10.712+0000] {subprocess.py:93} INFO - 26/05/18 21:22:10 INFO BlockManagerMasterEndpoint: Using org.apache.spark.storage.DefaultTopologyMapper for getting topology information
[2026-05-18T21:22:10.713+0000] {subprocess.py:93} INFO - 26/05/18 21:22:10 INFO BlockManagerMasterEndpoint: BlockManagerMasterEndpoint up
[2026-05-18T21:22:10.720+0000] {subprocess.py:93} INFO - 26/05/18 21:22:10 INFO SparkEnv: Registering BlockManagerMasterHeartbeat
[2026-05-18T21:22:10.749+0000] {subprocess.py:93} INFO - 26/05/18 21:22:10 INFO DiskBlockManager: Created local directory at /tmp/blockmgr-1bc0f4d1-177e-4077-90aa-cdacec32a341
[2026-05-18T21:22:10.774+0000] {subprocess.py:93} INFO - 26/05/18 21:22:10 INFO MemoryStore: MemoryStore started with capacity 434.4 MiB
[2026-05-18T21:22:10.797+0000] {subprocess.py:93} INFO - 26/05/18 21:22:10 INFO SparkEnv: Registering OutputCommitCoordinator
[2026-05-18T21:22:10.989+0000] {subprocess.py:93} INFO - 26/05/18 21:22:10 INFO JettyUtils: Start Jetty 0.0.0.0:4040 for SparkUI
[2026-05-18T21:22:11.150+0000] {subprocess.py:93} INFO - 26/05/18 21:22:11 INFO Utils: Successfully started service 'SparkUI' on port 4040.
[2026-05-18T21:22:11.257+0000] {subprocess.py:93} INFO - 26/05/18 21:22:11 INFO SparkContext: Added JAR file:///opt/airflow/jars/aws-java-sdk-bundle-1.12.262.jar at spark://e8a9653e4a1b:45247/jars/aws-java-sdk-bundle-1.12.262.jar with timestamp 1779139329679
[2026-05-18T21:22:11.258+0000] {subprocess.py:93} INFO - 26/05/18 21:22:11 INFO SparkContext: Added JAR file:///opt/airflow/jars/hadoop-aws-3.3.4.jar at spark://e8a9653e4a1b:45247/jars/hadoop-aws-3.3.4.jar with timestamp 1779139329679
[2026-05-18T21:22:11.260+0000] {subprocess.py:93} INFO - 26/05/18 21:22:11 INFO SparkContext: Added JAR file:///opt/airflow/jars/postgresql-42.7.3.jar at spark://e8a9653e4a1b:45247/jars/postgresql-42.7.3.jar with timestamp 1779139329679
[2026-05-18T21:22:11.391+0000] {subprocess.py:93} INFO - 26/05/18 21:22:11 INFO StandaloneAppClient$ClientEndpoint: Connecting to master spark://spark-master:7077...
[2026-05-18T21:22:11.512+0000] {subprocess.py:93} INFO - 26/05/18 21:22:11 INFO TransportClientFactory: Successfully created connection to spark-master/172.18.0.4:7077 after 76 ms (0 ms spent in bootstraps)
[2026-05-18T21:22:11.709+0000] {subprocess.py:93} INFO - 26/05/18 21:22:11 INFO StandaloneSchedulerBackend: Connected to Spark cluster with app ID app-20260518212211-0003
[2026-05-18T21:22:11.724+0000] {subprocess.py:93} INFO - 26/05/18 21:22:11 INFO StandaloneAppClient$ClientEndpoint: Executor added: app-20260518212211-0003/0 on worker-20260518211503-172.18.0.3-40747 (172.18.0.3:40747) with 1 core(s)
[2026-05-18T21:22:11.734+0000] {subprocess.py:93} INFO - 26/05/18 21:22:11 INFO StandaloneSchedulerBackend: Granted executor ID app-20260518212211-0003/0 on hostPort 172.18.0.3:40747 with 1 core(s), 512.0 MiB RAM
[2026-05-18T21:22:11.762+0000] {subprocess.py:93} INFO - 26/05/18 21:22:11 INFO Utils: Successfully started service 'org.apache.spark.network.netty.NettyBlockTransferService' on port 36823.
[2026-05-18T21:22:11.763+0000] {subprocess.py:93} INFO - 26/05/18 21:22:11 INFO NettyBlockTransferService: Server created on e8a9653e4a1b:36823
[2026-05-18T21:22:11.767+0000] {subprocess.py:93} INFO - 26/05/18 21:22:11 INFO BlockManager: Using org.apache.spark.storage.RandomBlockReplicationPolicy for block replication policy
[2026-05-18T21:22:11.787+0000] {subprocess.py:93} INFO - 26/05/18 21:22:11 INFO BlockManagerMaster: Registering BlockManager BlockManagerId(driver, e8a9653e4a1b, 36823, None)
[2026-05-18T21:22:11.793+0000] {subprocess.py:93} INFO - 26/05/18 21:22:11 INFO BlockManagerMasterEndpoint: Registering block manager e8a9653e4a1b:36823 with 434.4 MiB RAM, BlockManagerId(driver, e8a9653e4a1b, 36823, None)
[2026-05-18T21:22:11.798+0000] {subprocess.py:93} INFO - 26/05/18 21:22:11 INFO BlockManagerMaster: Registered BlockManager BlockManagerId(driver, e8a9653e4a1b, 36823, None)
[2026-05-18T21:22:11.802+0000] {subprocess.py:93} INFO - 26/05/18 21:22:11 INFO BlockManager: Initialized BlockManager: BlockManagerId(driver, e8a9653e4a1b, 36823, None)
[2026-05-18T21:22:11.821+0000] {subprocess.py:93} INFO - 26/05/18 21:22:11 INFO StandaloneAppClient$ClientEndpoint: Executor updated: app-20260518212211-0003/0 is now RUNNING
[2026-05-18T21:22:12.192+0000] {subprocess.py:93} INFO - 26/05/18 21:22:12 INFO StandaloneSchedulerBackend: SchedulerBackend is ready for scheduling beginning after reached minRegisteredResourcesRatio: 0.0
[2026-05-18T21:22:14.490+0000] {subprocess.py:93} INFO - 26/05/18 21:22:14 WARN MetricsConfig: Cannot locate configuration: tried hadoop-metrics2-s3a-file-system.properties,hadoop-metrics2.properties
[2026-05-18T21:22:30.453+0000] {subprocess.py:93} INFO - Lecture SILVER terminée
[2026-05-18T21:22:57.420+0000] {subprocess.py:93} INFO - Table articles_par_jour créée
[2026-05-18T21:23:21.431+0000] {subprocess.py:93} INFO - Table articles_par_source créée
[2026-05-18T21:23:44.905+0000] {subprocess.py:93} INFO - Table top_categories créée
[2026-05-18T21:24:06.381+0000] {subprocess.py:93} INFO - Table articles_par_source_jour créée
[2026-05-18T21:24:06.383+0000] {subprocess.py:93} INFO - 
[2026-05-18T21:24:06.385+0000] {subprocess.py:93} INFO - ==============================
[2026-05-18T21:24:06.388+0000] {subprocess.py:93} INFO - GOLD LAYER TERMINÉ
[2026-05-18T21:24:06.391+0000] {subprocess.py:93} INFO - ==============================
[2026-05-18T21:24:07.049+0000] {subprocess.py:97} INFO - Command exited with return code 0
[2026-05-18T21:24:07.051+0000] {taskinstance.py:441} INFO - ::group::Post task execution logs
[2026-05-18T21:24:07.277+0000] {taskinstance.py:1206} INFO - Marking task as SUCCESS. dag_id=medallion_gold_layer, task_id=gold_processing, run_id=scheduled__2026-05-18T21:15:00+00:00, execution_date=20260518T211500, start_date=20260518T212201, end_date=20260518T212407
[2026-05-18T21:24:07.387+0000] {local_task_job_runner.py:240} INFO - Task exited with return code 0
[2026-05-18T21:24:07.508+0000] {taskinstance.py:3498} INFO - 0 downstream tasks scheduled from follow-on schedule check
[2026-05-18T21:24:07.544+0000] {local_task_job_runner.py:222} INFO - ::endgroup::
