[2026-05-18T22:01:43.961+0000] {local_task_job_runner.py:120} INFO - ::group::Pre task execution logs
[2026-05-18T22:01:44.213+0000] {taskinstance.py:2076} INFO - Dependencies all met for dep_context=non-requeueable deps ti=<TaskInstance: medallion_gold_layer.gold_processing scheduled__2026-05-18T21:55:00+00:00 [queued]>
[2026-05-18T22:01:44.251+0000] {taskinstance.py:2076} INFO - Dependencies all met for dep_context=requeueable deps ti=<TaskInstance: medallion_gold_layer.gold_processing scheduled__2026-05-18T21:55:00+00:00 [queued]>
[2026-05-18T22:01:44.254+0000] {taskinstance.py:2306} INFO - Starting attempt 1 of 2
[2026-05-18T22:01:44.417+0000] {taskinstance.py:2330} INFO - Executing <Task(BashOperator): gold_processing> on 2026-05-18 21:55:00+00:00
[2026-05-18T22:01:44.442+0000] {standard_task_runner.py:63} INFO - Started process 1057 to run task
[2026-05-18T22:01:44.452+0000] {standard_task_runner.py:90} INFO - Running: ['airflow', 'tasks', 'run', 'medallion_gold_layer', 'gold_processing', 'scheduled__2026-05-18T21:55:00+00:00', '--job-id', '276', '--raw', '--subdir', 'DAGS_FOLDER/gold_layer_dag.py', '--cfg-path', '/tmp/tmplfrzxm9v']
[2026-05-18T22:01:44.459+0000] {standard_task_runner.py:91} INFO - Job 276: Subtask gold_processing
[2026-05-18T22:01:44.939+0000] {task_command.py:426} INFO - Running <TaskInstance: medallion_gold_layer.gold_processing scheduled__2026-05-18T21:55:00+00:00 [running]> on host c43074c3fd7c
[2026-05-18T22:01:45.747+0000] {taskinstance.py:2648} INFO - Exporting env vars: AIRFLOW_CTX_DAG_OWNER='ikram' AIRFLOW_CTX_DAG_ID='medallion_gold_layer' AIRFLOW_CTX_TASK_ID='gold_processing' AIRFLOW_CTX_EXECUTION_DATE='2026-05-18T21:55:00+00:00' AIRFLOW_CTX_TRY_NUMBER='1' AIRFLOW_CTX_DAG_RUN_ID='scheduled__2026-05-18T21:55:00+00:00'
[2026-05-18T22:01:45.751+0000] {taskinstance.py:430} INFO - ::endgroup::
[2026-05-18T22:01:45.797+0000] {subprocess.py:63} INFO - Tmp dir root location: /tmp
[2026-05-18T22:01:45.799+0000] {subprocess.py:75} INFO - Running command: ['/usr/bin/bash', '-c', '\n    spark-submit     --master spark://spark-master:7077     --executor-memory 512M     --executor-cores 1     --total-executor-cores 1     --jars /opt/airflow/jars/aws-java-sdk-bundle-1.12.262.jar,/opt/airflow/jars/hadoop-aws-3.3.4.jar,/opt/airflow/jars/postgresql-42.7.3.jar     /opt/spark_jobs/gold_processor.py\n    ']
[2026-05-18T22:01:45.822+0000] {subprocess.py:86} INFO - Output:
[2026-05-18T22:01:50.774+0000] {subprocess.py:93} INFO - 26/05/18 22:01:50 WARN NativeCodeLoader: Unable to load native-hadoop library for your platform... using builtin-java classes where applicable
[2026-05-18T22:01:54.695+0000] {subprocess.py:93} INFO - 26/05/18 22:01:54 INFO SparkContext: Running Spark version 3.5.1
[2026-05-18T22:01:54.697+0000] {subprocess.py:93} INFO - 26/05/18 22:01:54 INFO SparkContext: OS info Linux, 6.6.87.2-microsoft-standard-WSL2, amd64
[2026-05-18T22:01:54.698+0000] {subprocess.py:93} INFO - 26/05/18 22:01:54 INFO SparkContext: Java version 17.0.19
[2026-05-18T22:01:54.861+0000] {subprocess.py:93} INFO - 26/05/18 22:01:54 INFO ResourceUtils: ==============================================================
[2026-05-18T22:01:54.863+0000] {subprocess.py:93} INFO - 26/05/18 22:01:54 INFO ResourceUtils: No custom resources configured for spark.driver.
[2026-05-18T22:01:54.868+0000] {subprocess.py:93} INFO - 26/05/18 22:01:54 INFO ResourceUtils: ==============================================================
[2026-05-18T22:01:54.869+0000] {subprocess.py:93} INFO - 26/05/18 22:01:54 INFO SparkContext: Submitted application: GoldLayerProcessor
[2026-05-18T22:01:54.934+0000] {subprocess.py:93} INFO - 26/05/18 22:01:54 INFO ResourceProfile: Default ResourceProfile created, executor resources: Map(cores -> name: cores, amount: 1, script: , vendor: , memory -> name: memory, amount: 512, script: , vendor: , offHeap -> name: offHeap, amount: 0, script: , vendor: ), task resources: Map(cpus -> name: cpus, amount: 1.0)
[2026-05-18T22:01:54.988+0000] {subprocess.py:93} INFO - 26/05/18 22:01:54 INFO ResourceProfile: Limiting resource is cpus at 1 tasks per executor
[2026-05-18T22:01:54.996+0000] {subprocess.py:93} INFO - 26/05/18 22:01:54 INFO ResourceProfileManager: Added ResourceProfile id: 0
[2026-05-18T22:01:55.138+0000] {subprocess.py:93} INFO - 26/05/18 22:01:55 INFO SecurityManager: Changing view acls to: airflow
[2026-05-18T22:01:55.141+0000] {subprocess.py:93} INFO - 26/05/18 22:01:55 INFO SecurityManager: Changing modify acls to: airflow
[2026-05-18T22:01:55.142+0000] {subprocess.py:93} INFO - 26/05/18 22:01:55 INFO SecurityManager: Changing view acls groups to:
[2026-05-18T22:01:55.144+0000] {subprocess.py:93} INFO - 26/05/18 22:01:55 INFO SecurityManager: Changing modify acls groups to:
[2026-05-18T22:01:55.145+0000] {subprocess.py:93} INFO - 26/05/18 22:01:55 INFO SecurityManager: SecurityManager: authentication disabled; ui acls disabled; users with view permissions: airflow; groups with view permissions: EMPTY; users with modify permissions: airflow; groups with modify permissions: EMPTY
[2026-05-18T22:01:55.840+0000] {subprocess.py:93} INFO - 26/05/18 22:01:55 INFO Utils: Successfully started service 'sparkDriver' on port 41307.
[2026-05-18T22:01:55.924+0000] {subprocess.py:93} INFO - 26/05/18 22:01:55 INFO SparkEnv: Registering MapOutputTracker
[2026-05-18T22:01:55.988+0000] {subprocess.py:93} INFO - 26/05/18 22:01:55 INFO SparkEnv: Registering BlockManagerMaster
[2026-05-18T22:01:56.048+0000] {subprocess.py:93} INFO - 26/05/18 22:01:56 INFO BlockManagerMasterEndpoint: Using org.apache.spark.storage.DefaultTopologyMapper for getting topology information
[2026-05-18T22:01:56.054+0000] {subprocess.py:93} INFO - 26/05/18 22:01:56 INFO BlockManagerMasterEndpoint: BlockManagerMasterEndpoint up
[2026-05-18T22:01:56.073+0000] {subprocess.py:93} INFO - 26/05/18 22:01:56 INFO SparkEnv: Registering BlockManagerMasterHeartbeat
[2026-05-18T22:01:56.176+0000] {subprocess.py:93} INFO - 26/05/18 22:01:56 INFO DiskBlockManager: Created local directory at /tmp/blockmgr-ab0433cc-d6f4-4856-89a2-619d6e2373c5
[2026-05-18T22:01:56.246+0000] {subprocess.py:93} INFO - 26/05/18 22:01:56 INFO MemoryStore: MemoryStore started with capacity 434.4 MiB
[2026-05-18T22:01:56.303+0000] {subprocess.py:93} INFO - 26/05/18 22:01:56 INFO SparkEnv: Registering OutputCommitCoordinator
[2026-05-18T22:01:56.549+0000] {subprocess.py:93} INFO - 26/05/18 22:01:56 INFO JettyUtils: Start Jetty 0.0.0.0:4040 for SparkUI
[2026-05-18T22:01:56.675+0000] {subprocess.py:93} INFO - 26/05/18 22:01:56 INFO Utils: Successfully started service 'SparkUI' on port 4040.
[2026-05-18T22:01:56.754+0000] {subprocess.py:93} INFO - 26/05/18 22:01:56 INFO SparkContext: Added JAR file:///opt/airflow/jars/aws-java-sdk-bundle-1.12.262.jar at spark://c43074c3fd7c:41307/jars/aws-java-sdk-bundle-1.12.262.jar with timestamp 1779141714662
[2026-05-18T22:01:56.755+0000] {subprocess.py:93} INFO - 26/05/18 22:01:56 INFO SparkContext: Added JAR file:///opt/airflow/jars/hadoop-aws-3.3.4.jar at spark://c43074c3fd7c:41307/jars/hadoop-aws-3.3.4.jar with timestamp 1779141714662
[2026-05-18T22:01:56.756+0000] {subprocess.py:93} INFO - 26/05/18 22:01:56 INFO SparkContext: Added JAR file:///opt/airflow/jars/postgresql-42.7.3.jar at spark://c43074c3fd7c:41307/jars/postgresql-42.7.3.jar with timestamp 1779141714662
[2026-05-18T22:01:56.882+0000] {subprocess.py:93} INFO - 26/05/18 22:01:56 INFO StandaloneAppClient$ClientEndpoint: Connecting to master spark://spark-master:7077...
[2026-05-18T22:01:56.993+0000] {subprocess.py:93} INFO - 26/05/18 22:01:56 INFO TransportClientFactory: Successfully created connection to spark-master/172.18.0.4:7077 after 65 ms (0 ms spent in bootstraps)
[2026-05-18T22:01:57.147+0000] {subprocess.py:93} INFO - 26/05/18 22:01:57 INFO StandaloneSchedulerBackend: Connected to Spark cluster with app ID app-20260518220157-0012
[2026-05-18T22:01:57.160+0000] {subprocess.py:93} INFO - 26/05/18 22:01:57 INFO StandaloneAppClient$ClientEndpoint: Executor added: app-20260518220157-0012/0 on worker-20260518211503-172.18.0.3-40747 (172.18.0.3:40747) with 1 core(s)
[2026-05-18T22:01:57.172+0000] {subprocess.py:93} INFO - 26/05/18 22:01:57 INFO StandaloneSchedulerBackend: Granted executor ID app-20260518220157-0012/0 on hostPort 172.18.0.3:40747 with 1 core(s), 512.0 MiB RAM
[2026-05-18T22:01:57.185+0000] {subprocess.py:93} INFO - 26/05/18 22:01:57 INFO Utils: Successfully started service 'org.apache.spark.network.netty.NettyBlockTransferService' on port 35193.
[2026-05-18T22:01:57.187+0000] {subprocess.py:93} INFO - 26/05/18 22:01:57 INFO NettyBlockTransferService: Server created on c43074c3fd7c:35193
[2026-05-18T22:01:57.189+0000] {subprocess.py:93} INFO - 26/05/18 22:01:57 INFO BlockManager: Using org.apache.spark.storage.RandomBlockReplicationPolicy for block replication policy
[2026-05-18T22:01:57.202+0000] {subprocess.py:93} INFO - 26/05/18 22:01:57 INFO BlockManagerMaster: Registering BlockManager BlockManagerId(driver, c43074c3fd7c, 35193, None)
[2026-05-18T22:01:57.211+0000] {subprocess.py:93} INFO - 26/05/18 22:01:57 INFO BlockManagerMasterEndpoint: Registering block manager c43074c3fd7c:35193 with 434.4 MiB RAM, BlockManagerId(driver, c43074c3fd7c, 35193, None)
[2026-05-18T22:01:57.216+0000] {subprocess.py:93} INFO - 26/05/18 22:01:57 INFO BlockManagerMaster: Registered BlockManager BlockManagerId(driver, c43074c3fd7c, 35193, None)
[2026-05-18T22:01:57.220+0000] {subprocess.py:93} INFO - 26/05/18 22:01:57 INFO BlockManager: Initialized BlockManager: BlockManagerId(driver, c43074c3fd7c, 35193, None)
[2026-05-18T22:01:57.315+0000] {subprocess.py:93} INFO - 26/05/18 22:01:57 INFO StandaloneAppClient$ClientEndpoint: Executor updated: app-20260518220157-0012/0 is now RUNNING
[2026-05-18T22:01:57.636+0000] {subprocess.py:93} INFO - 26/05/18 22:01:57 INFO StandaloneSchedulerBackend: SchedulerBackend is ready for scheduling beginning after reached minRegisteredResourcesRatio: 0.0
[2026-05-18T22:02:01.485+0000] {subprocess.py:93} INFO - 26/05/18 22:02:01 WARN MetricsConfig: Cannot locate configuration: tried hadoop-metrics2-s3a-file-system.properties,hadoop-metrics2.properties
[2026-05-18T22:02:31.648+0000] {subprocess.py:93} INFO - Lecture SILVER terminée
[2026-05-18T22:03:21.621+0000] {subprocess.py:93} INFO - Table articles_par_jour créée
[2026-05-18T22:03:57.639+0000] {subprocess.py:93} INFO - Table articles_par_source créée
[2026-05-18T22:04:30.079+0000] {subprocess.py:93} INFO - Table top_categories créée
[2026-05-18T22:04:58.938+0000] {subprocess.py:93} INFO - Table articles_par_source_jour créée
[2026-05-18T22:04:58.941+0000] {subprocess.py:93} INFO - 
[2026-05-18T22:04:58.942+0000] {subprocess.py:93} INFO - ==============================
[2026-05-18T22:04:58.943+0000] {subprocess.py:93} INFO - GOLD LAYER TERMINÉ
[2026-05-18T22:04:58.946+0000] {subprocess.py:93} INFO - ==============================
[2026-05-18T22:04:59.790+0000] {subprocess.py:97} INFO - Command exited with return code 0
[2026-05-18T22:04:59.792+0000] {taskinstance.py:441} INFO - ::group::Post task execution logs
[2026-05-18T22:05:00.744+0000] {taskinstance.py:1206} INFO - Marking task as SUCCESS. dag_id=medallion_gold_layer, task_id=gold_processing, run_id=scheduled__2026-05-18T21:55:00+00:00, execution_date=20260518T215500, start_date=20260518T220144, end_date=20260518T220500
[2026-05-18T22:05:00.883+0000] {local_task_job_runner.py:240} INFO - Task exited with return code 0
[2026-05-18T22:05:01.006+0000] {taskinstance.py:3498} INFO - 0 downstream tasks scheduled from follow-on schedule check
[2026-05-18T22:05:01.017+0000] {local_task_job_runner.py:222} INFO - ::endgroup::
