[2026-05-16T02:40:01.460+0000] {local_task_job_runner.py:120} INFO - ::group::Pre task execution logs
[2026-05-16T02:40:01.535+0000] {taskinstance.py:2076} INFO - Dependencies all met for dep_context=non-requeueable deps ti=<TaskInstance: medallion_gold_layer.gold_processing scheduled__2026-05-16T02:35:00+00:00 [queued]>
[2026-05-16T02:40:01.547+0000] {taskinstance.py:2076} INFO - Dependencies all met for dep_context=requeueable deps ti=<TaskInstance: medallion_gold_layer.gold_processing scheduled__2026-05-16T02:35:00+00:00 [queued]>
[2026-05-16T02:40:01.547+0000] {taskinstance.py:2306} INFO - Starting attempt 1 of 2
[2026-05-16T02:40:01.567+0000] {taskinstance.py:2330} INFO - Executing <Task(BashOperator): gold_processing> on 2026-05-16 02:35:00+00:00
[2026-05-16T02:40:01.573+0000] {standard_task_runner.py:63} INFO - Started process 45980 to run task
[2026-05-16T02:40:01.577+0000] {standard_task_runner.py:90} INFO - Running: ['airflow', 'tasks', 'run', 'medallion_gold_layer', 'gold_processing', 'scheduled__2026-05-16T02:35:00+00:00', '--job-id', '122', '--raw', '--subdir', 'DAGS_FOLDER/gold_layer_dag.py', '--cfg-path', '/tmp/tmp3bja36xz']
[2026-05-16T02:40:01.580+0000] {standard_task_runner.py:91} INFO - Job 122: Subtask gold_processing
[2026-05-16T02:40:01.795+0000] {task_command.py:426} INFO - Running <TaskInstance: medallion_gold_layer.gold_processing scheduled__2026-05-16T02:35:00+00:00 [running]> on host e8a9653e4a1b
[2026-05-16T02:40:02.147+0000] {taskinstance.py:2648} INFO - Exporting env vars: AIRFLOW_CTX_DAG_OWNER='anass' AIRFLOW_CTX_DAG_ID='medallion_gold_layer' AIRFLOW_CTX_TASK_ID='gold_processing' AIRFLOW_CTX_EXECUTION_DATE='2026-05-16T02:35:00+00:00' AIRFLOW_CTX_TRY_NUMBER='1' AIRFLOW_CTX_DAG_RUN_ID='scheduled__2026-05-16T02:35:00+00:00'
[2026-05-16T02:40:02.149+0000] {taskinstance.py:430} INFO - ::endgroup::
[2026-05-16T02:40:02.169+0000] {subprocess.py:63} INFO - Tmp dir root location: /tmp
[2026-05-16T02:40:02.171+0000] {subprocess.py:75} INFO - Running command: ['/usr/bin/bash', '-c', '\n    spark-submit     --master spark://spark-master:7077     --executor-memory 512M     --executor-cores 1     --total-executor-cores 1     --jars /opt/airflow/jars/aws-java-sdk-bundle-1.12.262.jar,/opt/airflow/jars/hadoop-aws-3.3.4.jar,/opt/airflow/jars/postgresql-42.7.3.jar     /opt/spark_jobs/gold_processor.py\n    ']
[2026-05-16T02:40:02.183+0000] {subprocess.py:86} INFO - Output:
[2026-05-16T02:40:05.411+0000] {subprocess.py:93} INFO - 26/05/16 02:40:05 WARN NativeCodeLoader: Unable to load native-hadoop library for your platform... using builtin-java classes where applicable
[2026-05-16T02:40:07.548+0000] {subprocess.py:93} INFO - 26/05/16 02:40:07 INFO SparkContext: Running Spark version 3.5.1
[2026-05-16T02:40:07.549+0000] {subprocess.py:93} INFO - 26/05/16 02:40:07 INFO SparkContext: OS info Linux, 6.6.87.2-microsoft-standard-WSL2, amd64
[2026-05-16T02:40:07.549+0000] {subprocess.py:93} INFO - 26/05/16 02:40:07 INFO SparkContext: Java version 17.0.19
[2026-05-16T02:40:07.591+0000] {subprocess.py:93} INFO - 26/05/16 02:40:07 INFO ResourceUtils: ==============================================================
[2026-05-16T02:40:07.592+0000] {subprocess.py:93} INFO - 26/05/16 02:40:07 INFO ResourceUtils: No custom resources configured for spark.driver.
[2026-05-16T02:40:07.593+0000] {subprocess.py:93} INFO - 26/05/16 02:40:07 INFO ResourceUtils: ==============================================================
[2026-05-16T02:40:07.594+0000] {subprocess.py:93} INFO - 26/05/16 02:40:07 INFO SparkContext: Submitted application: GoldLayerProcessor
[2026-05-16T02:40:07.619+0000] {subprocess.py:93} INFO - 26/05/16 02:40:07 INFO ResourceProfile: Default ResourceProfile created, executor resources: Map(cores -> name: cores, amount: 1, script: , vendor: , memory -> name: memory, amount: 512, script: , vendor: , offHeap -> name: offHeap, amount: 0, script: , vendor: ), task resources: Map(cpus -> name: cpus, amount: 1.0)
[2026-05-16T02:40:07.631+0000] {subprocess.py:93} INFO - 26/05/16 02:40:07 INFO ResourceProfile: Limiting resource is cpus at 1 tasks per executor
[2026-05-16T02:40:07.637+0000] {subprocess.py:93} INFO - 26/05/16 02:40:07 INFO ResourceProfileManager: Added ResourceProfile id: 0
[2026-05-16T02:40:07.721+0000] {subprocess.py:93} INFO - 26/05/16 02:40:07 INFO SecurityManager: Changing view acls to: airflow
[2026-05-16T02:40:07.722+0000] {subprocess.py:93} INFO - 26/05/16 02:40:07 INFO SecurityManager: Changing modify acls to: airflow
[2026-05-16T02:40:07.724+0000] {subprocess.py:93} INFO - 26/05/16 02:40:07 INFO SecurityManager: Changing view acls groups to:
[2026-05-16T02:40:07.725+0000] {subprocess.py:93} INFO - 26/05/16 02:40:07 INFO SecurityManager: Changing modify acls groups to:
[2026-05-16T02:40:07.727+0000] {subprocess.py:93} INFO - 26/05/16 02:40:07 INFO SecurityManager: SecurityManager: authentication disabled; ui acls disabled; users with view permissions: airflow; groups with view permissions: EMPTY; users with modify permissions: airflow; groups with modify permissions: EMPTY
[2026-05-16T02:40:08.121+0000] {subprocess.py:93} INFO - 26/05/16 02:40:08 INFO Utils: Successfully started service 'sparkDriver' on port 45461.
[2026-05-16T02:40:08.175+0000] {subprocess.py:93} INFO - 26/05/16 02:40:08 INFO SparkEnv: Registering MapOutputTracker
[2026-05-16T02:40:08.256+0000] {subprocess.py:93} INFO - 26/05/16 02:40:08 INFO SparkEnv: Registering BlockManagerMaster
[2026-05-16T02:40:08.296+0000] {subprocess.py:93} INFO - 26/05/16 02:40:08 INFO BlockManagerMasterEndpoint: Using org.apache.spark.storage.DefaultTopologyMapper for getting topology information
[2026-05-16T02:40:08.298+0000] {subprocess.py:93} INFO - 26/05/16 02:40:08 INFO BlockManagerMasterEndpoint: BlockManagerMasterEndpoint up
[2026-05-16T02:40:08.307+0000] {subprocess.py:93} INFO - 26/05/16 02:40:08 INFO SparkEnv: Registering BlockManagerMasterHeartbeat
[2026-05-16T02:40:08.344+0000] {subprocess.py:93} INFO - 26/05/16 02:40:08 INFO DiskBlockManager: Created local directory at /tmp/blockmgr-d6b0e4e2-3d51-48c3-8812-bbd72337f428
[2026-05-16T02:40:08.364+0000] {subprocess.py:93} INFO - 26/05/16 02:40:08 INFO MemoryStore: MemoryStore started with capacity 434.4 MiB
[2026-05-16T02:40:08.387+0000] {subprocess.py:93} INFO - 26/05/16 02:40:08 INFO SparkEnv: Registering OutputCommitCoordinator
[2026-05-16T02:40:08.572+0000] {subprocess.py:93} INFO - 26/05/16 02:40:08 INFO JettyUtils: Start Jetty 0.0.0.0:4040 for SparkUI
[2026-05-16T02:40:08.714+0000] {subprocess.py:93} INFO - 26/05/16 02:40:08 INFO Utils: Successfully started service 'SparkUI' on port 4040.
[2026-05-16T02:40:08.785+0000] {subprocess.py:93} INFO - 26/05/16 02:40:08 INFO SparkContext: Added JAR file:///opt/airflow/jars/aws-java-sdk-bundle-1.12.262.jar at spark://e8a9653e4a1b:45461/jars/aws-java-sdk-bundle-1.12.262.jar with timestamp 1778899207538
[2026-05-16T02:40:08.787+0000] {subprocess.py:93} INFO - 26/05/16 02:40:08 INFO SparkContext: Added JAR file:///opt/airflow/jars/hadoop-aws-3.3.4.jar at spark://e8a9653e4a1b:45461/jars/hadoop-aws-3.3.4.jar with timestamp 1778899207538
[2026-05-16T02:40:08.788+0000] {subprocess.py:93} INFO - 26/05/16 02:40:08 INFO SparkContext: Added JAR file:///opt/airflow/jars/postgresql-42.7.3.jar at spark://e8a9653e4a1b:45461/jars/postgresql-42.7.3.jar with timestamp 1778899207538
[2026-05-16T02:40:08.956+0000] {subprocess.py:93} INFO - 26/05/16 02:40:08 INFO StandaloneAppClient$ClientEndpoint: Connecting to master spark://spark-master:7077...
[2026-05-16T02:40:09.041+0000] {subprocess.py:93} INFO - 26/05/16 02:40:09 INFO TransportClientFactory: Successfully created connection to spark-master/172.18.0.6:7077 after 43 ms (0 ms spent in bootstraps)
[2026-05-16T02:40:09.213+0000] {subprocess.py:93} INFO - 26/05/16 02:40:09 INFO StandaloneSchedulerBackend: Connected to Spark cluster with app ID app-20260516024009-0121
[2026-05-16T02:40:09.218+0000] {subprocess.py:93} INFO - 26/05/16 02:40:09 INFO StandaloneAppClient$ClientEndpoint: Executor added: app-20260516024009-0121/0 on worker-20260514105200-172.18.0.13-40347 (172.18.0.13:40347) with 1 core(s)
[2026-05-16T02:40:09.224+0000] {subprocess.py:93} INFO - 26/05/16 02:40:09 INFO StandaloneSchedulerBackend: Granted executor ID app-20260516024009-0121/0 on hostPort 172.18.0.13:40347 with 1 core(s), 512.0 MiB RAM
[2026-05-16T02:40:09.239+0000] {subprocess.py:93} INFO - 26/05/16 02:40:09 INFO Utils: Successfully started service 'org.apache.spark.network.netty.NettyBlockTransferService' on port 36703.
[2026-05-16T02:40:09.240+0000] {subprocess.py:93} INFO - 26/05/16 02:40:09 INFO NettyBlockTransferService: Server created on e8a9653e4a1b:36703
[2026-05-16T02:40:09.243+0000] {subprocess.py:93} INFO - 26/05/16 02:40:09 INFO BlockManager: Using org.apache.spark.storage.RandomBlockReplicationPolicy for block replication policy
[2026-05-16T02:40:09.256+0000] {subprocess.py:93} INFO - 26/05/16 02:40:09 INFO BlockManagerMaster: Registering BlockManager BlockManagerId(driver, e8a9653e4a1b, 36703, None)
[2026-05-16T02:40:09.267+0000] {subprocess.py:93} INFO - 26/05/16 02:40:09 INFO BlockManagerMasterEndpoint: Registering block manager e8a9653e4a1b:36703 with 434.4 MiB RAM, BlockManagerId(driver, e8a9653e4a1b, 36703, None)
[2026-05-16T02:40:09.274+0000] {subprocess.py:93} INFO - 26/05/16 02:40:09 INFO BlockManagerMaster: Registered BlockManager BlockManagerId(driver, e8a9653e4a1b, 36703, None)
[2026-05-16T02:40:09.277+0000] {subprocess.py:93} INFO - 26/05/16 02:40:09 INFO BlockManager: Initialized BlockManager: BlockManagerId(driver, e8a9653e4a1b, 36703, None)
[2026-05-16T02:40:09.297+0000] {subprocess.py:93} INFO - 26/05/16 02:40:09 INFO StandaloneAppClient$ClientEndpoint: Executor updated: app-20260516024009-0121/0 is now RUNNING
[2026-05-16T02:40:09.774+0000] {subprocess.py:93} INFO - 26/05/16 02:40:09 INFO StandaloneSchedulerBackend: SchedulerBackend is ready for scheduling beginning after reached minRegisteredResourcesRatio: 0.0
[2026-05-16T02:40:12.452+0000] {subprocess.py:93} INFO - 26/05/16 02:40:12 WARN MetricsConfig: Cannot locate configuration: tried hadoop-metrics2-s3a-file-system.properties,hadoop-metrics2.properties
[2026-05-16T02:40:20.677+0000] {subprocess.py:93} INFO - Lecture SILVER terminée
[2026-05-16T02:40:35.288+0000] {subprocess.py:93} INFO - Table articles_par_jour créée
[2026-05-16T02:40:46.401+0000] {subprocess.py:93} INFO - Table articles_par_source créée
[2026-05-16T02:40:56.020+0000] {subprocess.py:93} INFO - Table top_categories créée
[2026-05-16T02:41:04.312+0000] {subprocess.py:93} INFO - Table articles_par_source_jour créée
[2026-05-16T02:41:04.313+0000] {subprocess.py:93} INFO - 
[2026-05-16T02:41:04.315+0000] {subprocess.py:93} INFO - ==============================
[2026-05-16T02:41:04.316+0000] {subprocess.py:93} INFO - GOLD LAYER TERMINÉ
[2026-05-16T02:41:04.317+0000] {subprocess.py:93} INFO - ==============================
[2026-05-16T02:41:05.026+0000] {subprocess.py:97} INFO - Command exited with return code 0
[2026-05-16T02:41:05.028+0000] {taskinstance.py:441} INFO - ::group::Post task execution logs
[2026-05-16T02:41:05.542+0000] {taskinstance.py:1206} INFO - Marking task as SUCCESS. dag_id=medallion_gold_layer, task_id=gold_processing, run_id=scheduled__2026-05-16T02:35:00+00:00, execution_date=20260516T023500, start_date=20260516T024001, end_date=20260516T024105
[2026-05-16T02:41:05.612+0000] {local_task_job_runner.py:240} INFO - Task exited with return code 0
[2026-05-16T02:41:05.685+0000] {taskinstance.py:3498} INFO - 0 downstream tasks scheduled from follow-on schedule check
[2026-05-16T02:41:05.689+0000] {local_task_job_runner.py:222} INFO - ::endgroup::
