[2026-05-15T23:20:00.629+0000] {local_task_job_runner.py:120} INFO - ::group::Pre task execution logs
[2026-05-15T23:20:00.689+0000] {taskinstance.py:2076} INFO - Dependencies all met for dep_context=non-requeueable deps ti=<TaskInstance: medallion_gold_layer.gold_processing scheduled__2026-05-15T23:15:00+00:00 [queued]>
[2026-05-15T23:20:00.700+0000] {taskinstance.py:2076} INFO - Dependencies all met for dep_context=requeueable deps ti=<TaskInstance: medallion_gold_layer.gold_processing scheduled__2026-05-15T23:15:00+00:00 [queued]>
[2026-05-15T23:20:00.701+0000] {taskinstance.py:2306} INFO - Starting attempt 1 of 2
[2026-05-15T23:20:00.718+0000] {taskinstance.py:2330} INFO - Executing <Task(BashOperator): gold_processing> on 2026-05-15 23:15:00+00:00
[2026-05-15T23:20:00.723+0000] {standard_task_runner.py:63} INFO - Started process 31378 to run task
[2026-05-15T23:20:00.727+0000] {standard_task_runner.py:90} INFO - Running: ['airflow', 'tasks', 'run', 'medallion_gold_layer', 'gold_processing', 'scheduled__2026-05-15T23:15:00+00:00', '--job-id', '85', '--raw', '--subdir', 'DAGS_FOLDER/gold_layer_dag.py', '--cfg-path', '/tmp/tmp1y7zr6hm']
[2026-05-15T23:20:00.729+0000] {standard_task_runner.py:91} INFO - Job 85: Subtask gold_processing
[2026-05-15T23:20:00.872+0000] {task_command.py:426} INFO - Running <TaskInstance: medallion_gold_layer.gold_processing scheduled__2026-05-15T23:15:00+00:00 [running]> on host e8a9653e4a1b
[2026-05-15T23:20:01.078+0000] {taskinstance.py:2648} INFO - Exporting env vars: AIRFLOW_CTX_DAG_OWNER='anass' AIRFLOW_CTX_DAG_ID='medallion_gold_layer' AIRFLOW_CTX_TASK_ID='gold_processing' AIRFLOW_CTX_EXECUTION_DATE='2026-05-15T23:15:00+00:00' AIRFLOW_CTX_TRY_NUMBER='1' AIRFLOW_CTX_DAG_RUN_ID='scheduled__2026-05-15T23:15:00+00:00'
[2026-05-15T23:20:01.079+0000] {taskinstance.py:430} INFO - ::endgroup::
[2026-05-15T23:20:01.090+0000] {subprocess.py:63} INFO - Tmp dir root location: /tmp
[2026-05-15T23:20:01.091+0000] {subprocess.py:75} INFO - Running command: ['/usr/bin/bash', '-c', '\n    spark-submit     --master spark://spark-master:7077     --executor-memory 512M     --executor-cores 1     --total-executor-cores 1     --jars /opt/airflow/jars/aws-java-sdk-bundle-1.12.262.jar,/opt/airflow/jars/hadoop-aws-3.3.4.jar,/opt/airflow/jars/postgresql-42.7.3.jar     /opt/spark_jobs/gold_processor.py\n    ']
[2026-05-15T23:20:01.100+0000] {subprocess.py:86} INFO - Output:
[2026-05-15T23:20:02.276+0000] {subprocess.py:93} INFO - 26/05/15 23:20:02 WARN NativeCodeLoader: Unable to load native-hadoop library for your platform... using builtin-java classes where applicable
[2026-05-15T23:20:03.190+0000] {subprocess.py:93} INFO - 26/05/15 23:20:03 INFO SparkContext: Running Spark version 3.5.1
[2026-05-15T23:20:03.191+0000] {subprocess.py:93} INFO - 26/05/15 23:20:03 INFO SparkContext: OS info Linux, 6.6.87.2-microsoft-standard-WSL2, amd64
[2026-05-15T23:20:03.192+0000] {subprocess.py:93} INFO - 26/05/15 23:20:03 INFO SparkContext: Java version 17.0.19
[2026-05-15T23:20:03.210+0000] {subprocess.py:93} INFO - 26/05/15 23:20:03 INFO ResourceUtils: ==============================================================
[2026-05-15T23:20:03.211+0000] {subprocess.py:93} INFO - 26/05/15 23:20:03 INFO ResourceUtils: No custom resources configured for spark.driver.
[2026-05-15T23:20:03.212+0000] {subprocess.py:93} INFO - 26/05/15 23:20:03 INFO ResourceUtils: ==============================================================
[2026-05-15T23:20:03.213+0000] {subprocess.py:93} INFO - 26/05/15 23:20:03 INFO SparkContext: Submitted application: GoldLayerProcessor
[2026-05-15T23:20:03.225+0000] {subprocess.py:93} INFO - 26/05/15 23:20:03 INFO ResourceProfile: Default ResourceProfile created, executor resources: Map(cores -> name: cores, amount: 1, script: , vendor: , memory -> name: memory, amount: 512, script: , vendor: , offHeap -> name: offHeap, amount: 0, script: , vendor: ), task resources: Map(cpus -> name: cpus, amount: 1.0)
[2026-05-15T23:20:03.230+0000] {subprocess.py:93} INFO - 26/05/15 23:20:03 INFO ResourceProfile: Limiting resource is cpus at 1 tasks per executor
[2026-05-15T23:20:03.231+0000] {subprocess.py:93} INFO - 26/05/15 23:20:03 INFO ResourceProfileManager: Added ResourceProfile id: 0
[2026-05-15T23:20:03.268+0000] {subprocess.py:93} INFO - 26/05/15 23:20:03 INFO SecurityManager: Changing view acls to: airflow
[2026-05-15T23:20:03.268+0000] {subprocess.py:93} INFO - 26/05/15 23:20:03 INFO SecurityManager: Changing modify acls to: airflow
[2026-05-15T23:20:03.269+0000] {subprocess.py:93} INFO - 26/05/15 23:20:03 INFO SecurityManager: Changing view acls groups to:
[2026-05-15T23:20:03.270+0000] {subprocess.py:93} INFO - 26/05/15 23:20:03 INFO SecurityManager: Changing modify acls groups to:
[2026-05-15T23:20:03.271+0000] {subprocess.py:93} INFO - 26/05/15 23:20:03 INFO SecurityManager: SecurityManager: authentication disabled; ui acls disabled; users with view permissions: airflow; groups with view permissions: EMPTY; users with modify permissions: airflow; groups with modify permissions: EMPTY
[2026-05-15T23:20:03.416+0000] {subprocess.py:93} INFO - 26/05/15 23:20:03 INFO Utils: Successfully started service 'sparkDriver' on port 41035.
[2026-05-15T23:20:03.431+0000] {subprocess.py:93} INFO - 26/05/15 23:20:03 INFO SparkEnv: Registering MapOutputTracker
[2026-05-15T23:20:03.456+0000] {subprocess.py:93} INFO - 26/05/15 23:20:03 INFO SparkEnv: Registering BlockManagerMaster
[2026-05-15T23:20:03.470+0000] {subprocess.py:93} INFO - 26/05/15 23:20:03 INFO BlockManagerMasterEndpoint: Using org.apache.spark.storage.DefaultTopologyMapper for getting topology information
[2026-05-15T23:20:03.472+0000] {subprocess.py:93} INFO - 26/05/15 23:20:03 INFO BlockManagerMasterEndpoint: BlockManagerMasterEndpoint up
[2026-05-15T23:20:03.475+0000] {subprocess.py:93} INFO - 26/05/15 23:20:03 INFO SparkEnv: Registering BlockManagerMasterHeartbeat
[2026-05-15T23:20:03.486+0000] {subprocess.py:93} INFO - 26/05/15 23:20:03 INFO DiskBlockManager: Created local directory at /tmp/blockmgr-37d8f832-462d-404a-9fb2-04c336982314
[2026-05-15T23:20:03.494+0000] {subprocess.py:93} INFO - 26/05/15 23:20:03 INFO MemoryStore: MemoryStore started with capacity 434.4 MiB
[2026-05-15T23:20:03.510+0000] {subprocess.py:93} INFO - 26/05/15 23:20:03 INFO SparkEnv: Registering OutputCommitCoordinator
[2026-05-15T23:20:03.589+0000] {subprocess.py:93} INFO - 26/05/15 23:20:03 INFO JettyUtils: Start Jetty 0.0.0.0:4040 for SparkUI
[2026-05-15T23:20:03.647+0000] {subprocess.py:93} INFO - 26/05/15 23:20:03 INFO Utils: Successfully started service 'SparkUI' on port 4040.
[2026-05-15T23:20:03.674+0000] {subprocess.py:93} INFO - 26/05/15 23:20:03 INFO SparkContext: Added JAR file:///opt/airflow/jars/aws-java-sdk-bundle-1.12.262.jar at spark://e8a9653e4a1b:41035/jars/aws-java-sdk-bundle-1.12.262.jar with timestamp 1778887203185
[2026-05-15T23:20:03.675+0000] {subprocess.py:93} INFO - 26/05/15 23:20:03 INFO SparkContext: Added JAR file:///opt/airflow/jars/hadoop-aws-3.3.4.jar at spark://e8a9653e4a1b:41035/jars/hadoop-aws-3.3.4.jar with timestamp 1778887203185
[2026-05-15T23:20:03.675+0000] {subprocess.py:93} INFO - 26/05/15 23:20:03 INFO SparkContext: Added JAR file:///opt/airflow/jars/postgresql-42.7.3.jar at spark://e8a9653e4a1b:41035/jars/postgresql-42.7.3.jar with timestamp 1778887203185
[2026-05-15T23:20:03.729+0000] {subprocess.py:93} INFO - 26/05/15 23:20:03 INFO StandaloneAppClient$ClientEndpoint: Connecting to master spark://spark-master:7077...
[2026-05-15T23:20:03.760+0000] {subprocess.py:93} INFO - 26/05/15 23:20:03 INFO TransportClientFactory: Successfully created connection to spark-master/172.18.0.6:7077 after 16 ms (0 ms spent in bootstraps)
[2026-05-15T23:20:03.815+0000] {subprocess.py:93} INFO - 26/05/15 23:20:03 INFO StandaloneSchedulerBackend: Connected to Spark cluster with app ID app-20260515232003-0084
[2026-05-15T23:20:03.818+0000] {subprocess.py:93} INFO - 26/05/15 23:20:03 INFO StandaloneAppClient$ClientEndpoint: Executor added: app-20260515232003-0084/0 on worker-20260514105200-172.18.0.13-40347 (172.18.0.13:40347) with 1 core(s)
[2026-05-15T23:20:03.819+0000] {subprocess.py:93} INFO - 26/05/15 23:20:03 INFO StandaloneSchedulerBackend: Granted executor ID app-20260515232003-0084/0 on hostPort 172.18.0.13:40347 with 1 core(s), 512.0 MiB RAM
[2026-05-15T23:20:03.823+0000] {subprocess.py:93} INFO - 26/05/15 23:20:03 INFO Utils: Successfully started service 'org.apache.spark.network.netty.NettyBlockTransferService' on port 41771.
[2026-05-15T23:20:03.824+0000] {subprocess.py:93} INFO - 26/05/15 23:20:03 INFO NettyBlockTransferService: Server created on e8a9653e4a1b:41771
[2026-05-15T23:20:03.825+0000] {subprocess.py:93} INFO - 26/05/15 23:20:03 INFO BlockManager: Using org.apache.spark.storage.RandomBlockReplicationPolicy for block replication policy
[2026-05-15T23:20:03.830+0000] {subprocess.py:93} INFO - 26/05/15 23:20:03 INFO BlockManagerMaster: Registering BlockManager BlockManagerId(driver, e8a9653e4a1b, 41771, None)
[2026-05-15T23:20:03.833+0000] {subprocess.py:93} INFO - 26/05/15 23:20:03 INFO BlockManagerMasterEndpoint: Registering block manager e8a9653e4a1b:41771 with 434.4 MiB RAM, BlockManagerId(driver, e8a9653e4a1b, 41771, None)
[2026-05-15T23:20:03.836+0000] {subprocess.py:93} INFO - 26/05/15 23:20:03 INFO BlockManagerMaster: Registered BlockManager BlockManagerId(driver, e8a9653e4a1b, 41771, None)
[2026-05-15T23:20:03.837+0000] {subprocess.py:93} INFO - 26/05/15 23:20:03 INFO BlockManager: Initialized BlockManager: BlockManagerId(driver, e8a9653e4a1b, 41771, None)
[2026-05-15T23:20:03.846+0000] {subprocess.py:93} INFO - 26/05/15 23:20:03 INFO StandaloneAppClient$ClientEndpoint: Executor updated: app-20260515232003-0084/0 is now RUNNING
[2026-05-15T23:20:03.979+0000] {subprocess.py:93} INFO - 26/05/15 23:20:03 INFO StandaloneSchedulerBackend: SchedulerBackend is ready for scheduling beginning after reached minRegisteredResourcesRatio: 0.0
[2026-05-15T23:20:04.971+0000] {subprocess.py:93} INFO - 26/05/15 23:20:04 WARN MetricsConfig: Cannot locate configuration: tried hadoop-metrics2-s3a-file-system.properties,hadoop-metrics2.properties
[2026-05-15T23:20:08.918+0000] {subprocess.py:93} INFO - Lecture SILVER terminée
[2026-05-15T23:20:15.748+0000] {subprocess.py:93} INFO - Table articles_par_jour créée
[2026-05-15T23:20:20.961+0000] {subprocess.py:93} INFO - Table articles_par_source créée
[2026-05-15T23:20:25.450+0000] {subprocess.py:93} INFO - Table top_categories créée
[2026-05-15T23:20:29.528+0000] {subprocess.py:93} INFO - Table articles_par_source_jour créée
[2026-05-15T23:20:29.531+0000] {subprocess.py:93} INFO - 
[2026-05-15T23:20:29.531+0000] {subprocess.py:93} INFO - ==============================
[2026-05-15T23:20:29.532+0000] {subprocess.py:93} INFO - GOLD LAYER TERMINÉ
[2026-05-15T23:20:29.532+0000] {subprocess.py:93} INFO - ==============================
[2026-05-15T23:20:30.091+0000] {subprocess.py:97} INFO - Command exited with return code 0
[2026-05-15T23:20:30.092+0000] {taskinstance.py:441} INFO - ::group::Post task execution logs
[2026-05-15T23:20:30.167+0000] {taskinstance.py:1206} INFO - Marking task as SUCCESS. dag_id=medallion_gold_layer, task_id=gold_processing, run_id=scheduled__2026-05-15T23:15:00+00:00, execution_date=20260515T231500, start_date=20260515T232000, end_date=20260515T232030
[2026-05-15T23:20:30.319+0000] {local_task_job_runner.py:240} INFO - Task exited with return code 0
[2026-05-15T23:20:30.366+0000] {taskinstance.py:3498} INFO - 0 downstream tasks scheduled from follow-on schedule check
[2026-05-15T23:20:30.368+0000] {local_task_job_runner.py:222} INFO - ::endgroup::
