[2026-05-17T22:10:01.967+0000] {local_task_job_runner.py:120} INFO - ::group::Pre task execution logs
[2026-05-17T22:10:02.160+0000] {taskinstance.py:2076} INFO - Dependencies all met for dep_context=non-requeueable deps ti=<TaskInstance: medallion_gold_layer.gold_processing scheduled__2026-05-17T22:05:00+00:00 [queued]>
[2026-05-17T22:10:02.181+0000] {taskinstance.py:2076} INFO - Dependencies all met for dep_context=requeueable deps ti=<TaskInstance: medallion_gold_layer.gold_processing scheduled__2026-05-17T22:05:00+00:00 [queued]>
[2026-05-17T22:10:02.184+0000] {taskinstance.py:2306} INFO - Starting attempt 1 of 2
[2026-05-17T22:10:02.222+0000] {taskinstance.py:2330} INFO - Executing <Task(BashOperator): gold_processing> on 2026-05-17 22:05:00+00:00
[2026-05-17T22:10:02.233+0000] {standard_task_runner.py:63} INFO - Started process 76267 to run task
[2026-05-17T22:10:02.239+0000] {standard_task_runner.py:90} INFO - Running: ['airflow', 'tasks', 'run', 'medallion_gold_layer', 'gold_processing', 'scheduled__2026-05-17T22:05:00+00:00', '--job-id', '198', '--raw', '--subdir', 'DAGS_FOLDER/gold_layer_dag.py', '--cfg-path', '/tmp/tmpbxd39kvs']
[2026-05-17T22:10:02.245+0000] {standard_task_runner.py:91} INFO - Job 198: Subtask gold_processing
[2026-05-17T22:10:02.721+0000] {task_command.py:426} INFO - Running <TaskInstance: medallion_gold_layer.gold_processing scheduled__2026-05-17T22:05:00+00:00 [running]> on host e8a9653e4a1b
[2026-05-17T22:10:03.388+0000] {taskinstance.py:2648} INFO - Exporting env vars: AIRFLOW_CTX_DAG_OWNER='anass' AIRFLOW_CTX_DAG_ID='medallion_gold_layer' AIRFLOW_CTX_TASK_ID='gold_processing' AIRFLOW_CTX_EXECUTION_DATE='2026-05-17T22:05:00+00:00' AIRFLOW_CTX_TRY_NUMBER='1' AIRFLOW_CTX_DAG_RUN_ID='scheduled__2026-05-17T22:05:00+00:00'
[2026-05-17T22:10:03.390+0000] {taskinstance.py:430} INFO - ::endgroup::
[2026-05-17T22:10:03.418+0000] {subprocess.py:63} INFO - Tmp dir root location: /tmp
[2026-05-17T22:10:03.421+0000] {subprocess.py:75} INFO - Running command: ['/usr/bin/bash', '-c', '\n    spark-submit     --master spark://spark-master:7077     --executor-memory 512M     --executor-cores 1     --total-executor-cores 1     --jars /opt/airflow/jars/aws-java-sdk-bundle-1.12.262.jar,/opt/airflow/jars/hadoop-aws-3.3.4.jar,/opt/airflow/jars/postgresql-42.7.3.jar     /opt/spark_jobs/gold_processor.py\n    ']
[2026-05-17T22:10:03.440+0000] {subprocess.py:86} INFO - Output:
[2026-05-17T22:10:06.360+0000] {subprocess.py:93} INFO - 26/05/17 22:10:06 WARN NativeCodeLoader: Unable to load native-hadoop library for your platform... using builtin-java classes where applicable
[2026-05-17T22:10:09.023+0000] {subprocess.py:93} INFO - 26/05/17 22:10:09 INFO SparkContext: Running Spark version 3.5.1
[2026-05-17T22:10:09.025+0000] {subprocess.py:93} INFO - 26/05/17 22:10:09 INFO SparkContext: OS info Linux, 6.6.87.2-microsoft-standard-WSL2, amd64
[2026-05-17T22:10:09.028+0000] {subprocess.py:93} INFO - 26/05/17 22:10:09 INFO SparkContext: Java version 17.0.19
[2026-05-17T22:10:09.126+0000] {subprocess.py:93} INFO - 26/05/17 22:10:09 INFO ResourceUtils: ==============================================================
[2026-05-17T22:10:09.130+0000] {subprocess.py:93} INFO - 26/05/17 22:10:09 INFO ResourceUtils: No custom resources configured for spark.driver.
[2026-05-17T22:10:09.134+0000] {subprocess.py:93} INFO - 26/05/17 22:10:09 INFO ResourceUtils: ==============================================================
[2026-05-17T22:10:09.137+0000] {subprocess.py:93} INFO - 26/05/17 22:10:09 INFO SparkContext: Submitted application: GoldLayerProcessor
[2026-05-17T22:10:09.205+0000] {subprocess.py:93} INFO - 26/05/17 22:10:09 INFO ResourceProfile: Default ResourceProfile created, executor resources: Map(cores -> name: cores, amount: 1, script: , vendor: , memory -> name: memory, amount: 512, script: , vendor: , offHeap -> name: offHeap, amount: 0, script: , vendor: ), task resources: Map(cpus -> name: cpus, amount: 1.0)
[2026-05-17T22:10:09.229+0000] {subprocess.py:93} INFO - 26/05/17 22:10:09 INFO ResourceProfile: Limiting resource is cpus at 1 tasks per executor
[2026-05-17T22:10:09.240+0000] {subprocess.py:93} INFO - 26/05/17 22:10:09 INFO ResourceProfileManager: Added ResourceProfile id: 0
[2026-05-17T22:10:09.353+0000] {subprocess.py:93} INFO - 26/05/17 22:10:09 INFO SecurityManager: Changing view acls to: airflow
[2026-05-17T22:10:09.354+0000] {subprocess.py:93} INFO - 26/05/17 22:10:09 INFO SecurityManager: Changing modify acls to: airflow
[2026-05-17T22:10:09.356+0000] {subprocess.py:93} INFO - 26/05/17 22:10:09 INFO SecurityManager: Changing view acls groups to:
[2026-05-17T22:10:09.357+0000] {subprocess.py:93} INFO - 26/05/17 22:10:09 INFO SecurityManager: Changing modify acls groups to:
[2026-05-17T22:10:09.358+0000] {subprocess.py:93} INFO - 26/05/17 22:10:09 INFO SecurityManager: SecurityManager: authentication disabled; ui acls disabled; users with view permissions: airflow; groups with view permissions: EMPTY; users with modify permissions: airflow; groups with modify permissions: EMPTY
[2026-05-17T22:10:09.946+0000] {subprocess.py:93} INFO - 26/05/17 22:10:09 INFO Utils: Successfully started service 'sparkDriver' on port 38109.
[2026-05-17T22:10:10.017+0000] {subprocess.py:93} INFO - 26/05/17 22:10:10 INFO SparkEnv: Registering MapOutputTracker
[2026-05-17T22:10:10.095+0000] {subprocess.py:93} INFO - 26/05/17 22:10:10 INFO SparkEnv: Registering BlockManagerMaster
[2026-05-17T22:10:10.122+0000] {subprocess.py:93} INFO - 26/05/17 22:10:10 INFO BlockManagerMasterEndpoint: Using org.apache.spark.storage.DefaultTopologyMapper for getting topology information
[2026-05-17T22:10:10.124+0000] {subprocess.py:93} INFO - 26/05/17 22:10:10 INFO BlockManagerMasterEndpoint: BlockManagerMasterEndpoint up
[2026-05-17T22:10:10.130+0000] {subprocess.py:93} INFO - 26/05/17 22:10:10 INFO SparkEnv: Registering BlockManagerMasterHeartbeat
[2026-05-17T22:10:10.161+0000] {subprocess.py:93} INFO - 26/05/17 22:10:10 INFO DiskBlockManager: Created local directory at /tmp/blockmgr-d9ac431a-6c0a-4261-8e23-b0fc57af1d0e
[2026-05-17T22:10:10.189+0000] {subprocess.py:93} INFO - 26/05/17 22:10:10 INFO MemoryStore: MemoryStore started with capacity 434.4 MiB
[2026-05-17T22:10:10.217+0000] {subprocess.py:93} INFO - 26/05/17 22:10:10 INFO SparkEnv: Registering OutputCommitCoordinator
[2026-05-17T22:10:10.433+0000] {subprocess.py:93} INFO - 26/05/17 22:10:10 INFO JettyUtils: Start Jetty 0.0.0.0:4040 for SparkUI
[2026-05-17T22:10:10.542+0000] {subprocess.py:93} INFO - 26/05/17 22:10:10 INFO Utils: Successfully started service 'SparkUI' on port 4040.
[2026-05-17T22:10:10.630+0000] {subprocess.py:93} INFO - 26/05/17 22:10:10 INFO SparkContext: Added JAR file:///opt/airflow/jars/aws-java-sdk-bundle-1.12.262.jar at spark://e8a9653e4a1b:38109/jars/aws-java-sdk-bundle-1.12.262.jar with timestamp 1779055809002
[2026-05-17T22:10:10.632+0000] {subprocess.py:93} INFO - 26/05/17 22:10:10 INFO SparkContext: Added JAR file:///opt/airflow/jars/hadoop-aws-3.3.4.jar at spark://e8a9653e4a1b:38109/jars/hadoop-aws-3.3.4.jar with timestamp 1779055809002
[2026-05-17T22:10:10.634+0000] {subprocess.py:93} INFO - 26/05/17 22:10:10 INFO SparkContext: Added JAR file:///opt/airflow/jars/postgresql-42.7.3.jar at spark://e8a9653e4a1b:38109/jars/postgresql-42.7.3.jar with timestamp 1779055809002
[2026-05-17T22:10:10.806+0000] {subprocess.py:93} INFO - 26/05/17 22:10:10 INFO StandaloneAppClient$ClientEndpoint: Connecting to master spark://spark-master:7077...
[2026-05-17T22:10:10.956+0000] {subprocess.py:93} INFO - 26/05/17 22:10:10 INFO TransportClientFactory: Successfully created connection to spark-master/172.18.0.6:7077 after 70 ms (0 ms spent in bootstraps)
[2026-05-17T22:10:11.175+0000] {subprocess.py:93} INFO - 26/05/17 22:10:11 INFO StandaloneSchedulerBackend: Connected to Spark cluster with app ID app-20260517221011-0197
[2026-05-17T22:10:11.182+0000] {subprocess.py:93} INFO - 26/05/17 22:10:11 INFO StandaloneAppClient$ClientEndpoint: Executor added: app-20260517221011-0197/0 on worker-20260514105200-172.18.0.13-40347 (172.18.0.13:40347) with 1 core(s)
[2026-05-17T22:10:11.194+0000] {subprocess.py:93} INFO - 26/05/17 22:10:11 INFO StandaloneSchedulerBackend: Granted executor ID app-20260517221011-0197/0 on hostPort 172.18.0.13:40347 with 1 core(s), 512.0 MiB RAM
[2026-05-17T22:10:11.222+0000] {subprocess.py:93} INFO - 26/05/17 22:10:11 INFO Utils: Successfully started service 'org.apache.spark.network.netty.NettyBlockTransferService' on port 44373.
[2026-05-17T22:10:11.224+0000] {subprocess.py:93} INFO - 26/05/17 22:10:11 INFO NettyBlockTransferService: Server created on e8a9653e4a1b:44373
[2026-05-17T22:10:11.230+0000] {subprocess.py:93} INFO - 26/05/17 22:10:11 INFO BlockManager: Using org.apache.spark.storage.RandomBlockReplicationPolicy for block replication policy
[2026-05-17T22:10:11.253+0000] {subprocess.py:93} INFO - 26/05/17 22:10:11 INFO BlockManagerMaster: Registering BlockManager BlockManagerId(driver, e8a9653e4a1b, 44373, None)
[2026-05-17T22:10:11.268+0000] {subprocess.py:93} INFO - 26/05/17 22:10:11 INFO BlockManagerMasterEndpoint: Registering block manager e8a9653e4a1b:44373 with 434.4 MiB RAM, BlockManagerId(driver, e8a9653e4a1b, 44373, None)
[2026-05-17T22:10:11.281+0000] {subprocess.py:93} INFO - 26/05/17 22:10:11 INFO BlockManagerMaster: Registered BlockManager BlockManagerId(driver, e8a9653e4a1b, 44373, None)
[2026-05-17T22:10:11.287+0000] {subprocess.py:93} INFO - 26/05/17 22:10:11 INFO BlockManager: Initialized BlockManager: BlockManagerId(driver, e8a9653e4a1b, 44373, None)
[2026-05-17T22:10:11.290+0000] {subprocess.py:93} INFO - 26/05/17 22:10:11 INFO StandaloneAppClient$ClientEndpoint: Executor updated: app-20260517221011-0197/0 is now RUNNING
[2026-05-17T22:10:11.669+0000] {subprocess.py:93} INFO - 26/05/17 22:10:11 INFO StandaloneSchedulerBackend: SchedulerBackend is ready for scheduling beginning after reached minRegisteredResourcesRatio: 0.0
[2026-05-17T22:10:13.859+0000] {subprocess.py:93} INFO - 26/05/17 22:10:13 WARN MetricsConfig: Cannot locate configuration: tried hadoop-metrics2-s3a-file-system.properties,hadoop-metrics2.properties
[2026-05-17T22:10:29.233+0000] {subprocess.py:93} INFO - Lecture SILVER terminée
[2026-05-17T22:10:55.155+0000] {subprocess.py:93} INFO - Table articles_par_jour créée
[2026-05-17T22:11:13.813+0000] {subprocess.py:93} INFO - Table articles_par_source créée
[2026-05-17T22:11:31.433+0000] {subprocess.py:93} INFO - Table top_categories créée
[2026-05-17T22:11:50.696+0000] {subprocess.py:93} INFO - Table articles_par_source_jour créée
[2026-05-17T22:11:50.697+0000] {subprocess.py:93} INFO - 
[2026-05-17T22:11:50.698+0000] {subprocess.py:93} INFO - ==============================
[2026-05-17T22:11:50.699+0000] {subprocess.py:93} INFO - GOLD LAYER TERMINÉ
[2026-05-17T22:11:50.700+0000] {subprocess.py:93} INFO - ==============================
[2026-05-17T22:11:51.622+0000] {subprocess.py:97} INFO - Command exited with return code 0
[2026-05-17T22:11:51.625+0000] {taskinstance.py:441} INFO - ::group::Post task execution logs
[2026-05-17T22:11:52.192+0000] {taskinstance.py:1206} INFO - Marking task as SUCCESS. dag_id=medallion_gold_layer, task_id=gold_processing, run_id=scheduled__2026-05-17T22:05:00+00:00, execution_date=20260517T220500, start_date=20260517T221002, end_date=20260517T221152
[2026-05-17T22:11:52.318+0000] {local_task_job_runner.py:240} INFO - Task exited with return code 0
[2026-05-17T22:11:52.463+0000] {local_task_job_runner.py:222} INFO - ::endgroup::
