[2026-05-15T14:30:02.316+0000] {local_task_job_runner.py:120} INFO - ::group::Pre task execution logs
[2026-05-15T14:30:02.462+0000] {taskinstance.py:2076} INFO - Dependencies all met for dep_context=non-requeueable deps ti=<TaskInstance: medallion_gold_layer.gold_processing scheduled__2026-05-15T14:25:00+00:00 [queued]>
[2026-05-15T14:30:02.487+0000] {taskinstance.py:2076} INFO - Dependencies all met for dep_context=requeueable deps ti=<TaskInstance: medallion_gold_layer.gold_processing scheduled__2026-05-15T14:25:00+00:00 [queued]>
[2026-05-15T14:30:02.489+0000] {taskinstance.py:2306} INFO - Starting attempt 1 of 2
[2026-05-15T14:30:02.541+0000] {taskinstance.py:2330} INFO - Executing <Task(BashOperator): gold_processing> on 2026-05-15 14:25:00+00:00
[2026-05-15T14:30:02.553+0000] {standard_task_runner.py:63} INFO - Started process 15311 to run task
[2026-05-15T14:30:02.564+0000] {standard_task_runner.py:90} INFO - Running: ['airflow', 'tasks', 'run', 'medallion_gold_layer', 'gold_processing', 'scheduled__2026-05-15T14:25:00+00:00', '--job-id', '43', '--raw', '--subdir', 'DAGS_FOLDER/gold_layer_dag.py', '--cfg-path', '/tmp/tmp8jbhnkwv']
[2026-05-15T14:30:02.572+0000] {standard_task_runner.py:91} INFO - Job 43: Subtask gold_processing
[2026-05-15T14:30:03.131+0000] {task_command.py:426} INFO - Running <TaskInstance: medallion_gold_layer.gold_processing scheduled__2026-05-15T14:25:00+00:00 [running]> on host e8a9653e4a1b
[2026-05-15T14:30:03.701+0000] {taskinstance.py:2648} INFO - Exporting env vars: AIRFLOW_CTX_DAG_OWNER='anass' AIRFLOW_CTX_DAG_ID='medallion_gold_layer' AIRFLOW_CTX_TASK_ID='gold_processing' AIRFLOW_CTX_EXECUTION_DATE='2026-05-15T14:25:00+00:00' AIRFLOW_CTX_TRY_NUMBER='1' AIRFLOW_CTX_DAG_RUN_ID='scheduled__2026-05-15T14:25:00+00:00'
[2026-05-15T14:30:03.703+0000] {taskinstance.py:430} INFO - ::endgroup::
[2026-05-15T14:30:03.741+0000] {subprocess.py:63} INFO - Tmp dir root location: /tmp
[2026-05-15T14:30:03.744+0000] {subprocess.py:75} INFO - Running command: ['/usr/bin/bash', '-c', '\n    spark-submit     --master spark://spark-master:7077     --executor-memory 512M     --executor-cores 1     --total-executor-cores 1     --jars /opt/airflow/jars/aws-java-sdk-bundle-1.12.262.jar,/opt/airflow/jars/hadoop-aws-3.3.4.jar,/opt/airflow/jars/postgresql-42.7.3.jar     /opt/spark_jobs/gold_processor.py\n    ']
[2026-05-15T14:30:03.761+0000] {subprocess.py:86} INFO - Output:
[2026-05-15T14:30:06.916+0000] {subprocess.py:93} INFO - 26/05/15 14:30:06 WARN NativeCodeLoader: Unable to load native-hadoop library for your platform... using builtin-java classes where applicable
[2026-05-15T14:30:09.246+0000] {subprocess.py:93} INFO - 26/05/15 14:30:09 INFO SparkContext: Running Spark version 3.5.1
[2026-05-15T14:30:09.250+0000] {subprocess.py:93} INFO - 26/05/15 14:30:09 INFO SparkContext: OS info Linux, 6.6.87.2-microsoft-standard-WSL2, amd64
[2026-05-15T14:30:09.252+0000] {subprocess.py:93} INFO - 26/05/15 14:30:09 INFO SparkContext: Java version 17.0.19
[2026-05-15T14:30:09.339+0000] {subprocess.py:93} INFO - 26/05/15 14:30:09 INFO ResourceUtils: ==============================================================
[2026-05-15T14:30:09.341+0000] {subprocess.py:93} INFO - 26/05/15 14:30:09 INFO ResourceUtils: No custom resources configured for spark.driver.
[2026-05-15T14:30:09.342+0000] {subprocess.py:93} INFO - 26/05/15 14:30:09 INFO ResourceUtils: ==============================================================
[2026-05-15T14:30:09.344+0000] {subprocess.py:93} INFO - 26/05/15 14:30:09 INFO SparkContext: Submitted application: GoldLayerProcessor
[2026-05-15T14:30:09.388+0000] {subprocess.py:93} INFO - 26/05/15 14:30:09 INFO ResourceProfile: Default ResourceProfile created, executor resources: Map(cores -> name: cores, amount: 1, script: , vendor: , memory -> name: memory, amount: 512, script: , vendor: , offHeap -> name: offHeap, amount: 0, script: , vendor: ), task resources: Map(cpus -> name: cpus, amount: 1.0)
[2026-05-15T14:30:09.410+0000] {subprocess.py:93} INFO - 26/05/15 14:30:09 INFO ResourceProfile: Limiting resource is cpus at 1 tasks per executor
[2026-05-15T14:30:09.417+0000] {subprocess.py:93} INFO - 26/05/15 14:30:09 INFO ResourceProfileManager: Added ResourceProfile id: 0
[2026-05-15T14:30:09.530+0000] {subprocess.py:93} INFO - 26/05/15 14:30:09 INFO SecurityManager: Changing view acls to: airflow
[2026-05-15T14:30:09.533+0000] {subprocess.py:93} INFO - 26/05/15 14:30:09 INFO SecurityManager: Changing modify acls to: airflow
[2026-05-15T14:30:09.534+0000] {subprocess.py:93} INFO - 26/05/15 14:30:09 INFO SecurityManager: Changing view acls groups to:
[2026-05-15T14:30:09.536+0000] {subprocess.py:93} INFO - 26/05/15 14:30:09 INFO SecurityManager: Changing modify acls groups to:
[2026-05-15T14:30:09.537+0000] {subprocess.py:93} INFO - 26/05/15 14:30:09 INFO SecurityManager: SecurityManager: authentication disabled; ui acls disabled; users with view permissions: airflow; groups with view permissions: EMPTY; users with modify permissions: airflow; groups with modify permissions: EMPTY
[2026-05-15T14:30:09.946+0000] {subprocess.py:93} INFO - 26/05/15 14:30:09 INFO Utils: Successfully started service 'sparkDriver' on port 39025.
[2026-05-15T14:30:09.989+0000] {subprocess.py:93} INFO - 26/05/15 14:30:09 INFO SparkEnv: Registering MapOutputTracker
[2026-05-15T14:30:10.054+0000] {subprocess.py:93} INFO - 26/05/15 14:30:10 INFO SparkEnv: Registering BlockManagerMaster
[2026-05-15T14:30:10.086+0000] {subprocess.py:93} INFO - 26/05/15 14:30:10 INFO BlockManagerMasterEndpoint: Using org.apache.spark.storage.DefaultTopologyMapper for getting topology information
[2026-05-15T14:30:10.087+0000] {subprocess.py:93} INFO - 26/05/15 14:30:10 INFO BlockManagerMasterEndpoint: BlockManagerMasterEndpoint up
[2026-05-15T14:30:10.098+0000] {subprocess.py:93} INFO - 26/05/15 14:30:10 INFO SparkEnv: Registering BlockManagerMasterHeartbeat
[2026-05-15T14:30:10.123+0000] {subprocess.py:93} INFO - 26/05/15 14:30:10 INFO DiskBlockManager: Created local directory at /tmp/blockmgr-1eec4faa-5d4c-4100-8955-b448832b5899
[2026-05-15T14:30:10.144+0000] {subprocess.py:93} INFO - 26/05/15 14:30:10 INFO MemoryStore: MemoryStore started with capacity 434.4 MiB
[2026-05-15T14:30:10.171+0000] {subprocess.py:93} INFO - 26/05/15 14:30:10 INFO SparkEnv: Registering OutputCommitCoordinator
[2026-05-15T14:30:10.400+0000] {subprocess.py:93} INFO - 26/05/15 14:30:10 INFO JettyUtils: Start Jetty 0.0.0.0:4040 for SparkUI
[2026-05-15T14:30:10.529+0000] {subprocess.py:93} INFO - 26/05/15 14:30:10 INFO Utils: Successfully started service 'SparkUI' on port 4040.
[2026-05-15T14:30:10.590+0000] {subprocess.py:93} INFO - 26/05/15 14:30:10 INFO SparkContext: Added JAR file:///opt/airflow/jars/aws-java-sdk-bundle-1.12.262.jar at spark://e8a9653e4a1b:39025/jars/aws-java-sdk-bundle-1.12.262.jar with timestamp 1778855409205
[2026-05-15T14:30:10.592+0000] {subprocess.py:93} INFO - 26/05/15 14:30:10 INFO SparkContext: Added JAR file:///opt/airflow/jars/hadoop-aws-3.3.4.jar at spark://e8a9653e4a1b:39025/jars/hadoop-aws-3.3.4.jar with timestamp 1778855409205
[2026-05-15T14:30:10.593+0000] {subprocess.py:93} INFO - 26/05/15 14:30:10 INFO SparkContext: Added JAR file:///opt/airflow/jars/postgresql-42.7.3.jar at spark://e8a9653e4a1b:39025/jars/postgresql-42.7.3.jar with timestamp 1778855409205
[2026-05-15T14:30:10.714+0000] {subprocess.py:93} INFO - 26/05/15 14:30:10 INFO StandaloneAppClient$ClientEndpoint: Connecting to master spark://spark-master:7077...
[2026-05-15T14:30:10.777+0000] {subprocess.py:93} INFO - 26/05/15 14:30:10 INFO TransportClientFactory: Successfully created connection to spark-master/172.18.0.6:7077 after 33 ms (0 ms spent in bootstraps)
[2026-05-15T14:30:10.917+0000] {subprocess.py:93} INFO - 26/05/15 14:30:10 INFO StandaloneSchedulerBackend: Connected to Spark cluster with app ID app-20260515143010-0042
[2026-05-15T14:30:10.920+0000] {subprocess.py:93} INFO - 26/05/15 14:30:10 INFO StandaloneAppClient$ClientEndpoint: Executor added: app-20260515143010-0042/0 on worker-20260514105200-172.18.0.13-40347 (172.18.0.13:40347) with 1 core(s)
[2026-05-15T14:30:10.923+0000] {subprocess.py:93} INFO - 26/05/15 14:30:10 INFO StandaloneSchedulerBackend: Granted executor ID app-20260515143010-0042/0 on hostPort 172.18.0.13:40347 with 1 core(s), 512.0 MiB RAM
[2026-05-15T14:30:10.933+0000] {subprocess.py:93} INFO - 26/05/15 14:30:10 INFO Utils: Successfully started service 'org.apache.spark.network.netty.NettyBlockTransferService' on port 44249.
[2026-05-15T14:30:10.934+0000] {subprocess.py:93} INFO - 26/05/15 14:30:10 INFO NettyBlockTransferService: Server created on e8a9653e4a1b:44249
[2026-05-15T14:30:10.936+0000] {subprocess.py:93} INFO - 26/05/15 14:30:10 INFO BlockManager: Using org.apache.spark.storage.RandomBlockReplicationPolicy for block replication policy
[2026-05-15T14:30:10.952+0000] {subprocess.py:93} INFO - 26/05/15 14:30:10 INFO BlockManagerMaster: Registering BlockManager BlockManagerId(driver, e8a9653e4a1b, 44249, None)
[2026-05-15T14:30:10.961+0000] {subprocess.py:93} INFO - 26/05/15 14:30:10 INFO BlockManagerMasterEndpoint: Registering block manager e8a9653e4a1b:44249 with 434.4 MiB RAM, BlockManagerId(driver, e8a9653e4a1b, 44249, None)
[2026-05-15T14:30:10.967+0000] {subprocess.py:93} INFO - 26/05/15 14:30:10 INFO BlockManagerMaster: Registered BlockManager BlockManagerId(driver, e8a9653e4a1b, 44249, None)
[2026-05-15T14:30:10.970+0000] {subprocess.py:93} INFO - 26/05/15 14:30:10 INFO BlockManager: Initialized BlockManager: BlockManagerId(driver, e8a9653e4a1b, 44249, None)
[2026-05-15T14:30:10.990+0000] {subprocess.py:93} INFO - 26/05/15 14:30:10 INFO StandaloneAppClient$ClientEndpoint: Executor updated: app-20260515143010-0042/0 is now RUNNING
[2026-05-15T14:30:11.383+0000] {subprocess.py:93} INFO - 26/05/15 14:30:11 INFO StandaloneSchedulerBackend: SchedulerBackend is ready for scheduling beginning after reached minRegisteredResourcesRatio: 0.0
[2026-05-15T14:30:13.793+0000] {subprocess.py:93} INFO - 26/05/15 14:30:13 WARN MetricsConfig: Cannot locate configuration: tried hadoop-metrics2-s3a-file-system.properties,hadoop-metrics2.properties
[2026-05-15T14:30:23.984+0000] {subprocess.py:93} INFO - Lecture SILVER terminée
[2026-05-15T14:30:37.234+0000] {subprocess.py:93} INFO - Table articles_par_jour créée
[2026-05-15T14:30:47.211+0000] {subprocess.py:93} INFO - Table articles_par_source créée
[2026-05-15T14:30:55.782+0000] {subprocess.py:93} INFO - Table top_categories créée
[2026-05-15T14:31:02.367+0000] {subprocess.py:93} INFO - Table articles_par_source_jour créée
[2026-05-15T14:31:02.368+0000] {subprocess.py:93} INFO - 
[2026-05-15T14:31:02.369+0000] {subprocess.py:93} INFO - ==============================
[2026-05-15T14:31:02.370+0000] {subprocess.py:93} INFO - GOLD LAYER TERMINÉ
[2026-05-15T14:31:02.371+0000] {subprocess.py:93} INFO - ==============================
[2026-05-15T14:31:02.691+0000] {subprocess.py:97} INFO - Command exited with return code 0
[2026-05-15T14:31:02.693+0000] {taskinstance.py:441} INFO - ::group::Post task execution logs
[2026-05-15T14:31:03.230+0000] {taskinstance.py:1206} INFO - Marking task as SUCCESS. dag_id=medallion_gold_layer, task_id=gold_processing, run_id=scheduled__2026-05-15T14:25:00+00:00, execution_date=20260515T142500, start_date=20260515T143002, end_date=20260515T143103
[2026-05-15T14:31:03.295+0000] {local_task_job_runner.py:240} INFO - Task exited with return code 0
[2026-05-15T14:31:03.418+0000] {taskinstance.py:3498} INFO - 0 downstream tasks scheduled from follow-on schedule check
[2026-05-15T14:31:03.442+0000] {local_task_job_runner.py:222} INFO - ::endgroup::
