[2026-05-17T03:35:05.389+0000] {local_task_job_runner.py:120} INFO - ::group::Pre task execution logs
[2026-05-17T03:35:06.457+0000] {taskinstance.py:2076} INFO - Dependencies all met for dep_context=non-requeueable deps ti=<TaskInstance: medallion_gold_layer.gold_processing scheduled__2026-05-17T03:30:00+00:00 [queued]>
[2026-05-17T03:35:06.626+0000] {taskinstance.py:2076} INFO - Dependencies all met for dep_context=requeueable deps ti=<TaskInstance: medallion_gold_layer.gold_processing scheduled__2026-05-17T03:30:00+00:00 [queued]>
[2026-05-17T03:35:06.630+0000] {taskinstance.py:2306} INFO - Starting attempt 1 of 2
[2026-05-17T03:35:06.982+0000] {taskinstance.py:2330} INFO - Executing <Task(BashOperator): gold_processing> on 2026-05-17 03:30:00+00:00
[2026-05-17T03:35:07.019+0000] {standard_task_runner.py:63} INFO - Started process 70541 to run task
[2026-05-17T03:35:07.042+0000] {standard_task_runner.py:90} INFO - Running: ['airflow', 'tasks', 'run', 'medallion_gold_layer', 'gold_processing', 'scheduled__2026-05-17T03:30:00+00:00', '--job-id', '183', '--raw', '--subdir', 'DAGS_FOLDER/gold_layer_dag.py', '--cfg-path', '/tmp/tmp20kay1e3']
[2026-05-17T03:35:07.053+0000] {standard_task_runner.py:91} INFO - Job 183: Subtask gold_processing
[2026-05-17T03:35:08.645+0000] {task_command.py:426} INFO - Running <TaskInstance: medallion_gold_layer.gold_processing scheduled__2026-05-17T03:30:00+00:00 [running]> on host e8a9653e4a1b
[2026-05-17T03:35:09.974+0000] {taskinstance.py:2648} INFO - Exporting env vars: AIRFLOW_CTX_DAG_OWNER='anass' AIRFLOW_CTX_DAG_ID='medallion_gold_layer' AIRFLOW_CTX_TASK_ID='gold_processing' AIRFLOW_CTX_EXECUTION_DATE='2026-05-17T03:30:00+00:00' AIRFLOW_CTX_TRY_NUMBER='1' AIRFLOW_CTX_DAG_RUN_ID='scheduled__2026-05-17T03:30:00+00:00'
[2026-05-17T03:35:09.979+0000] {taskinstance.py:430} INFO - ::endgroup::
[2026-05-17T03:35:10.052+0000] {subprocess.py:63} INFO - Tmp dir root location: /tmp
[2026-05-17T03:35:10.057+0000] {subprocess.py:75} INFO - Running command: ['/usr/bin/bash', '-c', '\n    spark-submit     --master spark://spark-master:7077     --executor-memory 512M     --executor-cores 1     --total-executor-cores 1     --jars /opt/airflow/jars/aws-java-sdk-bundle-1.12.262.jar,/opt/airflow/jars/hadoop-aws-3.3.4.jar,/opt/airflow/jars/postgresql-42.7.3.jar     /opt/spark_jobs/gold_processor.py\n    ']
[2026-05-17T03:35:10.097+0000] {subprocess.py:86} INFO - Output:
[2026-05-17T03:35:23.855+0000] {subprocess.py:93} INFO - 26/05/17 03:35:23 WARN NativeCodeLoader: Unable to load native-hadoop library for your platform... using builtin-java classes where applicable
[2026-05-17T03:35:32.644+0000] {subprocess.py:93} INFO - 26/05/17 03:35:32 INFO SparkContext: Running Spark version 3.5.1
[2026-05-17T03:35:32.645+0000] {subprocess.py:93} INFO - 26/05/17 03:35:32 INFO SparkContext: OS info Linux, 6.6.87.2-microsoft-standard-WSL2, amd64
[2026-05-17T03:35:32.646+0000] {subprocess.py:93} INFO - 26/05/17 03:35:32 INFO SparkContext: Java version 17.0.19
[2026-05-17T03:35:32.673+0000] {subprocess.py:93} INFO - 26/05/17 03:35:32 INFO ResourceUtils: ==============================================================
[2026-05-17T03:35:32.674+0000] {subprocess.py:93} INFO - 26/05/17 03:35:32 INFO ResourceUtils: No custom resources configured for spark.driver.
[2026-05-17T03:35:32.675+0000] {subprocess.py:93} INFO - 26/05/17 03:35:32 INFO ResourceUtils: ==============================================================
[2026-05-17T03:35:32.676+0000] {subprocess.py:93} INFO - 26/05/17 03:35:32 INFO SparkContext: Submitted application: GoldLayerProcessor
[2026-05-17T03:35:32.697+0000] {subprocess.py:93} INFO - 26/05/17 03:35:32 INFO ResourceProfile: Default ResourceProfile created, executor resources: Map(cores -> name: cores, amount: 1, script: , vendor: , memory -> name: memory, amount: 512, script: , vendor: , offHeap -> name: offHeap, amount: 0, script: , vendor: ), task resources: Map(cpus -> name: cpus, amount: 1.0)
[2026-05-17T03:35:32.712+0000] {subprocess.py:93} INFO - 26/05/17 03:35:32 INFO ResourceProfile: Limiting resource is cpus at 1 tasks per executor
[2026-05-17T03:35:32.716+0000] {subprocess.py:93} INFO - 26/05/17 03:35:32 INFO ResourceProfileManager: Added ResourceProfile id: 0
[2026-05-17T03:35:32.777+0000] {subprocess.py:93} INFO - 26/05/17 03:35:32 INFO SecurityManager: Changing view acls to: airflow
[2026-05-17T03:35:32.778+0000] {subprocess.py:93} INFO - 26/05/17 03:35:32 INFO SecurityManager: Changing modify acls to: airflow
[2026-05-17T03:35:32.779+0000] {subprocess.py:93} INFO - 26/05/17 03:35:32 INFO SecurityManager: Changing view acls groups to:
[2026-05-17T03:35:32.779+0000] {subprocess.py:93} INFO - 26/05/17 03:35:32 INFO SecurityManager: Changing modify acls groups to:
[2026-05-17T03:35:32.780+0000] {subprocess.py:93} INFO - 26/05/17 03:35:32 INFO SecurityManager: SecurityManager: authentication disabled; ui acls disabled; users with view permissions: airflow; groups with view permissions: EMPTY; users with modify permissions: airflow; groups with modify permissions: EMPTY
[2026-05-17T03:35:32.998+0000] {subprocess.py:93} INFO - 26/05/17 03:35:32 INFO Utils: Successfully started service 'sparkDriver' on port 38395.
[2026-05-17T03:35:33.026+0000] {subprocess.py:93} INFO - 26/05/17 03:35:33 INFO SparkEnv: Registering MapOutputTracker
[2026-05-17T03:35:33.057+0000] {subprocess.py:93} INFO - 26/05/17 03:35:33 INFO SparkEnv: Registering BlockManagerMaster
[2026-05-17T03:35:33.074+0000] {subprocess.py:93} INFO - 26/05/17 03:35:33 INFO BlockManagerMasterEndpoint: Using org.apache.spark.storage.DefaultTopologyMapper for getting topology information
[2026-05-17T03:35:33.075+0000] {subprocess.py:93} INFO - 26/05/17 03:35:33 INFO BlockManagerMasterEndpoint: BlockManagerMasterEndpoint up
[2026-05-17T03:35:33.081+0000] {subprocess.py:93} INFO - 26/05/17 03:35:33 INFO SparkEnv: Registering BlockManagerMasterHeartbeat
[2026-05-17T03:35:33.094+0000] {subprocess.py:93} INFO - 26/05/17 03:35:33 INFO DiskBlockManager: Created local directory at /tmp/blockmgr-e8cd3537-4fc6-4059-ba9e-19fc58b11088
[2026-05-17T03:35:33.107+0000] {subprocess.py:93} INFO - 26/05/17 03:35:33 INFO MemoryStore: MemoryStore started with capacity 434.4 MiB
[2026-05-17T03:35:33.123+0000] {subprocess.py:93} INFO - 26/05/17 03:35:33 INFO SparkEnv: Registering OutputCommitCoordinator
[2026-05-17T03:35:33.248+0000] {subprocess.py:93} INFO - 26/05/17 03:35:33 INFO JettyUtils: Start Jetty 0.0.0.0:4040 for SparkUI
[2026-05-17T03:35:33.323+0000] {subprocess.py:93} INFO - 26/05/17 03:35:33 INFO Utils: Successfully started service 'SparkUI' on port 4040.
[2026-05-17T03:35:33.352+0000] {subprocess.py:93} INFO - 26/05/17 03:35:33 INFO SparkContext: Added JAR file:///opt/airflow/jars/aws-java-sdk-bundle-1.12.262.jar at spark://e8a9653e4a1b:38395/jars/aws-java-sdk-bundle-1.12.262.jar with timestamp 1778988932638
[2026-05-17T03:35:33.353+0000] {subprocess.py:93} INFO - 26/05/17 03:35:33 INFO SparkContext: Added JAR file:///opt/airflow/jars/hadoop-aws-3.3.4.jar at spark://e8a9653e4a1b:38395/jars/hadoop-aws-3.3.4.jar with timestamp 1778988932638
[2026-05-17T03:35:33.354+0000] {subprocess.py:93} INFO - 26/05/17 03:35:33 INFO SparkContext: Added JAR file:///opt/airflow/jars/postgresql-42.7.3.jar at spark://e8a9653e4a1b:38395/jars/postgresql-42.7.3.jar with timestamp 1778988932638
[2026-05-17T03:35:33.438+0000] {subprocess.py:93} INFO - 26/05/17 03:35:33 INFO StandaloneAppClient$ClientEndpoint: Connecting to master spark://spark-master:7077...
[2026-05-17T03:35:33.485+0000] {subprocess.py:93} INFO - 26/05/17 03:35:33 INFO TransportClientFactory: Successfully created connection to spark-master/172.18.0.6:7077 after 24 ms (0 ms spent in bootstraps)
[2026-05-17T03:35:33.570+0000] {subprocess.py:93} INFO - 26/05/17 03:35:33 INFO StandaloneSchedulerBackend: Connected to Spark cluster with app ID app-20260517033533-0182
[2026-05-17T03:35:33.572+0000] {subprocess.py:93} INFO - 26/05/17 03:35:33 INFO StandaloneAppClient$ClientEndpoint: Executor added: app-20260517033533-0182/0 on worker-20260514105200-172.18.0.13-40347 (172.18.0.13:40347) with 1 core(s)
[2026-05-17T03:35:33.575+0000] {subprocess.py:93} INFO - 26/05/17 03:35:33 INFO StandaloneSchedulerBackend: Granted executor ID app-20260517033533-0182/0 on hostPort 172.18.0.13:40347 with 1 core(s), 512.0 MiB RAM
[2026-05-17T03:35:33.584+0000] {subprocess.py:93} INFO - 26/05/17 03:35:33 INFO Utils: Successfully started service 'org.apache.spark.network.netty.NettyBlockTransferService' on port 37143.
[2026-05-17T03:35:33.588+0000] {subprocess.py:93} INFO - 26/05/17 03:35:33 INFO NettyBlockTransferService: Server created on e8a9653e4a1b:37143
[2026-05-17T03:35:33.593+0000] {subprocess.py:93} INFO - 26/05/17 03:35:33 INFO BlockManager: Using org.apache.spark.storage.RandomBlockReplicationPolicy for block replication policy
[2026-05-17T03:35:33.600+0000] {subprocess.py:93} INFO - 26/05/17 03:35:33 INFO StandaloneAppClient$ClientEndpoint: Executor updated: app-20260517033533-0182/0 is now RUNNING
[2026-05-17T03:35:33.605+0000] {subprocess.py:93} INFO - 26/05/17 03:35:33 INFO BlockManagerMaster: Registering BlockManager BlockManagerId(driver, e8a9653e4a1b, 37143, None)
[2026-05-17T03:35:33.609+0000] {subprocess.py:93} INFO - 26/05/17 03:35:33 INFO BlockManagerMasterEndpoint: Registering block manager e8a9653e4a1b:37143 with 434.4 MiB RAM, BlockManagerId(driver, e8a9653e4a1b, 37143, None)
[2026-05-17T03:35:33.611+0000] {subprocess.py:93} INFO - 26/05/17 03:35:33 INFO BlockManagerMaster: Registered BlockManager BlockManagerId(driver, e8a9653e4a1b, 37143, None)
[2026-05-17T03:35:33.612+0000] {subprocess.py:93} INFO - 26/05/17 03:35:33 INFO BlockManager: Initialized BlockManager: BlockManagerId(driver, e8a9653e4a1b, 37143, None)
[2026-05-17T03:35:33.854+0000] {subprocess.py:93} INFO - 26/05/17 03:35:33 INFO StandaloneSchedulerBackend: SchedulerBackend is ready for scheduling beginning after reached minRegisteredResourcesRatio: 0.0
[2026-05-17T03:35:35.295+0000] {subprocess.py:93} INFO - 26/05/17 03:35:35 WARN MetricsConfig: Cannot locate configuration: tried hadoop-metrics2-s3a-file-system.properties,hadoop-metrics2.properties
[2026-05-17T03:35:44.964+0000] {subprocess.py:93} INFO - Lecture SILVER terminée
[2026-05-17T03:35:56.877+0000] {subprocess.py:93} INFO - Table articles_par_jour créée
[2026-05-17T03:36:06.373+0000] {subprocess.py:93} INFO - Table articles_par_source créée
[2026-05-17T03:36:14.326+0000] {subprocess.py:93} INFO - Table top_categories créée
[2026-05-17T03:36:21.638+0000] {subprocess.py:93} INFO - Table articles_par_source_jour créée
[2026-05-17T03:36:21.640+0000] {subprocess.py:93} INFO - 
[2026-05-17T03:36:21.641+0000] {subprocess.py:93} INFO - ==============================
[2026-05-17T03:36:21.642+0000] {subprocess.py:93} INFO - GOLD LAYER TERMINÉ
[2026-05-17T03:36:21.643+0000] {subprocess.py:93} INFO - ==============================
[2026-05-17T03:36:22.054+0000] {subprocess.py:97} INFO - Command exited with return code 0
[2026-05-17T03:36:22.055+0000] {taskinstance.py:441} INFO - ::group::Post task execution logs
[2026-05-17T03:36:22.321+0000] {taskinstance.py:1206} INFO - Marking task as SUCCESS. dag_id=medallion_gold_layer, task_id=gold_processing, run_id=scheduled__2026-05-17T03:30:00+00:00, execution_date=20260517T033000, start_date=20260517T033506, end_date=20260517T033622
[2026-05-17T03:36:22.365+0000] {local_task_job_runner.py:240} INFO - Task exited with return code 0
[2026-05-17T03:36:22.429+0000] {taskinstance.py:3498} INFO - 0 downstream tasks scheduled from follow-on schedule check
[2026-05-17T03:36:22.433+0000] {local_task_job_runner.py:222} INFO - ::endgroup::
