[2026-05-17T01:56:40.037+0000] {local_task_job_runner.py:120} INFO - ::group::Pre task execution logs
[2026-05-17T01:56:40.118+0000] {taskinstance.py:2076} INFO - Dependencies all met for dep_context=non-requeueable deps ti=<TaskInstance: medallion_gold_layer.gold_processing scheduled__2026-05-17T01:50:00+00:00 [queued]>
[2026-05-17T01:56:40.130+0000] {taskinstance.py:2076} INFO - Dependencies all met for dep_context=requeueable deps ti=<TaskInstance: medallion_gold_layer.gold_processing scheduled__2026-05-17T01:50:00+00:00 [queued]>
[2026-05-17T01:56:40.131+0000] {taskinstance.py:2306} INFO - Starting attempt 1 of 2
[2026-05-17T01:56:40.147+0000] {taskinstance.py:2330} INFO - Executing <Task(BashOperator): gold_processing> on 2026-05-17 01:50:00+00:00
[2026-05-17T01:56:40.152+0000] {standard_task_runner.py:63} INFO - Started process 63816 to run task
[2026-05-17T01:56:40.155+0000] {standard_task_runner.py:90} INFO - Running: ['airflow', 'tasks', 'run', 'medallion_gold_layer', 'gold_processing', 'scheduled__2026-05-17T01:50:00+00:00', '--job-id', '167', '--raw', '--subdir', 'DAGS_FOLDER/gold_layer_dag.py', '--cfg-path', '/tmp/tmpptxh13iu']
[2026-05-17T01:56:40.158+0000] {standard_task_runner.py:91} INFO - Job 167: Subtask gold_processing
[2026-05-17T01:56:40.330+0000] {task_command.py:426} INFO - Running <TaskInstance: medallion_gold_layer.gold_processing scheduled__2026-05-17T01:50:00+00:00 [running]> on host e8a9653e4a1b
[2026-05-17T01:56:40.619+0000] {taskinstance.py:2648} INFO - Exporting env vars: AIRFLOW_CTX_DAG_OWNER='anass' AIRFLOW_CTX_DAG_ID='medallion_gold_layer' AIRFLOW_CTX_TASK_ID='gold_processing' AIRFLOW_CTX_EXECUTION_DATE='2026-05-17T01:50:00+00:00' AIRFLOW_CTX_TRY_NUMBER='1' AIRFLOW_CTX_DAG_RUN_ID='scheduled__2026-05-17T01:50:00+00:00'
[2026-05-17T01:56:40.620+0000] {taskinstance.py:430} INFO - ::endgroup::
[2026-05-17T01:56:40.637+0000] {subprocess.py:63} INFO - Tmp dir root location: /tmp
[2026-05-17T01:56:40.638+0000] {subprocess.py:75} INFO - Running command: ['/usr/bin/bash', '-c', '\n    spark-submit     --master spark://spark-master:7077     --executor-memory 512M     --executor-cores 1     --total-executor-cores 1     --jars /opt/airflow/jars/aws-java-sdk-bundle-1.12.262.jar,/opt/airflow/jars/hadoop-aws-3.3.4.jar,/opt/airflow/jars/postgresql-42.7.3.jar     /opt/spark_jobs/gold_processor.py\n    ']
[2026-05-17T01:56:40.648+0000] {subprocess.py:86} INFO - Output:
[2026-05-17T01:56:43.022+0000] {subprocess.py:93} INFO - 26/05/17 01:56:43 WARN NativeCodeLoader: Unable to load native-hadoop library for your platform... using builtin-java classes where applicable
[2026-05-17T01:56:44.489+0000] {subprocess.py:93} INFO - 26/05/17 01:56:44 INFO SparkContext: Running Spark version 3.5.1
[2026-05-17T01:56:44.490+0000] {subprocess.py:93} INFO - 26/05/17 01:56:44 INFO SparkContext: OS info Linux, 6.6.87.2-microsoft-standard-WSL2, amd64
[2026-05-17T01:56:44.491+0000] {subprocess.py:93} INFO - 26/05/17 01:56:44 INFO SparkContext: Java version 17.0.19
[2026-05-17T01:56:44.531+0000] {subprocess.py:93} INFO - 26/05/17 01:56:44 INFO ResourceUtils: ==============================================================
[2026-05-17T01:56:44.532+0000] {subprocess.py:93} INFO - 26/05/17 01:56:44 INFO ResourceUtils: No custom resources configured for spark.driver.
[2026-05-17T01:56:44.532+0000] {subprocess.py:93} INFO - 26/05/17 01:56:44 INFO ResourceUtils: ==============================================================
[2026-05-17T01:56:44.533+0000] {subprocess.py:93} INFO - 26/05/17 01:56:44 INFO SparkContext: Submitted application: GoldLayerProcessor
[2026-05-17T01:56:44.552+0000] {subprocess.py:93} INFO - 26/05/17 01:56:44 INFO ResourceProfile: Default ResourceProfile created, executor resources: Map(cores -> name: cores, amount: 1, script: , vendor: , memory -> name: memory, amount: 512, script: , vendor: , offHeap -> name: offHeap, amount: 0, script: , vendor: ), task resources: Map(cpus -> name: cpus, amount: 1.0)
[2026-05-17T01:56:44.560+0000] {subprocess.py:93} INFO - 26/05/17 01:56:44 INFO ResourceProfile: Limiting resource is cpus at 1 tasks per executor
[2026-05-17T01:56:44.563+0000] {subprocess.py:93} INFO - 26/05/17 01:56:44 INFO ResourceProfileManager: Added ResourceProfile id: 0
[2026-05-17T01:56:44.621+0000] {subprocess.py:93} INFO - 26/05/17 01:56:44 INFO SecurityManager: Changing view acls to: airflow
[2026-05-17T01:56:44.622+0000] {subprocess.py:93} INFO - 26/05/17 01:56:44 INFO SecurityManager: Changing modify acls to: airflow
[2026-05-17T01:56:44.623+0000] {subprocess.py:93} INFO - 26/05/17 01:56:44 INFO SecurityManager: Changing view acls groups to:
[2026-05-17T01:56:44.624+0000] {subprocess.py:93} INFO - 26/05/17 01:56:44 INFO SecurityManager: Changing modify acls groups to:
[2026-05-17T01:56:44.624+0000] {subprocess.py:93} INFO - 26/05/17 01:56:44 INFO SecurityManager: SecurityManager: authentication disabled; ui acls disabled; users with view permissions: airflow; groups with view permissions: EMPTY; users with modify permissions: airflow; groups with modify permissions: EMPTY
[2026-05-17T01:56:44.871+0000] {subprocess.py:93} INFO - 26/05/17 01:56:44 INFO Utils: Successfully started service 'sparkDriver' on port 44163.
[2026-05-17T01:56:44.901+0000] {subprocess.py:93} INFO - 26/05/17 01:56:44 INFO SparkEnv: Registering MapOutputTracker
[2026-05-17T01:56:44.943+0000] {subprocess.py:93} INFO - 26/05/17 01:56:44 INFO SparkEnv: Registering BlockManagerMaster
[2026-05-17T01:56:44.966+0000] {subprocess.py:93} INFO - 26/05/17 01:56:44 INFO BlockManagerMasterEndpoint: Using org.apache.spark.storage.DefaultTopologyMapper for getting topology information
[2026-05-17T01:56:44.967+0000] {subprocess.py:93} INFO - 26/05/17 01:56:44 INFO BlockManagerMasterEndpoint: BlockManagerMasterEndpoint up
[2026-05-17T01:56:44.973+0000] {subprocess.py:93} INFO - 26/05/17 01:56:44 INFO SparkEnv: Registering BlockManagerMasterHeartbeat
[2026-05-17T01:56:44.994+0000] {subprocess.py:93} INFO - 26/05/17 01:56:44 INFO DiskBlockManager: Created local directory at /tmp/blockmgr-6cd7aa11-85a9-42ae-990c-1d435fef4717
[2026-05-17T01:56:45.010+0000] {subprocess.py:93} INFO - 26/05/17 01:56:45 INFO MemoryStore: MemoryStore started with capacity 434.4 MiB
[2026-05-17T01:56:45.027+0000] {subprocess.py:93} INFO - 26/05/17 01:56:45 INFO SparkEnv: Registering OutputCommitCoordinator
[2026-05-17T01:56:45.139+0000] {subprocess.py:93} INFO - 26/05/17 01:56:45 INFO JettyUtils: Start Jetty 0.0.0.0:4040 for SparkUI
[2026-05-17T01:56:45.226+0000] {subprocess.py:93} INFO - 26/05/17 01:56:45 INFO Utils: Successfully started service 'SparkUI' on port 4040.
[2026-05-17T01:56:45.269+0000] {subprocess.py:93} INFO - 26/05/17 01:56:45 INFO SparkContext: Added JAR file:///opt/airflow/jars/aws-java-sdk-bundle-1.12.262.jar at spark://e8a9653e4a1b:44163/jars/aws-java-sdk-bundle-1.12.262.jar with timestamp 1778983004478
[2026-05-17T01:56:45.270+0000] {subprocess.py:93} INFO - 26/05/17 01:56:45 INFO SparkContext: Added JAR file:///opt/airflow/jars/hadoop-aws-3.3.4.jar at spark://e8a9653e4a1b:44163/jars/hadoop-aws-3.3.4.jar with timestamp 1778983004478
[2026-05-17T01:56:45.271+0000] {subprocess.py:93} INFO - 26/05/17 01:56:45 INFO SparkContext: Added JAR file:///opt/airflow/jars/postgresql-42.7.3.jar at spark://e8a9653e4a1b:44163/jars/postgresql-42.7.3.jar with timestamp 1778983004478
[2026-05-17T01:56:45.365+0000] {subprocess.py:93} INFO - 26/05/17 01:56:45 INFO StandaloneAppClient$ClientEndpoint: Connecting to master spark://spark-master:7077...
[2026-05-17T01:56:45.430+0000] {subprocess.py:93} INFO - 26/05/17 01:56:45 INFO TransportClientFactory: Successfully created connection to spark-master/172.18.0.6:7077 after 36 ms (0 ms spent in bootstraps)
[2026-05-17T01:56:45.523+0000] {subprocess.py:93} INFO - 26/05/17 01:56:45 INFO StandaloneSchedulerBackend: Connected to Spark cluster with app ID app-20260517015645-0166
[2026-05-17T01:56:45.527+0000] {subprocess.py:93} INFO - 26/05/17 01:56:45 INFO StandaloneAppClient$ClientEndpoint: Executor added: app-20260517015645-0166/0 on worker-20260514105200-172.18.0.13-40347 (172.18.0.13:40347) with 1 core(s)
[2026-05-17T01:56:45.530+0000] {subprocess.py:93} INFO - 26/05/17 01:56:45 INFO StandaloneSchedulerBackend: Granted executor ID app-20260517015645-0166/0 on hostPort 172.18.0.13:40347 with 1 core(s), 512.0 MiB RAM
[2026-05-17T01:56:45.535+0000] {subprocess.py:93} INFO - 26/05/17 01:56:45 INFO Utils: Successfully started service 'org.apache.spark.network.netty.NettyBlockTransferService' on port 33539.
[2026-05-17T01:56:45.536+0000] {subprocess.py:93} INFO - 26/05/17 01:56:45 INFO NettyBlockTransferService: Server created on e8a9653e4a1b:33539
[2026-05-17T01:56:45.537+0000] {subprocess.py:93} INFO - 26/05/17 01:56:45 INFO BlockManager: Using org.apache.spark.storage.RandomBlockReplicationPolicy for block replication policy
[2026-05-17T01:56:45.549+0000] {subprocess.py:93} INFO - 26/05/17 01:56:45 INFO BlockManagerMaster: Registering BlockManager BlockManagerId(driver, e8a9653e4a1b, 33539, None)
[2026-05-17T01:56:45.554+0000] {subprocess.py:93} INFO - 26/05/17 01:56:45 INFO BlockManagerMasterEndpoint: Registering block manager e8a9653e4a1b:33539 with 434.4 MiB RAM, BlockManagerId(driver, e8a9653e4a1b, 33539, None)
[2026-05-17T01:56:45.559+0000] {subprocess.py:93} INFO - 26/05/17 01:56:45 INFO BlockManagerMaster: Registered BlockManager BlockManagerId(driver, e8a9653e4a1b, 33539, None)
[2026-05-17T01:56:45.560+0000] {subprocess.py:93} INFO - 26/05/17 01:56:45 INFO StandaloneAppClient$ClientEndpoint: Executor updated: app-20260517015645-0166/0 is now RUNNING
[2026-05-17T01:56:45.561+0000] {subprocess.py:93} INFO - 26/05/17 01:56:45 INFO BlockManager: Initialized BlockManager: BlockManagerId(driver, e8a9653e4a1b, 33539, None)
[2026-05-17T01:56:45.856+0000] {subprocess.py:93} INFO - 26/05/17 01:56:45 INFO StandaloneSchedulerBackend: SchedulerBackend is ready for scheduling beginning after reached minRegisteredResourcesRatio: 0.0
[2026-05-17T01:56:47.602+0000] {subprocess.py:93} INFO - 26/05/17 01:56:47 WARN MetricsConfig: Cannot locate configuration: tried hadoop-metrics2-s3a-file-system.properties,hadoop-metrics2.properties
[2026-05-17T01:56:59.204+0000] {subprocess.py:93} INFO - Lecture SILVER terminée
[2026-05-17T01:57:13.933+0000] {subprocess.py:93} INFO - Table articles_par_jour créée
[2026-05-17T01:57:24.011+0000] {subprocess.py:93} INFO - Table articles_par_source créée
[2026-05-17T01:58:45.749+0000] {subprocess.py:93} INFO - Table top_categories créée
[2026-05-17T02:00:35.478+0000] {subprocess.py:93} INFO - Table articles_par_source_jour créée
[2026-05-17T02:00:35.506+0000] {subprocess.py:93} INFO - 
[2026-05-17T02:00:35.534+0000] {subprocess.py:93} INFO - ==============================
[2026-05-17T02:00:35.604+0000] {subprocess.py:93} INFO - GOLD LAYER TERMINÉ
[2026-05-17T02:00:35.624+0000] {subprocess.py:93} INFO - ==============================
[2026-05-17T02:00:39.727+0000] {subprocess.py:97} INFO - Command exited with return code 0
[2026-05-17T02:00:39.734+0000] {taskinstance.py:441} INFO - ::group::Post task execution logs
[2026-05-17T02:00:40.850+0000] {taskinstance.py:1206} INFO - Marking task as SUCCESS. dag_id=medallion_gold_layer, task_id=gold_processing, run_id=scheduled__2026-05-17T01:50:00+00:00, execution_date=20260517T015000, start_date=20260517T015640, end_date=20260517T020040
[2026-05-17T02:00:44.437+0000] {local_task_job_runner.py:240} INFO - Task exited with return code 0
[2026-05-17T02:00:45.247+0000] {taskinstance.py:3498} INFO - 0 downstream tasks scheduled from follow-on schedule check
[2026-05-17T02:00:45.309+0000] {local_task_job_runner.py:222} INFO - ::endgroup::
