[2026-05-16T00:00:00.946+0000] {local_task_job_runner.py:120} INFO - ::group::Pre task execution logs
[2026-05-16T00:00:01.003+0000] {taskinstance.py:2076} INFO - Dependencies all met for dep_context=non-requeueable deps ti=<TaskInstance: medallion_gold_layer.gold_processing scheduled__2026-05-15T23:55:00+00:00 [queued]>
[2026-05-16T00:00:01.011+0000] {taskinstance.py:2076} INFO - Dependencies all met for dep_context=requeueable deps ti=<TaskInstance: medallion_gold_layer.gold_processing scheduled__2026-05-15T23:55:00+00:00 [queued]>
[2026-05-16T00:00:01.015+0000] {taskinstance.py:2306} INFO - Starting attempt 1 of 2
[2026-05-16T00:00:01.037+0000] {taskinstance.py:2330} INFO - Executing <Task(BashOperator): gold_processing> on 2026-05-15 23:55:00+00:00
[2026-05-16T00:00:01.041+0000] {standard_task_runner.py:63} INFO - Started process 34674 to run task
[2026-05-16T00:00:01.045+0000] {standard_task_runner.py:90} INFO - Running: ['airflow', 'tasks', 'run', 'medallion_gold_layer', 'gold_processing', 'scheduled__2026-05-15T23:55:00+00:00', '--job-id', '93', '--raw', '--subdir', 'DAGS_FOLDER/gold_layer_dag.py', '--cfg-path', '/tmp/tmpn4ml7g51']
[2026-05-16T00:00:01.047+0000] {standard_task_runner.py:91} INFO - Job 93: Subtask gold_processing
[2026-05-16T00:00:01.205+0000] {task_command.py:426} INFO - Running <TaskInstance: medallion_gold_layer.gold_processing scheduled__2026-05-15T23:55:00+00:00 [running]> on host e8a9653e4a1b
[2026-05-16T00:00:01.464+0000] {taskinstance.py:2648} INFO - Exporting env vars: AIRFLOW_CTX_DAG_OWNER='anass' AIRFLOW_CTX_DAG_ID='medallion_gold_layer' AIRFLOW_CTX_TASK_ID='gold_processing' AIRFLOW_CTX_EXECUTION_DATE='2026-05-15T23:55:00+00:00' AIRFLOW_CTX_TRY_NUMBER='1' AIRFLOW_CTX_DAG_RUN_ID='scheduled__2026-05-15T23:55:00+00:00'
[2026-05-16T00:00:01.466+0000] {taskinstance.py:430} INFO - ::endgroup::
[2026-05-16T00:00:01.483+0000] {subprocess.py:63} INFO - Tmp dir root location: /tmp
[2026-05-16T00:00:01.484+0000] {subprocess.py:75} INFO - Running command: ['/usr/bin/bash', '-c', '\n    spark-submit     --master spark://spark-master:7077     --executor-memory 512M     --executor-cores 1     --total-executor-cores 1     --jars /opt/airflow/jars/aws-java-sdk-bundle-1.12.262.jar,/opt/airflow/jars/hadoop-aws-3.3.4.jar,/opt/airflow/jars/postgresql-42.7.3.jar     /opt/spark_jobs/gold_processor.py\n    ']
[2026-05-16T00:00:01.496+0000] {subprocess.py:86} INFO - Output:
[2026-05-16T00:00:03.774+0000] {subprocess.py:93} INFO - 26/05/16 00:00:03 WARN NativeCodeLoader: Unable to load native-hadoop library for your platform... using builtin-java classes where applicable
[2026-05-16T00:00:05.476+0000] {subprocess.py:93} INFO - 26/05/16 00:00:05 INFO SparkContext: Running Spark version 3.5.1
[2026-05-16T00:00:05.477+0000] {subprocess.py:93} INFO - 26/05/16 00:00:05 INFO SparkContext: OS info Linux, 6.6.87.2-microsoft-standard-WSL2, amd64
[2026-05-16T00:00:05.478+0000] {subprocess.py:93} INFO - 26/05/16 00:00:05 INFO SparkContext: Java version 17.0.19
[2026-05-16T00:00:05.511+0000] {subprocess.py:93} INFO - 26/05/16 00:00:05 INFO ResourceUtils: ==============================================================
[2026-05-16T00:00:05.512+0000] {subprocess.py:93} INFO - 26/05/16 00:00:05 INFO ResourceUtils: No custom resources configured for spark.driver.
[2026-05-16T00:00:05.513+0000] {subprocess.py:93} INFO - 26/05/16 00:00:05 INFO ResourceUtils: ==============================================================
[2026-05-16T00:00:05.514+0000] {subprocess.py:93} INFO - 26/05/16 00:00:05 INFO SparkContext: Submitted application: GoldLayerProcessor
[2026-05-16T00:00:05.535+0000] {subprocess.py:93} INFO - 26/05/16 00:00:05 INFO ResourceProfile: Default ResourceProfile created, executor resources: Map(cores -> name: cores, amount: 1, script: , vendor: , memory -> name: memory, amount: 512, script: , vendor: , offHeap -> name: offHeap, amount: 0, script: , vendor: ), task resources: Map(cpus -> name: cpus, amount: 1.0)
[2026-05-16T00:00:05.546+0000] {subprocess.py:93} INFO - 26/05/16 00:00:05 INFO ResourceProfile: Limiting resource is cpus at 1 tasks per executor
[2026-05-16T00:00:05.548+0000] {subprocess.py:93} INFO - 26/05/16 00:00:05 INFO ResourceProfileManager: Added ResourceProfile id: 0
[2026-05-16T00:00:05.612+0000] {subprocess.py:93} INFO - 26/05/16 00:00:05 INFO SecurityManager: Changing view acls to: airflow
[2026-05-16T00:00:05.613+0000] {subprocess.py:93} INFO - 26/05/16 00:00:05 INFO SecurityManager: Changing modify acls to: airflow
[2026-05-16T00:00:05.614+0000] {subprocess.py:93} INFO - 26/05/16 00:00:05 INFO SecurityManager: Changing view acls groups to:
[2026-05-16T00:00:05.615+0000] {subprocess.py:93} INFO - 26/05/16 00:00:05 INFO SecurityManager: Changing modify acls groups to:
[2026-05-16T00:00:05.616+0000] {subprocess.py:93} INFO - 26/05/16 00:00:05 INFO SecurityManager: SecurityManager: authentication disabled; ui acls disabled; users with view permissions: airflow; groups with view permissions: EMPTY; users with modify permissions: airflow; groups with modify permissions: EMPTY
[2026-05-16T00:00:05.835+0000] {subprocess.py:93} INFO - 26/05/16 00:00:05 INFO Utils: Successfully started service 'sparkDriver' on port 46171.
[2026-05-16T00:00:05.862+0000] {subprocess.py:93} INFO - 26/05/16 00:00:05 INFO SparkEnv: Registering MapOutputTracker
[2026-05-16T00:00:05.897+0000] {subprocess.py:93} INFO - 26/05/16 00:00:05 INFO SparkEnv: Registering BlockManagerMaster
[2026-05-16T00:00:05.916+0000] {subprocess.py:93} INFO - 26/05/16 00:00:05 INFO BlockManagerMasterEndpoint: Using org.apache.spark.storage.DefaultTopologyMapper for getting topology information
[2026-05-16T00:00:05.917+0000] {subprocess.py:93} INFO - 26/05/16 00:00:05 INFO BlockManagerMasterEndpoint: BlockManagerMasterEndpoint up
[2026-05-16T00:00:05.921+0000] {subprocess.py:93} INFO - 26/05/16 00:00:05 INFO SparkEnv: Registering BlockManagerMasterHeartbeat
[2026-05-16T00:00:05.946+0000] {subprocess.py:93} INFO - 26/05/16 00:00:05 INFO DiskBlockManager: Created local directory at /tmp/blockmgr-e7230c6c-ed3c-4f59-a841-f3e0f47de776
[2026-05-16T00:00:05.964+0000] {subprocess.py:93} INFO - 26/05/16 00:00:05 INFO MemoryStore: MemoryStore started with capacity 434.4 MiB
[2026-05-16T00:00:05.992+0000] {subprocess.py:93} INFO - 26/05/16 00:00:05 INFO SparkEnv: Registering OutputCommitCoordinator
[2026-05-16T00:00:06.163+0000] {subprocess.py:93} INFO - 26/05/16 00:00:06 INFO JettyUtils: Start Jetty 0.0.0.0:4040 for SparkUI
[2026-05-16T00:00:06.260+0000] {subprocess.py:93} INFO - 26/05/16 00:00:06 INFO Utils: Successfully started service 'SparkUI' on port 4040.
[2026-05-16T00:00:06.304+0000] {subprocess.py:93} INFO - 26/05/16 00:00:06 INFO SparkContext: Added JAR file:///opt/airflow/jars/aws-java-sdk-bundle-1.12.262.jar at spark://e8a9653e4a1b:46171/jars/aws-java-sdk-bundle-1.12.262.jar with timestamp 1778889605466
[2026-05-16T00:00:06.306+0000] {subprocess.py:93} INFO - 26/05/16 00:00:06 INFO SparkContext: Added JAR file:///opt/airflow/jars/hadoop-aws-3.3.4.jar at spark://e8a9653e4a1b:46171/jars/hadoop-aws-3.3.4.jar with timestamp 1778889605466
[2026-05-16T00:00:06.307+0000] {subprocess.py:93} INFO - 26/05/16 00:00:06 INFO SparkContext: Added JAR file:///opt/airflow/jars/postgresql-42.7.3.jar at spark://e8a9653e4a1b:46171/jars/postgresql-42.7.3.jar with timestamp 1778889605466
[2026-05-16T00:00:06.425+0000] {subprocess.py:93} INFO - 26/05/16 00:00:06 INFO StandaloneAppClient$ClientEndpoint: Connecting to master spark://spark-master:7077...
[2026-05-16T00:00:06.483+0000] {subprocess.py:93} INFO - 26/05/16 00:00:06 INFO TransportClientFactory: Successfully created connection to spark-master/172.18.0.6:7077 after 30 ms (0 ms spent in bootstraps)
[2026-05-16T00:00:06.600+0000] {subprocess.py:93} INFO - 26/05/16 00:00:06 INFO StandaloneSchedulerBackend: Connected to Spark cluster with app ID app-20260516000006-0092
[2026-05-16T00:00:06.604+0000] {subprocess.py:93} INFO - 26/05/16 00:00:06 INFO StandaloneAppClient$ClientEndpoint: Executor added: app-20260516000006-0092/0 on worker-20260514105200-172.18.0.13-40347 (172.18.0.13:40347) with 1 core(s)
[2026-05-16T00:00:06.610+0000] {subprocess.py:93} INFO - 26/05/16 00:00:06 INFO StandaloneSchedulerBackend: Granted executor ID app-20260516000006-0092/0 on hostPort 172.18.0.13:40347 with 1 core(s), 512.0 MiB RAM
[2026-05-16T00:00:06.618+0000] {subprocess.py:93} INFO - 26/05/16 00:00:06 INFO Utils: Successfully started service 'org.apache.spark.network.netty.NettyBlockTransferService' on port 41887.
[2026-05-16T00:00:06.619+0000] {subprocess.py:93} INFO - 26/05/16 00:00:06 INFO NettyBlockTransferService: Server created on e8a9653e4a1b:41887
[2026-05-16T00:00:06.622+0000] {subprocess.py:93} INFO - 26/05/16 00:00:06 INFO BlockManager: Using org.apache.spark.storage.RandomBlockReplicationPolicy for block replication policy
[2026-05-16T00:00:06.631+0000] {subprocess.py:93} INFO - 26/05/16 00:00:06 INFO BlockManagerMaster: Registering BlockManager BlockManagerId(driver, e8a9653e4a1b, 41887, None)
[2026-05-16T00:00:06.637+0000] {subprocess.py:93} INFO - 26/05/16 00:00:06 INFO BlockManagerMasterEndpoint: Registering block manager e8a9653e4a1b:41887 with 434.4 MiB RAM, BlockManagerId(driver, e8a9653e4a1b, 41887, None)
[2026-05-16T00:00:06.640+0000] {subprocess.py:93} INFO - 26/05/16 00:00:06 INFO BlockManagerMaster: Registered BlockManager BlockManagerId(driver, e8a9653e4a1b, 41887, None)
[2026-05-16T00:00:06.643+0000] {subprocess.py:93} INFO - 26/05/16 00:00:06 INFO BlockManager: Initialized BlockManager: BlockManagerId(driver, e8a9653e4a1b, 41887, None)
[2026-05-16T00:00:06.670+0000] {subprocess.py:93} INFO - 26/05/16 00:00:06 INFO StandaloneAppClient$ClientEndpoint: Executor updated: app-20260516000006-0092/0 is now RUNNING
[2026-05-16T00:00:06.954+0000] {subprocess.py:93} INFO - 26/05/16 00:00:06 INFO StandaloneSchedulerBackend: SchedulerBackend is ready for scheduling beginning after reached minRegisteredResourcesRatio: 0.0
[2026-05-16T00:00:09.611+0000] {subprocess.py:93} INFO - 26/05/16 00:00:09 WARN MetricsConfig: Cannot locate configuration: tried hadoop-metrics2-s3a-file-system.properties,hadoop-metrics2.properties
[2026-05-16T00:00:25.211+0000] {subprocess.py:93} INFO - Lecture SILVER terminée
[2026-05-16T00:00:42.880+0000] {subprocess.py:93} INFO - Table articles_par_jour créée
[2026-05-16T00:00:55.214+0000] {subprocess.py:93} INFO - Table articles_par_source créée
[2026-05-16T00:01:05.957+0000] {subprocess.py:93} INFO - Table top_categories créée
[2026-05-16T00:01:12.566+0000] {subprocess.py:93} INFO - Table articles_par_source_jour créée
[2026-05-16T00:01:12.567+0000] {subprocess.py:93} INFO - 
[2026-05-16T00:01:12.569+0000] {subprocess.py:93} INFO - ==============================
[2026-05-16T00:01:12.570+0000] {subprocess.py:93} INFO - GOLD LAYER TERMINÉ
[2026-05-16T00:01:12.571+0000] {subprocess.py:93} INFO - ==============================
[2026-05-16T00:01:13.176+0000] {subprocess.py:97} INFO - Command exited with return code 0
[2026-05-16T00:01:13.178+0000] {taskinstance.py:441} INFO - ::group::Post task execution logs
[2026-05-16T00:01:13.329+0000] {taskinstance.py:1206} INFO - Marking task as SUCCESS. dag_id=medallion_gold_layer, task_id=gold_processing, run_id=scheduled__2026-05-15T23:55:00+00:00, execution_date=20260515T235500, start_date=20260516T000001, end_date=20260516T000113
[2026-05-16T00:01:13.517+0000] {local_task_job_runner.py:240} INFO - Task exited with return code 0
[2026-05-16T00:01:13.578+0000] {taskinstance.py:3498} INFO - 0 downstream tasks scheduled from follow-on schedule check
[2026-05-16T00:01:13.583+0000] {local_task_job_runner.py:222} INFO - ::endgroup::
