[2026-05-17T03:55:05.731+0000] {local_task_job_runner.py:120} INFO - ::group::Pre task execution logs
[2026-05-17T03:55:06.105+0000] {taskinstance.py:2076} INFO - Dependencies all met for dep_context=non-requeueable deps ti=<TaskInstance: medallion_gold_layer.gold_processing scheduled__2026-05-17T03:50:00+00:00 [queued]>
[2026-05-17T03:55:06.320+0000] {taskinstance.py:2076} INFO - Dependencies all met for dep_context=requeueable deps ti=<TaskInstance: medallion_gold_layer.gold_processing scheduled__2026-05-17T03:50:00+00:00 [queued]>
[2026-05-17T03:55:06.325+0000] {taskinstance.py:2306} INFO - Starting attempt 1 of 2
[2026-05-17T03:55:06.736+0000] {taskinstance.py:2330} INFO - Executing <Task(BashOperator): gold_processing> on 2026-05-17 03:50:00+00:00
[2026-05-17T03:55:06.825+0000] {standard_task_runner.py:63} INFO - Started process 72159 to run task
[2026-05-17T03:55:06.877+0000] {standard_task_runner.py:90} INFO - Running: ['airflow', 'tasks', 'run', 'medallion_gold_layer', 'gold_processing', 'scheduled__2026-05-17T03:50:00+00:00', '--job-id', '187', '--raw', '--subdir', 'DAGS_FOLDER/gold_layer_dag.py', '--cfg-path', '/tmp/tmpau6ek37r']
[2026-05-17T03:55:06.910+0000] {standard_task_runner.py:91} INFO - Job 187: Subtask gold_processing
[2026-05-17T03:55:08.176+0000] {task_command.py:426} INFO - Running <TaskInstance: medallion_gold_layer.gold_processing scheduled__2026-05-17T03:50:00+00:00 [running]> on host e8a9653e4a1b
[2026-05-17T03:55:10.399+0000] {taskinstance.py:2648} INFO - Exporting env vars: AIRFLOW_CTX_DAG_OWNER='anass' AIRFLOW_CTX_DAG_ID='medallion_gold_layer' AIRFLOW_CTX_TASK_ID='gold_processing' AIRFLOW_CTX_EXECUTION_DATE='2026-05-17T03:50:00+00:00' AIRFLOW_CTX_TRY_NUMBER='1' AIRFLOW_CTX_DAG_RUN_ID='scheduled__2026-05-17T03:50:00+00:00'
[2026-05-17T03:55:10.404+0000] {taskinstance.py:430} INFO - ::endgroup::
[2026-05-17T03:55:10.716+0000] {subprocess.py:63} INFO - Tmp dir root location: /tmp
[2026-05-17T03:55:10.734+0000] {subprocess.py:75} INFO - Running command: ['/usr/bin/bash', '-c', '\n    spark-submit     --master spark://spark-master:7077     --executor-memory 512M     --executor-cores 1     --total-executor-cores 1     --jars /opt/airflow/jars/aws-java-sdk-bundle-1.12.262.jar,/opt/airflow/jars/hadoop-aws-3.3.4.jar,/opt/airflow/jars/postgresql-42.7.3.jar     /opt/spark_jobs/gold_processor.py\n    ']
[2026-05-17T03:55:10.882+0000] {subprocess.py:86} INFO - Output:
[2026-05-17T03:55:42.340+0000] {subprocess.py:93} INFO - 26/05/17 03:55:42 WARN NativeCodeLoader: Unable to load native-hadoop library for your platform... using builtin-java classes where applicable
[2026-05-17T03:56:08.070+0000] {subprocess.py:93} INFO - 26/05/17 03:56:08 INFO SparkContext: Running Spark version 3.5.1
[2026-05-17T03:56:08.085+0000] {subprocess.py:93} INFO - 26/05/17 03:56:08 INFO SparkContext: OS info Linux, 6.6.87.2-microsoft-standard-WSL2, amd64
[2026-05-17T03:56:08.100+0000] {subprocess.py:93} INFO - 26/05/17 03:56:08 INFO SparkContext: Java version 17.0.19
[2026-05-17T03:56:08.746+0000] {subprocess.py:93} INFO - 26/05/17 03:56:08 INFO ResourceUtils: ==============================================================
[2026-05-17T03:56:08.750+0000] {subprocess.py:93} INFO - 26/05/17 03:56:08 INFO ResourceUtils: No custom resources configured for spark.driver.
[2026-05-17T03:56:08.759+0000] {subprocess.py:93} INFO - 26/05/17 03:56:08 INFO ResourceUtils: ==============================================================
[2026-05-17T03:56:08.763+0000] {subprocess.py:93} INFO - 26/05/17 03:56:08 INFO SparkContext: Submitted application: GoldLayerProcessor
[2026-05-17T03:56:09.308+0000] {subprocess.py:93} INFO - 26/05/17 03:56:09 INFO ResourceProfile: Default ResourceProfile created, executor resources: Map(cores -> name: cores, amount: 1, script: , vendor: , memory -> name: memory, amount: 512, script: , vendor: , offHeap -> name: offHeap, amount: 0, script: , vendor: ), task resources: Map(cpus -> name: cpus, amount: 1.0)
[2026-05-17T03:56:09.553+0000] {subprocess.py:93} INFO - 26/05/17 03:56:09 INFO ResourceProfile: Limiting resource is cpus at 1 tasks per executor
[2026-05-17T03:56:09.601+0000] {subprocess.py:93} INFO - 26/05/17 03:56:09 INFO ResourceProfileManager: Added ResourceProfile id: 0
[2026-05-17T03:56:10.267+0000] {subprocess.py:93} INFO - 26/05/17 03:56:10 INFO SecurityManager: Changing view acls to: airflow
[2026-05-17T03:56:10.270+0000] {subprocess.py:93} INFO - 26/05/17 03:56:10 INFO SecurityManager: Changing modify acls to: airflow
[2026-05-17T03:56:10.281+0000] {subprocess.py:93} INFO - 26/05/17 03:56:10 INFO SecurityManager: Changing view acls groups to:
[2026-05-17T03:56:10.287+0000] {subprocess.py:93} INFO - 26/05/17 03:56:10 INFO SecurityManager: Changing modify acls groups to:
[2026-05-17T03:56:10.292+0000] {subprocess.py:93} INFO - 26/05/17 03:56:10 INFO SecurityManager: SecurityManager: authentication disabled; ui acls disabled; users with view permissions: airflow; groups with view permissions: EMPTY; users with modify permissions: airflow; groups with modify permissions: EMPTY
[2026-05-17T03:56:13.492+0000] {subprocess.py:93} INFO - 26/05/17 03:56:13 INFO Utils: Successfully started service 'sparkDriver' on port 42899.
[2026-05-17T03:56:14.006+0000] {subprocess.py:93} INFO - 26/05/17 03:56:14 INFO SparkEnv: Registering MapOutputTracker
[2026-05-17T03:56:14.716+0000] {subprocess.py:93} INFO - 26/05/17 03:56:14 INFO SparkEnv: Registering BlockManagerMaster
[2026-05-17T03:56:15.062+0000] {subprocess.py:93} INFO - 26/05/17 03:56:15 INFO BlockManagerMasterEndpoint: Using org.apache.spark.storage.DefaultTopologyMapper for getting topology information
[2026-05-17T03:56:15.073+0000] {subprocess.py:93} INFO - 26/05/17 03:56:15 INFO BlockManagerMasterEndpoint: BlockManagerMasterEndpoint up
[2026-05-17T03:56:15.091+0000] {subprocess.py:93} INFO - 26/05/17 03:56:15 INFO SparkEnv: Registering BlockManagerMasterHeartbeat
[2026-05-17T03:56:15.160+0000] {subprocess.py:93} INFO - 26/05/17 03:56:15 INFO DiskBlockManager: Created local directory at /tmp/blockmgr-fe4570d7-a65a-4084-ae29-dc4366650b5e
[2026-05-17T03:56:15.248+0000] {subprocess.py:93} INFO - 26/05/17 03:56:15 INFO MemoryStore: MemoryStore started with capacity 434.4 MiB
[2026-05-17T03:56:15.374+0000] {subprocess.py:93} INFO - 26/05/17 03:56:15 INFO SparkEnv: Registering OutputCommitCoordinator
[2026-05-17T03:56:17.142+0000] {subprocess.py:93} INFO - 26/05/17 03:56:17 INFO JettyUtils: Start Jetty 0.0.0.0:4040 for SparkUI
[2026-05-17T03:56:18.351+0000] {subprocess.py:93} INFO - 26/05/17 03:56:18 INFO Utils: Successfully started service 'SparkUI' on port 4040.
[2026-05-17T03:56:19.192+0000] {subprocess.py:93} INFO - 26/05/17 03:56:19 INFO SparkContext: Added JAR file:///opt/airflow/jars/aws-java-sdk-bundle-1.12.262.jar at spark://e8a9653e4a1b:42899/jars/aws-java-sdk-bundle-1.12.262.jar with timestamp 1778990167873
[2026-05-17T03:56:19.196+0000] {subprocess.py:93} INFO - 26/05/17 03:56:19 INFO SparkContext: Added JAR file:///opt/airflow/jars/hadoop-aws-3.3.4.jar at spark://e8a9653e4a1b:42899/jars/hadoop-aws-3.3.4.jar with timestamp 1778990167873
[2026-05-17T03:56:19.199+0000] {subprocess.py:93} INFO - 26/05/17 03:56:19 INFO SparkContext: Added JAR file:///opt/airflow/jars/postgresql-42.7.3.jar at spark://e8a9653e4a1b:42899/jars/postgresql-42.7.3.jar with timestamp 1778990167873
[2026-05-17T03:56:20.210+0000] {subprocess.py:93} INFO - 26/05/17 03:56:20 INFO StandaloneAppClient$ClientEndpoint: Connecting to master spark://spark-master:7077...
[2026-05-17T03:56:20.888+0000] {subprocess.py:93} INFO - 26/05/17 03:56:20 INFO TransportClientFactory: Successfully created connection to spark-master/172.18.0.6:7077 after 406 ms (0 ms spent in bootstraps)
[2026-05-17T03:56:21.811+0000] {subprocess.py:93} INFO - 26/05/17 03:56:21 INFO StandaloneSchedulerBackend: Connected to Spark cluster with app ID app-20260517035621-0186
[2026-05-17T03:56:21.861+0000] {subprocess.py:93} INFO - 26/05/17 03:56:21 INFO StandaloneAppClient$ClientEndpoint: Executor added: app-20260517035621-0186/0 on worker-20260514105200-172.18.0.13-40347 (172.18.0.13:40347) with 1 core(s)
[2026-05-17T03:56:21.884+0000] {subprocess.py:93} INFO - 26/05/17 03:56:21 INFO StandaloneSchedulerBackend: Granted executor ID app-20260517035621-0186/0 on hostPort 172.18.0.13:40347 with 1 core(s), 512.0 MiB RAM
[2026-05-17T03:56:21.917+0000] {subprocess.py:93} INFO - 26/05/17 03:56:21 INFO Utils: Successfully started service 'org.apache.spark.network.netty.NettyBlockTransferService' on port 46849.
[2026-05-17T03:56:21.932+0000] {subprocess.py:93} INFO - 26/05/17 03:56:21 INFO NettyBlockTransferService: Server created on e8a9653e4a1b:46849
[2026-05-17T03:56:21.945+0000] {subprocess.py:93} INFO - 26/05/17 03:56:21 INFO BlockManager: Using org.apache.spark.storage.RandomBlockReplicationPolicy for block replication policy
[2026-05-17T03:56:22.166+0000] {subprocess.py:93} INFO - 26/05/17 03:56:22 INFO BlockManagerMaster: Registering BlockManager BlockManagerId(driver, e8a9653e4a1b, 46849, None)
[2026-05-17T03:56:22.265+0000] {subprocess.py:93} INFO - 26/05/17 03:56:22 INFO BlockManagerMasterEndpoint: Registering block manager e8a9653e4a1b:46849 with 434.4 MiB RAM, BlockManagerId(driver, e8a9653e4a1b, 46849, None)
[2026-05-17T03:56:22.279+0000] {subprocess.py:93} INFO - 26/05/17 03:56:22 INFO StandaloneAppClient$ClientEndpoint: Executor updated: app-20260517035621-0186/0 is now RUNNING
[2026-05-17T03:56:22.288+0000] {subprocess.py:93} INFO - 26/05/17 03:56:22 INFO BlockManagerMaster: Registered BlockManager BlockManagerId(driver, e8a9653e4a1b, 46849, None)
[2026-05-17T03:56:22.292+0000] {subprocess.py:93} INFO - 26/05/17 03:56:22 INFO BlockManager: Initialized BlockManager: BlockManagerId(driver, e8a9653e4a1b, 46849, None)
[2026-05-17T03:56:29.052+0000] {subprocess.py:93} INFO - 26/05/17 03:56:29 INFO StandaloneSchedulerBackend: SchedulerBackend is ready for scheduling beginning after reached minRegisteredResourcesRatio: 0.0
[2026-05-17T03:56:32.547+0000] {subprocess.py:93} INFO - 26/05/17 03:56:32 WARN MetricsConfig: Cannot locate configuration: tried hadoop-metrics2-s3a-file-system.properties,hadoop-metrics2.properties
[2026-05-17T03:56:43.076+0000] {subprocess.py:93} INFO - Lecture SILVER terminée
[2026-05-17T03:56:55.734+0000] {subprocess.py:93} INFO - Table articles_par_jour créée
[2026-05-17T03:57:04.766+0000] {subprocess.py:93} INFO - Table articles_par_source créée
[2026-05-17T03:57:13.968+0000] {subprocess.py:93} INFO - Table top_categories créée
[2026-05-17T03:57:22.771+0000] {subprocess.py:93} INFO - Table articles_par_source_jour créée
[2026-05-17T03:57:22.772+0000] {subprocess.py:93} INFO - 
[2026-05-17T03:57:22.774+0000] {subprocess.py:93} INFO - ==============================
[2026-05-17T03:57:22.775+0000] {subprocess.py:93} INFO - GOLD LAYER TERMINÉ
[2026-05-17T03:57:22.775+0000] {subprocess.py:93} INFO - ==============================
[2026-05-17T03:57:23.235+0000] {subprocess.py:97} INFO - Command exited with return code 0
[2026-05-17T03:57:23.236+0000] {taskinstance.py:441} INFO - ::group::Post task execution logs
[2026-05-17T03:57:23.454+0000] {taskinstance.py:1206} INFO - Marking task as SUCCESS. dag_id=medallion_gold_layer, task_id=gold_processing, run_id=scheduled__2026-05-17T03:50:00+00:00, execution_date=20260517T035000, start_date=20260517T035506, end_date=20260517T035723
[2026-05-17T03:57:23.489+0000] {local_task_job_runner.py:240} INFO - Task exited with return code 0
[2026-05-17T03:57:23.551+0000] {taskinstance.py:3498} INFO - 0 downstream tasks scheduled from follow-on schedule check
[2026-05-17T03:57:23.556+0000] {local_task_job_runner.py:222} INFO - ::endgroup::
