[2026-05-17T03:30:10.038+0000] {local_task_job_runner.py:120} INFO - ::group::Pre task execution logs
[2026-05-17T03:30:12.762+0000] {taskinstance.py:2076} INFO - Dependencies all met for dep_context=non-requeueable deps ti=<TaskInstance: medallion_gold_layer.gold_processing scheduled__2026-05-17T03:25:00+00:00 [queued]>
[2026-05-17T03:30:12.949+0000] {taskinstance.py:2076} INFO - Dependencies all met for dep_context=requeueable deps ti=<TaskInstance: medallion_gold_layer.gold_processing scheduled__2026-05-17T03:25:00+00:00 [queued]>
[2026-05-17T03:30:12.963+0000] {taskinstance.py:2306} INFO - Starting attempt 1 of 2
[2026-05-17T03:30:13.339+0000] {taskinstance.py:2330} INFO - Executing <Task(BashOperator): gold_processing> on 2026-05-17 03:25:00+00:00
[2026-05-17T03:30:13.391+0000] {standard_task_runner.py:63} INFO - Started process 70171 to run task
[2026-05-17T03:30:13.435+0000] {standard_task_runner.py:90} INFO - Running: ['airflow', 'tasks', 'run', 'medallion_gold_layer', 'gold_processing', 'scheduled__2026-05-17T03:25:00+00:00', '--job-id', '182', '--raw', '--subdir', 'DAGS_FOLDER/gold_layer_dag.py', '--cfg-path', '/tmp/tmp_996alft']
[2026-05-17T03:30:13.483+0000] {standard_task_runner.py:91} INFO - Job 182: Subtask gold_processing
[2026-05-17T03:30:15.501+0000] {task_command.py:426} INFO - Running <TaskInstance: medallion_gold_layer.gold_processing scheduled__2026-05-17T03:25:00+00:00 [running]> on host e8a9653e4a1b
[2026-05-17T03:30:18.325+0000] {taskinstance.py:2648} INFO - Exporting env vars: AIRFLOW_CTX_DAG_OWNER='anass' AIRFLOW_CTX_DAG_ID='medallion_gold_layer' AIRFLOW_CTX_TASK_ID='gold_processing' AIRFLOW_CTX_EXECUTION_DATE='2026-05-17T03:25:00+00:00' AIRFLOW_CTX_TRY_NUMBER='1' AIRFLOW_CTX_DAG_RUN_ID='scheduled__2026-05-17T03:25:00+00:00'
[2026-05-17T03:30:18.353+0000] {taskinstance.py:430} INFO - ::endgroup::
[2026-05-17T03:30:18.708+0000] {subprocess.py:63} INFO - Tmp dir root location: /tmp
[2026-05-17T03:30:18.729+0000] {subprocess.py:75} INFO - Running command: ['/usr/bin/bash', '-c', '\n    spark-submit     --master spark://spark-master:7077     --executor-memory 512M     --executor-cores 1     --total-executor-cores 1     --jars /opt/airflow/jars/aws-java-sdk-bundle-1.12.262.jar,/opt/airflow/jars/hadoop-aws-3.3.4.jar,/opt/airflow/jars/postgresql-42.7.3.jar     /opt/spark_jobs/gold_processor.py\n    ']
[2026-05-17T03:30:18.895+0000] {subprocess.py:86} INFO - Output:
[2026-05-17T03:30:35.975+0000] {subprocess.py:93} INFO - 26/05/17 03:30:35 WARN NativeCodeLoader: Unable to load native-hadoop library for your platform... using builtin-java classes where applicable
[2026-05-17T03:30:37.919+0000] {subprocess.py:93} INFO - 26/05/17 03:30:37 INFO SparkContext: Running Spark version 3.5.1
[2026-05-17T03:30:37.920+0000] {subprocess.py:93} INFO - 26/05/17 03:30:37 INFO SparkContext: OS info Linux, 6.6.87.2-microsoft-standard-WSL2, amd64
[2026-05-17T03:30:37.921+0000] {subprocess.py:93} INFO - 26/05/17 03:30:37 INFO SparkContext: Java version 17.0.19
[2026-05-17T03:30:37.961+0000] {subprocess.py:93} INFO - 26/05/17 03:30:37 INFO ResourceUtils: ==============================================================
[2026-05-17T03:30:37.961+0000] {subprocess.py:93} INFO - 26/05/17 03:30:37 INFO ResourceUtils: No custom resources configured for spark.driver.
[2026-05-17T03:30:37.963+0000] {subprocess.py:93} INFO - 26/05/17 03:30:37 INFO ResourceUtils: ==============================================================
[2026-05-17T03:30:37.964+0000] {subprocess.py:93} INFO - 26/05/17 03:30:37 INFO SparkContext: Submitted application: GoldLayerProcessor
[2026-05-17T03:30:37.994+0000] {subprocess.py:93} INFO - 26/05/17 03:30:37 INFO ResourceProfile: Default ResourceProfile created, executor resources: Map(cores -> name: cores, amount: 1, script: , vendor: , memory -> name: memory, amount: 512, script: , vendor: , offHeap -> name: offHeap, amount: 0, script: , vendor: ), task resources: Map(cpus -> name: cpus, amount: 1.0)
[2026-05-17T03:30:38.008+0000] {subprocess.py:93} INFO - 26/05/17 03:30:38 INFO ResourceProfile: Limiting resource is cpus at 1 tasks per executor
[2026-05-17T03:30:38.012+0000] {subprocess.py:93} INFO - 26/05/17 03:30:38 INFO ResourceProfileManager: Added ResourceProfile id: 0
[2026-05-17T03:30:38.083+0000] {subprocess.py:93} INFO - 26/05/17 03:30:38 INFO SecurityManager: Changing view acls to: airflow
[2026-05-17T03:30:38.084+0000] {subprocess.py:93} INFO - 26/05/17 03:30:38 INFO SecurityManager: Changing modify acls to: airflow
[2026-05-17T03:30:38.085+0000] {subprocess.py:93} INFO - 26/05/17 03:30:38 INFO SecurityManager: Changing view acls groups to:
[2026-05-17T03:30:38.086+0000] {subprocess.py:93} INFO - 26/05/17 03:30:38 INFO SecurityManager: Changing modify acls groups to:
[2026-05-17T03:30:38.088+0000] {subprocess.py:93} INFO - 26/05/17 03:30:38 INFO SecurityManager: SecurityManager: authentication disabled; ui acls disabled; users with view permissions: airflow; groups with view permissions: EMPTY; users with modify permissions: airflow; groups with modify permissions: EMPTY
[2026-05-17T03:30:38.326+0000] {subprocess.py:93} INFO - 26/05/17 03:30:38 INFO Utils: Successfully started service 'sparkDriver' on port 43205.
[2026-05-17T03:30:38.357+0000] {subprocess.py:93} INFO - 26/05/17 03:30:38 INFO SparkEnv: Registering MapOutputTracker
[2026-05-17T03:30:38.394+0000] {subprocess.py:93} INFO - 26/05/17 03:30:38 INFO SparkEnv: Registering BlockManagerMaster
[2026-05-17T03:30:38.414+0000] {subprocess.py:93} INFO - 26/05/17 03:30:38 INFO BlockManagerMasterEndpoint: Using org.apache.spark.storage.DefaultTopologyMapper for getting topology information
[2026-05-17T03:30:38.415+0000] {subprocess.py:93} INFO - 26/05/17 03:30:38 INFO BlockManagerMasterEndpoint: BlockManagerMasterEndpoint up
[2026-05-17T03:30:38.420+0000] {subprocess.py:93} INFO - 26/05/17 03:30:38 INFO SparkEnv: Registering BlockManagerMasterHeartbeat
[2026-05-17T03:30:38.440+0000] {subprocess.py:93} INFO - 26/05/17 03:30:38 INFO DiskBlockManager: Created local directory at /tmp/blockmgr-1b19ba73-baa3-49be-a5dd-a05e893c80b1
[2026-05-17T03:30:38.453+0000] {subprocess.py:93} INFO - 26/05/17 03:30:38 INFO MemoryStore: MemoryStore started with capacity 434.4 MiB
[2026-05-17T03:30:38.473+0000] {subprocess.py:93} INFO - 26/05/17 03:30:38 INFO SparkEnv: Registering OutputCommitCoordinator
[2026-05-17T03:30:38.599+0000] {subprocess.py:93} INFO - 26/05/17 03:30:38 INFO JettyUtils: Start Jetty 0.0.0.0:4040 for SparkUI
[2026-05-17T03:30:38.696+0000] {subprocess.py:93} INFO - 26/05/17 03:30:38 INFO Utils: Successfully started service 'SparkUI' on port 4040.
[2026-05-17T03:30:38.749+0000] {subprocess.py:93} INFO - 26/05/17 03:30:38 INFO SparkContext: Added JAR file:///opt/airflow/jars/aws-java-sdk-bundle-1.12.262.jar at spark://e8a9653e4a1b:43205/jars/aws-java-sdk-bundle-1.12.262.jar with timestamp 1778988637907
[2026-05-17T03:30:38.750+0000] {subprocess.py:93} INFO - 26/05/17 03:30:38 INFO SparkContext: Added JAR file:///opt/airflow/jars/hadoop-aws-3.3.4.jar at spark://e8a9653e4a1b:43205/jars/hadoop-aws-3.3.4.jar with timestamp 1778988637907
[2026-05-17T03:30:38.751+0000] {subprocess.py:93} INFO - 26/05/17 03:30:38 INFO SparkContext: Added JAR file:///opt/airflow/jars/postgresql-42.7.3.jar at spark://e8a9653e4a1b:43205/jars/postgresql-42.7.3.jar with timestamp 1778988637907
[2026-05-17T03:30:38.871+0000] {subprocess.py:93} INFO - 26/05/17 03:30:38 INFO StandaloneAppClient$ClientEndpoint: Connecting to master spark://spark-master:7077...
[2026-05-17T03:30:38.935+0000] {subprocess.py:93} INFO - 26/05/17 03:30:38 INFO TransportClientFactory: Successfully created connection to spark-master/172.18.0.6:7077 after 35 ms (0 ms spent in bootstraps)
[2026-05-17T03:30:39.039+0000] {subprocess.py:93} INFO - 26/05/17 03:30:39 INFO StandaloneSchedulerBackend: Connected to Spark cluster with app ID app-20260517033039-0181
[2026-05-17T03:30:39.043+0000] {subprocess.py:93} INFO - 26/05/17 03:30:39 INFO StandaloneAppClient$ClientEndpoint: Executor added: app-20260517033039-0181/0 on worker-20260514105200-172.18.0.13-40347 (172.18.0.13:40347) with 1 core(s)
[2026-05-17T03:30:39.046+0000] {subprocess.py:93} INFO - 26/05/17 03:30:39 INFO StandaloneSchedulerBackend: Granted executor ID app-20260517033039-0181/0 on hostPort 172.18.0.13:40347 with 1 core(s), 512.0 MiB RAM
[2026-05-17T03:30:39.053+0000] {subprocess.py:93} INFO - 26/05/17 03:30:39 INFO Utils: Successfully started service 'org.apache.spark.network.netty.NettyBlockTransferService' on port 44515.
[2026-05-17T03:30:39.054+0000] {subprocess.py:93} INFO - 26/05/17 03:30:39 INFO NettyBlockTransferService: Server created on e8a9653e4a1b:44515
[2026-05-17T03:30:39.056+0000] {subprocess.py:93} INFO - 26/05/17 03:30:39 INFO BlockManager: Using org.apache.spark.storage.RandomBlockReplicationPolicy for block replication policy
[2026-05-17T03:30:39.070+0000] {subprocess.py:93} INFO - 26/05/17 03:30:39 INFO BlockManagerMaster: Registering BlockManager BlockManagerId(driver, e8a9653e4a1b, 44515, None)
[2026-05-17T03:30:39.075+0000] {subprocess.py:93} INFO - 26/05/17 03:30:39 INFO BlockManagerMasterEndpoint: Registering block manager e8a9653e4a1b:44515 with 434.4 MiB RAM, BlockManagerId(driver, e8a9653e4a1b, 44515, None)
[2026-05-17T03:30:39.078+0000] {subprocess.py:93} INFO - 26/05/17 03:30:39 INFO BlockManagerMaster: Registered BlockManager BlockManagerId(driver, e8a9653e4a1b, 44515, None)
[2026-05-17T03:30:39.081+0000] {subprocess.py:93} INFO - 26/05/17 03:30:39 INFO StandaloneAppClient$ClientEndpoint: Executor updated: app-20260517033039-0181/0 is now RUNNING
[2026-05-17T03:30:39.082+0000] {subprocess.py:93} INFO - 26/05/17 03:30:39 INFO BlockManager: Initialized BlockManager: BlockManagerId(driver, e8a9653e4a1b, 44515, None)
[2026-05-17T03:30:39.396+0000] {subprocess.py:93} INFO - 26/05/17 03:30:39 INFO StandaloneSchedulerBackend: SchedulerBackend is ready for scheduling beginning after reached minRegisteredResourcesRatio: 0.0
[2026-05-17T03:30:41.212+0000] {subprocess.py:93} INFO - 26/05/17 03:30:41 WARN MetricsConfig: Cannot locate configuration: tried hadoop-metrics2-s3a-file-system.properties,hadoop-metrics2.properties
[2026-05-17T03:30:50.980+0000] {subprocess.py:93} INFO - Lecture SILVER terminée
[2026-05-17T03:31:03.984+0000] {subprocess.py:93} INFO - Table articles_par_jour créée
[2026-05-17T03:31:13.036+0000] {subprocess.py:93} INFO - Table articles_par_source créée
[2026-05-17T03:31:21.385+0000] {subprocess.py:93} INFO - Table top_categories créée
[2026-05-17T03:31:29.527+0000] {subprocess.py:93} INFO - Table articles_par_source_jour créée
[2026-05-17T03:31:29.527+0000] {subprocess.py:93} INFO - 
[2026-05-17T03:31:29.528+0000] {subprocess.py:93} INFO - ==============================
[2026-05-17T03:31:29.529+0000] {subprocess.py:93} INFO - GOLD LAYER TERMINÉ
[2026-05-17T03:31:29.530+0000] {subprocess.py:93} INFO - ==============================
[2026-05-17T03:31:30.075+0000] {subprocess.py:97} INFO - Command exited with return code 0
[2026-05-17T03:31:30.076+0000] {taskinstance.py:441} INFO - ::group::Post task execution logs
[2026-05-17T03:31:30.302+0000] {taskinstance.py:1206} INFO - Marking task as SUCCESS. dag_id=medallion_gold_layer, task_id=gold_processing, run_id=scheduled__2026-05-17T03:25:00+00:00, execution_date=20260517T032500, start_date=20260517T033012, end_date=20260517T033130
[2026-05-17T03:31:30.344+0000] {local_task_job_runner.py:240} INFO - Task exited with return code 0
[2026-05-17T03:31:30.386+0000] {local_task_job_runner.py:222} INFO - ::endgroup::
