[2026-05-18T21:40:01.652+0000] {local_task_job_runner.py:120} INFO - ::group::Pre task execution logs
[2026-05-18T21:40:01.836+0000] {taskinstance.py:2076} INFO - Dependencies all met for dep_context=non-requeueable deps ti=<TaskInstance: medallion_gold_layer.gold_processing scheduled__2026-05-18T21:35:00+00:00 [queued]>
[2026-05-18T21:40:01.868+0000] {taskinstance.py:2076} INFO - Dependencies all met for dep_context=requeueable deps ti=<TaskInstance: medallion_gold_layer.gold_processing scheduled__2026-05-18T21:35:00+00:00 [queued]>
[2026-05-18T21:40:01.873+0000] {taskinstance.py:2306} INFO - Starting attempt 1 of 2
[2026-05-18T21:40:01.936+0000] {taskinstance.py:2330} INFO - Executing <Task(BashOperator): gold_processing> on 2026-05-18 21:35:00+00:00
[2026-05-18T21:40:01.950+0000] {standard_task_runner.py:63} INFO - Started process 2581 to run task
[2026-05-18T21:40:01.962+0000] {standard_task_runner.py:90} INFO - Running: ['airflow', 'tasks', 'run', 'medallion_gold_layer', 'gold_processing', 'scheduled__2026-05-18T21:35:00+00:00', '--job-id', '267', '--raw', '--subdir', 'DAGS_FOLDER/gold_layer_dag.py', '--cfg-path', '/tmp/tmpgolbwzfn']
[2026-05-18T21:40:01.968+0000] {standard_task_runner.py:91} INFO - Job 267: Subtask gold_processing
[2026-05-18T21:40:02.347+0000] {task_command.py:426} INFO - Running <TaskInstance: medallion_gold_layer.gold_processing scheduled__2026-05-18T21:35:00+00:00 [running]> on host e8a9653e4a1b
[2026-05-18T21:40:03.029+0000] {taskinstance.py:2648} INFO - Exporting env vars: AIRFLOW_CTX_DAG_OWNER='ikram' AIRFLOW_CTX_DAG_ID='medallion_gold_layer' AIRFLOW_CTX_TASK_ID='gold_processing' AIRFLOW_CTX_EXECUTION_DATE='2026-05-18T21:35:00+00:00' AIRFLOW_CTX_TRY_NUMBER='1' AIRFLOW_CTX_DAG_RUN_ID='scheduled__2026-05-18T21:35:00+00:00'
[2026-05-18T21:40:03.031+0000] {taskinstance.py:430} INFO - ::endgroup::
[2026-05-18T21:40:03.061+0000] {subprocess.py:63} INFO - Tmp dir root location: /tmp
[2026-05-18T21:40:03.063+0000] {subprocess.py:75} INFO - Running command: ['/usr/bin/bash', '-c', '\n    spark-submit     --master spark://spark-master:7077     --executor-memory 512M     --executor-cores 1     --total-executor-cores 1     --jars /opt/airflow/jars/aws-java-sdk-bundle-1.12.262.jar,/opt/airflow/jars/hadoop-aws-3.3.4.jar,/opt/airflow/jars/postgresql-42.7.3.jar     /opt/spark_jobs/gold_processor.py\n    ']
[2026-05-18T21:40:03.090+0000] {subprocess.py:86} INFO - Output:
[2026-05-18T21:40:07.237+0000] {subprocess.py:93} INFO - 26/05/18 21:40:07 WARN NativeCodeLoader: Unable to load native-hadoop library for your platform... using builtin-java classes where applicable
[2026-05-18T21:40:10.234+0000] {subprocess.py:93} INFO - 26/05/18 21:40:10 INFO SparkContext: Running Spark version 3.5.1
[2026-05-18T21:40:10.257+0000] {subprocess.py:93} INFO - 26/05/18 21:40:10 INFO SparkContext: OS info Linux, 6.6.87.2-microsoft-standard-WSL2, amd64
[2026-05-18T21:40:10.282+0000] {subprocess.py:93} INFO - 26/05/18 21:40:10 INFO SparkContext: Java version 17.0.19
[2026-05-18T21:40:10.333+0000] {subprocess.py:93} INFO - 26/05/18 21:40:10 INFO ResourceUtils: ==============================================================
[2026-05-18T21:40:10.369+0000] {subprocess.py:93} INFO - 26/05/18 21:40:10 INFO ResourceUtils: No custom resources configured for spark.driver.
[2026-05-18T21:40:10.389+0000] {subprocess.py:93} INFO - 26/05/18 21:40:10 INFO ResourceUtils: ==============================================================
[2026-05-18T21:40:10.411+0000] {subprocess.py:93} INFO - 26/05/18 21:40:10 INFO SparkContext: Submitted application: GoldLayerProcessor
[2026-05-18T21:40:10.434+0000] {subprocess.py:93} INFO - 26/05/18 21:40:10 INFO ResourceProfile: Default ResourceProfile created, executor resources: Map(cores -> name: cores, amount: 1, script: , vendor: , memory -> name: memory, amount: 512, script: , vendor: , offHeap -> name: offHeap, amount: 0, script: , vendor: ), task resources: Map(cpus -> name: cpus, amount: 1.0)
[2026-05-18T21:40:10.462+0000] {subprocess.py:93} INFO - 26/05/18 21:40:10 INFO ResourceProfile: Limiting resource is cpus at 1 tasks per executor
[2026-05-18T21:40:10.494+0000] {subprocess.py:93} INFO - 26/05/18 21:40:10 INFO ResourceProfileManager: Added ResourceProfile id: 0
[2026-05-18T21:40:10.523+0000] {subprocess.py:93} INFO - 26/05/18 21:40:10 INFO SecurityManager: Changing view acls to: airflow
[2026-05-18T21:40:10.556+0000] {subprocess.py:93} INFO - 26/05/18 21:40:10 INFO SecurityManager: Changing modify acls to: airflow
[2026-05-18T21:40:10.595+0000] {subprocess.py:93} INFO - 26/05/18 21:40:10 INFO SecurityManager: Changing view acls groups to:
[2026-05-18T21:40:10.623+0000] {subprocess.py:93} INFO - 26/05/18 21:40:10 INFO SecurityManager: Changing modify acls groups to:
[2026-05-18T21:40:10.640+0000] {subprocess.py:93} INFO - 26/05/18 21:40:10 INFO SecurityManager: SecurityManager: authentication disabled; ui acls disabled; users with view permissions: airflow; groups with view permissions: EMPTY; users with modify permissions: airflow; groups with modify permissions: EMPTY
[2026-05-18T21:40:10.932+0000] {subprocess.py:93} INFO - 26/05/18 21:40:10 INFO Utils: Successfully started service 'sparkDriver' on port 45191.
[2026-05-18T21:40:10.980+0000] {subprocess.py:93} INFO - 26/05/18 21:40:10 INFO SparkEnv: Registering MapOutputTracker
[2026-05-18T21:40:11.058+0000] {subprocess.py:93} INFO - 26/05/18 21:40:11 INFO SparkEnv: Registering BlockManagerMaster
[2026-05-18T21:40:11.098+0000] {subprocess.py:93} INFO - 26/05/18 21:40:11 INFO BlockManagerMasterEndpoint: Using org.apache.spark.storage.DefaultTopologyMapper for getting topology information
[2026-05-18T21:40:11.111+0000] {subprocess.py:93} INFO - 26/05/18 21:40:11 INFO BlockManagerMasterEndpoint: BlockManagerMasterEndpoint up
[2026-05-18T21:40:11.118+0000] {subprocess.py:93} INFO - 26/05/18 21:40:11 INFO SparkEnv: Registering BlockManagerMasterHeartbeat
[2026-05-18T21:40:11.151+0000] {subprocess.py:93} INFO - 26/05/18 21:40:11 INFO DiskBlockManager: Created local directory at /tmp/blockmgr-5401f1ff-e932-4995-ba2b-147291539497
[2026-05-18T21:40:11.187+0000] {subprocess.py:93} INFO - 26/05/18 21:40:11 INFO MemoryStore: MemoryStore started with capacity 434.4 MiB
[2026-05-18T21:40:11.234+0000] {subprocess.py:93} INFO - 26/05/18 21:40:11 INFO SparkEnv: Registering OutputCommitCoordinator
[2026-05-18T21:40:11.536+0000] {subprocess.py:93} INFO - 26/05/18 21:40:11 INFO JettyUtils: Start Jetty 0.0.0.0:4040 for SparkUI
[2026-05-18T21:40:11.724+0000] {subprocess.py:93} INFO - 26/05/18 21:40:11 INFO Utils: Successfully started service 'SparkUI' on port 4040.
[2026-05-18T21:40:11.830+0000] {subprocess.py:93} INFO - 26/05/18 21:40:11 INFO SparkContext: Added JAR file:///opt/airflow/jars/aws-java-sdk-bundle-1.12.262.jar at spark://e8a9653e4a1b:45191/jars/aws-java-sdk-bundle-1.12.262.jar with timestamp 1779140410217
[2026-05-18T21:40:11.832+0000] {subprocess.py:93} INFO - 26/05/18 21:40:11 INFO SparkContext: Added JAR file:///opt/airflow/jars/hadoop-aws-3.3.4.jar at spark://e8a9653e4a1b:45191/jars/hadoop-aws-3.3.4.jar with timestamp 1779140410217
[2026-05-18T21:40:11.833+0000] {subprocess.py:93} INFO - 26/05/18 21:40:11 INFO SparkContext: Added JAR file:///opt/airflow/jars/postgresql-42.7.3.jar at spark://e8a9653e4a1b:45191/jars/postgresql-42.7.3.jar with timestamp 1779140410217
[2026-05-18T21:40:12.012+0000] {subprocess.py:93} INFO - 26/05/18 21:40:12 INFO StandaloneAppClient$ClientEndpoint: Connecting to master spark://spark-master:7077...
[2026-05-18T21:40:12.131+0000] {subprocess.py:93} INFO - 26/05/18 21:40:12 INFO TransportClientFactory: Successfully created connection to spark-master/172.18.0.4:7077 after 74 ms (0 ms spent in bootstraps)
[2026-05-18T21:40:12.326+0000] {subprocess.py:93} INFO - 26/05/18 21:40:12 INFO StandaloneSchedulerBackend: Connected to Spark cluster with app ID app-20260518214012-0007
[2026-05-18T21:40:12.332+0000] {subprocess.py:93} INFO - 26/05/18 21:40:12 INFO StandaloneAppClient$ClientEndpoint: Executor added: app-20260518214012-0007/0 on worker-20260518211503-172.18.0.3-40747 (172.18.0.3:40747) with 1 core(s)
[2026-05-18T21:40:12.339+0000] {subprocess.py:93} INFO - 26/05/18 21:40:12 INFO StandaloneSchedulerBackend: Granted executor ID app-20260518214012-0007/0 on hostPort 172.18.0.3:40747 with 1 core(s), 512.0 MiB RAM
[2026-05-18T21:40:12.358+0000] {subprocess.py:93} INFO - 26/05/18 21:40:12 INFO Utils: Successfully started service 'org.apache.spark.network.netty.NettyBlockTransferService' on port 36457.
[2026-05-18T21:40:12.368+0000] {subprocess.py:93} INFO - 26/05/18 21:40:12 INFO NettyBlockTransferService: Server created on e8a9653e4a1b:36457
[2026-05-18T21:40:12.370+0000] {subprocess.py:93} INFO - 26/05/18 21:40:12 INFO BlockManager: Using org.apache.spark.storage.RandomBlockReplicationPolicy for block replication policy
[2026-05-18T21:40:12.393+0000] {subprocess.py:93} INFO - 26/05/18 21:40:12 INFO BlockManagerMaster: Registering BlockManager BlockManagerId(driver, e8a9653e4a1b, 36457, None)
[2026-05-18T21:40:12.401+0000] {subprocess.py:93} INFO - 26/05/18 21:40:12 INFO StandaloneAppClient$ClientEndpoint: Executor updated: app-20260518214012-0007/0 is now RUNNING
[2026-05-18T21:40:12.402+0000] {subprocess.py:93} INFO - 26/05/18 21:40:12 INFO BlockManagerMasterEndpoint: Registering block manager e8a9653e4a1b:36457 with 434.4 MiB RAM, BlockManagerId(driver, e8a9653e4a1b, 36457, None)
[2026-05-18T21:40:12.409+0000] {subprocess.py:93} INFO - 26/05/18 21:40:12 INFO BlockManagerMaster: Registered BlockManager BlockManagerId(driver, e8a9653e4a1b, 36457, None)
[2026-05-18T21:40:12.414+0000] {subprocess.py:93} INFO - 26/05/18 21:40:12 INFO BlockManager: Initialized BlockManager: BlockManagerId(driver, e8a9653e4a1b, 36457, None)
[2026-05-18T21:40:12.894+0000] {subprocess.py:93} INFO - 26/05/18 21:40:12 INFO StandaloneSchedulerBackend: SchedulerBackend is ready for scheduling beginning after reached minRegisteredResourcesRatio: 0.0
[2026-05-18T21:40:15.645+0000] {subprocess.py:93} INFO - 26/05/18 21:40:15 WARN MetricsConfig: Cannot locate configuration: tried hadoop-metrics2-s3a-file-system.properties,hadoop-metrics2.properties
[2026-05-18T21:40:35.525+0000] {subprocess.py:93} INFO - Lecture SILVER terminée
[2026-05-18T21:41:07.918+0000] {subprocess.py:93} INFO - Table articles_par_jour créée
[2026-05-18T21:41:31.180+0000] {subprocess.py:93} INFO - Table articles_par_source créée
[2026-05-18T21:41:54.990+0000] {subprocess.py:93} INFO - Table top_categories créée
[2026-05-18T21:42:15.508+0000] {subprocess.py:93} INFO - Table articles_par_source_jour créée
[2026-05-18T21:42:15.509+0000] {subprocess.py:93} INFO - 
[2026-05-18T21:42:15.510+0000] {subprocess.py:93} INFO - ==============================
[2026-05-18T21:42:15.511+0000] {subprocess.py:93} INFO - GOLD LAYER TERMINÉ
[2026-05-18T21:42:15.512+0000] {subprocess.py:93} INFO - ==============================
[2026-05-18T21:42:15.761+0000] {subprocess.py:97} INFO - Command exited with return code 0
[2026-05-18T21:42:15.762+0000] {taskinstance.py:441} INFO - ::group::Post task execution logs
[2026-05-18T21:42:15.903+0000] {taskinstance.py:1206} INFO - Marking task as SUCCESS. dag_id=medallion_gold_layer, task_id=gold_processing, run_id=scheduled__2026-05-18T21:35:00+00:00, execution_date=20260518T213500, start_date=20260518T214001, end_date=20260518T214215
[2026-05-18T21:42:15.983+0000] {local_task_job_runner.py:240} INFO - Task exited with return code 0
[2026-05-18T21:42:16.061+0000] {taskinstance.py:3498} INFO - 0 downstream tasks scheduled from follow-on schedule check
[2026-05-18T21:42:16.065+0000] {local_task_job_runner.py:222} INFO - ::endgroup::
