[2026-05-14T13:18:26.367+0000] {local_task_job_runner.py:120} INFO - ::group::Pre task execution logs
[2026-05-14T13:18:26.490+0000] {taskinstance.py:2076} INFO - Dependencies all met for dep_context=non-requeueable deps ti=<TaskInstance: medallion_gold_layer.gold_processing scheduled__2026-05-14T12:55:00+00:00 [queued]>
[2026-05-14T13:18:26.504+0000] {taskinstance.py:2076} INFO - Dependencies all met for dep_context=requeueable deps ti=<TaskInstance: medallion_gold_layer.gold_processing scheduled__2026-05-14T12:55:00+00:00 [queued]>
[2026-05-14T13:18:26.506+0000] {taskinstance.py:2306} INFO - Starting attempt 1 of 2
[2026-05-14T13:18:26.529+0000] {taskinstance.py:2330} INFO - Executing <Task(BashOperator): gold_processing> on 2026-05-14 12:55:00+00:00
[2026-05-14T13:18:26.534+0000] {standard_task_runner.py:63} INFO - Started process 8237 to run task
[2026-05-14T13:18:26.539+0000] {standard_task_runner.py:90} INFO - Running: ['airflow', 'tasks', 'run', 'medallion_gold_layer', 'gold_processing', 'scheduled__2026-05-14T12:55:00+00:00', '--job-id', '23', '--raw', '--subdir', 'DAGS_FOLDER/gold_layer_dag.py', '--cfg-path', '/tmp/tmpon0jypk7']
[2026-05-14T13:18:26.542+0000] {standard_task_runner.py:91} INFO - Job 23: Subtask gold_processing
[2026-05-14T13:18:27.011+0000] {task_command.py:426} INFO - Running <TaskInstance: medallion_gold_layer.gold_processing scheduled__2026-05-14T12:55:00+00:00 [running]> on host e8a9653e4a1b
[2026-05-14T13:18:27.435+0000] {taskinstance.py:2648} INFO - Exporting env vars: AIRFLOW_CTX_DAG_OWNER='anass' AIRFLOW_CTX_DAG_ID='medallion_gold_layer' AIRFLOW_CTX_TASK_ID='gold_processing' AIRFLOW_CTX_EXECUTION_DATE='2026-05-14T12:55:00+00:00' AIRFLOW_CTX_TRY_NUMBER='1' AIRFLOW_CTX_DAG_RUN_ID='scheduled__2026-05-14T12:55:00+00:00'
[2026-05-14T13:18:27.437+0000] {taskinstance.py:430} INFO - ::endgroup::
[2026-05-14T13:18:27.473+0000] {subprocess.py:63} INFO - Tmp dir root location: /tmp
[2026-05-14T13:18:27.475+0000] {subprocess.py:75} INFO - Running command: ['/usr/bin/bash', '-c', '\n    spark-submit     --master spark://spark-master:7077     --executor-memory 512M     --executor-cores 1     --total-executor-cores 1     --jars /opt/airflow/jars/aws-java-sdk-bundle-1.12.262.jar,/opt/airflow/jars/hadoop-aws-3.3.4.jar,/opt/airflow/jars/postgresql-42.7.3.jar     /opt/spark_jobs/gold_processor.py\n    ']
[2026-05-14T13:18:27.496+0000] {subprocess.py:86} INFO - Output:
[2026-05-14T13:18:30.468+0000] {subprocess.py:93} INFO - 26/05/14 13:18:30 WARN NativeCodeLoader: Unable to load native-hadoop library for your platform... using builtin-java classes where applicable
[2026-05-14T13:18:31.560+0000] {subprocess.py:93} INFO - 26/05/14 13:18:31 INFO SparkContext: Running Spark version 3.5.1
[2026-05-14T13:18:31.561+0000] {subprocess.py:93} INFO - 26/05/14 13:18:31 INFO SparkContext: OS info Linux, 6.6.87.2-microsoft-standard-WSL2, amd64
[2026-05-14T13:18:31.562+0000] {subprocess.py:93} INFO - 26/05/14 13:18:31 INFO SparkContext: Java version 17.0.19
[2026-05-14T13:18:31.590+0000] {subprocess.py:93} INFO - 26/05/14 13:18:31 INFO ResourceUtils: ==============================================================
[2026-05-14T13:18:31.591+0000] {subprocess.py:93} INFO - 26/05/14 13:18:31 INFO ResourceUtils: No custom resources configured for spark.driver.
[2026-05-14T13:18:31.592+0000] {subprocess.py:93} INFO - 26/05/14 13:18:31 INFO ResourceUtils: ==============================================================
[2026-05-14T13:18:31.592+0000] {subprocess.py:93} INFO - 26/05/14 13:18:31 INFO SparkContext: Submitted application: GoldLayerProcessor
[2026-05-14T13:18:31.612+0000] {subprocess.py:93} INFO - 26/05/14 13:18:31 INFO ResourceProfile: Default ResourceProfile created, executor resources: Map(cores -> name: cores, amount: 1, script: , vendor: , memory -> name: memory, amount: 512, script: , vendor: , offHeap -> name: offHeap, amount: 0, script: , vendor: ), task resources: Map(cpus -> name: cpus, amount: 1.0)
[2026-05-14T13:18:31.623+0000] {subprocess.py:93} INFO - 26/05/14 13:18:31 INFO ResourceProfile: Limiting resource is cpus at 1 tasks per executor
[2026-05-14T13:18:31.626+0000] {subprocess.py:93} INFO - 26/05/14 13:18:31 INFO ResourceProfileManager: Added ResourceProfile id: 0
[2026-05-14T13:18:31.677+0000] {subprocess.py:93} INFO - 26/05/14 13:18:31 INFO SecurityManager: Changing view acls to: airflow
[2026-05-14T13:18:31.678+0000] {subprocess.py:93} INFO - 26/05/14 13:18:31 INFO SecurityManager: Changing modify acls to: airflow
[2026-05-14T13:18:31.679+0000] {subprocess.py:93} INFO - 26/05/14 13:18:31 INFO SecurityManager: Changing view acls groups to:
[2026-05-14T13:18:31.680+0000] {subprocess.py:93} INFO - 26/05/14 13:18:31 INFO SecurityManager: Changing modify acls groups to:
[2026-05-14T13:18:31.680+0000] {subprocess.py:93} INFO - 26/05/14 13:18:31 INFO SecurityManager: SecurityManager: authentication disabled; ui acls disabled; users with view permissions: airflow; groups with view permissions: EMPTY; users with modify permissions: airflow; groups with modify permissions: EMPTY
[2026-05-14T13:18:31.885+0000] {subprocess.py:93} INFO - 26/05/14 13:18:31 INFO Utils: Successfully started service 'sparkDriver' on port 44511.
[2026-05-14T13:18:31.907+0000] {subprocess.py:93} INFO - 26/05/14 13:18:31 INFO SparkEnv: Registering MapOutputTracker
[2026-05-14T13:18:31.931+0000] {subprocess.py:93} INFO - 26/05/14 13:18:31 INFO SparkEnv: Registering BlockManagerMaster
[2026-05-14T13:18:31.943+0000] {subprocess.py:93} INFO - 26/05/14 13:18:31 INFO BlockManagerMasterEndpoint: Using org.apache.spark.storage.DefaultTopologyMapper for getting topology information
[2026-05-14T13:18:31.944+0000] {subprocess.py:93} INFO - 26/05/14 13:18:31 INFO BlockManagerMasterEndpoint: BlockManagerMasterEndpoint up
[2026-05-14T13:18:31.947+0000] {subprocess.py:93} INFO - 26/05/14 13:18:31 INFO SparkEnv: Registering BlockManagerMasterHeartbeat
[2026-05-14T13:18:31.959+0000] {subprocess.py:93} INFO - 26/05/14 13:18:31 INFO DiskBlockManager: Created local directory at /tmp/blockmgr-860eb8b4-0bee-407f-8157-5e8dea2f897c
[2026-05-14T13:18:31.969+0000] {subprocess.py:93} INFO - 26/05/14 13:18:31 INFO MemoryStore: MemoryStore started with capacity 434.4 MiB
[2026-05-14T13:18:31.980+0000] {subprocess.py:93} INFO - 26/05/14 13:18:31 INFO SparkEnv: Registering OutputCommitCoordinator
[2026-05-14T13:18:32.055+0000] {subprocess.py:93} INFO - 26/05/14 13:18:32 INFO JettyUtils: Start Jetty 0.0.0.0:4040 for SparkUI
[2026-05-14T13:18:32.108+0000] {subprocess.py:93} INFO - 26/05/14 13:18:32 INFO Utils: Successfully started service 'SparkUI' on port 4040.
[2026-05-14T13:18:32.136+0000] {subprocess.py:93} INFO - 26/05/14 13:18:32 INFO SparkContext: Added JAR file:///opt/airflow/jars/aws-java-sdk-bundle-1.12.262.jar at spark://e8a9653e4a1b:44511/jars/aws-java-sdk-bundle-1.12.262.jar with timestamp 1778764711555
[2026-05-14T13:18:32.137+0000] {subprocess.py:93} INFO - 26/05/14 13:18:32 INFO SparkContext: Added JAR file:///opt/airflow/jars/hadoop-aws-3.3.4.jar at spark://e8a9653e4a1b:44511/jars/hadoop-aws-3.3.4.jar with timestamp 1778764711555
[2026-05-14T13:18:32.138+0000] {subprocess.py:93} INFO - 26/05/14 13:18:32 INFO SparkContext: Added JAR file:///opt/airflow/jars/postgresql-42.7.3.jar at spark://e8a9653e4a1b:44511/jars/postgresql-42.7.3.jar with timestamp 1778764711555
[2026-05-14T13:18:32.196+0000] {subprocess.py:93} INFO - 26/05/14 13:18:32 INFO StandaloneAppClient$ClientEndpoint: Connecting to master spark://spark-master:7077...
[2026-05-14T13:18:32.226+0000] {subprocess.py:93} INFO - 26/05/14 13:18:32 INFO TransportClientFactory: Successfully created connection to spark-master/172.18.0.6:7077 after 16 ms (0 ms spent in bootstraps)
[2026-05-14T13:18:32.283+0000] {subprocess.py:93} INFO - 26/05/14 13:18:32 INFO StandaloneSchedulerBackend: Connected to Spark cluster with app ID app-20260514131832-0022
[2026-05-14T13:18:32.286+0000] {subprocess.py:93} INFO - 26/05/14 13:18:32 INFO StandaloneAppClient$ClientEndpoint: Executor added: app-20260514131832-0022/0 on worker-20260514105200-172.18.0.13-40347 (172.18.0.13:40347) with 1 core(s)
[2026-05-14T13:18:32.288+0000] {subprocess.py:93} INFO - 26/05/14 13:18:32 INFO StandaloneSchedulerBackend: Granted executor ID app-20260514131832-0022/0 on hostPort 172.18.0.13:40347 with 1 core(s), 512.0 MiB RAM
[2026-05-14T13:18:32.292+0000] {subprocess.py:93} INFO - 26/05/14 13:18:32 INFO Utils: Successfully started service 'org.apache.spark.network.netty.NettyBlockTransferService' on port 34507.
[2026-05-14T13:18:32.293+0000] {subprocess.py:93} INFO - 26/05/14 13:18:32 INFO NettyBlockTransferService: Server created on e8a9653e4a1b:34507
[2026-05-14T13:18:32.294+0000] {subprocess.py:93} INFO - 26/05/14 13:18:32 INFO BlockManager: Using org.apache.spark.storage.RandomBlockReplicationPolicy for block replication policy
[2026-05-14T13:18:32.299+0000] {subprocess.py:93} INFO - 26/05/14 13:18:32 INFO BlockManagerMaster: Registering BlockManager BlockManagerId(driver, e8a9653e4a1b, 34507, None)
[2026-05-14T13:18:32.306+0000] {subprocess.py:93} INFO - 26/05/14 13:18:32 INFO BlockManagerMasterEndpoint: Registering block manager e8a9653e4a1b:34507 with 434.4 MiB RAM, BlockManagerId(driver, e8a9653e4a1b, 34507, None)
[2026-05-14T13:18:32.307+0000] {subprocess.py:93} INFO - 26/05/14 13:18:32 INFO BlockManagerMaster: Registered BlockManager BlockManagerId(driver, e8a9653e4a1b, 34507, None)
[2026-05-14T13:18:32.308+0000] {subprocess.py:93} INFO - 26/05/14 13:18:32 INFO BlockManager: Initialized BlockManager: BlockManagerId(driver, e8a9653e4a1b, 34507, None)
[2026-05-14T13:18:32.316+0000] {subprocess.py:93} INFO - 26/05/14 13:18:32 INFO StandaloneAppClient$ClientEndpoint: Executor updated: app-20260514131832-0022/0 is now RUNNING
[2026-05-14T13:18:32.543+0000] {subprocess.py:93} INFO - 26/05/14 13:18:32 INFO StandaloneSchedulerBackend: SchedulerBackend is ready for scheduling beginning after reached minRegisteredResourcesRatio: 0.0
[2026-05-14T13:18:33.539+0000] {subprocess.py:93} INFO - 26/05/14 13:18:33 WARN MetricsConfig: Cannot locate configuration: tried hadoop-metrics2-s3a-file-system.properties,hadoop-metrics2.properties
[2026-05-14T13:18:37.760+0000] {subprocess.py:93} INFO - Lecture SILVER terminée
[2026-05-14T13:18:42.708+0000] {subprocess.py:93} INFO - Table articles_par_jour créée
[2026-05-14T13:18:45.433+0000] {subprocess.py:93} INFO - Table articles_par_source créée
[2026-05-14T13:18:47.697+0000] {subprocess.py:93} INFO - Table top_categories créée
[2026-05-14T13:18:49.755+0000] {subprocess.py:93} INFO - Table articles_par_source_jour créée
[2026-05-14T13:18:49.760+0000] {subprocess.py:93} INFO - 
[2026-05-14T13:18:49.764+0000] {subprocess.py:93} INFO - ==============================
[2026-05-14T13:18:49.766+0000] {subprocess.py:93} INFO - GOLD LAYER TERMINÉ
[2026-05-14T13:18:49.767+0000] {subprocess.py:93} INFO - ==============================
[2026-05-14T13:18:50.171+0000] {subprocess.py:97} INFO - Command exited with return code 0
[2026-05-14T13:18:50.172+0000] {taskinstance.py:441} INFO - ::group::Post task execution logs
[2026-05-14T13:18:50.600+0000] {taskinstance.py:1206} INFO - Marking task as SUCCESS. dag_id=medallion_gold_layer, task_id=gold_processing, run_id=scheduled__2026-05-14T12:55:00+00:00, execution_date=20260514T125500, start_date=20260514T131826, end_date=20260514T131850
[2026-05-14T13:18:50.676+0000] {local_task_job_runner.py:240} INFO - Task exited with return code 0
[2026-05-14T13:18:50.716+0000] {taskinstance.py:3498} INFO - 0 downstream tasks scheduled from follow-on schedule check
[2026-05-14T13:18:50.719+0000] {local_task_job_runner.py:222} INFO - ::endgroup::
