[2026-05-16T01:55:01.600+0000] {local_task_job_runner.py:120} INFO - ::group::Pre task execution logs
[2026-05-16T01:55:01.731+0000] {taskinstance.py:2076} INFO - Dependencies all met for dep_context=non-requeueable deps ti=<TaskInstance: medallion_gold_layer.gold_processing scheduled__2026-05-16T01:50:00+00:00 [queued]>
[2026-05-16T01:55:01.757+0000] {taskinstance.py:2076} INFO - Dependencies all met for dep_context=requeueable deps ti=<TaskInstance: medallion_gold_layer.gold_processing scheduled__2026-05-16T01:50:00+00:00 [queued]>
[2026-05-16T01:55:01.759+0000] {taskinstance.py:2306} INFO - Starting attempt 1 of 2
[2026-05-16T01:55:01.803+0000] {taskinstance.py:2330} INFO - Executing <Task(BashOperator): gold_processing> on 2026-05-16 01:50:00+00:00
[2026-05-16T01:55:01.819+0000] {standard_task_runner.py:63} INFO - Started process 42560 to run task
[2026-05-16T01:55:01.833+0000] {standard_task_runner.py:90} INFO - Running: ['airflow', 'tasks', 'run', 'medallion_gold_layer', 'gold_processing', 'scheduled__2026-05-16T01:50:00+00:00', '--job-id', '113', '--raw', '--subdir', 'DAGS_FOLDER/gold_layer_dag.py', '--cfg-path', '/tmp/tmp3k6zzp32']
[2026-05-16T01:55:01.842+0000] {standard_task_runner.py:91} INFO - Job 113: Subtask gold_processing
[2026-05-16T01:55:02.300+0000] {task_command.py:426} INFO - Running <TaskInstance: medallion_gold_layer.gold_processing scheduled__2026-05-16T01:50:00+00:00 [running]> on host e8a9653e4a1b
[2026-05-16T01:55:03.125+0000] {taskinstance.py:2648} INFO - Exporting env vars: AIRFLOW_CTX_DAG_OWNER='anass' AIRFLOW_CTX_DAG_ID='medallion_gold_layer' AIRFLOW_CTX_TASK_ID='gold_processing' AIRFLOW_CTX_EXECUTION_DATE='2026-05-16T01:50:00+00:00' AIRFLOW_CTX_TRY_NUMBER='1' AIRFLOW_CTX_DAG_RUN_ID='scheduled__2026-05-16T01:50:00+00:00'
[2026-05-16T01:55:03.127+0000] {taskinstance.py:430} INFO - ::endgroup::
[2026-05-16T01:55:03.169+0000] {subprocess.py:63} INFO - Tmp dir root location: /tmp
[2026-05-16T01:55:03.173+0000] {subprocess.py:75} INFO - Running command: ['/usr/bin/bash', '-c', '\n    spark-submit     --master spark://spark-master:7077     --executor-memory 512M     --executor-cores 1     --total-executor-cores 1     --jars /opt/airflow/jars/aws-java-sdk-bundle-1.12.262.jar,/opt/airflow/jars/hadoop-aws-3.3.4.jar,/opt/airflow/jars/postgresql-42.7.3.jar     /opt/spark_jobs/gold_processor.py\n    ']
[2026-05-16T01:55:03.196+0000] {subprocess.py:86} INFO - Output:
[2026-05-16T01:55:06.719+0000] {subprocess.py:93} INFO - 26/05/16 01:55:06 WARN NativeCodeLoader: Unable to load native-hadoop library for your platform... using builtin-java classes where applicable
[2026-05-16T01:55:09.521+0000] {subprocess.py:93} INFO - 26/05/16 01:55:09 INFO SparkContext: Running Spark version 3.5.1
[2026-05-16T01:55:09.523+0000] {subprocess.py:93} INFO - 26/05/16 01:55:09 INFO SparkContext: OS info Linux, 6.6.87.2-microsoft-standard-WSL2, amd64
[2026-05-16T01:55:09.526+0000] {subprocess.py:93} INFO - 26/05/16 01:55:09 INFO SparkContext: Java version 17.0.19
[2026-05-16T01:55:09.632+0000] {subprocess.py:93} INFO - 26/05/16 01:55:09 INFO ResourceUtils: ==============================================================
[2026-05-16T01:55:09.634+0000] {subprocess.py:93} INFO - 26/05/16 01:55:09 INFO ResourceUtils: No custom resources configured for spark.driver.
[2026-05-16T01:55:09.636+0000] {subprocess.py:93} INFO - 26/05/16 01:55:09 INFO ResourceUtils: ==============================================================
[2026-05-16T01:55:09.637+0000] {subprocess.py:93} INFO - 26/05/16 01:55:09 INFO SparkContext: Submitted application: GoldLayerProcessor
[2026-05-16T01:55:09.703+0000] {subprocess.py:93} INFO - 26/05/16 01:55:09 INFO ResourceProfile: Default ResourceProfile created, executor resources: Map(cores -> name: cores, amount: 1, script: , vendor: , memory -> name: memory, amount: 512, script: , vendor: , offHeap -> name: offHeap, amount: 0, script: , vendor: ), task resources: Map(cpus -> name: cpus, amount: 1.0)
[2026-05-16T01:55:09.731+0000] {subprocess.py:93} INFO - 26/05/16 01:55:09 INFO ResourceProfile: Limiting resource is cpus at 1 tasks per executor
[2026-05-16T01:55:09.740+0000] {subprocess.py:93} INFO - 26/05/16 01:55:09 INFO ResourceProfileManager: Added ResourceProfile id: 0
[2026-05-16T01:55:09.867+0000] {subprocess.py:93} INFO - 26/05/16 01:55:09 INFO SecurityManager: Changing view acls to: airflow
[2026-05-16T01:55:09.869+0000] {subprocess.py:93} INFO - 26/05/16 01:55:09 INFO SecurityManager: Changing modify acls to: airflow
[2026-05-16T01:55:09.870+0000] {subprocess.py:93} INFO - 26/05/16 01:55:09 INFO SecurityManager: Changing view acls groups to:
[2026-05-16T01:55:09.873+0000] {subprocess.py:93} INFO - 26/05/16 01:55:09 INFO SecurityManager: Changing modify acls groups to:
[2026-05-16T01:55:09.876+0000] {subprocess.py:93} INFO - 26/05/16 01:55:09 INFO SecurityManager: SecurityManager: authentication disabled; ui acls disabled; users with view permissions: airflow; groups with view permissions: EMPTY; users with modify permissions: airflow; groups with modify permissions: EMPTY
[2026-05-16T01:55:10.286+0000] {subprocess.py:93} INFO - 26/05/16 01:55:10 INFO Utils: Successfully started service 'sparkDriver' on port 43453.
[2026-05-16T01:55:10.388+0000] {subprocess.py:93} INFO - 26/05/16 01:55:10 INFO SparkEnv: Registering MapOutputTracker
[2026-05-16T01:55:10.505+0000] {subprocess.py:93} INFO - 26/05/16 01:55:10 INFO SparkEnv: Registering BlockManagerMaster
[2026-05-16T01:55:10.547+0000] {subprocess.py:93} INFO - 26/05/16 01:55:10 INFO BlockManagerMasterEndpoint: Using org.apache.spark.storage.DefaultTopologyMapper for getting topology information
[2026-05-16T01:55:10.548+0000] {subprocess.py:93} INFO - 26/05/16 01:55:10 INFO BlockManagerMasterEndpoint: BlockManagerMasterEndpoint up
[2026-05-16T01:55:10.559+0000] {subprocess.py:93} INFO - 26/05/16 01:55:10 INFO SparkEnv: Registering BlockManagerMasterHeartbeat
[2026-05-16T01:55:10.583+0000] {subprocess.py:93} INFO - 26/05/16 01:55:10 INFO DiskBlockManager: Created local directory at /tmp/blockmgr-d5339efe-bdb8-4498-ac36-c9487b1e7e87
[2026-05-16T01:55:10.604+0000] {subprocess.py:93} INFO - 26/05/16 01:55:10 INFO MemoryStore: MemoryStore started with capacity 434.4 MiB
[2026-05-16T01:55:10.630+0000] {subprocess.py:93} INFO - 26/05/16 01:55:10 INFO SparkEnv: Registering OutputCommitCoordinator
[2026-05-16T01:55:10.915+0000] {subprocess.py:93} INFO - 26/05/16 01:55:10 INFO JettyUtils: Start Jetty 0.0.0.0:4040 for SparkUI
[2026-05-16T01:55:11.075+0000] {subprocess.py:93} INFO - 26/05/16 01:55:11 INFO Utils: Successfully started service 'SparkUI' on port 4040.
[2026-05-16T01:55:11.147+0000] {subprocess.py:93} INFO - 26/05/16 01:55:11 INFO SparkContext: Added JAR file:///opt/airflow/jars/aws-java-sdk-bundle-1.12.262.jar at spark://e8a9653e4a1b:43453/jars/aws-java-sdk-bundle-1.12.262.jar with timestamp 1778896509494
[2026-05-16T01:55:11.148+0000] {subprocess.py:93} INFO - 26/05/16 01:55:11 INFO SparkContext: Added JAR file:///opt/airflow/jars/hadoop-aws-3.3.4.jar at spark://e8a9653e4a1b:43453/jars/hadoop-aws-3.3.4.jar with timestamp 1778896509494
[2026-05-16T01:55:11.150+0000] {subprocess.py:93} INFO - 26/05/16 01:55:11 INFO SparkContext: Added JAR file:///opt/airflow/jars/postgresql-42.7.3.jar at spark://e8a9653e4a1b:43453/jars/postgresql-42.7.3.jar with timestamp 1778896509494
[2026-05-16T01:55:11.334+0000] {subprocess.py:93} INFO - 26/05/16 01:55:11 INFO StandaloneAppClient$ClientEndpoint: Connecting to master spark://spark-master:7077...
[2026-05-16T01:55:11.446+0000] {subprocess.py:93} INFO - 26/05/16 01:55:11 INFO TransportClientFactory: Successfully created connection to spark-master/172.18.0.6:7077 after 55 ms (0 ms spent in bootstraps)
[2026-05-16T01:55:11.610+0000] {subprocess.py:93} INFO - 26/05/16 01:55:11 INFO StandaloneSchedulerBackend: Connected to Spark cluster with app ID app-20260516015511-0112
[2026-05-16T01:55:11.615+0000] {subprocess.py:93} INFO - 26/05/16 01:55:11 INFO StandaloneAppClient$ClientEndpoint: Executor added: app-20260516015511-0112/0 on worker-20260514105200-172.18.0.13-40347 (172.18.0.13:40347) with 1 core(s)
[2026-05-16T01:55:11.623+0000] {subprocess.py:93} INFO - 26/05/16 01:55:11 INFO StandaloneSchedulerBackend: Granted executor ID app-20260516015511-0112/0 on hostPort 172.18.0.13:40347 with 1 core(s), 512.0 MiB RAM
[2026-05-16T01:55:11.641+0000] {subprocess.py:93} INFO - 26/05/16 01:55:11 INFO Utils: Successfully started service 'org.apache.spark.network.netty.NettyBlockTransferService' on port 39579.
[2026-05-16T01:55:11.643+0000] {subprocess.py:93} INFO - 26/05/16 01:55:11 INFO NettyBlockTransferService: Server created on e8a9653e4a1b:39579
[2026-05-16T01:55:11.650+0000] {subprocess.py:93} INFO - 26/05/16 01:55:11 INFO BlockManager: Using org.apache.spark.storage.RandomBlockReplicationPolicy for block replication policy
[2026-05-16T01:55:11.675+0000] {subprocess.py:93} INFO - 26/05/16 01:55:11 INFO BlockManagerMaster: Registering BlockManager BlockManagerId(driver, e8a9653e4a1b, 39579, None)
[2026-05-16T01:55:11.692+0000] {subprocess.py:93} INFO - 26/05/16 01:55:11 INFO BlockManagerMasterEndpoint: Registering block manager e8a9653e4a1b:39579 with 434.4 MiB RAM, BlockManagerId(driver, e8a9653e4a1b, 39579, None)
[2026-05-16T01:55:11.702+0000] {subprocess.py:93} INFO - 26/05/16 01:55:11 INFO BlockManagerMaster: Registered BlockManager BlockManagerId(driver, e8a9653e4a1b, 39579, None)
[2026-05-16T01:55:11.706+0000] {subprocess.py:93} INFO - 26/05/16 01:55:11 INFO BlockManager: Initialized BlockManager: BlockManagerId(driver, e8a9653e4a1b, 39579, None)
[2026-05-16T01:55:11.712+0000] {subprocess.py:93} INFO - 26/05/16 01:55:11 INFO StandaloneAppClient$ClientEndpoint: Executor updated: app-20260516015511-0112/0 is now RUNNING
[2026-05-16T01:55:12.113+0000] {subprocess.py:93} INFO - 26/05/16 01:55:12 INFO StandaloneSchedulerBackend: SchedulerBackend is ready for scheduling beginning after reached minRegisteredResourcesRatio: 0.0
[2026-05-16T01:55:14.225+0000] {subprocess.py:93} INFO - 26/05/16 01:55:14 WARN MetricsConfig: Cannot locate configuration: tried hadoop-metrics2-s3a-file-system.properties,hadoop-metrics2.properties
[2026-05-16T01:55:24.831+0000] {subprocess.py:93} INFO - Lecture SILVER terminée
[2026-05-16T01:55:46.066+0000] {subprocess.py:93} INFO - Table articles_par_jour créée
[2026-05-16T01:56:03.617+0000] {subprocess.py:93} INFO - Table articles_par_source créée
[2026-05-16T01:56:19.205+0000] {subprocess.py:93} INFO - Table top_categories créée
[2026-05-16T01:56:36.204+0000] {subprocess.py:93} INFO - Table articles_par_source_jour créée
[2026-05-16T01:56:36.206+0000] {subprocess.py:93} INFO - 
[2026-05-16T01:56:36.208+0000] {subprocess.py:93} INFO - ==============================
[2026-05-16T01:56:36.209+0000] {subprocess.py:93} INFO - GOLD LAYER TERMINÉ
[2026-05-16T01:56:36.211+0000] {subprocess.py:93} INFO - ==============================
[2026-05-16T01:56:37.010+0000] {subprocess.py:97} INFO - Command exited with return code 0
[2026-05-16T01:56:37.013+0000] {taskinstance.py:441} INFO - ::group::Post task execution logs
[2026-05-16T01:56:37.338+0000] {taskinstance.py:1206} INFO - Marking task as SUCCESS. dag_id=medallion_gold_layer, task_id=gold_processing, run_id=scheduled__2026-05-16T01:50:00+00:00, execution_date=20260516T015000, start_date=20260516T015501, end_date=20260516T015637
[2026-05-16T01:56:37.742+0000] {local_task_job_runner.py:240} INFO - Task exited with return code 0
[2026-05-16T01:56:37.880+0000] {taskinstance.py:3498} INFO - 0 downstream tasks scheduled from follow-on schedule check
[2026-05-16T01:56:37.906+0000] {local_task_job_runner.py:222} INFO - ::endgroup::
