[2026-05-17T00:45:40.718+0000] {local_task_job_runner.py:120} INFO - ::group::Pre task execution logs
[2026-05-17T00:45:48.116+0000] {taskinstance.py:2076} INFO - Dependencies all met for dep_context=non-requeueable deps ti=<TaskInstance: medallion_gold_layer.gold_processing scheduled__2026-05-17T00:40:00+00:00 [queued]>
[2026-05-17T00:45:48.321+0000] {taskinstance.py:2076} INFO - Dependencies all met for dep_context=requeueable deps ti=<TaskInstance: medallion_gold_layer.gold_processing scheduled__2026-05-17T00:40:00+00:00 [queued]>
[2026-05-17T00:45:48.346+0000] {taskinstance.py:2306} INFO - Starting attempt 1 of 2
[2026-05-17T00:45:50.303+0000] {taskinstance.py:2330} INFO - Executing <Task(BashOperator): gold_processing> on 2026-05-17 00:40:00+00:00
[2026-05-17T00:45:51.512+0000] {standard_task_runner.py:63} INFO - Started process 58177 to run task
[2026-05-17T00:45:51.554+0000] {standard_task_runner.py:90} INFO - Running: ['airflow', 'tasks', 'run', 'medallion_gold_layer', 'gold_processing', 'scheduled__2026-05-17T00:40:00+00:00', '--job-id', '153', '--raw', '--subdir', 'DAGS_FOLDER/gold_layer_dag.py', '--cfg-path', '/tmp/tmpyatzgwca']
[2026-05-17T00:45:51.731+0000] {standard_task_runner.py:91} INFO - Job 153: Subtask gold_processing
[2026-05-17T00:46:13.994+0000] {task_command.py:426} INFO - Running <TaskInstance: medallion_gold_layer.gold_processing scheduled__2026-05-17T00:40:00+00:00 [running]> on host e8a9653e4a1b
[2026-05-17T00:46:21.161+0000] {taskinstance.py:2648} INFO - Exporting env vars: AIRFLOW_CTX_DAG_OWNER='anass' AIRFLOW_CTX_DAG_ID='medallion_gold_layer' AIRFLOW_CTX_TASK_ID='gold_processing' AIRFLOW_CTX_EXECUTION_DATE='2026-05-17T00:40:00+00:00' AIRFLOW_CTX_TRY_NUMBER='1' AIRFLOW_CTX_DAG_RUN_ID='scheduled__2026-05-17T00:40:00+00:00'
[2026-05-17T00:46:21.167+0000] {taskinstance.py:430} INFO - ::endgroup::
[2026-05-17T00:46:21.407+0000] {subprocess.py:63} INFO - Tmp dir root location: /tmp
[2026-05-17T00:46:21.423+0000] {subprocess.py:75} INFO - Running command: ['/usr/bin/bash', '-c', '\n    spark-submit     --master spark://spark-master:7077     --executor-memory 512M     --executor-cores 1     --total-executor-cores 1     --jars /opt/airflow/jars/aws-java-sdk-bundle-1.12.262.jar,/opt/airflow/jars/hadoop-aws-3.3.4.jar,/opt/airflow/jars/postgresql-42.7.3.jar     /opt/spark_jobs/gold_processor.py\n    ']
[2026-05-17T00:46:21.533+0000] {subprocess.py:86} INFO - Output:
[2026-05-17T00:46:36.561+0000] {subprocess.py:93} INFO - 26/05/17 00:46:36 WARN NativeCodeLoader: Unable to load native-hadoop library for your platform... using builtin-java classes where applicable
[2026-05-17T00:46:38.387+0000] {subprocess.py:93} INFO - 26/05/17 00:46:38 INFO SparkContext: Running Spark version 3.5.1
[2026-05-17T00:46:38.388+0000] {subprocess.py:93} INFO - 26/05/17 00:46:38 INFO SparkContext: OS info Linux, 6.6.87.2-microsoft-standard-WSL2, amd64
[2026-05-17T00:46:38.389+0000] {subprocess.py:93} INFO - 26/05/17 00:46:38 INFO SparkContext: Java version 17.0.19
[2026-05-17T00:46:38.433+0000] {subprocess.py:93} INFO - 26/05/17 00:46:38 INFO ResourceUtils: ==============================================================
[2026-05-17T00:46:38.434+0000] {subprocess.py:93} INFO - 26/05/17 00:46:38 INFO ResourceUtils: No custom resources configured for spark.driver.
[2026-05-17T00:46:38.434+0000] {subprocess.py:93} INFO - 26/05/17 00:46:38 INFO ResourceUtils: ==============================================================
[2026-05-17T00:46:38.435+0000] {subprocess.py:93} INFO - 26/05/17 00:46:38 INFO SparkContext: Submitted application: GoldLayerProcessor
[2026-05-17T00:46:38.467+0000] {subprocess.py:93} INFO - 26/05/17 00:46:38 INFO ResourceProfile: Default ResourceProfile created, executor resources: Map(cores -> name: cores, amount: 1, script: , vendor: , memory -> name: memory, amount: 512, script: , vendor: , offHeap -> name: offHeap, amount: 0, script: , vendor: ), task resources: Map(cpus -> name: cpus, amount: 1.0)
[2026-05-17T00:46:38.478+0000] {subprocess.py:93} INFO - 26/05/17 00:46:38 INFO ResourceProfile: Limiting resource is cpus at 1 tasks per executor
[2026-05-17T00:46:38.484+0000] {subprocess.py:93} INFO - 26/05/17 00:46:38 INFO ResourceProfileManager: Added ResourceProfile id: 0
[2026-05-17T00:46:38.564+0000] {subprocess.py:93} INFO - 26/05/17 00:46:38 INFO SecurityManager: Changing view acls to: airflow
[2026-05-17T00:46:38.565+0000] {subprocess.py:93} INFO - 26/05/17 00:46:38 INFO SecurityManager: Changing modify acls to: airflow
[2026-05-17T00:46:38.567+0000] {subprocess.py:93} INFO - 26/05/17 00:46:38 INFO SecurityManager: Changing view acls groups to:
[2026-05-17T00:46:38.568+0000] {subprocess.py:93} INFO - 26/05/17 00:46:38 INFO SecurityManager: Changing modify acls groups to:
[2026-05-17T00:46:38.569+0000] {subprocess.py:93} INFO - 26/05/17 00:46:38 INFO SecurityManager: SecurityManager: authentication disabled; ui acls disabled; users with view permissions: airflow; groups with view permissions: EMPTY; users with modify permissions: airflow; groups with modify permissions: EMPTY
[2026-05-17T00:46:38.899+0000] {subprocess.py:93} INFO - 26/05/17 00:46:38 INFO Utils: Successfully started service 'sparkDriver' on port 46401.
[2026-05-17T00:46:38.933+0000] {subprocess.py:93} INFO - 26/05/17 00:46:38 INFO SparkEnv: Registering MapOutputTracker
[2026-05-17T00:46:38.984+0000] {subprocess.py:93} INFO - 26/05/17 00:46:38 INFO SparkEnv: Registering BlockManagerMaster
[2026-05-17T00:46:39.010+0000] {subprocess.py:93} INFO - 26/05/17 00:46:39 INFO BlockManagerMasterEndpoint: Using org.apache.spark.storage.DefaultTopologyMapper for getting topology information
[2026-05-17T00:46:39.012+0000] {subprocess.py:93} INFO - 26/05/17 00:46:39 INFO BlockManagerMasterEndpoint: BlockManagerMasterEndpoint up
[2026-05-17T00:46:39.020+0000] {subprocess.py:93} INFO - 26/05/17 00:46:39 INFO SparkEnv: Registering BlockManagerMasterHeartbeat
[2026-05-17T00:46:39.042+0000] {subprocess.py:93} INFO - 26/05/17 00:46:39 INFO DiskBlockManager: Created local directory at /tmp/blockmgr-a3805db1-3faa-40bb-99eb-884680d4c1d5
[2026-05-17T00:46:39.060+0000] {subprocess.py:93} INFO - 26/05/17 00:46:39 INFO MemoryStore: MemoryStore started with capacity 434.4 MiB
[2026-05-17T00:46:39.083+0000] {subprocess.py:93} INFO - 26/05/17 00:46:39 INFO SparkEnv: Registering OutputCommitCoordinator
[2026-05-17T00:46:39.242+0000] {subprocess.py:93} INFO - 26/05/17 00:46:39 INFO JettyUtils: Start Jetty 0.0.0.0:4040 for SparkUI
[2026-05-17T00:46:39.323+0000] {subprocess.py:93} INFO - 26/05/17 00:46:39 INFO Utils: Successfully started service 'SparkUI' on port 4040.
[2026-05-17T00:46:39.362+0000] {subprocess.py:93} INFO - 26/05/17 00:46:39 INFO SparkContext: Added JAR file:///opt/airflow/jars/aws-java-sdk-bundle-1.12.262.jar at spark://e8a9653e4a1b:46401/jars/aws-java-sdk-bundle-1.12.262.jar with timestamp 1778978798378
[2026-05-17T00:46:39.363+0000] {subprocess.py:93} INFO - 26/05/17 00:46:39 INFO SparkContext: Added JAR file:///opt/airflow/jars/hadoop-aws-3.3.4.jar at spark://e8a9653e4a1b:46401/jars/hadoop-aws-3.3.4.jar with timestamp 1778978798378
[2026-05-17T00:46:39.364+0000] {subprocess.py:93} INFO - 26/05/17 00:46:39 INFO SparkContext: Added JAR file:///opt/airflow/jars/postgresql-42.7.3.jar at spark://e8a9653e4a1b:46401/jars/postgresql-42.7.3.jar with timestamp 1778978798378
[2026-05-17T00:46:39.464+0000] {subprocess.py:93} INFO - 26/05/17 00:46:39 INFO StandaloneAppClient$ClientEndpoint: Connecting to master spark://spark-master:7077...
[2026-05-17T00:46:39.522+0000] {subprocess.py:93} INFO - 26/05/17 00:46:39 INFO TransportClientFactory: Successfully created connection to spark-master/172.18.0.6:7077 after 35 ms (0 ms spent in bootstraps)
[2026-05-17T00:46:39.630+0000] {subprocess.py:93} INFO - 26/05/17 00:46:39 INFO StandaloneSchedulerBackend: Connected to Spark cluster with app ID app-20260517004639-0152
[2026-05-17T00:46:39.636+0000] {subprocess.py:93} INFO - 26/05/17 00:46:39 INFO StandaloneAppClient$ClientEndpoint: Executor added: app-20260517004639-0152/0 on worker-20260514105200-172.18.0.13-40347 (172.18.0.13:40347) with 1 core(s)
[2026-05-17T00:46:39.639+0000] {subprocess.py:93} INFO - 26/05/17 00:46:39 INFO StandaloneSchedulerBackend: Granted executor ID app-20260517004639-0152/0 on hostPort 172.18.0.13:40347 with 1 core(s), 512.0 MiB RAM
[2026-05-17T00:46:39.647+0000] {subprocess.py:93} INFO - 26/05/17 00:46:39 INFO Utils: Successfully started service 'org.apache.spark.network.netty.NettyBlockTransferService' on port 45135.
[2026-05-17T00:46:39.648+0000] {subprocess.py:93} INFO - 26/05/17 00:46:39 INFO NettyBlockTransferService: Server created on e8a9653e4a1b:45135
[2026-05-17T00:46:39.651+0000] {subprocess.py:93} INFO - 26/05/17 00:46:39 INFO BlockManager: Using org.apache.spark.storage.RandomBlockReplicationPolicy for block replication policy
[2026-05-17T00:46:39.662+0000] {subprocess.py:93} INFO - 26/05/17 00:46:39 INFO BlockManagerMaster: Registering BlockManager BlockManagerId(driver, e8a9653e4a1b, 45135, None)
[2026-05-17T00:46:39.667+0000] {subprocess.py:93} INFO - 26/05/17 00:46:39 INFO BlockManagerMasterEndpoint: Registering block manager e8a9653e4a1b:45135 with 434.4 MiB RAM, BlockManagerId(driver, e8a9653e4a1b, 45135, None)
[2026-05-17T00:46:39.671+0000] {subprocess.py:93} INFO - 26/05/17 00:46:39 INFO BlockManagerMaster: Registered BlockManager BlockManagerId(driver, e8a9653e4a1b, 45135, None)
[2026-05-17T00:46:39.673+0000] {subprocess.py:93} INFO - 26/05/17 00:46:39 INFO BlockManager: Initialized BlockManager: BlockManagerId(driver, e8a9653e4a1b, 45135, None)
[2026-05-17T00:46:39.682+0000] {subprocess.py:93} INFO - 26/05/17 00:46:39 INFO StandaloneAppClient$ClientEndpoint: Executor updated: app-20260517004639-0152/0 is now RUNNING
[2026-05-17T00:46:40.044+0000] {subprocess.py:93} INFO - 26/05/17 00:46:40 INFO StandaloneSchedulerBackend: SchedulerBackend is ready for scheduling beginning after reached minRegisteredResourcesRatio: 0.0
[2026-05-17T00:46:42.137+0000] {subprocess.py:93} INFO - 26/05/17 00:46:42 WARN MetricsConfig: Cannot locate configuration: tried hadoop-metrics2-s3a-file-system.properties,hadoop-metrics2.properties
[2026-05-17T00:46:52.329+0000] {subprocess.py:93} INFO - Lecture SILVER terminée
[2026-05-17T00:47:04.711+0000] {subprocess.py:93} INFO - Table articles_par_jour créée
[2026-05-17T00:47:13.852+0000] {subprocess.py:93} INFO - Table articles_par_source créée
[2026-05-17T00:47:25.859+0000] {subprocess.py:93} INFO - Table top_categories créée
[2026-05-17T00:47:32.712+0000] {subprocess.py:93} INFO - Table articles_par_source_jour créée
[2026-05-17T00:47:32.712+0000] {subprocess.py:93} INFO - 
[2026-05-17T00:47:32.713+0000] {subprocess.py:93} INFO - ==============================
[2026-05-17T00:47:32.713+0000] {subprocess.py:93} INFO - GOLD LAYER TERMINÉ
[2026-05-17T00:47:32.714+0000] {subprocess.py:93} INFO - ==============================
[2026-05-17T00:47:33.220+0000] {subprocess.py:97} INFO - Command exited with return code 0
[2026-05-17T00:47:33.221+0000] {taskinstance.py:441} INFO - ::group::Post task execution logs
[2026-05-17T00:47:33.448+0000] {taskinstance.py:1206} INFO - Marking task as SUCCESS. dag_id=medallion_gold_layer, task_id=gold_processing, run_id=scheduled__2026-05-17T00:40:00+00:00, execution_date=20260517T004000, start_date=20260517T004548, end_date=20260517T004733
[2026-05-17T00:47:33.510+0000] {local_task_job_runner.py:240} INFO - Task exited with return code 0
[2026-05-17T00:47:33.553+0000] {taskinstance.py:3498} INFO - 0 downstream tasks scheduled from follow-on schedule check
[2026-05-17T00:47:33.556+0000] {local_task_job_runner.py:222} INFO - ::endgroup::
