[2026-05-15T22:10:02.706+0000] {local_task_job_runner.py:120} INFO - ::group::Pre task execution logs
[2026-05-15T22:10:02.835+0000] {taskinstance.py:2076} INFO - Dependencies all met for dep_context=non-requeueable deps ti=<TaskInstance: medallion_gold_layer.gold_processing scheduled__2026-05-15T22:05:00+00:00 [queued]>
[2026-05-15T22:10:02.856+0000] {taskinstance.py:2076} INFO - Dependencies all met for dep_context=requeueable deps ti=<TaskInstance: medallion_gold_layer.gold_processing scheduled__2026-05-15T22:05:00+00:00 [queued]>
[2026-05-15T22:10:02.858+0000] {taskinstance.py:2306} INFO - Starting attempt 1 of 2
[2026-05-15T22:10:02.935+0000] {taskinstance.py:2330} INFO - Executing <Task(BashOperator): gold_processing> on 2026-05-15 22:05:00+00:00
[2026-05-15T22:10:02.956+0000] {standard_task_runner.py:63} INFO - Started process 25921 to run task
[2026-05-15T22:10:02.966+0000] {standard_task_runner.py:90} INFO - Running: ['airflow', 'tasks', 'run', 'medallion_gold_layer', 'gold_processing', 'scheduled__2026-05-15T22:05:00+00:00', '--job-id', '71', '--raw', '--subdir', 'DAGS_FOLDER/gold_layer_dag.py', '--cfg-path', '/tmp/tmptetwpo70']
[2026-05-15T22:10:02.976+0000] {standard_task_runner.py:91} INFO - Job 71: Subtask gold_processing
[2026-05-15T22:10:03.431+0000] {task_command.py:426} INFO - Running <TaskInstance: medallion_gold_layer.gold_processing scheduled__2026-05-15T22:05:00+00:00 [running]> on host e8a9653e4a1b
[2026-05-15T22:10:04.073+0000] {taskinstance.py:2648} INFO - Exporting env vars: AIRFLOW_CTX_DAG_OWNER='anass' AIRFLOW_CTX_DAG_ID='medallion_gold_layer' AIRFLOW_CTX_TASK_ID='gold_processing' AIRFLOW_CTX_EXECUTION_DATE='2026-05-15T22:05:00+00:00' AIRFLOW_CTX_TRY_NUMBER='1' AIRFLOW_CTX_DAG_RUN_ID='scheduled__2026-05-15T22:05:00+00:00'
[2026-05-15T22:10:04.077+0000] {taskinstance.py:430} INFO - ::endgroup::
[2026-05-15T22:10:04.138+0000] {subprocess.py:63} INFO - Tmp dir root location: /tmp
[2026-05-15T22:10:04.142+0000] {subprocess.py:75} INFO - Running command: ['/usr/bin/bash', '-c', '\n    spark-submit     --master spark://spark-master:7077     --executor-memory 512M     --executor-cores 1     --total-executor-cores 1     --jars /opt/airflow/jars/aws-java-sdk-bundle-1.12.262.jar,/opt/airflow/jars/hadoop-aws-3.3.4.jar,/opt/airflow/jars/postgresql-42.7.3.jar     /opt/spark_jobs/gold_processor.py\n    ']
[2026-05-15T22:10:04.159+0000] {subprocess.py:86} INFO - Output:
[2026-05-15T22:10:08.199+0000] {subprocess.py:93} INFO - 26/05/15 22:10:08 WARN NativeCodeLoader: Unable to load native-hadoop library for your platform... using builtin-java classes where applicable
[2026-05-15T22:10:11.289+0000] {subprocess.py:93} INFO - 26/05/15 22:10:11 INFO SparkContext: Running Spark version 3.5.1
[2026-05-15T22:10:11.291+0000] {subprocess.py:93} INFO - 26/05/15 22:10:11 INFO SparkContext: OS info Linux, 6.6.87.2-microsoft-standard-WSL2, amd64
[2026-05-15T22:10:11.293+0000] {subprocess.py:93} INFO - 26/05/15 22:10:11 INFO SparkContext: Java version 17.0.19
[2026-05-15T22:10:11.379+0000] {subprocess.py:93} INFO - 26/05/15 22:10:11 INFO ResourceUtils: ==============================================================
[2026-05-15T22:10:11.380+0000] {subprocess.py:93} INFO - 26/05/15 22:10:11 INFO ResourceUtils: No custom resources configured for spark.driver.
[2026-05-15T22:10:11.382+0000] {subprocess.py:93} INFO - 26/05/15 22:10:11 INFO ResourceUtils: ==============================================================
[2026-05-15T22:10:11.384+0000] {subprocess.py:93} INFO - 26/05/15 22:10:11 INFO SparkContext: Submitted application: GoldLayerProcessor
[2026-05-15T22:10:11.456+0000] {subprocess.py:93} INFO - 26/05/15 22:10:11 INFO ResourceProfile: Default ResourceProfile created, executor resources: Map(cores -> name: cores, amount: 1, script: , vendor: , memory -> name: memory, amount: 512, script: , vendor: , offHeap -> name: offHeap, amount: 0, script: , vendor: ), task resources: Map(cpus -> name: cpus, amount: 1.0)
[2026-05-15T22:10:11.494+0000] {subprocess.py:93} INFO - 26/05/15 22:10:11 INFO ResourceProfile: Limiting resource is cpus at 1 tasks per executor
[2026-05-15T22:10:11.502+0000] {subprocess.py:93} INFO - 26/05/15 22:10:11 INFO ResourceProfileManager: Added ResourceProfile id: 0
[2026-05-15T22:10:11.629+0000] {subprocess.py:93} INFO - 26/05/15 22:10:11 INFO SecurityManager: Changing view acls to: airflow
[2026-05-15T22:10:11.630+0000] {subprocess.py:93} INFO - 26/05/15 22:10:11 INFO SecurityManager: Changing modify acls to: airflow
[2026-05-15T22:10:11.631+0000] {subprocess.py:93} INFO - 26/05/15 22:10:11 INFO SecurityManager: Changing view acls groups to:
[2026-05-15T22:10:11.632+0000] {subprocess.py:93} INFO - 26/05/15 22:10:11 INFO SecurityManager: Changing modify acls groups to:
[2026-05-15T22:10:11.632+0000] {subprocess.py:93} INFO - 26/05/15 22:10:11 INFO SecurityManager: SecurityManager: authentication disabled; ui acls disabled; users with view permissions: airflow; groups with view permissions: EMPTY; users with modify permissions: airflow; groups with modify permissions: EMPTY
[2026-05-15T22:10:12.108+0000] {subprocess.py:93} INFO - 26/05/15 22:10:12 INFO Utils: Successfully started service 'sparkDriver' on port 38085.
[2026-05-15T22:10:12.192+0000] {subprocess.py:93} INFO - 26/05/15 22:10:12 INFO SparkEnv: Registering MapOutputTracker
[2026-05-15T22:10:12.332+0000] {subprocess.py:93} INFO - 26/05/15 22:10:12 INFO SparkEnv: Registering BlockManagerMaster
[2026-05-15T22:10:12.364+0000] {subprocess.py:93} INFO - 26/05/15 22:10:12 INFO BlockManagerMasterEndpoint: Using org.apache.spark.storage.DefaultTopologyMapper for getting topology information
[2026-05-15T22:10:12.366+0000] {subprocess.py:93} INFO - 26/05/15 22:10:12 INFO BlockManagerMasterEndpoint: BlockManagerMasterEndpoint up
[2026-05-15T22:10:12.374+0000] {subprocess.py:93} INFO - 26/05/15 22:10:12 INFO SparkEnv: Registering BlockManagerMasterHeartbeat
[2026-05-15T22:10:12.409+0000] {subprocess.py:93} INFO - 26/05/15 22:10:12 INFO DiskBlockManager: Created local directory at /tmp/blockmgr-b93159cf-bf35-495b-9e56-9a9dfba7a91b
[2026-05-15T22:10:12.444+0000] {subprocess.py:93} INFO - 26/05/15 22:10:12 INFO MemoryStore: MemoryStore started with capacity 434.4 MiB
[2026-05-15T22:10:12.495+0000] {subprocess.py:93} INFO - 26/05/15 22:10:12 INFO SparkEnv: Registering OutputCommitCoordinator
[2026-05-15T22:10:12.821+0000] {subprocess.py:93} INFO - 26/05/15 22:10:12 INFO JettyUtils: Start Jetty 0.0.0.0:4040 for SparkUI
[2026-05-15T22:10:13.006+0000] {subprocess.py:93} INFO - 26/05/15 22:10:13 INFO Utils: Successfully started service 'SparkUI' on port 4040.
[2026-05-15T22:10:13.112+0000] {subprocess.py:93} INFO - 26/05/15 22:10:13 INFO SparkContext: Added JAR file:///opt/airflow/jars/aws-java-sdk-bundle-1.12.262.jar at spark://e8a9653e4a1b:38085/jars/aws-java-sdk-bundle-1.12.262.jar with timestamp 1778883011265
[2026-05-15T22:10:13.115+0000] {subprocess.py:93} INFO - 26/05/15 22:10:13 INFO SparkContext: Added JAR file:///opt/airflow/jars/hadoop-aws-3.3.4.jar at spark://e8a9653e4a1b:38085/jars/hadoop-aws-3.3.4.jar with timestamp 1778883011265
[2026-05-15T22:10:13.116+0000] {subprocess.py:93} INFO - 26/05/15 22:10:13 INFO SparkContext: Added JAR file:///opt/airflow/jars/postgresql-42.7.3.jar at spark://e8a9653e4a1b:38085/jars/postgresql-42.7.3.jar with timestamp 1778883011265
[2026-05-15T22:10:13.267+0000] {subprocess.py:93} INFO - 26/05/15 22:10:13 INFO StandaloneAppClient$ClientEndpoint: Connecting to master spark://spark-master:7077...
[2026-05-15T22:10:13.359+0000] {subprocess.py:93} INFO - 26/05/15 22:10:13 INFO TransportClientFactory: Successfully created connection to spark-master/172.18.0.6:7077 after 58 ms (0 ms spent in bootstraps)
[2026-05-15T22:10:13.532+0000] {subprocess.py:93} INFO - 26/05/15 22:10:13 INFO StandaloneSchedulerBackend: Connected to Spark cluster with app ID app-20260515221013-0070
[2026-05-15T22:10:13.537+0000] {subprocess.py:93} INFO - 26/05/15 22:10:13 INFO StandaloneAppClient$ClientEndpoint: Executor added: app-20260515221013-0070/0 on worker-20260514105200-172.18.0.13-40347 (172.18.0.13:40347) with 1 core(s)
[2026-05-15T22:10:13.540+0000] {subprocess.py:93} INFO - 26/05/15 22:10:13 INFO StandaloneSchedulerBackend: Granted executor ID app-20260515221013-0070/0 on hostPort 172.18.0.13:40347 with 1 core(s), 512.0 MiB RAM
[2026-05-15T22:10:13.557+0000] {subprocess.py:93} INFO - 26/05/15 22:10:13 INFO Utils: Successfully started service 'org.apache.spark.network.netty.NettyBlockTransferService' on port 39299.
[2026-05-15T22:10:13.559+0000] {subprocess.py:93} INFO - 26/05/15 22:10:13 INFO NettyBlockTransferService: Server created on e8a9653e4a1b:39299
[2026-05-15T22:10:13.562+0000] {subprocess.py:93} INFO - 26/05/15 22:10:13 INFO BlockManager: Using org.apache.spark.storage.RandomBlockReplicationPolicy for block replication policy
[2026-05-15T22:10:13.582+0000] {subprocess.py:93} INFO - 26/05/15 22:10:13 INFO BlockManagerMaster: Registering BlockManager BlockManagerId(driver, e8a9653e4a1b, 39299, None)
[2026-05-15T22:10:13.596+0000] {subprocess.py:93} INFO - 26/05/15 22:10:13 INFO BlockManagerMasterEndpoint: Registering block manager e8a9653e4a1b:39299 with 434.4 MiB RAM, BlockManagerId(driver, e8a9653e4a1b, 39299, None)
[2026-05-15T22:10:13.601+0000] {subprocess.py:93} INFO - 26/05/15 22:10:13 INFO BlockManagerMaster: Registered BlockManager BlockManagerId(driver, e8a9653e4a1b, 39299, None)
[2026-05-15T22:10:13.607+0000] {subprocess.py:93} INFO - 26/05/15 22:10:13 INFO BlockManager: Initialized BlockManager: BlockManagerId(driver, e8a9653e4a1b, 39299, None)
[2026-05-15T22:10:13.614+0000] {subprocess.py:93} INFO - 26/05/15 22:10:13 INFO StandaloneAppClient$ClientEndpoint: Executor updated: app-20260515221013-0070/0 is now RUNNING
[2026-05-15T22:10:14.088+0000] {subprocess.py:93} INFO - 26/05/15 22:10:14 INFO StandaloneSchedulerBackend: SchedulerBackend is ready for scheduling beginning after reached minRegisteredResourcesRatio: 0.0
[2026-05-15T22:10:16.205+0000] {subprocess.py:93} INFO - 26/05/15 22:10:16 WARN MetricsConfig: Cannot locate configuration: tried hadoop-metrics2-s3a-file-system.properties,hadoop-metrics2.properties
[2026-05-15T22:10:29.380+0000] {subprocess.py:93} INFO - Lecture SILVER terminée
[2026-05-15T22:10:47.628+0000] {subprocess.py:93} INFO - Table articles_par_jour créée
[2026-05-15T22:10:57.582+0000] {subprocess.py:93} INFO - Table articles_par_source créée
[2026-05-15T22:11:06.926+0000] {subprocess.py:93} INFO - Table top_categories créée
[2026-05-15T22:11:13.448+0000] {subprocess.py:93} INFO - Table articles_par_source_jour créée
[2026-05-15T22:11:13.449+0000] {subprocess.py:93} INFO - 
[2026-05-15T22:11:13.450+0000] {subprocess.py:93} INFO - ==============================
[2026-05-15T22:11:13.451+0000] {subprocess.py:93} INFO - GOLD LAYER TERMINÉ
[2026-05-15T22:11:13.451+0000] {subprocess.py:93} INFO - ==============================
[2026-05-15T22:11:13.866+0000] {subprocess.py:97} INFO - Command exited with return code 0
[2026-05-15T22:11:13.868+0000] {taskinstance.py:441} INFO - ::group::Post task execution logs
[2026-05-15T22:11:14.303+0000] {taskinstance.py:1206} INFO - Marking task as SUCCESS. dag_id=medallion_gold_layer, task_id=gold_processing, run_id=scheduled__2026-05-15T22:05:00+00:00, execution_date=20260515T220500, start_date=20260515T221002, end_date=20260515T221114
[2026-05-15T22:11:14.394+0000] {local_task_job_runner.py:240} INFO - Task exited with return code 0
[2026-05-15T22:11:14.514+0000] {taskinstance.py:3498} INFO - 0 downstream tasks scheduled from follow-on schedule check
[2026-05-15T22:11:14.519+0000] {local_task_job_runner.py:222} INFO - ::endgroup::
