[2026-05-19T12:50:02.115+0000] {local_task_job_runner.py:120} INFO - ::group::Pre task execution logs
[2026-05-19T12:50:02.310+0000] {taskinstance.py:2076} INFO - Dependencies all met for dep_context=non-requeueable deps ti=<TaskInstance: medallion_gold_layer.gold_processing scheduled__2026-05-19T12:45:00+00:00 [queued]>
[2026-05-19T12:50:02.339+0000] {taskinstance.py:2076} INFO - Dependencies all met for dep_context=requeueable deps ti=<TaskInstance: medallion_gold_layer.gold_processing scheduled__2026-05-19T12:45:00+00:00 [queued]>
[2026-05-19T12:50:02.342+0000] {taskinstance.py:2306} INFO - Starting attempt 1 of 2
[2026-05-19T12:50:02.422+0000] {taskinstance.py:2330} INFO - Executing <Task(BashOperator): gold_processing> on 2026-05-19 12:45:00+00:00
[2026-05-19T12:50:02.440+0000] {standard_task_runner.py:63} INFO - Started process 12431 to run task
[2026-05-19T12:50:02.454+0000] {standard_task_runner.py:90} INFO - Running: ['airflow', 'tasks', 'run', 'medallion_gold_layer', 'gold_processing', 'scheduled__2026-05-19T12:45:00+00:00', '--job-id', '315', '--raw', '--subdir', 'DAGS_FOLDER/gold_layer_dag.py', '--cfg-path', '/tmp/tmp4ltx7kvu']
[2026-05-19T12:50:02.461+0000] {standard_task_runner.py:91} INFO - Job 315: Subtask gold_processing
[2026-05-19T12:50:02.993+0000] {task_command.py:426} INFO - Running <TaskInstance: medallion_gold_layer.gold_processing scheduled__2026-05-19T12:45:00+00:00 [running]> on host c43074c3fd7c
[2026-05-19T12:50:03.881+0000] {taskinstance.py:2648} INFO - Exporting env vars: AIRFLOW_CTX_DAG_OWNER='ikram' AIRFLOW_CTX_DAG_ID='medallion_gold_layer' AIRFLOW_CTX_TASK_ID='gold_processing' AIRFLOW_CTX_EXECUTION_DATE='2026-05-19T12:45:00+00:00' AIRFLOW_CTX_TRY_NUMBER='1' AIRFLOW_CTX_DAG_RUN_ID='scheduled__2026-05-19T12:45:00+00:00'
[2026-05-19T12:50:03.883+0000] {taskinstance.py:430} INFO - ::endgroup::
[2026-05-19T12:50:03.926+0000] {subprocess.py:63} INFO - Tmp dir root location: /tmp
[2026-05-19T12:50:03.931+0000] {subprocess.py:75} INFO - Running command: ['/usr/bin/bash', '-c', '\n    spark-submit     --master spark://spark-master:7077     --executor-memory 512M     --executor-cores 1     --total-executor-cores 1     --jars /opt/airflow/jars/aws-java-sdk-bundle-1.12.262.jar,/opt/airflow/jars/hadoop-aws-3.3.4.jar,/opt/airflow/jars/postgresql-42.7.3.jar     /opt/spark_jobs/gold_processor.py\n    ']
[2026-05-19T12:50:03.957+0000] {subprocess.py:86} INFO - Output:
[2026-05-19T12:50:09.200+0000] {subprocess.py:93} INFO - 26/05/19 12:50:09 WARN NativeCodeLoader: Unable to load native-hadoop library for your platform... using builtin-java classes where applicable
[2026-05-19T12:50:13.202+0000] {subprocess.py:93} INFO - 26/05/19 12:50:13 INFO SparkContext: Running Spark version 3.5.1
[2026-05-19T12:50:13.205+0000] {subprocess.py:93} INFO - 26/05/19 12:50:13 INFO SparkContext: OS info Linux, 6.6.87.2-microsoft-standard-WSL2, amd64
[2026-05-19T12:50:13.207+0000] {subprocess.py:93} INFO - 26/05/19 12:50:13 INFO SparkContext: Java version 17.0.19
[2026-05-19T12:50:13.363+0000] {subprocess.py:93} INFO - 26/05/19 12:50:13 INFO ResourceUtils: ==============================================================
[2026-05-19T12:50:13.367+0000] {subprocess.py:93} INFO - 26/05/19 12:50:13 INFO ResourceUtils: No custom resources configured for spark.driver.
[2026-05-19T12:50:13.368+0000] {subprocess.py:93} INFO - 26/05/19 12:50:13 INFO ResourceUtils: ==============================================================
[2026-05-19T12:50:13.370+0000] {subprocess.py:93} INFO - 26/05/19 12:50:13 INFO SparkContext: Submitted application: GoldLayerProcessor
[2026-05-19T12:50:13.442+0000] {subprocess.py:93} INFO - 26/05/19 12:50:13 INFO ResourceProfile: Default ResourceProfile created, executor resources: Map(cores -> name: cores, amount: 1, script: , vendor: , memory -> name: memory, amount: 512, script: , vendor: , offHeap -> name: offHeap, amount: 0, script: , vendor: ), task resources: Map(cpus -> name: cpus, amount: 1.0)
[2026-05-19T12:50:13.484+0000] {subprocess.py:93} INFO - 26/05/19 12:50:13 INFO ResourceProfile: Limiting resource is cpus at 1 tasks per executor
[2026-05-19T12:50:13.502+0000] {subprocess.py:93} INFO - 26/05/19 12:50:13 INFO ResourceProfileManager: Added ResourceProfile id: 0
[2026-05-19T12:50:13.630+0000] {subprocess.py:93} INFO - 26/05/19 12:50:13 INFO SecurityManager: Changing view acls to: airflow
[2026-05-19T12:50:13.631+0000] {subprocess.py:93} INFO - 26/05/19 12:50:13 INFO SecurityManager: Changing modify acls to: airflow
[2026-05-19T12:50:13.633+0000] {subprocess.py:93} INFO - 26/05/19 12:50:13 INFO SecurityManager: Changing view acls groups to:
[2026-05-19T12:50:13.634+0000] {subprocess.py:93} INFO - 26/05/19 12:50:13 INFO SecurityManager: Changing modify acls groups to:
[2026-05-19T12:50:13.635+0000] {subprocess.py:93} INFO - 26/05/19 12:50:13 INFO SecurityManager: SecurityManager: authentication disabled; ui acls disabled; users with view permissions: airflow; groups with view permissions: EMPTY; users with modify permissions: airflow; groups with modify permissions: EMPTY
[2026-05-19T12:50:14.209+0000] {subprocess.py:93} INFO - 26/05/19 12:50:14 INFO Utils: Successfully started service 'sparkDriver' on port 44801.
[2026-05-19T12:50:14.260+0000] {subprocess.py:93} INFO - 26/05/19 12:50:14 INFO SparkEnv: Registering MapOutputTracker
[2026-05-19T12:50:14.381+0000] {subprocess.py:93} INFO - 26/05/19 12:50:14 INFO SparkEnv: Registering BlockManagerMaster
[2026-05-19T12:50:14.435+0000] {subprocess.py:93} INFO - 26/05/19 12:50:14 INFO BlockManagerMasterEndpoint: Using org.apache.spark.storage.DefaultTopologyMapper for getting topology information
[2026-05-19T12:50:14.436+0000] {subprocess.py:93} INFO - 26/05/19 12:50:14 INFO BlockManagerMasterEndpoint: BlockManagerMasterEndpoint up
[2026-05-19T12:50:14.445+0000] {subprocess.py:93} INFO - 26/05/19 12:50:14 INFO SparkEnv: Registering BlockManagerMasterHeartbeat
[2026-05-19T12:50:14.478+0000] {subprocess.py:93} INFO - 26/05/19 12:50:14 INFO DiskBlockManager: Created local directory at /tmp/blockmgr-15e1cb86-ea8e-46b4-bf00-d3c16355468a
[2026-05-19T12:50:14.513+0000] {subprocess.py:93} INFO - 26/05/19 12:50:14 INFO MemoryStore: MemoryStore started with capacity 434.4 MiB
[2026-05-19T12:50:14.564+0000] {subprocess.py:93} INFO - 26/05/19 12:50:14 INFO SparkEnv: Registering OutputCommitCoordinator
[2026-05-19T12:50:15.013+0000] {subprocess.py:93} INFO - 26/05/19 12:50:15 INFO JettyUtils: Start Jetty 0.0.0.0:4040 for SparkUI
[2026-05-19T12:50:15.200+0000] {subprocess.py:93} INFO - 26/05/19 12:50:15 INFO Utils: Successfully started service 'SparkUI' on port 4040.
[2026-05-19T12:50:15.351+0000] {subprocess.py:93} INFO - 26/05/19 12:50:15 INFO SparkContext: Added JAR file:///opt/airflow/jars/aws-java-sdk-bundle-1.12.262.jar at spark://c43074c3fd7c:44801/jars/aws-java-sdk-bundle-1.12.262.jar with timestamp 1779195013169
[2026-05-19T12:50:15.354+0000] {subprocess.py:93} INFO - 26/05/19 12:50:15 INFO SparkContext: Added JAR file:///opt/airflow/jars/hadoop-aws-3.3.4.jar at spark://c43074c3fd7c:44801/jars/hadoop-aws-3.3.4.jar with timestamp 1779195013169
[2026-05-19T12:50:15.356+0000] {subprocess.py:93} INFO - 26/05/19 12:50:15 INFO SparkContext: Added JAR file:///opt/airflow/jars/postgresql-42.7.3.jar at spark://c43074c3fd7c:44801/jars/postgresql-42.7.3.jar with timestamp 1779195013169
[2026-05-19T12:50:15.556+0000] {subprocess.py:93} INFO - 26/05/19 12:50:15 INFO StandaloneAppClient$ClientEndpoint: Connecting to master spark://spark-master:7077...
[2026-05-19T12:50:15.713+0000] {subprocess.py:93} INFO - 26/05/19 12:50:15 INFO TransportClientFactory: Successfully created connection to spark-master/172.18.0.4:7077 after 85 ms (0 ms spent in bootstraps)
[2026-05-19T12:50:16.004+0000] {subprocess.py:93} INFO - 26/05/19 12:50:16 INFO StandaloneSchedulerBackend: Connected to Spark cluster with app ID app-20260519125015-0042
[2026-05-19T12:50:16.010+0000] {subprocess.py:93} INFO - 26/05/19 12:50:16 INFO StandaloneAppClient$ClientEndpoint: Executor added: app-20260519125015-0042/0 on worker-20260518211503-172.18.0.3-40747 (172.18.0.3:40747) with 1 core(s)
[2026-05-19T12:50:16.013+0000] {subprocess.py:93} INFO - 26/05/19 12:50:16 INFO StandaloneSchedulerBackend: Granted executor ID app-20260519125015-0042/0 on hostPort 172.18.0.3:40747 with 1 core(s), 512.0 MiB RAM
[2026-05-19T12:50:16.023+0000] {subprocess.py:93} INFO - 26/05/19 12:50:16 INFO Utils: Successfully started service 'org.apache.spark.network.netty.NettyBlockTransferService' on port 40405.
[2026-05-19T12:50:16.024+0000] {subprocess.py:93} INFO - 26/05/19 12:50:16 INFO NettyBlockTransferService: Server created on c43074c3fd7c:40405
[2026-05-19T12:50:16.026+0000] {subprocess.py:93} INFO - 26/05/19 12:50:16 INFO BlockManager: Using org.apache.spark.storage.RandomBlockReplicationPolicy for block replication policy
[2026-05-19T12:50:16.045+0000] {subprocess.py:93} INFO - 26/05/19 12:50:16 INFO BlockManagerMaster: Registering BlockManager BlockManagerId(driver, c43074c3fd7c, 40405, None)
[2026-05-19T12:50:16.054+0000] {subprocess.py:93} INFO - 26/05/19 12:50:16 INFO BlockManagerMasterEndpoint: Registering block manager c43074c3fd7c:40405 with 434.4 MiB RAM, BlockManagerId(driver, c43074c3fd7c, 40405, None)
[2026-05-19T12:50:16.063+0000] {subprocess.py:93} INFO - 26/05/19 12:50:16 INFO BlockManagerMaster: Registered BlockManager BlockManagerId(driver, c43074c3fd7c, 40405, None)
[2026-05-19T12:50:16.068+0000] {subprocess.py:93} INFO - 26/05/19 12:50:16 INFO BlockManager: Initialized BlockManager: BlockManagerId(driver, c43074c3fd7c, 40405, None)
[2026-05-19T12:50:16.077+0000] {subprocess.py:93} INFO - 26/05/19 12:50:16 INFO StandaloneAppClient$ClientEndpoint: Executor updated: app-20260519125015-0042/0 is now RUNNING
[2026-05-19T12:50:16.682+0000] {subprocess.py:93} INFO - 26/05/19 12:50:16 INFO StandaloneSchedulerBackend: SchedulerBackend is ready for scheduling beginning after reached minRegisteredResourcesRatio: 0.0
[2026-05-19T12:50:20.093+0000] {subprocess.py:93} INFO - 26/05/19 12:50:20 WARN MetricsConfig: Cannot locate configuration: tried hadoop-metrics2-s3a-file-system.properties,hadoop-metrics2.properties
[2026-05-19T12:50:42.119+0000] {subprocess.py:93} INFO - Lecture SILVER terminée
[2026-05-19T12:54:35.166+0000] {subprocess.py:93} INFO - Table articles_par_jour créée
[2026-05-19T12:55:14.655+0000] {subprocess.py:93} INFO - Table articles_par_source créée
[2026-05-19T12:55:50.135+0000] {subprocess.py:93} INFO - Table top_categories créée
[2026-05-19T12:56:24.879+0000] {subprocess.py:93} INFO - Table articles_par_source_jour créée
[2026-05-19T12:56:24.880+0000] {subprocess.py:93} INFO - 
[2026-05-19T12:56:24.882+0000] {subprocess.py:93} INFO - ==============================
[2026-05-19T12:56:24.883+0000] {subprocess.py:93} INFO - GOLD LAYER TERMINÉ
[2026-05-19T12:56:24.884+0000] {subprocess.py:93} INFO - ==============================
[2026-05-19T12:56:25.859+0000] {subprocess.py:97} INFO - Command exited with return code 0
[2026-05-19T12:56:25.864+0000] {taskinstance.py:441} INFO - ::group::Post task execution logs
[2026-05-19T12:56:26.671+0000] {taskinstance.py:1206} INFO - Marking task as SUCCESS. dag_id=medallion_gold_layer, task_id=gold_processing, run_id=scheduled__2026-05-19T12:45:00+00:00, execution_date=20260519T124500, start_date=20260519T125002, end_date=20260519T125626
[2026-05-19T12:56:26.808+0000] {local_task_job_runner.py:240} INFO - Task exited with return code 0
[2026-05-19T12:56:26.967+0000] {taskinstance.py:3498} INFO - 0 downstream tasks scheduled from follow-on schedule check
[2026-05-19T12:56:26.975+0000] {local_task_job_runner.py:222} INFO - ::endgroup::
