[2026-05-19T10:25:02.000+0000] {local_task_job_runner.py:120} INFO - ::group::Pre task execution logs
[2026-05-19T10:25:02.185+0000] {taskinstance.py:2076} INFO - Dependencies all met for dep_context=non-requeueable deps ti=<TaskInstance: medallion_gold_layer.gold_processing scheduled__2026-05-19T10:20:00+00:00 [queued]>
[2026-05-19T10:25:02.217+0000] {taskinstance.py:2076} INFO - Dependencies all met for dep_context=requeueable deps ti=<TaskInstance: medallion_gold_layer.gold_processing scheduled__2026-05-19T10:20:00+00:00 [queued]>
[2026-05-19T10:25:02.220+0000] {taskinstance.py:2306} INFO - Starting attempt 1 of 2
[2026-05-19T10:25:02.281+0000] {taskinstance.py:2330} INFO - Executing <Task(BashOperator): gold_processing> on 2026-05-19 10:20:00+00:00
[2026-05-19T10:25:02.299+0000] {standard_task_runner.py:63} INFO - Started process 6697 to run task
[2026-05-19T10:25:02.315+0000] {standard_task_runner.py:90} INFO - Running: ['airflow', 'tasks', 'run', 'medallion_gold_layer', 'gold_processing', 'scheduled__2026-05-19T10:20:00+00:00', '--job-id', '298', '--raw', '--subdir', 'DAGS_FOLDER/gold_layer_dag.py', '--cfg-path', '/tmp/tmpw5zb2_nw']
[2026-05-19T10:25:02.326+0000] {standard_task_runner.py:91} INFO - Job 298: Subtask gold_processing
[2026-05-19T10:25:02.897+0000] {task_command.py:426} INFO - Running <TaskInstance: medallion_gold_layer.gold_processing scheduled__2026-05-19T10:20:00+00:00 [running]> on host c43074c3fd7c
[2026-05-19T10:25:03.744+0000] {taskinstance.py:2648} INFO - Exporting env vars: AIRFLOW_CTX_DAG_OWNER='ikram' AIRFLOW_CTX_DAG_ID='medallion_gold_layer' AIRFLOW_CTX_TASK_ID='gold_processing' AIRFLOW_CTX_EXECUTION_DATE='2026-05-19T10:20:00+00:00' AIRFLOW_CTX_TRY_NUMBER='1' AIRFLOW_CTX_DAG_RUN_ID='scheduled__2026-05-19T10:20:00+00:00'
[2026-05-19T10:25:03.747+0000] {taskinstance.py:430} INFO - ::endgroup::
[2026-05-19T10:25:03.798+0000] {subprocess.py:63} INFO - Tmp dir root location: /tmp
[2026-05-19T10:25:03.803+0000] {subprocess.py:75} INFO - Running command: ['/usr/bin/bash', '-c', '\n    spark-submit     --master spark://spark-master:7077     --executor-memory 512M     --executor-cores 1     --total-executor-cores 1     --jars /opt/airflow/jars/aws-java-sdk-bundle-1.12.262.jar,/opt/airflow/jars/hadoop-aws-3.3.4.jar,/opt/airflow/jars/postgresql-42.7.3.jar     /opt/spark_jobs/gold_processor.py\n    ']
[2026-05-19T10:25:03.830+0000] {subprocess.py:86} INFO - Output:
[2026-05-19T10:25:08.525+0000] {subprocess.py:93} INFO - 26/05/19 10:25:08 WARN NativeCodeLoader: Unable to load native-hadoop library for your platform... using builtin-java classes where applicable
[2026-05-19T10:25:12.275+0000] {subprocess.py:93} INFO - 26/05/19 10:25:12 INFO SparkContext: Running Spark version 3.5.1
[2026-05-19T10:25:12.278+0000] {subprocess.py:93} INFO - 26/05/19 10:25:12 INFO SparkContext: OS info Linux, 6.6.87.2-microsoft-standard-WSL2, amd64
[2026-05-19T10:25:12.280+0000] {subprocess.py:93} INFO - 26/05/19 10:25:12 INFO SparkContext: Java version 17.0.19
[2026-05-19T10:25:12.389+0000] {subprocess.py:93} INFO - 26/05/19 10:25:12 INFO ResourceUtils: ==============================================================
[2026-05-19T10:25:12.391+0000] {subprocess.py:93} INFO - 26/05/19 10:25:12 INFO ResourceUtils: No custom resources configured for spark.driver.
[2026-05-19T10:25:12.393+0000] {subprocess.py:93} INFO - 26/05/19 10:25:12 INFO ResourceUtils: ==============================================================
[2026-05-19T10:25:12.395+0000] {subprocess.py:93} INFO - 26/05/19 10:25:12 INFO SparkContext: Submitted application: GoldLayerProcessor
[2026-05-19T10:25:12.466+0000] {subprocess.py:93} INFO - 26/05/19 10:25:12 INFO ResourceProfile: Default ResourceProfile created, executor resources: Map(cores -> name: cores, amount: 1, script: , vendor: , memory -> name: memory, amount: 512, script: , vendor: , offHeap -> name: offHeap, amount: 0, script: , vendor: ), task resources: Map(cpus -> name: cpus, amount: 1.0)
[2026-05-19T10:25:12.502+0000] {subprocess.py:93} INFO - 26/05/19 10:25:12 INFO ResourceProfile: Limiting resource is cpus at 1 tasks per executor
[2026-05-19T10:25:12.513+0000] {subprocess.py:93} INFO - 26/05/19 10:25:12 INFO ResourceProfileManager: Added ResourceProfile id: 0
[2026-05-19T10:25:12.623+0000] {subprocess.py:93} INFO - 26/05/19 10:25:12 INFO SecurityManager: Changing view acls to: airflow
[2026-05-19T10:25:12.624+0000] {subprocess.py:93} INFO - 26/05/19 10:25:12 INFO SecurityManager: Changing modify acls to: airflow
[2026-05-19T10:25:12.626+0000] {subprocess.py:93} INFO - 26/05/19 10:25:12 INFO SecurityManager: Changing view acls groups to:
[2026-05-19T10:25:12.627+0000] {subprocess.py:93} INFO - 26/05/19 10:25:12 INFO SecurityManager: Changing modify acls groups to:
[2026-05-19T10:25:12.628+0000] {subprocess.py:93} INFO - 26/05/19 10:25:12 INFO SecurityManager: SecurityManager: authentication disabled; ui acls disabled; users with view permissions: airflow; groups with view permissions: EMPTY; users with modify permissions: airflow; groups with modify permissions: EMPTY
[2026-05-19T10:25:13.226+0000] {subprocess.py:93} INFO - 26/05/19 10:25:13 INFO Utils: Successfully started service 'sparkDriver' on port 33857.
[2026-05-19T10:25:13.324+0000] {subprocess.py:93} INFO - 26/05/19 10:25:13 INFO SparkEnv: Registering MapOutputTracker
[2026-05-19T10:25:13.406+0000] {subprocess.py:93} INFO - 26/05/19 10:25:13 INFO SparkEnv: Registering BlockManagerMaster
[2026-05-19T10:25:13.434+0000] {subprocess.py:93} INFO - 26/05/19 10:25:13 INFO BlockManagerMasterEndpoint: Using org.apache.spark.storage.DefaultTopologyMapper for getting topology information
[2026-05-19T10:25:13.435+0000] {subprocess.py:93} INFO - 26/05/19 10:25:13 INFO BlockManagerMasterEndpoint: BlockManagerMasterEndpoint up
[2026-05-19T10:25:13.440+0000] {subprocess.py:93} INFO - 26/05/19 10:25:13 INFO SparkEnv: Registering BlockManagerMasterHeartbeat
[2026-05-19T10:25:13.460+0000] {subprocess.py:93} INFO - 26/05/19 10:25:13 INFO DiskBlockManager: Created local directory at /tmp/blockmgr-d15b96c8-b649-49f6-8f47-2f0464133bea
[2026-05-19T10:25:13.479+0000] {subprocess.py:93} INFO - 26/05/19 10:25:13 INFO MemoryStore: MemoryStore started with capacity 434.4 MiB
[2026-05-19T10:25:13.520+0000] {subprocess.py:93} INFO - 26/05/19 10:25:13 INFO SparkEnv: Registering OutputCommitCoordinator
[2026-05-19T10:25:13.790+0000] {subprocess.py:93} INFO - 26/05/19 10:25:13 INFO JettyUtils: Start Jetty 0.0.0.0:4040 for SparkUI
[2026-05-19T10:25:14.004+0000] {subprocess.py:93} INFO - 26/05/19 10:25:14 INFO Utils: Successfully started service 'SparkUI' on port 4040.
[2026-05-19T10:25:14.111+0000] {subprocess.py:93} INFO - 26/05/19 10:25:14 INFO SparkContext: Added JAR file:///opt/airflow/jars/aws-java-sdk-bundle-1.12.262.jar at spark://c43074c3fd7c:33857/jars/aws-java-sdk-bundle-1.12.262.jar with timestamp 1779186312223
[2026-05-19T10:25:14.112+0000] {subprocess.py:93} INFO - 26/05/19 10:25:14 INFO SparkContext: Added JAR file:///opt/airflow/jars/hadoop-aws-3.3.4.jar at spark://c43074c3fd7c:33857/jars/hadoop-aws-3.3.4.jar with timestamp 1779186312223
[2026-05-19T10:25:14.114+0000] {subprocess.py:93} INFO - 26/05/19 10:25:14 INFO SparkContext: Added JAR file:///opt/airflow/jars/postgresql-42.7.3.jar at spark://c43074c3fd7c:33857/jars/postgresql-42.7.3.jar with timestamp 1779186312223
[2026-05-19T10:25:14.253+0000] {subprocess.py:93} INFO - 26/05/19 10:25:14 INFO StandaloneAppClient$ClientEndpoint: Connecting to master spark://spark-master:7077...
[2026-05-19T10:25:14.321+0000] {subprocess.py:93} INFO - 26/05/19 10:25:14 INFO TransportClientFactory: Successfully created connection to spark-master/172.18.0.4:7077 after 34 ms (0 ms spent in bootstraps)
[2026-05-19T10:25:14.504+0000] {subprocess.py:93} INFO - 26/05/19 10:25:14 INFO StandaloneSchedulerBackend: Connected to Spark cluster with app ID app-20260519102514-0027
[2026-05-19T10:25:14.509+0000] {subprocess.py:93} INFO - 26/05/19 10:25:14 INFO StandaloneAppClient$ClientEndpoint: Executor added: app-20260519102514-0027/0 on worker-20260518211503-172.18.0.3-40747 (172.18.0.3:40747) with 1 core(s)
[2026-05-19T10:25:14.513+0000] {subprocess.py:93} INFO - 26/05/19 10:25:14 INFO StandaloneSchedulerBackend: Granted executor ID app-20260519102514-0027/0 on hostPort 172.18.0.3:40747 with 1 core(s), 512.0 MiB RAM
[2026-05-19T10:25:14.524+0000] {subprocess.py:93} INFO - 26/05/19 10:25:14 INFO Utils: Successfully started service 'org.apache.spark.network.netty.NettyBlockTransferService' on port 38475.
[2026-05-19T10:25:14.525+0000] {subprocess.py:93} INFO - 26/05/19 10:25:14 INFO NettyBlockTransferService: Server created on c43074c3fd7c:38475
[2026-05-19T10:25:14.530+0000] {subprocess.py:93} INFO - 26/05/19 10:25:14 INFO BlockManager: Using org.apache.spark.storage.RandomBlockReplicationPolicy for block replication policy
[2026-05-19T10:25:14.549+0000] {subprocess.py:93} INFO - 26/05/19 10:25:14 INFO BlockManagerMaster: Registering BlockManager BlockManagerId(driver, c43074c3fd7c, 38475, None)
[2026-05-19T10:25:14.558+0000] {subprocess.py:93} INFO - 26/05/19 10:25:14 INFO BlockManagerMasterEndpoint: Registering block manager c43074c3fd7c:38475 with 434.4 MiB RAM, BlockManagerId(driver, c43074c3fd7c, 38475, None)
[2026-05-19T10:25:14.569+0000] {subprocess.py:93} INFO - 26/05/19 10:25:14 INFO BlockManagerMaster: Registered BlockManager BlockManagerId(driver, c43074c3fd7c, 38475, None)
[2026-05-19T10:25:14.573+0000] {subprocess.py:93} INFO - 26/05/19 10:25:14 INFO BlockManager: Initialized BlockManager: BlockManagerId(driver, c43074c3fd7c, 38475, None)
[2026-05-19T10:25:14.593+0000] {subprocess.py:93} INFO - 26/05/19 10:25:14 INFO StandaloneAppClient$ClientEndpoint: Executor updated: app-20260519102514-0027/0 is now RUNNING
[2026-05-19T10:25:14.993+0000] {subprocess.py:93} INFO - 26/05/19 10:25:14 INFO StandaloneSchedulerBackend: SchedulerBackend is ready for scheduling beginning after reached minRegisteredResourcesRatio: 0.0
[2026-05-19T10:25:16.981+0000] {subprocess.py:93} INFO - 26/05/19 10:25:16 WARN MetricsConfig: Cannot locate configuration: tried hadoop-metrics2-s3a-file-system.properties,hadoop-metrics2.properties
[2026-05-19T10:25:34.921+0000] {subprocess.py:93} INFO - Lecture SILVER terminée
[2026-05-19T10:26:13.731+0000] {subprocess.py:93} INFO - Table articles_par_jour créée
[2026-05-19T10:26:44.740+0000] {subprocess.py:93} INFO - Table articles_par_source créée
[2026-05-19T10:27:19.399+0000] {subprocess.py:93} INFO - Table top_categories créée
[2026-05-19T10:27:51.780+0000] {subprocess.py:93} INFO - Table articles_par_source_jour créée
[2026-05-19T10:27:51.783+0000] {subprocess.py:93} INFO - 
[2026-05-19T10:27:51.785+0000] {subprocess.py:93} INFO - ==============================
[2026-05-19T10:27:51.786+0000] {subprocess.py:93} INFO - GOLD LAYER TERMINÉ
[2026-05-19T10:27:51.788+0000] {subprocess.py:93} INFO - ==============================
[2026-05-19T10:27:52.627+0000] {subprocess.py:97} INFO - Command exited with return code 0
[2026-05-19T10:27:52.631+0000] {taskinstance.py:441} INFO - ::group::Post task execution logs
[2026-05-19T10:27:53.474+0000] {taskinstance.py:1206} INFO - Marking task as SUCCESS. dag_id=medallion_gold_layer, task_id=gold_processing, run_id=scheduled__2026-05-19T10:20:00+00:00, execution_date=20260519T102000, start_date=20260519T102502, end_date=20260519T102753
[2026-05-19T10:27:53.573+0000] {local_task_job_runner.py:240} INFO - Task exited with return code 0
[2026-05-19T10:27:53.653+0000] {taskinstance.py:3498} INFO - 0 downstream tasks scheduled from follow-on schedule check
[2026-05-19T10:27:53.659+0000] {local_task_job_runner.py:222} INFO - ::endgroup::
