[2026-05-14T11:43:28.224+0000] {local_task_job_runner.py:120} INFO - ::group::Pre task execution logs
[2026-05-14T11:43:28.318+0000] {taskinstance.py:2076} INFO - Dependencies all met for dep_context=non-requeueable deps ti=<TaskInstance: medallion_gold_layer.gold_processing scheduled__2026-05-14T11:10:00+00:00 [queued]>
[2026-05-14T11:43:28.332+0000] {taskinstance.py:2076} INFO - Dependencies all met for dep_context=requeueable deps ti=<TaskInstance: medallion_gold_layer.gold_processing scheduled__2026-05-14T11:10:00+00:00 [queued]>
[2026-05-14T11:43:28.334+0000] {taskinstance.py:2306} INFO - Starting attempt 1 of 2
[2026-05-14T11:43:28.354+0000] {taskinstance.py:2330} INFO - Executing <Task(BashOperator): gold_processing> on 2026-05-14 11:10:00+00:00
[2026-05-14T11:43:28.360+0000] {standard_task_runner.py:63} INFO - Started process 1753 to run task
[2026-05-14T11:43:28.364+0000] {standard_task_runner.py:90} INFO - Running: ['airflow', 'tasks', 'run', 'medallion_gold_layer', 'gold_processing', 'scheduled__2026-05-14T11:10:00+00:00', '--job-id', '6', '--raw', '--subdir', 'DAGS_FOLDER/gold_layer_dag.py', '--cfg-path', '/tmp/tmpk6yo6qt1']
[2026-05-14T11:43:28.377+0000] {standard_task_runner.py:91} INFO - Job 6: Subtask gold_processing
[2026-05-14T11:43:28.617+0000] {task_command.py:426} INFO - Running <TaskInstance: medallion_gold_layer.gold_processing scheduled__2026-05-14T11:10:00+00:00 [running]> on host e8a9653e4a1b
[2026-05-14T11:43:29.009+0000] {taskinstance.py:2648} INFO - Exporting env vars: AIRFLOW_CTX_DAG_OWNER='anass' AIRFLOW_CTX_DAG_ID='medallion_gold_layer' AIRFLOW_CTX_TASK_ID='gold_processing' AIRFLOW_CTX_EXECUTION_DATE='2026-05-14T11:10:00+00:00' AIRFLOW_CTX_TRY_NUMBER='1' AIRFLOW_CTX_DAG_RUN_ID='scheduled__2026-05-14T11:10:00+00:00'
[2026-05-14T11:43:29.011+0000] {taskinstance.py:430} INFO - ::endgroup::
[2026-05-14T11:43:29.042+0000] {subprocess.py:63} INFO - Tmp dir root location: /tmp
[2026-05-14T11:43:29.047+0000] {subprocess.py:75} INFO - Running command: ['/usr/bin/bash', '-c', '\n    spark-submit     --master spark://spark-master:7077     --executor-memory 512M     --executor-cores 1     --total-executor-cores 1     --jars /opt/airflow/jars/aws-java-sdk-bundle-1.12.262.jar,/opt/airflow/jars/hadoop-aws-3.3.4.jar,/opt/airflow/jars/postgresql-42.7.3.jar     /opt/spark_jobs/gold_processor.py\n    ']
[2026-05-14T11:43:29.062+0000] {subprocess.py:86} INFO - Output:
[2026-05-14T11:43:32.535+0000] {subprocess.py:93} INFO - 26/05/14 11:43:32 WARN NativeCodeLoader: Unable to load native-hadoop library for your platform... using builtin-java classes where applicable
[2026-05-14T11:43:34.335+0000] {subprocess.py:93} INFO - 26/05/14 11:43:34 INFO SparkContext: Running Spark version 3.5.1
[2026-05-14T11:43:34.340+0000] {subprocess.py:93} INFO - 26/05/14 11:43:34 INFO SparkContext: OS info Linux, 6.6.87.2-microsoft-standard-WSL2, amd64
[2026-05-14T11:43:34.344+0000] {subprocess.py:93} INFO - 26/05/14 11:43:34 INFO SparkContext: Java version 17.0.19
[2026-05-14T11:43:34.394+0000] {subprocess.py:93} INFO - 26/05/14 11:43:34 INFO ResourceUtils: ==============================================================
[2026-05-14T11:43:34.407+0000] {subprocess.py:93} INFO - 26/05/14 11:43:34 INFO ResourceUtils: No custom resources configured for spark.driver.
[2026-05-14T11:43:34.416+0000] {subprocess.py:93} INFO - 26/05/14 11:43:34 INFO ResourceUtils: ==============================================================
[2026-05-14T11:43:34.422+0000] {subprocess.py:93} INFO - 26/05/14 11:43:34 INFO SparkContext: Submitted application: GoldLayerProcessor
[2026-05-14T11:43:34.424+0000] {subprocess.py:93} INFO - 26/05/14 11:43:34 INFO ResourceProfile: Default ResourceProfile created, executor resources: Map(cores -> name: cores, amount: 1, script: , vendor: , memory -> name: memory, amount: 512, script: , vendor: , offHeap -> name: offHeap, amount: 0, script: , vendor: ), task resources: Map(cpus -> name: cpus, amount: 1.0)
[2026-05-14T11:43:34.436+0000] {subprocess.py:93} INFO - 26/05/14 11:43:34 INFO ResourceProfile: Limiting resource is cpus at 1 tasks per executor
[2026-05-14T11:43:34.438+0000] {subprocess.py:93} INFO - 26/05/14 11:43:34 INFO ResourceProfileManager: Added ResourceProfile id: 0
[2026-05-14T11:43:34.484+0000] {subprocess.py:93} INFO - 26/05/14 11:43:34 INFO SecurityManager: Changing view acls to: airflow
[2026-05-14T11:43:34.485+0000] {subprocess.py:93} INFO - 26/05/14 11:43:34 INFO SecurityManager: Changing modify acls to: airflow
[2026-05-14T11:43:34.485+0000] {subprocess.py:93} INFO - 26/05/14 11:43:34 INFO SecurityManager: Changing view acls groups to:
[2026-05-14T11:43:34.486+0000] {subprocess.py:93} INFO - 26/05/14 11:43:34 INFO SecurityManager: Changing modify acls groups to:
[2026-05-14T11:43:34.487+0000] {subprocess.py:93} INFO - 26/05/14 11:43:34 INFO SecurityManager: SecurityManager: authentication disabled; ui acls disabled; users with view permissions: airflow; groups with view permissions: EMPTY; users with modify permissions: airflow; groups with modify permissions: EMPTY
[2026-05-14T11:43:34.689+0000] {subprocess.py:93} INFO - 26/05/14 11:43:34 INFO Utils: Successfully started service 'sparkDriver' on port 34333.
[2026-05-14T11:43:34.720+0000] {subprocess.py:93} INFO - 26/05/14 11:43:34 INFO SparkEnv: Registering MapOutputTracker
[2026-05-14T11:43:34.755+0000] {subprocess.py:93} INFO - 26/05/14 11:43:34 INFO SparkEnv: Registering BlockManagerMaster
[2026-05-14T11:43:34.772+0000] {subprocess.py:93} INFO - 26/05/14 11:43:34 INFO BlockManagerMasterEndpoint: Using org.apache.spark.storage.DefaultTopologyMapper for getting topology information
[2026-05-14T11:43:34.773+0000] {subprocess.py:93} INFO - 26/05/14 11:43:34 INFO BlockManagerMasterEndpoint: BlockManagerMasterEndpoint up
[2026-05-14T11:43:34.777+0000] {subprocess.py:93} INFO - 26/05/14 11:43:34 INFO SparkEnv: Registering BlockManagerMasterHeartbeat
[2026-05-14T11:43:34.794+0000] {subprocess.py:93} INFO - 26/05/14 11:43:34 INFO DiskBlockManager: Created local directory at /tmp/blockmgr-00533e03-7c22-48d5-b96d-ee29aea525ce
[2026-05-14T11:43:34.806+0000] {subprocess.py:93} INFO - 26/05/14 11:43:34 INFO MemoryStore: MemoryStore started with capacity 434.4 MiB
[2026-05-14T11:43:34.822+0000] {subprocess.py:93} INFO - 26/05/14 11:43:34 INFO SparkEnv: Registering OutputCommitCoordinator
[2026-05-14T11:43:34.953+0000] {subprocess.py:93} INFO - 26/05/14 11:43:34 INFO JettyUtils: Start Jetty 0.0.0.0:4040 for SparkUI
[2026-05-14T11:43:35.019+0000] {subprocess.py:93} INFO - 26/05/14 11:43:35 INFO Utils: Successfully started service 'SparkUI' on port 4040.
[2026-05-14T11:43:35.051+0000] {subprocess.py:93} INFO - 26/05/14 11:43:35 INFO SparkContext: Added JAR file:///opt/airflow/jars/aws-java-sdk-bundle-1.12.262.jar at spark://e8a9653e4a1b:34333/jars/aws-java-sdk-bundle-1.12.262.jar with timestamp 1778759014323
[2026-05-14T11:43:35.052+0000] {subprocess.py:93} INFO - 26/05/14 11:43:35 INFO SparkContext: Added JAR file:///opt/airflow/jars/hadoop-aws-3.3.4.jar at spark://e8a9653e4a1b:34333/jars/hadoop-aws-3.3.4.jar with timestamp 1778759014323
[2026-05-14T11:43:35.052+0000] {subprocess.py:93} INFO - 26/05/14 11:43:35 INFO SparkContext: Added JAR file:///opt/airflow/jars/postgresql-42.7.3.jar at spark://e8a9653e4a1b:34333/jars/postgresql-42.7.3.jar with timestamp 1778759014323
[2026-05-14T11:43:35.144+0000] {subprocess.py:93} INFO - 26/05/14 11:43:35 INFO StandaloneAppClient$ClientEndpoint: Connecting to master spark://spark-master:7077...
[2026-05-14T11:43:35.186+0000] {subprocess.py:93} INFO - 26/05/14 11:43:35 INFO TransportClientFactory: Successfully created connection to spark-master/172.18.0.6:7077 after 21 ms (0 ms spent in bootstraps)
[2026-05-14T11:43:35.280+0000] {subprocess.py:93} INFO - 26/05/14 11:43:35 INFO StandaloneSchedulerBackend: Connected to Spark cluster with app ID app-20260514114335-0005
[2026-05-14T11:43:35.288+0000] {subprocess.py:93} INFO - 26/05/14 11:43:35 INFO Utils: Successfully started service 'org.apache.spark.network.netty.NettyBlockTransferService' on port 32939.
[2026-05-14T11:43:35.288+0000] {subprocess.py:93} INFO - 26/05/14 11:43:35 INFO NettyBlockTransferService: Server created on e8a9653e4a1b:32939
[2026-05-14T11:43:35.290+0000] {subprocess.py:93} INFO - 26/05/14 11:43:35 INFO BlockManager: Using org.apache.spark.storage.RandomBlockReplicationPolicy for block replication policy
[2026-05-14T11:43:35.296+0000] {subprocess.py:93} INFO - 26/05/14 11:43:35 INFO BlockManagerMaster: Registering BlockManager BlockManagerId(driver, e8a9653e4a1b, 32939, None)
[2026-05-14T11:43:35.300+0000] {subprocess.py:93} INFO - 26/05/14 11:43:35 INFO BlockManagerMasterEndpoint: Registering block manager e8a9653e4a1b:32939 with 434.4 MiB RAM, BlockManagerId(driver, e8a9653e4a1b, 32939, None)
[2026-05-14T11:43:35.301+0000] {subprocess.py:93} INFO - 26/05/14 11:43:35 INFO BlockManagerMaster: Registered BlockManager BlockManagerId(driver, e8a9653e4a1b, 32939, None)
[2026-05-14T11:43:35.303+0000] {subprocess.py:93} INFO - 26/05/14 11:43:35 INFO BlockManager: Initialized BlockManager: BlockManagerId(driver, e8a9653e4a1b, 32939, None)
[2026-05-14T11:43:35.540+0000] {subprocess.py:93} INFO - 26/05/14 11:43:35 INFO StandaloneSchedulerBackend: SchedulerBackend is ready for scheduling beginning after reached minRegisteredResourcesRatio: 0.0
[2026-05-14T11:43:36.621+0000] {subprocess.py:93} INFO - 26/05/14 11:43:36 WARN MetricsConfig: Cannot locate configuration: tried hadoop-metrics2-s3a-file-system.properties,hadoop-metrics2.properties
[2026-05-14T11:43:56.069+0000] {subprocess.py:93} INFO - Lecture SILVER terminée
[2026-05-14T11:44:05.787+0000] {subprocess.py:93} INFO - Table articles_par_jour créée
[2026-05-14T11:44:11.700+0000] {subprocess.py:93} INFO - Table articles_par_source créée
[2026-05-14T11:44:16.159+0000] {subprocess.py:93} INFO - Table top_categories créée
[2026-05-14T11:44:19.909+0000] {subprocess.py:93} INFO - Table articles_par_source_jour créée
[2026-05-14T11:44:19.911+0000] {subprocess.py:93} INFO - 
[2026-05-14T11:44:19.914+0000] {subprocess.py:93} INFO - ==============================
[2026-05-14T11:44:19.916+0000] {subprocess.py:93} INFO - GOLD LAYER TERMINÉ
[2026-05-14T11:44:19.918+0000] {subprocess.py:93} INFO - ==============================
[2026-05-14T11:44:21.038+0000] {subprocess.py:97} INFO - Command exited with return code 0
[2026-05-14T11:44:21.040+0000] {taskinstance.py:441} INFO - ::group::Post task execution logs
[2026-05-14T11:44:21.377+0000] {taskinstance.py:1206} INFO - Marking task as SUCCESS. dag_id=medallion_gold_layer, task_id=gold_processing, run_id=scheduled__2026-05-14T11:10:00+00:00, execution_date=20260514T111000, start_date=20260514T114328, end_date=20260514T114421
[2026-05-14T11:44:22.183+0000] {local_task_job_runner.py:240} INFO - Task exited with return code 0
[2026-05-14T11:44:22.356+0000] {taskinstance.py:3498} INFO - 0 downstream tasks scheduled from follow-on schedule check
[2026-05-14T11:44:22.383+0000] {local_task_job_runner.py:222} INFO - ::endgroup::
