[2026-05-18T22:53:34.487+0000] {local_task_job_runner.py:120} INFO - ::group::Pre task execution logs
[2026-05-18T22:53:34.536+0000] {taskinstance.py:2076} INFO - Dependencies all met for dep_context=non-requeueable deps ti=<TaskInstance: medallion_gold_layer.gold_processing scheduled__2026-05-18T22:45:00+00:00 [queued]>
[2026-05-18T22:53:34.557+0000] {taskinstance.py:2076} INFO - Dependencies all met for dep_context=requeueable deps ti=<TaskInstance: medallion_gold_layer.gold_processing scheduled__2026-05-18T22:45:00+00:00 [queued]>
[2026-05-18T22:53:34.558+0000] {taskinstance.py:2306} INFO - Starting attempt 1 of 2
[2026-05-18T22:53:34.569+0000] {taskinstance.py:2330} INFO - Executing <Task(BashOperator): gold_processing> on 2026-05-18 22:45:00+00:00
[2026-05-18T22:53:34.574+0000] {standard_task_runner.py:63} INFO - Started process 3425 to run task
[2026-05-18T22:53:34.576+0000] {standard_task_runner.py:90} INFO - Running: ['airflow', 'tasks', 'run', 'medallion_gold_layer', 'gold_processing', 'scheduled__2026-05-18T22:45:00+00:00', '--job-id', '282', '--raw', '--subdir', 'DAGS_FOLDER/gold_layer_dag.py', '--cfg-path', '/tmp/tmpf6vohu6n']
[2026-05-18T22:53:34.578+0000] {standard_task_runner.py:91} INFO - Job 282: Subtask gold_processing
[2026-05-18T22:53:34.705+0000] {task_command.py:426} INFO - Running <TaskInstance: medallion_gold_layer.gold_processing scheduled__2026-05-18T22:45:00+00:00 [running]> on host c43074c3fd7c
[2026-05-18T22:53:34.908+0000] {taskinstance.py:2648} INFO - Exporting env vars: AIRFLOW_CTX_DAG_OWNER='ikram' AIRFLOW_CTX_DAG_ID='medallion_gold_layer' AIRFLOW_CTX_TASK_ID='gold_processing' AIRFLOW_CTX_EXECUTION_DATE='2026-05-18T22:45:00+00:00' AIRFLOW_CTX_TRY_NUMBER='1' AIRFLOW_CTX_DAG_RUN_ID='scheduled__2026-05-18T22:45:00+00:00'
[2026-05-18T22:53:34.908+0000] {taskinstance.py:430} INFO - ::endgroup::
[2026-05-18T22:53:34.917+0000] {subprocess.py:63} INFO - Tmp dir root location: /tmp
[2026-05-18T22:53:34.918+0000] {subprocess.py:75} INFO - Running command: ['/usr/bin/bash', '-c', '\n    spark-submit     --master spark://spark-master:7077     --executor-memory 512M     --executor-cores 1     --total-executor-cores 1     --jars /opt/airflow/jars/aws-java-sdk-bundle-1.12.262.jar,/opt/airflow/jars/hadoop-aws-3.3.4.jar,/opt/airflow/jars/postgresql-42.7.3.jar     /opt/spark_jobs/gold_processor.py\n    ']
[2026-05-18T22:53:34.925+0000] {subprocess.py:86} INFO - Output:
[2026-05-18T22:53:36.231+0000] {subprocess.py:93} INFO - 26/05/18 22:53:36 WARN NativeCodeLoader: Unable to load native-hadoop library for your platform... using builtin-java classes where applicable
[2026-05-18T22:53:37.067+0000] {subprocess.py:93} INFO - 26/05/18 22:53:37 INFO SparkContext: Running Spark version 3.5.1
[2026-05-18T22:53:37.069+0000] {subprocess.py:93} INFO - 26/05/18 22:53:37 INFO SparkContext: OS info Linux, 6.6.87.2-microsoft-standard-WSL2, amd64
[2026-05-18T22:53:37.069+0000] {subprocess.py:93} INFO - 26/05/18 22:53:37 INFO SparkContext: Java version 17.0.19
[2026-05-18T22:53:37.084+0000] {subprocess.py:93} INFO - 26/05/18 22:53:37 INFO ResourceUtils: ==============================================================
[2026-05-18T22:53:37.084+0000] {subprocess.py:93} INFO - 26/05/18 22:53:37 INFO ResourceUtils: No custom resources configured for spark.driver.
[2026-05-18T22:53:37.085+0000] {subprocess.py:93} INFO - 26/05/18 22:53:37 INFO ResourceUtils: ==============================================================
[2026-05-18T22:53:37.085+0000] {subprocess.py:93} INFO - 26/05/18 22:53:37 INFO SparkContext: Submitted application: GoldLayerProcessor
[2026-05-18T22:53:37.097+0000] {subprocess.py:93} INFO - 26/05/18 22:53:37 INFO ResourceProfile: Default ResourceProfile created, executor resources: Map(cores -> name: cores, amount: 1, script: , vendor: , memory -> name: memory, amount: 512, script: , vendor: , offHeap -> name: offHeap, amount: 0, script: , vendor: ), task resources: Map(cpus -> name: cpus, amount: 1.0)
[2026-05-18T22:53:37.103+0000] {subprocess.py:93} INFO - 26/05/18 22:53:37 INFO ResourceProfile: Limiting resource is cpus at 1 tasks per executor
[2026-05-18T22:53:37.105+0000] {subprocess.py:93} INFO - 26/05/18 22:53:37 INFO ResourceProfileManager: Added ResourceProfile id: 0
[2026-05-18T22:53:37.136+0000] {subprocess.py:93} INFO - 26/05/18 22:53:37 INFO SecurityManager: Changing view acls to: airflow
[2026-05-18T22:53:37.137+0000] {subprocess.py:93} INFO - 26/05/18 22:53:37 INFO SecurityManager: Changing modify acls to: airflow
[2026-05-18T22:53:37.137+0000] {subprocess.py:93} INFO - 26/05/18 22:53:37 INFO SecurityManager: Changing view acls groups to:
[2026-05-18T22:53:37.138+0000] {subprocess.py:93} INFO - 26/05/18 22:53:37 INFO SecurityManager: Changing modify acls groups to:
[2026-05-18T22:53:37.138+0000] {subprocess.py:93} INFO - 26/05/18 22:53:37 INFO SecurityManager: SecurityManager: authentication disabled; ui acls disabled; users with view permissions: airflow; groups with view permissions: EMPTY; users with modify permissions: airflow; groups with modify permissions: EMPTY
[2026-05-18T22:53:37.271+0000] {subprocess.py:93} INFO - 26/05/18 22:53:37 INFO Utils: Successfully started service 'sparkDriver' on port 40897.
[2026-05-18T22:53:37.285+0000] {subprocess.py:93} INFO - 26/05/18 22:53:37 INFO SparkEnv: Registering MapOutputTracker
[2026-05-18T22:53:37.305+0000] {subprocess.py:93} INFO - 26/05/18 22:53:37 INFO SparkEnv: Registering BlockManagerMaster
[2026-05-18T22:53:37.317+0000] {subprocess.py:93} INFO - 26/05/18 22:53:37 INFO BlockManagerMasterEndpoint: Using org.apache.spark.storage.DefaultTopologyMapper for getting topology information
[2026-05-18T22:53:37.318+0000] {subprocess.py:93} INFO - 26/05/18 22:53:37 INFO BlockManagerMasterEndpoint: BlockManagerMasterEndpoint up
[2026-05-18T22:53:37.320+0000] {subprocess.py:93} INFO - 26/05/18 22:53:37 INFO SparkEnv: Registering BlockManagerMasterHeartbeat
[2026-05-18T22:53:37.336+0000] {subprocess.py:93} INFO - 26/05/18 22:53:37 INFO DiskBlockManager: Created local directory at /tmp/blockmgr-321096a3-3fb5-4150-9f35-41e49af7db17
[2026-05-18T22:53:37.348+0000] {subprocess.py:93} INFO - 26/05/18 22:53:37 INFO MemoryStore: MemoryStore started with capacity 434.4 MiB
[2026-05-18T22:53:37.359+0000] {subprocess.py:93} INFO - 26/05/18 22:53:37 INFO SparkEnv: Registering OutputCommitCoordinator
[2026-05-18T22:53:37.433+0000] {subprocess.py:93} INFO - 26/05/18 22:53:37 INFO JettyUtils: Start Jetty 0.0.0.0:4040 for SparkUI
[2026-05-18T22:53:37.477+0000] {subprocess.py:93} INFO - 26/05/18 22:53:37 INFO Utils: Successfully started service 'SparkUI' on port 4040.
[2026-05-18T22:53:37.497+0000] {subprocess.py:93} INFO - 26/05/18 22:53:37 INFO SparkContext: Added JAR file:///opt/airflow/jars/aws-java-sdk-bundle-1.12.262.jar at spark://c43074c3fd7c:40897/jars/aws-java-sdk-bundle-1.12.262.jar with timestamp 1779144817062
[2026-05-18T22:53:37.498+0000] {subprocess.py:93} INFO - 26/05/18 22:53:37 INFO SparkContext: Added JAR file:///opt/airflow/jars/hadoop-aws-3.3.4.jar at spark://c43074c3fd7c:40897/jars/hadoop-aws-3.3.4.jar with timestamp 1779144817062
[2026-05-18T22:53:37.498+0000] {subprocess.py:93} INFO - 26/05/18 22:53:37 INFO SparkContext: Added JAR file:///opt/airflow/jars/postgresql-42.7.3.jar at spark://c43074c3fd7c:40897/jars/postgresql-42.7.3.jar with timestamp 1779144817062
[2026-05-18T22:53:37.543+0000] {subprocess.py:93} INFO - 26/05/18 22:53:37 INFO StandaloneAppClient$ClientEndpoint: Connecting to master spark://spark-master:7077...
[2026-05-18T22:53:37.569+0000] {subprocess.py:93} INFO - 26/05/18 22:53:37 INFO TransportClientFactory: Successfully created connection to spark-master/172.18.0.4:7077 after 13 ms (0 ms spent in bootstraps)
[2026-05-18T22:53:37.615+0000] {subprocess.py:93} INFO - 26/05/18 22:53:37 INFO StandaloneSchedulerBackend: Connected to Spark cluster with app ID app-20260518225337-0018
[2026-05-18T22:53:37.618+0000] {subprocess.py:93} INFO - 26/05/18 22:53:37 INFO StandaloneAppClient$ClientEndpoint: Executor added: app-20260518225337-0018/0 on worker-20260518211503-172.18.0.3-40747 (172.18.0.3:40747) with 1 core(s)
[2026-05-18T22:53:37.620+0000] {subprocess.py:93} INFO - 26/05/18 22:53:37 INFO StandaloneSchedulerBackend: Granted executor ID app-20260518225337-0018/0 on hostPort 172.18.0.3:40747 with 1 core(s), 512.0 MiB RAM
[2026-05-18T22:53:37.623+0000] {subprocess.py:93} INFO - 26/05/18 22:53:37 INFO Utils: Successfully started service 'org.apache.spark.network.netty.NettyBlockTransferService' on port 40375.
[2026-05-18T22:53:37.624+0000] {subprocess.py:93} INFO - 26/05/18 22:53:37 INFO NettyBlockTransferService: Server created on c43074c3fd7c:40375
[2026-05-18T22:53:37.625+0000] {subprocess.py:93} INFO - 26/05/18 22:53:37 INFO BlockManager: Using org.apache.spark.storage.RandomBlockReplicationPolicy for block replication policy
[2026-05-18T22:53:37.630+0000] {subprocess.py:93} INFO - 26/05/18 22:53:37 INFO BlockManagerMaster: Registering BlockManager BlockManagerId(driver, c43074c3fd7c, 40375, None)
[2026-05-18T22:53:37.633+0000] {subprocess.py:93} INFO - 26/05/18 22:53:37 INFO BlockManagerMasterEndpoint: Registering block manager c43074c3fd7c:40375 with 434.4 MiB RAM, BlockManagerId(driver, c43074c3fd7c, 40375, None)
[2026-05-18T22:53:37.635+0000] {subprocess.py:93} INFO - 26/05/18 22:53:37 INFO BlockManagerMaster: Registered BlockManager BlockManagerId(driver, c43074c3fd7c, 40375, None)
[2026-05-18T22:53:37.636+0000] {subprocess.py:93} INFO - 26/05/18 22:53:37 INFO BlockManager: Initialized BlockManager: BlockManagerId(driver, c43074c3fd7c, 40375, None)
[2026-05-18T22:53:37.645+0000] {subprocess.py:93} INFO - 26/05/18 22:53:37 INFO StandaloneAppClient$ClientEndpoint: Executor updated: app-20260518225337-0018/0 is now RUNNING
[2026-05-18T22:53:37.767+0000] {subprocess.py:93} INFO - 26/05/18 22:53:37 INFO StandaloneSchedulerBackend: SchedulerBackend is ready for scheduling beginning after reached minRegisteredResourcesRatio: 0.0
[2026-05-18T22:53:38.566+0000] {subprocess.py:93} INFO - 26/05/18 22:53:38 WARN MetricsConfig: Cannot locate configuration: tried hadoop-metrics2-s3a-file-system.properties,hadoop-metrics2.properties
[2026-05-18T22:53:42.764+0000] {subprocess.py:93} INFO - Lecture SILVER terminée
[2026-05-18T22:53:54.587+0000] {subprocess.py:93} INFO - Table articles_par_jour créée
[2026-05-18T22:54:04.510+0000] {subprocess.py:93} INFO - Table articles_par_source créée
[2026-05-18T22:54:13.110+0000] {subprocess.py:93} INFO - Table top_categories créée
[2026-05-18T22:54:21.622+0000] {subprocess.py:93} INFO - Table articles_par_source_jour créée
[2026-05-18T22:54:21.623+0000] {subprocess.py:93} INFO - 
[2026-05-18T22:54:21.624+0000] {subprocess.py:93} INFO - ==============================
[2026-05-18T22:54:21.624+0000] {subprocess.py:93} INFO - GOLD LAYER TERMINÉ
[2026-05-18T22:54:21.625+0000] {subprocess.py:93} INFO - ==============================
[2026-05-18T22:54:21.896+0000] {subprocess.py:97} INFO - Command exited with return code 0
[2026-05-18T22:54:21.897+0000] {taskinstance.py:441} INFO - ::group::Post task execution logs
[2026-05-18T22:54:22.083+0000] {taskinstance.py:1206} INFO - Marking task as SUCCESS. dag_id=medallion_gold_layer, task_id=gold_processing, run_id=scheduled__2026-05-18T22:45:00+00:00, execution_date=20260518T224500, start_date=20260518T225334, end_date=20260518T225422
[2026-05-18T22:54:22.119+0000] {local_task_job_runner.py:240} INFO - Task exited with return code 0
[2026-05-18T22:54:22.155+0000] {taskinstance.py:3498} INFO - 0 downstream tasks scheduled from follow-on schedule check
[2026-05-18T22:54:22.158+0000] {local_task_job_runner.py:222} INFO - ::endgroup::
