[2026-05-16T23:50:01.890+0000] {local_task_job_runner.py:120} INFO - ::group::Pre task execution logs
[2026-05-16T23:50:01.998+0000] {taskinstance.py:2076} INFO - Dependencies all met for dep_context=non-requeueable deps ti=<TaskInstance: medallion_gold_layer.gold_processing scheduled__2026-05-16T23:45:00+00:00 [queued]>
[2026-05-16T23:50:02.045+0000] {taskinstance.py:2076} INFO - Dependencies all met for dep_context=requeueable deps ti=<TaskInstance: medallion_gold_layer.gold_processing scheduled__2026-05-16T23:45:00+00:00 [queued]>
[2026-05-16T23:50:02.046+0000] {taskinstance.py:2306} INFO - Starting attempt 1 of 2
[2026-05-16T23:50:02.100+0000] {taskinstance.py:2330} INFO - Executing <Task(BashOperator): gold_processing> on 2026-05-16 23:45:00+00:00
[2026-05-16T23:50:02.111+0000] {standard_task_runner.py:63} INFO - Started process 53861 to run task
[2026-05-16T23:50:02.118+0000] {standard_task_runner.py:90} INFO - Running: ['airflow', 'tasks', 'run', 'medallion_gold_layer', 'gold_processing', 'scheduled__2026-05-16T23:45:00+00:00', '--job-id', '142', '--raw', '--subdir', 'DAGS_FOLDER/gold_layer_dag.py', '--cfg-path', '/tmp/tmp4yp9a81e']
[2026-05-16T23:50:02.123+0000] {standard_task_runner.py:91} INFO - Job 142: Subtask gold_processing
[2026-05-16T23:50:02.459+0000] {task_command.py:426} INFO - Running <TaskInstance: medallion_gold_layer.gold_processing scheduled__2026-05-16T23:45:00+00:00 [running]> on host e8a9653e4a1b
[2026-05-16T23:50:03.034+0000] {taskinstance.py:2648} INFO - Exporting env vars: AIRFLOW_CTX_DAG_OWNER='anass' AIRFLOW_CTX_DAG_ID='medallion_gold_layer' AIRFLOW_CTX_TASK_ID='gold_processing' AIRFLOW_CTX_EXECUTION_DATE='2026-05-16T23:45:00+00:00' AIRFLOW_CTX_TRY_NUMBER='1' AIRFLOW_CTX_DAG_RUN_ID='scheduled__2026-05-16T23:45:00+00:00'
[2026-05-16T23:50:03.036+0000] {taskinstance.py:430} INFO - ::endgroup::
[2026-05-16T23:50:03.070+0000] {subprocess.py:63} INFO - Tmp dir root location: /tmp
[2026-05-16T23:50:03.073+0000] {subprocess.py:75} INFO - Running command: ['/usr/bin/bash', '-c', '\n    spark-submit     --master spark://spark-master:7077     --executor-memory 512M     --executor-cores 1     --total-executor-cores 1     --jars /opt/airflow/jars/aws-java-sdk-bundle-1.12.262.jar,/opt/airflow/jars/hadoop-aws-3.3.4.jar,/opt/airflow/jars/postgresql-42.7.3.jar     /opt/spark_jobs/gold_processor.py\n    ']
[2026-05-16T23:50:03.094+0000] {subprocess.py:86} INFO - Output:
[2026-05-16T23:50:07.097+0000] {subprocess.py:93} INFO - 26/05/16 23:50:07 WARN NativeCodeLoader: Unable to load native-hadoop library for your platform... using builtin-java classes where applicable
[2026-05-16T23:50:09.364+0000] {subprocess.py:93} INFO - 26/05/16 23:50:09 INFO SparkContext: Running Spark version 3.5.1
[2026-05-16T23:50:09.365+0000] {subprocess.py:93} INFO - 26/05/16 23:50:09 INFO SparkContext: OS info Linux, 6.6.87.2-microsoft-standard-WSL2, amd64
[2026-05-16T23:50:09.366+0000] {subprocess.py:93} INFO - 26/05/16 23:50:09 INFO SparkContext: Java version 17.0.19
[2026-05-16T23:50:09.414+0000] {subprocess.py:93} INFO - 26/05/16 23:50:09 INFO ResourceUtils: ==============================================================
[2026-05-16T23:50:09.415+0000] {subprocess.py:93} INFO - 26/05/16 23:50:09 INFO ResourceUtils: No custom resources configured for spark.driver.
[2026-05-16T23:50:09.416+0000] {subprocess.py:93} INFO - 26/05/16 23:50:09 INFO ResourceUtils: ==============================================================
[2026-05-16T23:50:09.417+0000] {subprocess.py:93} INFO - 26/05/16 23:50:09 INFO SparkContext: Submitted application: GoldLayerProcessor
[2026-05-16T23:50:09.452+0000] {subprocess.py:93} INFO - 26/05/16 23:50:09 INFO ResourceProfile: Default ResourceProfile created, executor resources: Map(cores -> name: cores, amount: 1, script: , vendor: , memory -> name: memory, amount: 512, script: , vendor: , offHeap -> name: offHeap, amount: 0, script: , vendor: ), task resources: Map(cpus -> name: cpus, amount: 1.0)
[2026-05-16T23:50:09.473+0000] {subprocess.py:93} INFO - 26/05/16 23:50:09 INFO ResourceProfile: Limiting resource is cpus at 1 tasks per executor
[2026-05-16T23:50:09.482+0000] {subprocess.py:93} INFO - 26/05/16 23:50:09 INFO ResourceProfileManager: Added ResourceProfile id: 0
[2026-05-16T23:50:09.615+0000] {subprocess.py:93} INFO - 26/05/16 23:50:09 INFO SecurityManager: Changing view acls to: airflow
[2026-05-16T23:50:09.617+0000] {subprocess.py:93} INFO - 26/05/16 23:50:09 INFO SecurityManager: Changing modify acls to: airflow
[2026-05-16T23:50:09.618+0000] {subprocess.py:93} INFO - 26/05/16 23:50:09 INFO SecurityManager: Changing view acls groups to:
[2026-05-16T23:50:09.619+0000] {subprocess.py:93} INFO - 26/05/16 23:50:09 INFO SecurityManager: Changing modify acls groups to:
[2026-05-16T23:50:09.621+0000] {subprocess.py:93} INFO - 26/05/16 23:50:09 INFO SecurityManager: SecurityManager: authentication disabled; ui acls disabled; users with view permissions: airflow; groups with view permissions: EMPTY; users with modify permissions: airflow; groups with modify permissions: EMPTY
[2026-05-16T23:50:09.940+0000] {subprocess.py:93} INFO - 26/05/16 23:50:09 INFO Utils: Successfully started service 'sparkDriver' on port 34099.
[2026-05-16T23:50:09.981+0000] {subprocess.py:93} INFO - 26/05/16 23:50:09 INFO SparkEnv: Registering MapOutputTracker
[2026-05-16T23:50:10.031+0000] {subprocess.py:93} INFO - 26/05/16 23:50:10 INFO SparkEnv: Registering BlockManagerMaster
[2026-05-16T23:50:10.056+0000] {subprocess.py:93} INFO - 26/05/16 23:50:10 INFO BlockManagerMasterEndpoint: Using org.apache.spark.storage.DefaultTopologyMapper for getting topology information
[2026-05-16T23:50:10.058+0000] {subprocess.py:93} INFO - 26/05/16 23:50:10 INFO BlockManagerMasterEndpoint: BlockManagerMasterEndpoint up
[2026-05-16T23:50:10.065+0000] {subprocess.py:93} INFO - 26/05/16 23:50:10 INFO SparkEnv: Registering BlockManagerMasterHeartbeat
[2026-05-16T23:50:10.090+0000] {subprocess.py:93} INFO - 26/05/16 23:50:10 INFO DiskBlockManager: Created local directory at /tmp/blockmgr-c1e96e0f-ba3c-4f0a-8bda-fe8ffca05612
[2026-05-16T23:50:10.111+0000] {subprocess.py:93} INFO - 26/05/16 23:50:10 INFO MemoryStore: MemoryStore started with capacity 434.4 MiB
[2026-05-16T23:50:10.141+0000] {subprocess.py:93} INFO - 26/05/16 23:50:10 INFO SparkEnv: Registering OutputCommitCoordinator
[2026-05-16T23:50:10.375+0000] {subprocess.py:93} INFO - 26/05/16 23:50:10 INFO JettyUtils: Start Jetty 0.0.0.0:4040 for SparkUI
[2026-05-16T23:50:10.493+0000] {subprocess.py:93} INFO - 26/05/16 23:50:10 INFO Utils: Successfully started service 'SparkUI' on port 4040.
[2026-05-16T23:50:10.552+0000] {subprocess.py:93} INFO - 26/05/16 23:50:10 INFO SparkContext: Added JAR file:///opt/airflow/jars/aws-java-sdk-bundle-1.12.262.jar at spark://e8a9653e4a1b:34099/jars/aws-java-sdk-bundle-1.12.262.jar with timestamp 1778975409351
[2026-05-16T23:50:10.553+0000] {subprocess.py:93} INFO - 26/05/16 23:50:10 INFO SparkContext: Added JAR file:///opt/airflow/jars/hadoop-aws-3.3.4.jar at spark://e8a9653e4a1b:34099/jars/hadoop-aws-3.3.4.jar with timestamp 1778975409351
[2026-05-16T23:50:10.554+0000] {subprocess.py:93} INFO - 26/05/16 23:50:10 INFO SparkContext: Added JAR file:///opt/airflow/jars/postgresql-42.7.3.jar at spark://e8a9653e4a1b:34099/jars/postgresql-42.7.3.jar with timestamp 1778975409351
[2026-05-16T23:50:10.695+0000] {subprocess.py:93} INFO - 26/05/16 23:50:10 INFO StandaloneAppClient$ClientEndpoint: Connecting to master spark://spark-master:7077...
[2026-05-16T23:50:10.760+0000] {subprocess.py:93} INFO - 26/05/16 23:50:10 INFO TransportClientFactory: Successfully created connection to spark-master/172.18.0.6:7077 after 30 ms (0 ms spent in bootstraps)
[2026-05-16T23:50:10.872+0000] {subprocess.py:93} INFO - 26/05/16 23:50:10 INFO StandaloneSchedulerBackend: Connected to Spark cluster with app ID app-20260516235010-0141
[2026-05-16T23:50:10.877+0000] {subprocess.py:93} INFO - 26/05/16 23:50:10 INFO StandaloneAppClient$ClientEndpoint: Executor added: app-20260516235010-0141/0 on worker-20260514105200-172.18.0.13-40347 (172.18.0.13:40347) with 1 core(s)
[2026-05-16T23:50:10.883+0000] {subprocess.py:93} INFO - 26/05/16 23:50:10 INFO StandaloneSchedulerBackend: Granted executor ID app-20260516235010-0141/0 on hostPort 172.18.0.13:40347 with 1 core(s), 512.0 MiB RAM
[2026-05-16T23:50:10.897+0000] {subprocess.py:93} INFO - 26/05/16 23:50:10 INFO Utils: Successfully started service 'org.apache.spark.network.netty.NettyBlockTransferService' on port 37335.
[2026-05-16T23:50:10.900+0000] {subprocess.py:93} INFO - 26/05/16 23:50:10 INFO NettyBlockTransferService: Server created on e8a9653e4a1b:37335
[2026-05-16T23:50:10.904+0000] {subprocess.py:93} INFO - 26/05/16 23:50:10 INFO BlockManager: Using org.apache.spark.storage.RandomBlockReplicationPolicy for block replication policy
[2026-05-16T23:50:10.928+0000] {subprocess.py:93} INFO - 26/05/16 23:50:10 INFO BlockManagerMaster: Registering BlockManager BlockManagerId(driver, e8a9653e4a1b, 37335, None)
[2026-05-16T23:50:10.936+0000] {subprocess.py:93} INFO - 26/05/16 23:50:10 INFO BlockManagerMasterEndpoint: Registering block manager e8a9653e4a1b:37335 with 434.4 MiB RAM, BlockManagerId(driver, e8a9653e4a1b, 37335, None)
[2026-05-16T23:50:10.942+0000] {subprocess.py:93} INFO - 26/05/16 23:50:10 INFO BlockManagerMaster: Registered BlockManager BlockManagerId(driver, e8a9653e4a1b, 37335, None)
[2026-05-16T23:50:10.947+0000] {subprocess.py:93} INFO - 26/05/16 23:50:10 INFO BlockManager: Initialized BlockManager: BlockManagerId(driver, e8a9653e4a1b, 37335, None)
[2026-05-16T23:50:10.997+0000] {subprocess.py:93} INFO - 26/05/16 23:50:10 INFO StandaloneAppClient$ClientEndpoint: Executor updated: app-20260516235010-0141/0 is now RUNNING
[2026-05-16T23:50:11.280+0000] {subprocess.py:93} INFO - 26/05/16 23:50:11 INFO StandaloneSchedulerBackend: SchedulerBackend is ready for scheduling beginning after reached minRegisteredResourcesRatio: 0.0
[2026-05-16T23:50:13.475+0000] {subprocess.py:93} INFO - 26/05/16 23:50:13 WARN MetricsConfig: Cannot locate configuration: tried hadoop-metrics2-s3a-file-system.properties,hadoop-metrics2.properties
[2026-05-16T23:50:24.053+0000] {subprocess.py:93} INFO - Lecture SILVER terminée
[2026-05-16T23:50:49.798+0000] {subprocess.py:93} INFO - Table articles_par_jour créée
[2026-05-16T23:51:10.078+0000] {subprocess.py:93} INFO - Table articles_par_source créée
[2026-05-16T23:51:27.724+0000] {subprocess.py:93} INFO - Table top_categories créée
[2026-05-16T23:51:44.597+0000] {subprocess.py:93} INFO - Table articles_par_source_jour créée
[2026-05-16T23:51:44.599+0000] {subprocess.py:93} INFO - 
[2026-05-16T23:51:44.602+0000] {subprocess.py:93} INFO - ==============================
[2026-05-16T23:51:44.605+0000] {subprocess.py:93} INFO - GOLD LAYER TERMINÉ
[2026-05-16T23:51:44.607+0000] {subprocess.py:93} INFO - ==============================
[2026-05-16T23:51:45.364+0000] {subprocess.py:97} INFO - Command exited with return code 0
[2026-05-16T23:51:45.367+0000] {taskinstance.py:441} INFO - ::group::Post task execution logs
[2026-05-16T23:51:46.120+0000] {taskinstance.py:1206} INFO - Marking task as SUCCESS. dag_id=medallion_gold_layer, task_id=gold_processing, run_id=scheduled__2026-05-16T23:45:00+00:00, execution_date=20260516T234500, start_date=20260516T235002, end_date=20260516T235146
[2026-05-16T23:51:46.262+0000] {local_task_job_runner.py:240} INFO - Task exited with return code 0
[2026-05-16T23:51:46.367+0000] {taskinstance.py:3498} INFO - 0 downstream tasks scheduled from follow-on schedule check
[2026-05-16T23:51:46.373+0000] {local_task_job_runner.py:222} INFO - ::endgroup::
