[2026-05-16T01:50:01.406+0000] {local_task_job_runner.py:120} INFO - ::group::Pre task execution logs
[2026-05-16T01:50:01.565+0000] {taskinstance.py:2076} INFO - Dependencies all met for dep_context=non-requeueable deps ti=<TaskInstance: medallion_gold_layer.gold_processing scheduled__2026-05-16T01:45:00+00:00 [queued]>
[2026-05-16T01:50:01.588+0000] {taskinstance.py:2076} INFO - Dependencies all met for dep_context=requeueable deps ti=<TaskInstance: medallion_gold_layer.gold_processing scheduled__2026-05-16T01:45:00+00:00 [queued]>
[2026-05-16T01:50:01.607+0000] {taskinstance.py:2306} INFO - Starting attempt 1 of 2
[2026-05-16T01:50:01.664+0000] {taskinstance.py:2330} INFO - Executing <Task(BashOperator): gold_processing> on 2026-05-16 01:45:00+00:00
[2026-05-16T01:50:01.678+0000] {standard_task_runner.py:63} INFO - Started process 42120 to run task
[2026-05-16T01:50:01.692+0000] {standard_task_runner.py:90} INFO - Running: ['airflow', 'tasks', 'run', 'medallion_gold_layer', 'gold_processing', 'scheduled__2026-05-16T01:45:00+00:00', '--job-id', '112', '--raw', '--subdir', 'DAGS_FOLDER/gold_layer_dag.py', '--cfg-path', '/tmp/tmpq9rswgv5']
[2026-05-16T01:50:01.700+0000] {standard_task_runner.py:91} INFO - Job 112: Subtask gold_processing
[2026-05-16T01:50:02.209+0000] {task_command.py:426} INFO - Running <TaskInstance: medallion_gold_layer.gold_processing scheduled__2026-05-16T01:45:00+00:00 [running]> on host e8a9653e4a1b
[2026-05-16T01:50:03.108+0000] {taskinstance.py:2648} INFO - Exporting env vars: AIRFLOW_CTX_DAG_OWNER='anass' AIRFLOW_CTX_DAG_ID='medallion_gold_layer' AIRFLOW_CTX_TASK_ID='gold_processing' AIRFLOW_CTX_EXECUTION_DATE='2026-05-16T01:45:00+00:00' AIRFLOW_CTX_TRY_NUMBER='1' AIRFLOW_CTX_DAG_RUN_ID='scheduled__2026-05-16T01:45:00+00:00'
[2026-05-16T01:50:03.111+0000] {taskinstance.py:430} INFO - ::endgroup::
[2026-05-16T01:50:03.158+0000] {subprocess.py:63} INFO - Tmp dir root location: /tmp
[2026-05-16T01:50:03.162+0000] {subprocess.py:75} INFO - Running command: ['/usr/bin/bash', '-c', '\n    spark-submit     --master spark://spark-master:7077     --executor-memory 512M     --executor-cores 1     --total-executor-cores 1     --jars /opt/airflow/jars/aws-java-sdk-bundle-1.12.262.jar,/opt/airflow/jars/hadoop-aws-3.3.4.jar,/opt/airflow/jars/postgresql-42.7.3.jar     /opt/spark_jobs/gold_processor.py\n    ']
[2026-05-16T01:50:03.195+0000] {subprocess.py:86} INFO - Output:
[2026-05-16T01:50:07.931+0000] {subprocess.py:93} INFO - 26/05/16 01:50:07 WARN NativeCodeLoader: Unable to load native-hadoop library for your platform... using builtin-java classes where applicable
[2026-05-16T01:50:11.385+0000] {subprocess.py:93} INFO - 26/05/16 01:50:11 INFO SparkContext: Running Spark version 3.5.1
[2026-05-16T01:50:11.387+0000] {subprocess.py:93} INFO - 26/05/16 01:50:11 INFO SparkContext: OS info Linux, 6.6.87.2-microsoft-standard-WSL2, amd64
[2026-05-16T01:50:11.389+0000] {subprocess.py:93} INFO - 26/05/16 01:50:11 INFO SparkContext: Java version 17.0.19
[2026-05-16T01:50:11.483+0000] {subprocess.py:93} INFO - 26/05/16 01:50:11 INFO ResourceUtils: ==============================================================
[2026-05-16T01:50:11.485+0000] {subprocess.py:93} INFO - 26/05/16 01:50:11 INFO ResourceUtils: No custom resources configured for spark.driver.
[2026-05-16T01:50:11.487+0000] {subprocess.py:93} INFO - 26/05/16 01:50:11 INFO ResourceUtils: ==============================================================
[2026-05-16T01:50:11.488+0000] {subprocess.py:93} INFO - 26/05/16 01:50:11 INFO SparkContext: Submitted application: GoldLayerProcessor
[2026-05-16T01:50:11.555+0000] {subprocess.py:93} INFO - 26/05/16 01:50:11 INFO ResourceProfile: Default ResourceProfile created, executor resources: Map(cores -> name: cores, amount: 1, script: , vendor: , memory -> name: memory, amount: 512, script: , vendor: , offHeap -> name: offHeap, amount: 0, script: , vendor: ), task resources: Map(cpus -> name: cpus, amount: 1.0)
[2026-05-16T01:50:11.579+0000] {subprocess.py:93} INFO - 26/05/16 01:50:11 INFO ResourceProfile: Limiting resource is cpus at 1 tasks per executor
[2026-05-16T01:50:11.586+0000] {subprocess.py:93} INFO - 26/05/16 01:50:11 INFO ResourceProfileManager: Added ResourceProfile id: 0
[2026-05-16T01:50:11.783+0000] {subprocess.py:93} INFO - 26/05/16 01:50:11 INFO SecurityManager: Changing view acls to: airflow
[2026-05-16T01:50:11.785+0000] {subprocess.py:93} INFO - 26/05/16 01:50:11 INFO SecurityManager: Changing modify acls to: airflow
[2026-05-16T01:50:11.787+0000] {subprocess.py:93} INFO - 26/05/16 01:50:11 INFO SecurityManager: Changing view acls groups to:
[2026-05-16T01:50:11.789+0000] {subprocess.py:93} INFO - 26/05/16 01:50:11 INFO SecurityManager: Changing modify acls groups to:
[2026-05-16T01:50:11.791+0000] {subprocess.py:93} INFO - 26/05/16 01:50:11 INFO SecurityManager: SecurityManager: authentication disabled; ui acls disabled; users with view permissions: airflow; groups with view permissions: EMPTY; users with modify permissions: airflow; groups with modify permissions: EMPTY
[2026-05-16T01:50:12.861+0000] {subprocess.py:93} INFO - 26/05/16 01:50:12 INFO Utils: Successfully started service 'sparkDriver' on port 42639.
[2026-05-16T01:50:12.982+0000] {subprocess.py:93} INFO - 26/05/16 01:50:12 INFO SparkEnv: Registering MapOutputTracker
[2026-05-16T01:50:13.117+0000] {subprocess.py:93} INFO - 26/05/16 01:50:13 INFO SparkEnv: Registering BlockManagerMaster
[2026-05-16T01:50:13.185+0000] {subprocess.py:93} INFO - 26/05/16 01:50:13 INFO BlockManagerMasterEndpoint: Using org.apache.spark.storage.DefaultTopologyMapper for getting topology information
[2026-05-16T01:50:13.187+0000] {subprocess.py:93} INFO - 26/05/16 01:50:13 INFO BlockManagerMasterEndpoint: BlockManagerMasterEndpoint up
[2026-05-16T01:50:13.198+0000] {subprocess.py:93} INFO - 26/05/16 01:50:13 INFO SparkEnv: Registering BlockManagerMasterHeartbeat
[2026-05-16T01:50:13.260+0000] {subprocess.py:93} INFO - 26/05/16 01:50:13 INFO DiskBlockManager: Created local directory at /tmp/blockmgr-0f623da8-a107-4a50-917c-fce0dd3ad1c4
[2026-05-16T01:50:13.303+0000] {subprocess.py:93} INFO - 26/05/16 01:50:13 INFO MemoryStore: MemoryStore started with capacity 434.4 MiB
[2026-05-16T01:50:13.351+0000] {subprocess.py:93} INFO - 26/05/16 01:50:13 INFO SparkEnv: Registering OutputCommitCoordinator
[2026-05-16T01:50:13.711+0000] {subprocess.py:93} INFO - 26/05/16 01:50:13 INFO JettyUtils: Start Jetty 0.0.0.0:4040 for SparkUI
[2026-05-16T01:50:13.944+0000] {subprocess.py:93} INFO - 26/05/16 01:50:13 INFO Utils: Successfully started service 'SparkUI' on port 4040.
[2026-05-16T01:50:14.093+0000] {subprocess.py:93} INFO - 26/05/16 01:50:14 INFO SparkContext: Added JAR file:///opt/airflow/jars/aws-java-sdk-bundle-1.12.262.jar at spark://e8a9653e4a1b:42639/jars/aws-java-sdk-bundle-1.12.262.jar with timestamp 1778896211352
[2026-05-16T01:50:14.097+0000] {subprocess.py:93} INFO - 26/05/16 01:50:14 INFO SparkContext: Added JAR file:///opt/airflow/jars/hadoop-aws-3.3.4.jar at spark://e8a9653e4a1b:42639/jars/hadoop-aws-3.3.4.jar with timestamp 1778896211352
[2026-05-16T01:50:14.098+0000] {subprocess.py:93} INFO - 26/05/16 01:50:14 INFO SparkContext: Added JAR file:///opt/airflow/jars/postgresql-42.7.3.jar at spark://e8a9653e4a1b:42639/jars/postgresql-42.7.3.jar with timestamp 1778896211352
[2026-05-16T01:50:14.347+0000] {subprocess.py:93} INFO - 26/05/16 01:50:14 INFO StandaloneAppClient$ClientEndpoint: Connecting to master spark://spark-master:7077...
[2026-05-16T01:50:14.482+0000] {subprocess.py:93} INFO - 26/05/16 01:50:14 INFO TransportClientFactory: Successfully created connection to spark-master/172.18.0.6:7077 after 75 ms (0 ms spent in bootstraps)
[2026-05-16T01:50:14.712+0000] {subprocess.py:93} INFO - 26/05/16 01:50:14 INFO StandaloneSchedulerBackend: Connected to Spark cluster with app ID app-20260516015014-0111
[2026-05-16T01:50:14.723+0000] {subprocess.py:93} INFO - 26/05/16 01:50:14 INFO StandaloneAppClient$ClientEndpoint: Executor added: app-20260516015014-0111/0 on worker-20260514105200-172.18.0.13-40347 (172.18.0.13:40347) with 1 core(s)
[2026-05-16T01:50:14.739+0000] {subprocess.py:93} INFO - 26/05/16 01:50:14 INFO Utils: Successfully started service 'org.apache.spark.network.netty.NettyBlockTransferService' on port 42763.
[2026-05-16T01:50:14.745+0000] {subprocess.py:93} INFO - 26/05/16 01:50:14 INFO StandaloneSchedulerBackend: Granted executor ID app-20260516015014-0111/0 on hostPort 172.18.0.13:40347 with 1 core(s), 512.0 MiB RAM
[2026-05-16T01:50:14.748+0000] {subprocess.py:93} INFO - 26/05/16 01:50:14 INFO NettyBlockTransferService: Server created on e8a9653e4a1b:42763
[2026-05-16T01:50:14.750+0000] {subprocess.py:93} INFO - 26/05/16 01:50:14 INFO BlockManager: Using org.apache.spark.storage.RandomBlockReplicationPolicy for block replication policy
[2026-05-16T01:50:14.769+0000] {subprocess.py:93} INFO - 26/05/16 01:50:14 INFO BlockManagerMaster: Registering BlockManager BlockManagerId(driver, e8a9653e4a1b, 42763, None)
[2026-05-16T01:50:14.778+0000] {subprocess.py:93} INFO - 26/05/16 01:50:14 INFO BlockManagerMasterEndpoint: Registering block manager e8a9653e4a1b:42763 with 434.4 MiB RAM, BlockManagerId(driver, e8a9653e4a1b, 42763, None)
[2026-05-16T01:50:14.785+0000] {subprocess.py:93} INFO - 26/05/16 01:50:14 INFO BlockManagerMaster: Registered BlockManager BlockManagerId(driver, e8a9653e4a1b, 42763, None)
[2026-05-16T01:50:14.789+0000] {subprocess.py:93} INFO - 26/05/16 01:50:14 INFO BlockManager: Initialized BlockManager: BlockManagerId(driver, e8a9653e4a1b, 42763, None)
[2026-05-16T01:50:14.797+0000] {subprocess.py:93} INFO - 26/05/16 01:50:14 INFO StandaloneAppClient$ClientEndpoint: Executor updated: app-20260516015014-0111/0 is now RUNNING
[2026-05-16T01:50:15.577+0000] {subprocess.py:93} INFO - 26/05/16 01:50:15 INFO StandaloneSchedulerBackend: SchedulerBackend is ready for scheduling beginning after reached minRegisteredResourcesRatio: 0.0
[2026-05-16T01:50:18.739+0000] {subprocess.py:93} INFO - 26/05/16 01:50:18 WARN MetricsConfig: Cannot locate configuration: tried hadoop-metrics2-s3a-file-system.properties,hadoop-metrics2.properties
[2026-05-16T01:50:31.893+0000] {subprocess.py:93} INFO - Lecture SILVER terminée
[2026-05-16T01:50:55.460+0000] {subprocess.py:93} INFO - Table articles_par_jour créée
[2026-05-16T01:51:14.044+0000] {subprocess.py:93} INFO - Table articles_par_source créée
[2026-05-16T01:51:30.949+0000] {subprocess.py:93} INFO - Table top_categories créée
[2026-05-16T01:51:43.427+0000] {subprocess.py:93} INFO - Table articles_par_source_jour créée
[2026-05-16T01:51:43.428+0000] {subprocess.py:93} INFO - 
[2026-05-16T01:51:43.430+0000] {subprocess.py:93} INFO - ==============================
[2026-05-16T01:51:43.431+0000] {subprocess.py:93} INFO - GOLD LAYER TERMINÉ
[2026-05-16T01:51:43.433+0000] {subprocess.py:93} INFO - ==============================
[2026-05-16T01:51:44.009+0000] {subprocess.py:97} INFO - Command exited with return code 0
[2026-05-16T01:51:44.011+0000] {taskinstance.py:441} INFO - ::group::Post task execution logs
[2026-05-16T01:51:44.596+0000] {taskinstance.py:1206} INFO - Marking task as SUCCESS. dag_id=medallion_gold_layer, task_id=gold_processing, run_id=scheduled__2026-05-16T01:45:00+00:00, execution_date=20260516T014500, start_date=20260516T015001, end_date=20260516T015144
[2026-05-16T01:51:44.718+0000] {local_task_job_runner.py:240} INFO - Task exited with return code 0
[2026-05-16T01:51:44.868+0000] {taskinstance.py:3498} INFO - 0 downstream tasks scheduled from follow-on schedule check
[2026-05-16T01:51:44.876+0000] {local_task_job_runner.py:222} INFO - ::endgroup::
