[2026-05-15T16:57:43.727+0000] {local_task_job_runner.py:120} INFO - ::group::Pre task execution logs
[2026-05-15T16:57:43.795+0000] {taskinstance.py:2076} INFO - Dependencies all met for dep_context=non-requeueable deps ti=<TaskInstance: medallion_gold_layer.gold_processing scheduled__2026-05-15T15:55:00+00:00 [queued]>
[2026-05-15T16:57:43.818+0000] {taskinstance.py:2076} INFO - Dependencies all met for dep_context=requeueable deps ti=<TaskInstance: medallion_gold_layer.gold_processing scheduled__2026-05-15T15:55:00+00:00 [queued]>
[2026-05-15T16:57:43.819+0000] {taskinstance.py:2306} INFO - Starting attempt 1 of 2
[2026-05-15T16:57:43.842+0000] {taskinstance.py:2330} INFO - Executing <Task(BashOperator): gold_processing> on 2026-05-15 15:55:00+00:00
[2026-05-15T16:57:43.847+0000] {standard_task_runner.py:63} INFO - Started process 21388 to run task
[2026-05-15T16:57:43.850+0000] {standard_task_runner.py:90} INFO - Running: ['airflow', 'tasks', 'run', 'medallion_gold_layer', 'gold_processing', 'scheduled__2026-05-15T15:55:00+00:00', '--job-id', '59', '--raw', '--subdir', 'DAGS_FOLDER/gold_layer_dag.py', '--cfg-path', '/tmp/tmpqxy_h6e_']
[2026-05-15T16:57:43.852+0000] {standard_task_runner.py:91} INFO - Job 59: Subtask gold_processing
[2026-05-15T16:57:43.992+0000] {task_command.py:426} INFO - Running <TaskInstance: medallion_gold_layer.gold_processing scheduled__2026-05-15T15:55:00+00:00 [running]> on host e8a9653e4a1b
[2026-05-15T16:57:44.406+0000] {taskinstance.py:2648} INFO - Exporting env vars: AIRFLOW_CTX_DAG_OWNER='anass' AIRFLOW_CTX_DAG_ID='medallion_gold_layer' AIRFLOW_CTX_TASK_ID='gold_processing' AIRFLOW_CTX_EXECUTION_DATE='2026-05-15T15:55:00+00:00' AIRFLOW_CTX_TRY_NUMBER='1' AIRFLOW_CTX_DAG_RUN_ID='scheduled__2026-05-15T15:55:00+00:00'
[2026-05-15T16:57:44.411+0000] {taskinstance.py:430} INFO - ::endgroup::
[2026-05-15T16:57:44.446+0000] {subprocess.py:63} INFO - Tmp dir root location: /tmp
[2026-05-15T16:57:44.448+0000] {subprocess.py:75} INFO - Running command: ['/usr/bin/bash', '-c', '\n    spark-submit     --master spark://spark-master:7077     --executor-memory 512M     --executor-cores 1     --total-executor-cores 1     --jars /opt/airflow/jars/aws-java-sdk-bundle-1.12.262.jar,/opt/airflow/jars/hadoop-aws-3.3.4.jar,/opt/airflow/jars/postgresql-42.7.3.jar     /opt/spark_jobs/gold_processor.py\n    ']
[2026-05-15T16:57:44.480+0000] {subprocess.py:86} INFO - Output:
[2026-05-15T16:57:47.910+0000] {subprocess.py:93} INFO - 26/05/15 16:57:47 WARN NativeCodeLoader: Unable to load native-hadoop library for your platform... using builtin-java classes where applicable
[2026-05-15T16:57:49.720+0000] {subprocess.py:93} INFO - 26/05/15 16:57:49 INFO SparkContext: Running Spark version 3.5.1
[2026-05-15T16:57:49.721+0000] {subprocess.py:93} INFO - 26/05/15 16:57:49 INFO SparkContext: OS info Linux, 6.6.87.2-microsoft-standard-WSL2, amd64
[2026-05-15T16:57:49.722+0000] {subprocess.py:93} INFO - 26/05/15 16:57:49 INFO SparkContext: Java version 17.0.19
[2026-05-15T16:57:49.764+0000] {subprocess.py:93} INFO - 26/05/15 16:57:49 INFO ResourceUtils: ==============================================================
[2026-05-15T16:57:49.765+0000] {subprocess.py:93} INFO - 26/05/15 16:57:49 INFO ResourceUtils: No custom resources configured for spark.driver.
[2026-05-15T16:57:49.766+0000] {subprocess.py:93} INFO - 26/05/15 16:57:49 INFO ResourceUtils: ==============================================================
[2026-05-15T16:57:49.767+0000] {subprocess.py:93} INFO - 26/05/15 16:57:49 INFO SparkContext: Submitted application: GoldLayerProcessor
[2026-05-15T16:57:49.792+0000] {subprocess.py:93} INFO - 26/05/15 16:57:49 INFO ResourceProfile: Default ResourceProfile created, executor resources: Map(cores -> name: cores, amount: 1, script: , vendor: , memory -> name: memory, amount: 512, script: , vendor: , offHeap -> name: offHeap, amount: 0, script: , vendor: ), task resources: Map(cpus -> name: cpus, amount: 1.0)
[2026-05-15T16:57:49.805+0000] {subprocess.py:93} INFO - 26/05/15 16:57:49 INFO ResourceProfile: Limiting resource is cpus at 1 tasks per executor
[2026-05-15T16:57:49.814+0000] {subprocess.py:93} INFO - 26/05/15 16:57:49 INFO ResourceProfileManager: Added ResourceProfile id: 0
[2026-05-15T16:57:49.944+0000] {subprocess.py:93} INFO - 26/05/15 16:57:49 INFO SecurityManager: Changing view acls to: airflow
[2026-05-15T16:57:49.945+0000] {subprocess.py:93} INFO - 26/05/15 16:57:49 INFO SecurityManager: Changing modify acls to: airflow
[2026-05-15T16:57:49.947+0000] {subprocess.py:93} INFO - 26/05/15 16:57:49 INFO SecurityManager: Changing view acls groups to:
[2026-05-15T16:57:49.948+0000] {subprocess.py:93} INFO - 26/05/15 16:57:49 INFO SecurityManager: Changing modify acls groups to:
[2026-05-15T16:57:49.949+0000] {subprocess.py:93} INFO - 26/05/15 16:57:49 INFO SecurityManager: SecurityManager: authentication disabled; ui acls disabled; users with view permissions: airflow; groups with view permissions: EMPTY; users with modify permissions: airflow; groups with modify permissions: EMPTY
[2026-05-15T16:57:50.202+0000] {subprocess.py:93} INFO - 26/05/15 16:57:50 INFO Utils: Successfully started service 'sparkDriver' on port 36121.
[2026-05-15T16:57:50.254+0000] {subprocess.py:93} INFO - 26/05/15 16:57:50 INFO SparkEnv: Registering MapOutputTracker
[2026-05-15T16:57:50.363+0000] {subprocess.py:93} INFO - 26/05/15 16:57:50 INFO SparkEnv: Registering BlockManagerMaster
[2026-05-15T16:57:50.396+0000] {subprocess.py:93} INFO - 26/05/15 16:57:50 INFO BlockManagerMasterEndpoint: Using org.apache.spark.storage.DefaultTopologyMapper for getting topology information
[2026-05-15T16:57:50.398+0000] {subprocess.py:93} INFO - 26/05/15 16:57:50 INFO BlockManagerMasterEndpoint: BlockManagerMasterEndpoint up
[2026-05-15T16:57:50.405+0000] {subprocess.py:93} INFO - 26/05/15 16:57:50 INFO SparkEnv: Registering BlockManagerMasterHeartbeat
[2026-05-15T16:57:50.433+0000] {subprocess.py:93} INFO - 26/05/15 16:57:50 INFO DiskBlockManager: Created local directory at /tmp/blockmgr-50221f0a-2bc2-4d18-8cf0-d5179028163e
[2026-05-15T16:57:50.454+0000] {subprocess.py:93} INFO - 26/05/15 16:57:50 INFO MemoryStore: MemoryStore started with capacity 434.4 MiB
[2026-05-15T16:57:50.474+0000] {subprocess.py:93} INFO - 26/05/15 16:57:50 INFO SparkEnv: Registering OutputCommitCoordinator
[2026-05-15T16:57:50.663+0000] {subprocess.py:93} INFO - 26/05/15 16:57:50 INFO JettyUtils: Start Jetty 0.0.0.0:4040 for SparkUI
[2026-05-15T16:57:50.773+0000] {subprocess.py:93} INFO - 26/05/15 16:57:50 INFO Utils: Successfully started service 'SparkUI' on port 4040.
[2026-05-15T16:57:50.859+0000] {subprocess.py:93} INFO - 26/05/15 16:57:50 INFO SparkContext: Added JAR file:///opt/airflow/jars/aws-java-sdk-bundle-1.12.262.jar at spark://e8a9653e4a1b:36121/jars/aws-java-sdk-bundle-1.12.262.jar with timestamp 1778864269709
[2026-05-15T16:57:50.862+0000] {subprocess.py:93} INFO - 26/05/15 16:57:50 INFO SparkContext: Added JAR file:///opt/airflow/jars/hadoop-aws-3.3.4.jar at spark://e8a9653e4a1b:36121/jars/hadoop-aws-3.3.4.jar with timestamp 1778864269709
[2026-05-15T16:57:50.863+0000] {subprocess.py:93} INFO - 26/05/15 16:57:50 INFO SparkContext: Added JAR file:///opt/airflow/jars/postgresql-42.7.3.jar at spark://e8a9653e4a1b:36121/jars/postgresql-42.7.3.jar with timestamp 1778864269709
[2026-05-15T16:57:50.975+0000] {subprocess.py:93} INFO - 26/05/15 16:57:50 INFO StandaloneAppClient$ClientEndpoint: Connecting to master spark://spark-master:7077...
[2026-05-15T16:57:51.035+0000] {subprocess.py:93} INFO - 26/05/15 16:57:51 INFO TransportClientFactory: Successfully created connection to spark-master/172.18.0.6:7077 after 29 ms (0 ms spent in bootstraps)
[2026-05-15T16:57:51.183+0000] {subprocess.py:93} INFO - 26/05/15 16:57:51 INFO StandaloneSchedulerBackend: Connected to Spark cluster with app ID app-20260515165751-0058
[2026-05-15T16:57:51.225+0000] {subprocess.py:93} INFO - 26/05/15 16:57:51 INFO StandaloneAppClient$ClientEndpoint: Executor added: app-20260515165751-0058/0 on worker-20260514105200-172.18.0.13-40347 (172.18.0.13:40347) with 1 core(s)
[2026-05-15T16:57:51.243+0000] {subprocess.py:93} INFO - 26/05/15 16:57:51 INFO StandaloneSchedulerBackend: Granted executor ID app-20260515165751-0058/0 on hostPort 172.18.0.13:40347 with 1 core(s), 512.0 MiB RAM
[2026-05-15T16:57:51.265+0000] {subprocess.py:93} INFO - 26/05/15 16:57:51 INFO Utils: Successfully started service 'org.apache.spark.network.netty.NettyBlockTransferService' on port 45861.
[2026-05-15T16:57:51.278+0000] {subprocess.py:93} INFO - 26/05/15 16:57:51 INFO NettyBlockTransferService: Server created on e8a9653e4a1b:45861
[2026-05-15T16:57:51.287+0000] {subprocess.py:93} INFO - 26/05/15 16:57:51 INFO BlockManager: Using org.apache.spark.storage.RandomBlockReplicationPolicy for block replication policy
[2026-05-15T16:57:51.298+0000] {subprocess.py:93} INFO - 26/05/15 16:57:51 INFO BlockManagerMaster: Registering BlockManager BlockManagerId(driver, e8a9653e4a1b, 45861, None)
[2026-05-15T16:57:51.307+0000] {subprocess.py:93} INFO - 26/05/15 16:57:51 INFO BlockManagerMasterEndpoint: Registering block manager e8a9653e4a1b:45861 with 434.4 MiB RAM, BlockManagerId(driver, e8a9653e4a1b, 45861, None)
[2026-05-15T16:57:51.313+0000] {subprocess.py:93} INFO - 26/05/15 16:57:51 INFO BlockManagerMaster: Registered BlockManager BlockManagerId(driver, e8a9653e4a1b, 45861, None)
[2026-05-15T16:57:51.316+0000] {subprocess.py:93} INFO - 26/05/15 16:57:51 INFO BlockManager: Initialized BlockManager: BlockManagerId(driver, e8a9653e4a1b, 45861, None)
[2026-05-15T16:57:51.327+0000] {subprocess.py:93} INFO - 26/05/15 16:57:51 INFO StandaloneAppClient$ClientEndpoint: Executor updated: app-20260515165751-0058/0 is now RUNNING
[2026-05-15T16:57:51.619+0000] {subprocess.py:93} INFO - 26/05/15 16:57:51 INFO StandaloneSchedulerBackend: SchedulerBackend is ready for scheduling beginning after reached minRegisteredResourcesRatio: 0.0
[2026-05-15T16:57:54.048+0000] {subprocess.py:93} INFO - 26/05/15 16:57:54 WARN MetricsConfig: Cannot locate configuration: tried hadoop-metrics2-s3a-file-system.properties,hadoop-metrics2.properties
[2026-05-15T16:58:04.353+0000] {subprocess.py:93} INFO - Lecture SILVER terminée
[2026-05-15T16:58:17.675+0000] {subprocess.py:93} INFO - Table articles_par_jour créée
[2026-05-15T16:58:30.588+0000] {subprocess.py:93} INFO - Table articles_par_source créée
[2026-05-15T16:58:36.825+0000] {subprocess.py:93} INFO - Table top_categories créée
[2026-05-15T16:58:50.856+0000] {subprocess.py:93} INFO - Table articles_par_source_jour créée
[2026-05-15T16:58:50.991+0000] {subprocess.py:93} INFO - 
[2026-05-15T16:58:51.091+0000] {subprocess.py:93} INFO - ==============================
[2026-05-15T16:58:51.153+0000] {subprocess.py:93} INFO - GOLD LAYER TERMINÉ
[2026-05-15T16:58:51.312+0000] {subprocess.py:93} INFO - ==============================
[2026-05-15T16:58:52.180+0000] {subprocess.py:97} INFO - Command exited with return code 0
[2026-05-15T16:58:52.187+0000] {taskinstance.py:441} INFO - ::group::Post task execution logs
[2026-05-15T16:58:53.003+0000] {taskinstance.py:1206} INFO - Marking task as SUCCESS. dag_id=medallion_gold_layer, task_id=gold_processing, run_id=scheduled__2026-05-15T15:55:00+00:00, execution_date=20260515T155500, start_date=20260515T165743, end_date=20260515T165853
[2026-05-15T16:58:53.113+0000] {local_task_job_runner.py:240} INFO - Task exited with return code 0
[2026-05-15T16:58:53.222+0000] {taskinstance.py:3498} INFO - 0 downstream tasks scheduled from follow-on schedule check
[2026-05-15T16:58:53.228+0000] {local_task_job_runner.py:222} INFO - ::endgroup::
