[2026-05-14T14:07:48.604+0000] {local_task_job_runner.py:120} INFO - ::group::Pre task execution logs
[2026-05-14T14:07:48.965+0000] {taskinstance.py:2076} INFO - Dependencies all met for dep_context=non-requeueable deps ti=<TaskInstance: medallion_gold_layer.gold_processing scheduled__2026-05-14T13:55:00+00:00 [queued]>
[2026-05-14T14:07:49.043+0000] {taskinstance.py:2076} INFO - Dependencies all met for dep_context=requeueable deps ti=<TaskInstance: medallion_gold_layer.gold_processing scheduled__2026-05-14T13:55:00+00:00 [queued]>
[2026-05-14T14:07:49.061+0000] {taskinstance.py:2306} INFO - Starting attempt 1 of 2
[2026-05-14T14:07:49.219+0000] {taskinstance.py:2330} INFO - Executing <Task(BashOperator): gold_processing> on 2026-05-14 13:55:00+00:00
[2026-05-14T14:07:49.227+0000] {standard_task_runner.py:63} INFO - Started process 11719 to run task
[2026-05-14T14:07:49.232+0000] {standard_task_runner.py:90} INFO - Running: ['airflow', 'tasks', 'run', 'medallion_gold_layer', 'gold_processing', 'scheduled__2026-05-14T13:55:00+00:00', '--job-id', '33', '--raw', '--subdir', 'DAGS_FOLDER/gold_layer_dag.py', '--cfg-path', '/tmp/tmpvlkq07ns']
[2026-05-14T14:07:49.236+0000] {standard_task_runner.py:91} INFO - Job 33: Subtask gold_processing
[2026-05-14T14:07:49.577+0000] {task_command.py:426} INFO - Running <TaskInstance: medallion_gold_layer.gold_processing scheduled__2026-05-14T13:55:00+00:00 [running]> on host e8a9653e4a1b
[2026-05-14T14:07:50.000+0000] {taskinstance.py:2648} INFO - Exporting env vars: AIRFLOW_CTX_DAG_OWNER='anass' AIRFLOW_CTX_DAG_ID='medallion_gold_layer' AIRFLOW_CTX_TASK_ID='gold_processing' AIRFLOW_CTX_EXECUTION_DATE='2026-05-14T13:55:00+00:00' AIRFLOW_CTX_TRY_NUMBER='1' AIRFLOW_CTX_DAG_RUN_ID='scheduled__2026-05-14T13:55:00+00:00'
[2026-05-14T14:07:50.001+0000] {taskinstance.py:430} INFO - ::endgroup::
[2026-05-14T14:07:50.026+0000] {subprocess.py:63} INFO - Tmp dir root location: /tmp
[2026-05-14T14:07:50.028+0000] {subprocess.py:75} INFO - Running command: ['/usr/bin/bash', '-c', '\n    spark-submit     --master spark://spark-master:7077     --executor-memory 512M     --executor-cores 1     --total-executor-cores 1     --jars /opt/airflow/jars/aws-java-sdk-bundle-1.12.262.jar,/opt/airflow/jars/hadoop-aws-3.3.4.jar,/opt/airflow/jars/postgresql-42.7.3.jar     /opt/spark_jobs/gold_processor.py\n    ']
[2026-05-14T14:07:50.044+0000] {subprocess.py:86} INFO - Output:
[2026-05-14T14:46:28.407+0000] {subprocess.py:93} INFO - 26/05/14 14:46:28 WARN NativeCodeLoader: Unable to load native-hadoop library for your platform... using builtin-java classes where applicable
[2026-05-14T20:01:35.037+0000] {subprocess.py:93} INFO - 26/05/14 20:01:35 INFO SparkContext: Running Spark version 3.5.1
[2026-05-14T20:01:35.038+0000] {subprocess.py:93} INFO - 26/05/14 20:01:35 INFO SparkContext: OS info Linux, 6.6.87.2-microsoft-standard-WSL2, amd64
[2026-05-14T20:01:35.039+0000] {subprocess.py:93} INFO - 26/05/14 20:01:35 INFO SparkContext: Java version 17.0.19
[2026-05-14T20:01:35.126+0000] {subprocess.py:93} INFO - 26/05/14 20:01:35 INFO ResourceUtils: ==============================================================
[2026-05-14T20:01:35.126+0000] {subprocess.py:93} INFO - 26/05/14 20:01:35 INFO ResourceUtils: No custom resources configured for spark.driver.
[2026-05-14T20:01:35.128+0000] {subprocess.py:93} INFO - 26/05/14 20:01:35 INFO ResourceUtils: ==============================================================
[2026-05-14T20:01:35.130+0000] {subprocess.py:93} INFO - 26/05/14 20:01:35 INFO SparkContext: Submitted application: GoldLayerProcessor
[2026-05-14T20:01:35.261+0000] {subprocess.py:93} INFO - 26/05/14 20:01:35 INFO ResourceProfile: Default ResourceProfile created, executor resources: Map(cores -> name: cores, amount: 1, script: , vendor: , memory -> name: memory, amount: 512, script: , vendor: , offHeap -> name: offHeap, amount: 0, script: , vendor: ), task resources: Map(cpus -> name: cpus, amount: 1.0)
[2026-05-14T20:01:35.321+0000] {subprocess.py:93} INFO - 26/05/14 20:01:35 INFO ResourceProfile: Limiting resource is cpus at 1 tasks per executor
[2026-05-14T20:01:35.325+0000] {subprocess.py:93} INFO - 26/05/14 20:01:35 INFO ResourceProfileManager: Added ResourceProfile id: 0
[2026-05-14T20:01:35.487+0000] {subprocess.py:93} INFO - 26/05/14 20:01:35 INFO SecurityManager: Changing view acls to: airflow
[2026-05-14T20:01:35.488+0000] {subprocess.py:93} INFO - 26/05/14 20:01:35 INFO SecurityManager: Changing modify acls to: airflow
[2026-05-14T20:01:35.488+0000] {subprocess.py:93} INFO - 26/05/14 20:01:35 INFO SecurityManager: Changing view acls groups to:
[2026-05-14T20:01:35.489+0000] {subprocess.py:93} INFO - 26/05/14 20:01:35 INFO SecurityManager: Changing modify acls groups to:
[2026-05-14T20:01:35.490+0000] {subprocess.py:93} INFO - 26/05/14 20:01:35 INFO SecurityManager: SecurityManager: authentication disabled; ui acls disabled; users with view permissions: airflow; groups with view permissions: EMPTY; users with modify permissions: airflow; groups with modify permissions: EMPTY
[2026-05-14T20:01:35.971+0000] {subprocess.py:93} INFO - 26/05/14 20:01:35 INFO Utils: Successfully started service 'sparkDriver' on port 45807.
[2026-05-14T20:01:36.025+0000] {subprocess.py:93} INFO - 26/05/14 20:01:36 INFO SparkEnv: Registering MapOutputTracker
[2026-05-14T20:01:36.090+0000] {subprocess.py:93} INFO - 26/05/14 20:01:36 INFO SparkEnv: Registering BlockManagerMaster
[2026-05-14T20:01:36.122+0000] {subprocess.py:93} INFO - 26/05/14 20:01:36 INFO BlockManagerMasterEndpoint: Using org.apache.spark.storage.DefaultTopologyMapper for getting topology information
[2026-05-14T20:01:36.122+0000] {subprocess.py:93} INFO - 26/05/14 20:01:36 INFO BlockManagerMasterEndpoint: BlockManagerMasterEndpoint up
[2026-05-14T20:01:36.126+0000] {subprocess.py:93} INFO - 26/05/14 20:01:36 INFO SparkEnv: Registering BlockManagerMasterHeartbeat
[2026-05-14T20:01:36.159+0000] {subprocess.py:93} INFO - 26/05/14 20:01:36 INFO DiskBlockManager: Created local directory at /tmp/blockmgr-95d299bc-e389-4a3d-9e25-9555081f1521
[2026-05-14T20:01:36.192+0000] {subprocess.py:93} INFO - 26/05/14 20:01:36 INFO MemoryStore: MemoryStore started with capacity 434.4 MiB
[2026-05-14T20:01:36.251+0000] {subprocess.py:93} INFO - 26/05/14 20:01:36 INFO SparkEnv: Registering OutputCommitCoordinator
[2026-05-14T20:01:36.544+0000] {subprocess.py:93} INFO - 26/05/14 20:01:36 INFO JettyUtils: Start Jetty 0.0.0.0:4040 for SparkUI
[2026-05-14T20:01:36.750+0000] {subprocess.py:93} INFO - 26/05/14 20:01:36 INFO Utils: Successfully started service 'SparkUI' on port 4040.
[2026-05-14T20:01:36.847+0000] {subprocess.py:93} INFO - 26/05/14 20:01:36 INFO SparkContext: Added JAR file:///opt/airflow/jars/aws-java-sdk-bundle-1.12.262.jar at spark://e8a9653e4a1b:45807/jars/aws-java-sdk-bundle-1.12.262.jar with timestamp 1778788895025
[2026-05-14T20:01:36.848+0000] {subprocess.py:93} INFO - 26/05/14 20:01:36 INFO SparkContext: Added JAR file:///opt/airflow/jars/hadoop-aws-3.3.4.jar at spark://e8a9653e4a1b:45807/jars/hadoop-aws-3.3.4.jar with timestamp 1778788895025
[2026-05-14T20:01:36.849+0000] {subprocess.py:93} INFO - 26/05/14 20:01:36 INFO SparkContext: Added JAR file:///opt/airflow/jars/postgresql-42.7.3.jar at spark://e8a9653e4a1b:45807/jars/postgresql-42.7.3.jar with timestamp 1778788895025
[2026-05-14T20:01:37.070+0000] {subprocess.py:93} INFO - 26/05/14 20:01:37 INFO StandaloneAppClient$ClientEndpoint: Connecting to master spark://spark-master:7077...
[2026-05-14T20:01:37.303+0000] {subprocess.py:93} INFO - 26/05/14 20:01:37 INFO TransportClientFactory: Successfully created connection to spark-master/172.18.0.6:7077 after 141 ms (0 ms spent in bootstraps)
[2026-05-14T20:01:37.561+0000] {subprocess.py:93} INFO - 26/05/14 20:01:37 INFO StandaloneSchedulerBackend: Connected to Spark cluster with app ID app-20260514200137-0032
[2026-05-14T20:01:37.586+0000] {subprocess.py:93} INFO - 26/05/14 20:01:37 INFO Utils: Successfully started service 'org.apache.spark.network.netty.NettyBlockTransferService' on port 46507.
[2026-05-14T20:01:37.587+0000] {subprocess.py:93} INFO - 26/05/14 20:01:37 INFO NettyBlockTransferService: Server created on e8a9653e4a1b:46507
[2026-05-14T20:01:37.588+0000] {subprocess.py:93} INFO - 26/05/14 20:01:37 INFO BlockManager: Using org.apache.spark.storage.RandomBlockReplicationPolicy for block replication policy
[2026-05-14T20:01:37.589+0000] {subprocess.py:93} INFO - 26/05/14 20:01:37 INFO StandaloneAppClient$ClientEndpoint: Executor added: app-20260514200137-0032/0 on worker-20260514105200-172.18.0.13-40347 (172.18.0.13:40347) with 1 core(s)
[2026-05-14T20:01:37.590+0000] {subprocess.py:93} INFO - 26/05/14 20:01:37 INFO StandaloneSchedulerBackend: Granted executor ID app-20260514200137-0032/0 on hostPort 172.18.0.13:40347 with 1 core(s), 512.0 MiB RAM
[2026-05-14T20:01:37.618+0000] {subprocess.py:93} INFO - 26/05/14 20:01:37 INFO BlockManagerMaster: Registering BlockManager BlockManagerId(driver, e8a9653e4a1b, 46507, None)
[2026-05-14T20:01:37.622+0000] {subprocess.py:93} INFO - 26/05/14 20:01:37 INFO BlockManagerMasterEndpoint: Registering block manager e8a9653e4a1b:46507 with 434.4 MiB RAM, BlockManagerId(driver, e8a9653e4a1b, 46507, None)
[2026-05-14T20:01:37.624+0000] {subprocess.py:93} INFO - 26/05/14 20:01:37 INFO BlockManagerMaster: Registered BlockManager BlockManagerId(driver, e8a9653e4a1b, 46507, None)
[2026-05-14T20:01:37.628+0000] {subprocess.py:93} INFO - 26/05/14 20:01:37 INFO BlockManager: Initialized BlockManager: BlockManagerId(driver, e8a9653e4a1b, 46507, None)
[2026-05-14T20:01:37.729+0000] {subprocess.py:93} INFO - 26/05/14 20:01:37 INFO StandaloneAppClient$ClientEndpoint: Executor updated: app-20260514200137-0032/0 is now RUNNING
[2026-05-14T20:01:38.144+0000] {subprocess.py:93} INFO - 26/05/14 20:01:38 INFO StandaloneSchedulerBackend: SchedulerBackend is ready for scheduling beginning after reached minRegisteredResourcesRatio: 0.0
[2026-05-14T20:01:41.025+0000] {subprocess.py:93} INFO - 26/05/14 20:01:41 WARN MetricsConfig: Cannot locate configuration: tried hadoop-metrics2-s3a-file-system.properties,hadoop-metrics2.properties
[2026-05-14T20:01:41.214+0000] {local_task_job_runner.py:310} WARNING - State of this instance has been externally set to up_for_retry. Terminating instance.
[2026-05-14T20:01:41.215+0000] {local_task_job_runner.py:222} INFO - ::endgroup::
[2026-05-14T20:01:41.218+0000] {process_utils.py:132} INFO - Sending 15 to group 11719. PIDs of all processes in the group: [11720, 11721, 11798, 11719]
[2026-05-14T20:01:41.218+0000] {process_utils.py:87} INFO - Sending the signal 15 to group 11719
[2026-05-14T20:01:41.219+0000] {taskinstance.py:2611} ERROR - Received SIGTERM. Terminating subprocesses.
[2026-05-14T20:01:41.220+0000] {subprocess.py:104} INFO - Sending SIGTERM signal to process group
[2026-05-14T20:01:41.229+0000] {taskinstance.py:441} INFO - ::group::Post task execution logs
[2026-05-14T20:01:41.352+0000] {taskinstance.py:2905} ERROR - Task failed with exception
Traceback (most recent call last):
  File "/home/airflow/.local/lib/python3.11/site-packages/airflow/models/taskinstance.py", line 465, in _execute_task
    result = _execute_callable(context=context, **execute_callable_kwargs)
             ^^^^^^^^^^^^^^^^^^^^^^^^^^^^^^^^^^^^^^^^^^^^^^^^^^^^^^^^^^^^^
  File "/home/airflow/.local/lib/python3.11/site-packages/airflow/models/taskinstance.py", line 432, in _execute_callable
    return execute_callable(context=context, **execute_callable_kwargs)
           ^^^^^^^^^^^^^^^^^^^^^^^^^^^^^^^^^^^^^^^^^^^^^^^^^^^^^^^^^^^^
  File "/home/airflow/.local/lib/python3.11/site-packages/airflow/models/baseoperator.py", line 400, in wrapper
    return func(self, *args, **kwargs)
           ^^^^^^^^^^^^^^^^^^^^^^^^^^^
  File "/home/airflow/.local/lib/python3.11/site-packages/airflow/operators/bash.py", line 234, in execute
    result = self.subprocess_hook.run_command(
             ^^^^^^^^^^^^^^^^^^^^^^^^^^^^^^^^^
  File "/home/airflow/.local/lib/python3.11/site-packages/airflow/hooks/subprocess.py", line 91, in run_command
    for raw_line in iter(self.sub_process.stdout.readline, b""):
  File "/home/airflow/.local/lib/python3.11/site-packages/airflow/models/taskinstance.py", line 2613, in signal_handler
    raise AirflowTaskTerminated("Task received SIGTERM signal")
airflow.exceptions.AirflowTaskTerminated: Task received SIGTERM signal
[2026-05-14T20:01:41.378+0000] {taskinstance.py:1206} INFO - Marking task as FAILED. dag_id=medallion_gold_layer, task_id=gold_processing, run_id=scheduled__2026-05-14T13:55:00+00:00, execution_date=20260514T135500, start_date=20260514T140748, end_date=20260514T200141
[2026-05-14T20:01:41.749+0000] {process_utils.py:80} INFO - Process psutil.Process(pid=11798, status='terminated', started='14:07:55') (11798) terminated with exit code None
[2026-05-14T20:01:41.765+0000] {process_utils.py:80} INFO - Process psutil.Process(pid=11720, status='terminated', started='14:07:49') (11720) terminated with exit code None
[2026-05-14T20:01:41.766+0000] {process_utils.py:80} INFO - Process psutil.Process(pid=11721, status='terminated', started='14:07:49') (11721) terminated with exit code None
[2026-05-14T20:01:41.767+0000] {process_utils.py:80} INFO - Process psutil.Process(pid=11719, status='terminated', exitcode=2, started='14:07:49') (11719) terminated with exit code 2
