[2026-05-17T22:50:01.668+0000] {local_task_job_runner.py:120} INFO - ::group::Pre task execution logs
[2026-05-17T22:50:01.850+0000] {taskinstance.py:2076} INFO - Dependencies all met for dep_context=non-requeueable deps ti=<TaskInstance: medallion_gold_layer.gold_processing scheduled__2026-05-17T22:45:00+00:00 [queued]>
[2026-05-17T22:50:01.877+0000] {taskinstance.py:2076} INFO - Dependencies all met for dep_context=requeueable deps ti=<TaskInstance: medallion_gold_layer.gold_processing scheduled__2026-05-17T22:45:00+00:00 [queued]>
[2026-05-17T22:50:01.895+0000] {taskinstance.py:2306} INFO - Starting attempt 1 of 2
[2026-05-17T22:50:01.977+0000] {taskinstance.py:2330} INFO - Executing <Task(BashOperator): gold_processing> on 2026-05-17 22:45:00+00:00
[2026-05-17T22:50:01.991+0000] {standard_task_runner.py:63} INFO - Started process 79450 to run task
[2026-05-17T22:50:02.008+0000] {standard_task_runner.py:90} INFO - Running: ['airflow', 'tasks', 'run', 'medallion_gold_layer', 'gold_processing', 'scheduled__2026-05-17T22:45:00+00:00', '--job-id', '206', '--raw', '--subdir', 'DAGS_FOLDER/gold_layer_dag.py', '--cfg-path', '/tmp/tmpfoucbovy']
[2026-05-17T22:50:02.017+0000] {standard_task_runner.py:91} INFO - Job 206: Subtask gold_processing
[2026-05-17T22:50:02.543+0000] {task_command.py:426} INFO - Running <TaskInstance: medallion_gold_layer.gold_processing scheduled__2026-05-17T22:45:00+00:00 [running]> on host e8a9653e4a1b
[2026-05-17T22:50:03.407+0000] {taskinstance.py:2648} INFO - Exporting env vars: AIRFLOW_CTX_DAG_OWNER='anass' AIRFLOW_CTX_DAG_ID='medallion_gold_layer' AIRFLOW_CTX_TASK_ID='gold_processing' AIRFLOW_CTX_EXECUTION_DATE='2026-05-17T22:45:00+00:00' AIRFLOW_CTX_TRY_NUMBER='1' AIRFLOW_CTX_DAG_RUN_ID='scheduled__2026-05-17T22:45:00+00:00'
[2026-05-17T22:50:03.410+0000] {taskinstance.py:430} INFO - ::endgroup::
[2026-05-17T22:50:03.443+0000] {subprocess.py:63} INFO - Tmp dir root location: /tmp
[2026-05-17T22:50:03.448+0000] {subprocess.py:75} INFO - Running command: ['/usr/bin/bash', '-c', '\n    spark-submit     --master spark://spark-master:7077     --executor-memory 512M     --executor-cores 1     --total-executor-cores 1     --jars /opt/airflow/jars/aws-java-sdk-bundle-1.12.262.jar,/opt/airflow/jars/hadoop-aws-3.3.4.jar,/opt/airflow/jars/postgresql-42.7.3.jar     /opt/spark_jobs/gold_processor.py\n    ']
[2026-05-17T22:50:03.469+0000] {subprocess.py:86} INFO - Output:
[2026-05-17T22:50:06.122+0000] {subprocess.py:93} INFO - 26/05/17 22:50:06 WARN NativeCodeLoader: Unable to load native-hadoop library for your platform... using builtin-java classes where applicable
[2026-05-17T22:50:08.362+0000] {subprocess.py:93} INFO - 26/05/17 22:50:08 INFO SparkContext: Running Spark version 3.5.1
[2026-05-17T22:50:08.363+0000] {subprocess.py:93} INFO - 26/05/17 22:50:08 INFO SparkContext: OS info Linux, 6.6.87.2-microsoft-standard-WSL2, amd64
[2026-05-17T22:50:08.364+0000] {subprocess.py:93} INFO - 26/05/17 22:50:08 INFO SparkContext: Java version 17.0.19
[2026-05-17T22:50:08.415+0000] {subprocess.py:93} INFO - 26/05/17 22:50:08 INFO ResourceUtils: ==============================================================
[2026-05-17T22:50:08.416+0000] {subprocess.py:93} INFO - 26/05/17 22:50:08 INFO ResourceUtils: No custom resources configured for spark.driver.
[2026-05-17T22:50:08.419+0000] {subprocess.py:93} INFO - 26/05/17 22:50:08 INFO ResourceUtils: ==============================================================
[2026-05-17T22:50:08.420+0000] {subprocess.py:93} INFO - 26/05/17 22:50:08 INFO SparkContext: Submitted application: GoldLayerProcessor
[2026-05-17T22:50:08.456+0000] {subprocess.py:93} INFO - 26/05/17 22:50:08 INFO ResourceProfile: Default ResourceProfile created, executor resources: Map(cores -> name: cores, amount: 1, script: , vendor: , memory -> name: memory, amount: 512, script: , vendor: , offHeap -> name: offHeap, amount: 0, script: , vendor: ), task resources: Map(cpus -> name: cpus, amount: 1.0)
[2026-05-17T22:50:08.470+0000] {subprocess.py:93} INFO - 26/05/17 22:50:08 INFO ResourceProfile: Limiting resource is cpus at 1 tasks per executor
[2026-05-17T22:50:08.473+0000] {subprocess.py:93} INFO - 26/05/17 22:50:08 INFO ResourceProfileManager: Added ResourceProfile id: 0
[2026-05-17T22:50:08.565+0000] {subprocess.py:93} INFO - 26/05/17 22:50:08 INFO SecurityManager: Changing view acls to: airflow
[2026-05-17T22:50:08.566+0000] {subprocess.py:93} INFO - 26/05/17 22:50:08 INFO SecurityManager: Changing modify acls to: airflow
[2026-05-17T22:50:08.567+0000] {subprocess.py:93} INFO - 26/05/17 22:50:08 INFO SecurityManager: Changing view acls groups to:
[2026-05-17T22:50:08.569+0000] {subprocess.py:93} INFO - 26/05/17 22:50:08 INFO SecurityManager: Changing modify acls groups to:
[2026-05-17T22:50:08.569+0000] {subprocess.py:93} INFO - 26/05/17 22:50:08 INFO SecurityManager: SecurityManager: authentication disabled; ui acls disabled; users with view permissions: airflow; groups with view permissions: EMPTY; users with modify permissions: airflow; groups with modify permissions: EMPTY
[2026-05-17T22:50:08.919+0000] {subprocess.py:93} INFO - 26/05/17 22:50:08 INFO Utils: Successfully started service 'sparkDriver' on port 41951.
[2026-05-17T22:50:08.969+0000] {subprocess.py:93} INFO - 26/05/17 22:50:08 INFO SparkEnv: Registering MapOutputTracker
[2026-05-17T22:50:09.038+0000] {subprocess.py:93} INFO - 26/05/17 22:50:09 INFO SparkEnv: Registering BlockManagerMaster
[2026-05-17T22:50:09.067+0000] {subprocess.py:93} INFO - 26/05/17 22:50:09 INFO BlockManagerMasterEndpoint: Using org.apache.spark.storage.DefaultTopologyMapper for getting topology information
[2026-05-17T22:50:09.069+0000] {subprocess.py:93} INFO - 26/05/17 22:50:09 INFO BlockManagerMasterEndpoint: BlockManagerMasterEndpoint up
[2026-05-17T22:50:09.075+0000] {subprocess.py:93} INFO - 26/05/17 22:50:09 INFO SparkEnv: Registering BlockManagerMasterHeartbeat
[2026-05-17T22:50:09.106+0000] {subprocess.py:93} INFO - 26/05/17 22:50:09 INFO DiskBlockManager: Created local directory at /tmp/blockmgr-0d6b0a55-5c6e-46bf-9a10-1811e82b7d8b
[2026-05-17T22:50:09.125+0000] {subprocess.py:93} INFO - 26/05/17 22:50:09 INFO MemoryStore: MemoryStore started with capacity 434.4 MiB
[2026-05-17T22:50:09.149+0000] {subprocess.py:93} INFO - 26/05/17 22:50:09 INFO SparkEnv: Registering OutputCommitCoordinator
[2026-05-17T22:50:09.331+0000] {subprocess.py:93} INFO - 26/05/17 22:50:09 INFO JettyUtils: Start Jetty 0.0.0.0:4040 for SparkUI
[2026-05-17T22:50:09.468+0000] {subprocess.py:93} INFO - 26/05/17 22:50:09 INFO Utils: Successfully started service 'SparkUI' on port 4040.
[2026-05-17T22:50:09.522+0000] {subprocess.py:93} INFO - 26/05/17 22:50:09 INFO SparkContext: Added JAR file:///opt/airflow/jars/aws-java-sdk-bundle-1.12.262.jar at spark://e8a9653e4a1b:41951/jars/aws-java-sdk-bundle-1.12.262.jar with timestamp 1779058208351
[2026-05-17T22:50:09.523+0000] {subprocess.py:93} INFO - 26/05/17 22:50:09 INFO SparkContext: Added JAR file:///opt/airflow/jars/hadoop-aws-3.3.4.jar at spark://e8a9653e4a1b:41951/jars/hadoop-aws-3.3.4.jar with timestamp 1779058208351
[2026-05-17T22:50:09.524+0000] {subprocess.py:93} INFO - 26/05/17 22:50:09 INFO SparkContext: Added JAR file:///opt/airflow/jars/postgresql-42.7.3.jar at spark://e8a9653e4a1b:41951/jars/postgresql-42.7.3.jar with timestamp 1779058208351
[2026-05-17T22:50:09.659+0000] {subprocess.py:93} INFO - 26/05/17 22:50:09 INFO StandaloneAppClient$ClientEndpoint: Connecting to master spark://spark-master:7077...
[2026-05-17T22:50:09.741+0000] {subprocess.py:93} INFO - 26/05/17 22:50:09 INFO TransportClientFactory: Successfully created connection to spark-master/172.18.0.6:7077 after 42 ms (0 ms spent in bootstraps)
[2026-05-17T22:50:09.869+0000] {subprocess.py:93} INFO - 26/05/17 22:50:09 INFO StandaloneSchedulerBackend: Connected to Spark cluster with app ID app-20260517225009-0205
[2026-05-17T22:50:09.873+0000] {subprocess.py:93} INFO - 26/05/17 22:50:09 INFO StandaloneAppClient$ClientEndpoint: Executor added: app-20260517225009-0205/0 on worker-20260514105200-172.18.0.13-40347 (172.18.0.13:40347) with 1 core(s)
[2026-05-17T22:50:09.875+0000] {subprocess.py:93} INFO - 26/05/17 22:50:09 INFO StandaloneSchedulerBackend: Granted executor ID app-20260517225009-0205/0 on hostPort 172.18.0.13:40347 with 1 core(s), 512.0 MiB RAM
[2026-05-17T22:50:09.886+0000] {subprocess.py:93} INFO - 26/05/17 22:50:09 INFO Utils: Successfully started service 'org.apache.spark.network.netty.NettyBlockTransferService' on port 39433.
[2026-05-17T22:50:09.887+0000] {subprocess.py:93} INFO - 26/05/17 22:50:09 INFO NettyBlockTransferService: Server created on e8a9653e4a1b:39433
[2026-05-17T22:50:09.889+0000] {subprocess.py:93} INFO - 26/05/17 22:50:09 INFO BlockManager: Using org.apache.spark.storage.RandomBlockReplicationPolicy for block replication policy
[2026-05-17T22:50:09.906+0000] {subprocess.py:93} INFO - 26/05/17 22:50:09 INFO BlockManagerMaster: Registering BlockManager BlockManagerId(driver, e8a9653e4a1b, 39433, None)
[2026-05-17T22:50:09.915+0000] {subprocess.py:93} INFO - 26/05/17 22:50:09 INFO BlockManagerMasterEndpoint: Registering block manager e8a9653e4a1b:39433 with 434.4 MiB RAM, BlockManagerId(driver, e8a9653e4a1b, 39433, None)
[2026-05-17T22:50:09.919+0000] {subprocess.py:93} INFO - 26/05/17 22:50:09 INFO BlockManagerMaster: Registered BlockManager BlockManagerId(driver, e8a9653e4a1b, 39433, None)
[2026-05-17T22:50:09.923+0000] {subprocess.py:93} INFO - 26/05/17 22:50:09 INFO BlockManager: Initialized BlockManager: BlockManagerId(driver, e8a9653e4a1b, 39433, None)
[2026-05-17T22:50:09.969+0000] {subprocess.py:93} INFO - 26/05/17 22:50:09 INFO StandaloneAppClient$ClientEndpoint: Executor updated: app-20260517225009-0205/0 is now RUNNING
[2026-05-17T22:50:10.340+0000] {subprocess.py:93} INFO - 26/05/17 22:50:10 INFO StandaloneSchedulerBackend: SchedulerBackend is ready for scheduling beginning after reached minRegisteredResourcesRatio: 0.0
[2026-05-17T22:50:12.403+0000] {subprocess.py:93} INFO - 26/05/17 22:50:12 WARN MetricsConfig: Cannot locate configuration: tried hadoop-metrics2-s3a-file-system.properties,hadoop-metrics2.properties
[2026-05-17T22:50:32.517+0000] {subprocess.py:93} INFO - Lecture SILVER terminée
[2026-05-17T22:51:03.392+0000] {subprocess.py:93} INFO - Table articles_par_jour créée
[2026-05-17T22:51:26.790+0000] {subprocess.py:93} INFO - Table articles_par_source créée
[2026-05-17T22:51:45.933+0000] {subprocess.py:93} INFO - Table top_categories créée
[2026-05-17T22:52:08.604+0000] {subprocess.py:93} INFO - Table articles_par_source_jour créée
[2026-05-17T22:52:08.610+0000] {subprocess.py:93} INFO - 
[2026-05-17T22:52:08.612+0000] {subprocess.py:93} INFO - ==============================
[2026-05-17T22:52:08.614+0000] {subprocess.py:93} INFO - GOLD LAYER TERMINÉ
[2026-05-17T22:52:08.616+0000] {subprocess.py:93} INFO - ==============================
[2026-05-17T22:52:09.420+0000] {subprocess.py:97} INFO - Command exited with return code 0
[2026-05-17T22:52:09.424+0000] {taskinstance.py:441} INFO - ::group::Post task execution logs
[2026-05-17T22:52:09.943+0000] {taskinstance.py:1206} INFO - Marking task as SUCCESS. dag_id=medallion_gold_layer, task_id=gold_processing, run_id=scheduled__2026-05-17T22:45:00+00:00, execution_date=20260517T224500, start_date=20260517T225001, end_date=20260517T225209
[2026-05-17T22:52:10.072+0000] {local_task_job_runner.py:240} INFO - Task exited with return code 0
[2026-05-17T22:52:10.170+0000] {taskinstance.py:3498} INFO - 0 downstream tasks scheduled from follow-on schedule check
[2026-05-17T22:52:10.194+0000] {local_task_job_runner.py:222} INFO - ::endgroup::
