[2026-05-18T22:51:01.485+0000] {local_task_job_runner.py:120} INFO - ::group::Pre task execution logs
[2026-05-18T22:51:02.176+0000] {taskinstance.py:2076} INFO - Dependencies all met for dep_context=non-requeueable deps ti=<TaskInstance: medallion_gold_layer.gold_processing scheduled__2026-05-18T22:20:00+00:00 [queued]>
[2026-05-18T22:51:02.211+0000] {taskinstance.py:2076} INFO - Dependencies all met for dep_context=requeueable deps ti=<TaskInstance: medallion_gold_layer.gold_processing scheduled__2026-05-18T22:20:00+00:00 [queued]>
[2026-05-18T22:51:02.219+0000] {taskinstance.py:2306} INFO - Starting attempt 1 of 2
[2026-05-18T22:51:02.308+0000] {taskinstance.py:2330} INFO - Executing <Task(BashOperator): gold_processing> on 2026-05-18 22:20:00+00:00
[2026-05-18T22:51:02.319+0000] {standard_task_runner.py:63} INFO - Started process 3057 to run task
[2026-05-18T22:51:02.324+0000] {standard_task_runner.py:90} INFO - Running: ['airflow', 'tasks', 'run', 'medallion_gold_layer', 'gold_processing', 'scheduled__2026-05-18T22:20:00+00:00', '--job-id', '281', '--raw', '--subdir', 'DAGS_FOLDER/gold_layer_dag.py', '--cfg-path', '/tmp/tmpca2way_6']
[2026-05-18T22:51:02.333+0000] {standard_task_runner.py:91} INFO - Job 281: Subtask gold_processing
[2026-05-18T22:51:03.067+0000] {task_command.py:426} INFO - Running <TaskInstance: medallion_gold_layer.gold_processing scheduled__2026-05-18T22:20:00+00:00 [running]> on host c43074c3fd7c
[2026-05-18T22:51:03.866+0000] {taskinstance.py:2648} INFO - Exporting env vars: AIRFLOW_CTX_DAG_OWNER='ikram' AIRFLOW_CTX_DAG_ID='medallion_gold_layer' AIRFLOW_CTX_TASK_ID='gold_processing' AIRFLOW_CTX_EXECUTION_DATE='2026-05-18T22:20:00+00:00' AIRFLOW_CTX_TRY_NUMBER='1' AIRFLOW_CTX_DAG_RUN_ID='scheduled__2026-05-18T22:20:00+00:00'
[2026-05-18T22:51:03.868+0000] {taskinstance.py:430} INFO - ::endgroup::
[2026-05-18T22:51:03.917+0000] {subprocess.py:63} INFO - Tmp dir root location: /tmp
[2026-05-18T22:51:03.923+0000] {subprocess.py:75} INFO - Running command: ['/usr/bin/bash', '-c', '\n    spark-submit     --master spark://spark-master:7077     --executor-memory 512M     --executor-cores 1     --total-executor-cores 1     --jars /opt/airflow/jars/aws-java-sdk-bundle-1.12.262.jar,/opt/airflow/jars/hadoop-aws-3.3.4.jar,/opt/airflow/jars/postgresql-42.7.3.jar     /opt/spark_jobs/gold_processor.py\n    ']
[2026-05-18T22:51:03.949+0000] {subprocess.py:86} INFO - Output:
[2026-05-18T22:51:09.041+0000] {subprocess.py:93} INFO - 26/05/18 22:51:09 WARN NativeCodeLoader: Unable to load native-hadoop library for your platform... using builtin-java classes where applicable
[2026-05-18T22:51:11.938+0000] {subprocess.py:93} INFO - 26/05/18 22:51:11 INFO SparkContext: Running Spark version 3.5.1
[2026-05-18T22:51:11.942+0000] {subprocess.py:93} INFO - 26/05/18 22:51:11 INFO SparkContext: OS info Linux, 6.6.87.2-microsoft-standard-WSL2, amd64
[2026-05-18T22:51:11.944+0000] {subprocess.py:93} INFO - 26/05/18 22:51:11 INFO SparkContext: Java version 17.0.19
[2026-05-18T22:51:12.077+0000] {subprocess.py:93} INFO - 26/05/18 22:51:12 INFO ResourceUtils: ==============================================================
[2026-05-18T22:51:12.083+0000] {subprocess.py:93} INFO - 26/05/18 22:51:12 INFO ResourceUtils: No custom resources configured for spark.driver.
[2026-05-18T22:51:12.085+0000] {subprocess.py:93} INFO - 26/05/18 22:51:12 INFO ResourceUtils: ==============================================================
[2026-05-18T22:51:12.088+0000] {subprocess.py:93} INFO - 26/05/18 22:51:12 INFO SparkContext: Submitted application: GoldLayerProcessor
[2026-05-18T22:51:12.205+0000] {subprocess.py:93} INFO - 26/05/18 22:51:12 INFO ResourceProfile: Default ResourceProfile created, executor resources: Map(cores -> name: cores, amount: 1, script: , vendor: , memory -> name: memory, amount: 512, script: , vendor: , offHeap -> name: offHeap, amount: 0, script: , vendor: ), task resources: Map(cpus -> name: cpus, amount: 1.0)
[2026-05-18T22:51:12.257+0000] {subprocess.py:93} INFO - 26/05/18 22:51:12 INFO ResourceProfile: Limiting resource is cpus at 1 tasks per executor
[2026-05-18T22:51:12.264+0000] {subprocess.py:93} INFO - 26/05/18 22:51:12 INFO ResourceProfileManager: Added ResourceProfile id: 0
[2026-05-18T22:51:12.484+0000] {subprocess.py:93} INFO - 26/05/18 22:51:12 INFO SecurityManager: Changing view acls to: airflow
[2026-05-18T22:51:12.488+0000] {subprocess.py:93} INFO - 26/05/18 22:51:12 INFO SecurityManager: Changing modify acls to: airflow
[2026-05-18T22:51:12.500+0000] {subprocess.py:93} INFO - 26/05/18 22:51:12 INFO SecurityManager: Changing view acls groups to:
[2026-05-18T22:51:12.503+0000] {subprocess.py:93} INFO - 26/05/18 22:51:12 INFO SecurityManager: Changing modify acls groups to:
[2026-05-18T22:51:12.511+0000] {subprocess.py:93} INFO - 26/05/18 22:51:12 INFO SecurityManager: SecurityManager: authentication disabled; ui acls disabled; users with view permissions: airflow; groups with view permissions: EMPTY; users with modify permissions: airflow; groups with modify permissions: EMPTY
[2026-05-18T22:51:13.688+0000] {subprocess.py:93} INFO - 26/05/18 22:51:13 INFO Utils: Successfully started service 'sparkDriver' on port 42919.
[2026-05-18T22:51:13.774+0000] {subprocess.py:93} INFO - 26/05/18 22:51:13 INFO SparkEnv: Registering MapOutputTracker
[2026-05-18T22:51:13.863+0000] {subprocess.py:93} INFO - 26/05/18 22:51:13 INFO SparkEnv: Registering BlockManagerMaster
[2026-05-18T22:51:13.927+0000] {subprocess.py:93} INFO - 26/05/18 22:51:13 INFO BlockManagerMasterEndpoint: Using org.apache.spark.storage.DefaultTopologyMapper for getting topology information
[2026-05-18T22:51:13.929+0000] {subprocess.py:93} INFO - 26/05/18 22:51:13 INFO BlockManagerMasterEndpoint: BlockManagerMasterEndpoint up
[2026-05-18T22:51:13.944+0000] {subprocess.py:93} INFO - 26/05/18 22:51:13 INFO SparkEnv: Registering BlockManagerMasterHeartbeat
[2026-05-18T22:51:14.009+0000] {subprocess.py:93} INFO - 26/05/18 22:51:14 INFO DiskBlockManager: Created local directory at /tmp/blockmgr-4367470c-5c83-4229-80c0-46385705dda9
[2026-05-18T22:51:14.062+0000] {subprocess.py:93} INFO - 26/05/18 22:51:14 INFO MemoryStore: MemoryStore started with capacity 434.4 MiB
[2026-05-18T22:51:14.113+0000] {subprocess.py:93} INFO - 26/05/18 22:51:14 INFO SparkEnv: Registering OutputCommitCoordinator
[2026-05-18T22:51:14.432+0000] {subprocess.py:93} INFO - 26/05/18 22:51:14 INFO JettyUtils: Start Jetty 0.0.0.0:4040 for SparkUI
[2026-05-18T22:51:14.596+0000] {subprocess.py:93} INFO - 26/05/18 22:51:14 INFO Utils: Successfully started service 'SparkUI' on port 4040.
[2026-05-18T22:51:14.693+0000] {subprocess.py:93} INFO - 26/05/18 22:51:14 INFO SparkContext: Added JAR file:///opt/airflow/jars/aws-java-sdk-bundle-1.12.262.jar at spark://c43074c3fd7c:42919/jars/aws-java-sdk-bundle-1.12.262.jar with timestamp 1779144671910
[2026-05-18T22:51:14.695+0000] {subprocess.py:93} INFO - 26/05/18 22:51:14 INFO SparkContext: Added JAR file:///opt/airflow/jars/hadoop-aws-3.3.4.jar at spark://c43074c3fd7c:42919/jars/hadoop-aws-3.3.4.jar with timestamp 1779144671910
[2026-05-18T22:51:14.697+0000] {subprocess.py:93} INFO - 26/05/18 22:51:14 INFO SparkContext: Added JAR file:///opt/airflow/jars/postgresql-42.7.3.jar at spark://c43074c3fd7c:42919/jars/postgresql-42.7.3.jar with timestamp 1779144671910
[2026-05-18T22:51:14.916+0000] {subprocess.py:93} INFO - 26/05/18 22:51:14 INFO StandaloneAppClient$ClientEndpoint: Connecting to master spark://spark-master:7077...
[2026-05-18T22:51:15.012+0000] {subprocess.py:93} INFO - 26/05/18 22:51:15 INFO TransportClientFactory: Successfully created connection to spark-master/172.18.0.4:7077 after 55 ms (0 ms spent in bootstraps)
[2026-05-18T22:51:15.211+0000] {subprocess.py:93} INFO - 26/05/18 22:51:15 INFO StandaloneSchedulerBackend: Connected to Spark cluster with app ID app-20260518225115-0017
[2026-05-18T22:51:15.217+0000] {subprocess.py:93} INFO - 26/05/18 22:51:15 INFO StandaloneAppClient$ClientEndpoint: Executor added: app-20260518225115-0017/0 on worker-20260518211503-172.18.0.3-40747 (172.18.0.3:40747) with 1 core(s)
[2026-05-18T22:51:15.226+0000] {subprocess.py:93} INFO - 26/05/18 22:51:15 INFO StandaloneSchedulerBackend: Granted executor ID app-20260518225115-0017/0 on hostPort 172.18.0.3:40747 with 1 core(s), 512.0 MiB RAM
[2026-05-18T22:51:15.240+0000] {subprocess.py:93} INFO - 26/05/18 22:51:15 INFO Utils: Successfully started service 'org.apache.spark.network.netty.NettyBlockTransferService' on port 36983.
[2026-05-18T22:51:15.242+0000] {subprocess.py:93} INFO - 26/05/18 22:51:15 INFO NettyBlockTransferService: Server created on c43074c3fd7c:36983
[2026-05-18T22:51:15.245+0000] {subprocess.py:93} INFO - 26/05/18 22:51:15 INFO BlockManager: Using org.apache.spark.storage.RandomBlockReplicationPolicy for block replication policy
[2026-05-18T22:51:15.264+0000] {subprocess.py:93} INFO - 26/05/18 22:51:15 INFO BlockManagerMaster: Registering BlockManager BlockManagerId(driver, c43074c3fd7c, 36983, None)
[2026-05-18T22:51:15.274+0000] {subprocess.py:93} INFO - 26/05/18 22:51:15 INFO BlockManagerMasterEndpoint: Registering block manager c43074c3fd7c:36983 with 434.4 MiB RAM, BlockManagerId(driver, c43074c3fd7c, 36983, None)
[2026-05-18T22:51:15.280+0000] {subprocess.py:93} INFO - 26/05/18 22:51:15 INFO BlockManagerMaster: Registered BlockManager BlockManagerId(driver, c43074c3fd7c, 36983, None)
[2026-05-18T22:51:15.282+0000] {subprocess.py:93} INFO - 26/05/18 22:51:15 INFO BlockManager: Initialized BlockManager: BlockManagerId(driver, c43074c3fd7c, 36983, None)
[2026-05-18T22:51:15.327+0000] {subprocess.py:93} INFO - 26/05/18 22:51:15 INFO StandaloneAppClient$ClientEndpoint: Executor updated: app-20260518225115-0017/0 is now RUNNING
[2026-05-18T22:51:15.772+0000] {subprocess.py:93} INFO - 26/05/18 22:51:15 INFO StandaloneSchedulerBackend: SchedulerBackend is ready for scheduling beginning after reached minRegisteredResourcesRatio: 0.0
[2026-05-18T22:51:20.594+0000] {subprocess.py:93} INFO - 26/05/18 22:51:20 WARN MetricsConfig: Cannot locate configuration: tried hadoop-metrics2-s3a-file-system.properties,hadoop-metrics2.properties
[2026-05-18T22:51:45.713+0000] {subprocess.py:93} INFO - Lecture SILVER terminée
[2026-05-18T22:52:30.742+0000] {subprocess.py:93} INFO - Table articles_par_jour créée
[2026-05-18T22:53:14.093+0000] {subprocess.py:93} INFO - Table articles_par_source créée
[2026-05-18T22:53:23.605+0000] {subprocess.py:93} INFO - Table top_categories créée
[2026-05-18T22:53:32.398+0000] {subprocess.py:93} INFO - Table articles_par_source_jour créée
[2026-05-18T22:53:32.398+0000] {subprocess.py:93} INFO - 
[2026-05-18T22:53:32.399+0000] {subprocess.py:93} INFO - ==============================
[2026-05-18T22:53:32.399+0000] {subprocess.py:93} INFO - GOLD LAYER TERMINÉ
[2026-05-18T22:53:32.400+0000] {subprocess.py:93} INFO - ==============================
[2026-05-18T22:53:32.697+0000] {subprocess.py:97} INFO - Command exited with return code 0
[2026-05-18T22:53:32.698+0000] {taskinstance.py:441} INFO - ::group::Post task execution logs
[2026-05-18T22:53:32.985+0000] {taskinstance.py:1206} INFO - Marking task as SUCCESS. dag_id=medallion_gold_layer, task_id=gold_processing, run_id=scheduled__2026-05-18T22:20:00+00:00, execution_date=20260518T222000, start_date=20260518T225102, end_date=20260518T225332
[2026-05-18T22:53:33.059+0000] {local_task_job_runner.py:240} INFO - Task exited with return code 0
[2026-05-18T22:53:33.099+0000] {taskinstance.py:3498} INFO - 0 downstream tasks scheduled from follow-on schedule check
[2026-05-18T22:53:33.113+0000] {local_task_job_runner.py:222} INFO - ::endgroup::
