[2026-05-18T21:58:13.465+0000] {local_task_job_runner.py:120} INFO - ::group::Pre task execution logs
[2026-05-18T21:58:13.652+0000] {taskinstance.py:2076} INFO - Dependencies all met for dep_context=non-requeueable deps ti=<TaskInstance: medallion_gold_layer.gold_processing manual__2026-05-18T21:54:49+00:00 [queued]>
[2026-05-18T21:58:13.672+0000] {taskinstance.py:2076} INFO - Dependencies all met for dep_context=requeueable deps ti=<TaskInstance: medallion_gold_layer.gold_processing manual__2026-05-18T21:54:49+00:00 [queued]>
[2026-05-18T21:58:13.690+0000] {taskinstance.py:2306} INFO - Starting attempt 1 of 2
[2026-05-18T21:58:13.747+0000] {taskinstance.py:2330} INFO - Executing <Task(BashOperator): gold_processing> on 2026-05-18 21:54:49+00:00
[2026-05-18T21:58:13.757+0000] {standard_task_runner.py:63} INFO - Started process 648 to run task
[2026-05-18T21:58:13.766+0000] {standard_task_runner.py:90} INFO - Running: ['airflow', 'tasks', 'run', 'medallion_gold_layer', 'gold_processing', 'manual__2026-05-18T21:54:49+00:00', '--job-id', '274', '--raw', '--subdir', 'DAGS_FOLDER/gold_layer_dag.py', '--cfg-path', '/tmp/tmpq1zqyfbx']
[2026-05-18T21:58:13.771+0000] {standard_task_runner.py:91} INFO - Job 274: Subtask gold_processing
[2026-05-18T21:58:14.154+0000] {task_command.py:426} INFO - Running <TaskInstance: medallion_gold_layer.gold_processing manual__2026-05-18T21:54:49+00:00 [running]> on host c43074c3fd7c
[2026-05-18T21:58:14.675+0000] {taskinstance.py:2648} INFO - Exporting env vars: AIRFLOW_CTX_DAG_OWNER='ikram' AIRFLOW_CTX_DAG_ID='medallion_gold_layer' AIRFLOW_CTX_TASK_ID='gold_processing' AIRFLOW_CTX_EXECUTION_DATE='2026-05-18T21:54:49+00:00' AIRFLOW_CTX_TRY_NUMBER='1' AIRFLOW_CTX_DAG_RUN_ID='manual__2026-05-18T21:54:49+00:00'
[2026-05-18T21:58:14.676+0000] {taskinstance.py:430} INFO - ::endgroup::
[2026-05-18T21:58:14.708+0000] {subprocess.py:63} INFO - Tmp dir root location: /tmp
[2026-05-18T21:58:14.712+0000] {subprocess.py:75} INFO - Running command: ['/usr/bin/bash', '-c', '\n    spark-submit     --master spark://spark-master:7077     --executor-memory 512M     --executor-cores 1     --total-executor-cores 1     --jars /opt/airflow/jars/aws-java-sdk-bundle-1.12.262.jar,/opt/airflow/jars/hadoop-aws-3.3.4.jar,/opt/airflow/jars/postgresql-42.7.3.jar     /opt/spark_jobs/gold_processor.py\n    ']
[2026-05-18T21:58:14.737+0000] {subprocess.py:86} INFO - Output:
[2026-05-18T21:58:19.015+0000] {subprocess.py:93} INFO - 26/05/18 21:58:19 WARN NativeCodeLoader: Unable to load native-hadoop library for your platform... using builtin-java classes where applicable
[2026-05-18T21:58:22.341+0000] {subprocess.py:93} INFO - 26/05/18 21:58:22 INFO SparkContext: Running Spark version 3.5.1
[2026-05-18T21:58:22.343+0000] {subprocess.py:93} INFO - 26/05/18 21:58:22 INFO SparkContext: OS info Linux, 6.6.87.2-microsoft-standard-WSL2, amd64
[2026-05-18T21:58:22.345+0000] {subprocess.py:93} INFO - 26/05/18 21:58:22 INFO SparkContext: Java version 17.0.19
[2026-05-18T21:58:22.486+0000] {subprocess.py:93} INFO - 26/05/18 21:58:22 INFO ResourceUtils: ==============================================================
[2026-05-18T21:58:22.488+0000] {subprocess.py:93} INFO - 26/05/18 21:58:22 INFO ResourceUtils: No custom resources configured for spark.driver.
[2026-05-18T21:58:22.490+0000] {subprocess.py:93} INFO - 26/05/18 21:58:22 INFO ResourceUtils: ==============================================================
[2026-05-18T21:58:22.491+0000] {subprocess.py:93} INFO - 26/05/18 21:58:22 INFO SparkContext: Submitted application: GoldLayerProcessor
[2026-05-18T21:58:22.597+0000] {subprocess.py:93} INFO - 26/05/18 21:58:22 INFO ResourceProfile: Default ResourceProfile created, executor resources: Map(cores -> name: cores, amount: 1, script: , vendor: , memory -> name: memory, amount: 512, script: , vendor: , offHeap -> name: offHeap, amount: 0, script: , vendor: ), task resources: Map(cpus -> name: cpus, amount: 1.0)
[2026-05-18T21:58:22.627+0000] {subprocess.py:93} INFO - 26/05/18 21:58:22 INFO ResourceProfile: Limiting resource is cpus at 1 tasks per executor
[2026-05-18T21:58:22.632+0000] {subprocess.py:93} INFO - 26/05/18 21:58:22 INFO ResourceProfileManager: Added ResourceProfile id: 0
[2026-05-18T21:58:22.726+0000] {subprocess.py:93} INFO - 26/05/18 21:58:22 INFO SecurityManager: Changing view acls to: airflow
[2026-05-18T21:58:22.727+0000] {subprocess.py:93} INFO - 26/05/18 21:58:22 INFO SecurityManager: Changing modify acls to: airflow
[2026-05-18T21:58:22.728+0000] {subprocess.py:93} INFO - 26/05/18 21:58:22 INFO SecurityManager: Changing view acls groups to:
[2026-05-18T21:58:22.729+0000] {subprocess.py:93} INFO - 26/05/18 21:58:22 INFO SecurityManager: Changing modify acls groups to:
[2026-05-18T21:58:22.730+0000] {subprocess.py:93} INFO - 26/05/18 21:58:22 INFO SecurityManager: SecurityManager: authentication disabled; ui acls disabled; users with view permissions: airflow; groups with view permissions: EMPTY; users with modify permissions: airflow; groups with modify permissions: EMPTY
[2026-05-18T21:58:23.288+0000] {subprocess.py:93} INFO - 26/05/18 21:58:23 INFO Utils: Successfully started service 'sparkDriver' on port 32857.
[2026-05-18T21:58:23.349+0000] {subprocess.py:93} INFO - 26/05/18 21:58:23 INFO SparkEnv: Registering MapOutputTracker
[2026-05-18T21:58:23.404+0000] {subprocess.py:93} INFO - 26/05/18 21:58:23 INFO SparkEnv: Registering BlockManagerMaster
[2026-05-18T21:58:23.428+0000] {subprocess.py:93} INFO - 26/05/18 21:58:23 INFO BlockManagerMasterEndpoint: Using org.apache.spark.storage.DefaultTopologyMapper for getting topology information
[2026-05-18T21:58:23.430+0000] {subprocess.py:93} INFO - 26/05/18 21:58:23 INFO BlockManagerMasterEndpoint: BlockManagerMasterEndpoint up
[2026-05-18T21:58:23.437+0000] {subprocess.py:93} INFO - 26/05/18 21:58:23 INFO SparkEnv: Registering BlockManagerMasterHeartbeat
[2026-05-18T21:58:23.469+0000] {subprocess.py:93} INFO - 26/05/18 21:58:23 INFO DiskBlockManager: Created local directory at /tmp/blockmgr-39ba4193-a92f-45bc-bf96-67c5fd14e8e7
[2026-05-18T21:58:23.495+0000] {subprocess.py:93} INFO - 26/05/18 21:58:23 INFO MemoryStore: MemoryStore started with capacity 434.4 MiB
[2026-05-18T21:58:23.536+0000] {subprocess.py:93} INFO - 26/05/18 21:58:23 INFO SparkEnv: Registering OutputCommitCoordinator
[2026-05-18T21:58:23.739+0000] {subprocess.py:93} INFO - 26/05/18 21:58:23 INFO JettyUtils: Start Jetty 0.0.0.0:4040 for SparkUI
[2026-05-18T21:58:23.866+0000] {subprocess.py:93} INFO - 26/05/18 21:58:23 INFO Utils: Successfully started service 'SparkUI' on port 4040.
[2026-05-18T21:58:23.960+0000] {subprocess.py:93} INFO - 26/05/18 21:58:23 INFO SparkContext: Added JAR file:///opt/airflow/jars/aws-java-sdk-bundle-1.12.262.jar at spark://c43074c3fd7c:32857/jars/aws-java-sdk-bundle-1.12.262.jar with timestamp 1779141502315
[2026-05-18T21:58:23.961+0000] {subprocess.py:93} INFO - 26/05/18 21:58:23 INFO SparkContext: Added JAR file:///opt/airflow/jars/hadoop-aws-3.3.4.jar at spark://c43074c3fd7c:32857/jars/hadoop-aws-3.3.4.jar with timestamp 1779141502315
[2026-05-18T21:58:23.962+0000] {subprocess.py:93} INFO - 26/05/18 21:58:23 INFO SparkContext: Added JAR file:///opt/airflow/jars/postgresql-42.7.3.jar at spark://c43074c3fd7c:32857/jars/postgresql-42.7.3.jar with timestamp 1779141502315
[2026-05-18T21:58:24.087+0000] {subprocess.py:93} INFO - 26/05/18 21:58:24 INFO StandaloneAppClient$ClientEndpoint: Connecting to master spark://spark-master:7077...
[2026-05-18T21:58:24.214+0000] {subprocess.py:93} INFO - 26/05/18 21:58:24 INFO TransportClientFactory: Successfully created connection to spark-master/172.18.0.4:7077 after 89 ms (0 ms spent in bootstraps)
[2026-05-18T21:58:24.493+0000] {subprocess.py:93} INFO - 26/05/18 21:58:24 INFO StandaloneSchedulerBackend: Connected to Spark cluster with app ID app-20260518215824-0011
[2026-05-18T21:58:24.497+0000] {subprocess.py:93} INFO - 26/05/18 21:58:24 INFO StandaloneAppClient$ClientEndpoint: Executor added: app-20260518215824-0011/0 on worker-20260518211503-172.18.0.3-40747 (172.18.0.3:40747) with 1 core(s)
[2026-05-18T21:58:24.502+0000] {subprocess.py:93} INFO - 26/05/18 21:58:24 INFO StandaloneSchedulerBackend: Granted executor ID app-20260518215824-0011/0 on hostPort 172.18.0.3:40747 with 1 core(s), 512.0 MiB RAM
[2026-05-18T21:58:24.513+0000] {subprocess.py:93} INFO - 26/05/18 21:58:24 INFO Utils: Successfully started service 'org.apache.spark.network.netty.NettyBlockTransferService' on port 43483.
[2026-05-18T21:58:24.515+0000] {subprocess.py:93} INFO - 26/05/18 21:58:24 INFO NettyBlockTransferService: Server created on c43074c3fd7c:43483
[2026-05-18T21:58:24.518+0000] {subprocess.py:93} INFO - 26/05/18 21:58:24 INFO BlockManager: Using org.apache.spark.storage.RandomBlockReplicationPolicy for block replication policy
[2026-05-18T21:58:24.531+0000] {subprocess.py:93} INFO - 26/05/18 21:58:24 INFO BlockManagerMaster: Registering BlockManager BlockManagerId(driver, c43074c3fd7c, 43483, None)
[2026-05-18T21:58:24.539+0000] {subprocess.py:93} INFO - 26/05/18 21:58:24 INFO BlockManagerMasterEndpoint: Registering block manager c43074c3fd7c:43483 with 434.4 MiB RAM, BlockManagerId(driver, c43074c3fd7c, 43483, None)
[2026-05-18T21:58:24.544+0000] {subprocess.py:93} INFO - 26/05/18 21:58:24 INFO BlockManagerMaster: Registered BlockManager BlockManagerId(driver, c43074c3fd7c, 43483, None)
[2026-05-18T21:58:24.548+0000] {subprocess.py:93} INFO - 26/05/18 21:58:24 INFO BlockManager: Initialized BlockManager: BlockManagerId(driver, c43074c3fd7c, 43483, None)
[2026-05-18T21:58:24.569+0000] {subprocess.py:93} INFO - 26/05/18 21:58:24 INFO StandaloneAppClient$ClientEndpoint: Executor updated: app-20260518215824-0011/0 is now RUNNING
[2026-05-18T21:58:25.089+0000] {subprocess.py:93} INFO - 26/05/18 21:58:25 INFO StandaloneSchedulerBackend: SchedulerBackend is ready for scheduling beginning after reached minRegisteredResourcesRatio: 0.0
[2026-05-18T21:58:28.044+0000] {subprocess.py:93} INFO - 26/05/18 21:58:28 WARN MetricsConfig: Cannot locate configuration: tried hadoop-metrics2-s3a-file-system.properties,hadoop-metrics2.properties
[2026-05-18T21:58:47.350+0000] {subprocess.py:93} INFO - Lecture SILVER terminée
[2026-05-18T21:59:32.716+0000] {subprocess.py:93} INFO - Table articles_par_jour créée
[2026-05-18T22:00:07.537+0000] {subprocess.py:93} INFO - Table articles_par_source créée
[2026-05-18T22:00:41.035+0000] {subprocess.py:93} INFO - Table top_categories créée
[2026-05-18T22:01:11.758+0000] {subprocess.py:93} INFO - Table articles_par_source_jour créée
[2026-05-18T22:01:11.760+0000] {subprocess.py:93} INFO - 
[2026-05-18T22:01:11.762+0000] {subprocess.py:93} INFO - ==============================
[2026-05-18T22:01:11.763+0000] {subprocess.py:93} INFO - GOLD LAYER TERMINÉ
[2026-05-18T22:01:11.765+0000] {subprocess.py:93} INFO - ==============================
[2026-05-18T22:01:12.701+0000] {subprocess.py:97} INFO - Command exited with return code 0
[2026-05-18T22:01:12.704+0000] {taskinstance.py:441} INFO - ::group::Post task execution logs
[2026-05-18T22:01:13.096+0000] {taskinstance.py:1206} INFO - Marking task as SUCCESS. dag_id=medallion_gold_layer, task_id=gold_processing, run_id=manual__2026-05-18T21:54:49+00:00, execution_date=20260518T215449, start_date=20260518T215813, end_date=20260518T220113
[2026-05-18T22:01:13.693+0000] {local_task_job_runner.py:240} INFO - Task exited with return code 0
[2026-05-18T22:01:13.849+0000] {taskinstance.py:3498} INFO - 0 downstream tasks scheduled from follow-on schedule check
[2026-05-18T22:01:13.874+0000] {local_task_job_runner.py:222} INFO - ::endgroup::
