[2026-05-17T01:51:08.034+0000] {local_task_job_runner.py:120} INFO - ::group::Pre task execution logs
[2026-05-17T01:51:08.880+0000] {taskinstance.py:2076} INFO - Dependencies all met for dep_context=non-requeueable deps ti=<TaskInstance: medallion_gold_layer.gold_processing scheduled__2026-05-17T01:45:00+00:00 [queued]>
[2026-05-17T01:51:09.011+0000] {taskinstance.py:2076} INFO - Dependencies all met for dep_context=requeueable deps ti=<TaskInstance: medallion_gold_layer.gold_processing scheduled__2026-05-17T01:45:00+00:00 [queued]>
[2026-05-17T01:51:09.020+0000] {taskinstance.py:2306} INFO - Starting attempt 1 of 2
[2026-05-17T01:51:09.428+0000] {taskinstance.py:2330} INFO - Executing <Task(BashOperator): gold_processing> on 2026-05-17 01:45:00+00:00
[2026-05-17T01:51:09.519+0000] {standard_task_runner.py:63} INFO - Started process 63373 to run task
[2026-05-17T01:51:09.578+0000] {standard_task_runner.py:90} INFO - Running: ['airflow', 'tasks', 'run', 'medallion_gold_layer', 'gold_processing', 'scheduled__2026-05-17T01:45:00+00:00', '--job-id', '166', '--raw', '--subdir', 'DAGS_FOLDER/gold_layer_dag.py', '--cfg-path', '/tmp/tmpxs2ew67q']
[2026-05-17T01:51:09.637+0000] {standard_task_runner.py:91} INFO - Job 166: Subtask gold_processing
[2026-05-17T01:51:11.729+0000] {task_command.py:426} INFO - Running <TaskInstance: medallion_gold_layer.gold_processing scheduled__2026-05-17T01:45:00+00:00 [running]> on host e8a9653e4a1b
[2026-05-17T01:51:14.390+0000] {taskinstance.py:2648} INFO - Exporting env vars: AIRFLOW_CTX_DAG_OWNER='anass' AIRFLOW_CTX_DAG_ID='medallion_gold_layer' AIRFLOW_CTX_TASK_ID='gold_processing' AIRFLOW_CTX_EXECUTION_DATE='2026-05-17T01:45:00+00:00' AIRFLOW_CTX_TRY_NUMBER='1' AIRFLOW_CTX_DAG_RUN_ID='scheduled__2026-05-17T01:45:00+00:00'
[2026-05-17T01:51:14.399+0000] {taskinstance.py:430} INFO - ::endgroup::
[2026-05-17T01:51:14.780+0000] {subprocess.py:63} INFO - Tmp dir root location: /tmp
[2026-05-17T01:51:14.802+0000] {subprocess.py:75} INFO - Running command: ['/usr/bin/bash', '-c', '\n    spark-submit     --master spark://spark-master:7077     --executor-memory 512M     --executor-cores 1     --total-executor-cores 1     --jars /opt/airflow/jars/aws-java-sdk-bundle-1.12.262.jar,/opt/airflow/jars/hadoop-aws-3.3.4.jar,/opt/airflow/jars/postgresql-42.7.3.jar     /opt/spark_jobs/gold_processor.py\n    ']
[2026-05-17T01:51:14.978+0000] {subprocess.py:86} INFO - Output:
[2026-05-17T01:51:58.579+0000] {subprocess.py:93} INFO - 26/05/17 01:51:58 WARN NativeCodeLoader: Unable to load native-hadoop library for your platform... using builtin-java classes where applicable
[2026-05-17T01:52:22.053+0000] {subprocess.py:93} INFO - 26/05/17 01:52:22 INFO SparkContext: Running Spark version 3.5.1
[2026-05-17T01:52:22.085+0000] {subprocess.py:93} INFO - 26/05/17 01:52:22 INFO SparkContext: OS info Linux, 6.6.87.2-microsoft-standard-WSL2, amd64
[2026-05-17T01:52:22.101+0000] {subprocess.py:93} INFO - 26/05/17 01:52:22 INFO SparkContext: Java version 17.0.19
[2026-05-17T01:52:23.380+0000] {subprocess.py:93} INFO - 26/05/17 01:52:23 INFO ResourceUtils: ==============================================================
[2026-05-17T01:52:23.397+0000] {subprocess.py:93} INFO - 26/05/17 01:52:23 INFO ResourceUtils: No custom resources configured for spark.driver.
[2026-05-17T01:52:23.413+0000] {subprocess.py:93} INFO - 26/05/17 01:52:23 INFO ResourceUtils: ==============================================================
[2026-05-17T01:52:23.431+0000] {subprocess.py:93} INFO - 26/05/17 01:52:23 INFO SparkContext: Submitted application: GoldLayerProcessor
[2026-05-17T01:52:24.134+0000] {subprocess.py:93} INFO - 26/05/17 01:52:24 INFO ResourceProfile: Default ResourceProfile created, executor resources: Map(cores -> name: cores, amount: 1, script: , vendor: , memory -> name: memory, amount: 512, script: , vendor: , offHeap -> name: offHeap, amount: 0, script: , vendor: ), task resources: Map(cpus -> name: cpus, amount: 1.0)
[2026-05-17T01:52:24.409+0000] {subprocess.py:93} INFO - 26/05/17 01:52:24 INFO ResourceProfile: Limiting resource is cpus at 1 tasks per executor
[2026-05-17T01:52:24.477+0000] {subprocess.py:93} INFO - 26/05/17 01:52:24 INFO ResourceProfileManager: Added ResourceProfile id: 0
[2026-05-17T01:52:26.157+0000] {subprocess.py:93} INFO - 26/05/17 01:52:26 INFO SecurityManager: Changing view acls to: airflow
[2026-05-17T01:52:26.175+0000] {subprocess.py:93} INFO - 26/05/17 01:52:26 INFO SecurityManager: Changing modify acls to: airflow
[2026-05-17T01:52:26.189+0000] {subprocess.py:93} INFO - 26/05/17 01:52:26 INFO SecurityManager: Changing view acls groups to:
[2026-05-17T01:52:26.206+0000] {subprocess.py:93} INFO - 26/05/17 01:52:26 INFO SecurityManager: Changing modify acls groups to:
[2026-05-17T01:52:26.221+0000] {subprocess.py:93} INFO - 26/05/17 01:52:26 INFO SecurityManager: SecurityManager: authentication disabled; ui acls disabled; users with view permissions: airflow; groups with view permissions: EMPTY; users with modify permissions: airflow; groups with modify permissions: EMPTY
[2026-05-17T01:52:33.395+0000] {subprocess.py:93} INFO - 26/05/17 01:52:33 INFO Utils: Successfully started service 'sparkDriver' on port 36903.
[2026-05-17T01:52:34.717+0000] {subprocess.py:93} INFO - 26/05/17 01:52:34 INFO SparkEnv: Registering MapOutputTracker
[2026-05-17T01:52:36.157+0000] {subprocess.py:93} INFO - 26/05/17 01:52:36 INFO SparkEnv: Registering BlockManagerMaster
[2026-05-17T01:52:37.197+0000] {subprocess.py:93} INFO - 26/05/17 01:52:37 INFO BlockManagerMasterEndpoint: Using org.apache.spark.storage.DefaultTopologyMapper for getting topology information
[2026-05-17T01:52:37.215+0000] {subprocess.py:93} INFO - 26/05/17 01:52:37 INFO BlockManagerMasterEndpoint: BlockManagerMasterEndpoint up
[2026-05-17T01:52:37.408+0000] {subprocess.py:93} INFO - 26/05/17 01:52:37 INFO SparkEnv: Registering BlockManagerMasterHeartbeat
[2026-05-17T01:52:38.207+0000] {subprocess.py:93} INFO - 26/05/17 01:52:38 INFO DiskBlockManager: Created local directory at /tmp/blockmgr-c7b0e07b-df0a-4e1a-affb-32cd02b8cf86
[2026-05-17T01:52:38.844+0000] {subprocess.py:93} INFO - 26/05/17 01:52:38 INFO MemoryStore: MemoryStore started with capacity 434.4 MiB
[2026-05-17T01:52:39.618+0000] {subprocess.py:93} INFO - 26/05/17 01:52:39 INFO SparkEnv: Registering OutputCommitCoordinator
[2026-05-17T01:52:48.766+0000] {subprocess.py:93} INFO - 26/05/17 01:52:48 INFO JettyUtils: Start Jetty 0.0.0.0:4040 for SparkUI
[2026-05-17T01:52:52.878+0000] {subprocess.py:93} INFO - 26/05/17 01:52:52 INFO Utils: Successfully started service 'SparkUI' on port 4040.
[2026-05-17T01:52:54.710+0000] {subprocess.py:93} INFO - 26/05/17 01:52:54 INFO SparkContext: Added JAR file:///opt/airflow/jars/aws-java-sdk-bundle-1.12.262.jar at spark://e8a9653e4a1b:36903/jars/aws-java-sdk-bundle-1.12.262.jar with timestamp 1778982741725
[2026-05-17T01:52:54.742+0000] {subprocess.py:93} INFO - 26/05/17 01:52:54 INFO SparkContext: Added JAR file:///opt/airflow/jars/hadoop-aws-3.3.4.jar at spark://e8a9653e4a1b:36903/jars/hadoop-aws-3.3.4.jar with timestamp 1778982741725
[2026-05-17T01:52:54.760+0000] {subprocess.py:93} INFO - 26/05/17 01:52:54 INFO SparkContext: Added JAR file:///opt/airflow/jars/postgresql-42.7.3.jar at spark://e8a9653e4a1b:36903/jars/postgresql-42.7.3.jar with timestamp 1778982741725
[2026-05-17T01:52:58.653+0000] {subprocess.py:93} INFO - 26/05/17 01:52:58 INFO StandaloneAppClient$ClientEndpoint: Connecting to master spark://spark-master:7077...
[2026-05-17T01:53:00.013+0000] {subprocess.py:93} INFO - 26/05/17 01:52:59 INFO TransportClientFactory: Successfully created connection to spark-master/172.18.0.6:7077 after 732 ms (0 ms spent in bootstraps)
[2026-05-17T01:53:01.839+0000] {subprocess.py:93} INFO - 26/05/17 01:53:01 INFO StandaloneSchedulerBackend: Connected to Spark cluster with app ID app-20260517015301-0165
[2026-05-17T01:53:01.920+0000] {subprocess.py:93} INFO - 26/05/17 01:53:01 INFO StandaloneAppClient$ClientEndpoint: Executor added: app-20260517015301-0165/0 on worker-20260514105200-172.18.0.13-40347 (172.18.0.13:40347) with 1 core(s)
[2026-05-17T01:53:01.965+0000] {subprocess.py:93} INFO - 26/05/17 01:53:01 INFO StandaloneSchedulerBackend: Granted executor ID app-20260517015301-0165/0 on hostPort 172.18.0.13:40347 with 1 core(s), 512.0 MiB RAM
[2026-05-17T01:53:02.047+0000] {subprocess.py:93} INFO - 26/05/17 01:53:02 INFO Utils: Successfully started service 'org.apache.spark.network.netty.NettyBlockTransferService' on port 39893.
[2026-05-17T01:53:02.060+0000] {subprocess.py:93} INFO - 26/05/17 01:53:02 INFO NettyBlockTransferService: Server created on e8a9653e4a1b:39893
[2026-05-17T01:53:02.096+0000] {subprocess.py:93} INFO - 26/05/17 01:53:02 INFO BlockManager: Using org.apache.spark.storage.RandomBlockReplicationPolicy for block replication policy
[2026-05-17T01:53:02.337+0000] {subprocess.py:93} INFO - 26/05/17 01:53:02 INFO BlockManagerMaster: Registering BlockManager BlockManagerId(driver, e8a9653e4a1b, 39893, None)
[2026-05-17T01:53:02.384+0000] {subprocess.py:93} INFO - 26/05/17 01:53:02 INFO StandaloneAppClient$ClientEndpoint: Executor updated: app-20260517015301-0165/0 is now RUNNING
[2026-05-17T01:53:02.422+0000] {subprocess.py:93} INFO - 26/05/17 01:53:02 INFO BlockManagerMasterEndpoint: Registering block manager e8a9653e4a1b:39893 with 434.4 MiB RAM, BlockManagerId(driver, e8a9653e4a1b, 39893, None)
[2026-05-17T01:53:02.458+0000] {subprocess.py:93} INFO - 26/05/17 01:53:02 INFO BlockManagerMaster: Registered BlockManager BlockManagerId(driver, e8a9653e4a1b, 39893, None)
[2026-05-17T01:53:02.493+0000] {subprocess.py:93} INFO - 26/05/17 01:53:02 INFO BlockManager: Initialized BlockManager: BlockManagerId(driver, e8a9653e4a1b, 39893, None)
[2026-05-17T01:53:07.519+0000] {subprocess.py:93} INFO - 26/05/17 01:53:07 INFO StandaloneSchedulerBackend: SchedulerBackend is ready for scheduling beginning after reached minRegisteredResourcesRatio: 0.0
[2026-05-17T01:53:38.119+0000] {subprocess.py:93} INFO - 26/05/17 01:53:38 WARN MetricsConfig: Cannot locate configuration: tried hadoop-metrics2-s3a-file-system.properties,hadoop-metrics2.properties
[2026-05-17T01:55:55.515+0000] {subprocess.py:93} INFO - Lecture SILVER terminée
[2026-05-17T01:56:11.572+0000] {subprocess.py:93} INFO - Table articles_par_jour créée
[2026-05-17T01:56:21.607+0000] {subprocess.py:93} INFO - Table articles_par_source créée
[2026-05-17T01:56:29.883+0000] {subprocess.py:93} INFO - Table top_categories créée
[2026-05-17T01:56:37.865+0000] {subprocess.py:93} INFO - Table articles_par_source_jour créée
[2026-05-17T01:56:37.865+0000] {subprocess.py:93} INFO - 
[2026-05-17T01:56:37.866+0000] {subprocess.py:93} INFO - ==============================
[2026-05-17T01:56:37.867+0000] {subprocess.py:93} INFO - GOLD LAYER TERMINÉ
[2026-05-17T01:56:37.868+0000] {subprocess.py:93} INFO - ==============================
[2026-05-17T01:56:38.109+0000] {subprocess.py:97} INFO - Command exited with return code 0
[2026-05-17T01:56:38.110+0000] {taskinstance.py:441} INFO - ::group::Post task execution logs
[2026-05-17T01:56:38.397+0000] {taskinstance.py:1206} INFO - Marking task as SUCCESS. dag_id=medallion_gold_layer, task_id=gold_processing, run_id=scheduled__2026-05-17T01:45:00+00:00, execution_date=20260517T014500, start_date=20260517T015108, end_date=20260517T015638
[2026-05-17T01:56:38.468+0000] {local_task_job_runner.py:240} INFO - Task exited with return code 0
[2026-05-17T01:56:38.519+0000] {taskinstance.py:3498} INFO - 0 downstream tasks scheduled from follow-on schedule check
[2026-05-17T01:56:38.537+0000] {local_task_job_runner.py:222} INFO - ::endgroup::
