[2026-05-16T23:55:01.874+0000] {local_task_job_runner.py:120} INFO - ::group::Pre task execution logs
[2026-05-16T23:55:02.090+0000] {taskinstance.py:2076} INFO - Dependencies all met for dep_context=non-requeueable deps ti=<TaskInstance: medallion_gold_layer.gold_processing scheduled__2026-05-16T23:50:00+00:00 [queued]>
[2026-05-16T23:55:02.119+0000] {taskinstance.py:2076} INFO - Dependencies all met for dep_context=requeueable deps ti=<TaskInstance: medallion_gold_layer.gold_processing scheduled__2026-05-16T23:50:00+00:00 [queued]>
[2026-05-16T23:55:02.138+0000] {taskinstance.py:2306} INFO - Starting attempt 1 of 2
[2026-05-16T23:55:02.221+0000] {taskinstance.py:2330} INFO - Executing <Task(BashOperator): gold_processing> on 2026-05-16 23:50:00+00:00
[2026-05-16T23:55:02.238+0000] {standard_task_runner.py:63} INFO - Started process 54239 to run task
[2026-05-16T23:55:02.250+0000] {standard_task_runner.py:90} INFO - Running: ['airflow', 'tasks', 'run', 'medallion_gold_layer', 'gold_processing', 'scheduled__2026-05-16T23:50:00+00:00', '--job-id', '143', '--raw', '--subdir', 'DAGS_FOLDER/gold_layer_dag.py', '--cfg-path', '/tmp/tmpw7d4x0ft']
[2026-05-16T23:55:02.258+0000] {standard_task_runner.py:91} INFO - Job 143: Subtask gold_processing
[2026-05-16T23:55:02.910+0000] {task_command.py:426} INFO - Running <TaskInstance: medallion_gold_layer.gold_processing scheduled__2026-05-16T23:50:00+00:00 [running]> on host e8a9653e4a1b
[2026-05-16T23:55:03.830+0000] {taskinstance.py:2648} INFO - Exporting env vars: AIRFLOW_CTX_DAG_OWNER='anass' AIRFLOW_CTX_DAG_ID='medallion_gold_layer' AIRFLOW_CTX_TASK_ID='gold_processing' AIRFLOW_CTX_EXECUTION_DATE='2026-05-16T23:50:00+00:00' AIRFLOW_CTX_TRY_NUMBER='1' AIRFLOW_CTX_DAG_RUN_ID='scheduled__2026-05-16T23:50:00+00:00'
[2026-05-16T23:55:03.833+0000] {taskinstance.py:430} INFO - ::endgroup::
[2026-05-16T23:55:03.879+0000] {subprocess.py:63} INFO - Tmp dir root location: /tmp
[2026-05-16T23:55:03.883+0000] {subprocess.py:75} INFO - Running command: ['/usr/bin/bash', '-c', '\n    spark-submit     --master spark://spark-master:7077     --executor-memory 512M     --executor-cores 1     --total-executor-cores 1     --jars /opt/airflow/jars/aws-java-sdk-bundle-1.12.262.jar,/opt/airflow/jars/hadoop-aws-3.3.4.jar,/opt/airflow/jars/postgresql-42.7.3.jar     /opt/spark_jobs/gold_processor.py\n    ']
[2026-05-16T23:55:03.910+0000] {subprocess.py:86} INFO - Output:
[2026-05-16T23:55:07.796+0000] {subprocess.py:93} INFO - 26/05/16 23:55:07 WARN NativeCodeLoader: Unable to load native-hadoop library for your platform... using builtin-java classes where applicable
[2026-05-16T23:55:10.290+0000] {subprocess.py:93} INFO - 26/05/16 23:55:10 INFO SparkContext: Running Spark version 3.5.1
[2026-05-16T23:55:10.292+0000] {subprocess.py:93} INFO - 26/05/16 23:55:10 INFO SparkContext: OS info Linux, 6.6.87.2-microsoft-standard-WSL2, amd64
[2026-05-16T23:55:10.293+0000] {subprocess.py:93} INFO - 26/05/16 23:55:10 INFO SparkContext: Java version 17.0.19
[2026-05-16T23:55:10.357+0000] {subprocess.py:93} INFO - 26/05/16 23:55:10 INFO ResourceUtils: ==============================================================
[2026-05-16T23:55:10.359+0000] {subprocess.py:93} INFO - 26/05/16 23:55:10 INFO ResourceUtils: No custom resources configured for spark.driver.
[2026-05-16T23:55:10.360+0000] {subprocess.py:93} INFO - 26/05/16 23:55:10 INFO ResourceUtils: ==============================================================
[2026-05-16T23:55:10.362+0000] {subprocess.py:93} INFO - 26/05/16 23:55:10 INFO SparkContext: Submitted application: GoldLayerProcessor
[2026-05-16T23:55:10.412+0000] {subprocess.py:93} INFO - 26/05/16 23:55:10 INFO ResourceProfile: Default ResourceProfile created, executor resources: Map(cores -> name: cores, amount: 1, script: , vendor: , memory -> name: memory, amount: 512, script: , vendor: , offHeap -> name: offHeap, amount: 0, script: , vendor: ), task resources: Map(cpus -> name: cpus, amount: 1.0)
[2026-05-16T23:55:10.428+0000] {subprocess.py:93} INFO - 26/05/16 23:55:10 INFO ResourceProfile: Limiting resource is cpus at 1 tasks per executor
[2026-05-16T23:55:10.434+0000] {subprocess.py:93} INFO - 26/05/16 23:55:10 INFO ResourceProfileManager: Added ResourceProfile id: 0
[2026-05-16T23:55:10.557+0000] {subprocess.py:93} INFO - 26/05/16 23:55:10 INFO SecurityManager: Changing view acls to: airflow
[2026-05-16T23:55:10.558+0000] {subprocess.py:93} INFO - 26/05/16 23:55:10 INFO SecurityManager: Changing modify acls to: airflow
[2026-05-16T23:55:10.559+0000] {subprocess.py:93} INFO - 26/05/16 23:55:10 INFO SecurityManager: Changing view acls groups to:
[2026-05-16T23:55:10.559+0000] {subprocess.py:93} INFO - 26/05/16 23:55:10 INFO SecurityManager: Changing modify acls groups to:
[2026-05-16T23:55:10.560+0000] {subprocess.py:93} INFO - 26/05/16 23:55:10 INFO SecurityManager: SecurityManager: authentication disabled; ui acls disabled; users with view permissions: airflow; groups with view permissions: EMPTY; users with modify permissions: airflow; groups with modify permissions: EMPTY
[2026-05-16T23:55:10.868+0000] {subprocess.py:93} INFO - 26/05/16 23:55:10 INFO Utils: Successfully started service 'sparkDriver' on port 43471.
[2026-05-16T23:55:10.904+0000] {subprocess.py:93} INFO - 26/05/16 23:55:10 INFO SparkEnv: Registering MapOutputTracker
[2026-05-16T23:55:10.964+0000] {subprocess.py:93} INFO - 26/05/16 23:55:10 INFO SparkEnv: Registering BlockManagerMaster
[2026-05-16T23:55:10.992+0000] {subprocess.py:93} INFO - 26/05/16 23:55:10 INFO BlockManagerMasterEndpoint: Using org.apache.spark.storage.DefaultTopologyMapper for getting topology information
[2026-05-16T23:55:10.996+0000] {subprocess.py:93} INFO - 26/05/16 23:55:10 INFO BlockManagerMasterEndpoint: BlockManagerMasterEndpoint up
[2026-05-16T23:55:11.019+0000] {subprocess.py:93} INFO - 26/05/16 23:55:11 INFO SparkEnv: Registering BlockManagerMasterHeartbeat
[2026-05-16T23:55:11.056+0000] {subprocess.py:93} INFO - 26/05/16 23:55:11 INFO DiskBlockManager: Created local directory at /tmp/blockmgr-da5df19b-97fc-4ed6-bca3-84e6bd55d1b0
[2026-05-16T23:55:11.079+0000] {subprocess.py:93} INFO - 26/05/16 23:55:11 INFO MemoryStore: MemoryStore started with capacity 434.4 MiB
[2026-05-16T23:55:11.109+0000] {subprocess.py:93} INFO - 26/05/16 23:55:11 INFO SparkEnv: Registering OutputCommitCoordinator
[2026-05-16T23:55:11.290+0000] {subprocess.py:93} INFO - 26/05/16 23:55:11 INFO JettyUtils: Start Jetty 0.0.0.0:4040 for SparkUI
[2026-05-16T23:55:11.442+0000] {subprocess.py:93} INFO - 26/05/16 23:55:11 INFO Utils: Successfully started service 'SparkUI' on port 4040.
[2026-05-16T23:55:11.511+0000] {subprocess.py:93} INFO - 26/05/16 23:55:11 INFO SparkContext: Added JAR file:///opt/airflow/jars/aws-java-sdk-bundle-1.12.262.jar at spark://e8a9653e4a1b:43471/jars/aws-java-sdk-bundle-1.12.262.jar with timestamp 1778975710268
[2026-05-16T23:55:11.513+0000] {subprocess.py:93} INFO - 26/05/16 23:55:11 INFO SparkContext: Added JAR file:///opt/airflow/jars/hadoop-aws-3.3.4.jar at spark://e8a9653e4a1b:43471/jars/hadoop-aws-3.3.4.jar with timestamp 1778975710268
[2026-05-16T23:55:11.514+0000] {subprocess.py:93} INFO - 26/05/16 23:55:11 INFO SparkContext: Added JAR file:///opt/airflow/jars/postgresql-42.7.3.jar at spark://e8a9653e4a1b:43471/jars/postgresql-42.7.3.jar with timestamp 1778975710268
[2026-05-16T23:55:11.669+0000] {subprocess.py:93} INFO - 26/05/16 23:55:11 INFO StandaloneAppClient$ClientEndpoint: Connecting to master spark://spark-master:7077...
[2026-05-16T23:55:11.732+0000] {subprocess.py:93} INFO - 26/05/16 23:55:11 INFO TransportClientFactory: Successfully created connection to spark-master/172.18.0.6:7077 after 31 ms (0 ms spent in bootstraps)
[2026-05-16T23:55:11.839+0000] {subprocess.py:93} INFO - 26/05/16 23:55:11 INFO StandaloneSchedulerBackend: Connected to Spark cluster with app ID app-20260516235511-0142
[2026-05-16T23:55:11.848+0000] {subprocess.py:93} INFO - 26/05/16 23:55:11 INFO StandaloneAppClient$ClientEndpoint: Executor added: app-20260516235511-0142/0 on worker-20260514105200-172.18.0.13-40347 (172.18.0.13:40347) with 1 core(s)
[2026-05-16T23:55:11.852+0000] {subprocess.py:93} INFO - 26/05/16 23:55:11 INFO StandaloneSchedulerBackend: Granted executor ID app-20260516235511-0142/0 on hostPort 172.18.0.13:40347 with 1 core(s), 512.0 MiB RAM
[2026-05-16T23:55:11.858+0000] {subprocess.py:93} INFO - 26/05/16 23:55:11 INFO Utils: Successfully started service 'org.apache.spark.network.netty.NettyBlockTransferService' on port 42177.
[2026-05-16T23:55:11.860+0000] {subprocess.py:93} INFO - 26/05/16 23:55:11 INFO NettyBlockTransferService: Server created on e8a9653e4a1b:42177
[2026-05-16T23:55:11.864+0000] {subprocess.py:93} INFO - 26/05/16 23:55:11 INFO BlockManager: Using org.apache.spark.storage.RandomBlockReplicationPolicy for block replication policy
[2026-05-16T23:55:11.884+0000] {subprocess.py:93} INFO - 26/05/16 23:55:11 INFO BlockManagerMaster: Registering BlockManager BlockManagerId(driver, e8a9653e4a1b, 42177, None)
[2026-05-16T23:55:11.895+0000] {subprocess.py:93} INFO - 26/05/16 23:55:11 INFO BlockManagerMasterEndpoint: Registering block manager e8a9653e4a1b:42177 with 434.4 MiB RAM, BlockManagerId(driver, e8a9653e4a1b, 42177, None)
[2026-05-16T23:55:11.903+0000] {subprocess.py:93} INFO - 26/05/16 23:55:11 INFO BlockManagerMaster: Registered BlockManager BlockManagerId(driver, e8a9653e4a1b, 42177, None)
[2026-05-16T23:55:11.908+0000] {subprocess.py:93} INFO - 26/05/16 23:55:11 INFO BlockManager: Initialized BlockManager: BlockManagerId(driver, e8a9653e4a1b, 42177, None)
[2026-05-16T23:55:11.930+0000] {subprocess.py:93} INFO - 26/05/16 23:55:11 INFO StandaloneAppClient$ClientEndpoint: Executor updated: app-20260516235511-0142/0 is now RUNNING
[2026-05-16T23:55:12.244+0000] {subprocess.py:93} INFO - 26/05/16 23:55:12 INFO StandaloneSchedulerBackend: SchedulerBackend is ready for scheduling beginning after reached minRegisteredResourcesRatio: 0.0
[2026-05-16T23:55:14.046+0000] {subprocess.py:93} INFO - 26/05/16 23:55:14 WARN MetricsConfig: Cannot locate configuration: tried hadoop-metrics2-s3a-file-system.properties,hadoop-metrics2.properties
[2026-05-16T23:55:22.719+0000] {subprocess.py:93} INFO - Lecture SILVER terminée
[2026-05-16T23:55:40.245+0000] {subprocess.py:93} INFO - Table articles_par_jour créée
[2026-05-16T23:55:54.530+0000] {subprocess.py:93} INFO - Table articles_par_source créée
[2026-05-16T23:56:10.398+0000] {subprocess.py:93} INFO - Table top_categories créée
[2026-05-16T23:56:28.906+0000] {subprocess.py:93} INFO - Table articles_par_source_jour créée
[2026-05-16T23:56:28.908+0000] {subprocess.py:93} INFO - 
[2026-05-16T23:56:28.910+0000] {subprocess.py:93} INFO - ==============================
[2026-05-16T23:56:28.911+0000] {subprocess.py:93} INFO - GOLD LAYER TERMINÉ
[2026-05-16T23:56:28.913+0000] {subprocess.py:93} INFO - ==============================
[2026-05-16T23:56:29.694+0000] {subprocess.py:97} INFO - Command exited with return code 0
[2026-05-16T23:56:29.698+0000] {taskinstance.py:441} INFO - ::group::Post task execution logs
[2026-05-16T23:56:30.385+0000] {taskinstance.py:1206} INFO - Marking task as SUCCESS. dag_id=medallion_gold_layer, task_id=gold_processing, run_id=scheduled__2026-05-16T23:50:00+00:00, execution_date=20260516T235000, start_date=20260516T235502, end_date=20260516T235630
[2026-05-16T23:56:30.554+0000] {local_task_job_runner.py:240} INFO - Task exited with return code 0
[2026-05-16T23:56:30.675+0000] {taskinstance.py:3498} INFO - 0 downstream tasks scheduled from follow-on schedule check
[2026-05-16T23:56:30.702+0000] {local_task_job_runner.py:222} INFO - ::endgroup::
