[2026-05-19T00:07:42.349+0000] {local_task_job_runner.py:120} INFO - ::group::Pre task execution logs
[2026-05-19T00:07:42.696+0000] {taskinstance.py:2076} INFO - Dependencies all met for dep_context=non-requeueable deps ti=<TaskInstance: aljazeera_pipeline.run_aljazeera_scraper scheduled__2026-05-18T22:00:00+00:00 [queued]>
[2026-05-19T00:07:42.733+0000] {taskinstance.py:2076} INFO - Dependencies all met for dep_context=requeueable deps ti=<TaskInstance: aljazeera_pipeline.run_aljazeera_scraper scheduled__2026-05-18T22:00:00+00:00 [queued]>
[2026-05-19T00:07:42.736+0000] {taskinstance.py:2306} INFO - Starting attempt 1 of 2
[2026-05-19T00:07:42.839+0000] {taskinstance.py:2330} INFO - Executing <Task(BashOperator): run_aljazeera_scraper> on 2026-05-18 22:00:00+00:00
[2026-05-19T00:07:42.862+0000] {standard_task_runner.py:63} INFO - Started process 4091 to run task
[2026-05-19T00:07:42.872+0000] {standard_task_runner.py:90} INFO - Running: ['airflow', 'tasks', 'run', 'aljazeera_pipeline', 'run_aljazeera_scraper', 'scheduled__2026-05-18T22:00:00+00:00', '--job-id', '284', '--raw', '--subdir', 'DAGS_FOLDER/aljazeera_dag.py', '--cfg-path', '/tmp/tmp9ams2j1l']
[2026-05-19T00:07:42.899+0000] {standard_task_runner.py:91} INFO - Job 284: Subtask run_aljazeera_scraper
[2026-05-19T00:07:43.903+0000] {task_command.py:426} INFO - Running <TaskInstance: aljazeera_pipeline.run_aljazeera_scraper scheduled__2026-05-18T22:00:00+00:00 [running]> on host c43074c3fd7c
[2026-05-19T00:07:44.722+0000] {taskinstance.py:2648} INFO - Exporting env vars: AIRFLOW_CTX_DAG_OWNER='ikram' AIRFLOW_CTX_DAG_ID='aljazeera_pipeline' AIRFLOW_CTX_TASK_ID='run_aljazeera_scraper' AIRFLOW_CTX_EXECUTION_DATE='2026-05-18T22:00:00+00:00' AIRFLOW_CTX_TRY_NUMBER='1' AIRFLOW_CTX_DAG_RUN_ID='scheduled__2026-05-18T22:00:00+00:00'
[2026-05-19T00:07:44.726+0000] {taskinstance.py:430} INFO - ::endgroup::
[2026-05-19T00:07:44.770+0000] {subprocess.py:63} INFO - Tmp dir root location: /tmp
[2026-05-19T00:07:44.772+0000] {subprocess.py:75} INFO - Running command: ['/usr/bin/bash', '-c', 'python /opt/airflow/aljazeera.py']
[2026-05-19T00:07:44.823+0000] {subprocess.py:86} INFO - Output:
[2026-05-19T07:03:07.832+0000] {subprocess.py:93} INFO - Connexion Kafka réussie !
[2026-05-19T07:03:07.836+0000] {subprocess.py:93} INFO - ===== Al Jazeera (Incremental Fetch) =====
[2026-05-19T07:03:07.857+0000] {subprocess.py:93} INFO - Erreur sitemap Al Jazeera : HTTPSConnectionPool(host='www.aljazeera.com', port=443): Max retries exceeded with url: /news-sitemap.xml (Caused by NameResolutionError("<urllib3.connection.HTTPSConnection object at 0x71af3376a090>: Failed to resolve 'www.aljazeera.com' ([Errno -2] Name or service not known)"))
[2026-05-19T07:03:07.861+0000] {subprocess.py:93} INFO - Aucun nouvel article depuis la dernière exécution.
[2026-05-19T07:03:08.131+0000] {subprocess.py:97} INFO - Command exited with return code 0
[2026-05-19T07:03:08.139+0000] {taskinstance.py:441} INFO - ::group::Post task execution logs
[2026-05-19T07:03:09.053+0000] {taskinstance.py:1206} INFO - Marking task as SUCCESS. dag_id=aljazeera_pipeline, task_id=run_aljazeera_scraper, run_id=scheduled__2026-05-18T22:00:00+00:00, execution_date=20260518T220000, start_date=20260519T000742, end_date=20260519T070309
[2026-05-19T07:03:09.316+0000] {local_task_job_runner.py:240} INFO - Task exited with return code 0
[2026-05-19T07:03:10.051+0000] {taskinstance.py:3498} INFO - 0 downstream tasks scheduled from follow-on schedule check
[2026-05-19T07:03:10.064+0000] {local_task_job_runner.py:222} INFO - ::endgroup::
