[2026-05-16T02:50:01.036+0000] {local_task_job_runner.py:120} INFO - ::group::Pre task execution logs
[2026-05-16T02:50:01.132+0000] {taskinstance.py:2076} INFO - Dependencies all met for dep_context=non-requeueable deps ti=<TaskInstance: medallion_gold_layer.gold_processing scheduled__2026-05-16T02:45:00+00:00 [queued]>
[2026-05-16T02:50:01.147+0000] {taskinstance.py:2076} INFO - Dependencies all met for dep_context=requeueable deps ti=<TaskInstance: medallion_gold_layer.gold_processing scheduled__2026-05-16T02:45:00+00:00 [queued]>
[2026-05-16T02:50:01.148+0000] {taskinstance.py:2306} INFO - Starting attempt 1 of 2
[2026-05-16T02:50:01.171+0000] {taskinstance.py:2330} INFO - Executing <Task(BashOperator): gold_processing> on 2026-05-16 02:45:00+00:00
[2026-05-16T02:50:01.179+0000] {standard_task_runner.py:63} INFO - Started process 46809 to run task
[2026-05-16T02:50:01.185+0000] {standard_task_runner.py:90} INFO - Running: ['airflow', 'tasks', 'run', 'medallion_gold_layer', 'gold_processing', 'scheduled__2026-05-16T02:45:00+00:00', '--job-id', '124', '--raw', '--subdir', 'DAGS_FOLDER/gold_layer_dag.py', '--cfg-path', '/tmp/tmpif5bhox5']
[2026-05-16T02:50:01.189+0000] {standard_task_runner.py:91} INFO - Job 124: Subtask gold_processing
[2026-05-16T02:50:01.429+0000] {task_command.py:426} INFO - Running <TaskInstance: medallion_gold_layer.gold_processing scheduled__2026-05-16T02:45:00+00:00 [running]> on host e8a9653e4a1b
[2026-05-16T02:50:01.846+0000] {taskinstance.py:2648} INFO - Exporting env vars: AIRFLOW_CTX_DAG_OWNER='anass' AIRFLOW_CTX_DAG_ID='medallion_gold_layer' AIRFLOW_CTX_TASK_ID='gold_processing' AIRFLOW_CTX_EXECUTION_DATE='2026-05-16T02:45:00+00:00' AIRFLOW_CTX_TRY_NUMBER='1' AIRFLOW_CTX_DAG_RUN_ID='scheduled__2026-05-16T02:45:00+00:00'
[2026-05-16T02:50:01.847+0000] {taskinstance.py:430} INFO - ::endgroup::
[2026-05-16T02:50:01.867+0000] {subprocess.py:63} INFO - Tmp dir root location: /tmp
[2026-05-16T02:50:01.869+0000] {subprocess.py:75} INFO - Running command: ['/usr/bin/bash', '-c', '\n    spark-submit     --master spark://spark-master:7077     --executor-memory 512M     --executor-cores 1     --total-executor-cores 1     --jars /opt/airflow/jars/aws-java-sdk-bundle-1.12.262.jar,/opt/airflow/jars/hadoop-aws-3.3.4.jar,/opt/airflow/jars/postgresql-42.7.3.jar     /opt/spark_jobs/gold_processor.py\n    ']
[2026-05-16T02:50:01.882+0000] {subprocess.py:86} INFO - Output:
[2026-05-16T02:50:05.517+0000] {subprocess.py:93} INFO - 26/05/16 02:50:05 WARN NativeCodeLoader: Unable to load native-hadoop library for your platform... using builtin-java classes where applicable
[2026-05-16T02:50:07.594+0000] {subprocess.py:93} INFO - 26/05/16 02:50:07 INFO SparkContext: Running Spark version 3.5.1
[2026-05-16T02:50:07.595+0000] {subprocess.py:93} INFO - 26/05/16 02:50:07 INFO SparkContext: OS info Linux, 6.6.87.2-microsoft-standard-WSL2, amd64
[2026-05-16T02:50:07.596+0000] {subprocess.py:93} INFO - 26/05/16 02:50:07 INFO SparkContext: Java version 17.0.19
[2026-05-16T02:50:07.634+0000] {subprocess.py:93} INFO - 26/05/16 02:50:07 INFO ResourceUtils: ==============================================================
[2026-05-16T02:50:07.635+0000] {subprocess.py:93} INFO - 26/05/16 02:50:07 INFO ResourceUtils: No custom resources configured for spark.driver.
[2026-05-16T02:50:07.636+0000] {subprocess.py:93} INFO - 26/05/16 02:50:07 INFO ResourceUtils: ==============================================================
[2026-05-16T02:50:07.637+0000] {subprocess.py:93} INFO - 26/05/16 02:50:07 INFO SparkContext: Submitted application: GoldLayerProcessor
[2026-05-16T02:50:07.669+0000] {subprocess.py:93} INFO - 26/05/16 02:50:07 INFO ResourceProfile: Default ResourceProfile created, executor resources: Map(cores -> name: cores, amount: 1, script: , vendor: , memory -> name: memory, amount: 512, script: , vendor: , offHeap -> name: offHeap, amount: 0, script: , vendor: ), task resources: Map(cpus -> name: cpus, amount: 1.0)
[2026-05-16T02:50:07.683+0000] {subprocess.py:93} INFO - 26/05/16 02:50:07 INFO ResourceProfile: Limiting resource is cpus at 1 tasks per executor
[2026-05-16T02:50:07.685+0000] {subprocess.py:93} INFO - 26/05/16 02:50:07 INFO ResourceProfileManager: Added ResourceProfile id: 0
[2026-05-16T02:50:07.770+0000] {subprocess.py:93} INFO - 26/05/16 02:50:07 INFO SecurityManager: Changing view acls to: airflow
[2026-05-16T02:50:07.771+0000] {subprocess.py:93} INFO - 26/05/16 02:50:07 INFO SecurityManager: Changing modify acls to: airflow
[2026-05-16T02:50:07.772+0000] {subprocess.py:93} INFO - 26/05/16 02:50:07 INFO SecurityManager: Changing view acls groups to:
[2026-05-16T02:50:07.773+0000] {subprocess.py:93} INFO - 26/05/16 02:50:07 INFO SecurityManager: Changing modify acls groups to:
[2026-05-16T02:50:07.774+0000] {subprocess.py:93} INFO - 26/05/16 02:50:07 INFO SecurityManager: SecurityManager: authentication disabled; ui acls disabled; users with view permissions: airflow; groups with view permissions: EMPTY; users with modify permissions: airflow; groups with modify permissions: EMPTY
[2026-05-16T02:50:08.112+0000] {subprocess.py:93} INFO - 26/05/16 02:50:08 INFO Utils: Successfully started service 'sparkDriver' on port 37565.
[2026-05-16T02:50:08.146+0000] {subprocess.py:93} INFO - 26/05/16 02:50:08 INFO SparkEnv: Registering MapOutputTracker
[2026-05-16T02:50:08.197+0000] {subprocess.py:93} INFO - 26/05/16 02:50:08 INFO SparkEnv: Registering BlockManagerMaster
[2026-05-16T02:50:08.236+0000] {subprocess.py:93} INFO - 26/05/16 02:50:08 INFO BlockManagerMasterEndpoint: Using org.apache.spark.storage.DefaultTopologyMapper for getting topology information
[2026-05-16T02:50:08.238+0000] {subprocess.py:93} INFO - 26/05/16 02:50:08 INFO BlockManagerMasterEndpoint: BlockManagerMasterEndpoint up
[2026-05-16T02:50:08.245+0000] {subprocess.py:93} INFO - 26/05/16 02:50:08 INFO SparkEnv: Registering BlockManagerMasterHeartbeat
[2026-05-16T02:50:08.279+0000] {subprocess.py:93} INFO - 26/05/16 02:50:08 INFO DiskBlockManager: Created local directory at /tmp/blockmgr-3ef718cd-6f39-45a4-8791-9b34004f441f
[2026-05-16T02:50:08.296+0000] {subprocess.py:93} INFO - 26/05/16 02:50:08 INFO MemoryStore: MemoryStore started with capacity 434.4 MiB
[2026-05-16T02:50:08.330+0000] {subprocess.py:93} INFO - 26/05/16 02:50:08 INFO SparkEnv: Registering OutputCommitCoordinator
[2026-05-16T02:50:08.534+0000] {subprocess.py:93} INFO - 26/05/16 02:50:08 INFO JettyUtils: Start Jetty 0.0.0.0:4040 for SparkUI
[2026-05-16T02:50:08.657+0000] {subprocess.py:93} INFO - 26/05/16 02:50:08 INFO Utils: Successfully started service 'SparkUI' on port 4040.
[2026-05-16T02:50:08.710+0000] {subprocess.py:93} INFO - 26/05/16 02:50:08 INFO SparkContext: Added JAR file:///opt/airflow/jars/aws-java-sdk-bundle-1.12.262.jar at spark://e8a9653e4a1b:37565/jars/aws-java-sdk-bundle-1.12.262.jar with timestamp 1778899807583
[2026-05-16T02:50:08.711+0000] {subprocess.py:93} INFO - 26/05/16 02:50:08 INFO SparkContext: Added JAR file:///opt/airflow/jars/hadoop-aws-3.3.4.jar at spark://e8a9653e4a1b:37565/jars/hadoop-aws-3.3.4.jar with timestamp 1778899807583
[2026-05-16T02:50:08.712+0000] {subprocess.py:93} INFO - 26/05/16 02:50:08 INFO SparkContext: Added JAR file:///opt/airflow/jars/postgresql-42.7.3.jar at spark://e8a9653e4a1b:37565/jars/postgresql-42.7.3.jar with timestamp 1778899807583
[2026-05-16T02:50:08.848+0000] {subprocess.py:93} INFO - 26/05/16 02:50:08 INFO StandaloneAppClient$ClientEndpoint: Connecting to master spark://spark-master:7077...
[2026-05-16T02:50:08.922+0000] {subprocess.py:93} INFO - 26/05/16 02:50:08 INFO TransportClientFactory: Successfully created connection to spark-master/172.18.0.6:7077 after 40 ms (0 ms spent in bootstraps)
[2026-05-16T02:50:09.055+0000] {subprocess.py:93} INFO - 26/05/16 02:50:09 INFO StandaloneSchedulerBackend: Connected to Spark cluster with app ID app-20260516025009-0123
[2026-05-16T02:50:09.059+0000] {subprocess.py:93} INFO - 26/05/16 02:50:09 INFO StandaloneAppClient$ClientEndpoint: Executor added: app-20260516025009-0123/0 on worker-20260514105200-172.18.0.13-40347 (172.18.0.13:40347) with 1 core(s)
[2026-05-16T02:50:09.064+0000] {subprocess.py:93} INFO - 26/05/16 02:50:09 INFO StandaloneSchedulerBackend: Granted executor ID app-20260516025009-0123/0 on hostPort 172.18.0.13:40347 with 1 core(s), 512.0 MiB RAM
[2026-05-16T02:50:09.083+0000] {subprocess.py:93} INFO - 26/05/16 02:50:09 INFO Utils: Successfully started service 'org.apache.spark.network.netty.NettyBlockTransferService' on port 40639.
[2026-05-16T02:50:09.084+0000] {subprocess.py:93} INFO - 26/05/16 02:50:09 INFO NettyBlockTransferService: Server created on e8a9653e4a1b:40639
[2026-05-16T02:50:09.087+0000] {subprocess.py:93} INFO - 26/05/16 02:50:09 INFO BlockManager: Using org.apache.spark.storage.RandomBlockReplicationPolicy for block replication policy
[2026-05-16T02:50:09.101+0000] {subprocess.py:93} INFO - 26/05/16 02:50:09 INFO BlockManagerMaster: Registering BlockManager BlockManagerId(driver, e8a9653e4a1b, 40639, None)
[2026-05-16T02:50:09.107+0000] {subprocess.py:93} INFO - 26/05/16 02:50:09 INFO BlockManagerMasterEndpoint: Registering block manager e8a9653e4a1b:40639 with 434.4 MiB RAM, BlockManagerId(driver, e8a9653e4a1b, 40639, None)
[2026-05-16T02:50:09.114+0000] {subprocess.py:93} INFO - 26/05/16 02:50:09 INFO BlockManagerMaster: Registered BlockManager BlockManagerId(driver, e8a9653e4a1b, 40639, None)
[2026-05-16T02:50:09.118+0000] {subprocess.py:93} INFO - 26/05/16 02:50:09 INFO BlockManager: Initialized BlockManager: BlockManagerId(driver, e8a9653e4a1b, 40639, None)
[2026-05-16T02:50:09.134+0000] {subprocess.py:93} INFO - 26/05/16 02:50:09 INFO StandaloneAppClient$ClientEndpoint: Executor updated: app-20260516025009-0123/0 is now RUNNING
[2026-05-16T02:50:09.550+0000] {subprocess.py:93} INFO - 26/05/16 02:50:09 INFO StandaloneSchedulerBackend: SchedulerBackend is ready for scheduling beginning after reached minRegisteredResourcesRatio: 0.0
[2026-05-16T02:50:12.153+0000] {subprocess.py:93} INFO - 26/05/16 02:50:12 WARN MetricsConfig: Cannot locate configuration: tried hadoop-metrics2-s3a-file-system.properties,hadoop-metrics2.properties
[2026-05-16T02:50:22.322+0000] {subprocess.py:93} INFO - Lecture SILVER terminée
[2026-05-16T02:50:35.714+0000] {subprocess.py:93} INFO - Table articles_par_jour créée
[2026-05-16T02:50:42.236+0000] {subprocess.py:93} INFO - Table articles_par_source créée
[2026-05-16T02:50:47.928+0000] {subprocess.py:93} INFO - Table top_categories créée
[2026-05-16T02:50:53.194+0000] {subprocess.py:93} INFO - Table articles_par_source_jour créée
[2026-05-16T02:50:53.195+0000] {subprocess.py:93} INFO - 
[2026-05-16T02:50:53.196+0000] {subprocess.py:93} INFO - ==============================
[2026-05-16T02:50:53.196+0000] {subprocess.py:93} INFO - GOLD LAYER TERMINÉ
[2026-05-16T02:50:53.197+0000] {subprocess.py:93} INFO - ==============================
[2026-05-16T02:50:53.716+0000] {subprocess.py:97} INFO - Command exited with return code 0
[2026-05-16T02:50:53.735+0000] {taskinstance.py:441} INFO - ::group::Post task execution logs
[2026-05-16T02:50:53.830+0000] {taskinstance.py:1206} INFO - Marking task as SUCCESS. dag_id=medallion_gold_layer, task_id=gold_processing, run_id=scheduled__2026-05-16T02:45:00+00:00, execution_date=20260516T024500, start_date=20260516T025001, end_date=20260516T025053
[2026-05-16T02:50:53.989+0000] {local_task_job_runner.py:240} INFO - Task exited with return code 0
[2026-05-16T02:50:54.030+0000] {taskinstance.py:3498} INFO - 0 downstream tasks scheduled from follow-on schedule check
[2026-05-16T02:50:54.038+0000] {local_task_job_runner.py:222} INFO - ::endgroup::
