[2026-05-14T11:00:00.194+0000] {local_task_job_runner.py:120} INFO - ::group::Pre task execution logs
[2026-05-14T11:00:00.466+0000] {taskinstance.py:2076} INFO - Dependencies all met for dep_context=non-requeueable deps ti=<TaskInstance: medallion_gold_layer.gold_processing scheduled__2026-05-14T10:50:00+00:00 [queued]>
[2026-05-14T11:00:00.514+0000] {taskinstance.py:2076} INFO - Dependencies all met for dep_context=requeueable deps ti=<TaskInstance: medallion_gold_layer.gold_processing scheduled__2026-05-14T10:50:00+00:00 [queued]>
[2026-05-14T11:00:00.516+0000] {taskinstance.py:2306} INFO - Starting attempt 1 of 2
[2026-05-14T11:00:00.592+0000] {taskinstance.py:2330} INFO - Executing <Task(BashOperator): gold_processing> on 2026-05-14 10:50:00+00:00
[2026-05-14T11:00:00.605+0000] {standard_task_runner.py:63} INFO - Started process 285 to run task
[2026-05-14T11:00:00.612+0000] {standard_task_runner.py:90} INFO - Running: ['airflow', 'tasks', 'run', 'medallion_gold_layer', 'gold_processing', 'scheduled__2026-05-14T10:50:00+00:00', '--job-id', '2', '--raw', '--subdir', 'DAGS_FOLDER/gold_layer_dag.py', '--cfg-path', '/tmp/tmpee4g18_t']
[2026-05-14T11:00:00.617+0000] {standard_task_runner.py:91} INFO - Job 2: Subtask gold_processing
[2026-05-14T11:00:01.148+0000] {task_command.py:426} INFO - Running <TaskInstance: medallion_gold_layer.gold_processing scheduled__2026-05-14T10:50:00+00:00 [running]> on host e8a9653e4a1b
[2026-05-14T11:00:02.095+0000] {taskinstance.py:2648} INFO - Exporting env vars: AIRFLOW_CTX_DAG_OWNER='anass' AIRFLOW_CTX_DAG_ID='medallion_gold_layer' AIRFLOW_CTX_TASK_ID='gold_processing' AIRFLOW_CTX_EXECUTION_DATE='2026-05-14T10:50:00+00:00' AIRFLOW_CTX_TRY_NUMBER='1' AIRFLOW_CTX_DAG_RUN_ID='scheduled__2026-05-14T10:50:00+00:00'
[2026-05-14T11:00:02.098+0000] {taskinstance.py:430} INFO - ::endgroup::
[2026-05-14T11:00:02.267+0000] {subprocess.py:63} INFO - Tmp dir root location: /tmp
[2026-05-14T11:00:02.271+0000] {subprocess.py:75} INFO - Running command: ['/usr/bin/bash', '-c', '\n    spark-submit     --master spark://spark-master:7077     --executor-memory 512M     --executor-cores 1     --total-executor-cores 1     --jars /opt/airflow/jars/aws-java-sdk-bundle-1.12.262.jar,/opt/airflow/jars/hadoop-aws-3.3.4.jar,/opt/airflow/jars/postgresql-42.7.3.jar     /opt/spark_jobs/gold_processor.py\n    ']
[2026-05-14T11:00:02.312+0000] {subprocess.py:86} INFO - Output:
[2026-05-14T11:00:08.700+0000] {subprocess.py:93} INFO - 26/05/14 11:00:08 WARN NativeCodeLoader: Unable to load native-hadoop library for your platform... using builtin-java classes where applicable
[2026-05-14T11:00:11.848+0000] {subprocess.py:93} INFO - 26/05/14 11:00:11 INFO SparkContext: Running Spark version 3.5.1
[2026-05-14T11:00:11.850+0000] {subprocess.py:93} INFO - 26/05/14 11:00:11 INFO SparkContext: OS info Linux, 6.6.87.2-microsoft-standard-WSL2, amd64
[2026-05-14T11:00:11.853+0000] {subprocess.py:93} INFO - 26/05/14 11:00:11 INFO SparkContext: Java version 17.0.19
[2026-05-14T11:00:11.948+0000] {subprocess.py:93} INFO - 26/05/14 11:00:11 INFO ResourceUtils: ==============================================================
[2026-05-14T11:00:11.949+0000] {subprocess.py:93} INFO - 26/05/14 11:00:11 INFO ResourceUtils: No custom resources configured for spark.driver.
[2026-05-14T11:00:11.951+0000] {subprocess.py:93} INFO - 26/05/14 11:00:11 INFO ResourceUtils: ==============================================================
[2026-05-14T11:00:11.953+0000] {subprocess.py:93} INFO - 26/05/14 11:00:11 INFO SparkContext: Submitted application: GoldLayerProcessor
[2026-05-14T11:00:12.011+0000] {subprocess.py:93} INFO - 26/05/14 11:00:12 INFO ResourceProfile: Default ResourceProfile created, executor resources: Map(cores -> name: cores, amount: 1, script: , vendor: , memory -> name: memory, amount: 512, script: , vendor: , offHeap -> name: offHeap, amount: 0, script: , vendor: ), task resources: Map(cpus -> name: cpus, amount: 1.0)
[2026-05-14T11:00:12.032+0000] {subprocess.py:93} INFO - 26/05/14 11:00:12 INFO ResourceProfile: Limiting resource is cpus at 1 tasks per executor
[2026-05-14T11:00:12.039+0000] {subprocess.py:93} INFO - 26/05/14 11:00:12 INFO ResourceProfileManager: Added ResourceProfile id: 0
[2026-05-14T11:00:12.215+0000] {subprocess.py:93} INFO - 26/05/14 11:00:12 INFO SecurityManager: Changing view acls to: airflow
[2026-05-14T11:00:12.217+0000] {subprocess.py:93} INFO - 26/05/14 11:00:12 INFO SecurityManager: Changing modify acls to: airflow
[2026-05-14T11:00:12.219+0000] {subprocess.py:93} INFO - 26/05/14 11:00:12 INFO SecurityManager: Changing view acls groups to:
[2026-05-14T11:00:12.221+0000] {subprocess.py:93} INFO - 26/05/14 11:00:12 INFO SecurityManager: Changing modify acls groups to:
[2026-05-14T11:00:12.222+0000] {subprocess.py:93} INFO - 26/05/14 11:00:12 INFO SecurityManager: SecurityManager: authentication disabled; ui acls disabled; users with view permissions: airflow; groups with view permissions: EMPTY; users with modify permissions: airflow; groups with modify permissions: EMPTY
[2026-05-14T11:00:12.995+0000] {subprocess.py:93} INFO - 26/05/14 11:00:12 INFO Utils: Successfully started service 'sparkDriver' on port 39323.
[2026-05-14T11:00:13.115+0000] {subprocess.py:93} INFO - 26/05/14 11:00:13 INFO SparkEnv: Registering MapOutputTracker
[2026-05-14T11:00:13.218+0000] {subprocess.py:93} INFO - 26/05/14 11:00:13 INFO SparkEnv: Registering BlockManagerMaster
[2026-05-14T11:00:13.275+0000] {subprocess.py:93} INFO - 26/05/14 11:00:13 INFO BlockManagerMasterEndpoint: Using org.apache.spark.storage.DefaultTopologyMapper for getting topology information
[2026-05-14T11:00:13.277+0000] {subprocess.py:93} INFO - 26/05/14 11:00:13 INFO BlockManagerMasterEndpoint: BlockManagerMasterEndpoint up
[2026-05-14T11:00:13.288+0000] {subprocess.py:93} INFO - 26/05/14 11:00:13 INFO SparkEnv: Registering BlockManagerMasterHeartbeat
[2026-05-14T11:00:13.368+0000] {subprocess.py:93} INFO - 26/05/14 11:00:13 INFO DiskBlockManager: Created local directory at /tmp/blockmgr-03a75d73-08ff-4929-842f-dfd376254df7
[2026-05-14T11:00:13.415+0000] {subprocess.py:93} INFO - 26/05/14 11:00:13 INFO MemoryStore: MemoryStore started with capacity 434.4 MiB
[2026-05-14T11:00:13.471+0000] {subprocess.py:93} INFO - 26/05/14 11:00:13 INFO SparkEnv: Registering OutputCommitCoordinator
[2026-05-14T11:00:13.877+0000] {subprocess.py:93} INFO - 26/05/14 11:00:13 INFO JettyUtils: Start Jetty 0.0.0.0:4040 for SparkUI
[2026-05-14T11:00:14.093+0000] {subprocess.py:93} INFO - 26/05/14 11:00:14 INFO Utils: Successfully started service 'SparkUI' on port 4040.
[2026-05-14T11:00:14.174+0000] {subprocess.py:93} INFO - 26/05/14 11:00:14 INFO SparkContext: Added JAR file:///opt/airflow/jars/aws-java-sdk-bundle-1.12.262.jar at spark://e8a9653e4a1b:39323/jars/aws-java-sdk-bundle-1.12.262.jar with timestamp 1778756411822
[2026-05-14T11:00:14.175+0000] {subprocess.py:93} INFO - 26/05/14 11:00:14 INFO SparkContext: Added JAR file:///opt/airflow/jars/hadoop-aws-3.3.4.jar at spark://e8a9653e4a1b:39323/jars/hadoop-aws-3.3.4.jar with timestamp 1778756411822
[2026-05-14T11:00:14.180+0000] {subprocess.py:93} INFO - 26/05/14 11:00:14 INFO SparkContext: Added JAR file:///opt/airflow/jars/postgresql-42.7.3.jar at spark://e8a9653e4a1b:39323/jars/postgresql-42.7.3.jar with timestamp 1778756411822
[2026-05-14T11:00:14.400+0000] {subprocess.py:93} INFO - 26/05/14 11:00:14 INFO StandaloneAppClient$ClientEndpoint: Connecting to master spark://spark-master:7077...
[2026-05-14T11:00:14.565+0000] {subprocess.py:93} INFO - 26/05/14 11:00:14 INFO TransportClientFactory: Successfully created connection to spark-master/172.18.0.6:7077 after 97 ms (0 ms spent in bootstraps)
[2026-05-14T11:00:14.817+0000] {subprocess.py:93} INFO - 26/05/14 11:00:14 INFO StandaloneSchedulerBackend: Connected to Spark cluster with app ID app-20260514110014-0001
[2026-05-14T11:00:14.834+0000] {subprocess.py:93} INFO - 26/05/14 11:00:14 INFO StandaloneAppClient$ClientEndpoint: Executor added: app-20260514110014-0001/0 on worker-20260514105200-172.18.0.13-40347 (172.18.0.13:40347) with 1 core(s)
[2026-05-14T11:00:14.837+0000] {subprocess.py:93} INFO - 26/05/14 11:00:14 INFO StandaloneSchedulerBackend: Granted executor ID app-20260514110014-0001/0 on hostPort 172.18.0.13:40347 with 1 core(s), 512.0 MiB RAM
[2026-05-14T11:00:14.871+0000] {subprocess.py:93} INFO - 26/05/14 11:00:14 INFO Utils: Successfully started service 'org.apache.spark.network.netty.NettyBlockTransferService' on port 32843.
[2026-05-14T11:00:14.874+0000] {subprocess.py:93} INFO - 26/05/14 11:00:14 INFO NettyBlockTransferService: Server created on e8a9653e4a1b:32843
[2026-05-14T11:00:14.884+0000] {subprocess.py:93} INFO - 26/05/14 11:00:14 INFO BlockManager: Using org.apache.spark.storage.RandomBlockReplicationPolicy for block replication policy
[2026-05-14T11:00:14.923+0000] {subprocess.py:93} INFO - 26/05/14 11:00:14 INFO BlockManagerMaster: Registering BlockManager BlockManagerId(driver, e8a9653e4a1b, 32843, None)
[2026-05-14T11:00:14.939+0000] {subprocess.py:93} INFO - 26/05/14 11:00:14 INFO BlockManagerMasterEndpoint: Registering block manager e8a9653e4a1b:32843 with 434.4 MiB RAM, BlockManagerId(driver, e8a9653e4a1b, 32843, None)
[2026-05-14T11:00:14.948+0000] {subprocess.py:93} INFO - 26/05/14 11:00:14 INFO BlockManagerMaster: Registered BlockManager BlockManagerId(driver, e8a9653e4a1b, 32843, None)
[2026-05-14T11:00:14.960+0000] {subprocess.py:93} INFO - 26/05/14 11:00:14 INFO BlockManager: Initialized BlockManager: BlockManagerId(driver, e8a9653e4a1b, 32843, None)
[2026-05-14T11:00:15.022+0000] {subprocess.py:93} INFO - 26/05/14 11:00:15 INFO StandaloneAppClient$ClientEndpoint: Executor updated: app-20260514110014-0001/0 is now RUNNING
[2026-05-14T11:00:15.693+0000] {subprocess.py:93} INFO - 26/05/14 11:00:15 INFO StandaloneSchedulerBackend: SchedulerBackend is ready for scheduling beginning after reached minRegisteredResourcesRatio: 0.0
[2026-05-14T11:00:19.574+0000] {subprocess.py:93} INFO - 26/05/14 11:00:19 WARN MetricsConfig: Cannot locate configuration: tried hadoop-metrics2-s3a-file-system.properties,hadoop-metrics2.properties
[2026-05-14T11:00:33.666+0000] {subprocess.py:93} INFO - Lecture SILVER terminée
[2026-05-14T11:00:44.075+0000] {subprocess.py:93} INFO - Table articles_par_jour créée
[2026-05-14T11:00:51.397+0000] {subprocess.py:93} INFO - Table articles_par_source créée
[2026-05-14T11:00:56.532+0000] {subprocess.py:93} INFO - Table top_categories créée
[2026-05-14T11:01:00.231+0000] {subprocess.py:93} INFO - Table articles_par_source_jour créée
[2026-05-14T11:01:00.233+0000] {subprocess.py:93} INFO - 
[2026-05-14T11:01:00.234+0000] {subprocess.py:93} INFO - ==============================
[2026-05-14T11:01:00.239+0000] {subprocess.py:93} INFO - GOLD LAYER TERMINÉ
[2026-05-14T11:01:00.241+0000] {subprocess.py:93} INFO - ==============================
[2026-05-14T11:01:01.242+0000] {subprocess.py:97} INFO - Command exited with return code 0
[2026-05-14T11:01:01.245+0000] {taskinstance.py:441} INFO - ::group::Post task execution logs
[2026-05-14T11:01:01.692+0000] {taskinstance.py:1206} INFO - Marking task as SUCCESS. dag_id=medallion_gold_layer, task_id=gold_processing, run_id=scheduled__2026-05-14T10:50:00+00:00, execution_date=20260514T105000, start_date=20260514T110000, end_date=20260514T110101
[2026-05-14T11:01:01.814+0000] {local_task_job_runner.py:240} INFO - Task exited with return code 0
[2026-05-14T11:01:01.997+0000] {taskinstance.py:3498} INFO - 0 downstream tasks scheduled from follow-on schedule check
[2026-05-14T11:01:02.026+0000] {local_task_job_runner.py:222} INFO - ::endgroup::
