[2026-05-16T23:05:01.825+0000] {local_task_job_runner.py:120} INFO - ::group::Pre task execution logs
[2026-05-16T23:05:02.014+0000] {taskinstance.py:2076} INFO - Dependencies all met for dep_context=non-requeueable deps ti=<TaskInstance: medallion_gold_layer.gold_processing scheduled__2026-05-16T23:00:00+00:00 [queued]>
[2026-05-16T23:05:02.058+0000] {taskinstance.py:2076} INFO - Dependencies all met for dep_context=requeueable deps ti=<TaskInstance: medallion_gold_layer.gold_processing scheduled__2026-05-16T23:00:00+00:00 [queued]>
[2026-05-16T23:05:02.060+0000] {taskinstance.py:2306} INFO - Starting attempt 1 of 2
[2026-05-16T23:05:02.131+0000] {taskinstance.py:2330} INFO - Executing <Task(BashOperator): gold_processing> on 2026-05-16 23:00:00+00:00
[2026-05-16T23:05:02.148+0000] {standard_task_runner.py:63} INFO - Started process 50309 to run task
[2026-05-16T23:05:02.160+0000] {standard_task_runner.py:90} INFO - Running: ['airflow', 'tasks', 'run', 'medallion_gold_layer', 'gold_processing', 'scheduled__2026-05-16T23:00:00+00:00', '--job-id', '133', '--raw', '--subdir', 'DAGS_FOLDER/gold_layer_dag.py', '--cfg-path', '/tmp/tmpmymew58h']
[2026-05-16T23:05:02.171+0000] {standard_task_runner.py:91} INFO - Job 133: Subtask gold_processing
[2026-05-16T23:05:02.618+0000] {task_command.py:426} INFO - Running <TaskInstance: medallion_gold_layer.gold_processing scheduled__2026-05-16T23:00:00+00:00 [running]> on host e8a9653e4a1b
[2026-05-16T23:05:03.268+0000] {taskinstance.py:2648} INFO - Exporting env vars: AIRFLOW_CTX_DAG_OWNER='anass' AIRFLOW_CTX_DAG_ID='medallion_gold_layer' AIRFLOW_CTX_TASK_ID='gold_processing' AIRFLOW_CTX_EXECUTION_DATE='2026-05-16T23:00:00+00:00' AIRFLOW_CTX_TRY_NUMBER='1' AIRFLOW_CTX_DAG_RUN_ID='scheduled__2026-05-16T23:00:00+00:00'
[2026-05-16T23:05:03.270+0000] {taskinstance.py:430} INFO - ::endgroup::
[2026-05-16T23:05:03.308+0000] {subprocess.py:63} INFO - Tmp dir root location: /tmp
[2026-05-16T23:05:03.311+0000] {subprocess.py:75} INFO - Running command: ['/usr/bin/bash', '-c', '\n    spark-submit     --master spark://spark-master:7077     --executor-memory 512M     --executor-cores 1     --total-executor-cores 1     --jars /opt/airflow/jars/aws-java-sdk-bundle-1.12.262.jar,/opt/airflow/jars/hadoop-aws-3.3.4.jar,/opt/airflow/jars/postgresql-42.7.3.jar     /opt/spark_jobs/gold_processor.py\n    ']
[2026-05-16T23:05:03.334+0000] {subprocess.py:86} INFO - Output:
[2026-05-16T23:05:06.241+0000] {subprocess.py:93} INFO - 26/05/16 23:05:06 WARN NativeCodeLoader: Unable to load native-hadoop library for your platform... using builtin-java classes where applicable
[2026-05-16T23:05:08.113+0000] {subprocess.py:93} INFO - 26/05/16 23:05:08 INFO SparkContext: Running Spark version 3.5.1
[2026-05-16T23:05:08.116+0000] {subprocess.py:93} INFO - 26/05/16 23:05:08 INFO SparkContext: OS info Linux, 6.6.87.2-microsoft-standard-WSL2, amd64
[2026-05-16T23:05:08.118+0000] {subprocess.py:93} INFO - 26/05/16 23:05:08 INFO SparkContext: Java version 17.0.19
[2026-05-16T23:05:08.246+0000] {subprocess.py:93} INFO - 26/05/16 23:05:08 INFO ResourceUtils: ==============================================================
[2026-05-16T23:05:08.248+0000] {subprocess.py:93} INFO - 26/05/16 23:05:08 INFO ResourceUtils: No custom resources configured for spark.driver.
[2026-05-16T23:05:08.250+0000] {subprocess.py:93} INFO - 26/05/16 23:05:08 INFO ResourceUtils: ==============================================================
[2026-05-16T23:05:08.252+0000] {subprocess.py:93} INFO - 26/05/16 23:05:08 INFO SparkContext: Submitted application: GoldLayerProcessor
[2026-05-16T23:05:08.293+0000] {subprocess.py:93} INFO - 26/05/16 23:05:08 INFO ResourceProfile: Default ResourceProfile created, executor resources: Map(cores -> name: cores, amount: 1, script: , vendor: , memory -> name: memory, amount: 512, script: , vendor: , offHeap -> name: offHeap, amount: 0, script: , vendor: ), task resources: Map(cpus -> name: cpus, amount: 1.0)
[2026-05-16T23:05:08.305+0000] {subprocess.py:93} INFO - 26/05/16 23:05:08 INFO ResourceProfile: Limiting resource is cpus at 1 tasks per executor
[2026-05-16T23:05:08.308+0000] {subprocess.py:93} INFO - 26/05/16 23:05:08 INFO ResourceProfileManager: Added ResourceProfile id: 0
[2026-05-16T23:05:08.401+0000] {subprocess.py:93} INFO - 26/05/16 23:05:08 INFO SecurityManager: Changing view acls to: airflow
[2026-05-16T23:05:08.403+0000] {subprocess.py:93} INFO - 26/05/16 23:05:08 INFO SecurityManager: Changing modify acls to: airflow
[2026-05-16T23:05:08.404+0000] {subprocess.py:93} INFO - 26/05/16 23:05:08 INFO SecurityManager: Changing view acls groups to:
[2026-05-16T23:05:08.405+0000] {subprocess.py:93} INFO - 26/05/16 23:05:08 INFO SecurityManager: Changing modify acls groups to:
[2026-05-16T23:05:08.406+0000] {subprocess.py:93} INFO - 26/05/16 23:05:08 INFO SecurityManager: SecurityManager: authentication disabled; ui acls disabled; users with view permissions: airflow; groups with view permissions: EMPTY; users with modify permissions: airflow; groups with modify permissions: EMPTY
[2026-05-16T23:05:08.807+0000] {subprocess.py:93} INFO - 26/05/16 23:05:08 INFO Utils: Successfully started service 'sparkDriver' on port 41793.
[2026-05-16T23:05:08.843+0000] {subprocess.py:93} INFO - 26/05/16 23:05:08 INFO SparkEnv: Registering MapOutputTracker
[2026-05-16T23:05:08.938+0000] {subprocess.py:93} INFO - 26/05/16 23:05:08 INFO SparkEnv: Registering BlockManagerMaster
[2026-05-16T23:05:08.987+0000] {subprocess.py:93} INFO - 26/05/16 23:05:08 INFO BlockManagerMasterEndpoint: Using org.apache.spark.storage.DefaultTopologyMapper for getting topology information
[2026-05-16T23:05:08.989+0000] {subprocess.py:93} INFO - 26/05/16 23:05:08 INFO BlockManagerMasterEndpoint: BlockManagerMasterEndpoint up
[2026-05-16T23:05:08.994+0000] {subprocess.py:93} INFO - 26/05/16 23:05:08 INFO SparkEnv: Registering BlockManagerMasterHeartbeat
[2026-05-16T23:05:09.018+0000] {subprocess.py:93} INFO - 26/05/16 23:05:09 INFO DiskBlockManager: Created local directory at /tmp/blockmgr-3547c6ef-8c4c-4aee-8929-0b8c5610eed1
[2026-05-16T23:05:09.036+0000] {subprocess.py:93} INFO - 26/05/16 23:05:09 INFO MemoryStore: MemoryStore started with capacity 434.4 MiB
[2026-05-16T23:05:09.058+0000] {subprocess.py:93} INFO - 26/05/16 23:05:09 INFO SparkEnv: Registering OutputCommitCoordinator
[2026-05-16T23:05:09.242+0000] {subprocess.py:93} INFO - 26/05/16 23:05:09 INFO JettyUtils: Start Jetty 0.0.0.0:4040 for SparkUI
[2026-05-16T23:05:09.374+0000] {subprocess.py:93} INFO - 26/05/16 23:05:09 INFO Utils: Successfully started service 'SparkUI' on port 4040.
[2026-05-16T23:05:09.488+0000] {subprocess.py:93} INFO - 26/05/16 23:05:09 INFO SparkContext: Added JAR file:///opt/airflow/jars/aws-java-sdk-bundle-1.12.262.jar at spark://e8a9653e4a1b:41793/jars/aws-java-sdk-bundle-1.12.262.jar with timestamp 1778972708089
[2026-05-16T23:05:09.490+0000] {subprocess.py:93} INFO - 26/05/16 23:05:09 INFO SparkContext: Added JAR file:///opt/airflow/jars/hadoop-aws-3.3.4.jar at spark://e8a9653e4a1b:41793/jars/hadoop-aws-3.3.4.jar with timestamp 1778972708089
[2026-05-16T23:05:09.491+0000] {subprocess.py:93} INFO - 26/05/16 23:05:09 INFO SparkContext: Added JAR file:///opt/airflow/jars/postgresql-42.7.3.jar at spark://e8a9653e4a1b:41793/jars/postgresql-42.7.3.jar with timestamp 1778972708089
[2026-05-16T23:05:09.645+0000] {subprocess.py:93} INFO - 26/05/16 23:05:09 INFO StandaloneAppClient$ClientEndpoint: Connecting to master spark://spark-master:7077...
[2026-05-16T23:05:09.729+0000] {subprocess.py:93} INFO - 26/05/16 23:05:09 INFO TransportClientFactory: Successfully created connection to spark-master/172.18.0.6:7077 after 50 ms (0 ms spent in bootstraps)
[2026-05-16T23:05:09.878+0000] {subprocess.py:93} INFO - 26/05/16 23:05:09 INFO StandaloneSchedulerBackend: Connected to Spark cluster with app ID app-20260516230509-0132
[2026-05-16T23:05:09.886+0000] {subprocess.py:93} INFO - 26/05/16 23:05:09 INFO StandaloneAppClient$ClientEndpoint: Executor added: app-20260516230509-0132/0 on worker-20260514105200-172.18.0.13-40347 (172.18.0.13:40347) with 1 core(s)
[2026-05-16T23:05:09.895+0000] {subprocess.py:93} INFO - 26/05/16 23:05:09 INFO StandaloneSchedulerBackend: Granted executor ID app-20260516230509-0132/0 on hostPort 172.18.0.13:40347 with 1 core(s), 512.0 MiB RAM
[2026-05-16T23:05:09.917+0000] {subprocess.py:93} INFO - 26/05/16 23:05:09 INFO Utils: Successfully started service 'org.apache.spark.network.netty.NettyBlockTransferService' on port 46659.
[2026-05-16T23:05:09.919+0000] {subprocess.py:93} INFO - 26/05/16 23:05:09 INFO NettyBlockTransferService: Server created on e8a9653e4a1b:46659
[2026-05-16T23:05:09.925+0000] {subprocess.py:93} INFO - 26/05/16 23:05:09 INFO BlockManager: Using org.apache.spark.storage.RandomBlockReplicationPolicy for block replication policy
[2026-05-16T23:05:09.953+0000] {subprocess.py:93} INFO - 26/05/16 23:05:09 INFO BlockManagerMaster: Registering BlockManager BlockManagerId(driver, e8a9653e4a1b, 46659, None)
[2026-05-16T23:05:09.968+0000] {subprocess.py:93} INFO - 26/05/16 23:05:09 INFO BlockManagerMasterEndpoint: Registering block manager e8a9653e4a1b:46659 with 434.4 MiB RAM, BlockManagerId(driver, e8a9653e4a1b, 46659, None)
[2026-05-16T23:05:09.975+0000] {subprocess.py:93} INFO - 26/05/16 23:05:09 INFO BlockManagerMaster: Registered BlockManager BlockManagerId(driver, e8a9653e4a1b, 46659, None)
[2026-05-16T23:05:09.978+0000] {subprocess.py:93} INFO - 26/05/16 23:05:09 INFO BlockManager: Initialized BlockManager: BlockManagerId(driver, e8a9653e4a1b, 46659, None)
[2026-05-16T23:05:09.999+0000] {subprocess.py:93} INFO - 26/05/16 23:05:09 INFO StandaloneAppClient$ClientEndpoint: Executor updated: app-20260516230509-0132/0 is now RUNNING
[2026-05-16T23:05:10.425+0000] {subprocess.py:93} INFO - 26/05/16 23:05:10 INFO StandaloneSchedulerBackend: SchedulerBackend is ready for scheduling beginning after reached minRegisteredResourcesRatio: 0.0
[2026-05-16T23:05:12.613+0000] {subprocess.py:93} INFO - 26/05/16 23:05:12 WARN MetricsConfig: Cannot locate configuration: tried hadoop-metrics2-s3a-file-system.properties,hadoop-metrics2.properties
[2026-05-16T23:05:23.660+0000] {subprocess.py:93} INFO - Lecture SILVER terminée
[2026-05-16T23:05:44.345+0000] {subprocess.py:93} INFO - Table articles_par_jour créée
[2026-05-16T23:06:03.175+0000] {subprocess.py:93} INFO - Table articles_par_source créée
[2026-05-16T23:06:19.441+0000] {subprocess.py:93} INFO - Table top_categories créée
[2026-05-16T23:06:35.627+0000] {subprocess.py:93} INFO - Table articles_par_source_jour créée
[2026-05-16T23:06:35.630+0000] {subprocess.py:93} INFO - 
[2026-05-16T23:06:35.632+0000] {subprocess.py:93} INFO - ==============================
[2026-05-16T23:06:35.634+0000] {subprocess.py:93} INFO - GOLD LAYER TERMINÉ
[2026-05-16T23:06:35.636+0000] {subprocess.py:93} INFO - ==============================
[2026-05-16T23:06:36.536+0000] {subprocess.py:97} INFO - Command exited with return code 0
[2026-05-16T23:06:36.539+0000] {taskinstance.py:441} INFO - ::group::Post task execution logs
[2026-05-16T23:06:37.132+0000] {taskinstance.py:1206} INFO - Marking task as SUCCESS. dag_id=medallion_gold_layer, task_id=gold_processing, run_id=scheduled__2026-05-16T23:00:00+00:00, execution_date=20260516T230000, start_date=20260516T230502, end_date=20260516T230637
[2026-05-16T23:06:37.242+0000] {local_task_job_runner.py:240} INFO - Task exited with return code 0
[2026-05-16T23:06:37.354+0000] {taskinstance.py:3498} INFO - 0 downstream tasks scheduled from follow-on schedule check
[2026-05-16T23:06:37.377+0000] {local_task_job_runner.py:222} INFO - ::endgroup::
