[2026-05-19T10:35:01.942+0000] {local_task_job_runner.py:120} INFO - ::group::Pre task execution logs
[2026-05-19T10:35:02.202+0000] {taskinstance.py:2076} INFO - Dependencies all met for dep_context=non-requeueable deps ti=<TaskInstance: medallion_gold_layer.gold_processing scheduled__2026-05-19T10:30:00+00:00 [queued]>
[2026-05-19T10:35:02.229+0000] {taskinstance.py:2076} INFO - Dependencies all met for dep_context=requeueable deps ti=<TaskInstance: medallion_gold_layer.gold_processing scheduled__2026-05-19T10:30:00+00:00 [queued]>
[2026-05-19T10:35:02.232+0000] {taskinstance.py:2306} INFO - Starting attempt 1 of 2
[2026-05-19T10:35:02.329+0000] {taskinstance.py:2330} INFO - Executing <Task(BashOperator): gold_processing> on 2026-05-19 10:30:00+00:00
[2026-05-19T10:35:02.345+0000] {standard_task_runner.py:63} INFO - Started process 7516 to run task
[2026-05-19T10:35:02.357+0000] {standard_task_runner.py:90} INFO - Running: ['airflow', 'tasks', 'run', 'medallion_gold_layer', 'gold_processing', 'scheduled__2026-05-19T10:30:00+00:00', '--job-id', '300', '--raw', '--subdir', 'DAGS_FOLDER/gold_layer_dag.py', '--cfg-path', '/tmp/tmpnbex_za8']
[2026-05-19T10:35:02.368+0000] {standard_task_runner.py:91} INFO - Job 300: Subtask gold_processing
[2026-05-19T10:35:02.852+0000] {task_command.py:426} INFO - Running <TaskInstance: medallion_gold_layer.gold_processing scheduled__2026-05-19T10:30:00+00:00 [running]> on host c43074c3fd7c
[2026-05-19T10:35:03.502+0000] {taskinstance.py:2648} INFO - Exporting env vars: AIRFLOW_CTX_DAG_OWNER='ikram' AIRFLOW_CTX_DAG_ID='medallion_gold_layer' AIRFLOW_CTX_TASK_ID='gold_processing' AIRFLOW_CTX_EXECUTION_DATE='2026-05-19T10:30:00+00:00' AIRFLOW_CTX_TRY_NUMBER='1' AIRFLOW_CTX_DAG_RUN_ID='scheduled__2026-05-19T10:30:00+00:00'
[2026-05-19T10:35:03.504+0000] {taskinstance.py:430} INFO - ::endgroup::
[2026-05-19T10:35:03.530+0000] {subprocess.py:63} INFO - Tmp dir root location: /tmp
[2026-05-19T10:35:03.533+0000] {subprocess.py:75} INFO - Running command: ['/usr/bin/bash', '-c', '\n    spark-submit     --master spark://spark-master:7077     --executor-memory 512M     --executor-cores 1     --total-executor-cores 1     --jars /opt/airflow/jars/aws-java-sdk-bundle-1.12.262.jar,/opt/airflow/jars/hadoop-aws-3.3.4.jar,/opt/airflow/jars/postgresql-42.7.3.jar     /opt/spark_jobs/gold_processor.py\n    ']
[2026-05-19T10:35:03.554+0000] {subprocess.py:86} INFO - Output:
[2026-05-19T10:35:06.761+0000] {subprocess.py:93} INFO - 26/05/19 10:35:06 WARN NativeCodeLoader: Unable to load native-hadoop library for your platform... using builtin-java classes where applicable
[2026-05-19T10:35:08.644+0000] {subprocess.py:93} INFO - 26/05/19 10:35:08 INFO SparkContext: Running Spark version 3.5.1
[2026-05-19T10:35:08.645+0000] {subprocess.py:93} INFO - 26/05/19 10:35:08 INFO SparkContext: OS info Linux, 6.6.87.2-microsoft-standard-WSL2, amd64
[2026-05-19T10:35:08.645+0000] {subprocess.py:93} INFO - 26/05/19 10:35:08 INFO SparkContext: Java version 17.0.19
[2026-05-19T10:35:08.678+0000] {subprocess.py:93} INFO - 26/05/19 10:35:08 INFO ResourceUtils: ==============================================================
[2026-05-19T10:35:08.680+0000] {subprocess.py:93} INFO - 26/05/19 10:35:08 INFO ResourceUtils: No custom resources configured for spark.driver.
[2026-05-19T10:35:08.681+0000] {subprocess.py:93} INFO - 26/05/19 10:35:08 INFO ResourceUtils: ==============================================================
[2026-05-19T10:35:08.682+0000] {subprocess.py:93} INFO - 26/05/19 10:35:08 INFO SparkContext: Submitted application: GoldLayerProcessor
[2026-05-19T10:35:08.709+0000] {subprocess.py:93} INFO - 26/05/19 10:35:08 INFO ResourceProfile: Default ResourceProfile created, executor resources: Map(cores -> name: cores, amount: 1, script: , vendor: , memory -> name: memory, amount: 512, script: , vendor: , offHeap -> name: offHeap, amount: 0, script: , vendor: ), task resources: Map(cpus -> name: cpus, amount: 1.0)
[2026-05-19T10:35:08.720+0000] {subprocess.py:93} INFO - 26/05/19 10:35:08 INFO ResourceProfile: Limiting resource is cpus at 1 tasks per executor
[2026-05-19T10:35:08.722+0000] {subprocess.py:93} INFO - 26/05/19 10:35:08 INFO ResourceProfileManager: Added ResourceProfile id: 0
[2026-05-19T10:35:08.782+0000] {subprocess.py:93} INFO - 26/05/19 10:35:08 INFO SecurityManager: Changing view acls to: airflow
[2026-05-19T10:35:08.783+0000] {subprocess.py:93} INFO - 26/05/19 10:35:08 INFO SecurityManager: Changing modify acls to: airflow
[2026-05-19T10:35:08.784+0000] {subprocess.py:93} INFO - 26/05/19 10:35:08 INFO SecurityManager: Changing view acls groups to:
[2026-05-19T10:35:08.785+0000] {subprocess.py:93} INFO - 26/05/19 10:35:08 INFO SecurityManager: Changing modify acls groups to:
[2026-05-19T10:35:08.786+0000] {subprocess.py:93} INFO - 26/05/19 10:35:08 INFO SecurityManager: SecurityManager: authentication disabled; ui acls disabled; users with view permissions: airflow; groups with view permissions: EMPTY; users with modify permissions: airflow; groups with modify permissions: EMPTY
[2026-05-19T10:35:09.093+0000] {subprocess.py:93} INFO - 26/05/19 10:35:09 INFO Utils: Successfully started service 'sparkDriver' on port 39155.
[2026-05-19T10:35:09.129+0000] {subprocess.py:93} INFO - 26/05/19 10:35:09 INFO SparkEnv: Registering MapOutputTracker
[2026-05-19T10:35:09.174+0000] {subprocess.py:93} INFO - 26/05/19 10:35:09 INFO SparkEnv: Registering BlockManagerMaster
[2026-05-19T10:35:09.201+0000] {subprocess.py:93} INFO - 26/05/19 10:35:09 INFO BlockManagerMasterEndpoint: Using org.apache.spark.storage.DefaultTopologyMapper for getting topology information
[2026-05-19T10:35:09.202+0000] {subprocess.py:93} INFO - 26/05/19 10:35:09 INFO BlockManagerMasterEndpoint: BlockManagerMasterEndpoint up
[2026-05-19T10:35:09.206+0000] {subprocess.py:93} INFO - 26/05/19 10:35:09 INFO SparkEnv: Registering BlockManagerMasterHeartbeat
[2026-05-19T10:35:09.226+0000] {subprocess.py:93} INFO - 26/05/19 10:35:09 INFO DiskBlockManager: Created local directory at /tmp/blockmgr-1cc6e689-b97d-4857-b384-1b9f744c1e6f
[2026-05-19T10:35:09.249+0000] {subprocess.py:93} INFO - 26/05/19 10:35:09 INFO MemoryStore: MemoryStore started with capacity 434.4 MiB
[2026-05-19T10:35:09.274+0000] {subprocess.py:93} INFO - 26/05/19 10:35:09 INFO SparkEnv: Registering OutputCommitCoordinator
[2026-05-19T10:35:09.421+0000] {subprocess.py:93} INFO - 26/05/19 10:35:09 INFO JettyUtils: Start Jetty 0.0.0.0:4040 for SparkUI
[2026-05-19T10:35:09.530+0000] {subprocess.py:93} INFO - 26/05/19 10:35:09 INFO Utils: Successfully started service 'SparkUI' on port 4040.
[2026-05-19T10:35:09.617+0000] {subprocess.py:93} INFO - 26/05/19 10:35:09 INFO SparkContext: Added JAR file:///opt/airflow/jars/aws-java-sdk-bundle-1.12.262.jar at spark://c43074c3fd7c:39155/jars/aws-java-sdk-bundle-1.12.262.jar with timestamp 1779186908636
[2026-05-19T10:35:09.619+0000] {subprocess.py:93} INFO - 26/05/19 10:35:09 INFO SparkContext: Added JAR file:///opt/airflow/jars/hadoop-aws-3.3.4.jar at spark://c43074c3fd7c:39155/jars/hadoop-aws-3.3.4.jar with timestamp 1779186908636
[2026-05-19T10:35:09.621+0000] {subprocess.py:93} INFO - 26/05/19 10:35:09 INFO SparkContext: Added JAR file:///opt/airflow/jars/postgresql-42.7.3.jar at spark://c43074c3fd7c:39155/jars/postgresql-42.7.3.jar with timestamp 1779186908636
[2026-05-19T10:35:09.744+0000] {subprocess.py:93} INFO - 26/05/19 10:35:09 INFO StandaloneAppClient$ClientEndpoint: Connecting to master spark://spark-master:7077...
[2026-05-19T10:35:09.824+0000] {subprocess.py:93} INFO - 26/05/19 10:35:09 INFO TransportClientFactory: Successfully created connection to spark-master/172.18.0.4:7077 after 50 ms (0 ms spent in bootstraps)
[2026-05-19T10:35:10.107+0000] {subprocess.py:93} INFO - 26/05/19 10:35:10 INFO StandaloneSchedulerBackend: Connected to Spark cluster with app ID app-20260519103510-0029
[2026-05-19T10:35:10.112+0000] {subprocess.py:93} INFO - 26/05/19 10:35:10 INFO StandaloneAppClient$ClientEndpoint: Executor added: app-20260519103510-0029/0 on worker-20260518211503-172.18.0.3-40747 (172.18.0.3:40747) with 1 core(s)
[2026-05-19T10:35:10.122+0000] {subprocess.py:93} INFO - 26/05/19 10:35:10 INFO StandaloneSchedulerBackend: Granted executor ID app-20260519103510-0029/0 on hostPort 172.18.0.3:40747 with 1 core(s), 512.0 MiB RAM
[2026-05-19T10:35:10.147+0000] {subprocess.py:93} INFO - 26/05/19 10:35:10 INFO Utils: Successfully started service 'org.apache.spark.network.netty.NettyBlockTransferService' on port 44719.
[2026-05-19T10:35:10.149+0000] {subprocess.py:93} INFO - 26/05/19 10:35:10 INFO NettyBlockTransferService: Server created on c43074c3fd7c:44719
[2026-05-19T10:35:10.152+0000] {subprocess.py:93} INFO - 26/05/19 10:35:10 INFO BlockManager: Using org.apache.spark.storage.RandomBlockReplicationPolicy for block replication policy
[2026-05-19T10:35:10.165+0000] {subprocess.py:93} INFO - 26/05/19 10:35:10 INFO BlockManagerMaster: Registering BlockManager BlockManagerId(driver, c43074c3fd7c, 44719, None)
[2026-05-19T10:35:10.173+0000] {subprocess.py:93} INFO - 26/05/19 10:35:10 INFO BlockManagerMasterEndpoint: Registering block manager c43074c3fd7c:44719 with 434.4 MiB RAM, BlockManagerId(driver, c43074c3fd7c, 44719, None)
[2026-05-19T10:35:10.179+0000] {subprocess.py:93} INFO - 26/05/19 10:35:10 INFO BlockManagerMaster: Registered BlockManager BlockManagerId(driver, c43074c3fd7c, 44719, None)
[2026-05-19T10:35:10.184+0000] {subprocess.py:93} INFO - 26/05/19 10:35:10 INFO BlockManager: Initialized BlockManager: BlockManagerId(driver, c43074c3fd7c, 44719, None)
[2026-05-19T10:35:10.201+0000] {subprocess.py:93} INFO - 26/05/19 10:35:10 INFO StandaloneAppClient$ClientEndpoint: Executor updated: app-20260519103510-0029/0 is now RUNNING
[2026-05-19T10:35:10.538+0000] {subprocess.py:93} INFO - 26/05/19 10:35:10 INFO StandaloneSchedulerBackend: SchedulerBackend is ready for scheduling beginning after reached minRegisteredResourcesRatio: 0.0
[2026-05-19T10:35:12.721+0000] {subprocess.py:93} INFO - 26/05/19 10:35:12 WARN MetricsConfig: Cannot locate configuration: tried hadoop-metrics2-s3a-file-system.properties,hadoop-metrics2.properties
[2026-05-19T10:35:29.141+0000] {subprocess.py:93} INFO - Lecture SILVER terminée
[2026-05-19T10:36:09.468+0000] {subprocess.py:93} INFO - Table articles_par_jour créée
[2026-05-19T10:36:40.231+0000] {subprocess.py:93} INFO - Table articles_par_source créée
[2026-05-19T10:37:05.957+0000] {subprocess.py:93} INFO - Table top_categories créée
[2026-05-19T10:37:36.402+0000] {subprocess.py:93} INFO - Table articles_par_source_jour créée
[2026-05-19T10:37:36.403+0000] {subprocess.py:93} INFO - 
[2026-05-19T10:37:36.405+0000] {subprocess.py:93} INFO - ==============================
[2026-05-19T10:37:36.406+0000] {subprocess.py:93} INFO - GOLD LAYER TERMINÉ
[2026-05-19T10:37:36.407+0000] {subprocess.py:93} INFO - ==============================
[2026-05-19T10:37:37.066+0000] {subprocess.py:97} INFO - Command exited with return code 0
[2026-05-19T10:37:37.070+0000] {taskinstance.py:441} INFO - ::group::Post task execution logs
[2026-05-19T10:37:37.678+0000] {taskinstance.py:1206} INFO - Marking task as SUCCESS. dag_id=medallion_gold_layer, task_id=gold_processing, run_id=scheduled__2026-05-19T10:30:00+00:00, execution_date=20260519T103000, start_date=20260519T103502, end_date=20260519T103737
[2026-05-19T10:37:37.790+0000] {local_task_job_runner.py:240} INFO - Task exited with return code 0
[2026-05-19T10:37:37.874+0000] {taskinstance.py:3498} INFO - 0 downstream tasks scheduled from follow-on schedule check
[2026-05-19T10:37:37.895+0000] {local_task_job_runner.py:222} INFO - ::endgroup::
