[2026-05-16T01:05:01.997+0000] {local_task_job_runner.py:120} INFO - ::group::Pre task execution logs
[2026-05-16T01:05:02.194+0000] {taskinstance.py:2076} INFO - Dependencies all met for dep_context=non-requeueable deps ti=<TaskInstance: medallion_gold_layer.gold_processing scheduled__2026-05-16T01:00:00+00:00 [queued]>
[2026-05-16T01:05:02.217+0000] {taskinstance.py:2076} INFO - Dependencies all met for dep_context=requeueable deps ti=<TaskInstance: medallion_gold_layer.gold_processing scheduled__2026-05-16T01:00:00+00:00 [queued]>
[2026-05-16T01:05:02.219+0000] {taskinstance.py:2306} INFO - Starting attempt 1 of 2
[2026-05-16T01:05:02.288+0000] {taskinstance.py:2330} INFO - Executing <Task(BashOperator): gold_processing> on 2026-05-16 01:00:00+00:00
[2026-05-16T01:05:02.326+0000] {standard_task_runner.py:63} INFO - Started process 38589 to run task
[2026-05-16T01:05:02.352+0000] {standard_task_runner.py:90} INFO - Running: ['airflow', 'tasks', 'run', 'medallion_gold_layer', 'gold_processing', 'scheduled__2026-05-16T01:00:00+00:00', '--job-id', '103', '--raw', '--subdir', 'DAGS_FOLDER/gold_layer_dag.py', '--cfg-path', '/tmp/tmpouju9p0u']
[2026-05-16T01:05:02.366+0000] {standard_task_runner.py:91} INFO - Job 103: Subtask gold_processing
[2026-05-16T01:05:02.848+0000] {task_command.py:426} INFO - Running <TaskInstance: medallion_gold_layer.gold_processing scheduled__2026-05-16T01:00:00+00:00 [running]> on host e8a9653e4a1b
[2026-05-16T01:05:03.441+0000] {taskinstance.py:2648} INFO - Exporting env vars: AIRFLOW_CTX_DAG_OWNER='anass' AIRFLOW_CTX_DAG_ID='medallion_gold_layer' AIRFLOW_CTX_TASK_ID='gold_processing' AIRFLOW_CTX_EXECUTION_DATE='2026-05-16T01:00:00+00:00' AIRFLOW_CTX_TRY_NUMBER='1' AIRFLOW_CTX_DAG_RUN_ID='scheduled__2026-05-16T01:00:00+00:00'
[2026-05-16T01:05:03.443+0000] {taskinstance.py:430} INFO - ::endgroup::
[2026-05-16T01:05:03.475+0000] {subprocess.py:63} INFO - Tmp dir root location: /tmp
[2026-05-16T01:05:03.477+0000] {subprocess.py:75} INFO - Running command: ['/usr/bin/bash', '-c', '\n    spark-submit     --master spark://spark-master:7077     --executor-memory 512M     --executor-cores 1     --total-executor-cores 1     --jars /opt/airflow/jars/aws-java-sdk-bundle-1.12.262.jar,/opt/airflow/jars/hadoop-aws-3.3.4.jar,/opt/airflow/jars/postgresql-42.7.3.jar     /opt/spark_jobs/gold_processor.py\n    ']
[2026-05-16T01:05:03.502+0000] {subprocess.py:86} INFO - Output:
[2026-05-16T01:05:07.076+0000] {subprocess.py:93} INFO - 26/05/16 01:05:07 WARN NativeCodeLoader: Unable to load native-hadoop library for your platform... using builtin-java classes where applicable
[2026-05-16T01:05:10.126+0000] {subprocess.py:93} INFO - 26/05/16 01:05:10 INFO SparkContext: Running Spark version 3.5.1
[2026-05-16T01:05:10.128+0000] {subprocess.py:93} INFO - 26/05/16 01:05:10 INFO SparkContext: OS info Linux, 6.6.87.2-microsoft-standard-WSL2, amd64
[2026-05-16T01:05:10.130+0000] {subprocess.py:93} INFO - 26/05/16 01:05:10 INFO SparkContext: Java version 17.0.19
[2026-05-16T01:05:10.205+0000] {subprocess.py:93} INFO - 26/05/16 01:05:10 INFO ResourceUtils: ==============================================================
[2026-05-16T01:05:10.206+0000] {subprocess.py:93} INFO - 26/05/16 01:05:10 INFO ResourceUtils: No custom resources configured for spark.driver.
[2026-05-16T01:05:10.207+0000] {subprocess.py:93} INFO - 26/05/16 01:05:10 INFO ResourceUtils: ==============================================================
[2026-05-16T01:05:10.208+0000] {subprocess.py:93} INFO - 26/05/16 01:05:10 INFO SparkContext: Submitted application: GoldLayerProcessor
[2026-05-16T01:05:10.244+0000] {subprocess.py:93} INFO - 26/05/16 01:05:10 INFO ResourceProfile: Default ResourceProfile created, executor resources: Map(cores -> name: cores, amount: 1, script: , vendor: , memory -> name: memory, amount: 512, script: , vendor: , offHeap -> name: offHeap, amount: 0, script: , vendor: ), task resources: Map(cpus -> name: cpus, amount: 1.0)
[2026-05-16T01:05:10.262+0000] {subprocess.py:93} INFO - 26/05/16 01:05:10 INFO ResourceProfile: Limiting resource is cpus at 1 tasks per executor
[2026-05-16T01:05:10.267+0000] {subprocess.py:93} INFO - 26/05/16 01:05:10 INFO ResourceProfileManager: Added ResourceProfile id: 0
[2026-05-16T01:05:10.367+0000] {subprocess.py:93} INFO - 26/05/16 01:05:10 INFO SecurityManager: Changing view acls to: airflow
[2026-05-16T01:05:10.369+0000] {subprocess.py:93} INFO - 26/05/16 01:05:10 INFO SecurityManager: Changing modify acls to: airflow
[2026-05-16T01:05:10.370+0000] {subprocess.py:93} INFO - 26/05/16 01:05:10 INFO SecurityManager: Changing view acls groups to:
[2026-05-16T01:05:10.371+0000] {subprocess.py:93} INFO - 26/05/16 01:05:10 INFO SecurityManager: Changing modify acls groups to:
[2026-05-16T01:05:10.372+0000] {subprocess.py:93} INFO - 26/05/16 01:05:10 INFO SecurityManager: SecurityManager: authentication disabled; ui acls disabled; users with view permissions: airflow; groups with view permissions: EMPTY; users with modify permissions: airflow; groups with modify permissions: EMPTY
[2026-05-16T01:05:10.840+0000] {subprocess.py:93} INFO - 26/05/16 01:05:10 INFO Utils: Successfully started service 'sparkDriver' on port 42167.
[2026-05-16T01:05:10.935+0000] {subprocess.py:93} INFO - 26/05/16 01:05:10 INFO SparkEnv: Registering MapOutputTracker
[2026-05-16T01:05:11.002+0000] {subprocess.py:93} INFO - 26/05/16 01:05:11 INFO SparkEnv: Registering BlockManagerMaster
[2026-05-16T01:05:11.048+0000] {subprocess.py:93} INFO - 26/05/16 01:05:11 INFO BlockManagerMasterEndpoint: Using org.apache.spark.storage.DefaultTopologyMapper for getting topology information
[2026-05-16T01:05:11.050+0000] {subprocess.py:93} INFO - 26/05/16 01:05:11 INFO BlockManagerMasterEndpoint: BlockManagerMasterEndpoint up
[2026-05-16T01:05:11.061+0000] {subprocess.py:93} INFO - 26/05/16 01:05:11 INFO SparkEnv: Registering BlockManagerMasterHeartbeat
[2026-05-16T01:05:11.092+0000] {subprocess.py:93} INFO - 26/05/16 01:05:11 INFO DiskBlockManager: Created local directory at /tmp/blockmgr-9804e261-aaa0-402c-a333-9f1e78ca00be
[2026-05-16T01:05:11.126+0000] {subprocess.py:93} INFO - 26/05/16 01:05:11 INFO MemoryStore: MemoryStore started with capacity 434.4 MiB
[2026-05-16T01:05:11.161+0000] {subprocess.py:93} INFO - 26/05/16 01:05:11 INFO SparkEnv: Registering OutputCommitCoordinator
[2026-05-16T01:05:11.374+0000] {subprocess.py:93} INFO - 26/05/16 01:05:11 INFO JettyUtils: Start Jetty 0.0.0.0:4040 for SparkUI
[2026-05-16T01:05:11.494+0000] {subprocess.py:93} INFO - 26/05/16 01:05:11 INFO Utils: Successfully started service 'SparkUI' on port 4040.
[2026-05-16T01:05:11.616+0000] {subprocess.py:93} INFO - 26/05/16 01:05:11 INFO SparkContext: Added JAR file:///opt/airflow/jars/aws-java-sdk-bundle-1.12.262.jar at spark://e8a9653e4a1b:42167/jars/aws-java-sdk-bundle-1.12.262.jar with timestamp 1778893510102
[2026-05-16T01:05:11.618+0000] {subprocess.py:93} INFO - 26/05/16 01:05:11 INFO SparkContext: Added JAR file:///opt/airflow/jars/hadoop-aws-3.3.4.jar at spark://e8a9653e4a1b:42167/jars/hadoop-aws-3.3.4.jar with timestamp 1778893510102
[2026-05-16T01:05:11.620+0000] {subprocess.py:93} INFO - 26/05/16 01:05:11 INFO SparkContext: Added JAR file:///opt/airflow/jars/postgresql-42.7.3.jar at spark://e8a9653e4a1b:42167/jars/postgresql-42.7.3.jar with timestamp 1778893510102
[2026-05-16T01:05:11.747+0000] {subprocess.py:93} INFO - 26/05/16 01:05:11 INFO StandaloneAppClient$ClientEndpoint: Connecting to master spark://spark-master:7077...
[2026-05-16T01:05:11.814+0000] {subprocess.py:93} INFO - 26/05/16 01:05:11 INFO TransportClientFactory: Successfully created connection to spark-master/172.18.0.6:7077 after 38 ms (0 ms spent in bootstraps)
[2026-05-16T01:05:12.023+0000] {subprocess.py:93} INFO - 26/05/16 01:05:12 INFO StandaloneSchedulerBackend: Connected to Spark cluster with app ID app-20260516010511-0102
[2026-05-16T01:05:12.036+0000] {subprocess.py:93} INFO - 26/05/16 01:05:12 INFO StandaloneAppClient$ClientEndpoint: Executor added: app-20260516010511-0102/0 on worker-20260514105200-172.18.0.13-40347 (172.18.0.13:40347) with 1 core(s)
[2026-05-16T01:05:12.042+0000] {subprocess.py:93} INFO - 26/05/16 01:05:12 INFO StandaloneSchedulerBackend: Granted executor ID app-20260516010511-0102/0 on hostPort 172.18.0.13:40347 with 1 core(s), 512.0 MiB RAM
[2026-05-16T01:05:12.058+0000] {subprocess.py:93} INFO - 26/05/16 01:05:12 INFO Utils: Successfully started service 'org.apache.spark.network.netty.NettyBlockTransferService' on port 42231.
[2026-05-16T01:05:12.060+0000] {subprocess.py:93} INFO - 26/05/16 01:05:12 INFO NettyBlockTransferService: Server created on e8a9653e4a1b:42231
[2026-05-16T01:05:12.062+0000] {subprocess.py:93} INFO - 26/05/16 01:05:12 INFO BlockManager: Using org.apache.spark.storage.RandomBlockReplicationPolicy for block replication policy
[2026-05-16T01:05:12.081+0000] {subprocess.py:93} INFO - 26/05/16 01:05:12 INFO BlockManagerMaster: Registering BlockManager BlockManagerId(driver, e8a9653e4a1b, 42231, None)
[2026-05-16T01:05:12.097+0000] {subprocess.py:93} INFO - 26/05/16 01:05:12 INFO BlockManagerMasterEndpoint: Registering block manager e8a9653e4a1b:42231 with 434.4 MiB RAM, BlockManagerId(driver, e8a9653e4a1b, 42231, None)
[2026-05-16T01:05:12.108+0000] {subprocess.py:93} INFO - 26/05/16 01:05:12 INFO BlockManagerMaster: Registered BlockManager BlockManagerId(driver, e8a9653e4a1b, 42231, None)
[2026-05-16T01:05:12.113+0000] {subprocess.py:93} INFO - 26/05/16 01:05:12 INFO BlockManager: Initialized BlockManager: BlockManagerId(driver, e8a9653e4a1b, 42231, None)
[2026-05-16T01:05:12.131+0000] {subprocess.py:93} INFO - 26/05/16 01:05:12 INFO StandaloneAppClient$ClientEndpoint: Executor updated: app-20260516010511-0102/0 is now RUNNING
[2026-05-16T01:05:12.486+0000] {subprocess.py:93} INFO - 26/05/16 01:05:12 INFO StandaloneSchedulerBackend: SchedulerBackend is ready for scheduling beginning after reached minRegisteredResourcesRatio: 0.0
[2026-05-16T01:05:14.237+0000] {subprocess.py:93} INFO - 26/05/16 01:05:14 WARN MetricsConfig: Cannot locate configuration: tried hadoop-metrics2-s3a-file-system.properties,hadoop-metrics2.properties
[2026-05-16T01:05:24.265+0000] {subprocess.py:93} INFO - Lecture SILVER terminée
[2026-05-16T01:05:46.420+0000] {subprocess.py:93} INFO - Table articles_par_jour créée
[2026-05-16T01:06:04.883+0000] {subprocess.py:93} INFO - Table articles_par_source créée
[2026-05-16T01:06:21.226+0000] {subprocess.py:93} INFO - Table top_categories créée
[2026-05-16T01:06:35.995+0000] {subprocess.py:93} INFO - Table articles_par_source_jour créée
[2026-05-16T01:06:35.996+0000] {subprocess.py:93} INFO - 
[2026-05-16T01:06:35.998+0000] {subprocess.py:93} INFO - ==============================
[2026-05-16T01:06:36.000+0000] {subprocess.py:93} INFO - GOLD LAYER TERMINÉ
[2026-05-16T01:06:36.002+0000] {subprocess.py:93} INFO - ==============================
[2026-05-16T01:06:36.907+0000] {subprocess.py:97} INFO - Command exited with return code 0
[2026-05-16T01:06:36.909+0000] {taskinstance.py:441} INFO - ::group::Post task execution logs
[2026-05-16T01:06:37.512+0000] {taskinstance.py:1206} INFO - Marking task as SUCCESS. dag_id=medallion_gold_layer, task_id=gold_processing, run_id=scheduled__2026-05-16T01:00:00+00:00, execution_date=20260516T010000, start_date=20260516T010502, end_date=20260516T010637
[2026-05-16T01:06:37.641+0000] {local_task_job_runner.py:240} INFO - Task exited with return code 0
[2026-05-16T01:06:37.756+0000] {taskinstance.py:3498} INFO - 0 downstream tasks scheduled from follow-on schedule check
[2026-05-16T01:06:37.780+0000] {local_task_job_runner.py:222} INFO - ::endgroup::
