[2026-05-15T23:25:01.073+0000] {local_task_job_runner.py:120} INFO - ::group::Pre task execution logs
[2026-05-15T23:25:01.121+0000] {taskinstance.py:2076} INFO - Dependencies all met for dep_context=non-requeueable deps ti=<TaskInstance: medallion_gold_layer.gold_processing scheduled__2026-05-15T23:20:00+00:00 [queued]>
[2026-05-15T23:25:01.128+0000] {taskinstance.py:2076} INFO - Dependencies all met for dep_context=requeueable deps ti=<TaskInstance: medallion_gold_layer.gold_processing scheduled__2026-05-15T23:20:00+00:00 [queued]>
[2026-05-15T23:25:01.129+0000] {taskinstance.py:2306} INFO - Starting attempt 1 of 2
[2026-05-15T23:25:01.143+0000] {taskinstance.py:2330} INFO - Executing <Task(BashOperator): gold_processing> on 2026-05-15 23:20:00+00:00
[2026-05-15T23:25:01.147+0000] {standard_task_runner.py:63} INFO - Started process 31790 to run task
[2026-05-15T23:25:01.149+0000] {standard_task_runner.py:90} INFO - Running: ['airflow', 'tasks', 'run', 'medallion_gold_layer', 'gold_processing', 'scheduled__2026-05-15T23:20:00+00:00', '--job-id', '86', '--raw', '--subdir', 'DAGS_FOLDER/gold_layer_dag.py', '--cfg-path', '/tmp/tmpqsu7s_65']
[2026-05-15T23:25:01.152+0000] {standard_task_runner.py:91} INFO - Job 86: Subtask gold_processing
[2026-05-15T23:25:01.306+0000] {task_command.py:426} INFO - Running <TaskInstance: medallion_gold_layer.gold_processing scheduled__2026-05-15T23:20:00+00:00 [running]> on host e8a9653e4a1b
[2026-05-15T23:25:01.504+0000] {taskinstance.py:2648} INFO - Exporting env vars: AIRFLOW_CTX_DAG_OWNER='anass' AIRFLOW_CTX_DAG_ID='medallion_gold_layer' AIRFLOW_CTX_TASK_ID='gold_processing' AIRFLOW_CTX_EXECUTION_DATE='2026-05-15T23:20:00+00:00' AIRFLOW_CTX_TRY_NUMBER='1' AIRFLOW_CTX_DAG_RUN_ID='scheduled__2026-05-15T23:20:00+00:00'
[2026-05-15T23:25:01.505+0000] {taskinstance.py:430} INFO - ::endgroup::
[2026-05-15T23:25:01.516+0000] {subprocess.py:63} INFO - Tmp dir root location: /tmp
[2026-05-15T23:25:01.517+0000] {subprocess.py:75} INFO - Running command: ['/usr/bin/bash', '-c', '\n    spark-submit     --master spark://spark-master:7077     --executor-memory 512M     --executor-cores 1     --total-executor-cores 1     --jars /opt/airflow/jars/aws-java-sdk-bundle-1.12.262.jar,/opt/airflow/jars/hadoop-aws-3.3.4.jar,/opt/airflow/jars/postgresql-42.7.3.jar     /opt/spark_jobs/gold_processor.py\n    ']
[2026-05-15T23:25:01.525+0000] {subprocess.py:86} INFO - Output:
[2026-05-15T23:25:02.799+0000] {subprocess.py:93} INFO - 26/05/15 23:25:02 WARN NativeCodeLoader: Unable to load native-hadoop library for your platform... using builtin-java classes where applicable
[2026-05-15T23:25:03.644+0000] {subprocess.py:93} INFO - 26/05/15 23:25:03 INFO SparkContext: Running Spark version 3.5.1
[2026-05-15T23:25:03.645+0000] {subprocess.py:93} INFO - 26/05/15 23:25:03 INFO SparkContext: OS info Linux, 6.6.87.2-microsoft-standard-WSL2, amd64
[2026-05-15T23:25:03.646+0000] {subprocess.py:93} INFO - 26/05/15 23:25:03 INFO SparkContext: Java version 17.0.19
[2026-05-15T23:25:03.663+0000] {subprocess.py:93} INFO - 26/05/15 23:25:03 INFO ResourceUtils: ==============================================================
[2026-05-15T23:25:03.667+0000] {subprocess.py:93} INFO - 26/05/15 23:25:03 INFO ResourceUtils: No custom resources configured for spark.driver.
[2026-05-15T23:25:03.668+0000] {subprocess.py:93} INFO - 26/05/15 23:25:03 INFO ResourceUtils: ==============================================================
[2026-05-15T23:25:03.669+0000] {subprocess.py:93} INFO - 26/05/15 23:25:03 INFO SparkContext: Submitted application: GoldLayerProcessor
[2026-05-15T23:25:03.677+0000] {subprocess.py:93} INFO - 26/05/15 23:25:03 INFO ResourceProfile: Default ResourceProfile created, executor resources: Map(cores -> name: cores, amount: 1, script: , vendor: , memory -> name: memory, amount: 512, script: , vendor: , offHeap -> name: offHeap, amount: 0, script: , vendor: ), task resources: Map(cpus -> name: cpus, amount: 1.0)
[2026-05-15T23:25:03.683+0000] {subprocess.py:93} INFO - 26/05/15 23:25:03 INFO ResourceProfile: Limiting resource is cpus at 1 tasks per executor
[2026-05-15T23:25:03.684+0000] {subprocess.py:93} INFO - 26/05/15 23:25:03 INFO ResourceProfileManager: Added ResourceProfile id: 0
[2026-05-15T23:25:03.713+0000] {subprocess.py:93} INFO - 26/05/15 23:25:03 INFO SecurityManager: Changing view acls to: airflow
[2026-05-15T23:25:03.714+0000] {subprocess.py:93} INFO - 26/05/15 23:25:03 INFO SecurityManager: Changing modify acls to: airflow
[2026-05-15T23:25:03.715+0000] {subprocess.py:93} INFO - 26/05/15 23:25:03 INFO SecurityManager: Changing view acls groups to:
[2026-05-15T23:25:03.716+0000] {subprocess.py:93} INFO - 26/05/15 23:25:03 INFO SecurityManager: Changing modify acls groups to:
[2026-05-15T23:25:03.716+0000] {subprocess.py:93} INFO - 26/05/15 23:25:03 INFO SecurityManager: SecurityManager: authentication disabled; ui acls disabled; users with view permissions: airflow; groups with view permissions: EMPTY; users with modify permissions: airflow; groups with modify permissions: EMPTY
[2026-05-15T23:25:03.855+0000] {subprocess.py:93} INFO - 26/05/15 23:25:03 INFO Utils: Successfully started service 'sparkDriver' on port 38541.
[2026-05-15T23:25:03.870+0000] {subprocess.py:93} INFO - 26/05/15 23:25:03 INFO SparkEnv: Registering MapOutputTracker
[2026-05-15T23:25:03.893+0000] {subprocess.py:93} INFO - 26/05/15 23:25:03 INFO SparkEnv: Registering BlockManagerMaster
[2026-05-15T23:25:03.904+0000] {subprocess.py:93} INFO - 26/05/15 23:25:03 INFO BlockManagerMasterEndpoint: Using org.apache.spark.storage.DefaultTopologyMapper for getting topology information
[2026-05-15T23:25:03.905+0000] {subprocess.py:93} INFO - 26/05/15 23:25:03 INFO BlockManagerMasterEndpoint: BlockManagerMasterEndpoint up
[2026-05-15T23:25:03.908+0000] {subprocess.py:93} INFO - 26/05/15 23:25:03 INFO SparkEnv: Registering BlockManagerMasterHeartbeat
[2026-05-15T23:25:03.920+0000] {subprocess.py:93} INFO - 26/05/15 23:25:03 INFO DiskBlockManager: Created local directory at /tmp/blockmgr-996acacb-6805-4608-bfd8-d33156f2d5af
[2026-05-15T23:25:03.929+0000] {subprocess.py:93} INFO - 26/05/15 23:25:03 INFO MemoryStore: MemoryStore started with capacity 434.4 MiB
[2026-05-15T23:25:03.940+0000] {subprocess.py:93} INFO - 26/05/15 23:25:03 INFO SparkEnv: Registering OutputCommitCoordinator
[2026-05-15T23:25:04.022+0000] {subprocess.py:93} INFO - 26/05/15 23:25:04 INFO JettyUtils: Start Jetty 0.0.0.0:4040 for SparkUI
[2026-05-15T23:25:04.065+0000] {subprocess.py:93} INFO - 26/05/15 23:25:04 INFO Utils: Successfully started service 'SparkUI' on port 4040.
[2026-05-15T23:25:04.087+0000] {subprocess.py:93} INFO - 26/05/15 23:25:04 INFO SparkContext: Added JAR file:///opt/airflow/jars/aws-java-sdk-bundle-1.12.262.jar at spark://e8a9653e4a1b:38541/jars/aws-java-sdk-bundle-1.12.262.jar with timestamp 1778887503640
[2026-05-15T23:25:04.087+0000] {subprocess.py:93} INFO - 26/05/15 23:25:04 INFO SparkContext: Added JAR file:///opt/airflow/jars/hadoop-aws-3.3.4.jar at spark://e8a9653e4a1b:38541/jars/hadoop-aws-3.3.4.jar with timestamp 1778887503640
[2026-05-15T23:25:04.088+0000] {subprocess.py:93} INFO - 26/05/15 23:25:04 INFO SparkContext: Added JAR file:///opt/airflow/jars/postgresql-42.7.3.jar at spark://e8a9653e4a1b:38541/jars/postgresql-42.7.3.jar with timestamp 1778887503640
[2026-05-15T23:25:04.133+0000] {subprocess.py:93} INFO - 26/05/15 23:25:04 INFO StandaloneAppClient$ClientEndpoint: Connecting to master spark://spark-master:7077...
[2026-05-15T23:25:04.160+0000] {subprocess.py:93} INFO - 26/05/15 23:25:04 INFO TransportClientFactory: Successfully created connection to spark-master/172.18.0.6:7077 after 14 ms (0 ms spent in bootstraps)
[2026-05-15T23:25:04.215+0000] {subprocess.py:93} INFO - 26/05/15 23:25:04 INFO StandaloneSchedulerBackend: Connected to Spark cluster with app ID app-20260515232504-0085
[2026-05-15T23:25:04.217+0000] {subprocess.py:93} INFO - 26/05/15 23:25:04 INFO StandaloneAppClient$ClientEndpoint: Executor added: app-20260515232504-0085/0 on worker-20260514105200-172.18.0.13-40347 (172.18.0.13:40347) with 1 core(s)
[2026-05-15T23:25:04.218+0000] {subprocess.py:93} INFO - 26/05/15 23:25:04 INFO StandaloneSchedulerBackend: Granted executor ID app-20260515232504-0085/0 on hostPort 172.18.0.13:40347 with 1 core(s), 512.0 MiB RAM
[2026-05-15T23:25:04.224+0000] {subprocess.py:93} INFO - 26/05/15 23:25:04 INFO Utils: Successfully started service 'org.apache.spark.network.netty.NettyBlockTransferService' on port 40569.
[2026-05-15T23:25:04.225+0000] {subprocess.py:93} INFO - 26/05/15 23:25:04 INFO NettyBlockTransferService: Server created on e8a9653e4a1b:40569
[2026-05-15T23:25:04.226+0000] {subprocess.py:93} INFO - 26/05/15 23:25:04 INFO BlockManager: Using org.apache.spark.storage.RandomBlockReplicationPolicy for block replication policy
[2026-05-15T23:25:04.229+0000] {subprocess.py:93} INFO - 26/05/15 23:25:04 INFO BlockManagerMaster: Registering BlockManager BlockManagerId(driver, e8a9653e4a1b, 40569, None)
[2026-05-15T23:25:04.232+0000] {subprocess.py:93} INFO - 26/05/15 23:25:04 INFO BlockManagerMasterEndpoint: Registering block manager e8a9653e4a1b:40569 with 434.4 MiB RAM, BlockManagerId(driver, e8a9653e4a1b, 40569, None)
[2026-05-15T23:25:04.234+0000] {subprocess.py:93} INFO - 26/05/15 23:25:04 INFO BlockManagerMaster: Registered BlockManager BlockManagerId(driver, e8a9653e4a1b, 40569, None)
[2026-05-15T23:25:04.235+0000] {subprocess.py:93} INFO - 26/05/15 23:25:04 INFO BlockManager: Initialized BlockManager: BlockManagerId(driver, e8a9653e4a1b, 40569, None)
[2026-05-15T23:25:04.244+0000] {subprocess.py:93} INFO - 26/05/15 23:25:04 INFO StandaloneAppClient$ClientEndpoint: Executor updated: app-20260515232504-0085/0 is now RUNNING
[2026-05-15T23:25:04.366+0000] {subprocess.py:93} INFO - 26/05/15 23:25:04 INFO StandaloneSchedulerBackend: SchedulerBackend is ready for scheduling beginning after reached minRegisteredResourcesRatio: 0.0
[2026-05-15T23:25:05.142+0000] {subprocess.py:93} INFO - 26/05/15 23:25:05 WARN MetricsConfig: Cannot locate configuration: tried hadoop-metrics2-s3a-file-system.properties,hadoop-metrics2.properties
[2026-05-15T23:25:09.651+0000] {subprocess.py:93} INFO - Lecture SILVER terminée
[2026-05-15T23:25:16.825+0000] {subprocess.py:93} INFO - Table articles_par_jour créée
[2026-05-15T23:25:22.244+0000] {subprocess.py:93} INFO - Table articles_par_source créée
[2026-05-15T23:25:27.005+0000] {subprocess.py:93} INFO - Table top_categories créée
[2026-05-15T23:25:31.172+0000] {subprocess.py:93} INFO - Table articles_par_source_jour créée
[2026-05-15T23:25:31.173+0000] {subprocess.py:93} INFO - 
[2026-05-15T23:25:31.174+0000] {subprocess.py:93} INFO - ==============================
[2026-05-15T23:25:31.174+0000] {subprocess.py:93} INFO - GOLD LAYER TERMINÉ
[2026-05-15T23:25:31.175+0000] {subprocess.py:93} INFO - ==============================
[2026-05-15T23:25:31.473+0000] {subprocess.py:97} INFO - Command exited with return code 0
[2026-05-15T23:25:31.474+0000] {taskinstance.py:441} INFO - ::group::Post task execution logs
[2026-05-15T23:25:31.552+0000] {taskinstance.py:1206} INFO - Marking task as SUCCESS. dag_id=medallion_gold_layer, task_id=gold_processing, run_id=scheduled__2026-05-15T23:20:00+00:00, execution_date=20260515T232000, start_date=20260515T232501, end_date=20260515T232531
[2026-05-15T23:25:31.702+0000] {local_task_job_runner.py:240} INFO - Task exited with return code 0
[2026-05-15T23:25:31.745+0000] {taskinstance.py:3498} INFO - 0 downstream tasks scheduled from follow-on schedule check
[2026-05-15T23:25:31.748+0000] {local_task_job_runner.py:222} INFO - ::endgroup::
