[2026-05-19T09:55:36.801+0000] {local_task_job_runner.py:120} INFO - ::group::Pre task execution logs
[2026-05-19T09:55:36.958+0000] {taskinstance.py:2076} INFO - Dependencies all met for dep_context=non-requeueable deps ti=<TaskInstance: medallion_gold_layer.gold_processing scheduled__2026-05-19T09:50:00+00:00 [queued]>
[2026-05-19T09:55:36.975+0000] {taskinstance.py:2076} INFO - Dependencies all met for dep_context=requeueable deps ti=<TaskInstance: medallion_gold_layer.gold_processing scheduled__2026-05-19T09:50:00+00:00 [queued]>
[2026-05-19T09:55:36.977+0000] {taskinstance.py:2306} INFO - Starting attempt 1 of 2
[2026-05-19T09:55:37.025+0000] {taskinstance.py:2330} INFO - Executing <Task(BashOperator): gold_processing> on 2026-05-19 09:50:00+00:00
[2026-05-19T09:55:37.037+0000] {standard_task_runner.py:63} INFO - Started process 4786 to run task
[2026-05-19T09:55:37.047+0000] {standard_task_runner.py:90} INFO - Running: ['airflow', 'tasks', 'run', 'medallion_gold_layer', 'gold_processing', 'scheduled__2026-05-19T09:50:00+00:00', '--job-id', '292', '--raw', '--subdir', 'DAGS_FOLDER/gold_layer_dag.py', '--cfg-path', '/tmp/tmpnh7oq4hm']
[2026-05-19T09:55:37.054+0000] {standard_task_runner.py:91} INFO - Job 292: Subtask gold_processing
[2026-05-19T09:55:37.431+0000] {task_command.py:426} INFO - Running <TaskInstance: medallion_gold_layer.gold_processing scheduled__2026-05-19T09:50:00+00:00 [running]> on host c43074c3fd7c
[2026-05-19T09:55:37.967+0000] {taskinstance.py:2648} INFO - Exporting env vars: AIRFLOW_CTX_DAG_OWNER='ikram' AIRFLOW_CTX_DAG_ID='medallion_gold_layer' AIRFLOW_CTX_TASK_ID='gold_processing' AIRFLOW_CTX_EXECUTION_DATE='2026-05-19T09:50:00+00:00' AIRFLOW_CTX_TRY_NUMBER='1' AIRFLOW_CTX_DAG_RUN_ID='scheduled__2026-05-19T09:50:00+00:00'
[2026-05-19T09:55:37.970+0000] {taskinstance.py:430} INFO - ::endgroup::
[2026-05-19T09:55:38.007+0000] {subprocess.py:63} INFO - Tmp dir root location: /tmp
[2026-05-19T09:55:38.009+0000] {subprocess.py:75} INFO - Running command: ['/usr/bin/bash', '-c', '\n    spark-submit     --master spark://spark-master:7077     --executor-memory 512M     --executor-cores 1     --total-executor-cores 1     --jars /opt/airflow/jars/aws-java-sdk-bundle-1.12.262.jar,/opt/airflow/jars/hadoop-aws-3.3.4.jar,/opt/airflow/jars/postgresql-42.7.3.jar     /opt/spark_jobs/gold_processor.py\n    ']
[2026-05-19T09:55:38.026+0000] {subprocess.py:86} INFO - Output:
[2026-05-19T09:55:41.717+0000] {subprocess.py:93} INFO - 26/05/19 09:55:41 WARN NativeCodeLoader: Unable to load native-hadoop library for your platform... using builtin-java classes where applicable
[2026-05-19T09:55:44.670+0000] {subprocess.py:93} INFO - 26/05/19 09:55:44 INFO SparkContext: Running Spark version 3.5.1
[2026-05-19T09:55:44.671+0000] {subprocess.py:93} INFO - 26/05/19 09:55:44 INFO SparkContext: OS info Linux, 6.6.87.2-microsoft-standard-WSL2, amd64
[2026-05-19T09:55:44.672+0000] {subprocess.py:93} INFO - 26/05/19 09:55:44 INFO SparkContext: Java version 17.0.19
[2026-05-19T09:55:44.789+0000] {subprocess.py:93} INFO - 26/05/19 09:55:44 INFO ResourceUtils: ==============================================================
[2026-05-19T09:55:44.791+0000] {subprocess.py:93} INFO - 26/05/19 09:55:44 INFO ResourceUtils: No custom resources configured for spark.driver.
[2026-05-19T09:55:44.792+0000] {subprocess.py:93} INFO - 26/05/19 09:55:44 INFO ResourceUtils: ==============================================================
[2026-05-19T09:55:44.795+0000] {subprocess.py:93} INFO - 26/05/19 09:55:44 INFO SparkContext: Submitted application: GoldLayerProcessor
[2026-05-19T09:55:44.880+0000] {subprocess.py:93} INFO - 26/05/19 09:55:44 INFO ResourceProfile: Default ResourceProfile created, executor resources: Map(cores -> name: cores, amount: 1, script: , vendor: , memory -> name: memory, amount: 512, script: , vendor: , offHeap -> name: offHeap, amount: 0, script: , vendor: ), task resources: Map(cpus -> name: cpus, amount: 1.0)
[2026-05-19T09:55:44.921+0000] {subprocess.py:93} INFO - 26/05/19 09:55:44 INFO ResourceProfile: Limiting resource is cpus at 1 tasks per executor
[2026-05-19T09:55:44.938+0000] {subprocess.py:93} INFO - 26/05/19 09:55:44 INFO ResourceProfileManager: Added ResourceProfile id: 0
[2026-05-19T09:55:45.080+0000] {subprocess.py:93} INFO - 26/05/19 09:55:45 INFO SecurityManager: Changing view acls to: airflow
[2026-05-19T09:55:45.082+0000] {subprocess.py:93} INFO - 26/05/19 09:55:45 INFO SecurityManager: Changing modify acls to: airflow
[2026-05-19T09:55:45.090+0000] {subprocess.py:93} INFO - 26/05/19 09:55:45 INFO SecurityManager: Changing view acls groups to:
[2026-05-19T09:55:45.093+0000] {subprocess.py:93} INFO - 26/05/19 09:55:45 INFO SecurityManager: Changing modify acls groups to:
[2026-05-19T09:55:45.094+0000] {subprocess.py:93} INFO - 26/05/19 09:55:45 INFO SecurityManager: SecurityManager: authentication disabled; ui acls disabled; users with view permissions: airflow; groups with view permissions: EMPTY; users with modify permissions: airflow; groups with modify permissions: EMPTY
[2026-05-19T09:55:45.564+0000] {subprocess.py:93} INFO - 26/05/19 09:55:45 INFO Utils: Successfully started service 'sparkDriver' on port 38159.
[2026-05-19T09:55:45.659+0000] {subprocess.py:93} INFO - 26/05/19 09:55:45 INFO SparkEnv: Registering MapOutputTracker
[2026-05-19T09:55:45.733+0000] {subprocess.py:93} INFO - 26/05/19 09:55:45 INFO SparkEnv: Registering BlockManagerMaster
[2026-05-19T09:55:45.787+0000] {subprocess.py:93} INFO - 26/05/19 09:55:45 INFO BlockManagerMasterEndpoint: Using org.apache.spark.storage.DefaultTopologyMapper for getting topology information
[2026-05-19T09:55:45.788+0000] {subprocess.py:93} INFO - 26/05/19 09:55:45 INFO BlockManagerMasterEndpoint: BlockManagerMasterEndpoint up
[2026-05-19T09:55:45.799+0000] {subprocess.py:93} INFO - 26/05/19 09:55:45 INFO SparkEnv: Registering BlockManagerMasterHeartbeat
[2026-05-19T09:55:45.829+0000] {subprocess.py:93} INFO - 26/05/19 09:55:45 INFO DiskBlockManager: Created local directory at /tmp/blockmgr-6ccf429a-928b-45de-9083-7012da575336
[2026-05-19T09:55:45.860+0000] {subprocess.py:93} INFO - 26/05/19 09:55:45 INFO MemoryStore: MemoryStore started with capacity 434.4 MiB
[2026-05-19T09:55:45.897+0000] {subprocess.py:93} INFO - 26/05/19 09:55:45 INFO SparkEnv: Registering OutputCommitCoordinator
[2026-05-19T09:55:46.123+0000] {subprocess.py:93} INFO - 26/05/19 09:55:46 INFO JettyUtils: Start Jetty 0.0.0.0:4040 for SparkUI
[2026-05-19T09:55:46.222+0000] {subprocess.py:93} INFO - 26/05/19 09:55:46 INFO Utils: Successfully started service 'SparkUI' on port 4040.
[2026-05-19T09:55:46.305+0000] {subprocess.py:93} INFO - 26/05/19 09:55:46 INFO SparkContext: Added JAR file:///opt/airflow/jars/aws-java-sdk-bundle-1.12.262.jar at spark://c43074c3fd7c:38159/jars/aws-java-sdk-bundle-1.12.262.jar with timestamp 1779184544643
[2026-05-19T09:55:46.307+0000] {subprocess.py:93} INFO - 26/05/19 09:55:46 INFO SparkContext: Added JAR file:///opt/airflow/jars/hadoop-aws-3.3.4.jar at spark://c43074c3fd7c:38159/jars/hadoop-aws-3.3.4.jar with timestamp 1779184544643
[2026-05-19T09:55:46.308+0000] {subprocess.py:93} INFO - 26/05/19 09:55:46 INFO SparkContext: Added JAR file:///opt/airflow/jars/postgresql-42.7.3.jar at spark://c43074c3fd7c:38159/jars/postgresql-42.7.3.jar with timestamp 1779184544643
[2026-05-19T09:55:46.448+0000] {subprocess.py:93} INFO - 26/05/19 09:55:46 INFO StandaloneAppClient$ClientEndpoint: Connecting to master spark://spark-master:7077...
[2026-05-19T09:55:46.575+0000] {subprocess.py:93} INFO - 26/05/19 09:55:46 INFO TransportClientFactory: Successfully created connection to spark-master/172.18.0.4:7077 after 75 ms (0 ms spent in bootstraps)
[2026-05-19T09:55:46.874+0000] {subprocess.py:93} INFO - 26/05/19 09:55:46 INFO StandaloneSchedulerBackend: Connected to Spark cluster with app ID app-20260519095546-0022
[2026-05-19T09:55:46.879+0000] {subprocess.py:93} INFO - 26/05/19 09:55:46 INFO StandaloneAppClient$ClientEndpoint: Executor added: app-20260519095546-0022/0 on worker-20260518211503-172.18.0.3-40747 (172.18.0.3:40747) with 1 core(s)
[2026-05-19T09:55:46.882+0000] {subprocess.py:93} INFO - 26/05/19 09:55:46 INFO StandaloneSchedulerBackend: Granted executor ID app-20260519095546-0022/0 on hostPort 172.18.0.3:40747 with 1 core(s), 512.0 MiB RAM
[2026-05-19T09:55:46.892+0000] {subprocess.py:93} INFO - 26/05/19 09:55:46 INFO Utils: Successfully started service 'org.apache.spark.network.netty.NettyBlockTransferService' on port 35369.
[2026-05-19T09:55:46.894+0000] {subprocess.py:93} INFO - 26/05/19 09:55:46 INFO NettyBlockTransferService: Server created on c43074c3fd7c:35369
[2026-05-19T09:55:46.897+0000] {subprocess.py:93} INFO - 26/05/19 09:55:46 INFO BlockManager: Using org.apache.spark.storage.RandomBlockReplicationPolicy for block replication policy
[2026-05-19T09:55:46.906+0000] {subprocess.py:93} INFO - 26/05/19 09:55:46 INFO BlockManagerMaster: Registering BlockManager BlockManagerId(driver, c43074c3fd7c, 35369, None)
[2026-05-19T09:55:46.913+0000] {subprocess.py:93} INFO - 26/05/19 09:55:46 INFO BlockManagerMasterEndpoint: Registering block manager c43074c3fd7c:35369 with 434.4 MiB RAM, BlockManagerId(driver, c43074c3fd7c, 35369, None)
[2026-05-19T09:55:46.918+0000] {subprocess.py:93} INFO - 26/05/19 09:55:46 INFO BlockManagerMaster: Registered BlockManager BlockManagerId(driver, c43074c3fd7c, 35369, None)
[2026-05-19T09:55:46.920+0000] {subprocess.py:93} INFO - 26/05/19 09:55:46 INFO BlockManager: Initialized BlockManager: BlockManagerId(driver, c43074c3fd7c, 35369, None)
[2026-05-19T09:55:46.930+0000] {subprocess.py:93} INFO - 26/05/19 09:55:46 INFO StandaloneAppClient$ClientEndpoint: Executor updated: app-20260519095546-0022/0 is now RUNNING
[2026-05-19T09:55:47.260+0000] {subprocess.py:93} INFO - 26/05/19 09:55:47 INFO StandaloneSchedulerBackend: SchedulerBackend is ready for scheduling beginning after reached minRegisteredResourcesRatio: 0.0
[2026-05-19T09:55:49.248+0000] {subprocess.py:93} INFO - 26/05/19 09:55:49 WARN MetricsConfig: Cannot locate configuration: tried hadoop-metrics2-s3a-file-system.properties,hadoop-metrics2.properties
[2026-05-19T09:56:04.190+0000] {subprocess.py:93} INFO - Lecture SILVER terminée
[2026-05-19T09:56:47.268+0000] {subprocess.py:93} INFO - Table articles_par_jour créée
[2026-05-19T09:57:16.236+0000] {subprocess.py:93} INFO - Table articles_par_source créée
[2026-05-19T09:57:48.177+0000] {subprocess.py:93} INFO - Table top_categories créée
[2026-05-19T09:58:12.965+0000] {subprocess.py:93} INFO - Table articles_par_source_jour créée
[2026-05-19T09:58:12.966+0000] {subprocess.py:93} INFO - 
[2026-05-19T09:58:12.967+0000] {subprocess.py:93} INFO - ==============================
[2026-05-19T09:58:12.969+0000] {subprocess.py:93} INFO - GOLD LAYER TERMINÉ
[2026-05-19T09:58:12.970+0000] {subprocess.py:93} INFO - ==============================
[2026-05-19T09:58:13.797+0000] {subprocess.py:97} INFO - Command exited with return code 0
[2026-05-19T09:58:13.799+0000] {taskinstance.py:441} INFO - ::group::Post task execution logs
[2026-05-19T09:58:14.436+0000] {taskinstance.py:1206} INFO - Marking task as SUCCESS. dag_id=medallion_gold_layer, task_id=gold_processing, run_id=scheduled__2026-05-19T09:50:00+00:00, execution_date=20260519T095000, start_date=20260519T095536, end_date=20260519T095814
[2026-05-19T09:58:14.559+0000] {local_task_job_runner.py:240} INFO - Task exited with return code 0
[2026-05-19T09:58:14.738+0000] {taskinstance.py:3498} INFO - 0 downstream tasks scheduled from follow-on schedule check
[2026-05-19T09:58:14.770+0000] {local_task_job_runner.py:222} INFO - ::endgroup::
