[2026-05-17T00:20:00.746+0000] {local_task_job_runner.py:120} INFO - ::group::Pre task execution logs
[2026-05-17T00:20:00.791+0000] {taskinstance.py:2076} INFO - Dependencies all met for dep_context=non-requeueable deps ti=<TaskInstance: medallion_gold_layer.gold_processing scheduled__2026-05-17T00:15:00+00:00 [queued]>
[2026-05-17T00:20:00.812+0000] {taskinstance.py:2076} INFO - Dependencies all met for dep_context=requeueable deps ti=<TaskInstance: medallion_gold_layer.gold_processing scheduled__2026-05-17T00:15:00+00:00 [queued]>
[2026-05-17T00:20:00.813+0000] {taskinstance.py:2306} INFO - Starting attempt 1 of 2
[2026-05-17T00:20:00.827+0000] {taskinstance.py:2330} INFO - Executing <Task(BashOperator): gold_processing> on 2026-05-17 00:15:00+00:00
[2026-05-17T00:20:00.831+0000] {standard_task_runner.py:63} INFO - Started process 56209 to run task
[2026-05-17T00:20:00.834+0000] {standard_task_runner.py:90} INFO - Running: ['airflow', 'tasks', 'run', 'medallion_gold_layer', 'gold_processing', 'scheduled__2026-05-17T00:15:00+00:00', '--job-id', '148', '--raw', '--subdir', 'DAGS_FOLDER/gold_layer_dag.py', '--cfg-path', '/tmp/tmp59dnn4yv']
[2026-05-17T00:20:00.835+0000] {standard_task_runner.py:91} INFO - Job 148: Subtask gold_processing
[2026-05-17T00:20:00.972+0000] {task_command.py:426} INFO - Running <TaskInstance: medallion_gold_layer.gold_processing scheduled__2026-05-17T00:15:00+00:00 [running]> on host e8a9653e4a1b
[2026-05-17T00:20:01.266+0000] {taskinstance.py:2648} INFO - Exporting env vars: AIRFLOW_CTX_DAG_OWNER='anass' AIRFLOW_CTX_DAG_ID='medallion_gold_layer' AIRFLOW_CTX_TASK_ID='gold_processing' AIRFLOW_CTX_EXECUTION_DATE='2026-05-17T00:15:00+00:00' AIRFLOW_CTX_TRY_NUMBER='1' AIRFLOW_CTX_DAG_RUN_ID='scheduled__2026-05-17T00:15:00+00:00'
[2026-05-17T00:20:01.267+0000] {taskinstance.py:430} INFO - ::endgroup::
[2026-05-17T00:20:01.276+0000] {subprocess.py:63} INFO - Tmp dir root location: /tmp
[2026-05-17T00:20:01.277+0000] {subprocess.py:75} INFO - Running command: ['/usr/bin/bash', '-c', '\n    spark-submit     --master spark://spark-master:7077     --executor-memory 512M     --executor-cores 1     --total-executor-cores 1     --jars /opt/airflow/jars/aws-java-sdk-bundle-1.12.262.jar,/opt/airflow/jars/hadoop-aws-3.3.4.jar,/opt/airflow/jars/postgresql-42.7.3.jar     /opt/spark_jobs/gold_processor.py\n    ']
[2026-05-17T00:20:01.285+0000] {subprocess.py:86} INFO - Output:
[2026-05-17T00:20:02.484+0000] {subprocess.py:93} INFO - 26/05/17 00:20:02 WARN NativeCodeLoader: Unable to load native-hadoop library for your platform... using builtin-java classes where applicable
[2026-05-17T00:20:03.322+0000] {subprocess.py:93} INFO - 26/05/17 00:20:03 INFO SparkContext: Running Spark version 3.5.1
[2026-05-17T00:20:03.324+0000] {subprocess.py:93} INFO - 26/05/17 00:20:03 INFO SparkContext: OS info Linux, 6.6.87.2-microsoft-standard-WSL2, amd64
[2026-05-17T00:20:03.325+0000] {subprocess.py:93} INFO - 26/05/17 00:20:03 INFO SparkContext: Java version 17.0.19
[2026-05-17T00:20:03.343+0000] {subprocess.py:93} INFO - 26/05/17 00:20:03 INFO ResourceUtils: ==============================================================
[2026-05-17T00:20:03.343+0000] {subprocess.py:93} INFO - 26/05/17 00:20:03 INFO ResourceUtils: No custom resources configured for spark.driver.
[2026-05-17T00:20:03.344+0000] {subprocess.py:93} INFO - 26/05/17 00:20:03 INFO ResourceUtils: ==============================================================
[2026-05-17T00:20:03.345+0000] {subprocess.py:93} INFO - 26/05/17 00:20:03 INFO SparkContext: Submitted application: GoldLayerProcessor
[2026-05-17T00:20:03.360+0000] {subprocess.py:93} INFO - 26/05/17 00:20:03 INFO ResourceProfile: Default ResourceProfile created, executor resources: Map(cores -> name: cores, amount: 1, script: , vendor: , memory -> name: memory, amount: 512, script: , vendor: , offHeap -> name: offHeap, amount: 0, script: , vendor: ), task resources: Map(cpus -> name: cpus, amount: 1.0)
[2026-05-17T00:20:03.367+0000] {subprocess.py:93} INFO - 26/05/17 00:20:03 INFO ResourceProfile: Limiting resource is cpus at 1 tasks per executor
[2026-05-17T00:20:03.369+0000] {subprocess.py:93} INFO - 26/05/17 00:20:03 INFO ResourceProfileManager: Added ResourceProfile id: 0
[2026-05-17T00:20:03.402+0000] {subprocess.py:93} INFO - 26/05/17 00:20:03 INFO SecurityManager: Changing view acls to: airflow
[2026-05-17T00:20:03.402+0000] {subprocess.py:93} INFO - 26/05/17 00:20:03 INFO SecurityManager: Changing modify acls to: airflow
[2026-05-17T00:20:03.403+0000] {subprocess.py:93} INFO - 26/05/17 00:20:03 INFO SecurityManager: Changing view acls groups to:
[2026-05-17T00:20:03.404+0000] {subprocess.py:93} INFO - 26/05/17 00:20:03 INFO SecurityManager: Changing modify acls groups to:
[2026-05-17T00:20:03.405+0000] {subprocess.py:93} INFO - 26/05/17 00:20:03 INFO SecurityManager: SecurityManager: authentication disabled; ui acls disabled; users with view permissions: airflow; groups with view permissions: EMPTY; users with modify permissions: airflow; groups with modify permissions: EMPTY
[2026-05-17T00:20:03.554+0000] {subprocess.py:93} INFO - 26/05/17 00:20:03 INFO Utils: Successfully started service 'sparkDriver' on port 36859.
[2026-05-17T00:20:03.573+0000] {subprocess.py:93} INFO - 26/05/17 00:20:03 INFO SparkEnv: Registering MapOutputTracker
[2026-05-17T00:20:03.602+0000] {subprocess.py:93} INFO - 26/05/17 00:20:03 INFO SparkEnv: Registering BlockManagerMaster
[2026-05-17T00:20:03.615+0000] {subprocess.py:93} INFO - 26/05/17 00:20:03 INFO BlockManagerMasterEndpoint: Using org.apache.spark.storage.DefaultTopologyMapper for getting topology information
[2026-05-17T00:20:03.616+0000] {subprocess.py:93} INFO - 26/05/17 00:20:03 INFO BlockManagerMasterEndpoint: BlockManagerMasterEndpoint up
[2026-05-17T00:20:03.618+0000] {subprocess.py:93} INFO - 26/05/17 00:20:03 INFO SparkEnv: Registering BlockManagerMasterHeartbeat
[2026-05-17T00:20:03.630+0000] {subprocess.py:93} INFO - 26/05/17 00:20:03 INFO DiskBlockManager: Created local directory at /tmp/blockmgr-4e1b9357-39e1-4070-b534-209c3a8862b9
[2026-05-17T00:20:03.640+0000] {subprocess.py:93} INFO - 26/05/17 00:20:03 INFO MemoryStore: MemoryStore started with capacity 434.4 MiB
[2026-05-17T00:20:03.652+0000] {subprocess.py:93} INFO - 26/05/17 00:20:03 INFO SparkEnv: Registering OutputCommitCoordinator
[2026-05-17T00:20:03.722+0000] {subprocess.py:93} INFO - 26/05/17 00:20:03 INFO JettyUtils: Start Jetty 0.0.0.0:4040 for SparkUI
[2026-05-17T00:20:03.772+0000] {subprocess.py:93} INFO - 26/05/17 00:20:03 INFO Utils: Successfully started service 'SparkUI' on port 4040.
[2026-05-17T00:20:03.795+0000] {subprocess.py:93} INFO - 26/05/17 00:20:03 INFO SparkContext: Added JAR file:///opt/airflow/jars/aws-java-sdk-bundle-1.12.262.jar at spark://e8a9653e4a1b:36859/jars/aws-java-sdk-bundle-1.12.262.jar with timestamp 1778977203318
[2026-05-17T00:20:03.796+0000] {subprocess.py:93} INFO - 26/05/17 00:20:03 INFO SparkContext: Added JAR file:///opt/airflow/jars/hadoop-aws-3.3.4.jar at spark://e8a9653e4a1b:36859/jars/hadoop-aws-3.3.4.jar with timestamp 1778977203318
[2026-05-17T00:20:03.797+0000] {subprocess.py:93} INFO - 26/05/17 00:20:03 INFO SparkContext: Added JAR file:///opt/airflow/jars/postgresql-42.7.3.jar at spark://e8a9653e4a1b:36859/jars/postgresql-42.7.3.jar with timestamp 1778977203318
[2026-05-17T00:20:03.847+0000] {subprocess.py:93} INFO - 26/05/17 00:20:03 INFO StandaloneAppClient$ClientEndpoint: Connecting to master spark://spark-master:7077...
[2026-05-17T00:20:03.875+0000] {subprocess.py:93} INFO - 26/05/17 00:20:03 INFO TransportClientFactory: Successfully created connection to spark-master/172.18.0.6:7077 after 15 ms (0 ms spent in bootstraps)
[2026-05-17T00:20:03.923+0000] {subprocess.py:93} INFO - 26/05/17 00:20:03 INFO StandaloneSchedulerBackend: Connected to Spark cluster with app ID app-20260517002003-0147
[2026-05-17T00:20:03.925+0000] {subprocess.py:93} INFO - 26/05/17 00:20:03 INFO StandaloneAppClient$ClientEndpoint: Executor added: app-20260517002003-0147/0 on worker-20260514105200-172.18.0.13-40347 (172.18.0.13:40347) with 1 core(s)
[2026-05-17T00:20:03.926+0000] {subprocess.py:93} INFO - 26/05/17 00:20:03 INFO StandaloneSchedulerBackend: Granted executor ID app-20260517002003-0147/0 on hostPort 172.18.0.13:40347 with 1 core(s), 512.0 MiB RAM
[2026-05-17T00:20:03.929+0000] {subprocess.py:93} INFO - 26/05/17 00:20:03 INFO Utils: Successfully started service 'org.apache.spark.network.netty.NettyBlockTransferService' on port 32911.
[2026-05-17T00:20:03.930+0000] {subprocess.py:93} INFO - 26/05/17 00:20:03 INFO NettyBlockTransferService: Server created on e8a9653e4a1b:32911
[2026-05-17T00:20:03.932+0000] {subprocess.py:93} INFO - 26/05/17 00:20:03 INFO BlockManager: Using org.apache.spark.storage.RandomBlockReplicationPolicy for block replication policy
[2026-05-17T00:20:03.938+0000] {subprocess.py:93} INFO - 26/05/17 00:20:03 INFO BlockManagerMaster: Registering BlockManager BlockManagerId(driver, e8a9653e4a1b, 32911, None)
[2026-05-17T00:20:03.941+0000] {subprocess.py:93} INFO - 26/05/17 00:20:03 INFO BlockManagerMasterEndpoint: Registering block manager e8a9653e4a1b:32911 with 434.4 MiB RAM, BlockManagerId(driver, e8a9653e4a1b, 32911, None)
[2026-05-17T00:20:03.944+0000] {subprocess.py:93} INFO - 26/05/17 00:20:03 INFO BlockManagerMaster: Registered BlockManager BlockManagerId(driver, e8a9653e4a1b, 32911, None)
[2026-05-17T00:20:03.945+0000] {subprocess.py:93} INFO - 26/05/17 00:20:03 INFO BlockManager: Initialized BlockManager: BlockManagerId(driver, e8a9653e4a1b, 32911, None)
[2026-05-17T00:20:03.949+0000] {subprocess.py:93} INFO - 26/05/17 00:20:03 INFO StandaloneAppClient$ClientEndpoint: Executor updated: app-20260517002003-0147/0 is now RUNNING
[2026-05-17T00:20:04.084+0000] {subprocess.py:93} INFO - 26/05/17 00:20:04 INFO StandaloneSchedulerBackend: SchedulerBackend is ready for scheduling beginning after reached minRegisteredResourcesRatio: 0.0
[2026-05-17T00:20:04.967+0000] {subprocess.py:93} INFO - 26/05/17 00:20:04 WARN MetricsConfig: Cannot locate configuration: tried hadoop-metrics2-s3a-file-system.properties,hadoop-metrics2.properties
[2026-05-17T00:20:09.052+0000] {subprocess.py:93} INFO - Lecture SILVER terminée
[2026-05-17T00:20:17.619+0000] {subprocess.py:93} INFO - Table articles_par_jour créée
[2026-05-17T00:20:24.302+0000] {subprocess.py:93} INFO - Table articles_par_source créée
[2026-05-17T00:20:29.926+0000] {subprocess.py:93} INFO - Table top_categories créée
[2026-05-17T00:20:35.056+0000] {subprocess.py:93} INFO - Table articles_par_source_jour créée
[2026-05-17T00:20:35.057+0000] {subprocess.py:93} INFO - 
[2026-05-17T00:20:35.058+0000] {subprocess.py:93} INFO - ==============================
[2026-05-17T00:20:35.058+0000] {subprocess.py:93} INFO - GOLD LAYER TERMINÉ
[2026-05-17T00:20:35.059+0000] {subprocess.py:93} INFO - ==============================
[2026-05-17T00:20:35.212+0000] {subprocess.py:97} INFO - Command exited with return code 0
[2026-05-17T00:20:35.213+0000] {taskinstance.py:441} INFO - ::group::Post task execution logs
[2026-05-17T00:20:35.305+0000] {taskinstance.py:1206} INFO - Marking task as SUCCESS. dag_id=medallion_gold_layer, task_id=gold_processing, run_id=scheduled__2026-05-17T00:15:00+00:00, execution_date=20260517T001500, start_date=20260517T002000, end_date=20260517T002035
[2026-05-17T00:20:35.473+0000] {local_task_job_runner.py:240} INFO - Task exited with return code 0
[2026-05-17T00:20:35.512+0000] {taskinstance.py:3498} INFO - 0 downstream tasks scheduled from follow-on schedule check
[2026-05-17T00:20:35.516+0000] {local_task_job_runner.py:222} INFO - ::endgroup::
