[2026-05-15T22:05:01.813+0000] {local_task_job_runner.py:120} INFO - ::group::Pre task execution logs
[2026-05-15T22:05:02.036+0000] {taskinstance.py:2076} INFO - Dependencies all met for dep_context=non-requeueable deps ti=<TaskInstance: medallion_gold_layer.gold_processing scheduled__2026-05-15T22:00:00+00:00 [queued]>
[2026-05-15T22:05:02.075+0000] {taskinstance.py:2076} INFO - Dependencies all met for dep_context=requeueable deps ti=<TaskInstance: medallion_gold_layer.gold_processing scheduled__2026-05-15T22:00:00+00:00 [queued]>
[2026-05-15T22:05:02.078+0000] {taskinstance.py:2306} INFO - Starting attempt 1 of 2
[2026-05-15T22:05:02.160+0000] {taskinstance.py:2330} INFO - Executing <Task(BashOperator): gold_processing> on 2026-05-15 22:00:00+00:00
[2026-05-15T22:05:02.179+0000] {standard_task_runner.py:63} INFO - Started process 25496 to run task
[2026-05-15T22:05:02.193+0000] {standard_task_runner.py:90} INFO - Running: ['airflow', 'tasks', 'run', 'medallion_gold_layer', 'gold_processing', 'scheduled__2026-05-15T22:00:00+00:00', '--job-id', '70', '--raw', '--subdir', 'DAGS_FOLDER/gold_layer_dag.py', '--cfg-path', '/tmp/tmp479u9t_x']
[2026-05-15T22:05:02.200+0000] {standard_task_runner.py:91} INFO - Job 70: Subtask gold_processing
[2026-05-15T22:05:02.685+0000] {task_command.py:426} INFO - Running <TaskInstance: medallion_gold_layer.gold_processing scheduled__2026-05-15T22:00:00+00:00 [running]> on host e8a9653e4a1b
[2026-05-15T22:05:03.177+0000] {taskinstance.py:2648} INFO - Exporting env vars: AIRFLOW_CTX_DAG_OWNER='anass' AIRFLOW_CTX_DAG_ID='medallion_gold_layer' AIRFLOW_CTX_TASK_ID='gold_processing' AIRFLOW_CTX_EXECUTION_DATE='2026-05-15T22:00:00+00:00' AIRFLOW_CTX_TRY_NUMBER='1' AIRFLOW_CTX_DAG_RUN_ID='scheduled__2026-05-15T22:00:00+00:00'
[2026-05-15T22:05:03.178+0000] {taskinstance.py:430} INFO - ::endgroup::
[2026-05-15T22:05:03.205+0000] {subprocess.py:63} INFO - Tmp dir root location: /tmp
[2026-05-15T22:05:03.209+0000] {subprocess.py:75} INFO - Running command: ['/usr/bin/bash', '-c', '\n    spark-submit     --master spark://spark-master:7077     --executor-memory 512M     --executor-cores 1     --total-executor-cores 1     --jars /opt/airflow/jars/aws-java-sdk-bundle-1.12.262.jar,/opt/airflow/jars/hadoop-aws-3.3.4.jar,/opt/airflow/jars/postgresql-42.7.3.jar     /opt/spark_jobs/gold_processor.py\n    ']
[2026-05-15T22:05:03.228+0000] {subprocess.py:86} INFO - Output:
[2026-05-15T22:05:07.556+0000] {subprocess.py:93} INFO - 26/05/15 22:05:07 WARN NativeCodeLoader: Unable to load native-hadoop library for your platform... using builtin-java classes where applicable
[2026-05-15T22:05:10.649+0000] {subprocess.py:93} INFO - 26/05/15 22:05:10 INFO SparkContext: Running Spark version 3.5.1
[2026-05-15T22:05:10.651+0000] {subprocess.py:93} INFO - 26/05/15 22:05:10 INFO SparkContext: OS info Linux, 6.6.87.2-microsoft-standard-WSL2, amd64
[2026-05-15T22:05:10.652+0000] {subprocess.py:93} INFO - 26/05/15 22:05:10 INFO SparkContext: Java version 17.0.19
[2026-05-15T22:05:10.716+0000] {subprocess.py:93} INFO - 26/05/15 22:05:10 INFO ResourceUtils: ==============================================================
[2026-05-15T22:05:10.717+0000] {subprocess.py:93} INFO - 26/05/15 22:05:10 INFO ResourceUtils: No custom resources configured for spark.driver.
[2026-05-15T22:05:10.719+0000] {subprocess.py:93} INFO - 26/05/15 22:05:10 INFO ResourceUtils: ==============================================================
[2026-05-15T22:05:10.719+0000] {subprocess.py:93} INFO - 26/05/15 22:05:10 INFO SparkContext: Submitted application: GoldLayerProcessor
[2026-05-15T22:05:10.756+0000] {subprocess.py:93} INFO - 26/05/15 22:05:10 INFO ResourceProfile: Default ResourceProfile created, executor resources: Map(cores -> name: cores, amount: 1, script: , vendor: , memory -> name: memory, amount: 512, script: , vendor: , offHeap -> name: offHeap, amount: 0, script: , vendor: ), task resources: Map(cpus -> name: cpus, amount: 1.0)
[2026-05-15T22:05:10.783+0000] {subprocess.py:93} INFO - 26/05/15 22:05:10 INFO ResourceProfile: Limiting resource is cpus at 1 tasks per executor
[2026-05-15T22:05:10.788+0000] {subprocess.py:93} INFO - 26/05/15 22:05:10 INFO ResourceProfileManager: Added ResourceProfile id: 0
[2026-05-15T22:05:10.936+0000] {subprocess.py:93} INFO - 26/05/15 22:05:10 INFO SecurityManager: Changing view acls to: airflow
[2026-05-15T22:05:10.942+0000] {subprocess.py:93} INFO - 26/05/15 22:05:10 INFO SecurityManager: Changing modify acls to: airflow
[2026-05-15T22:05:10.945+0000] {subprocess.py:93} INFO - 26/05/15 22:05:10 INFO SecurityManager: Changing view acls groups to:
[2026-05-15T22:05:10.947+0000] {subprocess.py:93} INFO - 26/05/15 22:05:10 INFO SecurityManager: Changing modify acls groups to:
[2026-05-15T22:05:10.951+0000] {subprocess.py:93} INFO - 26/05/15 22:05:10 INFO SecurityManager: SecurityManager: authentication disabled; ui acls disabled; users with view permissions: airflow; groups with view permissions: EMPTY; users with modify permissions: airflow; groups with modify permissions: EMPTY
[2026-05-15T22:05:11.469+0000] {subprocess.py:93} INFO - 26/05/15 22:05:11 INFO Utils: Successfully started service 'sparkDriver' on port 43805.
[2026-05-15T22:05:11.526+0000] {subprocess.py:93} INFO - 26/05/15 22:05:11 INFO SparkEnv: Registering MapOutputTracker
[2026-05-15T22:05:11.616+0000] {subprocess.py:93} INFO - 26/05/15 22:05:11 INFO SparkEnv: Registering BlockManagerMaster
[2026-05-15T22:05:11.655+0000] {subprocess.py:93} INFO - 26/05/15 22:05:11 INFO BlockManagerMasterEndpoint: Using org.apache.spark.storage.DefaultTopologyMapper for getting topology information
[2026-05-15T22:05:11.658+0000] {subprocess.py:93} INFO - 26/05/15 22:05:11 INFO BlockManagerMasterEndpoint: BlockManagerMasterEndpoint up
[2026-05-15T22:05:11.670+0000] {subprocess.py:93} INFO - 26/05/15 22:05:11 INFO SparkEnv: Registering BlockManagerMasterHeartbeat
[2026-05-15T22:05:11.718+0000] {subprocess.py:93} INFO - 26/05/15 22:05:11 INFO DiskBlockManager: Created local directory at /tmp/blockmgr-60a5beaa-c58c-4151-a2c8-7219382e6624
[2026-05-15T22:05:11.748+0000] {subprocess.py:93} INFO - 26/05/15 22:05:11 INFO MemoryStore: MemoryStore started with capacity 434.4 MiB
[2026-05-15T22:05:11.790+0000] {subprocess.py:93} INFO - 26/05/15 22:05:11 INFO SparkEnv: Registering OutputCommitCoordinator
[2026-05-15T22:05:12.036+0000] {subprocess.py:93} INFO - 26/05/15 22:05:12 INFO JettyUtils: Start Jetty 0.0.0.0:4040 for SparkUI
[2026-05-15T22:05:12.223+0000] {subprocess.py:93} INFO - 26/05/15 22:05:12 INFO Utils: Successfully started service 'SparkUI' on port 4040.
[2026-05-15T22:05:12.304+0000] {subprocess.py:93} INFO - 26/05/15 22:05:12 INFO SparkContext: Added JAR file:///opt/airflow/jars/aws-java-sdk-bundle-1.12.262.jar at spark://e8a9653e4a1b:43805/jars/aws-java-sdk-bundle-1.12.262.jar with timestamp 1778882710632
[2026-05-15T22:05:12.308+0000] {subprocess.py:93} INFO - 26/05/15 22:05:12 INFO SparkContext: Added JAR file:///opt/airflow/jars/hadoop-aws-3.3.4.jar at spark://e8a9653e4a1b:43805/jars/hadoop-aws-3.3.4.jar with timestamp 1778882710632
[2026-05-15T22:05:12.312+0000] {subprocess.py:93} INFO - 26/05/15 22:05:12 INFO SparkContext: Added JAR file:///opt/airflow/jars/postgresql-42.7.3.jar at spark://e8a9653e4a1b:43805/jars/postgresql-42.7.3.jar with timestamp 1778882710632
[2026-05-15T22:05:12.476+0000] {subprocess.py:93} INFO - 26/05/15 22:05:12 INFO StandaloneAppClient$ClientEndpoint: Connecting to master spark://spark-master:7077...
[2026-05-15T22:05:12.566+0000] {subprocess.py:93} INFO - 26/05/15 22:05:12 INFO TransportClientFactory: Successfully created connection to spark-master/172.18.0.6:7077 after 49 ms (0 ms spent in bootstraps)
[2026-05-15T22:05:12.729+0000] {subprocess.py:93} INFO - 26/05/15 22:05:12 INFO StandaloneSchedulerBackend: Connected to Spark cluster with app ID app-20260515220512-0069
[2026-05-15T22:05:12.733+0000] {subprocess.py:93} INFO - 26/05/15 22:05:12 INFO StandaloneAppClient$ClientEndpoint: Executor added: app-20260515220512-0069/0 on worker-20260514105200-172.18.0.13-40347 (172.18.0.13:40347) with 1 core(s)
[2026-05-15T22:05:12.737+0000] {subprocess.py:93} INFO - 26/05/15 22:05:12 INFO StandaloneSchedulerBackend: Granted executor ID app-20260515220512-0069/0 on hostPort 172.18.0.13:40347 with 1 core(s), 512.0 MiB RAM
[2026-05-15T22:05:12.748+0000] {subprocess.py:93} INFO - 26/05/15 22:05:12 INFO Utils: Successfully started service 'org.apache.spark.network.netty.NettyBlockTransferService' on port 33137.
[2026-05-15T22:05:12.750+0000] {subprocess.py:93} INFO - 26/05/15 22:05:12 INFO NettyBlockTransferService: Server created on e8a9653e4a1b:33137
[2026-05-15T22:05:12.752+0000] {subprocess.py:93} INFO - 26/05/15 22:05:12 INFO BlockManager: Using org.apache.spark.storage.RandomBlockReplicationPolicy for block replication policy
[2026-05-15T22:05:12.771+0000] {subprocess.py:93} INFO - 26/05/15 22:05:12 INFO BlockManagerMaster: Registering BlockManager BlockManagerId(driver, e8a9653e4a1b, 33137, None)
[2026-05-15T22:05:12.781+0000] {subprocess.py:93} INFO - 26/05/15 22:05:12 INFO BlockManagerMasterEndpoint: Registering block manager e8a9653e4a1b:33137 with 434.4 MiB RAM, BlockManagerId(driver, e8a9653e4a1b, 33137, None)
[2026-05-15T22:05:12.785+0000] {subprocess.py:93} INFO - 26/05/15 22:05:12 INFO BlockManagerMaster: Registered BlockManager BlockManagerId(driver, e8a9653e4a1b, 33137, None)
[2026-05-15T22:05:12.791+0000] {subprocess.py:93} INFO - 26/05/15 22:05:12 INFO BlockManager: Initialized BlockManager: BlockManagerId(driver, e8a9653e4a1b, 33137, None)
[2026-05-15T22:05:12.798+0000] {subprocess.py:93} INFO - 26/05/15 22:05:12 INFO StandaloneAppClient$ClientEndpoint: Executor updated: app-20260515220512-0069/0 is now RUNNING
[2026-05-15T22:05:13.284+0000] {subprocess.py:93} INFO - 26/05/15 22:05:13 INFO StandaloneSchedulerBackend: SchedulerBackend is ready for scheduling beginning after reached minRegisteredResourcesRatio: 0.0
[2026-05-15T22:05:15.669+0000] {subprocess.py:93} INFO - 26/05/15 22:05:15 WARN MetricsConfig: Cannot locate configuration: tried hadoop-metrics2-s3a-file-system.properties,hadoop-metrics2.properties
[2026-05-15T22:05:32.319+0000] {subprocess.py:93} INFO - Lecture SILVER terminée
[2026-05-15T22:05:54.877+0000] {subprocess.py:93} INFO - Table articles_par_jour créée
[2026-05-15T22:06:08.056+0000] {subprocess.py:93} INFO - Table articles_par_source créée
[2026-05-15T22:06:19.832+0000] {subprocess.py:93} INFO - Table top_categories créée
[2026-05-15T22:06:29.918+0000] {subprocess.py:93} INFO - Table articles_par_source_jour créée
[2026-05-15T22:06:29.920+0000] {subprocess.py:93} INFO - 
[2026-05-15T22:06:29.920+0000] {subprocess.py:93} INFO - ==============================
[2026-05-15T22:06:29.922+0000] {subprocess.py:93} INFO - GOLD LAYER TERMINÉ
[2026-05-15T22:06:29.923+0000] {subprocess.py:93} INFO - ==============================
[2026-05-15T22:06:30.716+0000] {subprocess.py:97} INFO - Command exited with return code 0
[2026-05-15T22:06:30.717+0000] {taskinstance.py:441} INFO - ::group::Post task execution logs
[2026-05-15T22:06:31.374+0000] {taskinstance.py:1206} INFO - Marking task as SUCCESS. dag_id=medallion_gold_layer, task_id=gold_processing, run_id=scheduled__2026-05-15T22:00:00+00:00, execution_date=20260515T220000, start_date=20260515T220502, end_date=20260515T220631
[2026-05-15T22:06:31.542+0000] {local_task_job_runner.py:240} INFO - Task exited with return code 0
[2026-05-15T22:06:31.742+0000] {taskinstance.py:3498} INFO - 0 downstream tasks scheduled from follow-on schedule check
[2026-05-15T22:06:31.764+0000] {local_task_job_runner.py:222} INFO - ::endgroup::
