[2026-05-15T23:45:01.244+0000] {local_task_job_runner.py:120} INFO - ::group::Pre task execution logs
[2026-05-15T23:45:01.385+0000] {taskinstance.py:2076} INFO - Dependencies all met for dep_context=non-requeueable deps ti=<TaskInstance: medallion_gold_layer.gold_processing scheduled__2026-05-15T23:40:00+00:00 [queued]>
[2026-05-15T23:45:01.408+0000] {taskinstance.py:2076} INFO - Dependencies all met for dep_context=requeueable deps ti=<TaskInstance: medallion_gold_layer.gold_processing scheduled__2026-05-15T23:40:00+00:00 [queued]>
[2026-05-15T23:45:01.415+0000] {taskinstance.py:2306} INFO - Starting attempt 1 of 2
[2026-05-15T23:45:01.460+0000] {taskinstance.py:2330} INFO - Executing <Task(BashOperator): gold_processing> on 2026-05-15 23:40:00+00:00
[2026-05-15T23:45:01.471+0000] {standard_task_runner.py:63} INFO - Started process 33453 to run task
[2026-05-15T23:45:01.478+0000] {standard_task_runner.py:90} INFO - Running: ['airflow', 'tasks', 'run', 'medallion_gold_layer', 'gold_processing', 'scheduled__2026-05-15T23:40:00+00:00', '--job-id', '90', '--raw', '--subdir', 'DAGS_FOLDER/gold_layer_dag.py', '--cfg-path', '/tmp/tmpk0d2g1y6']
[2026-05-15T23:45:01.482+0000] {standard_task_runner.py:91} INFO - Job 90: Subtask gold_processing
[2026-05-15T23:45:01.998+0000] {task_command.py:426} INFO - Running <TaskInstance: medallion_gold_layer.gold_processing scheduled__2026-05-15T23:40:00+00:00 [running]> on host e8a9653e4a1b
[2026-05-15T23:45:02.582+0000] {taskinstance.py:2648} INFO - Exporting env vars: AIRFLOW_CTX_DAG_OWNER='anass' AIRFLOW_CTX_DAG_ID='medallion_gold_layer' AIRFLOW_CTX_TASK_ID='gold_processing' AIRFLOW_CTX_EXECUTION_DATE='2026-05-15T23:40:00+00:00' AIRFLOW_CTX_TRY_NUMBER='1' AIRFLOW_CTX_DAG_RUN_ID='scheduled__2026-05-15T23:40:00+00:00'
[2026-05-15T23:45:02.585+0000] {taskinstance.py:430} INFO - ::endgroup::
[2026-05-15T23:45:02.622+0000] {subprocess.py:63} INFO - Tmp dir root location: /tmp
[2026-05-15T23:45:02.625+0000] {subprocess.py:75} INFO - Running command: ['/usr/bin/bash', '-c', '\n    spark-submit     --master spark://spark-master:7077     --executor-memory 512M     --executor-cores 1     --total-executor-cores 1     --jars /opt/airflow/jars/aws-java-sdk-bundle-1.12.262.jar,/opt/airflow/jars/hadoop-aws-3.3.4.jar,/opt/airflow/jars/postgresql-42.7.3.jar     /opt/spark_jobs/gold_processor.py\n    ']
[2026-05-15T23:45:02.648+0000] {subprocess.py:86} INFO - Output:
[2026-05-15T23:45:05.958+0000] {subprocess.py:93} INFO - 26/05/15 23:45:05 WARN NativeCodeLoader: Unable to load native-hadoop library for your platform... using builtin-java classes where applicable
[2026-05-15T23:45:08.699+0000] {subprocess.py:93} INFO - 26/05/15 23:45:08 INFO SparkContext: Running Spark version 3.5.1
[2026-05-15T23:45:08.700+0000] {subprocess.py:93} INFO - 26/05/15 23:45:08 INFO SparkContext: OS info Linux, 6.6.87.2-microsoft-standard-WSL2, amd64
[2026-05-15T23:45:08.701+0000] {subprocess.py:93} INFO - 26/05/15 23:45:08 INFO SparkContext: Java version 17.0.19
[2026-05-15T23:45:08.785+0000] {subprocess.py:93} INFO - 26/05/15 23:45:08 INFO ResourceUtils: ==============================================================
[2026-05-15T23:45:08.787+0000] {subprocess.py:93} INFO - 26/05/15 23:45:08 INFO ResourceUtils: No custom resources configured for spark.driver.
[2026-05-15T23:45:08.790+0000] {subprocess.py:93} INFO - 26/05/15 23:45:08 INFO ResourceUtils: ==============================================================
[2026-05-15T23:45:08.792+0000] {subprocess.py:93} INFO - 26/05/15 23:45:08 INFO SparkContext: Submitted application: GoldLayerProcessor
[2026-05-15T23:45:08.860+0000] {subprocess.py:93} INFO - 26/05/15 23:45:08 INFO ResourceProfile: Default ResourceProfile created, executor resources: Map(cores -> name: cores, amount: 1, script: , vendor: , memory -> name: memory, amount: 512, script: , vendor: , offHeap -> name: offHeap, amount: 0, script: , vendor: ), task resources: Map(cpus -> name: cpus, amount: 1.0)
[2026-05-15T23:45:08.888+0000] {subprocess.py:93} INFO - 26/05/15 23:45:08 INFO ResourceProfile: Limiting resource is cpus at 1 tasks per executor
[2026-05-15T23:45:08.898+0000] {subprocess.py:93} INFO - 26/05/15 23:45:08 INFO ResourceProfileManager: Added ResourceProfile id: 0
[2026-05-15T23:45:09.019+0000] {subprocess.py:93} INFO - 26/05/15 23:45:09 INFO SecurityManager: Changing view acls to: airflow
[2026-05-15T23:45:09.021+0000] {subprocess.py:93} INFO - 26/05/15 23:45:09 INFO SecurityManager: Changing modify acls to: airflow
[2026-05-15T23:45:09.022+0000] {subprocess.py:93} INFO - 26/05/15 23:45:09 INFO SecurityManager: Changing view acls groups to:
[2026-05-15T23:45:09.023+0000] {subprocess.py:93} INFO - 26/05/15 23:45:09 INFO SecurityManager: Changing modify acls groups to:
[2026-05-15T23:45:09.024+0000] {subprocess.py:93} INFO - 26/05/15 23:45:09 INFO SecurityManager: SecurityManager: authentication disabled; ui acls disabled; users with view permissions: airflow; groups with view permissions: EMPTY; users with modify permissions: airflow; groups with modify permissions: EMPTY
[2026-05-15T23:45:09.504+0000] {subprocess.py:93} INFO - 26/05/15 23:45:09 INFO Utils: Successfully started service 'sparkDriver' on port 37539.
[2026-05-15T23:45:09.606+0000] {subprocess.py:93} INFO - 26/05/15 23:45:09 INFO SparkEnv: Registering MapOutputTracker
[2026-05-15T23:45:09.680+0000] {subprocess.py:93} INFO - 26/05/15 23:45:09 INFO SparkEnv: Registering BlockManagerMaster
[2026-05-15T23:45:09.710+0000] {subprocess.py:93} INFO - 26/05/15 23:45:09 INFO BlockManagerMasterEndpoint: Using org.apache.spark.storage.DefaultTopologyMapper for getting topology information
[2026-05-15T23:45:09.712+0000] {subprocess.py:93} INFO - 26/05/15 23:45:09 INFO BlockManagerMasterEndpoint: BlockManagerMasterEndpoint up
[2026-05-15T23:45:09.718+0000] {subprocess.py:93} INFO - 26/05/15 23:45:09 INFO SparkEnv: Registering BlockManagerMasterHeartbeat
[2026-05-15T23:45:09.742+0000] {subprocess.py:93} INFO - 26/05/15 23:45:09 INFO DiskBlockManager: Created local directory at /tmp/blockmgr-495dc7fa-0241-491a-8310-5d3b9e3afffe
[2026-05-15T23:45:09.770+0000] {subprocess.py:93} INFO - 26/05/15 23:45:09 INFO MemoryStore: MemoryStore started with capacity 434.4 MiB
[2026-05-15T23:45:09.831+0000] {subprocess.py:93} INFO - 26/05/15 23:45:09 INFO SparkEnv: Registering OutputCommitCoordinator
[2026-05-15T23:45:10.222+0000] {subprocess.py:93} INFO - 26/05/15 23:45:10 INFO JettyUtils: Start Jetty 0.0.0.0:4040 for SparkUI
[2026-05-15T23:45:10.472+0000] {subprocess.py:93} INFO - 26/05/15 23:45:10 INFO Utils: Successfully started service 'SparkUI' on port 4040.
[2026-05-15T23:45:10.530+0000] {subprocess.py:93} INFO - 26/05/15 23:45:10 INFO SparkContext: Added JAR file:///opt/airflow/jars/aws-java-sdk-bundle-1.12.262.jar at spark://e8a9653e4a1b:37539/jars/aws-java-sdk-bundle-1.12.262.jar with timestamp 1778888708684
[2026-05-15T23:45:10.532+0000] {subprocess.py:93} INFO - 26/05/15 23:45:10 INFO SparkContext: Added JAR file:///opt/airflow/jars/hadoop-aws-3.3.4.jar at spark://e8a9653e4a1b:37539/jars/hadoop-aws-3.3.4.jar with timestamp 1778888708684
[2026-05-15T23:45:10.533+0000] {subprocess.py:93} INFO - 26/05/15 23:45:10 INFO SparkContext: Added JAR file:///opt/airflow/jars/postgresql-42.7.3.jar at spark://e8a9653e4a1b:37539/jars/postgresql-42.7.3.jar with timestamp 1778888708684
[2026-05-15T23:45:10.678+0000] {subprocess.py:93} INFO - 26/05/15 23:45:10 INFO StandaloneAppClient$ClientEndpoint: Connecting to master spark://spark-master:7077...
[2026-05-15T23:45:10.749+0000] {subprocess.py:93} INFO - 26/05/15 23:45:10 INFO TransportClientFactory: Successfully created connection to spark-master/172.18.0.6:7077 after 37 ms (0 ms spent in bootstraps)
[2026-05-15T23:45:10.911+0000] {subprocess.py:93} INFO - 26/05/15 23:45:10 INFO StandaloneSchedulerBackend: Connected to Spark cluster with app ID app-20260515234510-0089
[2026-05-15T23:45:10.917+0000] {subprocess.py:93} INFO - 26/05/15 23:45:10 INFO StandaloneAppClient$ClientEndpoint: Executor added: app-20260515234510-0089/0 on worker-20260514105200-172.18.0.13-40347 (172.18.0.13:40347) with 1 core(s)
[2026-05-15T23:45:10.920+0000] {subprocess.py:93} INFO - 26/05/15 23:45:10 INFO StandaloneSchedulerBackend: Granted executor ID app-20260515234510-0089/0 on hostPort 172.18.0.13:40347 with 1 core(s), 512.0 MiB RAM
[2026-05-15T23:45:10.933+0000] {subprocess.py:93} INFO - 26/05/15 23:45:10 INFO Utils: Successfully started service 'org.apache.spark.network.netty.NettyBlockTransferService' on port 42165.
[2026-05-15T23:45:10.934+0000] {subprocess.py:93} INFO - 26/05/15 23:45:10 INFO NettyBlockTransferService: Server created on e8a9653e4a1b:42165
[2026-05-15T23:45:10.937+0000] {subprocess.py:93} INFO - 26/05/15 23:45:10 INFO BlockManager: Using org.apache.spark.storage.RandomBlockReplicationPolicy for block replication policy
[2026-05-15T23:45:10.950+0000] {subprocess.py:93} INFO - 26/05/15 23:45:10 INFO BlockManagerMaster: Registering BlockManager BlockManagerId(driver, e8a9653e4a1b, 42165, None)
[2026-05-15T23:45:10.959+0000] {subprocess.py:93} INFO - 26/05/15 23:45:10 INFO BlockManagerMasterEndpoint: Registering block manager e8a9653e4a1b:42165 with 434.4 MiB RAM, BlockManagerId(driver, e8a9653e4a1b, 42165, None)
[2026-05-15T23:45:10.966+0000] {subprocess.py:93} INFO - 26/05/15 23:45:10 INFO BlockManagerMaster: Registered BlockManager BlockManagerId(driver, e8a9653e4a1b, 42165, None)
[2026-05-15T23:45:10.969+0000] {subprocess.py:93} INFO - 26/05/15 23:45:10 INFO BlockManager: Initialized BlockManager: BlockManagerId(driver, e8a9653e4a1b, 42165, None)
[2026-05-15T23:45:10.985+0000] {subprocess.py:93} INFO - 26/05/15 23:45:10 INFO StandaloneAppClient$ClientEndpoint: Executor updated: app-20260515234510-0089/0 is now RUNNING
[2026-05-15T23:45:11.465+0000] {subprocess.py:93} INFO - 26/05/15 23:45:11 INFO StandaloneSchedulerBackend: SchedulerBackend is ready for scheduling beginning after reached minRegisteredResourcesRatio: 0.0
[2026-05-15T23:45:13.836+0000] {subprocess.py:93} INFO - 26/05/15 23:45:13 WARN MetricsConfig: Cannot locate configuration: tried hadoop-metrics2-s3a-file-system.properties,hadoop-metrics2.properties
[2026-05-15T23:45:23.829+0000] {subprocess.py:93} INFO - Lecture SILVER terminée
[2026-05-15T23:45:45.519+0000] {subprocess.py:93} INFO - Table articles_par_jour créée
[2026-05-15T23:46:03.512+0000] {subprocess.py:93} INFO - Table articles_par_source créée
[2026-05-15T23:46:21.943+0000] {subprocess.py:93} INFO - Table top_categories créée
[2026-05-15T23:46:32.394+0000] {subprocess.py:93} INFO - Table articles_par_source_jour créée
[2026-05-15T23:46:32.396+0000] {subprocess.py:93} INFO - 
[2026-05-15T23:46:32.397+0000] {subprocess.py:93} INFO - ==============================
[2026-05-15T23:46:32.398+0000] {subprocess.py:93} INFO - GOLD LAYER TERMINÉ
[2026-05-15T23:46:32.399+0000] {subprocess.py:93} INFO - ==============================
[2026-05-15T23:46:32.892+0000] {subprocess.py:97} INFO - Command exited with return code 0
[2026-05-15T23:46:32.894+0000] {taskinstance.py:441} INFO - ::group::Post task execution logs
[2026-05-15T23:46:33.143+0000] {taskinstance.py:1206} INFO - Marking task as SUCCESS. dag_id=medallion_gold_layer, task_id=gold_processing, run_id=scheduled__2026-05-15T23:40:00+00:00, execution_date=20260515T234000, start_date=20260515T234501, end_date=20260515T234633
[2026-05-15T23:46:33.502+0000] {local_task_job_runner.py:240} INFO - Task exited with return code 0
[2026-05-15T23:46:33.567+0000] {taskinstance.py:3498} INFO - 0 downstream tasks scheduled from follow-on schedule check
[2026-05-15T23:46:33.590+0000] {local_task_job_runner.py:222} INFO - ::endgroup::
