[2026-05-15T22:20:01.866+0000] {local_task_job_runner.py:120} INFO - ::group::Pre task execution logs
[2026-05-15T22:20:01.993+0000] {taskinstance.py:2076} INFO - Dependencies all met for dep_context=non-requeueable deps ti=<TaskInstance: medallion_gold_layer.gold_processing scheduled__2026-05-15T22:15:00+00:00 [queued]>
[2026-05-15T22:20:02.032+0000] {taskinstance.py:2076} INFO - Dependencies all met for dep_context=requeueable deps ti=<TaskInstance: medallion_gold_layer.gold_processing scheduled__2026-05-15T22:15:00+00:00 [queued]>
[2026-05-15T22:20:02.034+0000] {taskinstance.py:2306} INFO - Starting attempt 1 of 2
[2026-05-15T22:20:02.063+0000] {taskinstance.py:2330} INFO - Executing <Task(BashOperator): gold_processing> on 2026-05-15 22:15:00+00:00
[2026-05-15T22:20:02.076+0000] {standard_task_runner.py:63} INFO - Started process 26643 to run task
[2026-05-15T22:20:02.087+0000] {standard_task_runner.py:90} INFO - Running: ['airflow', 'tasks', 'run', 'medallion_gold_layer', 'gold_processing', 'scheduled__2026-05-15T22:15:00+00:00', '--job-id', '73', '--raw', '--subdir', 'DAGS_FOLDER/gold_layer_dag.py', '--cfg-path', '/tmp/tmpdaz3yxeg']
[2026-05-15T22:20:02.094+0000] {standard_task_runner.py:91} INFO - Job 73: Subtask gold_processing
[2026-05-15T22:20:02.581+0000] {task_command.py:426} INFO - Running <TaskInstance: medallion_gold_layer.gold_processing scheduled__2026-05-15T22:15:00+00:00 [running]> on host e8a9653e4a1b
[2026-05-15T22:20:03.313+0000] {taskinstance.py:2648} INFO - Exporting env vars: AIRFLOW_CTX_DAG_OWNER='anass' AIRFLOW_CTX_DAG_ID='medallion_gold_layer' AIRFLOW_CTX_TASK_ID='gold_processing' AIRFLOW_CTX_EXECUTION_DATE='2026-05-15T22:15:00+00:00' AIRFLOW_CTX_TRY_NUMBER='1' AIRFLOW_CTX_DAG_RUN_ID='scheduled__2026-05-15T22:15:00+00:00'
[2026-05-15T22:20:03.317+0000] {taskinstance.py:430} INFO - ::endgroup::
[2026-05-15T22:20:03.403+0000] {subprocess.py:63} INFO - Tmp dir root location: /tmp
[2026-05-15T22:20:03.406+0000] {subprocess.py:75} INFO - Running command: ['/usr/bin/bash', '-c', '\n    spark-submit     --master spark://spark-master:7077     --executor-memory 512M     --executor-cores 1     --total-executor-cores 1     --jars /opt/airflow/jars/aws-java-sdk-bundle-1.12.262.jar,/opt/airflow/jars/hadoop-aws-3.3.4.jar,/opt/airflow/jars/postgresql-42.7.3.jar     /opt/spark_jobs/gold_processor.py\n    ']
[2026-05-15T22:20:03.443+0000] {subprocess.py:86} INFO - Output:
[2026-05-15T22:20:07.433+0000] {subprocess.py:93} INFO - 26/05/15 22:20:07 WARN NativeCodeLoader: Unable to load native-hadoop library for your platform... using builtin-java classes where applicable
[2026-05-15T22:20:09.396+0000] {subprocess.py:93} INFO - 26/05/15 22:20:09 INFO SparkContext: Running Spark version 3.5.1
[2026-05-15T22:20:09.397+0000] {subprocess.py:93} INFO - 26/05/15 22:20:09 INFO SparkContext: OS info Linux, 6.6.87.2-microsoft-standard-WSL2, amd64
[2026-05-15T22:20:09.399+0000] {subprocess.py:93} INFO - 26/05/15 22:20:09 INFO SparkContext: Java version 17.0.19
[2026-05-15T22:20:09.438+0000] {subprocess.py:93} INFO - 26/05/15 22:20:09 INFO ResourceUtils: ==============================================================
[2026-05-15T22:20:09.439+0000] {subprocess.py:93} INFO - 26/05/15 22:20:09 INFO ResourceUtils: No custom resources configured for spark.driver.
[2026-05-15T22:20:09.440+0000] {subprocess.py:93} INFO - 26/05/15 22:20:09 INFO ResourceUtils: ==============================================================
[2026-05-15T22:20:09.441+0000] {subprocess.py:93} INFO - 26/05/15 22:20:09 INFO SparkContext: Submitted application: GoldLayerProcessor
[2026-05-15T22:20:09.467+0000] {subprocess.py:93} INFO - 26/05/15 22:20:09 INFO ResourceProfile: Default ResourceProfile created, executor resources: Map(cores -> name: cores, amount: 1, script: , vendor: , memory -> name: memory, amount: 512, script: , vendor: , offHeap -> name: offHeap, amount: 0, script: , vendor: ), task resources: Map(cpus -> name: cpus, amount: 1.0)
[2026-05-15T22:20:09.484+0000] {subprocess.py:93} INFO - 26/05/15 22:20:09 INFO ResourceProfile: Limiting resource is cpus at 1 tasks per executor
[2026-05-15T22:20:09.489+0000] {subprocess.py:93} INFO - 26/05/15 22:20:09 INFO ResourceProfileManager: Added ResourceProfile id: 0
[2026-05-15T22:20:09.574+0000] {subprocess.py:93} INFO - 26/05/15 22:20:09 INFO SecurityManager: Changing view acls to: airflow
[2026-05-15T22:20:09.575+0000] {subprocess.py:93} INFO - 26/05/15 22:20:09 INFO SecurityManager: Changing modify acls to: airflow
[2026-05-15T22:20:09.576+0000] {subprocess.py:93} INFO - 26/05/15 22:20:09 INFO SecurityManager: Changing view acls groups to:
[2026-05-15T22:20:09.577+0000] {subprocess.py:93} INFO - 26/05/15 22:20:09 INFO SecurityManager: Changing modify acls groups to:
[2026-05-15T22:20:09.578+0000] {subprocess.py:93} INFO - 26/05/15 22:20:09 INFO SecurityManager: SecurityManager: authentication disabled; ui acls disabled; users with view permissions: airflow; groups with view permissions: EMPTY; users with modify permissions: airflow; groups with modify permissions: EMPTY
[2026-05-15T22:20:09.843+0000] {subprocess.py:93} INFO - 26/05/15 22:20:09 INFO Utils: Successfully started service 'sparkDriver' on port 45307.
[2026-05-15T22:20:09.873+0000] {subprocess.py:93} INFO - 26/05/15 22:20:09 INFO SparkEnv: Registering MapOutputTracker
[2026-05-15T22:20:09.919+0000] {subprocess.py:93} INFO - 26/05/15 22:20:09 INFO SparkEnv: Registering BlockManagerMaster
[2026-05-15T22:20:09.943+0000] {subprocess.py:93} INFO - 26/05/15 22:20:09 INFO BlockManagerMasterEndpoint: Using org.apache.spark.storage.DefaultTopologyMapper for getting topology information
[2026-05-15T22:20:09.944+0000] {subprocess.py:93} INFO - 26/05/15 22:20:09 INFO BlockManagerMasterEndpoint: BlockManagerMasterEndpoint up
[2026-05-15T22:20:09.949+0000] {subprocess.py:93} INFO - 26/05/15 22:20:09 INFO SparkEnv: Registering BlockManagerMasterHeartbeat
[2026-05-15T22:20:09.969+0000] {subprocess.py:93} INFO - 26/05/15 22:20:09 INFO DiskBlockManager: Created local directory at /tmp/blockmgr-43084b9e-72a4-406b-83d6-9eb2461e09fb
[2026-05-15T22:20:09.985+0000] {subprocess.py:93} INFO - 26/05/15 22:20:09 INFO MemoryStore: MemoryStore started with capacity 434.4 MiB
[2026-05-15T22:20:10.007+0000] {subprocess.py:93} INFO - 26/05/15 22:20:10 INFO SparkEnv: Registering OutputCommitCoordinator
[2026-05-15T22:20:10.148+0000] {subprocess.py:93} INFO - 26/05/15 22:20:10 INFO JettyUtils: Start Jetty 0.0.0.0:4040 for SparkUI
[2026-05-15T22:20:10.311+0000] {subprocess.py:93} INFO - 26/05/15 22:20:10 INFO Utils: Successfully started service 'SparkUI' on port 4040.
[2026-05-15T22:20:10.362+0000] {subprocess.py:93} INFO - 26/05/15 22:20:10 INFO SparkContext: Added JAR file:///opt/airflow/jars/aws-java-sdk-bundle-1.12.262.jar at spark://e8a9653e4a1b:45307/jars/aws-java-sdk-bundle-1.12.262.jar with timestamp 1778883609384
[2026-05-15T22:20:10.363+0000] {subprocess.py:93} INFO - 26/05/15 22:20:10 INFO SparkContext: Added JAR file:///opt/airflow/jars/hadoop-aws-3.3.4.jar at spark://e8a9653e4a1b:45307/jars/hadoop-aws-3.3.4.jar with timestamp 1778883609384
[2026-05-15T22:20:10.364+0000] {subprocess.py:93} INFO - 26/05/15 22:20:10 INFO SparkContext: Added JAR file:///opt/airflow/jars/postgresql-42.7.3.jar at spark://e8a9653e4a1b:45307/jars/postgresql-42.7.3.jar with timestamp 1778883609384
[2026-05-15T22:20:10.483+0000] {subprocess.py:93} INFO - 26/05/15 22:20:10 INFO StandaloneAppClient$ClientEndpoint: Connecting to master spark://spark-master:7077...
[2026-05-15T22:20:10.552+0000] {subprocess.py:93} INFO - 26/05/15 22:20:10 INFO TransportClientFactory: Successfully created connection to spark-master/172.18.0.6:7077 after 32 ms (0 ms spent in bootstraps)
[2026-05-15T22:20:10.672+0000] {subprocess.py:93} INFO - 26/05/15 22:20:10 INFO StandaloneSchedulerBackend: Connected to Spark cluster with app ID app-20260515222010-0072
[2026-05-15T22:20:10.675+0000] {subprocess.py:93} INFO - 26/05/15 22:20:10 INFO StandaloneAppClient$ClientEndpoint: Executor added: app-20260515222010-0072/0 on worker-20260514105200-172.18.0.13-40347 (172.18.0.13:40347) with 1 core(s)
[2026-05-15T22:20:10.678+0000] {subprocess.py:93} INFO - 26/05/15 22:20:10 INFO StandaloneSchedulerBackend: Granted executor ID app-20260515222010-0072/0 on hostPort 172.18.0.13:40347 with 1 core(s), 512.0 MiB RAM
[2026-05-15T22:20:10.689+0000] {subprocess.py:93} INFO - 26/05/15 22:20:10 INFO Utils: Successfully started service 'org.apache.spark.network.netty.NettyBlockTransferService' on port 34397.
[2026-05-15T22:20:10.693+0000] {subprocess.py:93} INFO - 26/05/15 22:20:10 INFO NettyBlockTransferService: Server created on e8a9653e4a1b:34397
[2026-05-15T22:20:10.694+0000] {subprocess.py:93} INFO - 26/05/15 22:20:10 INFO BlockManager: Using org.apache.spark.storage.RandomBlockReplicationPolicy for block replication policy
[2026-05-15T22:20:10.701+0000] {subprocess.py:93} INFO - 26/05/15 22:20:10 INFO BlockManagerMaster: Registering BlockManager BlockManagerId(driver, e8a9653e4a1b, 34397, None)
[2026-05-15T22:20:10.707+0000] {subprocess.py:93} INFO - 26/05/15 22:20:10 INFO BlockManagerMasterEndpoint: Registering block manager e8a9653e4a1b:34397 with 434.4 MiB RAM, BlockManagerId(driver, e8a9653e4a1b, 34397, None)
[2026-05-15T22:20:10.712+0000] {subprocess.py:93} INFO - 26/05/15 22:20:10 INFO BlockManagerMaster: Registered BlockManager BlockManagerId(driver, e8a9653e4a1b, 34397, None)
[2026-05-15T22:20:10.714+0000] {subprocess.py:93} INFO - 26/05/15 22:20:10 INFO BlockManager: Initialized BlockManager: BlockManagerId(driver, e8a9653e4a1b, 34397, None)
[2026-05-15T22:20:10.818+0000] {subprocess.py:93} INFO - 26/05/15 22:20:10 INFO StandaloneAppClient$ClientEndpoint: Executor updated: app-20260515222010-0072/0 is now RUNNING
[2026-05-15T22:20:11.096+0000] {subprocess.py:93} INFO - 26/05/15 22:20:11 INFO StandaloneSchedulerBackend: SchedulerBackend is ready for scheduling beginning after reached minRegisteredResourcesRatio: 0.0
[2026-05-15T22:20:12.990+0000] {subprocess.py:93} INFO - 26/05/15 22:20:12 WARN MetricsConfig: Cannot locate configuration: tried hadoop-metrics2-s3a-file-system.properties,hadoop-metrics2.properties
[2026-05-15T22:20:22.886+0000] {subprocess.py:93} INFO - Lecture SILVER terminée
[2026-05-15T22:20:39.251+0000] {subprocess.py:93} INFO - Table articles_par_jour créée
[2026-05-15T22:20:56.003+0000] {subprocess.py:93} INFO - Table articles_par_source créée
[2026-05-15T22:21:09.928+0000] {subprocess.py:93} INFO - Table top_categories créée
[2026-05-15T22:21:20.011+0000] {subprocess.py:93} INFO - Table articles_par_source_jour créée
[2026-05-15T22:21:20.013+0000] {subprocess.py:93} INFO - 
[2026-05-15T22:21:20.015+0000] {subprocess.py:93} INFO - ==============================
[2026-05-15T22:21:20.018+0000] {subprocess.py:93} INFO - GOLD LAYER TERMINÉ
[2026-05-15T22:21:20.020+0000] {subprocess.py:93} INFO - ==============================
[2026-05-15T22:21:21.057+0000] {subprocess.py:97} INFO - Command exited with return code 0
[2026-05-15T22:21:21.060+0000] {taskinstance.py:441} INFO - ::group::Post task execution logs
[2026-05-15T22:21:21.650+0000] {taskinstance.py:1206} INFO - Marking task as SUCCESS. dag_id=medallion_gold_layer, task_id=gold_processing, run_id=scheduled__2026-05-15T22:15:00+00:00, execution_date=20260515T221500, start_date=20260515T222001, end_date=20260515T222121
[2026-05-15T22:21:22.172+0000] {local_task_job_runner.py:240} INFO - Task exited with return code 0
[2026-05-15T22:21:22.401+0000] {taskinstance.py:3498} INFO - 0 downstream tasks scheduled from follow-on schedule check
[2026-05-15T22:21:22.435+0000] {local_task_job_runner.py:222} INFO - ::endgroup::
