[2026-05-18T21:25:00.847+0000] {local_task_job_runner.py:120} INFO - ::group::Pre task execution logs
[2026-05-18T21:25:00.948+0000] {taskinstance.py:2076} INFO - Dependencies all met for dep_context=non-requeueable deps ti=<TaskInstance: medallion_gold_layer.gold_processing scheduled__2026-05-18T21:20:00+00:00 [queued]>
[2026-05-18T21:25:00.963+0000] {taskinstance.py:2076} INFO - Dependencies all met for dep_context=requeueable deps ti=<TaskInstance: medallion_gold_layer.gold_processing scheduled__2026-05-18T21:20:00+00:00 [queued]>
[2026-05-18T21:25:00.964+0000] {taskinstance.py:2306} INFO - Starting attempt 1 of 2
[2026-05-18T21:25:00.993+0000] {taskinstance.py:2330} INFO - Executing <Task(BashOperator): gold_processing> on 2026-05-18 21:20:00+00:00
[2026-05-18T21:25:01.005+0000] {standard_task_runner.py:63} INFO - Started process 1400 to run task
[2026-05-18T21:25:01.014+0000] {standard_task_runner.py:90} INFO - Running: ['airflow', 'tasks', 'run', 'medallion_gold_layer', 'gold_processing', 'scheduled__2026-05-18T21:20:00+00:00', '--job-id', '264', '--raw', '--subdir', 'DAGS_FOLDER/gold_layer_dag.py', '--cfg-path', '/tmp/tmpokmaygfj']
[2026-05-18T21:25:01.024+0000] {standard_task_runner.py:91} INFO - Job 264: Subtask gold_processing
[2026-05-18T21:25:01.367+0000] {task_command.py:426} INFO - Running <TaskInstance: medallion_gold_layer.gold_processing scheduled__2026-05-18T21:20:00+00:00 [running]> on host e8a9653e4a1b
[2026-05-18T21:25:01.827+0000] {taskinstance.py:2648} INFO - Exporting env vars: AIRFLOW_CTX_DAG_OWNER='anass' AIRFLOW_CTX_DAG_ID='medallion_gold_layer' AIRFLOW_CTX_TASK_ID='gold_processing' AIRFLOW_CTX_EXECUTION_DATE='2026-05-18T21:20:00+00:00' AIRFLOW_CTX_TRY_NUMBER='1' AIRFLOW_CTX_DAG_RUN_ID='scheduled__2026-05-18T21:20:00+00:00'
[2026-05-18T21:25:01.828+0000] {taskinstance.py:430} INFO - ::endgroup::
[2026-05-18T21:25:01.852+0000] {subprocess.py:63} INFO - Tmp dir root location: /tmp
[2026-05-18T21:25:01.854+0000] {subprocess.py:75} INFO - Running command: ['/usr/bin/bash', '-c', '\n    spark-submit     --master spark://spark-master:7077     --executor-memory 512M     --executor-cores 1     --total-executor-cores 1     --jars /opt/airflow/jars/aws-java-sdk-bundle-1.12.262.jar,/opt/airflow/jars/hadoop-aws-3.3.4.jar,/opt/airflow/jars/postgresql-42.7.3.jar     /opt/spark_jobs/gold_processor.py\n    ']
[2026-05-18T21:25:01.868+0000] {subprocess.py:86} INFO - Output:
[2026-05-18T21:25:04.695+0000] {subprocess.py:93} INFO - 26/05/18 21:25:04 WARN NativeCodeLoader: Unable to load native-hadoop library for your platform... using builtin-java classes where applicable
[2026-05-18T21:25:06.997+0000] {subprocess.py:93} INFO - 26/05/18 21:25:06 INFO SparkContext: Running Spark version 3.5.1
[2026-05-18T21:25:06.998+0000] {subprocess.py:93} INFO - 26/05/18 21:25:06 INFO SparkContext: OS info Linux, 6.6.87.2-microsoft-standard-WSL2, amd64
[2026-05-18T21:25:06.999+0000] {subprocess.py:93} INFO - 26/05/18 21:25:06 INFO SparkContext: Java version 17.0.19
[2026-05-18T21:25:07.035+0000] {subprocess.py:93} INFO - 26/05/18 21:25:07 INFO ResourceUtils: ==============================================================
[2026-05-18T21:25:07.037+0000] {subprocess.py:93} INFO - 26/05/18 21:25:07 INFO ResourceUtils: No custom resources configured for spark.driver.
[2026-05-18T21:25:07.038+0000] {subprocess.py:93} INFO - 26/05/18 21:25:07 INFO ResourceUtils: ==============================================================
[2026-05-18T21:25:07.039+0000] {subprocess.py:93} INFO - 26/05/18 21:25:07 INFO SparkContext: Submitted application: GoldLayerProcessor
[2026-05-18T21:25:07.068+0000] {subprocess.py:93} INFO - 26/05/18 21:25:07 INFO ResourceProfile: Default ResourceProfile created, executor resources: Map(cores -> name: cores, amount: 1, script: , vendor: , memory -> name: memory, amount: 512, script: , vendor: , offHeap -> name: offHeap, amount: 0, script: , vendor: ), task resources: Map(cpus -> name: cpus, amount: 1.0)
[2026-05-18T21:25:07.079+0000] {subprocess.py:93} INFO - 26/05/18 21:25:07 INFO ResourceProfile: Limiting resource is cpus at 1 tasks per executor
[2026-05-18T21:25:07.082+0000] {subprocess.py:93} INFO - 26/05/18 21:25:07 INFO ResourceProfileManager: Added ResourceProfile id: 0
[2026-05-18T21:25:07.156+0000] {subprocess.py:93} INFO - 26/05/18 21:25:07 INFO SecurityManager: Changing view acls to: airflow
[2026-05-18T21:25:07.158+0000] {subprocess.py:93} INFO - 26/05/18 21:25:07 INFO SecurityManager: Changing modify acls to: airflow
[2026-05-18T21:25:07.160+0000] {subprocess.py:93} INFO - 26/05/18 21:25:07 INFO SecurityManager: Changing view acls groups to:
[2026-05-18T21:25:07.162+0000] {subprocess.py:93} INFO - 26/05/18 21:25:07 INFO SecurityManager: Changing modify acls groups to:
[2026-05-18T21:25:07.163+0000] {subprocess.py:93} INFO - 26/05/18 21:25:07 INFO SecurityManager: SecurityManager: authentication disabled; ui acls disabled; users with view permissions: airflow; groups with view permissions: EMPTY; users with modify permissions: airflow; groups with modify permissions: EMPTY
[2026-05-18T21:25:07.468+0000] {subprocess.py:93} INFO - 26/05/18 21:25:07 INFO Utils: Successfully started service 'sparkDriver' on port 38669.
[2026-05-18T21:25:07.533+0000] {subprocess.py:93} INFO - 26/05/18 21:25:07 INFO SparkEnv: Registering MapOutputTracker
[2026-05-18T21:25:07.618+0000] {subprocess.py:93} INFO - 26/05/18 21:25:07 INFO SparkEnv: Registering BlockManagerMaster
[2026-05-18T21:25:07.649+0000] {subprocess.py:93} INFO - 26/05/18 21:25:07 INFO BlockManagerMasterEndpoint: Using org.apache.spark.storage.DefaultTopologyMapper for getting topology information
[2026-05-18T21:25:07.651+0000] {subprocess.py:93} INFO - 26/05/18 21:25:07 INFO BlockManagerMasterEndpoint: BlockManagerMasterEndpoint up
[2026-05-18T21:25:07.657+0000] {subprocess.py:93} INFO - 26/05/18 21:25:07 INFO SparkEnv: Registering BlockManagerMasterHeartbeat
[2026-05-18T21:25:07.683+0000] {subprocess.py:93} INFO - 26/05/18 21:25:07 INFO DiskBlockManager: Created local directory at /tmp/blockmgr-ec619ed9-92ac-4009-b909-facebfe73bb1
[2026-05-18T21:25:07.705+0000] {subprocess.py:93} INFO - 26/05/18 21:25:07 INFO MemoryStore: MemoryStore started with capacity 434.4 MiB
[2026-05-18T21:25:07.727+0000] {subprocess.py:93} INFO - 26/05/18 21:25:07 INFO SparkEnv: Registering OutputCommitCoordinator
[2026-05-18T21:25:07.917+0000] {subprocess.py:93} INFO - 26/05/18 21:25:07 INFO JettyUtils: Start Jetty 0.0.0.0:4040 for SparkUI
[2026-05-18T21:25:08.028+0000] {subprocess.py:93} INFO - 26/05/18 21:25:08 INFO Utils: Successfully started service 'SparkUI' on port 4040.
[2026-05-18T21:25:08.075+0000] {subprocess.py:93} INFO - 26/05/18 21:25:08 INFO SparkContext: Added JAR file:///opt/airflow/jars/aws-java-sdk-bundle-1.12.262.jar at spark://e8a9653e4a1b:38669/jars/aws-java-sdk-bundle-1.12.262.jar with timestamp 1779139506987
[2026-05-18T21:25:08.077+0000] {subprocess.py:93} INFO - 26/05/18 21:25:08 INFO SparkContext: Added JAR file:///opt/airflow/jars/hadoop-aws-3.3.4.jar at spark://e8a9653e4a1b:38669/jars/hadoop-aws-3.3.4.jar with timestamp 1779139506987
[2026-05-18T21:25:08.078+0000] {subprocess.py:93} INFO - 26/05/18 21:25:08 INFO SparkContext: Added JAR file:///opt/airflow/jars/postgresql-42.7.3.jar at spark://e8a9653e4a1b:38669/jars/postgresql-42.7.3.jar with timestamp 1779139506987
[2026-05-18T21:25:08.202+0000] {subprocess.py:93} INFO - 26/05/18 21:25:08 INFO StandaloneAppClient$ClientEndpoint: Connecting to master spark://spark-master:7077...
[2026-05-18T21:25:08.268+0000] {subprocess.py:93} INFO - 26/05/18 21:25:08 INFO TransportClientFactory: Successfully created connection to spark-master/172.18.0.4:7077 after 33 ms (0 ms spent in bootstraps)
[2026-05-18T21:25:08.388+0000] {subprocess.py:93} INFO - 26/05/18 21:25:08 INFO StandaloneSchedulerBackend: Connected to Spark cluster with app ID app-20260518212508-0004
[2026-05-18T21:25:08.393+0000] {subprocess.py:93} INFO - 26/05/18 21:25:08 INFO StandaloneAppClient$ClientEndpoint: Executor added: app-20260518212508-0004/0 on worker-20260518211503-172.18.0.3-40747 (172.18.0.3:40747) with 1 core(s)
[2026-05-18T21:25:08.399+0000] {subprocess.py:93} INFO - 26/05/18 21:25:08 INFO StandaloneSchedulerBackend: Granted executor ID app-20260518212508-0004/0 on hostPort 172.18.0.3:40747 with 1 core(s), 512.0 MiB RAM
[2026-05-18T21:25:08.408+0000] {subprocess.py:93} INFO - 26/05/18 21:25:08 INFO Utils: Successfully started service 'org.apache.spark.network.netty.NettyBlockTransferService' on port 45213.
[2026-05-18T21:25:08.409+0000] {subprocess.py:93} INFO - 26/05/18 21:25:08 INFO NettyBlockTransferService: Server created on e8a9653e4a1b:45213
[2026-05-18T21:25:08.412+0000] {subprocess.py:93} INFO - 26/05/18 21:25:08 INFO BlockManager: Using org.apache.spark.storage.RandomBlockReplicationPolicy for block replication policy
[2026-05-18T21:25:08.425+0000] {subprocess.py:93} INFO - 26/05/18 21:25:08 INFO BlockManagerMaster: Registering BlockManager BlockManagerId(driver, e8a9653e4a1b, 45213, None)
[2026-05-18T21:25:08.436+0000] {subprocess.py:93} INFO - 26/05/18 21:25:08 INFO BlockManagerMasterEndpoint: Registering block manager e8a9653e4a1b:45213 with 434.4 MiB RAM, BlockManagerId(driver, e8a9653e4a1b, 45213, None)
[2026-05-18T21:25:08.445+0000] {subprocess.py:93} INFO - 26/05/18 21:25:08 INFO BlockManagerMaster: Registered BlockManager BlockManagerId(driver, e8a9653e4a1b, 45213, None)
[2026-05-18T21:25:08.448+0000] {subprocess.py:93} INFO - 26/05/18 21:25:08 INFO BlockManager: Initialized BlockManager: BlockManagerId(driver, e8a9653e4a1b, 45213, None)
[2026-05-18T21:25:08.462+0000] {subprocess.py:93} INFO - 26/05/18 21:25:08 INFO StandaloneAppClient$ClientEndpoint: Executor updated: app-20260518212508-0004/0 is now RUNNING
[2026-05-18T21:25:08.851+0000] {subprocess.py:93} INFO - 26/05/18 21:25:08 INFO StandaloneSchedulerBackend: SchedulerBackend is ready for scheduling beginning after reached minRegisteredResourcesRatio: 0.0
[2026-05-18T21:25:10.801+0000] {subprocess.py:93} INFO - 26/05/18 21:25:10 WARN MetricsConfig: Cannot locate configuration: tried hadoop-metrics2-s3a-file-system.properties,hadoop-metrics2.properties
[2026-05-18T21:25:25.633+0000] {subprocess.py:93} INFO - Lecture SILVER terminée
[2026-05-18T21:25:53.465+0000] {subprocess.py:93} INFO - Table articles_par_jour créée
[2026-05-18T21:26:14.360+0000] {subprocess.py:93} INFO - Table articles_par_source créée
[2026-05-18T21:26:32.381+0000] {subprocess.py:93} INFO - Table top_categories créée
[2026-05-18T21:26:53.699+0000] {subprocess.py:93} INFO - Table articles_par_source_jour créée
[2026-05-18T21:26:53.701+0000] {subprocess.py:93} INFO - 
[2026-05-18T21:26:53.702+0000] {subprocess.py:93} INFO - ==============================
[2026-05-18T21:26:53.704+0000] {subprocess.py:93} INFO - GOLD LAYER TERMINÉ
[2026-05-18T21:26:53.706+0000] {subprocess.py:93} INFO - ==============================
[2026-05-18T21:26:54.232+0000] {subprocess.py:97} INFO - Command exited with return code 0
[2026-05-18T21:26:54.234+0000] {taskinstance.py:441} INFO - ::group::Post task execution logs
[2026-05-18T21:26:54.512+0000] {taskinstance.py:1206} INFO - Marking task as SUCCESS. dag_id=medallion_gold_layer, task_id=gold_processing, run_id=scheduled__2026-05-18T21:20:00+00:00, execution_date=20260518T212000, start_date=20260518T212500, end_date=20260518T212654
[2026-05-18T21:26:54.602+0000] {local_task_job_runner.py:240} INFO - Task exited with return code 0
[2026-05-18T21:26:54.718+0000] {taskinstance.py:3498} INFO - 0 downstream tasks scheduled from follow-on schedule check
[2026-05-18T21:26:54.745+0000] {local_task_job_runner.py:222} INFO - ::endgroup::
