[2026-05-14T12:05:01.707+0000] {local_task_job_runner.py:120} INFO - ::group::Pre task execution logs
[2026-05-14T12:05:01.806+0000] {taskinstance.py:2076} INFO - Dependencies all met for dep_context=non-requeueable deps ti=<TaskInstance: medallion_gold_layer.gold_processing scheduled__2026-05-14T12:00:00+00:00 [queued]>
[2026-05-14T12:05:01.829+0000] {taskinstance.py:2076} INFO - Dependencies all met for dep_context=requeueable deps ti=<TaskInstance: medallion_gold_layer.gold_processing scheduled__2026-05-14T12:00:00+00:00 [queued]>
[2026-05-14T12:05:01.830+0000] {taskinstance.py:2306} INFO - Starting attempt 1 of 2
[2026-05-14T12:05:01.857+0000] {taskinstance.py:2330} INFO - Executing <Task(BashOperator): gold_processing> on 2026-05-14 12:00:00+00:00
[2026-05-14T12:05:01.865+0000] {standard_task_runner.py:63} INFO - Started process 3927 to run task
[2026-05-14T12:05:01.875+0000] {standard_task_runner.py:90} INFO - Running: ['airflow', 'tasks', 'run', 'medallion_gold_layer', 'gold_processing', 'scheduled__2026-05-14T12:00:00+00:00', '--job-id', '12', '--raw', '--subdir', 'DAGS_FOLDER/gold_layer_dag.py', '--cfg-path', '/tmp/tmpwr0hhyb0']
[2026-05-14T12:05:01.883+0000] {standard_task_runner.py:91} INFO - Job 12: Subtask gold_processing
[2026-05-14T12:05:02.422+0000] {task_command.py:426} INFO - Running <TaskInstance: medallion_gold_layer.gold_processing scheduled__2026-05-14T12:00:00+00:00 [running]> on host e8a9653e4a1b
[2026-05-14T12:05:02.975+0000] {taskinstance.py:2648} INFO - Exporting env vars: AIRFLOW_CTX_DAG_OWNER='anass' AIRFLOW_CTX_DAG_ID='medallion_gold_layer' AIRFLOW_CTX_TASK_ID='gold_processing' AIRFLOW_CTX_EXECUTION_DATE='2026-05-14T12:00:00+00:00' AIRFLOW_CTX_TRY_NUMBER='1' AIRFLOW_CTX_DAG_RUN_ID='scheduled__2026-05-14T12:00:00+00:00'
[2026-05-14T12:05:02.976+0000] {taskinstance.py:430} INFO - ::endgroup::
[2026-05-14T12:05:02.997+0000] {subprocess.py:63} INFO - Tmp dir root location: /tmp
[2026-05-14T12:05:03.000+0000] {subprocess.py:75} INFO - Running command: ['/usr/bin/bash', '-c', '\n    spark-submit     --master spark://spark-master:7077     --executor-memory 512M     --executor-cores 1     --total-executor-cores 1     --jars /opt/airflow/jars/aws-java-sdk-bundle-1.12.262.jar,/opt/airflow/jars/hadoop-aws-3.3.4.jar,/opt/airflow/jars/postgresql-42.7.3.jar     /opt/spark_jobs/gold_processor.py\n    ']
[2026-05-14T12:05:03.016+0000] {subprocess.py:86} INFO - Output:
[2026-05-14T12:05:06.211+0000] {subprocess.py:93} INFO - 26/05/14 12:05:06 WARN NativeCodeLoader: Unable to load native-hadoop library for your platform... using builtin-java classes where applicable
[2026-05-14T12:05:08.152+0000] {subprocess.py:93} INFO - 26/05/14 12:05:08 INFO SparkContext: Running Spark version 3.5.1
[2026-05-14T12:05:08.154+0000] {subprocess.py:93} INFO - 26/05/14 12:05:08 INFO SparkContext: OS info Linux, 6.6.87.2-microsoft-standard-WSL2, amd64
[2026-05-14T12:05:08.155+0000] {subprocess.py:93} INFO - 26/05/14 12:05:08 INFO SparkContext: Java version 17.0.19
[2026-05-14T12:05:08.207+0000] {subprocess.py:93} INFO - 26/05/14 12:05:08 INFO ResourceUtils: ==============================================================
[2026-05-14T12:05:08.208+0000] {subprocess.py:93} INFO - 26/05/14 12:05:08 INFO ResourceUtils: No custom resources configured for spark.driver.
[2026-05-14T12:05:08.210+0000] {subprocess.py:93} INFO - 26/05/14 12:05:08 INFO ResourceUtils: ==============================================================
[2026-05-14T12:05:08.211+0000] {subprocess.py:93} INFO - 26/05/14 12:05:08 INFO SparkContext: Submitted application: GoldLayerProcessor
[2026-05-14T12:05:08.241+0000] {subprocess.py:93} INFO - 26/05/14 12:05:08 INFO ResourceProfile: Default ResourceProfile created, executor resources: Map(cores -> name: cores, amount: 1, script: , vendor: , memory -> name: memory, amount: 512, script: , vendor: , offHeap -> name: offHeap, amount: 0, script: , vendor: ), task resources: Map(cpus -> name: cpus, amount: 1.0)
[2026-05-14T12:05:08.252+0000] {subprocess.py:93} INFO - 26/05/14 12:05:08 INFO ResourceProfile: Limiting resource is cpus at 1 tasks per executor
[2026-05-14T12:05:08.255+0000] {subprocess.py:93} INFO - 26/05/14 12:05:08 INFO ResourceProfileManager: Added ResourceProfile id: 0
[2026-05-14T12:05:08.316+0000] {subprocess.py:93} INFO - 26/05/14 12:05:08 INFO SecurityManager: Changing view acls to: airflow
[2026-05-14T12:05:08.317+0000] {subprocess.py:93} INFO - 26/05/14 12:05:08 INFO SecurityManager: Changing modify acls to: airflow
[2026-05-14T12:05:08.318+0000] {subprocess.py:93} INFO - 26/05/14 12:05:08 INFO SecurityManager: Changing view acls groups to:
[2026-05-14T12:05:08.319+0000] {subprocess.py:93} INFO - 26/05/14 12:05:08 INFO SecurityManager: Changing modify acls groups to:
[2026-05-14T12:05:08.320+0000] {subprocess.py:93} INFO - 26/05/14 12:05:08 INFO SecurityManager: SecurityManager: authentication disabled; ui acls disabled; users with view permissions: airflow; groups with view permissions: EMPTY; users with modify permissions: airflow; groups with modify permissions: EMPTY
[2026-05-14T12:05:08.606+0000] {subprocess.py:93} INFO - 26/05/14 12:05:08 INFO Utils: Successfully started service 'sparkDriver' on port 38645.
[2026-05-14T12:05:08.643+0000] {subprocess.py:93} INFO - 26/05/14 12:05:08 INFO SparkEnv: Registering MapOutputTracker
[2026-05-14T12:05:08.689+0000] {subprocess.py:93} INFO - 26/05/14 12:05:08 INFO SparkEnv: Registering BlockManagerMaster
[2026-05-14T12:05:08.716+0000] {subprocess.py:93} INFO - 26/05/14 12:05:08 INFO BlockManagerMasterEndpoint: Using org.apache.spark.storage.DefaultTopologyMapper for getting topology information
[2026-05-14T12:05:08.718+0000] {subprocess.py:93} INFO - 26/05/14 12:05:08 INFO BlockManagerMasterEndpoint: BlockManagerMasterEndpoint up
[2026-05-14T12:05:08.725+0000] {subprocess.py:93} INFO - 26/05/14 12:05:08 INFO SparkEnv: Registering BlockManagerMasterHeartbeat
[2026-05-14T12:05:08.758+0000] {subprocess.py:93} INFO - 26/05/14 12:05:08 INFO DiskBlockManager: Created local directory at /tmp/blockmgr-406e3635-d015-4eed-9041-bcf61368ed4a
[2026-05-14T12:05:08.783+0000] {subprocess.py:93} INFO - 26/05/14 12:05:08 INFO MemoryStore: MemoryStore started with capacity 434.4 MiB
[2026-05-14T12:05:08.817+0000] {subprocess.py:93} INFO - 26/05/14 12:05:08 INFO SparkEnv: Registering OutputCommitCoordinator
[2026-05-14T12:05:08.984+0000] {subprocess.py:93} INFO - 26/05/14 12:05:08 INFO JettyUtils: Start Jetty 0.0.0.0:4040 for SparkUI
[2026-05-14T12:05:09.086+0000] {subprocess.py:93} INFO - 26/05/14 12:05:09 INFO Utils: Successfully started service 'SparkUI' on port 4040.
[2026-05-14T12:05:09.131+0000] {subprocess.py:93} INFO - 26/05/14 12:05:09 INFO SparkContext: Added JAR file:///opt/airflow/jars/aws-java-sdk-bundle-1.12.262.jar at spark://e8a9653e4a1b:38645/jars/aws-java-sdk-bundle-1.12.262.jar with timestamp 1778760308140
[2026-05-14T12:05:09.133+0000] {subprocess.py:93} INFO - 26/05/14 12:05:09 INFO SparkContext: Added JAR file:///opt/airflow/jars/hadoop-aws-3.3.4.jar at spark://e8a9653e4a1b:38645/jars/hadoop-aws-3.3.4.jar with timestamp 1778760308140
[2026-05-14T12:05:09.134+0000] {subprocess.py:93} INFO - 26/05/14 12:05:09 INFO SparkContext: Added JAR file:///opt/airflow/jars/postgresql-42.7.3.jar at spark://e8a9653e4a1b:38645/jars/postgresql-42.7.3.jar with timestamp 1778760308140
[2026-05-14T12:05:09.258+0000] {subprocess.py:93} INFO - 26/05/14 12:05:09 INFO StandaloneAppClient$ClientEndpoint: Connecting to master spark://spark-master:7077...
[2026-05-14T12:05:09.321+0000] {subprocess.py:93} INFO - 26/05/14 12:05:09 INFO TransportClientFactory: Successfully created connection to spark-master/172.18.0.6:7077 after 32 ms (0 ms spent in bootstraps)
[2026-05-14T12:05:09.453+0000] {subprocess.py:93} INFO - 26/05/14 12:05:09 INFO StandaloneSchedulerBackend: Connected to Spark cluster with app ID app-20260514120509-0011
[2026-05-14T12:05:09.466+0000] {subprocess.py:93} INFO - 26/05/14 12:05:09 INFO StandaloneAppClient$ClientEndpoint: Executor added: app-20260514120509-0011/0 on worker-20260514105200-172.18.0.13-40347 (172.18.0.13:40347) with 1 core(s)
[2026-05-14T12:05:09.476+0000] {subprocess.py:93} INFO - 26/05/14 12:05:09 INFO StandaloneSchedulerBackend: Granted executor ID app-20260514120509-0011/0 on hostPort 172.18.0.13:40347 with 1 core(s), 512.0 MiB RAM
[2026-05-14T12:05:09.492+0000] {subprocess.py:93} INFO - 26/05/14 12:05:09 INFO Utils: Successfully started service 'org.apache.spark.network.netty.NettyBlockTransferService' on port 39491.
[2026-05-14T12:05:09.495+0000] {subprocess.py:93} INFO - 26/05/14 12:05:09 INFO NettyBlockTransferService: Server created on e8a9653e4a1b:39491
[2026-05-14T12:05:09.498+0000] {subprocess.py:93} INFO - 26/05/14 12:05:09 INFO BlockManager: Using org.apache.spark.storage.RandomBlockReplicationPolicy for block replication policy
[2026-05-14T12:05:09.513+0000] {subprocess.py:93} INFO - 26/05/14 12:05:09 INFO BlockManagerMaster: Registering BlockManager BlockManagerId(driver, e8a9653e4a1b, 39491, None)
[2026-05-14T12:05:09.521+0000] {subprocess.py:93} INFO - 26/05/14 12:05:09 INFO BlockManagerMasterEndpoint: Registering block manager e8a9653e4a1b:39491 with 434.4 MiB RAM, BlockManagerId(driver, e8a9653e4a1b, 39491, None)
[2026-05-14T12:05:09.525+0000] {subprocess.py:93} INFO - 26/05/14 12:05:09 INFO BlockManagerMaster: Registered BlockManager BlockManagerId(driver, e8a9653e4a1b, 39491, None)
[2026-05-14T12:05:09.528+0000] {subprocess.py:93} INFO - 26/05/14 12:05:09 INFO BlockManager: Initialized BlockManager: BlockManagerId(driver, e8a9653e4a1b, 39491, None)
[2026-05-14T12:05:09.564+0000] {subprocess.py:93} INFO - 26/05/14 12:05:09 INFO StandaloneAppClient$ClientEndpoint: Executor updated: app-20260514120509-0011/0 is now RUNNING
[2026-05-14T12:05:09.950+0000] {subprocess.py:93} INFO - 26/05/14 12:05:09 INFO StandaloneSchedulerBackend: SchedulerBackend is ready for scheduling beginning after reached minRegisteredResourcesRatio: 0.0
[2026-05-14T12:05:12.656+0000] {subprocess.py:93} INFO - 26/05/14 12:05:12 WARN MetricsConfig: Cannot locate configuration: tried hadoop-metrics2-s3a-file-system.properties,hadoop-metrics2.properties
[2026-05-14T12:05:23.750+0000] {subprocess.py:93} INFO - Lecture SILVER terminée
[2026-05-14T12:05:33.526+0000] {subprocess.py:93} INFO - Table articles_par_jour créée
[2026-05-14T12:05:39.536+0000] {subprocess.py:93} INFO - Table articles_par_source créée
[2026-05-14T12:05:44.800+0000] {subprocess.py:93} INFO - Table top_categories créée
[2026-05-14T12:05:48.309+0000] {subprocess.py:93} INFO - Table articles_par_source_jour créée
[2026-05-14T12:05:48.310+0000] {subprocess.py:93} INFO - 
[2026-05-14T12:05:48.312+0000] {subprocess.py:93} INFO - ==============================
[2026-05-14T12:05:48.313+0000] {subprocess.py:93} INFO - GOLD LAYER TERMINÉ
[2026-05-14T12:05:48.314+0000] {subprocess.py:93} INFO - ==============================
[2026-05-14T12:05:48.804+0000] {subprocess.py:97} INFO - Command exited with return code 0
[2026-05-14T12:05:48.806+0000] {taskinstance.py:441} INFO - ::group::Post task execution logs
[2026-05-14T12:05:49.053+0000] {taskinstance.py:1206} INFO - Marking task as SUCCESS. dag_id=medallion_gold_layer, task_id=gold_processing, run_id=scheduled__2026-05-14T12:00:00+00:00, execution_date=20260514T120000, start_date=20260514T120501, end_date=20260514T120549
[2026-05-14T12:05:49.490+0000] {local_task_job_runner.py:240} INFO - Task exited with return code 0
[2026-05-14T12:05:49.620+0000] {local_task_job_runner.py:222} INFO - ::endgroup::
