[2026-05-17T03:01:46.043+0000] {local_task_job_runner.py:120} INFO - ::group::Pre task execution logs
[2026-05-17T03:01:46.984+0000] {taskinstance.py:2076} INFO - Dependencies all met for dep_context=non-requeueable deps ti=<TaskInstance: medallion_gold_layer.gold_processing scheduled__2026-05-17T02:55:00+00:00 [queued]>
[2026-05-17T03:01:47.129+0000] {taskinstance.py:2076} INFO - Dependencies all met for dep_context=requeueable deps ti=<TaskInstance: medallion_gold_layer.gold_processing scheduled__2026-05-17T02:55:00+00:00 [queued]>
[2026-05-17T03:01:47.162+0000] {taskinstance.py:2306} INFO - Starting attempt 1 of 2
[2026-05-17T03:01:47.440+0000] {taskinstance.py:2330} INFO - Executing <Task(BashOperator): gold_processing> on 2026-05-17 02:55:00+00:00
[2026-05-17T03:01:47.521+0000] {standard_task_runner.py:63} INFO - Started process 67817 to run task
[2026-05-17T03:01:47.574+0000] {standard_task_runner.py:90} INFO - Running: ['airflow', 'tasks', 'run', 'medallion_gold_layer', 'gold_processing', 'scheduled__2026-05-17T02:55:00+00:00', '--job-id', '176', '--raw', '--subdir', 'DAGS_FOLDER/gold_layer_dag.py', '--cfg-path', '/tmp/tmp3f8930g3']
[2026-05-17T03:01:47.611+0000] {standard_task_runner.py:91} INFO - Job 176: Subtask gold_processing
[2026-05-17T03:01:49.553+0000] {task_command.py:426} INFO - Running <TaskInstance: medallion_gold_layer.gold_processing scheduled__2026-05-17T02:55:00+00:00 [running]> on host e8a9653e4a1b
[2026-05-17T03:01:51.830+0000] {taskinstance.py:2648} INFO - Exporting env vars: AIRFLOW_CTX_DAG_OWNER='anass' AIRFLOW_CTX_DAG_ID='medallion_gold_layer' AIRFLOW_CTX_TASK_ID='gold_processing' AIRFLOW_CTX_EXECUTION_DATE='2026-05-17T02:55:00+00:00' AIRFLOW_CTX_TRY_NUMBER='1' AIRFLOW_CTX_DAG_RUN_ID='scheduled__2026-05-17T02:55:00+00:00'
[2026-05-17T03:01:51.835+0000] {taskinstance.py:430} INFO - ::endgroup::
[2026-05-17T03:01:51.972+0000] {subprocess.py:63} INFO - Tmp dir root location: /tmp
[2026-05-17T03:01:51.978+0000] {subprocess.py:75} INFO - Running command: ['/usr/bin/bash', '-c', '\n    spark-submit     --master spark://spark-master:7077     --executor-memory 512M     --executor-cores 1     --total-executor-cores 1     --jars /opt/airflow/jars/aws-java-sdk-bundle-1.12.262.jar,/opt/airflow/jars/hadoop-aws-3.3.4.jar,/opt/airflow/jars/postgresql-42.7.3.jar     /opt/spark_jobs/gold_processor.py\n    ']
[2026-05-17T03:01:52.061+0000] {subprocess.py:86} INFO - Output:
[2026-05-17T03:02:32.050+0000] {subprocess.py:93} INFO - 26/05/17 03:02:31 WARN NativeCodeLoader: Unable to load native-hadoop library for your platform... using builtin-java classes where applicable
[2026-05-17T03:02:48.764+0000] {subprocess.py:93} INFO - 26/05/17 03:02:48 INFO SparkContext: Running Spark version 3.5.1
[2026-05-17T03:02:48.765+0000] {subprocess.py:93} INFO - 26/05/17 03:02:48 INFO SparkContext: OS info Linux, 6.6.87.2-microsoft-standard-WSL2, amd64
[2026-05-17T03:02:48.766+0000] {subprocess.py:93} INFO - 26/05/17 03:02:48 INFO SparkContext: Java version 17.0.19
[2026-05-17T03:02:48.809+0000] {subprocess.py:93} INFO - 26/05/17 03:02:48 INFO ResourceUtils: ==============================================================
[2026-05-17T03:02:48.810+0000] {subprocess.py:93} INFO - 26/05/17 03:02:48 INFO ResourceUtils: No custom resources configured for spark.driver.
[2026-05-17T03:02:48.811+0000] {subprocess.py:93} INFO - 26/05/17 03:02:48 INFO ResourceUtils: ==============================================================
[2026-05-17T03:02:48.812+0000] {subprocess.py:93} INFO - 26/05/17 03:02:48 INFO SparkContext: Submitted application: GoldLayerProcessor
[2026-05-17T03:02:48.838+0000] {subprocess.py:93} INFO - 26/05/17 03:02:48 INFO ResourceProfile: Default ResourceProfile created, executor resources: Map(cores -> name: cores, amount: 1, script: , vendor: , memory -> name: memory, amount: 512, script: , vendor: , offHeap -> name: offHeap, amount: 0, script: , vendor: ), task resources: Map(cpus -> name: cpus, amount: 1.0)
[2026-05-17T03:02:48.851+0000] {subprocess.py:93} INFO - 26/05/17 03:02:48 INFO ResourceProfile: Limiting resource is cpus at 1 tasks per executor
[2026-05-17T03:02:48.854+0000] {subprocess.py:93} INFO - 26/05/17 03:02:48 INFO ResourceProfileManager: Added ResourceProfile id: 0
[2026-05-17T03:02:48.923+0000] {subprocess.py:93} INFO - 26/05/17 03:02:48 INFO SecurityManager: Changing view acls to: airflow
[2026-05-17T03:02:48.924+0000] {subprocess.py:93} INFO - 26/05/17 03:02:48 INFO SecurityManager: Changing modify acls to: airflow
[2026-05-17T03:02:48.925+0000] {subprocess.py:93} INFO - 26/05/17 03:02:48 INFO SecurityManager: Changing view acls groups to:
[2026-05-17T03:02:48.926+0000] {subprocess.py:93} INFO - 26/05/17 03:02:48 INFO SecurityManager: Changing modify acls groups to:
[2026-05-17T03:02:48.927+0000] {subprocess.py:93} INFO - 26/05/17 03:02:48 INFO SecurityManager: SecurityManager: authentication disabled; ui acls disabled; users with view permissions: airflow; groups with view permissions: EMPTY; users with modify permissions: airflow; groups with modify permissions: EMPTY
[2026-05-17T03:02:49.195+0000] {subprocess.py:93} INFO - 26/05/17 03:02:49 INFO Utils: Successfully started service 'sparkDriver' on port 37225.
[2026-05-17T03:02:49.229+0000] {subprocess.py:93} INFO - 26/05/17 03:02:49 INFO SparkEnv: Registering MapOutputTracker
[2026-05-17T03:02:49.273+0000] {subprocess.py:93} INFO - 26/05/17 03:02:49 INFO SparkEnv: Registering BlockManagerMaster
[2026-05-17T03:02:49.294+0000] {subprocess.py:93} INFO - 26/05/17 03:02:49 INFO BlockManagerMasterEndpoint: Using org.apache.spark.storage.DefaultTopologyMapper for getting topology information
[2026-05-17T03:02:49.295+0000] {subprocess.py:93} INFO - 26/05/17 03:02:49 INFO BlockManagerMasterEndpoint: BlockManagerMasterEndpoint up
[2026-05-17T03:02:49.301+0000] {subprocess.py:93} INFO - 26/05/17 03:02:49 INFO SparkEnv: Registering BlockManagerMasterHeartbeat
[2026-05-17T03:02:49.328+0000] {subprocess.py:93} INFO - 26/05/17 03:02:49 INFO DiskBlockManager: Created local directory at /tmp/blockmgr-54bf70e9-a81e-4751-a164-2fd6ada0d90f
[2026-05-17T03:02:49.353+0000] {subprocess.py:93} INFO - 26/05/17 03:02:49 INFO MemoryStore: MemoryStore started with capacity 434.4 MiB
[2026-05-17T03:02:49.381+0000] {subprocess.py:93} INFO - 26/05/17 03:02:49 INFO SparkEnv: Registering OutputCommitCoordinator
[2026-05-17T03:02:49.561+0000] {subprocess.py:93} INFO - 26/05/17 03:02:49 INFO JettyUtils: Start Jetty 0.0.0.0:4040 for SparkUI
[2026-05-17T03:02:49.665+0000] {subprocess.py:93} INFO - 26/05/17 03:02:49 INFO Utils: Successfully started service 'SparkUI' on port 4040.
[2026-05-17T03:02:49.727+0000] {subprocess.py:93} INFO - 26/05/17 03:02:49 INFO SparkContext: Added JAR file:///opt/airflow/jars/aws-java-sdk-bundle-1.12.262.jar at spark://e8a9653e4a1b:37225/jars/aws-java-sdk-bundle-1.12.262.jar with timestamp 1778986968753
[2026-05-17T03:02:49.728+0000] {subprocess.py:93} INFO - 26/05/17 03:02:49 INFO SparkContext: Added JAR file:///opt/airflow/jars/hadoop-aws-3.3.4.jar at spark://e8a9653e4a1b:37225/jars/hadoop-aws-3.3.4.jar with timestamp 1778986968753
[2026-05-17T03:02:49.729+0000] {subprocess.py:93} INFO - 26/05/17 03:02:49 INFO SparkContext: Added JAR file:///opt/airflow/jars/postgresql-42.7.3.jar at spark://e8a9653e4a1b:37225/jars/postgresql-42.7.3.jar with timestamp 1778986968753
[2026-05-17T03:02:49.831+0000] {subprocess.py:93} INFO - 26/05/17 03:02:49 INFO StandaloneAppClient$ClientEndpoint: Connecting to master spark://spark-master:7077...
[2026-05-17T03:02:49.884+0000] {subprocess.py:93} INFO - 26/05/17 03:02:49 INFO TransportClientFactory: Successfully created connection to spark-master/172.18.0.6:7077 after 29 ms (0 ms spent in bootstraps)
[2026-05-17T03:02:49.967+0000] {subprocess.py:93} INFO - 26/05/17 03:02:49 INFO StandaloneSchedulerBackend: Connected to Spark cluster with app ID app-20260517030249-0175
[2026-05-17T03:02:49.969+0000] {subprocess.py:93} INFO - 26/05/17 03:02:49 INFO StandaloneAppClient$ClientEndpoint: Executor added: app-20260517030249-0175/0 on worker-20260514105200-172.18.0.13-40347 (172.18.0.13:40347) with 1 core(s)
[2026-05-17T03:02:49.972+0000] {subprocess.py:93} INFO - 26/05/17 03:02:49 INFO StandaloneSchedulerBackend: Granted executor ID app-20260517030249-0175/0 on hostPort 172.18.0.13:40347 with 1 core(s), 512.0 MiB RAM
[2026-05-17T03:02:49.979+0000] {subprocess.py:93} INFO - 26/05/17 03:02:49 INFO Utils: Successfully started service 'org.apache.spark.network.netty.NettyBlockTransferService' on port 46113.
[2026-05-17T03:02:49.979+0000] {subprocess.py:93} INFO - 26/05/17 03:02:49 INFO NettyBlockTransferService: Server created on e8a9653e4a1b:46113
[2026-05-17T03:02:49.982+0000] {subprocess.py:93} INFO - 26/05/17 03:02:49 INFO BlockManager: Using org.apache.spark.storage.RandomBlockReplicationPolicy for block replication policy
[2026-05-17T03:02:49.994+0000] {subprocess.py:93} INFO - 26/05/17 03:02:49 INFO BlockManagerMaster: Registering BlockManager BlockManagerId(driver, e8a9653e4a1b, 46113, None)
[2026-05-17T03:02:49.998+0000] {subprocess.py:93} INFO - 26/05/17 03:02:49 INFO BlockManagerMasterEndpoint: Registering block manager e8a9653e4a1b:46113 with 434.4 MiB RAM, BlockManagerId(driver, e8a9653e4a1b, 46113, None)
[2026-05-17T03:02:50.001+0000] {subprocess.py:93} INFO - 26/05/17 03:02:50 INFO BlockManagerMaster: Registered BlockManager BlockManagerId(driver, e8a9653e4a1b, 46113, None)
[2026-05-17T03:02:50.003+0000] {subprocess.py:93} INFO - 26/05/17 03:02:50 INFO BlockManager: Initialized BlockManager: BlockManagerId(driver, e8a9653e4a1b, 46113, None)
[2026-05-17T03:02:50.007+0000] {subprocess.py:93} INFO - 26/05/17 03:02:50 INFO StandaloneAppClient$ClientEndpoint: Executor updated: app-20260517030249-0175/0 is now RUNNING
[2026-05-17T03:02:50.350+0000] {subprocess.py:93} INFO - 26/05/17 03:02:50 INFO StandaloneSchedulerBackend: SchedulerBackend is ready for scheduling beginning after reached minRegisteredResourcesRatio: 0.0
[2026-05-17T03:02:51.991+0000] {subprocess.py:93} INFO - 26/05/17 03:02:51 WARN MetricsConfig: Cannot locate configuration: tried hadoop-metrics2-s3a-file-system.properties,hadoop-metrics2.properties
[2026-05-17T03:03:01.777+0000] {subprocess.py:93} INFO - Lecture SILVER terminée
[2026-05-17T03:03:14.365+0000] {subprocess.py:93} INFO - Table articles_par_jour créée
[2026-05-17T03:03:23.692+0000] {subprocess.py:93} INFO - Table articles_par_source créée
[2026-05-17T03:03:31.653+0000] {subprocess.py:93} INFO - Table top_categories créée
[2026-05-17T03:03:39.537+0000] {subprocess.py:93} INFO - Table articles_par_source_jour créée
[2026-05-17T03:03:39.538+0000] {subprocess.py:93} INFO - 
[2026-05-17T03:03:39.538+0000] {subprocess.py:93} INFO - ==============================
[2026-05-17T03:03:39.539+0000] {subprocess.py:93} INFO - GOLD LAYER TERMINÉ
[2026-05-17T03:03:39.540+0000] {subprocess.py:93} INFO - ==============================
[2026-05-17T03:03:40.053+0000] {subprocess.py:97} INFO - Command exited with return code 0
[2026-05-17T03:03:40.054+0000] {taskinstance.py:441} INFO - ::group::Post task execution logs
[2026-05-17T03:03:40.294+0000] {taskinstance.py:1206} INFO - Marking task as SUCCESS. dag_id=medallion_gold_layer, task_id=gold_processing, run_id=scheduled__2026-05-17T02:55:00+00:00, execution_date=20260517T025500, start_date=20260517T030146, end_date=20260517T030340
[2026-05-17T03:03:40.338+0000] {local_task_job_runner.py:240} INFO - Task exited with return code 0
[2026-05-17T03:03:40.387+0000] {taskinstance.py:3498} INFO - 0 downstream tasks scheduled from follow-on schedule check
[2026-05-17T03:03:40.390+0000] {local_task_job_runner.py:222} INFO - ::endgroup::
