[2026-05-17T04:18:41.436+0000] {local_task_job_runner.py:120} INFO - ::group::Pre task execution logs
[2026-05-17T04:18:41.548+0000] {taskinstance.py:2076} INFO - Dependencies all met for dep_context=non-requeueable deps ti=<TaskInstance: medallion_gold_layer.gold_processing scheduled__2026-05-17T03:55:00+00:00 [queued]>
[2026-05-17T04:18:41.568+0000] {taskinstance.py:2076} INFO - Dependencies all met for dep_context=requeueable deps ti=<TaskInstance: medallion_gold_layer.gold_processing scheduled__2026-05-17T03:55:00+00:00 [queued]>
[2026-05-17T04:18:41.569+0000] {taskinstance.py:2306} INFO - Starting attempt 1 of 2
[2026-05-17T04:18:41.599+0000] {taskinstance.py:2330} INFO - Executing <Task(BashOperator): gold_processing> on 2026-05-17 03:55:00+00:00
[2026-05-17T04:18:41.608+0000] {standard_task_runner.py:63} INFO - Started process 72549 to run task
[2026-05-17T04:18:41.613+0000] {standard_task_runner.py:90} INFO - Running: ['airflow', 'tasks', 'run', 'medallion_gold_layer', 'gold_processing', 'scheduled__2026-05-17T03:55:00+00:00', '--job-id', '188', '--raw', '--subdir', 'DAGS_FOLDER/gold_layer_dag.py', '--cfg-path', '/tmp/tmp4f8cjifg']
[2026-05-17T04:18:41.617+0000] {standard_task_runner.py:91} INFO - Job 188: Subtask gold_processing
[2026-05-17T04:18:41.862+0000] {task_command.py:426} INFO - Running <TaskInstance: medallion_gold_layer.gold_processing scheduled__2026-05-17T03:55:00+00:00 [running]> on host e8a9653e4a1b
[2026-05-17T04:18:42.291+0000] {taskinstance.py:2648} INFO - Exporting env vars: AIRFLOW_CTX_DAG_OWNER='anass' AIRFLOW_CTX_DAG_ID='medallion_gold_layer' AIRFLOW_CTX_TASK_ID='gold_processing' AIRFLOW_CTX_EXECUTION_DATE='2026-05-17T03:55:00+00:00' AIRFLOW_CTX_TRY_NUMBER='1' AIRFLOW_CTX_DAG_RUN_ID='scheduled__2026-05-17T03:55:00+00:00'
[2026-05-17T04:18:42.293+0000] {taskinstance.py:430} INFO - ::endgroup::
[2026-05-17T04:18:42.327+0000] {subprocess.py:63} INFO - Tmp dir root location: /tmp
[2026-05-17T04:18:42.330+0000] {subprocess.py:75} INFO - Running command: ['/usr/bin/bash', '-c', '\n    spark-submit     --master spark://spark-master:7077     --executor-memory 512M     --executor-cores 1     --total-executor-cores 1     --jars /opt/airflow/jars/aws-java-sdk-bundle-1.12.262.jar,/opt/airflow/jars/hadoop-aws-3.3.4.jar,/opt/airflow/jars/postgresql-42.7.3.jar     /opt/spark_jobs/gold_processor.py\n    ']
[2026-05-17T04:18:42.349+0000] {subprocess.py:86} INFO - Output:
[2026-05-17T05:09:55.494+0000] {subprocess.py:93} INFO - 26/05/17 05:09:55 WARN NativeCodeLoader: Unable to load native-hadoop library for your platform... using builtin-java classes where applicable
[2026-05-17T05:09:58.057+0000] {subprocess.py:93} INFO - 26/05/17 05:09:58 INFO SparkContext: Running Spark version 3.5.1
[2026-05-17T05:09:58.058+0000] {subprocess.py:93} INFO - 26/05/17 05:09:58 INFO SparkContext: OS info Linux, 6.6.87.2-microsoft-standard-WSL2, amd64
[2026-05-17T05:09:58.060+0000] {subprocess.py:93} INFO - 26/05/17 05:09:58 INFO SparkContext: Java version 17.0.19
[2026-05-17T05:09:58.117+0000] {subprocess.py:93} INFO - 26/05/17 05:09:58 INFO ResourceUtils: ==============================================================
[2026-05-17T05:09:58.118+0000] {subprocess.py:93} INFO - 26/05/17 05:09:58 INFO ResourceUtils: No custom resources configured for spark.driver.
[2026-05-17T05:09:58.119+0000] {subprocess.py:93} INFO - 26/05/17 05:09:58 INFO ResourceUtils: ==============================================================
[2026-05-17T05:09:58.120+0000] {subprocess.py:93} INFO - 26/05/17 05:09:58 INFO SparkContext: Submitted application: GoldLayerProcessor
[2026-05-17T05:09:58.156+0000] {subprocess.py:93} INFO - 26/05/17 05:09:58 INFO ResourceProfile: Default ResourceProfile created, executor resources: Map(cores -> name: cores, amount: 1, script: , vendor: , memory -> name: memory, amount: 512, script: , vendor: , offHeap -> name: offHeap, amount: 0, script: , vendor: ), task resources: Map(cpus -> name: cpus, amount: 1.0)
[2026-05-17T05:09:58.173+0000] {subprocess.py:93} INFO - 26/05/17 05:09:58 INFO ResourceProfile: Limiting resource is cpus at 1 tasks per executor
[2026-05-17T05:09:58.177+0000] {subprocess.py:93} INFO - 26/05/17 05:09:58 INFO ResourceProfileManager: Added ResourceProfile id: 0
[2026-05-17T05:09:58.265+0000] {subprocess.py:93} INFO - 26/05/17 05:09:58 INFO SecurityManager: Changing view acls to: airflow
[2026-05-17T05:09:58.267+0000] {subprocess.py:93} INFO - 26/05/17 05:09:58 INFO SecurityManager: Changing modify acls to: airflow
[2026-05-17T05:09:58.267+0000] {subprocess.py:93} INFO - 26/05/17 05:09:58 INFO SecurityManager: Changing view acls groups to:
[2026-05-17T05:09:58.268+0000] {subprocess.py:93} INFO - 26/05/17 05:09:58 INFO SecurityManager: Changing modify acls groups to:
[2026-05-17T05:09:58.270+0000] {subprocess.py:93} INFO - 26/05/17 05:09:58 INFO SecurityManager: SecurityManager: authentication disabled; ui acls disabled; users with view permissions: airflow; groups with view permissions: EMPTY; users with modify permissions: airflow; groups with modify permissions: EMPTY
[2026-05-17T05:09:58.649+0000] {subprocess.py:93} INFO - 26/05/17 05:09:58 INFO Utils: Successfully started service 'sparkDriver' on port 35839.
[2026-05-17T05:09:58.698+0000] {subprocess.py:93} INFO - 26/05/17 05:09:58 INFO SparkEnv: Registering MapOutputTracker
[2026-05-17T05:09:58.750+0000] {subprocess.py:93} INFO - 26/05/17 05:09:58 INFO SparkEnv: Registering BlockManagerMaster
[2026-05-17T05:09:58.778+0000] {subprocess.py:93} INFO - 26/05/17 05:09:58 INFO BlockManagerMasterEndpoint: Using org.apache.spark.storage.DefaultTopologyMapper for getting topology information
[2026-05-17T05:09:58.779+0000] {subprocess.py:93} INFO - 26/05/17 05:09:58 INFO BlockManagerMasterEndpoint: BlockManagerMasterEndpoint up
[2026-05-17T05:09:58.786+0000] {subprocess.py:93} INFO - 26/05/17 05:09:58 INFO SparkEnv: Registering BlockManagerMasterHeartbeat
[2026-05-17T05:09:58.814+0000] {subprocess.py:93} INFO - 26/05/17 05:09:58 INFO DiskBlockManager: Created local directory at /tmp/blockmgr-640b8be9-5756-472a-a9e6-9aa3f485695f
[2026-05-17T05:09:58.835+0000] {subprocess.py:93} INFO - 26/05/17 05:09:58 INFO MemoryStore: MemoryStore started with capacity 434.4 MiB
[2026-05-17T05:09:58.862+0000] {subprocess.py:93} INFO - 26/05/17 05:09:58 INFO SparkEnv: Registering OutputCommitCoordinator
[2026-05-17T05:09:59.117+0000] {subprocess.py:93} INFO - 26/05/17 05:09:59 INFO JettyUtils: Start Jetty 0.0.0.0:4040 for SparkUI
[2026-05-17T10:32:21.943+0000] {subprocess.py:93} INFO - 26/05/17 10:32:21 INFO Utils: Successfully started service 'SparkUI' on port 4040.
[2026-05-17T10:32:22.036+0000] {subprocess.py:93} INFO - 26/05/17 10:32:22 INFO SparkContext: Added JAR file:///opt/airflow/jars/aws-java-sdk-bundle-1.12.262.jar at spark://e8a9653e4a1b:35839/jars/aws-java-sdk-bundle-1.12.262.jar with timestamp 1778994598044
[2026-05-17T10:32:22.104+0000] {subprocess.py:93} INFO - 26/05/17 10:32:22 INFO SparkContext: Added JAR file:///opt/airflow/jars/hadoop-aws-3.3.4.jar at spark://e8a9653e4a1b:35839/jars/hadoop-aws-3.3.4.jar with timestamp 1778994598044
[2026-05-17T10:32:22.153+0000] {subprocess.py:93} INFO - 26/05/17 10:32:22 INFO SparkContext: Added JAR file:///opt/airflow/jars/postgresql-42.7.3.jar at spark://e8a9653e4a1b:35839/jars/postgresql-42.7.3.jar with timestamp 1778994598044
[2026-05-17T10:32:22.243+0000] {subprocess.py:93} INFO - 26/05/17 10:32:22 INFO StandaloneAppClient$ClientEndpoint: Connecting to master spark://spark-master:7077...
[2026-05-17T10:32:22.413+0000] {subprocess.py:93} INFO - 26/05/17 10:32:22 INFO TransportClientFactory: Successfully created connection to spark-master/172.18.0.6:7077 after 111 ms (0 ms spent in bootstraps)
[2026-05-17T10:32:22.658+0000] {subprocess.py:93} INFO - 26/05/17 10:32:22 INFO StandaloneSchedulerBackend: Connected to Spark cluster with app ID app-20260517103222-0187
[2026-05-17T10:32:22.700+0000] {subprocess.py:93} INFO - 26/05/17 10:32:22 INFO StandaloneAppClient$ClientEndpoint: Executor added: app-20260517103222-0187/0 on worker-20260514105200-172.18.0.13-40347 (172.18.0.13:40347) with 1 core(s)
[2026-05-17T10:32:22.745+0000] {subprocess.py:93} INFO - 26/05/17 10:32:22 INFO StandaloneSchedulerBackend: Granted executor ID app-20260517103222-0187/0 on hostPort 172.18.0.13:40347 with 1 core(s), 512.0 MiB RAM
[2026-05-17T10:32:22.776+0000] {subprocess.py:93} INFO - 26/05/17 10:32:22 INFO Utils: Successfully started service 'org.apache.spark.network.netty.NettyBlockTransferService' on port 33417.
[2026-05-17T10:32:22.789+0000] {subprocess.py:93} INFO - 26/05/17 10:32:22 INFO NettyBlockTransferService: Server created on e8a9653e4a1b:33417
[2026-05-17T10:32:22.845+0000] {subprocess.py:93} INFO - 26/05/17 10:32:22 INFO BlockManager: Using org.apache.spark.storage.RandomBlockReplicationPolicy for block replication policy
[2026-05-17T10:32:22.852+0000] {subprocess.py:93} INFO - 26/05/17 10:32:22 INFO BlockManagerMaster: Registering BlockManager BlockManagerId(driver, e8a9653e4a1b, 33417, None)
[2026-05-17T10:32:22.877+0000] {subprocess.py:93} INFO - 26/05/17 10:32:22 INFO BlockManagerMasterEndpoint: Registering block manager e8a9653e4a1b:33417 with 434.4 MiB RAM, BlockManagerId(driver, e8a9653e4a1b, 33417, None)
[2026-05-17T10:32:22.882+0000] {subprocess.py:93} INFO - 26/05/17 10:32:22 INFO StandaloneAppClient$ClientEndpoint: Executor updated: app-20260517103222-0187/0 is now RUNNING
[2026-05-17T10:32:22.910+0000] {subprocess.py:93} INFO - 26/05/17 10:32:22 INFO BlockManagerMaster: Registered BlockManager BlockManagerId(driver, e8a9653e4a1b, 33417, None)
[2026-05-17T10:32:22.911+0000] {subprocess.py:93} INFO - 26/05/17 10:32:22 INFO BlockManager: Initialized BlockManager: BlockManagerId(driver, e8a9653e4a1b, 33417, None)
[2026-05-17T10:32:23.576+0000] {subprocess.py:93} INFO - 26/05/17 10:32:23 INFO StandaloneSchedulerBackend: SchedulerBackend is ready for scheduling beginning after reached minRegisteredResourcesRatio: 0.0
[2026-05-17T10:32:26.097+0000] {subprocess.py:93} INFO - 26/05/17 10:32:26 WARN MetricsConfig: Cannot locate configuration: tried hadoop-metrics2-s3a-file-system.properties,hadoop-metrics2.properties
[2026-05-17T10:32:35.521+0000] {local_task_job_runner.py:310} WARNING - State of this instance has been externally set to up_for_retry. Terminating instance.
[2026-05-17T10:32:35.522+0000] {local_task_job_runner.py:222} INFO - ::endgroup::
[2026-05-17T10:32:35.524+0000] {process_utils.py:132} INFO - Sending 15 to group 72549. PIDs of all processes in the group: [72550, 72551, 72618, 72549]
[2026-05-17T10:32:35.525+0000] {process_utils.py:87} INFO - Sending the signal 15 to group 72549
[2026-05-17T10:32:35.526+0000] {taskinstance.py:2611} ERROR - Received SIGTERM. Terminating subprocesses.
[2026-05-17T10:32:35.526+0000] {subprocess.py:104} INFO - Sending SIGTERM signal to process group
[2026-05-17T10:32:35.527+0000] {taskinstance.py:441} INFO - ::group::Post task execution logs
[2026-05-17T10:32:36.041+0000] {process_utils.py:80} INFO - Process psutil.Process(pid=72618, status='terminated', started='04:18:46') (72618) terminated with exit code None
[2026-05-17T21:29:17.581+0000] {process_utils.py:80} INFO - Process psutil.Process(pid=72551, status='terminated', started='04:18:42') (72551) terminated with exit code None
[2026-05-17T21:29:17.550+0000] {taskinstance.py:2905} ERROR - Task failed with exception
Traceback (most recent call last):
  File "/home/airflow/.local/lib/python3.11/site-packages/airflow/models/taskinstance.py", line 465, in _execute_task
    result = _execute_callable(context=context, **execute_callable_kwargs)
             ^^^^^^^^^^^^^^^^^^^^^^^^^^^^^^^^^^^^^^^^^^^^^^^^^^^^^^^^^^^^^
  File "/home/airflow/.local/lib/python3.11/site-packages/airflow/models/taskinstance.py", line 432, in _execute_callable
    return execute_callable(context=context, **execute_callable_kwargs)
           ^^^^^^^^^^^^^^^^^^^^^^^^^^^^^^^^^^^^^^^^^^^^^^^^^^^^^^^^^^^^
  File "/home/airflow/.local/lib/python3.11/site-packages/airflow/models/baseoperator.py", line 400, in wrapper
    return func(self, *args, **kwargs)
           ^^^^^^^^^^^^^^^^^^^^^^^^^^^
  File "/home/airflow/.local/lib/python3.11/site-packages/airflow/operators/bash.py", line 234, in execute
    result = self.subprocess_hook.run_command(
             ^^^^^^^^^^^^^^^^^^^^^^^^^^^^^^^^^
  File "/home/airflow/.local/lib/python3.11/site-packages/airflow/hooks/subprocess.py", line 91, in run_command
    for raw_line in iter(self.sub_process.stdout.readline, b""):
  File "/home/airflow/.local/lib/python3.11/site-packages/airflow/models/taskinstance.py", line 2613, in signal_handler
    raise AirflowTaskTerminated("Task received SIGTERM signal")
airflow.exceptions.AirflowTaskTerminated: Task received SIGTERM signal
[2026-05-17T21:29:17.616+0000] {taskinstance.py:1206} INFO - Marking task as FAILED. dag_id=medallion_gold_layer, task_id=gold_processing, run_id=scheduled__2026-05-17T03:55:00+00:00, execution_date=20260517T035500, start_date=20260517T041841, end_date=20260517T212917
[2026-05-17T21:29:21.643+0000] {process_utils.py:80} INFO - Process psutil.Process(pid=72549, status='terminated', exitcode=2, started='04:18:41') (72549) terminated with exit code 2
[2026-05-17T21:29:21.644+0000] {process_utils.py:80} INFO - Process psutil.Process(pid=72550, status='terminated', started='04:18:42') (72550) terminated with exit code None
