[2026-05-18T22:05:03.423+0000] {local_task_job_runner.py:120} INFO - ::group::Pre task execution logs
[2026-05-18T22:05:03.637+0000] {taskinstance.py:2076} INFO - Dependencies all met for dep_context=non-requeueable deps ti=<TaskInstance: medallion_gold_layer.gold_processing scheduled__2026-05-18T22:00:00+00:00 [queued]>
[2026-05-18T22:05:03.656+0000] {taskinstance.py:2076} INFO - Dependencies all met for dep_context=requeueable deps ti=<TaskInstance: medallion_gold_layer.gold_processing scheduled__2026-05-18T22:00:00+00:00 [queued]>
[2026-05-18T22:05:03.658+0000] {taskinstance.py:2306} INFO - Starting attempt 1 of 2
[2026-05-18T22:05:03.702+0000] {taskinstance.py:2330} INFO - Executing <Task(BashOperator): gold_processing> on 2026-05-18 22:00:00+00:00
[2026-05-18T22:05:03.720+0000] {standard_task_runner.py:63} INFO - Started process 1454 to run task
[2026-05-18T22:05:03.735+0000] {standard_task_runner.py:90} INFO - Running: ['airflow', 'tasks', 'run', 'medallion_gold_layer', 'gold_processing', 'scheduled__2026-05-18T22:00:00+00:00', '--job-id', '277', '--raw', '--subdir', 'DAGS_FOLDER/gold_layer_dag.py', '--cfg-path', '/tmp/tmplw2wxvww']
[2026-05-18T22:05:03.743+0000] {standard_task_runner.py:91} INFO - Job 277: Subtask gold_processing
[2026-05-18T22:05:04.224+0000] {task_command.py:426} INFO - Running <TaskInstance: medallion_gold_layer.gold_processing scheduled__2026-05-18T22:00:00+00:00 [running]> on host c43074c3fd7c
[2026-05-18T22:05:04.816+0000] {taskinstance.py:2648} INFO - Exporting env vars: AIRFLOW_CTX_DAG_OWNER='ikram' AIRFLOW_CTX_DAG_ID='medallion_gold_layer' AIRFLOW_CTX_TASK_ID='gold_processing' AIRFLOW_CTX_EXECUTION_DATE='2026-05-18T22:00:00+00:00' AIRFLOW_CTX_TRY_NUMBER='1' AIRFLOW_CTX_DAG_RUN_ID='scheduled__2026-05-18T22:00:00+00:00'
[2026-05-18T22:05:04.820+0000] {taskinstance.py:430} INFO - ::endgroup::
[2026-05-18T22:05:04.870+0000] {subprocess.py:63} INFO - Tmp dir root location: /tmp
[2026-05-18T22:05:04.875+0000] {subprocess.py:75} INFO - Running command: ['/usr/bin/bash', '-c', '\n    spark-submit     --master spark://spark-master:7077     --executor-memory 512M     --executor-cores 1     --total-executor-cores 1     --jars /opt/airflow/jars/aws-java-sdk-bundle-1.12.262.jar,/opt/airflow/jars/hadoop-aws-3.3.4.jar,/opt/airflow/jars/postgresql-42.7.3.jar     /opt/spark_jobs/gold_processor.py\n    ']
[2026-05-18T22:05:04.900+0000] {subprocess.py:86} INFO - Output:
[2026-05-18T22:05:08.724+0000] {subprocess.py:93} INFO - 26/05/18 22:05:08 WARN NativeCodeLoader: Unable to load native-hadoop library for your platform... using builtin-java classes where applicable
[2026-05-18T22:05:11.313+0000] {subprocess.py:93} INFO - 26/05/18 22:05:11 INFO SparkContext: Running Spark version 3.5.1
[2026-05-18T22:05:11.315+0000] {subprocess.py:93} INFO - 26/05/18 22:05:11 INFO SparkContext: OS info Linux, 6.6.87.2-microsoft-standard-WSL2, amd64
[2026-05-18T22:05:11.317+0000] {subprocess.py:93} INFO - 26/05/18 22:05:11 INFO SparkContext: Java version 17.0.19
[2026-05-18T22:05:11.420+0000] {subprocess.py:93} INFO - 26/05/18 22:05:11 INFO ResourceUtils: ==============================================================
[2026-05-18T22:05:11.423+0000] {subprocess.py:93} INFO - 26/05/18 22:05:11 INFO ResourceUtils: No custom resources configured for spark.driver.
[2026-05-18T22:05:11.425+0000] {subprocess.py:93} INFO - 26/05/18 22:05:11 INFO ResourceUtils: ==============================================================
[2026-05-18T22:05:11.428+0000] {subprocess.py:93} INFO - 26/05/18 22:05:11 INFO SparkContext: Submitted application: GoldLayerProcessor
[2026-05-18T22:05:11.487+0000] {subprocess.py:93} INFO - 26/05/18 22:05:11 INFO ResourceProfile: Default ResourceProfile created, executor resources: Map(cores -> name: cores, amount: 1, script: , vendor: , memory -> name: memory, amount: 512, script: , vendor: , offHeap -> name: offHeap, amount: 0, script: , vendor: ), task resources: Map(cpus -> name: cpus, amount: 1.0)
[2026-05-18T22:05:11.514+0000] {subprocess.py:93} INFO - 26/05/18 22:05:11 INFO ResourceProfile: Limiting resource is cpus at 1 tasks per executor
[2026-05-18T22:05:11.524+0000] {subprocess.py:93} INFO - 26/05/18 22:05:11 INFO ResourceProfileManager: Added ResourceProfile id: 0
[2026-05-18T22:05:11.609+0000] {subprocess.py:93} INFO - 26/05/18 22:05:11 INFO SecurityManager: Changing view acls to: airflow
[2026-05-18T22:05:11.610+0000] {subprocess.py:93} INFO - 26/05/18 22:05:11 INFO SecurityManager: Changing modify acls to: airflow
[2026-05-18T22:05:11.611+0000] {subprocess.py:93} INFO - 26/05/18 22:05:11 INFO SecurityManager: Changing view acls groups to:
[2026-05-18T22:05:11.612+0000] {subprocess.py:93} INFO - 26/05/18 22:05:11 INFO SecurityManager: Changing modify acls groups to:
[2026-05-18T22:05:11.613+0000] {subprocess.py:93} INFO - 26/05/18 22:05:11 INFO SecurityManager: SecurityManager: authentication disabled; ui acls disabled; users with view permissions: airflow; groups with view permissions: EMPTY; users with modify permissions: airflow; groups with modify permissions: EMPTY
[2026-05-18T22:05:12.044+0000] {subprocess.py:93} INFO - 26/05/18 22:05:12 INFO Utils: Successfully started service 'sparkDriver' on port 34789.
[2026-05-18T22:05:12.126+0000] {subprocess.py:93} INFO - 26/05/18 22:05:12 INFO SparkEnv: Registering MapOutputTracker
[2026-05-18T22:05:12.231+0000] {subprocess.py:93} INFO - 26/05/18 22:05:12 INFO SparkEnv: Registering BlockManagerMaster
[2026-05-18T22:05:12.268+0000] {subprocess.py:93} INFO - 26/05/18 22:05:12 INFO BlockManagerMasterEndpoint: Using org.apache.spark.storage.DefaultTopologyMapper for getting topology information
[2026-05-18T22:05:12.269+0000] {subprocess.py:93} INFO - 26/05/18 22:05:12 INFO BlockManagerMasterEndpoint: BlockManagerMasterEndpoint up
[2026-05-18T22:05:12.277+0000] {subprocess.py:93} INFO - 26/05/18 22:05:12 INFO SparkEnv: Registering BlockManagerMasterHeartbeat
[2026-05-18T22:05:12.322+0000] {subprocess.py:93} INFO - 26/05/18 22:05:12 INFO DiskBlockManager: Created local directory at /tmp/blockmgr-d941506b-d688-437c-baea-654d7c741420
[2026-05-18T22:05:12.347+0000] {subprocess.py:93} INFO - 26/05/18 22:05:12 INFO MemoryStore: MemoryStore started with capacity 434.4 MiB
[2026-05-18T22:05:12.373+0000] {subprocess.py:93} INFO - 26/05/18 22:05:12 INFO SparkEnv: Registering OutputCommitCoordinator
[2026-05-18T22:05:12.576+0000] {subprocess.py:93} INFO - 26/05/18 22:05:12 INFO JettyUtils: Start Jetty 0.0.0.0:4040 for SparkUI
[2026-05-18T22:05:12.713+0000] {subprocess.py:93} INFO - 26/05/18 22:05:12 INFO Utils: Successfully started service 'SparkUI' on port 4040.
[2026-05-18T22:05:12.762+0000] {subprocess.py:93} INFO - 26/05/18 22:05:12 INFO SparkContext: Added JAR file:///opt/airflow/jars/aws-java-sdk-bundle-1.12.262.jar at spark://c43074c3fd7c:34789/jars/aws-java-sdk-bundle-1.12.262.jar with timestamp 1779141911291
[2026-05-18T22:05:12.763+0000] {subprocess.py:93} INFO - 26/05/18 22:05:12 INFO SparkContext: Added JAR file:///opt/airflow/jars/hadoop-aws-3.3.4.jar at spark://c43074c3fd7c:34789/jars/hadoop-aws-3.3.4.jar with timestamp 1779141911291
[2026-05-18T22:05:12.764+0000] {subprocess.py:93} INFO - 26/05/18 22:05:12 INFO SparkContext: Added JAR file:///opt/airflow/jars/postgresql-42.7.3.jar at spark://c43074c3fd7c:34789/jars/postgresql-42.7.3.jar with timestamp 1779141911291
[2026-05-18T22:05:12.897+0000] {subprocess.py:93} INFO - 26/05/18 22:05:12 INFO StandaloneAppClient$ClientEndpoint: Connecting to master spark://spark-master:7077...
[2026-05-18T22:05:12.970+0000] {subprocess.py:93} INFO - 26/05/18 22:05:12 INFO TransportClientFactory: Successfully created connection to spark-master/172.18.0.4:7077 after 45 ms (0 ms spent in bootstraps)
[2026-05-18T22:05:13.116+0000] {subprocess.py:93} INFO - 26/05/18 22:05:13 INFO StandaloneSchedulerBackend: Connected to Spark cluster with app ID app-20260518220513-0013
[2026-05-18T22:05:13.120+0000] {subprocess.py:93} INFO - 26/05/18 22:05:13 INFO StandaloneAppClient$ClientEndpoint: Executor added: app-20260518220513-0013/0 on worker-20260518211503-172.18.0.3-40747 (172.18.0.3:40747) with 1 core(s)
[2026-05-18T22:05:13.124+0000] {subprocess.py:93} INFO - 26/05/18 22:05:13 INFO StandaloneSchedulerBackend: Granted executor ID app-20260518220513-0013/0 on hostPort 172.18.0.3:40747 with 1 core(s), 512.0 MiB RAM
[2026-05-18T22:05:13.134+0000] {subprocess.py:93} INFO - 26/05/18 22:05:13 INFO Utils: Successfully started service 'org.apache.spark.network.netty.NettyBlockTransferService' on port 32935.
[2026-05-18T22:05:13.135+0000] {subprocess.py:93} INFO - 26/05/18 22:05:13 INFO NettyBlockTransferService: Server created on c43074c3fd7c:32935
[2026-05-18T22:05:13.140+0000] {subprocess.py:93} INFO - 26/05/18 22:05:13 INFO BlockManager: Using org.apache.spark.storage.RandomBlockReplicationPolicy for block replication policy
[2026-05-18T22:05:13.152+0000] {subprocess.py:93} INFO - 26/05/18 22:05:13 INFO BlockManagerMaster: Registering BlockManager BlockManagerId(driver, c43074c3fd7c, 32935, None)
[2026-05-18T22:05:13.161+0000] {subprocess.py:93} INFO - 26/05/18 22:05:13 INFO BlockManagerMasterEndpoint: Registering block manager c43074c3fd7c:32935 with 434.4 MiB RAM, BlockManagerId(driver, c43074c3fd7c, 32935, None)
[2026-05-18T22:05:13.166+0000] {subprocess.py:93} INFO - 26/05/18 22:05:13 INFO BlockManagerMaster: Registered BlockManager BlockManagerId(driver, c43074c3fd7c, 32935, None)
[2026-05-18T22:05:13.170+0000] {subprocess.py:93} INFO - 26/05/18 22:05:13 INFO BlockManager: Initialized BlockManager: BlockManagerId(driver, c43074c3fd7c, 32935, None)
[2026-05-18T22:05:13.190+0000] {subprocess.py:93} INFO - 26/05/18 22:05:13 INFO StandaloneAppClient$ClientEndpoint: Executor updated: app-20260518220513-0013/0 is now RUNNING
[2026-05-18T22:05:13.531+0000] {subprocess.py:93} INFO - 26/05/18 22:05:13 INFO StandaloneSchedulerBackend: SchedulerBackend is ready for scheduling beginning after reached minRegisteredResourcesRatio: 0.0
[2026-05-18T22:05:16.265+0000] {subprocess.py:93} INFO - 26/05/18 22:05:16 WARN MetricsConfig: Cannot locate configuration: tried hadoop-metrics2-s3a-file-system.properties,hadoop-metrics2.properties
[2026-05-18T22:05:42.350+0000] {subprocess.py:93} INFO - Lecture SILVER terminée
[2026-05-18T22:06:24.574+0000] {subprocess.py:93} INFO - Table articles_par_jour créée
[2026-05-18T22:06:59.068+0000] {subprocess.py:93} INFO - Table articles_par_source créée
[2026-05-18T22:07:26.567+0000] {subprocess.py:93} INFO - Table top_categories créée
[2026-05-18T22:07:53.999+0000] {subprocess.py:93} INFO - Table articles_par_source_jour créée
[2026-05-18T22:07:54.003+0000] {subprocess.py:93} INFO - 
[2026-05-18T22:07:54.006+0000] {subprocess.py:93} INFO - ==============================
[2026-05-18T22:07:54.008+0000] {subprocess.py:93} INFO - GOLD LAYER TERMINÉ
[2026-05-18T22:07:54.010+0000] {subprocess.py:93} INFO - ==============================
[2026-05-18T22:07:55.183+0000] {subprocess.py:97} INFO - Command exited with return code 0
[2026-05-18T22:07:55.187+0000] {taskinstance.py:441} INFO - ::group::Post task execution logs
[2026-05-18T22:07:55.878+0000] {taskinstance.py:1206} INFO - Marking task as SUCCESS. dag_id=medallion_gold_layer, task_id=gold_processing, run_id=scheduled__2026-05-18T22:00:00+00:00, execution_date=20260518T220000, start_date=20260518T220503, end_date=20260518T220755
[2026-05-18T22:07:56.042+0000] {local_task_job_runner.py:240} INFO - Task exited with return code 0
[2026-05-18T22:07:56.211+0000] {taskinstance.py:3498} INFO - 0 downstream tasks scheduled from follow-on schedule check
[2026-05-18T22:07:56.219+0000] {local_task_job_runner.py:222} INFO - ::endgroup::
