[2026-05-17T00:55:40.151+0000] {local_task_job_runner.py:120} INFO - ::group::Pre task execution logs
[2026-05-17T00:55:43.432+0000] {taskinstance.py:2076} INFO - Dependencies all met for dep_context=non-requeueable deps ti=<TaskInstance: medallion_gold_layer.gold_processing scheduled__2026-05-17T00:50:00+00:00 [queued]>
[2026-05-17T00:55:43.606+0000] {taskinstance.py:2076} INFO - Dependencies all met for dep_context=requeueable deps ti=<TaskInstance: medallion_gold_layer.gold_processing scheduled__2026-05-17T00:50:00+00:00 [queued]>
[2026-05-17T00:55:43.613+0000] {taskinstance.py:2306} INFO - Starting attempt 1 of 2
[2026-05-17T00:55:43.945+0000] {taskinstance.py:2330} INFO - Executing <Task(BashOperator): gold_processing> on 2026-05-17 00:50:00+00:00
[2026-05-17T00:55:44.009+0000] {standard_task_runner.py:63} INFO - Started process 58945 to run task
[2026-05-17T00:55:44.053+0000] {standard_task_runner.py:90} INFO - Running: ['airflow', 'tasks', 'run', 'medallion_gold_layer', 'gold_processing', 'scheduled__2026-05-17T00:50:00+00:00', '--job-id', '155', '--raw', '--subdir', 'DAGS_FOLDER/gold_layer_dag.py', '--cfg-path', '/tmp/tmp9s7585ww']
[2026-05-17T00:55:44.098+0000] {standard_task_runner.py:91} INFO - Job 155: Subtask gold_processing
[2026-05-17T00:55:48.910+0000] {task_command.py:426} INFO - Running <TaskInstance: medallion_gold_layer.gold_processing scheduled__2026-05-17T00:50:00+00:00 [running]> on host e8a9653e4a1b
[2026-05-17T00:55:54.440+0000] {taskinstance.py:2648} INFO - Exporting env vars: AIRFLOW_CTX_DAG_OWNER='anass' AIRFLOW_CTX_DAG_ID='medallion_gold_layer' AIRFLOW_CTX_TASK_ID='gold_processing' AIRFLOW_CTX_EXECUTION_DATE='2026-05-17T00:50:00+00:00' AIRFLOW_CTX_TRY_NUMBER='1' AIRFLOW_CTX_DAG_RUN_ID='scheduled__2026-05-17T00:50:00+00:00'
[2026-05-17T00:55:54.466+0000] {taskinstance.py:430} INFO - ::endgroup::
[2026-05-17T00:55:54.735+0000] {subprocess.py:63} INFO - Tmp dir root location: /tmp
[2026-05-17T00:55:54.760+0000] {subprocess.py:75} INFO - Running command: ['/usr/bin/bash', '-c', '\n    spark-submit     --master spark://spark-master:7077     --executor-memory 512M     --executor-cores 1     --total-executor-cores 1     --jars /opt/airflow/jars/aws-java-sdk-bundle-1.12.262.jar,/opt/airflow/jars/hadoop-aws-3.3.4.jar,/opt/airflow/jars/postgresql-42.7.3.jar     /opt/spark_jobs/gold_processor.py\n    ']
[2026-05-17T00:55:54.877+0000] {subprocess.py:86} INFO - Output:
[2026-05-17T00:56:31.337+0000] {subprocess.py:93} INFO - 26/05/17 00:56:31 WARN NativeCodeLoader: Unable to load native-hadoop library for your platform... using builtin-java classes where applicable
[2026-05-17T00:56:57.928+0000] {subprocess.py:93} INFO - 26/05/17 00:56:57 INFO SparkContext: Running Spark version 3.5.1
[2026-05-17T00:56:57.955+0000] {subprocess.py:93} INFO - 26/05/17 00:56:57 INFO SparkContext: OS info Linux, 6.6.87.2-microsoft-standard-WSL2, amd64
[2026-05-17T00:56:57.970+0000] {subprocess.py:93} INFO - 26/05/17 00:56:57 INFO SparkContext: Java version 17.0.19
[2026-05-17T00:56:58.712+0000] {subprocess.py:93} INFO - 26/05/17 00:56:58 INFO ResourceUtils: ==============================================================
[2026-05-17T00:56:58.728+0000] {subprocess.py:93} INFO - 26/05/17 00:56:58 INFO ResourceUtils: No custom resources configured for spark.driver.
[2026-05-17T00:56:58.744+0000] {subprocess.py:93} INFO - 26/05/17 00:56:58 INFO ResourceUtils: ==============================================================
[2026-05-17T00:56:58.760+0000] {subprocess.py:93} INFO - 26/05/17 00:56:58 INFO SparkContext: Submitted application: GoldLayerProcessor
[2026-05-17T00:56:59.262+0000] {subprocess.py:93} INFO - 26/05/17 00:56:59 INFO ResourceProfile: Default ResourceProfile created, executor resources: Map(cores -> name: cores, amount: 1, script: , vendor: , memory -> name: memory, amount: 512, script: , vendor: , offHeap -> name: offHeap, amount: 0, script: , vendor: ), task resources: Map(cpus -> name: cpus, amount: 1.0)
[2026-05-17T00:56:59.497+0000] {subprocess.py:93} INFO - 26/05/17 00:56:59 INFO ResourceProfile: Limiting resource is cpus at 1 tasks per executor
[2026-05-17T00:56:59.560+0000] {subprocess.py:93} INFO - 26/05/17 00:56:59 INFO ResourceProfileManager: Added ResourceProfile id: 0
[2026-05-17T00:57:00.773+0000] {subprocess.py:93} INFO - 26/05/17 00:57:00 INFO SecurityManager: Changing view acls to: airflow
[2026-05-17T00:57:00.789+0000] {subprocess.py:93} INFO - 26/05/17 00:57:00 INFO SecurityManager: Changing modify acls to: airflow
[2026-05-17T00:57:00.806+0000] {subprocess.py:93} INFO - 26/05/17 00:57:00 INFO SecurityManager: Changing view acls groups to:
[2026-05-17T00:57:00.835+0000] {subprocess.py:93} INFO - 26/05/17 00:57:00 INFO SecurityManager: Changing modify acls groups to:
[2026-05-17T00:57:00.853+0000] {subprocess.py:93} INFO - 26/05/17 00:57:00 INFO SecurityManager: SecurityManager: authentication disabled; ui acls disabled; users with view permissions: airflow; groups with view permissions: EMPTY; users with modify permissions: airflow; groups with modify permissions: EMPTY
[2026-05-17T00:57:07.503+0000] {subprocess.py:93} INFO - 26/05/17 00:57:07 INFO Utils: Successfully started service 'sparkDriver' on port 40577.
[2026-05-17T00:57:07.998+0000] {subprocess.py:93} INFO - 26/05/17 00:57:07 INFO SparkEnv: Registering MapOutputTracker
[2026-05-17T00:57:08.722+0000] {subprocess.py:93} INFO - 26/05/17 00:57:08 INFO SparkEnv: Registering BlockManagerMaster
[2026-05-17T00:57:09.199+0000] {subprocess.py:93} INFO - 26/05/17 00:57:09 INFO BlockManagerMasterEndpoint: Using org.apache.spark.storage.DefaultTopologyMapper for getting topology information
[2026-05-17T00:57:09.205+0000] {subprocess.py:93} INFO - 26/05/17 00:57:09 INFO BlockManagerMasterEndpoint: BlockManagerMasterEndpoint up
[2026-05-17T00:57:09.297+0000] {subprocess.py:93} INFO - 26/05/17 00:57:09 INFO SparkEnv: Registering BlockManagerMasterHeartbeat
[2026-05-17T00:57:09.773+0000] {subprocess.py:93} INFO - 26/05/17 00:57:09 INFO DiskBlockManager: Created local directory at /tmp/blockmgr-95d636f9-a408-4730-a69e-5143396b87f8
[2026-05-17T00:57:10.125+0000] {subprocess.py:93} INFO - 26/05/17 00:57:10 INFO MemoryStore: MemoryStore started with capacity 434.4 MiB
[2026-05-17T00:57:10.473+0000] {subprocess.py:93} INFO - 26/05/17 00:57:10 INFO SparkEnv: Registering OutputCommitCoordinator
[2026-05-17T00:57:13.081+0000] {subprocess.py:93} INFO - 26/05/17 00:57:13 INFO JettyUtils: Start Jetty 0.0.0.0:4040 for SparkUI
[2026-05-17T00:57:14.383+0000] {subprocess.py:93} INFO - 26/05/17 00:57:14 INFO Utils: Successfully started service 'SparkUI' on port 4040.
[2026-05-17T00:57:15.313+0000] {subprocess.py:93} INFO - 26/05/17 00:57:15 INFO SparkContext: Added JAR file:///opt/airflow/jars/aws-java-sdk-bundle-1.12.262.jar at spark://e8a9653e4a1b:40577/jars/aws-java-sdk-bundle-1.12.262.jar with timestamp 1778979417730
[2026-05-17T00:57:15.333+0000] {subprocess.py:93} INFO - 26/05/17 00:57:15 INFO SparkContext: Added JAR file:///opt/airflow/jars/hadoop-aws-3.3.4.jar at spark://e8a9653e4a1b:40577/jars/hadoop-aws-3.3.4.jar with timestamp 1778979417730
[2026-05-17T00:57:15.350+0000] {subprocess.py:93} INFO - 26/05/17 00:57:15 INFO SparkContext: Added JAR file:///opt/airflow/jars/postgresql-42.7.3.jar at spark://e8a9653e4a1b:40577/jars/postgresql-42.7.3.jar with timestamp 1778979417730
[2026-05-17T00:57:17.099+0000] {subprocess.py:93} INFO - 26/05/17 00:57:17 INFO StandaloneAppClient$ClientEndpoint: Connecting to master spark://spark-master:7077...
[2026-05-17T00:57:18.238+0000] {subprocess.py:93} INFO - 26/05/17 00:57:18 INFO TransportClientFactory: Successfully created connection to spark-master/172.18.0.6:7077 after 741 ms (0 ms spent in bootstraps)
[2026-05-17T00:57:20.047+0000] {subprocess.py:93} INFO - 26/05/17 00:57:20 INFO StandaloneSchedulerBackend: Connected to Spark cluster with app ID app-20260517005719-0154
[2026-05-17T00:57:20.114+0000] {subprocess.py:93} INFO - 26/05/17 00:57:20 INFO StandaloneAppClient$ClientEndpoint: Executor added: app-20260517005719-0154/0 on worker-20260514105200-172.18.0.13-40347 (172.18.0.13:40347) with 1 core(s)
[2026-05-17T00:57:20.190+0000] {subprocess.py:93} INFO - 26/05/17 00:57:20 INFO StandaloneSchedulerBackend: Granted executor ID app-20260517005719-0154/0 on hostPort 172.18.0.13:40347 with 1 core(s), 512.0 MiB RAM
[2026-05-17T00:57:20.283+0000] {subprocess.py:93} INFO - 26/05/17 00:57:20 INFO Utils: Successfully started service 'org.apache.spark.network.netty.NettyBlockTransferService' on port 41749.
[2026-05-17T00:57:20.298+0000] {subprocess.py:93} INFO - 26/05/17 00:57:20 INFO NettyBlockTransferService: Server created on e8a9653e4a1b:41749
[2026-05-17T00:57:20.345+0000] {subprocess.py:93} INFO - 26/05/17 00:57:20 INFO BlockManager: Using org.apache.spark.storage.RandomBlockReplicationPolicy for block replication policy
[2026-05-17T00:57:20.554+0000] {subprocess.py:93} INFO - 26/05/17 00:57:20 INFO BlockManagerMaster: Registering BlockManager BlockManagerId(driver, e8a9653e4a1b, 41749, None)
[2026-05-17T00:57:20.632+0000] {subprocess.py:93} INFO - 26/05/17 00:57:20 INFO BlockManagerMasterEndpoint: Registering block manager e8a9653e4a1b:41749 with 434.4 MiB RAM, BlockManagerId(driver, e8a9653e4a1b, 41749, None)
[2026-05-17T00:57:20.682+0000] {subprocess.py:93} INFO - 26/05/17 00:57:20 INFO BlockManagerMaster: Registered BlockManager BlockManagerId(driver, e8a9653e4a1b, 41749, None)
[2026-05-17T00:57:20.714+0000] {subprocess.py:93} INFO - 26/05/17 00:57:20 INFO BlockManager: Initialized BlockManager: BlockManagerId(driver, e8a9653e4a1b, 41749, None)
[2026-05-17T00:57:20.958+0000] {subprocess.py:93} INFO - 26/05/17 00:57:20 INFO StandaloneAppClient$ClientEndpoint: Executor updated: app-20260517005719-0154/0 is now RUNNING
[2026-05-17T00:57:25.421+0000] {subprocess.py:93} INFO - 26/05/17 00:57:25 INFO StandaloneSchedulerBackend: SchedulerBackend is ready for scheduling beginning after reached minRegisteredResourcesRatio: 0.0
[2026-05-17T00:57:51.313+0000] {subprocess.py:93} INFO - 26/05/17 00:57:51 WARN MetricsConfig: Cannot locate configuration: tried hadoop-metrics2-s3a-file-system.properties,hadoop-metrics2.properties
[2026-05-17T00:59:25.973+0000] {subprocess.py:93} INFO - Lecture SILVER terminée
[2026-05-17T00:59:37.946+0000] {subprocess.py:93} INFO - Table articles_par_jour créée
[2026-05-17T00:59:55.990+0000] {subprocess.py:93} INFO - Table articles_par_source créée
[2026-05-17T01:00:05.665+0000] {subprocess.py:93} INFO - Table top_categories créée
[2026-05-17T01:00:14.071+0000] {subprocess.py:93} INFO - Table articles_par_source_jour créée
[2026-05-17T01:00:14.072+0000] {subprocess.py:93} INFO - 
[2026-05-17T01:00:14.073+0000] {subprocess.py:93} INFO - ==============================
[2026-05-17T01:00:14.073+0000] {subprocess.py:93} INFO - GOLD LAYER TERMINÉ
[2026-05-17T01:00:14.074+0000] {subprocess.py:93} INFO - ==============================
[2026-05-17T01:00:14.622+0000] {subprocess.py:97} INFO - Command exited with return code 0
[2026-05-17T01:00:14.623+0000] {taskinstance.py:441} INFO - ::group::Post task execution logs
[2026-05-17T01:00:15.041+0000] {taskinstance.py:1206} INFO - Marking task as SUCCESS. dag_id=medallion_gold_layer, task_id=gold_processing, run_id=scheduled__2026-05-17T00:50:00+00:00, execution_date=20260517T005000, start_date=20260517T005543, end_date=20260517T010015
[2026-05-17T01:00:15.121+0000] {local_task_job_runner.py:240} INFO - Task exited with return code 0
[2026-05-17T01:00:15.187+0000] {taskinstance.py:3498} INFO - 0 downstream tasks scheduled from follow-on schedule check
[2026-05-17T01:00:15.190+0000] {local_task_job_runner.py:222} INFO - ::endgroup::
