[2026-05-19T13:30:01.374+0000] {local_task_job_runner.py:120} INFO - ::group::Pre task execution logs
[2026-05-19T13:30:01.561+0000] {taskinstance.py:2076} INFO - Dependencies all met for dep_context=non-requeueable deps ti=<TaskInstance: medallion_gold_layer.gold_processing scheduled__2026-05-19T13:25:00+00:00 [queued]>
[2026-05-19T13:30:01.593+0000] {taskinstance.py:2076} INFO - Dependencies all met for dep_context=requeueable deps ti=<TaskInstance: medallion_gold_layer.gold_processing scheduled__2026-05-19T13:25:00+00:00 [queued]>
[2026-05-19T13:30:01.612+0000] {taskinstance.py:2306} INFO - Starting attempt 1 of 2
[2026-05-19T13:30:01.676+0000] {taskinstance.py:2330} INFO - Executing <Task(BashOperator): gold_processing> on 2026-05-19 13:25:00+00:00
[2026-05-19T13:30:01.691+0000] {standard_task_runner.py:63} INFO - Started process 15120 to run task
[2026-05-19T13:30:01.702+0000] {standard_task_runner.py:90} INFO - Running: ['airflow', 'tasks', 'run', 'medallion_gold_layer', 'gold_processing', 'scheduled__2026-05-19T13:25:00+00:00', '--job-id', '323', '--raw', '--subdir', 'DAGS_FOLDER/gold_layer_dag.py', '--cfg-path', '/tmp/tmppxqn20dt']
[2026-05-19T13:30:01.710+0000] {standard_task_runner.py:91} INFO - Job 323: Subtask gold_processing
[2026-05-19T13:30:02.150+0000] {task_command.py:426} INFO - Running <TaskInstance: medallion_gold_layer.gold_processing scheduled__2026-05-19T13:25:00+00:00 [running]> on host c43074c3fd7c
[2026-05-19T13:30:02.928+0000] {taskinstance.py:2648} INFO - Exporting env vars: AIRFLOW_CTX_DAG_OWNER='ikram' AIRFLOW_CTX_DAG_ID='medallion_gold_layer' AIRFLOW_CTX_TASK_ID='gold_processing' AIRFLOW_CTX_EXECUTION_DATE='2026-05-19T13:25:00+00:00' AIRFLOW_CTX_TRY_NUMBER='1' AIRFLOW_CTX_DAG_RUN_ID='scheduled__2026-05-19T13:25:00+00:00'
[2026-05-19T13:30:02.930+0000] {taskinstance.py:430} INFO - ::endgroup::
[2026-05-19T13:30:02.965+0000] {subprocess.py:63} INFO - Tmp dir root location: /tmp
[2026-05-19T13:30:02.967+0000] {subprocess.py:75} INFO - Running command: ['/usr/bin/bash', '-c', '\n    spark-submit     --master spark://spark-master:7077     --executor-memory 512M     --executor-cores 1     --total-executor-cores 1     --jars /opt/airflow/jars/aws-java-sdk-bundle-1.12.262.jar,/opt/airflow/jars/hadoop-aws-3.3.4.jar,/opt/airflow/jars/postgresql-42.7.3.jar     /opt/spark_jobs/gold_processor.py\n    ']
[2026-05-19T13:30:02.988+0000] {subprocess.py:86} INFO - Output:
[2026-05-19T13:30:06.186+0000] {subprocess.py:93} INFO - 26/05/19 13:30:06 WARN NativeCodeLoader: Unable to load native-hadoop library for your platform... using builtin-java classes where applicable
[2026-05-19T13:30:08.665+0000] {subprocess.py:93} INFO - 26/05/19 13:30:08 INFO SparkContext: Running Spark version 3.5.1
[2026-05-19T13:30:08.667+0000] {subprocess.py:93} INFO - 26/05/19 13:30:08 INFO SparkContext: OS info Linux, 6.6.87.2-microsoft-standard-WSL2, amd64
[2026-05-19T13:30:08.668+0000] {subprocess.py:93} INFO - 26/05/19 13:30:08 INFO SparkContext: Java version 17.0.19
[2026-05-19T13:30:08.722+0000] {subprocess.py:93} INFO - 26/05/19 13:30:08 INFO ResourceUtils: ==============================================================
[2026-05-19T13:30:08.724+0000] {subprocess.py:93} INFO - 26/05/19 13:30:08 INFO ResourceUtils: No custom resources configured for spark.driver.
[2026-05-19T13:30:08.726+0000] {subprocess.py:93} INFO - 26/05/19 13:30:08 INFO ResourceUtils: ==============================================================
[2026-05-19T13:30:08.727+0000] {subprocess.py:93} INFO - 26/05/19 13:30:08 INFO SparkContext: Submitted application: GoldLayerProcessor
[2026-05-19T13:30:08.761+0000] {subprocess.py:93} INFO - 26/05/19 13:30:08 INFO ResourceProfile: Default ResourceProfile created, executor resources: Map(cores -> name: cores, amount: 1, script: , vendor: , memory -> name: memory, amount: 512, script: , vendor: , offHeap -> name: offHeap, amount: 0, script: , vendor: ), task resources: Map(cpus -> name: cpus, amount: 1.0)
[2026-05-19T13:30:08.777+0000] {subprocess.py:93} INFO - 26/05/19 13:30:08 INFO ResourceProfile: Limiting resource is cpus at 1 tasks per executor
[2026-05-19T13:30:08.785+0000] {subprocess.py:93} INFO - 26/05/19 13:30:08 INFO ResourceProfileManager: Added ResourceProfile id: 0
[2026-05-19T13:30:08.863+0000] {subprocess.py:93} INFO - 26/05/19 13:30:08 INFO SecurityManager: Changing view acls to: airflow
[2026-05-19T13:30:08.865+0000] {subprocess.py:93} INFO - 26/05/19 13:30:08 INFO SecurityManager: Changing modify acls to: airflow
[2026-05-19T13:30:08.866+0000] {subprocess.py:93} INFO - 26/05/19 13:30:08 INFO SecurityManager: Changing view acls groups to:
[2026-05-19T13:30:08.867+0000] {subprocess.py:93} INFO - 26/05/19 13:30:08 INFO SecurityManager: Changing modify acls groups to:
[2026-05-19T13:30:08.869+0000] {subprocess.py:93} INFO - 26/05/19 13:30:08 INFO SecurityManager: SecurityManager: authentication disabled; ui acls disabled; users with view permissions: airflow; groups with view permissions: EMPTY; users with modify permissions: airflow; groups with modify permissions: EMPTY
[2026-05-19T13:30:09.229+0000] {subprocess.py:93} INFO - 26/05/19 13:30:09 INFO Utils: Successfully started service 'sparkDriver' on port 38825.
[2026-05-19T13:30:09.314+0000] {subprocess.py:93} INFO - 26/05/19 13:30:09 INFO SparkEnv: Registering MapOutputTracker
[2026-05-19T13:30:09.409+0000] {subprocess.py:93} INFO - 26/05/19 13:30:09 INFO SparkEnv: Registering BlockManagerMaster
[2026-05-19T13:30:09.455+0000] {subprocess.py:93} INFO - 26/05/19 13:30:09 INFO BlockManagerMasterEndpoint: Using org.apache.spark.storage.DefaultTopologyMapper for getting topology information
[2026-05-19T13:30:09.456+0000] {subprocess.py:93} INFO - 26/05/19 13:30:09 INFO BlockManagerMasterEndpoint: BlockManagerMasterEndpoint up
[2026-05-19T13:30:09.464+0000] {subprocess.py:93} INFO - 26/05/19 13:30:09 INFO SparkEnv: Registering BlockManagerMasterHeartbeat
[2026-05-19T13:30:09.490+0000] {subprocess.py:93} INFO - 26/05/19 13:30:09 INFO DiskBlockManager: Created local directory at /tmp/blockmgr-5b050357-1cdb-470d-bff5-9459e2a5bc71
[2026-05-19T13:30:09.523+0000] {subprocess.py:93} INFO - 26/05/19 13:30:09 INFO MemoryStore: MemoryStore started with capacity 434.4 MiB
[2026-05-19T13:30:09.556+0000] {subprocess.py:93} INFO - 26/05/19 13:30:09 INFO SparkEnv: Registering OutputCommitCoordinator
[2026-05-19T13:30:09.779+0000] {subprocess.py:93} INFO - 26/05/19 13:30:09 INFO JettyUtils: Start Jetty 0.0.0.0:4040 for SparkUI
[2026-05-19T13:30:09.921+0000] {subprocess.py:93} INFO - 26/05/19 13:30:09 INFO Utils: Successfully started service 'SparkUI' on port 4040.
[2026-05-19T13:30:09.993+0000] {subprocess.py:93} INFO - 26/05/19 13:30:09 INFO SparkContext: Added JAR file:///opt/airflow/jars/aws-java-sdk-bundle-1.12.262.jar at spark://c43074c3fd7c:38825/jars/aws-java-sdk-bundle-1.12.262.jar with timestamp 1779197408647
[2026-05-19T13:30:09.995+0000] {subprocess.py:93} INFO - 26/05/19 13:30:09 INFO SparkContext: Added JAR file:///opt/airflow/jars/hadoop-aws-3.3.4.jar at spark://c43074c3fd7c:38825/jars/hadoop-aws-3.3.4.jar with timestamp 1779197408647
[2026-05-19T13:30:10.000+0000] {subprocess.py:93} INFO - 26/05/19 13:30:09 INFO SparkContext: Added JAR file:///opt/airflow/jars/postgresql-42.7.3.jar at spark://c43074c3fd7c:38825/jars/postgresql-42.7.3.jar with timestamp 1779197408647
[2026-05-19T13:30:10.153+0000] {subprocess.py:93} INFO - 26/05/19 13:30:10 INFO StandaloneAppClient$ClientEndpoint: Connecting to master spark://spark-master:7077...
[2026-05-19T13:30:10.234+0000] {subprocess.py:93} INFO - 26/05/19 13:30:10 INFO TransportClientFactory: Successfully created connection to spark-master/172.18.0.4:7077 after 39 ms (0 ms spent in bootstraps)
[2026-05-19T13:30:10.403+0000] {subprocess.py:93} INFO - 26/05/19 13:30:10 INFO StandaloneSchedulerBackend: Connected to Spark cluster with app ID app-20260519133010-0049
[2026-05-19T13:30:10.414+0000] {subprocess.py:93} INFO - 26/05/19 13:30:10 INFO StandaloneAppClient$ClientEndpoint: Executor added: app-20260519133010-0049/0 on worker-20260518211503-172.18.0.3-40747 (172.18.0.3:40747) with 1 core(s)
[2026-05-19T13:30:10.424+0000] {subprocess.py:93} INFO - 26/05/19 13:30:10 INFO StandaloneSchedulerBackend: Granted executor ID app-20260519133010-0049/0 on hostPort 172.18.0.3:40747 with 1 core(s), 512.0 MiB RAM
[2026-05-19T13:30:10.437+0000] {subprocess.py:93} INFO - 26/05/19 13:30:10 INFO Utils: Successfully started service 'org.apache.spark.network.netty.NettyBlockTransferService' on port 37681.
[2026-05-19T13:30:10.443+0000] {subprocess.py:93} INFO - 26/05/19 13:30:10 INFO NettyBlockTransferService: Server created on c43074c3fd7c:37681
[2026-05-19T13:30:10.445+0000] {subprocess.py:93} INFO - 26/05/19 13:30:10 INFO BlockManager: Using org.apache.spark.storage.RandomBlockReplicationPolicy for block replication policy
[2026-05-19T13:30:10.476+0000] {subprocess.py:93} INFO - 26/05/19 13:30:10 INFO BlockManagerMaster: Registering BlockManager BlockManagerId(driver, c43074c3fd7c, 37681, None)
[2026-05-19T13:30:10.492+0000] {subprocess.py:93} INFO - 26/05/19 13:30:10 INFO BlockManagerMasterEndpoint: Registering block manager c43074c3fd7c:37681 with 434.4 MiB RAM, BlockManagerId(driver, c43074c3fd7c, 37681, None)
[2026-05-19T13:30:10.505+0000] {subprocess.py:93} INFO - 26/05/19 13:30:10 INFO BlockManagerMaster: Registered BlockManager BlockManagerId(driver, c43074c3fd7c, 37681, None)
[2026-05-19T13:30:10.515+0000] {subprocess.py:93} INFO - 26/05/19 13:30:10 INFO BlockManager: Initialized BlockManager: BlockManagerId(driver, c43074c3fd7c, 37681, None)
[2026-05-19T13:30:10.533+0000] {subprocess.py:93} INFO - 26/05/19 13:30:10 INFO StandaloneAppClient$ClientEndpoint: Executor updated: app-20260519133010-0049/0 is now RUNNING
[2026-05-19T13:30:10.875+0000] {subprocess.py:93} INFO - 26/05/19 13:30:10 INFO StandaloneSchedulerBackend: SchedulerBackend is ready for scheduling beginning after reached minRegisteredResourcesRatio: 0.0
[2026-05-19T13:30:12.852+0000] {subprocess.py:93} INFO - 26/05/19 13:30:12 WARN MetricsConfig: Cannot locate configuration: tried hadoop-metrics2-s3a-file-system.properties,hadoop-metrics2.properties
[2026-05-19T13:30:26.234+0000] {subprocess.py:93} INFO - Lecture SILVER terminée
[2026-05-19T13:31:08.805+0000] {subprocess.py:93} INFO - Table articles_par_jour créée
[2026-05-19T13:31:38.523+0000] {subprocess.py:93} INFO - Table articles_par_source créée
[2026-05-19T13:32:08.568+0000] {subprocess.py:93} INFO - Table top_categories créée
[2026-05-19T13:32:34.395+0000] {subprocess.py:93} INFO - Table articles_par_source_jour créée
[2026-05-19T13:32:34.396+0000] {subprocess.py:93} INFO - 
[2026-05-19T13:32:34.399+0000] {subprocess.py:93} INFO - ==============================
[2026-05-19T13:32:34.401+0000] {subprocess.py:93} INFO - GOLD LAYER TERMINÉ
[2026-05-19T13:32:34.403+0000] {subprocess.py:93} INFO - ==============================
[2026-05-19T13:32:35.312+0000] {subprocess.py:97} INFO - Command exited with return code 0
[2026-05-19T13:32:35.313+0000] {taskinstance.py:441} INFO - ::group::Post task execution logs
[2026-05-19T13:32:35.837+0000] {taskinstance.py:1206} INFO - Marking task as SUCCESS. dag_id=medallion_gold_layer, task_id=gold_processing, run_id=scheduled__2026-05-19T13:25:00+00:00, execution_date=20260519T132500, start_date=20260519T133001, end_date=20260519T133235
[2026-05-19T13:32:35.941+0000] {local_task_job_runner.py:240} INFO - Task exited with return code 0
[2026-05-19T13:32:36.061+0000] {taskinstance.py:3498} INFO - 0 downstream tasks scheduled from follow-on schedule check
[2026-05-19T13:32:36.072+0000] {local_task_job_runner.py:222} INFO - ::endgroup::
