[2026-05-16T01:45:01.229+0000] {local_task_job_runner.py:120} INFO - ::group::Pre task execution logs
[2026-05-16T01:45:01.358+0000] {taskinstance.py:2076} INFO - Dependencies all met for dep_context=non-requeueable deps ti=<TaskInstance: medallion_gold_layer.gold_processing scheduled__2026-05-16T01:40:00+00:00 [queued]>
[2026-05-16T01:45:01.377+0000] {taskinstance.py:2076} INFO - Dependencies all met for dep_context=requeueable deps ti=<TaskInstance: medallion_gold_layer.gold_processing scheduled__2026-05-16T01:40:00+00:00 [queued]>
[2026-05-16T01:45:01.378+0000] {taskinstance.py:2306} INFO - Starting attempt 1 of 2
[2026-05-16T01:45:01.429+0000] {taskinstance.py:2330} INFO - Executing <Task(BashOperator): gold_processing> on 2026-05-16 01:40:00+00:00
[2026-05-16T01:45:01.441+0000] {standard_task_runner.py:63} INFO - Started process 41732 to run task
[2026-05-16T01:45:01.450+0000] {standard_task_runner.py:90} INFO - Running: ['airflow', 'tasks', 'run', 'medallion_gold_layer', 'gold_processing', 'scheduled__2026-05-16T01:40:00+00:00', '--job-id', '111', '--raw', '--subdir', 'DAGS_FOLDER/gold_layer_dag.py', '--cfg-path', '/tmp/tmp4ommbomt']
[2026-05-16T01:45:01.455+0000] {standard_task_runner.py:91} INFO - Job 111: Subtask gold_processing
[2026-05-16T01:45:01.870+0000] {task_command.py:426} INFO - Running <TaskInstance: medallion_gold_layer.gold_processing scheduled__2026-05-16T01:40:00+00:00 [running]> on host e8a9653e4a1b
[2026-05-16T01:45:02.470+0000] {taskinstance.py:2648} INFO - Exporting env vars: AIRFLOW_CTX_DAG_OWNER='anass' AIRFLOW_CTX_DAG_ID='medallion_gold_layer' AIRFLOW_CTX_TASK_ID='gold_processing' AIRFLOW_CTX_EXECUTION_DATE='2026-05-16T01:40:00+00:00' AIRFLOW_CTX_TRY_NUMBER='1' AIRFLOW_CTX_DAG_RUN_ID='scheduled__2026-05-16T01:40:00+00:00'
[2026-05-16T01:45:02.472+0000] {taskinstance.py:430} INFO - ::endgroup::
[2026-05-16T01:45:02.506+0000] {subprocess.py:63} INFO - Tmp dir root location: /tmp
[2026-05-16T01:45:02.509+0000] {subprocess.py:75} INFO - Running command: ['/usr/bin/bash', '-c', '\n    spark-submit     --master spark://spark-master:7077     --executor-memory 512M     --executor-cores 1     --total-executor-cores 1     --jars /opt/airflow/jars/aws-java-sdk-bundle-1.12.262.jar,/opt/airflow/jars/hadoop-aws-3.3.4.jar,/opt/airflow/jars/postgresql-42.7.3.jar     /opt/spark_jobs/gold_processor.py\n    ']
[2026-05-16T01:45:02.526+0000] {subprocess.py:86} INFO - Output:
[2026-05-16T01:45:05.975+0000] {subprocess.py:93} INFO - 26/05/16 01:45:05 WARN NativeCodeLoader: Unable to load native-hadoop library for your platform... using builtin-java classes where applicable
[2026-05-16T01:45:07.940+0000] {subprocess.py:93} INFO - 26/05/16 01:45:07 INFO SparkContext: Running Spark version 3.5.1
[2026-05-16T01:45:07.942+0000] {subprocess.py:93} INFO - 26/05/16 01:45:07 INFO SparkContext: OS info Linux, 6.6.87.2-microsoft-standard-WSL2, amd64
[2026-05-16T01:45:07.943+0000] {subprocess.py:93} INFO - 26/05/16 01:45:07 INFO SparkContext: Java version 17.0.19
[2026-05-16T01:45:08.028+0000] {subprocess.py:93} INFO - 26/05/16 01:45:08 INFO ResourceUtils: ==============================================================
[2026-05-16T01:45:08.033+0000] {subprocess.py:93} INFO - 26/05/16 01:45:08 INFO ResourceUtils: No custom resources configured for spark.driver.
[2026-05-16T01:45:08.036+0000] {subprocess.py:93} INFO - 26/05/16 01:45:08 INFO ResourceUtils: ==============================================================
[2026-05-16T01:45:08.038+0000] {subprocess.py:93} INFO - 26/05/16 01:45:08 INFO SparkContext: Submitted application: GoldLayerProcessor
[2026-05-16T01:45:08.149+0000] {subprocess.py:93} INFO - 26/05/16 01:45:08 INFO ResourceProfile: Default ResourceProfile created, executor resources: Map(cores -> name: cores, amount: 1, script: , vendor: , memory -> name: memory, amount: 512, script: , vendor: , offHeap -> name: offHeap, amount: 0, script: , vendor: ), task resources: Map(cpus -> name: cpus, amount: 1.0)
[2026-05-16T01:45:08.207+0000] {subprocess.py:93} INFO - 26/05/16 01:45:08 INFO ResourceProfile: Limiting resource is cpus at 1 tasks per executor
[2026-05-16T01:45:08.224+0000] {subprocess.py:93} INFO - 26/05/16 01:45:08 INFO ResourceProfileManager: Added ResourceProfile id: 0
[2026-05-16T01:45:08.360+0000] {subprocess.py:93} INFO - 26/05/16 01:45:08 INFO SecurityManager: Changing view acls to: airflow
[2026-05-16T01:45:08.363+0000] {subprocess.py:93} INFO - 26/05/16 01:45:08 INFO SecurityManager: Changing modify acls to: airflow
[2026-05-16T01:45:08.365+0000] {subprocess.py:93} INFO - 26/05/16 01:45:08 INFO SecurityManager: Changing view acls groups to:
[2026-05-16T01:45:08.367+0000] {subprocess.py:93} INFO - 26/05/16 01:45:08 INFO SecurityManager: Changing modify acls groups to:
[2026-05-16T01:45:08.370+0000] {subprocess.py:93} INFO - 26/05/16 01:45:08 INFO SecurityManager: SecurityManager: authentication disabled; ui acls disabled; users with view permissions: airflow; groups with view permissions: EMPTY; users with modify permissions: airflow; groups with modify permissions: EMPTY
[2026-05-16T01:45:09.043+0000] {subprocess.py:93} INFO - 26/05/16 01:45:09 INFO Utils: Successfully started service 'sparkDriver' on port 35879.
[2026-05-16T01:45:09.136+0000] {subprocess.py:93} INFO - 26/05/16 01:45:09 INFO SparkEnv: Registering MapOutputTracker
[2026-05-16T01:45:09.218+0000] {subprocess.py:93} INFO - 26/05/16 01:45:09 INFO SparkEnv: Registering BlockManagerMaster
[2026-05-16T01:45:09.270+0000] {subprocess.py:93} INFO - 26/05/16 01:45:09 INFO BlockManagerMasterEndpoint: Using org.apache.spark.storage.DefaultTopologyMapper for getting topology information
[2026-05-16T01:45:09.271+0000] {subprocess.py:93} INFO - 26/05/16 01:45:09 INFO BlockManagerMasterEndpoint: BlockManagerMasterEndpoint up
[2026-05-16T01:45:09.280+0000] {subprocess.py:93} INFO - 26/05/16 01:45:09 INFO SparkEnv: Registering BlockManagerMasterHeartbeat
[2026-05-16T01:45:09.307+0000] {subprocess.py:93} INFO - 26/05/16 01:45:09 INFO DiskBlockManager: Created local directory at /tmp/blockmgr-ab19151f-21a6-4a1c-8025-4ea2aa8e34e7
[2026-05-16T01:45:09.328+0000] {subprocess.py:93} INFO - 26/05/16 01:45:09 INFO MemoryStore: MemoryStore started with capacity 434.4 MiB
[2026-05-16T01:45:09.358+0000] {subprocess.py:93} INFO - 26/05/16 01:45:09 INFO SparkEnv: Registering OutputCommitCoordinator
[2026-05-16T01:45:09.775+0000] {subprocess.py:93} INFO - 26/05/16 01:45:09 INFO JettyUtils: Start Jetty 0.0.0.0:4040 for SparkUI
[2026-05-16T01:45:10.026+0000] {subprocess.py:93} INFO - 26/05/16 01:45:10 INFO Utils: Successfully started service 'SparkUI' on port 4040.
[2026-05-16T01:45:10.114+0000] {subprocess.py:93} INFO - 26/05/16 01:45:10 INFO SparkContext: Added JAR file:///opt/airflow/jars/aws-java-sdk-bundle-1.12.262.jar at spark://e8a9653e4a1b:35879/jars/aws-java-sdk-bundle-1.12.262.jar with timestamp 1778895907925
[2026-05-16T01:45:10.116+0000] {subprocess.py:93} INFO - 26/05/16 01:45:10 INFO SparkContext: Added JAR file:///opt/airflow/jars/hadoop-aws-3.3.4.jar at spark://e8a9653e4a1b:35879/jars/hadoop-aws-3.3.4.jar with timestamp 1778895907925
[2026-05-16T01:45:10.117+0000] {subprocess.py:93} INFO - 26/05/16 01:45:10 INFO SparkContext: Added JAR file:///opt/airflow/jars/postgresql-42.7.3.jar at spark://e8a9653e4a1b:35879/jars/postgresql-42.7.3.jar with timestamp 1778895907925
[2026-05-16T01:45:10.278+0000] {subprocess.py:93} INFO - 26/05/16 01:45:10 INFO StandaloneAppClient$ClientEndpoint: Connecting to master spark://spark-master:7077...
[2026-05-16T01:45:10.360+0000] {subprocess.py:93} INFO - 26/05/16 01:45:10 INFO TransportClientFactory: Successfully created connection to spark-master/172.18.0.6:7077 after 46 ms (0 ms spent in bootstraps)
[2026-05-16T01:45:10.492+0000] {subprocess.py:93} INFO - 26/05/16 01:45:10 INFO StandaloneSchedulerBackend: Connected to Spark cluster with app ID app-20260516014510-0110
[2026-05-16T01:45:10.501+0000] {subprocess.py:93} INFO - 26/05/16 01:45:10 INFO StandaloneAppClient$ClientEndpoint: Executor added: app-20260516014510-0110/0 on worker-20260514105200-172.18.0.13-40347 (172.18.0.13:40347) with 1 core(s)
[2026-05-16T01:45:10.504+0000] {subprocess.py:93} INFO - 26/05/16 01:45:10 INFO StandaloneSchedulerBackend: Granted executor ID app-20260516014510-0110/0 on hostPort 172.18.0.13:40347 with 1 core(s), 512.0 MiB RAM
[2026-05-16T01:45:10.508+0000] {subprocess.py:93} INFO - 26/05/16 01:45:10 INFO Utils: Successfully started service 'org.apache.spark.network.netty.NettyBlockTransferService' on port 42359.
[2026-05-16T01:45:10.509+0000] {subprocess.py:93} INFO - 26/05/16 01:45:10 INFO NettyBlockTransferService: Server created on e8a9653e4a1b:42359
[2026-05-16T01:45:10.513+0000] {subprocess.py:93} INFO - 26/05/16 01:45:10 INFO BlockManager: Using org.apache.spark.storage.RandomBlockReplicationPolicy for block replication policy
[2026-05-16T01:45:10.526+0000] {subprocess.py:93} INFO - 26/05/16 01:45:10 INFO BlockManagerMaster: Registering BlockManager BlockManagerId(driver, e8a9653e4a1b, 42359, None)
[2026-05-16T01:45:10.535+0000] {subprocess.py:93} INFO - 26/05/16 01:45:10 INFO BlockManagerMasterEndpoint: Registering block manager e8a9653e4a1b:42359 with 434.4 MiB RAM, BlockManagerId(driver, e8a9653e4a1b, 42359, None)
[2026-05-16T01:45:10.541+0000] {subprocess.py:93} INFO - 26/05/16 01:45:10 INFO BlockManagerMaster: Registered BlockManager BlockManagerId(driver, e8a9653e4a1b, 42359, None)
[2026-05-16T01:45:10.545+0000] {subprocess.py:93} INFO - 26/05/16 01:45:10 INFO BlockManager: Initialized BlockManager: BlockManagerId(driver, e8a9653e4a1b, 42359, None)
[2026-05-16T01:45:10.557+0000] {subprocess.py:93} INFO - 26/05/16 01:45:10 INFO StandaloneAppClient$ClientEndpoint: Executor updated: app-20260516014510-0110/0 is now RUNNING
[2026-05-16T01:45:10.972+0000] {subprocess.py:93} INFO - 26/05/16 01:45:10 INFO StandaloneSchedulerBackend: SchedulerBackend is ready for scheduling beginning after reached minRegisteredResourcesRatio: 0.0
[2026-05-16T01:45:13.522+0000] {subprocess.py:93} INFO - 26/05/16 01:45:13 WARN MetricsConfig: Cannot locate configuration: tried hadoop-metrics2-s3a-file-system.properties,hadoop-metrics2.properties
[2026-05-16T01:45:23.008+0000] {subprocess.py:93} INFO - Lecture SILVER terminée
[2026-05-16T01:45:44.033+0000] {subprocess.py:93} INFO - Table articles_par_jour créée
[2026-05-16T01:46:01.854+0000] {subprocess.py:93} INFO - Table articles_par_source créée
[2026-05-16T01:46:19.349+0000] {subprocess.py:93} INFO - Table top_categories créée
[2026-05-16T01:46:33.484+0000] {subprocess.py:93} INFO - Table articles_par_source_jour créée
[2026-05-16T01:46:33.485+0000] {subprocess.py:93} INFO - 
[2026-05-16T01:46:33.487+0000] {subprocess.py:93} INFO - ==============================
[2026-05-16T01:46:33.488+0000] {subprocess.py:93} INFO - GOLD LAYER TERMINÉ
[2026-05-16T01:46:33.490+0000] {subprocess.py:93} INFO - ==============================
[2026-05-16T01:46:34.422+0000] {subprocess.py:97} INFO - Command exited with return code 0
[2026-05-16T01:46:34.424+0000] {taskinstance.py:441} INFO - ::group::Post task execution logs
[2026-05-16T01:46:35.032+0000] {taskinstance.py:1206} INFO - Marking task as SUCCESS. dag_id=medallion_gold_layer, task_id=gold_processing, run_id=scheduled__2026-05-16T01:40:00+00:00, execution_date=20260516T014000, start_date=20260516T014501, end_date=20260516T014635
[2026-05-16T01:46:35.129+0000] {local_task_job_runner.py:240} INFO - Task exited with return code 0
[2026-05-16T01:46:35.296+0000] {taskinstance.py:3498} INFO - 0 downstream tasks scheduled from follow-on schedule check
[2026-05-16T01:46:35.305+0000] {local_task_job_runner.py:222} INFO - ::endgroup::
