[2026-05-14T13:44:42.144+0000] {local_task_job_runner.py:120} INFO - ::group::Pre task execution logs
[2026-05-14T13:44:42.327+0000] {taskinstance.py:2076} INFO - Dependencies all met for dep_context=non-requeueable deps ti=<TaskInstance: medallion_gold_layer.gold_processing scheduled__2026-05-14T13:35:00+00:00 [queued]>
[2026-05-14T13:44:42.352+0000] {taskinstance.py:2076} INFO - Dependencies all met for dep_context=requeueable deps ti=<TaskInstance: medallion_gold_layer.gold_processing scheduled__2026-05-14T13:35:00+00:00 [queued]>
[2026-05-14T13:44:42.371+0000] {taskinstance.py:2306} INFO - Starting attempt 1 of 2
[2026-05-14T13:44:42.425+0000] {taskinstance.py:2330} INFO - Executing <Task(BashOperator): gold_processing> on 2026-05-14 13:35:00+00:00
[2026-05-14T13:44:42.442+0000] {standard_task_runner.py:63} INFO - Started process 10233 to run task
[2026-05-14T13:44:42.447+0000] {standard_task_runner.py:90} INFO - Running: ['airflow', 'tasks', 'run', 'medallion_gold_layer', 'gold_processing', 'scheduled__2026-05-14T13:35:00+00:00', '--job-id', '29', '--raw', '--subdir', 'DAGS_FOLDER/gold_layer_dag.py', '--cfg-path', '/tmp/tmptmn4oczb']
[2026-05-14T13:44:42.453+0000] {standard_task_runner.py:91} INFO - Job 29: Subtask gold_processing
[2026-05-14T13:44:42.841+0000] {task_command.py:426} INFO - Running <TaskInstance: medallion_gold_layer.gold_processing scheduled__2026-05-14T13:35:00+00:00 [running]> on host e8a9653e4a1b
[2026-05-14T13:44:43.497+0000] {taskinstance.py:2648} INFO - Exporting env vars: AIRFLOW_CTX_DAG_OWNER='anass' AIRFLOW_CTX_DAG_ID='medallion_gold_layer' AIRFLOW_CTX_TASK_ID='gold_processing' AIRFLOW_CTX_EXECUTION_DATE='2026-05-14T13:35:00+00:00' AIRFLOW_CTX_TRY_NUMBER='1' AIRFLOW_CTX_DAG_RUN_ID='scheduled__2026-05-14T13:35:00+00:00'
[2026-05-14T13:44:43.498+0000] {taskinstance.py:430} INFO - ::endgroup::
[2026-05-14T13:44:43.515+0000] {subprocess.py:63} INFO - Tmp dir root location: /tmp
[2026-05-14T13:44:43.517+0000] {subprocess.py:75} INFO - Running command: ['/usr/bin/bash', '-c', '\n    spark-submit     --master spark://spark-master:7077     --executor-memory 512M     --executor-cores 1     --total-executor-cores 1     --jars /opt/airflow/jars/aws-java-sdk-bundle-1.12.262.jar,/opt/airflow/jars/hadoop-aws-3.3.4.jar,/opt/airflow/jars/postgresql-42.7.3.jar     /opt/spark_jobs/gold_processor.py\n    ']
[2026-05-14T13:44:43.531+0000] {subprocess.py:86} INFO - Output:
[2026-05-14T13:44:46.328+0000] {subprocess.py:93} INFO - 26/05/14 13:44:46 WARN NativeCodeLoader: Unable to load native-hadoop library for your platform... using builtin-java classes where applicable
[2026-05-14T13:44:47.393+0000] {subprocess.py:93} INFO - 26/05/14 13:44:47 INFO SparkContext: Running Spark version 3.5.1
[2026-05-14T13:44:47.394+0000] {subprocess.py:93} INFO - 26/05/14 13:44:47 INFO SparkContext: OS info Linux, 6.6.87.2-microsoft-standard-WSL2, amd64
[2026-05-14T13:44:47.394+0000] {subprocess.py:93} INFO - 26/05/14 13:44:47 INFO SparkContext: Java version 17.0.19
[2026-05-14T13:44:47.417+0000] {subprocess.py:93} INFO - 26/05/14 13:44:47 INFO ResourceUtils: ==============================================================
[2026-05-14T13:44:47.418+0000] {subprocess.py:93} INFO - 26/05/14 13:44:47 INFO ResourceUtils: No custom resources configured for spark.driver.
[2026-05-14T13:44:47.418+0000] {subprocess.py:93} INFO - 26/05/14 13:44:47 INFO ResourceUtils: ==============================================================
[2026-05-14T13:44:47.419+0000] {subprocess.py:93} INFO - 26/05/14 13:44:47 INFO SparkContext: Submitted application: GoldLayerProcessor
[2026-05-14T13:44:47.433+0000] {subprocess.py:93} INFO - 26/05/14 13:44:47 INFO ResourceProfile: Default ResourceProfile created, executor resources: Map(cores -> name: cores, amount: 1, script: , vendor: , memory -> name: memory, amount: 512, script: , vendor: , offHeap -> name: offHeap, amount: 0, script: , vendor: ), task resources: Map(cpus -> name: cpus, amount: 1.0)
[2026-05-14T13:44:47.440+0000] {subprocess.py:93} INFO - 26/05/14 13:44:47 INFO ResourceProfile: Limiting resource is cpus at 1 tasks per executor
[2026-05-14T13:44:47.441+0000] {subprocess.py:93} INFO - 26/05/14 13:44:47 INFO ResourceProfileManager: Added ResourceProfile id: 0
[2026-05-14T13:44:47.476+0000] {subprocess.py:93} INFO - 26/05/14 13:44:47 INFO SecurityManager: Changing view acls to: airflow
[2026-05-14T13:44:47.476+0000] {subprocess.py:93} INFO - 26/05/14 13:44:47 INFO SecurityManager: Changing modify acls to: airflow
[2026-05-14T13:44:47.477+0000] {subprocess.py:93} INFO - 26/05/14 13:44:47 INFO SecurityManager: Changing view acls groups to:
[2026-05-14T13:44:47.477+0000] {subprocess.py:93} INFO - 26/05/14 13:44:47 INFO SecurityManager: Changing modify acls groups to:
[2026-05-14T13:44:47.478+0000] {subprocess.py:93} INFO - 26/05/14 13:44:47 INFO SecurityManager: SecurityManager: authentication disabled; ui acls disabled; users with view permissions: airflow; groups with view permissions: EMPTY; users with modify permissions: airflow; groups with modify permissions: EMPTY
[2026-05-14T13:44:47.602+0000] {subprocess.py:93} INFO - 26/05/14 13:44:47 INFO Utils: Successfully started service 'sparkDriver' on port 44837.
[2026-05-14T13:44:47.617+0000] {subprocess.py:93} INFO - 26/05/14 13:44:47 INFO SparkEnv: Registering MapOutputTracker
[2026-05-14T13:44:47.636+0000] {subprocess.py:93} INFO - 26/05/14 13:44:47 INFO SparkEnv: Registering BlockManagerMaster
[2026-05-14T13:44:47.645+0000] {subprocess.py:93} INFO - 26/05/14 13:44:47 INFO BlockManagerMasterEndpoint: Using org.apache.spark.storage.DefaultTopologyMapper for getting topology information
[2026-05-14T13:44:47.646+0000] {subprocess.py:93} INFO - 26/05/14 13:44:47 INFO BlockManagerMasterEndpoint: BlockManagerMasterEndpoint up
[2026-05-14T13:44:47.648+0000] {subprocess.py:93} INFO - 26/05/14 13:44:47 INFO SparkEnv: Registering BlockManagerMasterHeartbeat
[2026-05-14T13:44:47.658+0000] {subprocess.py:93} INFO - 26/05/14 13:44:47 INFO DiskBlockManager: Created local directory at /tmp/blockmgr-cfcaa405-9c44-4b06-84f9-ba7b6a30eb03
[2026-05-14T13:44:47.665+0000] {subprocess.py:93} INFO - 26/05/14 13:44:47 INFO MemoryStore: MemoryStore started with capacity 434.4 MiB
[2026-05-14T13:44:47.674+0000] {subprocess.py:93} INFO - 26/05/14 13:44:47 INFO SparkEnv: Registering OutputCommitCoordinator
[2026-05-14T13:44:47.742+0000] {subprocess.py:93} INFO - 26/05/14 13:44:47 INFO JettyUtils: Start Jetty 0.0.0.0:4040 for SparkUI
[2026-05-14T13:44:47.786+0000] {subprocess.py:93} INFO - 26/05/14 13:44:47 INFO Utils: Successfully started service 'SparkUI' on port 4040.
[2026-05-14T13:44:47.811+0000] {subprocess.py:93} INFO - 26/05/14 13:44:47 INFO SparkContext: Added JAR file:///opt/airflow/jars/aws-java-sdk-bundle-1.12.262.jar at spark://e8a9653e4a1b:44837/jars/aws-java-sdk-bundle-1.12.262.jar with timestamp 1778766287385
[2026-05-14T13:44:47.812+0000] {subprocess.py:93} INFO - 26/05/14 13:44:47 INFO SparkContext: Added JAR file:///opt/airflow/jars/hadoop-aws-3.3.4.jar at spark://e8a9653e4a1b:44837/jars/hadoop-aws-3.3.4.jar with timestamp 1778766287385
[2026-05-14T13:44:47.813+0000] {subprocess.py:93} INFO - 26/05/14 13:44:47 INFO SparkContext: Added JAR file:///opt/airflow/jars/postgresql-42.7.3.jar at spark://e8a9653e4a1b:44837/jars/postgresql-42.7.3.jar with timestamp 1778766287385
[2026-05-14T13:44:47.866+0000] {subprocess.py:93} INFO - 26/05/14 13:44:47 INFO StandaloneAppClient$ClientEndpoint: Connecting to master spark://spark-master:7077...
[2026-05-14T13:44:47.896+0000] {subprocess.py:93} INFO - 26/05/14 13:44:47 INFO TransportClientFactory: Successfully created connection to spark-master/172.18.0.6:7077 after 16 ms (0 ms spent in bootstraps)
[2026-05-14T13:44:47.959+0000] {subprocess.py:93} INFO - 26/05/14 13:44:47 INFO StandaloneSchedulerBackend: Connected to Spark cluster with app ID app-20260514134447-0028
[2026-05-14T13:44:47.963+0000] {subprocess.py:93} INFO - 26/05/14 13:44:47 INFO StandaloneAppClient$ClientEndpoint: Executor added: app-20260514134447-0028/0 on worker-20260514105200-172.18.0.13-40347 (172.18.0.13:40347) with 1 core(s)
[2026-05-14T13:44:47.966+0000] {subprocess.py:93} INFO - 26/05/14 13:44:47 INFO StandaloneSchedulerBackend: Granted executor ID app-20260514134447-0028/0 on hostPort 172.18.0.13:40347 with 1 core(s), 512.0 MiB RAM
[2026-05-14T13:44:47.969+0000] {subprocess.py:93} INFO - 26/05/14 13:44:47 INFO Utils: Successfully started service 'org.apache.spark.network.netty.NettyBlockTransferService' on port 43755.
[2026-05-14T13:44:47.969+0000] {subprocess.py:93} INFO - 26/05/14 13:44:47 INFO NettyBlockTransferService: Server created on e8a9653e4a1b:43755
[2026-05-14T13:44:47.971+0000] {subprocess.py:93} INFO - 26/05/14 13:44:47 INFO BlockManager: Using org.apache.spark.storage.RandomBlockReplicationPolicy for block replication policy
[2026-05-14T13:44:47.975+0000] {subprocess.py:93} INFO - 26/05/14 13:44:47 INFO BlockManagerMaster: Registering BlockManager BlockManagerId(driver, e8a9653e4a1b, 43755, None)
[2026-05-14T13:44:47.978+0000] {subprocess.py:93} INFO - 26/05/14 13:44:47 INFO BlockManagerMasterEndpoint: Registering block manager e8a9653e4a1b:43755 with 434.4 MiB RAM, BlockManagerId(driver, e8a9653e4a1b, 43755, None)
[2026-05-14T13:44:47.981+0000] {subprocess.py:93} INFO - 26/05/14 13:44:47 INFO BlockManagerMaster: Registered BlockManager BlockManagerId(driver, e8a9653e4a1b, 43755, None)
[2026-05-14T13:44:47.985+0000] {subprocess.py:93} INFO - 26/05/14 13:44:47 INFO BlockManager: Initialized BlockManager: BlockManagerId(driver, e8a9653e4a1b, 43755, None)
[2026-05-14T13:44:47.998+0000] {subprocess.py:93} INFO - 26/05/14 13:44:47 INFO StandaloneAppClient$ClientEndpoint: Executor updated: app-20260514134447-0028/0 is now RUNNING
[2026-05-14T13:44:48.150+0000] {subprocess.py:93} INFO - 26/05/14 13:44:48 INFO StandaloneSchedulerBackend: SchedulerBackend is ready for scheduling beginning after reached minRegisteredResourcesRatio: 0.0
[2026-05-14T13:44:49.105+0000] {subprocess.py:93} INFO - 26/05/14 13:44:49 WARN MetricsConfig: Cannot locate configuration: tried hadoop-metrics2-s3a-file-system.properties,hadoop-metrics2.properties
[2026-05-14T13:44:53.053+0000] {subprocess.py:93} INFO - Lecture SILVER terminée
[2026-05-14T13:44:57.055+0000] {subprocess.py:93} INFO - Table articles_par_jour créée
[2026-05-14T13:44:59.645+0000] {subprocess.py:93} INFO - Table articles_par_source créée
[2026-05-14T13:45:02.230+0000] {subprocess.py:93} INFO - Table top_categories créée
[2026-05-14T13:45:04.200+0000] {subprocess.py:93} INFO - Table articles_par_source_jour créée
[2026-05-14T13:45:04.201+0000] {subprocess.py:93} INFO - 
[2026-05-14T13:45:04.202+0000] {subprocess.py:93} INFO - ==============================
[2026-05-14T13:45:04.203+0000] {subprocess.py:93} INFO - GOLD LAYER TERMINÉ
[2026-05-14T13:45:04.203+0000] {subprocess.py:93} INFO - ==============================
[2026-05-14T13:45:04.760+0000] {subprocess.py:97} INFO - Command exited with return code 0
[2026-05-14T13:45:04.761+0000] {taskinstance.py:441} INFO - ::group::Post task execution logs
[2026-05-14T13:45:04.987+0000] {taskinstance.py:1206} INFO - Marking task as SUCCESS. dag_id=medallion_gold_layer, task_id=gold_processing, run_id=scheduled__2026-05-14T13:35:00+00:00, execution_date=20260514T133500, start_date=20260514T134442, end_date=20260514T134504
[2026-05-14T13:45:05.045+0000] {local_task_job_runner.py:240} INFO - Task exited with return code 0
[2026-05-14T13:45:05.088+0000] {taskinstance.py:3498} INFO - 0 downstream tasks scheduled from follow-on schedule check
[2026-05-14T13:45:05.099+0000] {local_task_job_runner.py:222} INFO - ::endgroup::
