[2026-05-17T00:50:24.937+0000] {local_task_job_runner.py:120} INFO - ::group::Pre task execution logs
[2026-05-17T00:50:29.553+0000] {taskinstance.py:2076} INFO - Dependencies all met for dep_context=non-requeueable deps ti=<TaskInstance: medallion_gold_layer.gold_processing scheduled__2026-05-17T00:45:00+00:00 [queued]>
[2026-05-17T00:50:30.031+0000] {taskinstance.py:2076} INFO - Dependencies all met for dep_context=requeueable deps ti=<TaskInstance: medallion_gold_layer.gold_processing scheduled__2026-05-17T00:45:00+00:00 [queued]>
[2026-05-17T00:50:30.066+0000] {taskinstance.py:2306} INFO - Starting attempt 1 of 2
[2026-05-17T00:50:30.656+0000] {taskinstance.py:2330} INFO - Executing <Task(BashOperator): gold_processing> on 2026-05-17 00:45:00+00:00
[2026-05-17T00:50:30.741+0000] {standard_task_runner.py:63} INFO - Started process 58572 to run task
[2026-05-17T00:50:30.821+0000] {standard_task_runner.py:90} INFO - Running: ['airflow', 'tasks', 'run', 'medallion_gold_layer', 'gold_processing', 'scheduled__2026-05-17T00:45:00+00:00', '--job-id', '154', '--raw', '--subdir', 'DAGS_FOLDER/gold_layer_dag.py', '--cfg-path', '/tmp/tmpfimeru6d']
[2026-05-17T00:50:30.870+0000] {standard_task_runner.py:91} INFO - Job 154: Subtask gold_processing
[2026-05-17T00:50:33.027+0000] {task_command.py:426} INFO - Running <TaskInstance: medallion_gold_layer.gold_processing scheduled__2026-05-17T00:45:00+00:00 [running]> on host e8a9653e4a1b
[2026-05-17T00:50:37.432+0000] {taskinstance.py:2648} INFO - Exporting env vars: AIRFLOW_CTX_DAG_OWNER='anass' AIRFLOW_CTX_DAG_ID='medallion_gold_layer' AIRFLOW_CTX_TASK_ID='gold_processing' AIRFLOW_CTX_EXECUTION_DATE='2026-05-17T00:45:00+00:00' AIRFLOW_CTX_TRY_NUMBER='1' AIRFLOW_CTX_DAG_RUN_ID='scheduled__2026-05-17T00:45:00+00:00'
[2026-05-17T00:50:37.472+0000] {taskinstance.py:430} INFO - ::endgroup::
[2026-05-17T00:50:37.925+0000] {subprocess.py:63} INFO - Tmp dir root location: /tmp
[2026-05-17T00:50:37.956+0000] {subprocess.py:75} INFO - Running command: ['/usr/bin/bash', '-c', '\n    spark-submit     --master spark://spark-master:7077     --executor-memory 512M     --executor-cores 1     --total-executor-cores 1     --jars /opt/airflow/jars/aws-java-sdk-bundle-1.12.262.jar,/opt/airflow/jars/hadoop-aws-3.3.4.jar,/opt/airflow/jars/postgresql-42.7.3.jar     /opt/spark_jobs/gold_processor.py\n    ']
[2026-05-17T00:50:38.132+0000] {subprocess.py:86} INFO - Output:
[2026-05-17T00:51:36.456+0000] {subprocess.py:93} INFO - 26/05/17 00:51:36 WARN NativeCodeLoader: Unable to load native-hadoop library for your platform... using builtin-java classes where applicable
[2026-05-17T00:52:06.067+0000] {subprocess.py:93} INFO - 26/05/17 00:52:06 INFO SparkContext: Running Spark version 3.5.1
[2026-05-17T00:52:06.099+0000] {subprocess.py:93} INFO - 26/05/17 00:52:06 INFO SparkContext: OS info Linux, 6.6.87.2-microsoft-standard-WSL2, amd64
[2026-05-17T00:52:06.123+0000] {subprocess.py:93} INFO - 26/05/17 00:52:06 INFO SparkContext: Java version 17.0.19
[2026-05-17T00:52:06.987+0000] {subprocess.py:93} INFO - 26/05/17 00:52:06 INFO ResourceUtils: ==============================================================
[2026-05-17T00:52:07.006+0000] {subprocess.py:93} INFO - 26/05/17 00:52:07 INFO ResourceUtils: No custom resources configured for spark.driver.
[2026-05-17T00:52:07.025+0000] {subprocess.py:93} INFO - 26/05/17 00:52:07 INFO ResourceUtils: ==============================================================
[2026-05-17T00:52:07.045+0000] {subprocess.py:93} INFO - 26/05/17 00:52:07 INFO SparkContext: Submitted application: GoldLayerProcessor
[2026-05-17T00:52:07.579+0000] {subprocess.py:93} INFO - 26/05/17 00:52:07 INFO ResourceProfile: Default ResourceProfile created, executor resources: Map(cores -> name: cores, amount: 1, script: , vendor: , memory -> name: memory, amount: 512, script: , vendor: , offHeap -> name: offHeap, amount: 0, script: , vendor: ), task resources: Map(cpus -> name: cpus, amount: 1.0)
[2026-05-17T00:52:07.789+0000] {subprocess.py:93} INFO - 26/05/17 00:52:07 INFO ResourceProfile: Limiting resource is cpus at 1 tasks per executor
[2026-05-17T00:52:07.853+0000] {subprocess.py:93} INFO - 26/05/17 00:52:07 INFO ResourceProfileManager: Added ResourceProfile id: 0
[2026-05-17T00:52:09.387+0000] {subprocess.py:93} INFO - 26/05/17 00:52:09 INFO SecurityManager: Changing view acls to: airflow
[2026-05-17T00:52:09.851+0000] {subprocess.py:93} INFO - 26/05/17 00:52:09 INFO SecurityManager: Changing modify acls to: airflow
[2026-05-17T00:52:09.881+0000] {subprocess.py:93} INFO - 26/05/17 00:52:09 INFO SecurityManager: Changing view acls groups to:
[2026-05-17T00:52:09.890+0000] {subprocess.py:93} INFO - 26/05/17 00:52:09 INFO SecurityManager: Changing modify acls groups to:
[2026-05-17T00:52:09.903+0000] {subprocess.py:93} INFO - 26/05/17 00:52:09 INFO SecurityManager: SecurityManager: authentication disabled; ui acls disabled; users with view permissions: airflow; groups with view permissions: EMPTY; users with modify permissions: airflow; groups with modify permissions: EMPTY
[2026-05-17T00:52:14.509+0000] {subprocess.py:93} INFO - 26/05/17 00:52:14 INFO Utils: Successfully started service 'sparkDriver' on port 40683.
[2026-05-17T00:52:15.081+0000] {subprocess.py:93} INFO - 26/05/17 00:52:15 INFO SparkEnv: Registering MapOutputTracker
[2026-05-17T00:52:16.070+0000] {subprocess.py:93} INFO - 26/05/17 00:52:16 INFO SparkEnv: Registering BlockManagerMaster
[2026-05-17T00:52:16.586+0000] {subprocess.py:93} INFO - 26/05/17 00:52:16 INFO BlockManagerMasterEndpoint: Using org.apache.spark.storage.DefaultTopologyMapper for getting topology information
[2026-05-17T00:52:16.617+0000] {subprocess.py:93} INFO - 26/05/17 00:52:16 INFO BlockManagerMasterEndpoint: BlockManagerMasterEndpoint up
[2026-05-17T00:52:16.689+0000] {subprocess.py:93} INFO - 26/05/17 00:52:16 INFO SparkEnv: Registering BlockManagerMasterHeartbeat
[2026-05-17T00:52:17.039+0000] {subprocess.py:93} INFO - 26/05/17 00:52:17 INFO DiskBlockManager: Created local directory at /tmp/blockmgr-08ccc5be-3b1d-4c95-b1a0-e0089b9cae87
[2026-05-17T00:52:17.408+0000] {subprocess.py:93} INFO - 26/05/17 00:52:17 INFO MemoryStore: MemoryStore started with capacity 434.4 MiB
[2026-05-17T00:52:17.757+0000] {subprocess.py:93} INFO - 26/05/17 00:52:17 INFO SparkEnv: Registering OutputCommitCoordinator
[2026-05-17T00:52:20.504+0000] {subprocess.py:93} INFO - 26/05/17 00:52:20 INFO JettyUtils: Start Jetty 0.0.0.0:4040 for SparkUI
[2026-05-17T00:52:21.934+0000] {subprocess.py:93} INFO - 26/05/17 00:52:21 INFO Utils: Successfully started service 'SparkUI' on port 4040.
[2026-05-17T00:52:22.998+0000] {subprocess.py:93} INFO - 26/05/17 00:52:22 INFO SparkContext: Added JAR file:///opt/airflow/jars/aws-java-sdk-bundle-1.12.262.jar at spark://e8a9653e4a1b:40683/jars/aws-java-sdk-bundle-1.12.262.jar with timestamp 1778979125890
[2026-05-17T00:52:23.043+0000] {subprocess.py:93} INFO - 26/05/17 00:52:22 INFO SparkContext: Added JAR file:///opt/airflow/jars/hadoop-aws-3.3.4.jar at spark://e8a9653e4a1b:40683/jars/hadoop-aws-3.3.4.jar with timestamp 1778979125890
[2026-05-17T00:52:23.096+0000] {subprocess.py:93} INFO - 26/05/17 00:52:23 INFO SparkContext: Added JAR file:///opt/airflow/jars/postgresql-42.7.3.jar at spark://e8a9653e4a1b:40683/jars/postgresql-42.7.3.jar with timestamp 1778979125890
[2026-05-17T00:52:25.993+0000] {subprocess.py:93} INFO - 26/05/17 00:52:25 INFO StandaloneAppClient$ClientEndpoint: Connecting to master spark://spark-master:7077...
[2026-05-17T00:52:27.721+0000] {subprocess.py:93} INFO - 26/05/17 00:52:27 INFO TransportClientFactory: Successfully created connection to spark-master/172.18.0.6:7077 after 1216 ms (0 ms spent in bootstraps)
[2026-05-17T00:52:31.700+0000] {subprocess.py:93} INFO - 26/05/17 00:52:31 INFO StandaloneSchedulerBackend: Connected to Spark cluster with app ID app-20260517005231-0153
[2026-05-17T00:52:32.461+0000] {subprocess.py:93} INFO - 26/05/17 00:52:31 INFO StandaloneAppClient$ClientEndpoint: Executor added: app-20260517005231-0153/0 on worker-20260514105200-172.18.0.13-40347 (172.18.0.13:40347) with 1 core(s)
[2026-05-17T00:52:32.555+0000] {subprocess.py:93} INFO - 26/05/17 00:52:31 INFO StandaloneSchedulerBackend: Granted executor ID app-20260517005231-0153/0 on hostPort 172.18.0.13:40347 with 1 core(s), 512.0 MiB RAM
[2026-05-17T00:52:32.611+0000] {subprocess.py:93} INFO - 26/05/17 00:52:32 INFO Utils: Successfully started service 'org.apache.spark.network.netty.NettyBlockTransferService' on port 42643.
[2026-05-17T00:52:32.645+0000] {subprocess.py:93} INFO - 26/05/17 00:52:32 INFO NettyBlockTransferService: Server created on e8a9653e4a1b:42643
[2026-05-17T00:52:32.733+0000] {subprocess.py:93} INFO - 26/05/17 00:52:32 INFO BlockManager: Using org.apache.spark.storage.RandomBlockReplicationPolicy for block replication policy
[2026-05-17T00:52:32.822+0000] {subprocess.py:93} INFO - 26/05/17 00:52:32 INFO BlockManagerMaster: Registering BlockManager BlockManagerId(driver, e8a9653e4a1b, 42643, None)
[2026-05-17T00:52:32.882+0000] {subprocess.py:93} INFO - 26/05/17 00:52:32 INFO BlockManagerMasterEndpoint: Registering block manager e8a9653e4a1b:42643 with 434.4 MiB RAM, BlockManagerId(driver, e8a9653e4a1b, 42643, None)
[2026-05-17T00:52:32.915+0000] {subprocess.py:93} INFO - 26/05/17 00:52:32 INFO BlockManagerMaster: Registered BlockManager BlockManagerId(driver, e8a9653e4a1b, 42643, None)
[2026-05-17T00:52:32.944+0000] {subprocess.py:93} INFO - 26/05/17 00:52:32 INFO BlockManager: Initialized BlockManager: BlockManagerId(driver, e8a9653e4a1b, 42643, None)
[2026-05-17T00:52:34.065+0000] {subprocess.py:93} INFO - 26/05/17 00:52:34 INFO StandaloneAppClient$ClientEndpoint: Executor updated: app-20260517005231-0153/0 is now RUNNING
[2026-05-17T00:52:38.524+0000] {subprocess.py:93} INFO - 26/05/17 00:52:38 INFO StandaloneSchedulerBackend: SchedulerBackend is ready for scheduling beginning after reached minRegisteredResourcesRatio: 0.0
[2026-05-17T00:52:56.920+0000] {subprocess.py:93} INFO - 26/05/17 00:52:56 WARN MetricsConfig: Cannot locate configuration: tried hadoop-metrics2-s3a-file-system.properties,hadoop-metrics2.properties
[2026-05-17T00:53:06.311+0000] {subprocess.py:93} INFO - Lecture SILVER terminée
[2026-05-17T00:53:18.164+0000] {subprocess.py:93} INFO - Table articles_par_jour créée
[2026-05-17T00:53:26.387+0000] {subprocess.py:93} INFO - Table articles_par_source créée
[2026-05-17T00:53:35.299+0000] {subprocess.py:93} INFO - Table top_categories créée
[2026-05-17T00:53:42.768+0000] {subprocess.py:93} INFO - Table articles_par_source_jour créée
[2026-05-17T00:53:42.768+0000] {subprocess.py:93} INFO - 
[2026-05-17T00:53:42.769+0000] {subprocess.py:93} INFO - ==============================
[2026-05-17T00:53:42.770+0000] {subprocess.py:93} INFO - GOLD LAYER TERMINÉ
[2026-05-17T00:53:42.771+0000] {subprocess.py:93} INFO - ==============================
[2026-05-17T00:53:43.472+0000] {subprocess.py:97} INFO - Command exited with return code 0
[2026-05-17T00:53:43.473+0000] {taskinstance.py:441} INFO - ::group::Post task execution logs
[2026-05-17T00:53:43.731+0000] {taskinstance.py:1206} INFO - Marking task as SUCCESS. dag_id=medallion_gold_layer, task_id=gold_processing, run_id=scheduled__2026-05-17T00:45:00+00:00, execution_date=20260517T004500, start_date=20260517T005029, end_date=20260517T005343
[2026-05-17T00:53:43.775+0000] {local_task_job_runner.py:240} INFO - Task exited with return code 0
[2026-05-17T00:53:43.830+0000] {taskinstance.py:3498} INFO - 0 downstream tasks scheduled from follow-on schedule check
[2026-05-17T00:53:43.833+0000] {local_task_job_runner.py:222} INFO - ::endgroup::
