[2026-05-18T01:30:02.141+0000] {local_task_job_runner.py:120} INFO - ::group::Pre task execution logs
[2026-05-18T01:30:02.376+0000] {taskinstance.py:2076} INFO - Dependencies all met for dep_context=non-requeueable deps ti=<TaskInstance: medallion_gold_layer.gold_processing scheduled__2026-05-18T01:25:00+00:00 [queued]>
[2026-05-18T01:30:02.414+0000] {taskinstance.py:2076} INFO - Dependencies all met for dep_context=requeueable deps ti=<TaskInstance: medallion_gold_layer.gold_processing scheduled__2026-05-18T01:25:00+00:00 [queued]>
[2026-05-18T01:30:02.417+0000] {taskinstance.py:2306} INFO - Starting attempt 1 of 2
[2026-05-18T01:30:02.519+0000] {taskinstance.py:2330} INFO - Executing <Task(BashOperator): gold_processing> on 2026-05-18 01:25:00+00:00
[2026-05-18T01:30:02.534+0000] {standard_task_runner.py:63} INFO - Started process 86276 to run task
[2026-05-18T01:30:02.550+0000] {standard_task_runner.py:90} INFO - Running: ['airflow', 'tasks', 'run', 'medallion_gold_layer', 'gold_processing', 'scheduled__2026-05-18T01:25:00+00:00', '--job-id', '224', '--raw', '--subdir', 'DAGS_FOLDER/gold_layer_dag.py', '--cfg-path', '/tmp/tmp7b72l2wj']
[2026-05-18T01:30:02.558+0000] {standard_task_runner.py:91} INFO - Job 224: Subtask gold_processing
[2026-05-18T01:30:03.049+0000] {task_command.py:426} INFO - Running <TaskInstance: medallion_gold_layer.gold_processing scheduled__2026-05-18T01:25:00+00:00 [running]> on host e8a9653e4a1b
[2026-05-18T01:30:03.893+0000] {taskinstance.py:2648} INFO - Exporting env vars: AIRFLOW_CTX_DAG_OWNER='anass' AIRFLOW_CTX_DAG_ID='medallion_gold_layer' AIRFLOW_CTX_TASK_ID='gold_processing' AIRFLOW_CTX_EXECUTION_DATE='2026-05-18T01:25:00+00:00' AIRFLOW_CTX_TRY_NUMBER='1' AIRFLOW_CTX_DAG_RUN_ID='scheduled__2026-05-18T01:25:00+00:00'
[2026-05-18T01:30:03.896+0000] {taskinstance.py:430} INFO - ::endgroup::
[2026-05-18T01:30:03.945+0000] {subprocess.py:63} INFO - Tmp dir root location: /tmp
[2026-05-18T01:30:03.949+0000] {subprocess.py:75} INFO - Running command: ['/usr/bin/bash', '-c', '\n    spark-submit     --master spark://spark-master:7077     --executor-memory 512M     --executor-cores 1     --total-executor-cores 1     --jars /opt/airflow/jars/aws-java-sdk-bundle-1.12.262.jar,/opt/airflow/jars/hadoop-aws-3.3.4.jar,/opt/airflow/jars/postgresql-42.7.3.jar     /opt/spark_jobs/gold_processor.py\n    ']
[2026-05-18T01:30:03.977+0000] {subprocess.py:86} INFO - Output:
[2026-05-18T01:30:07.686+0000] {subprocess.py:93} INFO - 26/05/18 01:30:07 WARN NativeCodeLoader: Unable to load native-hadoop library for your platform... using builtin-java classes where applicable
[2026-05-18T01:30:09.782+0000] {subprocess.py:93} INFO - 26/05/18 01:30:09 INFO SparkContext: Running Spark version 3.5.1
[2026-05-18T01:30:09.784+0000] {subprocess.py:93} INFO - 26/05/18 01:30:09 INFO SparkContext: OS info Linux, 6.6.87.2-microsoft-standard-WSL2, amd64
[2026-05-18T01:30:09.786+0000] {subprocess.py:93} INFO - 26/05/18 01:30:09 INFO SparkContext: Java version 17.0.19
[2026-05-18T01:30:09.837+0000] {subprocess.py:93} INFO - 26/05/18 01:30:09 INFO ResourceUtils: ==============================================================
[2026-05-18T01:30:09.839+0000] {subprocess.py:93} INFO - 26/05/18 01:30:09 INFO ResourceUtils: No custom resources configured for spark.driver.
[2026-05-18T01:30:09.841+0000] {subprocess.py:93} INFO - 26/05/18 01:30:09 INFO ResourceUtils: ==============================================================
[2026-05-18T01:30:09.843+0000] {subprocess.py:93} INFO - 26/05/18 01:30:09 INFO SparkContext: Submitted application: GoldLayerProcessor
[2026-05-18T01:30:09.899+0000] {subprocess.py:93} INFO - 26/05/18 01:30:09 INFO ResourceProfile: Default ResourceProfile created, executor resources: Map(cores -> name: cores, amount: 1, script: , vendor: , memory -> name: memory, amount: 512, script: , vendor: , offHeap -> name: offHeap, amount: 0, script: , vendor: ), task resources: Map(cpus -> name: cpus, amount: 1.0)
[2026-05-18T01:30:09.927+0000] {subprocess.py:93} INFO - 26/05/18 01:30:09 INFO ResourceProfile: Limiting resource is cpus at 1 tasks per executor
[2026-05-18T01:30:09.937+0000] {subprocess.py:93} INFO - 26/05/18 01:30:09 INFO ResourceProfileManager: Added ResourceProfile id: 0
[2026-05-18T01:30:10.047+0000] {subprocess.py:93} INFO - 26/05/18 01:30:10 INFO SecurityManager: Changing view acls to: airflow
[2026-05-18T01:30:10.048+0000] {subprocess.py:93} INFO - 26/05/18 01:30:10 INFO SecurityManager: Changing modify acls to: airflow
[2026-05-18T01:30:10.050+0000] {subprocess.py:93} INFO - 26/05/18 01:30:10 INFO SecurityManager: Changing view acls groups to:
[2026-05-18T01:30:10.051+0000] {subprocess.py:93} INFO - 26/05/18 01:30:10 INFO SecurityManager: Changing modify acls groups to:
[2026-05-18T01:30:10.052+0000] {subprocess.py:93} INFO - 26/05/18 01:30:10 INFO SecurityManager: SecurityManager: authentication disabled; ui acls disabled; users with view permissions: airflow; groups with view permissions: EMPTY; users with modify permissions: airflow; groups with modify permissions: EMPTY
[2026-05-18T01:30:10.403+0000] {subprocess.py:93} INFO - 26/05/18 01:30:10 INFO Utils: Successfully started service 'sparkDriver' on port 36357.
[2026-05-18T01:30:10.465+0000] {subprocess.py:93} INFO - 26/05/18 01:30:10 INFO SparkEnv: Registering MapOutputTracker
[2026-05-18T01:30:10.524+0000] {subprocess.py:93} INFO - 26/05/18 01:30:10 INFO SparkEnv: Registering BlockManagerMaster
[2026-05-18T01:30:10.548+0000] {subprocess.py:93} INFO - 26/05/18 01:30:10 INFO BlockManagerMasterEndpoint: Using org.apache.spark.storage.DefaultTopologyMapper for getting topology information
[2026-05-18T01:30:10.550+0000] {subprocess.py:93} INFO - 26/05/18 01:30:10 INFO BlockManagerMasterEndpoint: BlockManagerMasterEndpoint up
[2026-05-18T01:30:10.556+0000] {subprocess.py:93} INFO - 26/05/18 01:30:10 INFO SparkEnv: Registering BlockManagerMasterHeartbeat
[2026-05-18T01:30:10.581+0000] {subprocess.py:93} INFO - 26/05/18 01:30:10 INFO DiskBlockManager: Created local directory at /tmp/blockmgr-2fde366c-33a8-4a33-b233-fb71d277021b
[2026-05-18T01:30:10.605+0000] {subprocess.py:93} INFO - 26/05/18 01:30:10 INFO MemoryStore: MemoryStore started with capacity 434.4 MiB
[2026-05-18T01:30:10.634+0000] {subprocess.py:93} INFO - 26/05/18 01:30:10 INFO SparkEnv: Registering OutputCommitCoordinator
[2026-05-18T01:30:10.894+0000] {subprocess.py:93} INFO - 26/05/18 01:30:10 INFO JettyUtils: Start Jetty 0.0.0.0:4040 for SparkUI
[2026-05-18T01:30:11.050+0000] {subprocess.py:93} INFO - 26/05/18 01:30:11 INFO Utils: Successfully started service 'SparkUI' on port 4040.
[2026-05-18T01:30:11.145+0000] {subprocess.py:93} INFO - 26/05/18 01:30:11 INFO SparkContext: Added JAR file:///opt/airflow/jars/aws-java-sdk-bundle-1.12.262.jar at spark://e8a9653e4a1b:36357/jars/aws-java-sdk-bundle-1.12.262.jar with timestamp 1779067809764
[2026-05-18T01:30:11.147+0000] {subprocess.py:93} INFO - 26/05/18 01:30:11 INFO SparkContext: Added JAR file:///opt/airflow/jars/hadoop-aws-3.3.4.jar at spark://e8a9653e4a1b:36357/jars/hadoop-aws-3.3.4.jar with timestamp 1779067809764
[2026-05-18T01:30:11.149+0000] {subprocess.py:93} INFO - 26/05/18 01:30:11 INFO SparkContext: Added JAR file:///opt/airflow/jars/postgresql-42.7.3.jar at spark://e8a9653e4a1b:36357/jars/postgresql-42.7.3.jar with timestamp 1779067809764
[2026-05-18T01:30:11.272+0000] {subprocess.py:93} INFO - 26/05/18 01:30:11 INFO StandaloneAppClient$ClientEndpoint: Connecting to master spark://spark-master:7077...
[2026-05-18T01:30:11.344+0000] {subprocess.py:93} INFO - 26/05/18 01:30:11 INFO TransportClientFactory: Successfully created connection to spark-master/172.18.0.6:7077 after 40 ms (0 ms spent in bootstraps)
[2026-05-18T01:30:11.467+0000] {subprocess.py:93} INFO - 26/05/18 01:30:11 INFO StandaloneSchedulerBackend: Connected to Spark cluster with app ID app-20260518013011-0223
[2026-05-18T01:30:11.472+0000] {subprocess.py:93} INFO - 26/05/18 01:30:11 INFO StandaloneAppClient$ClientEndpoint: Executor added: app-20260518013011-0223/0 on worker-20260514105200-172.18.0.13-40347 (172.18.0.13:40347) with 1 core(s)
[2026-05-18T01:30:11.475+0000] {subprocess.py:93} INFO - 26/05/18 01:30:11 INFO StandaloneSchedulerBackend: Granted executor ID app-20260518013011-0223/0 on hostPort 172.18.0.13:40347 with 1 core(s), 512.0 MiB RAM
[2026-05-18T01:30:11.480+0000] {subprocess.py:93} INFO - 26/05/18 01:30:11 INFO Utils: Successfully started service 'org.apache.spark.network.netty.NettyBlockTransferService' on port 38009.
[2026-05-18T01:30:11.482+0000] {subprocess.py:93} INFO - 26/05/18 01:30:11 INFO NettyBlockTransferService: Server created on e8a9653e4a1b:38009
[2026-05-18T01:30:11.483+0000] {subprocess.py:93} INFO - 26/05/18 01:30:11 INFO BlockManager: Using org.apache.spark.storage.RandomBlockReplicationPolicy for block replication policy
[2026-05-18T01:30:11.493+0000] {subprocess.py:93} INFO - 26/05/18 01:30:11 INFO BlockManagerMaster: Registering BlockManager BlockManagerId(driver, e8a9653e4a1b, 38009, None)
[2026-05-18T01:30:11.499+0000] {subprocess.py:93} INFO - 26/05/18 01:30:11 INFO BlockManagerMasterEndpoint: Registering block manager e8a9653e4a1b:38009 with 434.4 MiB RAM, BlockManagerId(driver, e8a9653e4a1b, 38009, None)
[2026-05-18T01:30:11.505+0000] {subprocess.py:93} INFO - 26/05/18 01:30:11 INFO BlockManagerMaster: Registered BlockManager BlockManagerId(driver, e8a9653e4a1b, 38009, None)
[2026-05-18T01:30:11.508+0000] {subprocess.py:93} INFO - 26/05/18 01:30:11 INFO BlockManager: Initialized BlockManager: BlockManagerId(driver, e8a9653e4a1b, 38009, None)
[2026-05-18T01:30:11.578+0000] {subprocess.py:93} INFO - 26/05/18 01:30:11 INFO StandaloneAppClient$ClientEndpoint: Executor updated: app-20260518013011-0223/0 is now RUNNING
[2026-05-18T01:30:11.942+0000] {subprocess.py:93} INFO - 26/05/18 01:30:11 INFO StandaloneSchedulerBackend: SchedulerBackend is ready for scheduling beginning after reached minRegisteredResourcesRatio: 0.0
[2026-05-18T01:30:14.036+0000] {subprocess.py:93} INFO - 26/05/18 01:30:14 WARN MetricsConfig: Cannot locate configuration: tried hadoop-metrics2-s3a-file-system.properties,hadoop-metrics2.properties
[2026-05-18T14:03:50.130+0000] {subprocess.py:93} INFO - Lecture SILVER terminée
[2026-05-18T14:04:03.261+0000] {subprocess.py:93} INFO - Table articles_par_jour créée
[2026-05-18T14:04:10.105+0000] {subprocess.py:93} INFO - Table articles_par_source créée
[2026-05-18T14:04:16.489+0000] {subprocess.py:93} INFO - Table top_categories créée
[2026-05-18T14:04:22.248+0000] {subprocess.py:93} INFO - Table articles_par_source_jour créée
[2026-05-18T14:04:22.248+0000] {subprocess.py:93} INFO - 
[2026-05-18T14:04:22.249+0000] {subprocess.py:93} INFO - ==============================
[2026-05-18T14:04:22.250+0000] {subprocess.py:93} INFO - GOLD LAYER TERMINÉ
[2026-05-18T14:04:22.250+0000] {subprocess.py:93} INFO - ==============================
[2026-05-18T14:04:22.548+0000] {subprocess.py:97} INFO - Command exited with return code 0
[2026-05-18T14:04:22.549+0000] {taskinstance.py:441} INFO - ::group::Post task execution logs
[2026-05-18T14:04:22.736+0000] {taskinstance.py:1206} INFO - Marking task as SUCCESS. dag_id=medallion_gold_layer, task_id=gold_processing, run_id=scheduled__2026-05-18T01:25:00+00:00, execution_date=20260518T012500, start_date=20260518T013002, end_date=20260518T140422
[2026-05-18T14:04:22.786+0000] {local_task_job_runner.py:240} INFO - Task exited with return code 0
[2026-05-18T14:04:22.815+0000] {taskinstance.py:3498} INFO - 0 downstream tasks scheduled from follow-on schedule check
[2026-05-18T14:04:22.817+0000] {local_task_job_runner.py:222} INFO - ::endgroup::
