[2026-05-16T00:55:01.430+0000] {local_task_job_runner.py:120} INFO - ::group::Pre task execution logs
[2026-05-16T00:55:01.510+0000] {taskinstance.py:2076} INFO - Dependencies all met for dep_context=non-requeueable deps ti=<TaskInstance: medallion_gold_layer.gold_processing scheduled__2026-05-16T00:50:00+00:00 [queued]>
[2026-05-16T00:55:01.525+0000] {taskinstance.py:2076} INFO - Dependencies all met for dep_context=requeueable deps ti=<TaskInstance: medallion_gold_layer.gold_processing scheduled__2026-05-16T00:50:00+00:00 [queued]>
[2026-05-16T00:55:01.543+0000] {taskinstance.py:2306} INFO - Starting attempt 1 of 2
[2026-05-16T00:55:01.564+0000] {taskinstance.py:2330} INFO - Executing <Task(BashOperator): gold_processing> on 2026-05-16 00:50:00+00:00
[2026-05-16T00:55:01.579+0000] {standard_task_runner.py:63} INFO - Started process 37847 to run task
[2026-05-16T00:55:01.591+0000] {standard_task_runner.py:90} INFO - Running: ['airflow', 'tasks', 'run', 'medallion_gold_layer', 'gold_processing', 'scheduled__2026-05-16T00:50:00+00:00', '--job-id', '101', '--raw', '--subdir', 'DAGS_FOLDER/gold_layer_dag.py', '--cfg-path', '/tmp/tmpmm1kf0gk']
[2026-05-16T00:55:01.598+0000] {standard_task_runner.py:91} INFO - Job 101: Subtask gold_processing
[2026-05-16T00:55:01.866+0000] {task_command.py:426} INFO - Running <TaskInstance: medallion_gold_layer.gold_processing scheduled__2026-05-16T00:50:00+00:00 [running]> on host e8a9653e4a1b
[2026-05-16T00:55:02.460+0000] {taskinstance.py:2648} INFO - Exporting env vars: AIRFLOW_CTX_DAG_OWNER='anass' AIRFLOW_CTX_DAG_ID='medallion_gold_layer' AIRFLOW_CTX_TASK_ID='gold_processing' AIRFLOW_CTX_EXECUTION_DATE='2026-05-16T00:50:00+00:00' AIRFLOW_CTX_TRY_NUMBER='1' AIRFLOW_CTX_DAG_RUN_ID='scheduled__2026-05-16T00:50:00+00:00'
[2026-05-16T00:55:02.461+0000] {taskinstance.py:430} INFO - ::endgroup::
[2026-05-16T00:55:02.482+0000] {subprocess.py:63} INFO - Tmp dir root location: /tmp
[2026-05-16T00:55:02.485+0000] {subprocess.py:75} INFO - Running command: ['/usr/bin/bash', '-c', '\n    spark-submit     --master spark://spark-master:7077     --executor-memory 512M     --executor-cores 1     --total-executor-cores 1     --jars /opt/airflow/jars/aws-java-sdk-bundle-1.12.262.jar,/opt/airflow/jars/hadoop-aws-3.3.4.jar,/opt/airflow/jars/postgresql-42.7.3.jar     /opt/spark_jobs/gold_processor.py\n    ']
[2026-05-16T00:55:02.501+0000] {subprocess.py:86} INFO - Output:
[2026-05-16T00:55:04.729+0000] {subprocess.py:93} INFO - 26/05/16 00:55:04 WARN NativeCodeLoader: Unable to load native-hadoop library for your platform... using builtin-java classes where applicable
[2026-05-16T00:55:06.296+0000] {subprocess.py:93} INFO - 26/05/16 00:55:06 INFO SparkContext: Running Spark version 3.5.1
[2026-05-16T00:55:06.297+0000] {subprocess.py:93} INFO - 26/05/16 00:55:06 INFO SparkContext: OS info Linux, 6.6.87.2-microsoft-standard-WSL2, amd64
[2026-05-16T00:55:06.299+0000] {subprocess.py:93} INFO - 26/05/16 00:55:06 INFO SparkContext: Java version 17.0.19
[2026-05-16T00:55:06.350+0000] {subprocess.py:93} INFO - 26/05/16 00:55:06 INFO ResourceUtils: ==============================================================
[2026-05-16T00:55:06.352+0000] {subprocess.py:93} INFO - 26/05/16 00:55:06 INFO ResourceUtils: No custom resources configured for spark.driver.
[2026-05-16T00:55:06.353+0000] {subprocess.py:93} INFO - 26/05/16 00:55:06 INFO ResourceUtils: ==============================================================
[2026-05-16T00:55:06.353+0000] {subprocess.py:93} INFO - 26/05/16 00:55:06 INFO SparkContext: Submitted application: GoldLayerProcessor
[2026-05-16T00:55:06.376+0000] {subprocess.py:93} INFO - 26/05/16 00:55:06 INFO ResourceProfile: Default ResourceProfile created, executor resources: Map(cores -> name: cores, amount: 1, script: , vendor: , memory -> name: memory, amount: 512, script: , vendor: , offHeap -> name: offHeap, amount: 0, script: , vendor: ), task resources: Map(cpus -> name: cpus, amount: 1.0)
[2026-05-16T00:55:06.385+0000] {subprocess.py:93} INFO - 26/05/16 00:55:06 INFO ResourceProfile: Limiting resource is cpus at 1 tasks per executor
[2026-05-16T00:55:06.388+0000] {subprocess.py:93} INFO - 26/05/16 00:55:06 INFO ResourceProfileManager: Added ResourceProfile id: 0
[2026-05-16T00:55:06.452+0000] {subprocess.py:93} INFO - 26/05/16 00:55:06 INFO SecurityManager: Changing view acls to: airflow
[2026-05-16T00:55:06.453+0000] {subprocess.py:93} INFO - 26/05/16 00:55:06 INFO SecurityManager: Changing modify acls to: airflow
[2026-05-16T00:55:06.454+0000] {subprocess.py:93} INFO - 26/05/16 00:55:06 INFO SecurityManager: Changing view acls groups to:
[2026-05-16T00:55:06.455+0000] {subprocess.py:93} INFO - 26/05/16 00:55:06 INFO SecurityManager: Changing modify acls groups to:
[2026-05-16T00:55:06.456+0000] {subprocess.py:93} INFO - 26/05/16 00:55:06 INFO SecurityManager: SecurityManager: authentication disabled; ui acls disabled; users with view permissions: airflow; groups with view permissions: EMPTY; users with modify permissions: airflow; groups with modify permissions: EMPTY
[2026-05-16T00:55:06.737+0000] {subprocess.py:93} INFO - 26/05/16 00:55:06 INFO Utils: Successfully started service 'sparkDriver' on port 38471.
[2026-05-16T00:55:06.770+0000] {subprocess.py:93} INFO - 26/05/16 00:55:06 INFO SparkEnv: Registering MapOutputTracker
[2026-05-16T00:55:06.808+0000] {subprocess.py:93} INFO - 26/05/16 00:55:06 INFO SparkEnv: Registering BlockManagerMaster
[2026-05-16T00:55:06.834+0000] {subprocess.py:93} INFO - 26/05/16 00:55:06 INFO BlockManagerMasterEndpoint: Using org.apache.spark.storage.DefaultTopologyMapper for getting topology information
[2026-05-16T00:55:06.835+0000] {subprocess.py:93} INFO - 26/05/16 00:55:06 INFO BlockManagerMasterEndpoint: BlockManagerMasterEndpoint up
[2026-05-16T00:55:06.842+0000] {subprocess.py:93} INFO - 26/05/16 00:55:06 INFO SparkEnv: Registering BlockManagerMasterHeartbeat
[2026-05-16T00:55:06.864+0000] {subprocess.py:93} INFO - 26/05/16 00:55:06 INFO DiskBlockManager: Created local directory at /tmp/blockmgr-49d11cbb-6cb9-4f8f-95b6-914e5390ad3b
[2026-05-16T00:55:06.882+0000] {subprocess.py:93} INFO - 26/05/16 00:55:06 INFO MemoryStore: MemoryStore started with capacity 434.4 MiB
[2026-05-16T00:55:06.907+0000] {subprocess.py:93} INFO - 26/05/16 00:55:06 INFO SparkEnv: Registering OutputCommitCoordinator
[2026-05-16T00:55:07.070+0000] {subprocess.py:93} INFO - 26/05/16 00:55:07 INFO JettyUtils: Start Jetty 0.0.0.0:4040 for SparkUI
[2026-05-16T00:55:07.163+0000] {subprocess.py:93} INFO - 26/05/16 00:55:07 INFO Utils: Successfully started service 'SparkUI' on port 4040.
[2026-05-16T00:55:07.210+0000] {subprocess.py:93} INFO - 26/05/16 00:55:07 INFO SparkContext: Added JAR file:///opt/airflow/jars/aws-java-sdk-bundle-1.12.262.jar at spark://e8a9653e4a1b:38471/jars/aws-java-sdk-bundle-1.12.262.jar with timestamp 1778892906284
[2026-05-16T00:55:07.211+0000] {subprocess.py:93} INFO - 26/05/16 00:55:07 INFO SparkContext: Added JAR file:///opt/airflow/jars/hadoop-aws-3.3.4.jar at spark://e8a9653e4a1b:38471/jars/hadoop-aws-3.3.4.jar with timestamp 1778892906284
[2026-05-16T00:55:07.212+0000] {subprocess.py:93} INFO - 26/05/16 00:55:07 INFO SparkContext: Added JAR file:///opt/airflow/jars/postgresql-42.7.3.jar at spark://e8a9653e4a1b:38471/jars/postgresql-42.7.3.jar with timestamp 1778892906284
[2026-05-16T00:55:07.314+0000] {subprocess.py:93} INFO - 26/05/16 00:55:07 INFO StandaloneAppClient$ClientEndpoint: Connecting to master spark://spark-master:7077...
[2026-05-16T00:55:07.372+0000] {subprocess.py:93} INFO - 26/05/16 00:55:07 INFO TransportClientFactory: Successfully created connection to spark-master/172.18.0.6:7077 after 33 ms (0 ms spent in bootstraps)
[2026-05-16T00:55:07.470+0000] {subprocess.py:93} INFO - 26/05/16 00:55:07 INFO StandaloneSchedulerBackend: Connected to Spark cluster with app ID app-20260516005507-0100
[2026-05-16T00:55:07.474+0000] {subprocess.py:93} INFO - 26/05/16 00:55:07 INFO StandaloneAppClient$ClientEndpoint: Executor added: app-20260516005507-0100/0 on worker-20260514105200-172.18.0.13-40347 (172.18.0.13:40347) with 1 core(s)
[2026-05-16T00:55:07.478+0000] {subprocess.py:93} INFO - 26/05/16 00:55:07 INFO StandaloneSchedulerBackend: Granted executor ID app-20260516005507-0100/0 on hostPort 172.18.0.13:40347 with 1 core(s), 512.0 MiB RAM
[2026-05-16T00:55:07.486+0000] {subprocess.py:93} INFO - 26/05/16 00:55:07 INFO Utils: Successfully started service 'org.apache.spark.network.netty.NettyBlockTransferService' on port 36767.
[2026-05-16T00:55:07.487+0000] {subprocess.py:93} INFO - 26/05/16 00:55:07 INFO NettyBlockTransferService: Server created on e8a9653e4a1b:36767
[2026-05-16T00:55:07.488+0000] {subprocess.py:93} INFO - 26/05/16 00:55:07 INFO BlockManager: Using org.apache.spark.storage.RandomBlockReplicationPolicy for block replication policy
[2026-05-16T00:55:07.501+0000] {subprocess.py:93} INFO - 26/05/16 00:55:07 INFO BlockManagerMaster: Registering BlockManager BlockManagerId(driver, e8a9653e4a1b, 36767, None)
[2026-05-16T00:55:07.515+0000] {subprocess.py:93} INFO - 26/05/16 00:55:07 INFO BlockManagerMasterEndpoint: Registering block manager e8a9653e4a1b:36767 with 434.4 MiB RAM, BlockManagerId(driver, e8a9653e4a1b, 36767, None)
[2026-05-16T00:55:07.516+0000] {subprocess.py:93} INFO - 26/05/16 00:55:07 INFO BlockManagerMaster: Registered BlockManager BlockManagerId(driver, e8a9653e4a1b, 36767, None)
[2026-05-16T00:55:07.517+0000] {subprocess.py:93} INFO - 26/05/16 00:55:07 INFO BlockManager: Initialized BlockManager: BlockManagerId(driver, e8a9653e4a1b, 36767, None)
[2026-05-16T00:55:07.540+0000] {subprocess.py:93} INFO - 26/05/16 00:55:07 INFO StandaloneAppClient$ClientEndpoint: Executor updated: app-20260516005507-0100/0 is now RUNNING
[2026-05-16T00:55:07.841+0000] {subprocess.py:93} INFO - 26/05/16 00:55:07 INFO StandaloneSchedulerBackend: SchedulerBackend is ready for scheduling beginning after reached minRegisteredResourcesRatio: 0.0
[2026-05-16T00:55:09.539+0000] {subprocess.py:93} INFO - 26/05/16 00:55:09 WARN MetricsConfig: Cannot locate configuration: tried hadoop-metrics2-s3a-file-system.properties,hadoop-metrics2.properties
[2026-05-16T00:55:15.701+0000] {subprocess.py:93} INFO - Lecture SILVER terminée
[2026-05-16T00:55:28.025+0000] {subprocess.py:93} INFO - Table articles_par_jour créée
[2026-05-16T00:55:38.523+0000] {subprocess.py:93} INFO - Table articles_par_source créée
[2026-05-16T00:55:52.075+0000] {subprocess.py:93} INFO - Table top_categories créée
[2026-05-16T00:56:03.265+0000] {subprocess.py:93} INFO - Table articles_par_source_jour créée
[2026-05-16T00:56:03.268+0000] {subprocess.py:93} INFO - 
[2026-05-16T00:56:03.270+0000] {subprocess.py:93} INFO - ==============================
[2026-05-16T00:56:03.271+0000] {subprocess.py:93} INFO - GOLD LAYER TERMINÉ
[2026-05-16T00:56:03.273+0000] {subprocess.py:93} INFO - ==============================
[2026-05-16T00:56:03.741+0000] {subprocess.py:97} INFO - Command exited with return code 0
[2026-05-16T00:56:03.744+0000] {taskinstance.py:441} INFO - ::group::Post task execution logs
[2026-05-16T00:56:04.452+0000] {taskinstance.py:1206} INFO - Marking task as SUCCESS. dag_id=medallion_gold_layer, task_id=gold_processing, run_id=scheduled__2026-05-16T00:50:00+00:00, execution_date=20260516T005000, start_date=20260516T005501, end_date=20260516T005604
[2026-05-16T00:56:04.785+0000] {local_task_job_runner.py:240} INFO - Task exited with return code 0
[2026-05-16T00:56:04.870+0000] {taskinstance.py:3498} INFO - 0 downstream tasks scheduled from follow-on schedule check
[2026-05-16T00:56:04.885+0000] {local_task_job_runner.py:222} INFO - ::endgroup::
