[2026-05-19T12:20:01.676+0000] {local_task_job_runner.py:120} INFO - ::group::Pre task execution logs
[2026-05-19T12:20:01.799+0000] {taskinstance.py:2076} INFO - Dependencies all met for dep_context=non-requeueable deps ti=<TaskInstance: medallion_gold_layer.gold_processing scheduled__2026-05-19T12:15:00+00:00 [queued]>
[2026-05-19T12:20:01.824+0000] {taskinstance.py:2076} INFO - Dependencies all met for dep_context=requeueable deps ti=<TaskInstance: medallion_gold_layer.gold_processing scheduled__2026-05-19T12:15:00+00:00 [queued]>
[2026-05-19T12:20:01.826+0000] {taskinstance.py:2306} INFO - Starting attempt 1 of 2
[2026-05-19T12:20:01.871+0000] {taskinstance.py:2330} INFO - Executing <Task(BashOperator): gold_processing> on 2026-05-19 12:15:00+00:00
[2026-05-19T12:20:01.890+0000] {standard_task_runner.py:63} INFO - Started process 10210 to run task
[2026-05-19T12:20:01.905+0000] {standard_task_runner.py:90} INFO - Running: ['airflow', 'tasks', 'run', 'medallion_gold_layer', 'gold_processing', 'scheduled__2026-05-19T12:15:00+00:00', '--job-id', '309', '--raw', '--subdir', 'DAGS_FOLDER/gold_layer_dag.py', '--cfg-path', '/tmp/tmpyr70351t']
[2026-05-19T12:20:01.916+0000] {standard_task_runner.py:91} INFO - Job 309: Subtask gold_processing
[2026-05-19T12:20:02.393+0000] {task_command.py:426} INFO - Running <TaskInstance: medallion_gold_layer.gold_processing scheduled__2026-05-19T12:15:00+00:00 [running]> on host c43074c3fd7c
[2026-05-19T12:20:03.208+0000] {taskinstance.py:2648} INFO - Exporting env vars: AIRFLOW_CTX_DAG_OWNER='ikram' AIRFLOW_CTX_DAG_ID='medallion_gold_layer' AIRFLOW_CTX_TASK_ID='gold_processing' AIRFLOW_CTX_EXECUTION_DATE='2026-05-19T12:15:00+00:00' AIRFLOW_CTX_TRY_NUMBER='1' AIRFLOW_CTX_DAG_RUN_ID='scheduled__2026-05-19T12:15:00+00:00'
[2026-05-19T12:20:03.211+0000] {taskinstance.py:430} INFO - ::endgroup::
[2026-05-19T12:20:03.263+0000] {subprocess.py:63} INFO - Tmp dir root location: /tmp
[2026-05-19T12:20:03.266+0000] {subprocess.py:75} INFO - Running command: ['/usr/bin/bash', '-c', '\n    spark-submit     --master spark://spark-master:7077     --executor-memory 512M     --executor-cores 1     --total-executor-cores 1     --jars /opt/airflow/jars/aws-java-sdk-bundle-1.12.262.jar,/opt/airflow/jars/hadoop-aws-3.3.4.jar,/opt/airflow/jars/postgresql-42.7.3.jar     /opt/spark_jobs/gold_processor.py\n    ']
[2026-05-19T12:20:03.300+0000] {subprocess.py:86} INFO - Output:
[2026-05-19T12:20:07.203+0000] {subprocess.py:93} INFO - 26/05/19 12:20:07 WARN NativeCodeLoader: Unable to load native-hadoop library for your platform... using builtin-java classes where applicable
[2026-05-19T12:20:09.117+0000] {subprocess.py:93} INFO - 26/05/19 12:20:09 INFO SparkContext: Running Spark version 3.5.1
[2026-05-19T12:20:09.118+0000] {subprocess.py:93} INFO - 26/05/19 12:20:09 INFO SparkContext: OS info Linux, 6.6.87.2-microsoft-standard-WSL2, amd64
[2026-05-19T12:20:09.120+0000] {subprocess.py:93} INFO - 26/05/19 12:20:09 INFO SparkContext: Java version 17.0.19
[2026-05-19T12:20:09.159+0000] {subprocess.py:93} INFO - 26/05/19 12:20:09 INFO ResourceUtils: ==============================================================
[2026-05-19T12:20:09.161+0000] {subprocess.py:93} INFO - 26/05/19 12:20:09 INFO ResourceUtils: No custom resources configured for spark.driver.
[2026-05-19T12:20:09.162+0000] {subprocess.py:93} INFO - 26/05/19 12:20:09 INFO ResourceUtils: ==============================================================
[2026-05-19T12:20:09.163+0000] {subprocess.py:93} INFO - 26/05/19 12:20:09 INFO SparkContext: Submitted application: GoldLayerProcessor
[2026-05-19T12:20:09.195+0000] {subprocess.py:93} INFO - 26/05/19 12:20:09 INFO ResourceProfile: Default ResourceProfile created, executor resources: Map(cores -> name: cores, amount: 1, script: , vendor: , memory -> name: memory, amount: 512, script: , vendor: , offHeap -> name: offHeap, amount: 0, script: , vendor: ), task resources: Map(cpus -> name: cpus, amount: 1.0)
[2026-05-19T12:20:09.209+0000] {subprocess.py:93} INFO - 26/05/19 12:20:09 INFO ResourceProfile: Limiting resource is cpus at 1 tasks per executor
[2026-05-19T12:20:09.212+0000] {subprocess.py:93} INFO - 26/05/19 12:20:09 INFO ResourceProfileManager: Added ResourceProfile id: 0
[2026-05-19T12:20:09.300+0000] {subprocess.py:93} INFO - 26/05/19 12:20:09 INFO SecurityManager: Changing view acls to: airflow
[2026-05-19T12:20:09.301+0000] {subprocess.py:93} INFO - 26/05/19 12:20:09 INFO SecurityManager: Changing modify acls to: airflow
[2026-05-19T12:20:09.302+0000] {subprocess.py:93} INFO - 26/05/19 12:20:09 INFO SecurityManager: Changing view acls groups to:
[2026-05-19T12:20:09.303+0000] {subprocess.py:93} INFO - 26/05/19 12:20:09 INFO SecurityManager: Changing modify acls groups to:
[2026-05-19T12:20:09.304+0000] {subprocess.py:93} INFO - 26/05/19 12:20:09 INFO SecurityManager: SecurityManager: authentication disabled; ui acls disabled; users with view permissions: airflow; groups with view permissions: EMPTY; users with modify permissions: airflow; groups with modify permissions: EMPTY
[2026-05-19T12:20:09.592+0000] {subprocess.py:93} INFO - 26/05/19 12:20:09 INFO Utils: Successfully started service 'sparkDriver' on port 42135.
[2026-05-19T12:20:09.630+0000] {subprocess.py:93} INFO - 26/05/19 12:20:09 INFO SparkEnv: Registering MapOutputTracker
[2026-05-19T12:20:09.683+0000] {subprocess.py:93} INFO - 26/05/19 12:20:09 INFO SparkEnv: Registering BlockManagerMaster
[2026-05-19T12:20:09.708+0000] {subprocess.py:93} INFO - 26/05/19 12:20:09 INFO BlockManagerMasterEndpoint: Using org.apache.spark.storage.DefaultTopologyMapper for getting topology information
[2026-05-19T12:20:09.709+0000] {subprocess.py:93} INFO - 26/05/19 12:20:09 INFO BlockManagerMasterEndpoint: BlockManagerMasterEndpoint up
[2026-05-19T12:20:09.716+0000] {subprocess.py:93} INFO - 26/05/19 12:20:09 INFO SparkEnv: Registering BlockManagerMasterHeartbeat
[2026-05-19T12:20:09.742+0000] {subprocess.py:93} INFO - 26/05/19 12:20:09 INFO DiskBlockManager: Created local directory at /tmp/blockmgr-717c825b-c28f-48b1-90c0-e8702df4e6b7
[2026-05-19T12:20:09.762+0000] {subprocess.py:93} INFO - 26/05/19 12:20:09 INFO MemoryStore: MemoryStore started with capacity 434.4 MiB
[2026-05-19T12:20:09.787+0000] {subprocess.py:93} INFO - 26/05/19 12:20:09 INFO SparkEnv: Registering OutputCommitCoordinator
[2026-05-19T12:20:09.957+0000] {subprocess.py:93} INFO - 26/05/19 12:20:09 INFO JettyUtils: Start Jetty 0.0.0.0:4040 for SparkUI
[2026-05-19T12:20:10.076+0000] {subprocess.py:93} INFO - 26/05/19 12:20:10 INFO Utils: Successfully started service 'SparkUI' on port 4040.
[2026-05-19T12:20:10.125+0000] {subprocess.py:93} INFO - 26/05/19 12:20:10 INFO SparkContext: Added JAR file:///opt/airflow/jars/aws-java-sdk-bundle-1.12.262.jar at spark://c43074c3fd7c:42135/jars/aws-java-sdk-bundle-1.12.262.jar with timestamp 1779193209107
[2026-05-19T12:20:10.126+0000] {subprocess.py:93} INFO - 26/05/19 12:20:10 INFO SparkContext: Added JAR file:///opt/airflow/jars/hadoop-aws-3.3.4.jar at spark://c43074c3fd7c:42135/jars/hadoop-aws-3.3.4.jar with timestamp 1779193209107
[2026-05-19T12:20:10.127+0000] {subprocess.py:93} INFO - 26/05/19 12:20:10 INFO SparkContext: Added JAR file:///opt/airflow/jars/postgresql-42.7.3.jar at spark://c43074c3fd7c:42135/jars/postgresql-42.7.3.jar with timestamp 1779193209107
[2026-05-19T12:20:10.268+0000] {subprocess.py:93} INFO - 26/05/19 12:20:10 INFO StandaloneAppClient$ClientEndpoint: Connecting to master spark://spark-master:7077...
[2026-05-19T12:20:10.339+0000] {subprocess.py:93} INFO - 26/05/19 12:20:10 INFO TransportClientFactory: Successfully created connection to spark-master/172.18.0.4:7077 after 44 ms (0 ms spent in bootstraps)
[2026-05-19T12:20:10.459+0000] {subprocess.py:93} INFO - 26/05/19 12:20:10 INFO StandaloneSchedulerBackend: Connected to Spark cluster with app ID app-20260519122010-0036
[2026-05-19T12:20:10.469+0000] {subprocess.py:93} INFO - 26/05/19 12:20:10 INFO StandaloneAppClient$ClientEndpoint: Executor added: app-20260519122010-0036/0 on worker-20260518211503-172.18.0.3-40747 (172.18.0.3:40747) with 1 core(s)
[2026-05-19T12:20:10.479+0000] {subprocess.py:93} INFO - 26/05/19 12:20:10 INFO StandaloneSchedulerBackend: Granted executor ID app-20260519122010-0036/0 on hostPort 172.18.0.3:40747 with 1 core(s), 512.0 MiB RAM
[2026-05-19T12:20:10.490+0000] {subprocess.py:93} INFO - 26/05/19 12:20:10 INFO Utils: Successfully started service 'org.apache.spark.network.netty.NettyBlockTransferService' on port 43491.
[2026-05-19T12:20:10.491+0000] {subprocess.py:93} INFO - 26/05/19 12:20:10 INFO NettyBlockTransferService: Server created on c43074c3fd7c:43491
[2026-05-19T12:20:10.494+0000] {subprocess.py:93} INFO - 26/05/19 12:20:10 INFO BlockManager: Using org.apache.spark.storage.RandomBlockReplicationPolicy for block replication policy
[2026-05-19T12:20:10.512+0000] {subprocess.py:93} INFO - 26/05/19 12:20:10 INFO BlockManagerMaster: Registering BlockManager BlockManagerId(driver, c43074c3fd7c, 43491, None)
[2026-05-19T12:20:10.520+0000] {subprocess.py:93} INFO - 26/05/19 12:20:10 INFO BlockManagerMasterEndpoint: Registering block manager c43074c3fd7c:43491 with 434.4 MiB RAM, BlockManagerId(driver, c43074c3fd7c, 43491, None)
[2026-05-19T12:20:10.525+0000] {subprocess.py:93} INFO - 26/05/19 12:20:10 INFO BlockManagerMaster: Registered BlockManager BlockManagerId(driver, c43074c3fd7c, 43491, None)
[2026-05-19T12:20:10.530+0000] {subprocess.py:93} INFO - 26/05/19 12:20:10 INFO BlockManager: Initialized BlockManager: BlockManagerId(driver, c43074c3fd7c, 43491, None)
[2026-05-19T12:20:10.551+0000] {subprocess.py:93} INFO - 26/05/19 12:20:10 INFO StandaloneAppClient$ClientEndpoint: Executor updated: app-20260519122010-0036/0 is now RUNNING
[2026-05-19T12:20:10.961+0000] {subprocess.py:93} INFO - 26/05/19 12:20:10 INFO StandaloneSchedulerBackend: SchedulerBackend is ready for scheduling beginning after reached minRegisteredResourcesRatio: 0.0
[2026-05-19T12:20:12.898+0000] {subprocess.py:93} INFO - 26/05/19 12:20:12 WARN MetricsConfig: Cannot locate configuration: tried hadoop-metrics2-s3a-file-system.properties,hadoop-metrics2.properties
[2026-05-19T12:20:23.085+0000] {subprocess.py:93} INFO - Lecture SILVER terminée
[2026-05-19T12:21:04.044+0000] {subprocess.py:93} INFO - Table articles_par_jour créée
[2026-05-19T12:21:39.059+0000] {subprocess.py:93} INFO - Table articles_par_source créée
[2026-05-19T12:22:10.599+0000] {subprocess.py:93} INFO - Table top_categories créée
[2026-05-19T12:22:42.469+0000] {subprocess.py:93} INFO - Table articles_par_source_jour créée
[2026-05-19T12:22:42.471+0000] {subprocess.py:93} INFO - 
[2026-05-19T12:22:42.474+0000] {subprocess.py:93} INFO - ==============================
[2026-05-19T12:22:42.475+0000] {subprocess.py:93} INFO - GOLD LAYER TERMINÉ
[2026-05-19T12:22:42.477+0000] {subprocess.py:93} INFO - ==============================
[2026-05-19T12:22:43.431+0000] {subprocess.py:97} INFO - Command exited with return code 0
[2026-05-19T12:22:43.434+0000] {taskinstance.py:441} INFO - ::group::Post task execution logs
[2026-05-19T12:22:43.971+0000] {taskinstance.py:1206} INFO - Marking task as SUCCESS. dag_id=medallion_gold_layer, task_id=gold_processing, run_id=scheduled__2026-05-19T12:15:00+00:00, execution_date=20260519T121500, start_date=20260519T122001, end_date=20260519T122243
[2026-05-19T12:22:44.085+0000] {local_task_job_runner.py:240} INFO - Task exited with return code 0
[2026-05-19T12:22:44.180+0000] {taskinstance.py:3498} INFO - 0 downstream tasks scheduled from follow-on schedule check
[2026-05-19T12:22:44.205+0000] {local_task_job_runner.py:222} INFO - ::endgroup::
