[2026-05-19T12:33:04.680+0000] {local_task_job_runner.py:120} INFO - ::group::Pre task execution logs
[2026-05-19T12:33:04.774+0000] {taskinstance.py:2076} INFO - Dependencies all met for dep_context=non-requeueable deps ti=<TaskInstance: medallion_gold_layer.gold_processing scheduled__2026-05-19T12:25:00+00:00 [queued]>
[2026-05-19T12:33:04.787+0000] {taskinstance.py:2076} INFO - Dependencies all met for dep_context=requeueable deps ti=<TaskInstance: medallion_gold_layer.gold_processing scheduled__2026-05-19T12:25:00+00:00 [queued]>
[2026-05-19T12:33:04.788+0000] {taskinstance.py:2306} INFO - Starting attempt 1 of 2
[2026-05-19T12:33:04.807+0000] {taskinstance.py:2330} INFO - Executing <Task(BashOperator): gold_processing> on 2026-05-19 12:25:00+00:00
[2026-05-19T12:33:04.812+0000] {standard_task_runner.py:63} INFO - Started process 10849 to run task
[2026-05-19T12:33:04.816+0000] {standard_task_runner.py:90} INFO - Running: ['airflow', 'tasks', 'run', 'medallion_gold_layer', 'gold_processing', 'scheduled__2026-05-19T12:25:00+00:00', '--job-id', '311', '--raw', '--subdir', 'DAGS_FOLDER/gold_layer_dag.py', '--cfg-path', '/tmp/tmpbbesj0ut']
[2026-05-19T12:33:04.819+0000] {standard_task_runner.py:91} INFO - Job 311: Subtask gold_processing
[2026-05-19T12:33:05.024+0000] {task_command.py:426} INFO - Running <TaskInstance: medallion_gold_layer.gold_processing scheduled__2026-05-19T12:25:00+00:00 [running]> on host c43074c3fd7c
[2026-05-19T12:33:05.338+0000] {taskinstance.py:2648} INFO - Exporting env vars: AIRFLOW_CTX_DAG_OWNER='ikram' AIRFLOW_CTX_DAG_ID='medallion_gold_layer' AIRFLOW_CTX_TASK_ID='gold_processing' AIRFLOW_CTX_EXECUTION_DATE='2026-05-19T12:25:00+00:00' AIRFLOW_CTX_TRY_NUMBER='1' AIRFLOW_CTX_DAG_RUN_ID='scheduled__2026-05-19T12:25:00+00:00'
[2026-05-19T12:33:05.339+0000] {taskinstance.py:430} INFO - ::endgroup::
[2026-05-19T12:33:05.354+0000] {subprocess.py:63} INFO - Tmp dir root location: /tmp
[2026-05-19T12:33:05.356+0000] {subprocess.py:75} INFO - Running command: ['/usr/bin/bash', '-c', '\n    spark-submit     --master spark://spark-master:7077     --executor-memory 512M     --executor-cores 1     --total-executor-cores 1     --jars /opt/airflow/jars/aws-java-sdk-bundle-1.12.262.jar,/opt/airflow/jars/hadoop-aws-3.3.4.jar,/opt/airflow/jars/postgresql-42.7.3.jar     /opt/spark_jobs/gold_processor.py\n    ']
[2026-05-19T12:33:05.370+0000] {subprocess.py:86} INFO - Output:
[2026-05-19T12:33:07.256+0000] {subprocess.py:93} INFO - 26/05/19 12:33:07 WARN NativeCodeLoader: Unable to load native-hadoop library for your platform... using builtin-java classes where applicable
[2026-05-19T12:33:08.520+0000] {subprocess.py:93} INFO - 26/05/19 12:33:08 INFO SparkContext: Running Spark version 3.5.1
[2026-05-19T12:33:08.521+0000] {subprocess.py:93} INFO - 26/05/19 12:33:08 INFO SparkContext: OS info Linux, 6.6.87.2-microsoft-standard-WSL2, amd64
[2026-05-19T12:33:08.522+0000] {subprocess.py:93} INFO - 26/05/19 12:33:08 INFO SparkContext: Java version 17.0.19
[2026-05-19T12:33:08.546+0000] {subprocess.py:93} INFO - 26/05/19 12:33:08 INFO ResourceUtils: ==============================================================
[2026-05-19T12:33:08.560+0000] {subprocess.py:93} INFO - 26/05/19 12:33:08 INFO ResourceUtils: No custom resources configured for spark.driver.
[2026-05-19T12:33:08.561+0000] {subprocess.py:93} INFO - 26/05/19 12:33:08 INFO ResourceUtils: ==============================================================
[2026-05-19T12:33:08.562+0000] {subprocess.py:93} INFO - 26/05/19 12:33:08 INFO SparkContext: Submitted application: GoldLayerProcessor
[2026-05-19T12:33:08.564+0000] {subprocess.py:93} INFO - 26/05/19 12:33:08 INFO ResourceProfile: Default ResourceProfile created, executor resources: Map(cores -> name: cores, amount: 1, script: , vendor: , memory -> name: memory, amount: 512, script: , vendor: , offHeap -> name: offHeap, amount: 0, script: , vendor: ), task resources: Map(cpus -> name: cpus, amount: 1.0)
[2026-05-19T12:33:08.572+0000] {subprocess.py:93} INFO - 26/05/19 12:33:08 INFO ResourceProfile: Limiting resource is cpus at 1 tasks per executor
[2026-05-19T12:33:08.574+0000] {subprocess.py:93} INFO - 26/05/19 12:33:08 INFO ResourceProfileManager: Added ResourceProfile id: 0
[2026-05-19T12:33:08.615+0000] {subprocess.py:93} INFO - 26/05/19 12:33:08 INFO SecurityManager: Changing view acls to: airflow
[2026-05-19T12:33:08.616+0000] {subprocess.py:93} INFO - 26/05/19 12:33:08 INFO SecurityManager: Changing modify acls to: airflow
[2026-05-19T12:33:08.617+0000] {subprocess.py:93} INFO - 26/05/19 12:33:08 INFO SecurityManager: Changing view acls groups to:
[2026-05-19T12:33:08.618+0000] {subprocess.py:93} INFO - 26/05/19 12:33:08 INFO SecurityManager: Changing modify acls groups to:
[2026-05-19T12:33:08.619+0000] {subprocess.py:93} INFO - 26/05/19 12:33:08 INFO SecurityManager: SecurityManager: authentication disabled; ui acls disabled; users with view permissions: airflow; groups with view permissions: EMPTY; users with modify permissions: airflow; groups with modify permissions: EMPTY
[2026-05-19T12:33:08.815+0000] {subprocess.py:93} INFO - 26/05/19 12:33:08 INFO Utils: Successfully started service 'sparkDriver' on port 39311.
[2026-05-19T12:33:08.842+0000] {subprocess.py:93} INFO - 26/05/19 12:33:08 INFO SparkEnv: Registering MapOutputTracker
[2026-05-19T12:33:08.873+0000] {subprocess.py:93} INFO - 26/05/19 12:33:08 INFO SparkEnv: Registering BlockManagerMaster
[2026-05-19T12:33:08.894+0000] {subprocess.py:93} INFO - 26/05/19 12:33:08 INFO BlockManagerMasterEndpoint: Using org.apache.spark.storage.DefaultTopologyMapper for getting topology information
[2026-05-19T12:33:08.895+0000] {subprocess.py:93} INFO - 26/05/19 12:33:08 INFO BlockManagerMasterEndpoint: BlockManagerMasterEndpoint up
[2026-05-19T12:33:08.899+0000] {subprocess.py:93} INFO - 26/05/19 12:33:08 INFO SparkEnv: Registering BlockManagerMasterHeartbeat
[2026-05-19T12:33:08.914+0000] {subprocess.py:93} INFO - 26/05/19 12:33:08 INFO DiskBlockManager: Created local directory at /tmp/blockmgr-dc332c15-65ce-4755-b4bd-1ff0ee54948c
[2026-05-19T12:33:08.926+0000] {subprocess.py:93} INFO - 26/05/19 12:33:08 INFO MemoryStore: MemoryStore started with capacity 434.4 MiB
[2026-05-19T12:33:08.942+0000] {subprocess.py:93} INFO - 26/05/19 12:33:08 INFO SparkEnv: Registering OutputCommitCoordinator
[2026-05-19T12:33:09.046+0000] {subprocess.py:93} INFO - 26/05/19 12:33:09 INFO JettyUtils: Start Jetty 0.0.0.0:4040 for SparkUI
[2026-05-19T12:33:09.108+0000] {subprocess.py:93} INFO - 26/05/19 12:33:09 INFO Utils: Successfully started service 'SparkUI' on port 4040.
[2026-05-19T12:33:09.141+0000] {subprocess.py:93} INFO - 26/05/19 12:33:09 INFO SparkContext: Added JAR file:///opt/airflow/jars/aws-java-sdk-bundle-1.12.262.jar at spark://c43074c3fd7c:39311/jars/aws-java-sdk-bundle-1.12.262.jar with timestamp 1779193988513
[2026-05-19T12:33:09.142+0000] {subprocess.py:93} INFO - 26/05/19 12:33:09 INFO SparkContext: Added JAR file:///opt/airflow/jars/hadoop-aws-3.3.4.jar at spark://c43074c3fd7c:39311/jars/hadoop-aws-3.3.4.jar with timestamp 1779193988513
[2026-05-19T12:33:09.143+0000] {subprocess.py:93} INFO - 26/05/19 12:33:09 INFO SparkContext: Added JAR file:///opt/airflow/jars/postgresql-42.7.3.jar at spark://c43074c3fd7c:39311/jars/postgresql-42.7.3.jar with timestamp 1779193988513
[2026-05-19T12:33:09.218+0000] {subprocess.py:93} INFO - 26/05/19 12:33:09 INFO StandaloneAppClient$ClientEndpoint: Connecting to master spark://spark-master:7077...
[2026-05-19T12:33:09.270+0000] {subprocess.py:93} INFO - 26/05/19 12:33:09 INFO TransportClientFactory: Successfully created connection to spark-master/172.18.0.4:7077 after 30 ms (0 ms spent in bootstraps)
[2026-05-19T12:33:09.377+0000] {subprocess.py:93} INFO - 26/05/19 12:33:09 INFO StandaloneSchedulerBackend: Connected to Spark cluster with app ID app-20260519123309-0038
[2026-05-19T12:33:09.387+0000] {subprocess.py:93} INFO - 26/05/19 12:33:09 INFO StandaloneAppClient$ClientEndpoint: Executor added: app-20260519123309-0038/0 on worker-20260518211503-172.18.0.3-40747 (172.18.0.3:40747) with 1 core(s)
[2026-05-19T12:33:09.388+0000] {subprocess.py:93} INFO - 26/05/19 12:33:09 INFO StandaloneSchedulerBackend: Granted executor ID app-20260519123309-0038/0 on hostPort 172.18.0.3:40747 with 1 core(s), 512.0 MiB RAM
[2026-05-19T12:33:09.390+0000] {subprocess.py:93} INFO - 26/05/19 12:33:09 INFO Utils: Successfully started service 'org.apache.spark.network.netty.NettyBlockTransferService' on port 40585.
[2026-05-19T12:33:09.390+0000] {subprocess.py:93} INFO - 26/05/19 12:33:09 INFO NettyBlockTransferService: Server created on c43074c3fd7c:40585
[2026-05-19T12:33:09.392+0000] {subprocess.py:93} INFO - 26/05/19 12:33:09 INFO BlockManager: Using org.apache.spark.storage.RandomBlockReplicationPolicy for block replication policy
[2026-05-19T12:33:09.400+0000] {subprocess.py:93} INFO - 26/05/19 12:33:09 INFO BlockManagerMaster: Registering BlockManager BlockManagerId(driver, c43074c3fd7c, 40585, None)
[2026-05-19T12:33:09.408+0000] {subprocess.py:93} INFO - 26/05/19 12:33:09 INFO BlockManagerMasterEndpoint: Registering block manager c43074c3fd7c:40585 with 434.4 MiB RAM, BlockManagerId(driver, c43074c3fd7c, 40585, None)
[2026-05-19T12:33:09.414+0000] {subprocess.py:93} INFO - 26/05/19 12:33:09 INFO BlockManagerMaster: Registered BlockManager BlockManagerId(driver, c43074c3fd7c, 40585, None)
[2026-05-19T12:33:09.415+0000] {subprocess.py:93} INFO - 26/05/19 12:33:09 INFO BlockManager: Initialized BlockManager: BlockManagerId(driver, c43074c3fd7c, 40585, None)
[2026-05-19T12:33:09.425+0000] {subprocess.py:93} INFO - 26/05/19 12:33:09 INFO StandaloneAppClient$ClientEndpoint: Executor updated: app-20260519123309-0038/0 is now RUNNING
[2026-05-19T12:33:09.618+0000] {subprocess.py:93} INFO - 26/05/19 12:33:09 INFO StandaloneSchedulerBackend: SchedulerBackend is ready for scheduling beginning after reached minRegisteredResourcesRatio: 0.0
[2026-05-19T12:33:11.461+0000] {subprocess.py:93} INFO - 26/05/19 12:33:11 WARN MetricsConfig: Cannot locate configuration: tried hadoop-metrics2-s3a-file-system.properties,hadoop-metrics2.properties
[2026-05-19T12:33:27.625+0000] {subprocess.py:93} INFO - Lecture SILVER terminée
[2026-05-19T12:34:11.060+0000] {subprocess.py:93} INFO - Table articles_par_jour créée
[2026-05-19T12:34:47.239+0000] {subprocess.py:93} INFO - Table articles_par_source créée
[2026-05-19T12:35:20.629+0000] {subprocess.py:93} INFO - Table top_categories créée
[2026-05-19T12:35:53.844+0000] {subprocess.py:93} INFO - Table articles_par_source_jour créée
[2026-05-19T12:35:53.845+0000] {subprocess.py:93} INFO - 
[2026-05-19T12:35:53.847+0000] {subprocess.py:93} INFO - ==============================
[2026-05-19T12:35:53.848+0000] {subprocess.py:93} INFO - GOLD LAYER TERMINÉ
[2026-05-19T12:35:53.849+0000] {subprocess.py:93} INFO - ==============================
[2026-05-19T12:35:54.620+0000] {subprocess.py:97} INFO - Command exited with return code 0
[2026-05-19T12:35:54.624+0000] {taskinstance.py:441} INFO - ::group::Post task execution logs
[2026-05-19T12:35:55.307+0000] {taskinstance.py:1206} INFO - Marking task as SUCCESS. dag_id=medallion_gold_layer, task_id=gold_processing, run_id=scheduled__2026-05-19T12:25:00+00:00, execution_date=20260519T122500, start_date=20260519T123304, end_date=20260519T123555
[2026-05-19T12:35:55.413+0000] {local_task_job_runner.py:240} INFO - Task exited with return code 0
[2026-05-19T12:35:55.531+0000] {taskinstance.py:3498} INFO - 0 downstream tasks scheduled from follow-on schedule check
[2026-05-19T12:35:55.563+0000] {local_task_job_runner.py:222} INFO - ::endgroup::
