[2026-05-16T02:30:00.404+0000] {local_task_job_runner.py:120} INFO - ::group::Pre task execution logs
[2026-05-16T02:30:00.457+0000] {taskinstance.py:2076} INFO - Dependencies all met for dep_context=non-requeueable deps ti=<TaskInstance: medallion_gold_layer.gold_processing scheduled__2026-05-16T02:25:00+00:00 [queued]>
[2026-05-16T02:30:00.464+0000] {taskinstance.py:2076} INFO - Dependencies all met for dep_context=requeueable deps ti=<TaskInstance: medallion_gold_layer.gold_processing scheduled__2026-05-16T02:25:00+00:00 [queued]>
[2026-05-16T02:30:00.465+0000] {taskinstance.py:2306} INFO - Starting attempt 1 of 2
[2026-05-16T02:30:00.489+0000] {taskinstance.py:2330} INFO - Executing <Task(BashOperator): gold_processing> on 2026-05-16 02:25:00+00:00
[2026-05-16T02:30:00.493+0000] {standard_task_runner.py:63} INFO - Started process 45249 to run task
[2026-05-16T02:30:00.495+0000] {standard_task_runner.py:90} INFO - Running: ['airflow', 'tasks', 'run', 'medallion_gold_layer', 'gold_processing', 'scheduled__2026-05-16T02:25:00+00:00', '--job-id', '120', '--raw', '--subdir', 'DAGS_FOLDER/gold_layer_dag.py', '--cfg-path', '/tmp/tmpe65mevpt']
[2026-05-16T02:30:00.497+0000] {standard_task_runner.py:91} INFO - Job 120: Subtask gold_processing
[2026-05-16T02:30:00.644+0000] {task_command.py:426} INFO - Running <TaskInstance: medallion_gold_layer.gold_processing scheduled__2026-05-16T02:25:00+00:00 [running]> on host e8a9653e4a1b
[2026-05-16T02:30:00.864+0000] {taskinstance.py:2648} INFO - Exporting env vars: AIRFLOW_CTX_DAG_OWNER='anass' AIRFLOW_CTX_DAG_ID='medallion_gold_layer' AIRFLOW_CTX_TASK_ID='gold_processing' AIRFLOW_CTX_EXECUTION_DATE='2026-05-16T02:25:00+00:00' AIRFLOW_CTX_TRY_NUMBER='1' AIRFLOW_CTX_DAG_RUN_ID='scheduled__2026-05-16T02:25:00+00:00'
[2026-05-16T02:30:00.865+0000] {taskinstance.py:430} INFO - ::endgroup::
[2026-05-16T02:30:00.873+0000] {subprocess.py:63} INFO - Tmp dir root location: /tmp
[2026-05-16T02:30:00.874+0000] {subprocess.py:75} INFO - Running command: ['/usr/bin/bash', '-c', '\n    spark-submit     --master spark://spark-master:7077     --executor-memory 512M     --executor-cores 1     --total-executor-cores 1     --jars /opt/airflow/jars/aws-java-sdk-bundle-1.12.262.jar,/opt/airflow/jars/hadoop-aws-3.3.4.jar,/opt/airflow/jars/postgresql-42.7.3.jar     /opt/spark_jobs/gold_processor.py\n    ']
[2026-05-16T02:30:00.881+0000] {subprocess.py:86} INFO - Output:
[2026-05-16T02:30:03.433+0000] {subprocess.py:93} INFO - 26/05/16 02:30:03 WARN NativeCodeLoader: Unable to load native-hadoop library for your platform... using builtin-java classes where applicable
[2026-05-16T02:30:05.536+0000] {subprocess.py:93} INFO - 26/05/16 02:30:05 INFO SparkContext: Running Spark version 3.5.1
[2026-05-16T02:30:05.537+0000] {subprocess.py:93} INFO - 26/05/16 02:30:05 INFO SparkContext: OS info Linux, 6.6.87.2-microsoft-standard-WSL2, amd64
[2026-05-16T02:30:05.538+0000] {subprocess.py:93} INFO - 26/05/16 02:30:05 INFO SparkContext: Java version 17.0.19
[2026-05-16T02:30:05.586+0000] {subprocess.py:93} INFO - 26/05/16 02:30:05 INFO ResourceUtils: ==============================================================
[2026-05-16T02:30:05.587+0000] {subprocess.py:93} INFO - 26/05/16 02:30:05 INFO ResourceUtils: No custom resources configured for spark.driver.
[2026-05-16T02:30:05.588+0000] {subprocess.py:93} INFO - 26/05/16 02:30:05 INFO ResourceUtils: ==============================================================
[2026-05-16T02:30:05.590+0000] {subprocess.py:93} INFO - 26/05/16 02:30:05 INFO SparkContext: Submitted application: GoldLayerProcessor
[2026-05-16T02:30:05.620+0000] {subprocess.py:93} INFO - 26/05/16 02:30:05 INFO ResourceProfile: Default ResourceProfile created, executor resources: Map(cores -> name: cores, amount: 1, script: , vendor: , memory -> name: memory, amount: 512, script: , vendor: , offHeap -> name: offHeap, amount: 0, script: , vendor: ), task resources: Map(cpus -> name: cpus, amount: 1.0)
[2026-05-16T02:30:05.638+0000] {subprocess.py:93} INFO - 26/05/16 02:30:05 INFO ResourceProfile: Limiting resource is cpus at 1 tasks per executor
[2026-05-16T02:30:05.644+0000] {subprocess.py:93} INFO - 26/05/16 02:30:05 INFO ResourceProfileManager: Added ResourceProfile id: 0
[2026-05-16T02:30:05.733+0000] {subprocess.py:93} INFO - 26/05/16 02:30:05 INFO SecurityManager: Changing view acls to: airflow
[2026-05-16T02:30:05.734+0000] {subprocess.py:93} INFO - 26/05/16 02:30:05 INFO SecurityManager: Changing modify acls to: airflow
[2026-05-16T02:30:05.735+0000] {subprocess.py:93} INFO - 26/05/16 02:30:05 INFO SecurityManager: Changing view acls groups to:
[2026-05-16T02:30:05.736+0000] {subprocess.py:93} INFO - 26/05/16 02:30:05 INFO SecurityManager: Changing modify acls groups to:
[2026-05-16T02:30:05.738+0000] {subprocess.py:93} INFO - 26/05/16 02:30:05 INFO SecurityManager: SecurityManager: authentication disabled; ui acls disabled; users with view permissions: airflow; groups with view permissions: EMPTY; users with modify permissions: airflow; groups with modify permissions: EMPTY
[2026-05-16T02:30:06.100+0000] {subprocess.py:93} INFO - 26/05/16 02:30:06 INFO Utils: Successfully started service 'sparkDriver' on port 35799.
[2026-05-16T02:30:06.142+0000] {subprocess.py:93} INFO - 26/05/16 02:30:06 INFO SparkEnv: Registering MapOutputTracker
[2026-05-16T02:30:06.193+0000] {subprocess.py:93} INFO - 26/05/16 02:30:06 INFO SparkEnv: Registering BlockManagerMaster
[2026-05-16T02:30:06.224+0000] {subprocess.py:93} INFO - 26/05/16 02:30:06 INFO BlockManagerMasterEndpoint: Using org.apache.spark.storage.DefaultTopologyMapper for getting topology information
[2026-05-16T02:30:06.227+0000] {subprocess.py:93} INFO - 26/05/16 02:30:06 INFO BlockManagerMasterEndpoint: BlockManagerMasterEndpoint up
[2026-05-16T02:30:06.235+0000] {subprocess.py:93} INFO - 26/05/16 02:30:06 INFO SparkEnv: Registering BlockManagerMasterHeartbeat
[2026-05-16T02:30:06.269+0000] {subprocess.py:93} INFO - 26/05/16 02:30:06 INFO DiskBlockManager: Created local directory at /tmp/blockmgr-db87d25c-ce32-4774-977b-48f82c2abc41
[2026-05-16T02:30:06.295+0000] {subprocess.py:93} INFO - 26/05/16 02:30:06 INFO MemoryStore: MemoryStore started with capacity 434.4 MiB
[2026-05-16T02:30:06.327+0000] {subprocess.py:93} INFO - 26/05/16 02:30:06 INFO SparkEnv: Registering OutputCommitCoordinator
[2026-05-16T02:30:06.501+0000] {subprocess.py:93} INFO - 26/05/16 02:30:06 INFO JettyUtils: Start Jetty 0.0.0.0:4040 for SparkUI
[2026-05-16T02:30:06.615+0000] {subprocess.py:93} INFO - 26/05/16 02:30:06 INFO Utils: Successfully started service 'SparkUI' on port 4040.
[2026-05-16T02:30:06.672+0000] {subprocess.py:93} INFO - 26/05/16 02:30:06 INFO SparkContext: Added JAR file:///opt/airflow/jars/aws-java-sdk-bundle-1.12.262.jar at spark://e8a9653e4a1b:35799/jars/aws-java-sdk-bundle-1.12.262.jar with timestamp 1778898605523
[2026-05-16T02:30:06.673+0000] {subprocess.py:93} INFO - 26/05/16 02:30:06 INFO SparkContext: Added JAR file:///opt/airflow/jars/hadoop-aws-3.3.4.jar at spark://e8a9653e4a1b:35799/jars/hadoop-aws-3.3.4.jar with timestamp 1778898605523
[2026-05-16T02:30:06.675+0000] {subprocess.py:93} INFO - 26/05/16 02:30:06 INFO SparkContext: Added JAR file:///opt/airflow/jars/postgresql-42.7.3.jar at spark://e8a9653e4a1b:35799/jars/postgresql-42.7.3.jar with timestamp 1778898605523
[2026-05-16T02:30:06.796+0000] {subprocess.py:93} INFO - 26/05/16 02:30:06 INFO StandaloneAppClient$ClientEndpoint: Connecting to master spark://spark-master:7077...
[2026-05-16T02:30:06.865+0000] {subprocess.py:93} INFO - 26/05/16 02:30:06 INFO TransportClientFactory: Successfully created connection to spark-master/172.18.0.6:7077 after 37 ms (0 ms spent in bootstraps)
[2026-05-16T02:30:06.997+0000] {subprocess.py:93} INFO - 26/05/16 02:30:06 INFO StandaloneSchedulerBackend: Connected to Spark cluster with app ID app-20260516023006-0119
[2026-05-16T02:30:07.003+0000] {subprocess.py:93} INFO - 26/05/16 02:30:07 INFO StandaloneAppClient$ClientEndpoint: Executor added: app-20260516023006-0119/0 on worker-20260514105200-172.18.0.13-40347 (172.18.0.13:40347) with 1 core(s)
[2026-05-16T02:30:07.008+0000] {subprocess.py:93} INFO - 26/05/16 02:30:07 INFO StandaloneSchedulerBackend: Granted executor ID app-20260516023006-0119/0 on hostPort 172.18.0.13:40347 with 1 core(s), 512.0 MiB RAM
[2026-05-16T02:30:07.011+0000] {subprocess.py:93} INFO - 26/05/16 02:30:07 INFO Utils: Successfully started service 'org.apache.spark.network.netty.NettyBlockTransferService' on port 34153.
[2026-05-16T02:30:07.012+0000] {subprocess.py:93} INFO - 26/05/16 02:30:07 INFO NettyBlockTransferService: Server created on e8a9653e4a1b:34153
[2026-05-16T02:30:07.013+0000] {subprocess.py:93} INFO - 26/05/16 02:30:07 INFO BlockManager: Using org.apache.spark.storage.RandomBlockReplicationPolicy for block replication policy
[2026-05-16T02:30:07.027+0000] {subprocess.py:93} INFO - 26/05/16 02:30:07 INFO BlockManagerMaster: Registering BlockManager BlockManagerId(driver, e8a9653e4a1b, 34153, None)
[2026-05-16T02:30:07.032+0000] {subprocess.py:93} INFO - 26/05/16 02:30:07 INFO BlockManagerMasterEndpoint: Registering block manager e8a9653e4a1b:34153 with 434.4 MiB RAM, BlockManagerId(driver, e8a9653e4a1b, 34153, None)
[2026-05-16T02:30:07.036+0000] {subprocess.py:93} INFO - 26/05/16 02:30:07 INFO BlockManagerMaster: Registered BlockManager BlockManagerId(driver, e8a9653e4a1b, 34153, None)
[2026-05-16T02:30:07.042+0000] {subprocess.py:93} INFO - 26/05/16 02:30:07 INFO BlockManager: Initialized BlockManager: BlockManagerId(driver, e8a9653e4a1b, 34153, None)
[2026-05-16T02:30:07.054+0000] {subprocess.py:93} INFO - 26/05/16 02:30:07 INFO StandaloneAppClient$ClientEndpoint: Executor updated: app-20260516023006-0119/0 is now RUNNING
[2026-05-16T02:30:07.384+0000] {subprocess.py:93} INFO - 26/05/16 02:30:07 INFO StandaloneSchedulerBackend: SchedulerBackend is ready for scheduling beginning after reached minRegisteredResourcesRatio: 0.0
[2026-05-16T02:30:09.898+0000] {subprocess.py:93} INFO - 26/05/16 02:30:09 WARN MetricsConfig: Cannot locate configuration: tried hadoop-metrics2-s3a-file-system.properties,hadoop-metrics2.properties
[2026-05-16T02:30:19.554+0000] {subprocess.py:93} INFO - Lecture SILVER terminée
[2026-05-16T02:30:33.727+0000] {subprocess.py:93} INFO - Table articles_par_jour créée
[2026-05-16T02:30:43.796+0000] {subprocess.py:93} INFO - Table articles_par_source créée
[2026-05-16T02:30:48.838+0000] {subprocess.py:93} INFO - Table top_categories créée
[2026-05-16T02:30:54.048+0000] {subprocess.py:93} INFO - Table articles_par_source_jour créée
[2026-05-16T02:30:54.049+0000] {subprocess.py:93} INFO - 
[2026-05-16T02:30:54.051+0000] {subprocess.py:93} INFO - ==============================
[2026-05-16T02:30:54.052+0000] {subprocess.py:93} INFO - GOLD LAYER TERMINÉ
[2026-05-16T02:30:54.053+0000] {subprocess.py:93} INFO - ==============================
[2026-05-16T02:30:54.550+0000] {subprocess.py:97} INFO - Command exited with return code 0
[2026-05-16T02:30:54.551+0000] {taskinstance.py:441} INFO - ::group::Post task execution logs
[2026-05-16T02:30:54.755+0000] {taskinstance.py:1206} INFO - Marking task as SUCCESS. dag_id=medallion_gold_layer, task_id=gold_processing, run_id=scheduled__2026-05-16T02:25:00+00:00, execution_date=20260516T022500, start_date=20260516T023000, end_date=20260516T023054
[2026-05-16T02:30:54.820+0000] {local_task_job_runner.py:240} INFO - Task exited with return code 0
[2026-05-16T02:30:54.863+0000] {taskinstance.py:3498} INFO - 0 downstream tasks scheduled from follow-on schedule check
[2026-05-16T02:30:54.876+0000] {local_task_job_runner.py:222} INFO - ::endgroup::
