[2026-05-17T21:30:15.585+0000] {local_task_job_runner.py:120} INFO - ::group::Pre task execution logs
[2026-05-17T21:30:15.673+0000] {taskinstance.py:2076} INFO - Dependencies all met for dep_context=non-requeueable deps ti=<TaskInstance: medallion_gold_layer.gold_processing scheduled__2026-05-17T21:25:00+00:00 [queued]>
[2026-05-17T21:30:15.688+0000] {taskinstance.py:2076} INFO - Dependencies all met for dep_context=requeueable deps ti=<TaskInstance: medallion_gold_layer.gold_processing scheduled__2026-05-17T21:25:00+00:00 [queued]>
[2026-05-17T21:30:15.691+0000] {taskinstance.py:2306} INFO - Starting attempt 1 of 2
[2026-05-17T21:30:15.715+0000] {taskinstance.py:2330} INFO - Executing <Task(BashOperator): gold_processing> on 2026-05-17 21:25:00+00:00
[2026-05-17T21:30:15.719+0000] {standard_task_runner.py:63} INFO - Started process 73067 to run task
[2026-05-17T21:30:15.722+0000] {standard_task_runner.py:90} INFO - Running: ['airflow', 'tasks', 'run', 'medallion_gold_layer', 'gold_processing', 'scheduled__2026-05-17T21:25:00+00:00', '--job-id', '190', '--raw', '--subdir', 'DAGS_FOLDER/gold_layer_dag.py', '--cfg-path', '/tmp/tmpqw9mi2t8']
[2026-05-17T21:30:15.724+0000] {standard_task_runner.py:91} INFO - Job 190: Subtask gold_processing
[2026-05-17T21:30:15.854+0000] {task_command.py:426} INFO - Running <TaskInstance: medallion_gold_layer.gold_processing scheduled__2026-05-17T21:25:00+00:00 [running]> on host e8a9653e4a1b
[2026-05-17T21:30:16.116+0000] {taskinstance.py:2648} INFO - Exporting env vars: AIRFLOW_CTX_DAG_OWNER='anass' AIRFLOW_CTX_DAG_ID='medallion_gold_layer' AIRFLOW_CTX_TASK_ID='gold_processing' AIRFLOW_CTX_EXECUTION_DATE='2026-05-17T21:25:00+00:00' AIRFLOW_CTX_TRY_NUMBER='1' AIRFLOW_CTX_DAG_RUN_ID='scheduled__2026-05-17T21:25:00+00:00'
[2026-05-17T21:30:16.117+0000] {taskinstance.py:430} INFO - ::endgroup::
[2026-05-17T21:30:16.128+0000] {subprocess.py:63} INFO - Tmp dir root location: /tmp
[2026-05-17T21:30:16.129+0000] {subprocess.py:75} INFO - Running command: ['/usr/bin/bash', '-c', '\n    spark-submit     --master spark://spark-master:7077     --executor-memory 512M     --executor-cores 1     --total-executor-cores 1     --jars /opt/airflow/jars/aws-java-sdk-bundle-1.12.262.jar,/opt/airflow/jars/hadoop-aws-3.3.4.jar,/opt/airflow/jars/postgresql-42.7.3.jar     /opt/spark_jobs/gold_processor.py\n    ']
[2026-05-17T21:30:16.137+0000] {subprocess.py:86} INFO - Output:
[2026-05-17T21:30:17.630+0000] {subprocess.py:93} INFO - 26/05/17 21:30:17 WARN NativeCodeLoader: Unable to load native-hadoop library for your platform... using builtin-java classes where applicable
[2026-05-17T21:30:18.656+0000] {subprocess.py:93} INFO - 26/05/17 21:30:18 INFO SparkContext: Running Spark version 3.5.1
[2026-05-17T21:30:18.657+0000] {subprocess.py:93} INFO - 26/05/17 21:30:18 INFO SparkContext: OS info Linux, 6.6.87.2-microsoft-standard-WSL2, amd64
[2026-05-17T21:30:18.657+0000] {subprocess.py:93} INFO - 26/05/17 21:30:18 INFO SparkContext: Java version 17.0.19
[2026-05-17T21:30:18.689+0000] {subprocess.py:93} INFO - 26/05/17 21:30:18 INFO ResourceUtils: ==============================================================
[2026-05-17T21:30:18.690+0000] {subprocess.py:93} INFO - 26/05/17 21:30:18 INFO ResourceUtils: No custom resources configured for spark.driver.
[2026-05-17T21:30:18.690+0000] {subprocess.py:93} INFO - 26/05/17 21:30:18 INFO ResourceUtils: ==============================================================
[2026-05-17T21:30:18.691+0000] {subprocess.py:93} INFO - 26/05/17 21:30:18 INFO SparkContext: Submitted application: GoldLayerProcessor
[2026-05-17T21:30:18.712+0000] {subprocess.py:93} INFO - 26/05/17 21:30:18 INFO ResourceProfile: Default ResourceProfile created, executor resources: Map(cores -> name: cores, amount: 1, script: , vendor: , memory -> name: memory, amount: 512, script: , vendor: , offHeap -> name: offHeap, amount: 0, script: , vendor: ), task resources: Map(cpus -> name: cpus, amount: 1.0)
[2026-05-17T21:30:18.722+0000] {subprocess.py:93} INFO - 26/05/17 21:30:18 INFO ResourceProfile: Limiting resource is cpus at 1 tasks per executor
[2026-05-17T21:30:18.725+0000] {subprocess.py:93} INFO - 26/05/17 21:30:18 INFO ResourceProfileManager: Added ResourceProfile id: 0
[2026-05-17T21:30:18.779+0000] {subprocess.py:93} INFO - 26/05/17 21:30:18 INFO SecurityManager: Changing view acls to: airflow
[2026-05-17T21:30:18.780+0000] {subprocess.py:93} INFO - 26/05/17 21:30:18 INFO SecurityManager: Changing modify acls to: airflow
[2026-05-17T21:30:18.780+0000] {subprocess.py:93} INFO - 26/05/17 21:30:18 INFO SecurityManager: Changing view acls groups to:
[2026-05-17T21:30:18.781+0000] {subprocess.py:93} INFO - 26/05/17 21:30:18 INFO SecurityManager: Changing modify acls groups to:
[2026-05-17T21:30:18.782+0000] {subprocess.py:93} INFO - 26/05/17 21:30:18 INFO SecurityManager: SecurityManager: authentication disabled; ui acls disabled; users with view permissions: airflow; groups with view permissions: EMPTY; users with modify permissions: airflow; groups with modify permissions: EMPTY
[2026-05-17T21:30:18.949+0000] {subprocess.py:93} INFO - 26/05/17 21:30:18 INFO Utils: Successfully started service 'sparkDriver' on port 46299.
[2026-05-17T21:30:18.975+0000] {subprocess.py:93} INFO - 26/05/17 21:30:18 INFO SparkEnv: Registering MapOutputTracker
[2026-05-17T21:30:19.003+0000] {subprocess.py:93} INFO - 26/05/17 21:30:19 INFO SparkEnv: Registering BlockManagerMaster
[2026-05-17T21:30:19.016+0000] {subprocess.py:93} INFO - 26/05/17 21:30:19 INFO BlockManagerMasterEndpoint: Using org.apache.spark.storage.DefaultTopologyMapper for getting topology information
[2026-05-17T21:30:19.017+0000] {subprocess.py:93} INFO - 26/05/17 21:30:19 INFO BlockManagerMasterEndpoint: BlockManagerMasterEndpoint up
[2026-05-17T21:30:19.021+0000] {subprocess.py:93} INFO - 26/05/17 21:30:19 INFO SparkEnv: Registering BlockManagerMasterHeartbeat
[2026-05-17T21:30:19.036+0000] {subprocess.py:93} INFO - 26/05/17 21:30:19 INFO DiskBlockManager: Created local directory at /tmp/blockmgr-bb938148-64bd-4569-b0d5-e809c4057688
[2026-05-17T21:30:19.050+0000] {subprocess.py:93} INFO - 26/05/17 21:30:19 INFO MemoryStore: MemoryStore started with capacity 434.4 MiB
[2026-05-17T21:30:19.067+0000] {subprocess.py:93} INFO - 26/05/17 21:30:19 INFO SparkEnv: Registering OutputCommitCoordinator
[2026-05-17T21:30:19.145+0000] {subprocess.py:93} INFO - 26/05/17 21:30:19 INFO JettyUtils: Start Jetty 0.0.0.0:4040 for SparkUI
[2026-05-17T21:30:19.200+0000] {subprocess.py:93} INFO - 26/05/17 21:30:19 INFO Utils: Successfully started service 'SparkUI' on port 4040.
[2026-05-17T21:30:19.233+0000] {subprocess.py:93} INFO - 26/05/17 21:30:19 INFO SparkContext: Added JAR file:///opt/airflow/jars/aws-java-sdk-bundle-1.12.262.jar at spark://e8a9653e4a1b:46299/jars/aws-java-sdk-bundle-1.12.262.jar with timestamp 1779053418649
[2026-05-17T21:30:19.234+0000] {subprocess.py:93} INFO - 26/05/17 21:30:19 INFO SparkContext: Added JAR file:///opt/airflow/jars/hadoop-aws-3.3.4.jar at spark://e8a9653e4a1b:46299/jars/hadoop-aws-3.3.4.jar with timestamp 1779053418649
[2026-05-17T21:30:19.234+0000] {subprocess.py:93} INFO - 26/05/17 21:30:19 INFO SparkContext: Added JAR file:///opt/airflow/jars/postgresql-42.7.3.jar at spark://e8a9653e4a1b:46299/jars/postgresql-42.7.3.jar with timestamp 1779053418649
[2026-05-17T21:30:19.293+0000] {subprocess.py:93} INFO - 26/05/17 21:30:19 INFO StandaloneAppClient$ClientEndpoint: Connecting to master spark://spark-master:7077...
[2026-05-17T21:30:19.321+0000] {subprocess.py:93} INFO - 26/05/17 21:30:19 INFO TransportClientFactory: Successfully created connection to spark-master/172.18.0.6:7077 after 15 ms (0 ms spent in bootstraps)
[2026-05-17T21:30:19.379+0000] {subprocess.py:93} INFO - 26/05/17 21:30:19 INFO StandaloneSchedulerBackend: Connected to Spark cluster with app ID app-20260517213019-0189
[2026-05-17T21:30:19.382+0000] {subprocess.py:93} INFO - 26/05/17 21:30:19 INFO StandaloneAppClient$ClientEndpoint: Executor added: app-20260517213019-0189/0 on worker-20260514105200-172.18.0.13-40347 (172.18.0.13:40347) with 1 core(s)
[2026-05-17T21:30:19.384+0000] {subprocess.py:93} INFO - 26/05/17 21:30:19 INFO StandaloneSchedulerBackend: Granted executor ID app-20260517213019-0189/0 on hostPort 172.18.0.13:40347 with 1 core(s), 512.0 MiB RAM
[2026-05-17T21:30:19.388+0000] {subprocess.py:93} INFO - 26/05/17 21:30:19 INFO Utils: Successfully started service 'org.apache.spark.network.netty.NettyBlockTransferService' on port 40221.
[2026-05-17T21:30:19.388+0000] {subprocess.py:93} INFO - 26/05/17 21:30:19 INFO NettyBlockTransferService: Server created on e8a9653e4a1b:40221
[2026-05-17T21:30:19.390+0000] {subprocess.py:93} INFO - 26/05/17 21:30:19 INFO BlockManager: Using org.apache.spark.storage.RandomBlockReplicationPolicy for block replication policy
[2026-05-17T21:30:19.398+0000] {subprocess.py:93} INFO - 26/05/17 21:30:19 INFO BlockManagerMaster: Registering BlockManager BlockManagerId(driver, e8a9653e4a1b, 40221, None)
[2026-05-17T21:30:19.401+0000] {subprocess.py:93} INFO - 26/05/17 21:30:19 INFO BlockManagerMasterEndpoint: Registering block manager e8a9653e4a1b:40221 with 434.4 MiB RAM, BlockManagerId(driver, e8a9653e4a1b, 40221, None)
[2026-05-17T21:30:19.408+0000] {subprocess.py:93} INFO - 26/05/17 21:30:19 INFO BlockManagerMaster: Registered BlockManager BlockManagerId(driver, e8a9653e4a1b, 40221, None)
[2026-05-17T21:30:19.418+0000] {subprocess.py:93} INFO - 26/05/17 21:30:19 INFO BlockManager: Initialized BlockManager: BlockManagerId(driver, e8a9653e4a1b, 40221, None)
[2026-05-17T21:30:19.420+0000] {subprocess.py:93} INFO - 26/05/17 21:30:19 INFO StandaloneAppClient$ClientEndpoint: Executor updated: app-20260517213019-0189/0 is now RUNNING
[2026-05-17T21:30:19.603+0000] {subprocess.py:93} INFO - 26/05/17 21:30:19 INFO StandaloneSchedulerBackend: SchedulerBackend is ready for scheduling beginning after reached minRegisteredResourcesRatio: 0.0
[2026-05-17T21:30:20.574+0000] {subprocess.py:93} INFO - 26/05/17 21:30:20 WARN MetricsConfig: Cannot locate configuration: tried hadoop-metrics2-s3a-file-system.properties,hadoop-metrics2.properties
[2026-05-17T21:30:25.393+0000] {subprocess.py:93} INFO - Lecture SILVER terminée
[2026-05-17T21:30:34.613+0000] {subprocess.py:93} INFO - Table articles_par_jour créée
[2026-05-17T21:30:52.072+0000] {subprocess.py:93} INFO - Table articles_par_source créée
[2026-05-17T21:31:04.293+0000] {subprocess.py:93} INFO - Table top_categories créée
[2026-05-17T21:31:21.026+0000] {subprocess.py:93} INFO - Table articles_par_source_jour créée
[2026-05-17T21:31:21.028+0000] {subprocess.py:93} INFO - 
[2026-05-17T21:31:21.030+0000] {subprocess.py:93} INFO - ==============================
[2026-05-17T21:31:21.032+0000] {subprocess.py:93} INFO - GOLD LAYER TERMINÉ
[2026-05-17T21:31:21.033+0000] {subprocess.py:93} INFO - ==============================
[2026-05-17T21:31:21.566+0000] {subprocess.py:97} INFO - Command exited with return code 0
[2026-05-17T21:31:21.587+0000] {taskinstance.py:441} INFO - ::group::Post task execution logs
[2026-05-17T21:31:21.933+0000] {taskinstance.py:1206} INFO - Marking task as SUCCESS. dag_id=medallion_gold_layer, task_id=gold_processing, run_id=scheduled__2026-05-17T21:25:00+00:00, execution_date=20260517T212500, start_date=20260517T213015, end_date=20260517T213121
[2026-05-17T21:31:22.506+0000] {local_task_job_runner.py:240} INFO - Task exited with return code 0
[2026-05-17T21:31:22.699+0000] {taskinstance.py:3498} INFO - 0 downstream tasks scheduled from follow-on schedule check
[2026-05-17T21:31:22.738+0000] {local_task_job_runner.py:222} INFO - ::endgroup::
