[2026-05-15T23:40:01.362+0000] {local_task_job_runner.py:120} INFO - ::group::Pre task execution logs
[2026-05-15T23:40:01.570+0000] {taskinstance.py:2076} INFO - Dependencies all met for dep_context=non-requeueable deps ti=<TaskInstance: medallion_gold_layer.gold_processing scheduled__2026-05-15T23:35:00+00:00 [queued]>
[2026-05-15T23:40:01.600+0000] {taskinstance.py:2076} INFO - Dependencies all met for dep_context=requeueable deps ti=<TaskInstance: medallion_gold_layer.gold_processing scheduled__2026-05-15T23:35:00+00:00 [queued]>
[2026-05-15T23:40:01.603+0000] {taskinstance.py:2306} INFO - Starting attempt 1 of 2
[2026-05-15T23:40:01.689+0000] {taskinstance.py:2330} INFO - Executing <Task(BashOperator): gold_processing> on 2026-05-15 23:35:00+00:00
[2026-05-15T23:40:01.709+0000] {standard_task_runner.py:63} INFO - Started process 33035 to run task
[2026-05-15T23:40:01.726+0000] {standard_task_runner.py:90} INFO - Running: ['airflow', 'tasks', 'run', 'medallion_gold_layer', 'gold_processing', 'scheduled__2026-05-15T23:35:00+00:00', '--job-id', '89', '--raw', '--subdir', 'DAGS_FOLDER/gold_layer_dag.py', '--cfg-path', '/tmp/tmp9zf5octt']
[2026-05-15T23:40:01.734+0000] {standard_task_runner.py:91} INFO - Job 89: Subtask gold_processing
[2026-05-15T23:40:02.227+0000] {task_command.py:426} INFO - Running <TaskInstance: medallion_gold_layer.gold_processing scheduled__2026-05-15T23:35:00+00:00 [running]> on host e8a9653e4a1b
[2026-05-15T23:40:03.124+0000] {taskinstance.py:2648} INFO - Exporting env vars: AIRFLOW_CTX_DAG_OWNER='anass' AIRFLOW_CTX_DAG_ID='medallion_gold_layer' AIRFLOW_CTX_TASK_ID='gold_processing' AIRFLOW_CTX_EXECUTION_DATE='2026-05-15T23:35:00+00:00' AIRFLOW_CTX_TRY_NUMBER='1' AIRFLOW_CTX_DAG_RUN_ID='scheduled__2026-05-15T23:35:00+00:00'
[2026-05-15T23:40:03.127+0000] {taskinstance.py:430} INFO - ::endgroup::
[2026-05-15T23:40:03.171+0000] {subprocess.py:63} INFO - Tmp dir root location: /tmp
[2026-05-15T23:40:03.177+0000] {subprocess.py:75} INFO - Running command: ['/usr/bin/bash', '-c', '\n    spark-submit     --master spark://spark-master:7077     --executor-memory 512M     --executor-cores 1     --total-executor-cores 1     --jars /opt/airflow/jars/aws-java-sdk-bundle-1.12.262.jar,/opt/airflow/jars/hadoop-aws-3.3.4.jar,/opt/airflow/jars/postgresql-42.7.3.jar     /opt/spark_jobs/gold_processor.py\n    ']
[2026-05-15T23:40:03.212+0000] {subprocess.py:86} INFO - Output:
[2026-05-15T23:40:06.898+0000] {subprocess.py:93} INFO - 26/05/15 23:40:06 WARN NativeCodeLoader: Unable to load native-hadoop library for your platform... using builtin-java classes where applicable
[2026-05-15T23:40:09.697+0000] {subprocess.py:93} INFO - 26/05/15 23:40:09 INFO SparkContext: Running Spark version 3.5.1
[2026-05-15T23:40:09.698+0000] {subprocess.py:93} INFO - 26/05/15 23:40:09 INFO SparkContext: OS info Linux, 6.6.87.2-microsoft-standard-WSL2, amd64
[2026-05-15T23:40:09.700+0000] {subprocess.py:93} INFO - 26/05/15 23:40:09 INFO SparkContext: Java version 17.0.19
[2026-05-15T23:40:09.783+0000] {subprocess.py:93} INFO - 26/05/15 23:40:09 INFO ResourceUtils: ==============================================================
[2026-05-15T23:40:09.785+0000] {subprocess.py:93} INFO - 26/05/15 23:40:09 INFO ResourceUtils: No custom resources configured for spark.driver.
[2026-05-15T23:40:09.786+0000] {subprocess.py:93} INFO - 26/05/15 23:40:09 INFO ResourceUtils: ==============================================================
[2026-05-15T23:40:09.788+0000] {subprocess.py:93} INFO - 26/05/15 23:40:09 INFO SparkContext: Submitted application: GoldLayerProcessor
[2026-05-15T23:40:09.863+0000] {subprocess.py:93} INFO - 26/05/15 23:40:09 INFO ResourceProfile: Default ResourceProfile created, executor resources: Map(cores -> name: cores, amount: 1, script: , vendor: , memory -> name: memory, amount: 512, script: , vendor: , offHeap -> name: offHeap, amount: 0, script: , vendor: ), task resources: Map(cpus -> name: cpus, amount: 1.0)
[2026-05-15T23:40:09.897+0000] {subprocess.py:93} INFO - 26/05/15 23:40:09 INFO ResourceProfile: Limiting resource is cpus at 1 tasks per executor
[2026-05-15T23:40:09.904+0000] {subprocess.py:93} INFO - 26/05/15 23:40:09 INFO ResourceProfileManager: Added ResourceProfile id: 0
[2026-05-15T23:40:10.057+0000] {subprocess.py:93} INFO - 26/05/15 23:40:10 INFO SecurityManager: Changing view acls to: airflow
[2026-05-15T23:40:10.058+0000] {subprocess.py:93} INFO - 26/05/15 23:40:10 INFO SecurityManager: Changing modify acls to: airflow
[2026-05-15T23:40:10.060+0000] {subprocess.py:93} INFO - 26/05/15 23:40:10 INFO SecurityManager: Changing view acls groups to:
[2026-05-15T23:40:10.061+0000] {subprocess.py:93} INFO - 26/05/15 23:40:10 INFO SecurityManager: Changing modify acls groups to:
[2026-05-15T23:40:10.063+0000] {subprocess.py:93} INFO - 26/05/15 23:40:10 INFO SecurityManager: SecurityManager: authentication disabled; ui acls disabled; users with view permissions: airflow; groups with view permissions: EMPTY; users with modify permissions: airflow; groups with modify permissions: EMPTY
[2026-05-15T23:40:10.592+0000] {subprocess.py:93} INFO - 26/05/15 23:40:10 INFO Utils: Successfully started service 'sparkDriver' on port 41047.
[2026-05-15T23:40:10.658+0000] {subprocess.py:93} INFO - 26/05/15 23:40:10 INFO SparkEnv: Registering MapOutputTracker
[2026-05-15T23:40:10.765+0000] {subprocess.py:93} INFO - 26/05/15 23:40:10 INFO SparkEnv: Registering BlockManagerMaster
[2026-05-15T23:40:10.809+0000] {subprocess.py:93} INFO - 26/05/15 23:40:10 INFO BlockManagerMasterEndpoint: Using org.apache.spark.storage.DefaultTopologyMapper for getting topology information
[2026-05-15T23:40:10.811+0000] {subprocess.py:93} INFO - 26/05/15 23:40:10 INFO BlockManagerMasterEndpoint: BlockManagerMasterEndpoint up
[2026-05-15T23:40:10.821+0000] {subprocess.py:93} INFO - 26/05/15 23:40:10 INFO SparkEnv: Registering BlockManagerMasterHeartbeat
[2026-05-15T23:40:10.859+0000] {subprocess.py:93} INFO - 26/05/15 23:40:10 INFO DiskBlockManager: Created local directory at /tmp/blockmgr-fff1266a-74a1-4374-a931-471ef89ed68d
[2026-05-15T23:40:10.891+0000] {subprocess.py:93} INFO - 26/05/15 23:40:10 INFO MemoryStore: MemoryStore started with capacity 434.4 MiB
[2026-05-15T23:40:10.933+0000] {subprocess.py:93} INFO - 26/05/15 23:40:10 INFO SparkEnv: Registering OutputCommitCoordinator
[2026-05-15T23:40:11.192+0000] {subprocess.py:93} INFO - 26/05/15 23:40:11 INFO JettyUtils: Start Jetty 0.0.0.0:4040 for SparkUI
[2026-05-15T23:40:11.412+0000] {subprocess.py:93} INFO - 26/05/15 23:40:11 INFO Utils: Successfully started service 'SparkUI' on port 4040.
[2026-05-15T23:40:11.521+0000] {subprocess.py:93} INFO - 26/05/15 23:40:11 INFO SparkContext: Added JAR file:///opt/airflow/jars/aws-java-sdk-bundle-1.12.262.jar at spark://e8a9653e4a1b:41047/jars/aws-java-sdk-bundle-1.12.262.jar with timestamp 1778888409676
[2026-05-15T23:40:11.523+0000] {subprocess.py:93} INFO - 26/05/15 23:40:11 INFO SparkContext: Added JAR file:///opt/airflow/jars/hadoop-aws-3.3.4.jar at spark://e8a9653e4a1b:41047/jars/hadoop-aws-3.3.4.jar with timestamp 1778888409676
[2026-05-15T23:40:11.525+0000] {subprocess.py:93} INFO - 26/05/15 23:40:11 INFO SparkContext: Added JAR file:///opt/airflow/jars/postgresql-42.7.3.jar at spark://e8a9653e4a1b:41047/jars/postgresql-42.7.3.jar with timestamp 1778888409676
[2026-05-15T23:40:11.677+0000] {subprocess.py:93} INFO - 26/05/15 23:40:11 INFO StandaloneAppClient$ClientEndpoint: Connecting to master spark://spark-master:7077...
[2026-05-15T23:40:11.779+0000] {subprocess.py:93} INFO - 26/05/15 23:40:11 INFO TransportClientFactory: Successfully created connection to spark-master/172.18.0.6:7077 after 59 ms (0 ms spent in bootstraps)
[2026-05-15T23:40:12.109+0000] {subprocess.py:93} INFO - 26/05/15 23:40:12 INFO StandaloneSchedulerBackend: Connected to Spark cluster with app ID app-20260515234012-0088
[2026-05-15T23:40:12.116+0000] {subprocess.py:93} INFO - 26/05/15 23:40:12 INFO StandaloneAppClient$ClientEndpoint: Executor added: app-20260515234012-0088/0 on worker-20260514105200-172.18.0.13-40347 (172.18.0.13:40347) with 1 core(s)
[2026-05-15T23:40:12.133+0000] {subprocess.py:93} INFO - 26/05/15 23:40:12 INFO StandaloneSchedulerBackend: Granted executor ID app-20260515234012-0088/0 on hostPort 172.18.0.13:40347 with 1 core(s), 512.0 MiB RAM
[2026-05-15T23:40:12.144+0000] {subprocess.py:93} INFO - 26/05/15 23:40:12 INFO Utils: Successfully started service 'org.apache.spark.network.netty.NettyBlockTransferService' on port 39865.
[2026-05-15T23:40:12.146+0000] {subprocess.py:93} INFO - 26/05/15 23:40:12 INFO NettyBlockTransferService: Server created on e8a9653e4a1b:39865
[2026-05-15T23:40:12.150+0000] {subprocess.py:93} INFO - 26/05/15 23:40:12 INFO BlockManager: Using org.apache.spark.storage.RandomBlockReplicationPolicy for block replication policy
[2026-05-15T23:40:12.181+0000] {subprocess.py:93} INFO - 26/05/15 23:40:12 INFO BlockManagerMaster: Registering BlockManager BlockManagerId(driver, e8a9653e4a1b, 39865, None)
[2026-05-15T23:40:12.194+0000] {subprocess.py:93} INFO - 26/05/15 23:40:12 INFO BlockManagerMasterEndpoint: Registering block manager e8a9653e4a1b:39865 with 434.4 MiB RAM, BlockManagerId(driver, e8a9653e4a1b, 39865, None)
[2026-05-15T23:40:12.208+0000] {subprocess.py:93} INFO - 26/05/15 23:40:12 INFO BlockManagerMaster: Registered BlockManager BlockManagerId(driver, e8a9653e4a1b, 39865, None)
[2026-05-15T23:40:12.213+0000] {subprocess.py:93} INFO - 26/05/15 23:40:12 INFO BlockManager: Initialized BlockManager: BlockManagerId(driver, e8a9653e4a1b, 39865, None)
[2026-05-15T23:40:12.232+0000] {subprocess.py:93} INFO - 26/05/15 23:40:12 INFO StandaloneAppClient$ClientEndpoint: Executor updated: app-20260515234012-0088/0 is now RUNNING
[2026-05-15T23:40:12.943+0000] {subprocess.py:93} INFO - 26/05/15 23:40:12 INFO StandaloneSchedulerBackend: SchedulerBackend is ready for scheduling beginning after reached minRegisteredResourcesRatio: 0.0
[2026-05-15T23:40:15.917+0000] {subprocess.py:93} INFO - 26/05/15 23:40:15 WARN MetricsConfig: Cannot locate configuration: tried hadoop-metrics2-s3a-file-system.properties,hadoop-metrics2.properties
[2026-05-15T23:40:29.839+0000] {subprocess.py:93} INFO - Lecture SILVER terminée
[2026-05-15T23:40:51.288+0000] {subprocess.py:93} INFO - Table articles_par_jour créée
[2026-05-15T23:41:10.294+0000] {subprocess.py:93} INFO - Table articles_par_source créée
[2026-05-15T23:41:23.380+0000] {subprocess.py:93} INFO - Table top_categories créée
[2026-05-15T23:41:37.467+0000] {subprocess.py:93} INFO - Table articles_par_source_jour créée
[2026-05-15T23:41:37.469+0000] {subprocess.py:93} INFO - 
[2026-05-15T23:41:37.471+0000] {subprocess.py:93} INFO - ==============================
[2026-05-15T23:41:37.473+0000] {subprocess.py:93} INFO - GOLD LAYER TERMINÉ
[2026-05-15T23:41:37.475+0000] {subprocess.py:93} INFO - ==============================
[2026-05-15T23:41:38.411+0000] {subprocess.py:97} INFO - Command exited with return code 0
[2026-05-15T23:41:38.413+0000] {taskinstance.py:441} INFO - ::group::Post task execution logs
[2026-05-15T23:41:39.002+0000] {taskinstance.py:1206} INFO - Marking task as SUCCESS. dag_id=medallion_gold_layer, task_id=gold_processing, run_id=scheduled__2026-05-15T23:35:00+00:00, execution_date=20260515T233500, start_date=20260515T234001, end_date=20260515T234139
[2026-05-15T23:41:39.141+0000] {local_task_job_runner.py:240} INFO - Task exited with return code 0
[2026-05-15T23:41:39.277+0000] {taskinstance.py:3498} INFO - 0 downstream tasks scheduled from follow-on schedule check
[2026-05-15T23:41:39.304+0000] {local_task_job_runner.py:222} INFO - ::endgroup::
