[2026-05-16T03:05:02.287+0000] {local_task_job_runner.py:120} INFO - ::group::Pre task execution logs
[2026-05-16T03:05:02.508+0000] {taskinstance.py:2076} INFO - Dependencies all met for dep_context=non-requeueable deps ti=<TaskInstance: medallion_gold_layer.gold_processing scheduled__2026-05-16T03:00:00+00:00 [queued]>
[2026-05-16T03:05:02.540+0000] {taskinstance.py:2076} INFO - Dependencies all met for dep_context=requeueable deps ti=<TaskInstance: medallion_gold_layer.gold_processing scheduled__2026-05-16T03:00:00+00:00 [queued]>
[2026-05-16T03:05:02.548+0000] {taskinstance.py:2306} INFO - Starting attempt 1 of 2
[2026-05-16T03:05:02.618+0000] {taskinstance.py:2330} INFO - Executing <Task(BashOperator): gold_processing> on 2026-05-16 03:00:00+00:00
[2026-05-16T03:05:02.637+0000] {standard_task_runner.py:63} INFO - Started process 48022 to run task
[2026-05-16T03:05:02.644+0000] {standard_task_runner.py:90} INFO - Running: ['airflow', 'tasks', 'run', 'medallion_gold_layer', 'gold_processing', 'scheduled__2026-05-16T03:00:00+00:00', '--job-id', '127', '--raw', '--subdir', 'DAGS_FOLDER/gold_layer_dag.py', '--cfg-path', '/tmp/tmpoxb_gsb6']
[2026-05-16T03:05:02.651+0000] {standard_task_runner.py:91} INFO - Job 127: Subtask gold_processing
[2026-05-16T03:05:03.266+0000] {task_command.py:426} INFO - Running <TaskInstance: medallion_gold_layer.gold_processing scheduled__2026-05-16T03:00:00+00:00 [running]> on host e8a9653e4a1b
[2026-05-16T03:05:04.151+0000] {taskinstance.py:2648} INFO - Exporting env vars: AIRFLOW_CTX_DAG_OWNER='anass' AIRFLOW_CTX_DAG_ID='medallion_gold_layer' AIRFLOW_CTX_TASK_ID='gold_processing' AIRFLOW_CTX_EXECUTION_DATE='2026-05-16T03:00:00+00:00' AIRFLOW_CTX_TRY_NUMBER='1' AIRFLOW_CTX_DAG_RUN_ID='scheduled__2026-05-16T03:00:00+00:00'
[2026-05-16T03:05:04.154+0000] {taskinstance.py:430} INFO - ::endgroup::
[2026-05-16T03:05:04.233+0000] {subprocess.py:63} INFO - Tmp dir root location: /tmp
[2026-05-16T03:05:04.239+0000] {subprocess.py:75} INFO - Running command: ['/usr/bin/bash', '-c', '\n    spark-submit     --master spark://spark-master:7077     --executor-memory 512M     --executor-cores 1     --total-executor-cores 1     --jars /opt/airflow/jars/aws-java-sdk-bundle-1.12.262.jar,/opt/airflow/jars/hadoop-aws-3.3.4.jar,/opt/airflow/jars/postgresql-42.7.3.jar     /opt/spark_jobs/gold_processor.py\n    ']
[2026-05-16T03:05:04.276+0000] {subprocess.py:86} INFO - Output:
[2026-05-16T03:05:08.852+0000] {subprocess.py:93} INFO - 26/05/16 03:05:08 WARN NativeCodeLoader: Unable to load native-hadoop library for your platform... using builtin-java classes where applicable
[2026-05-16T03:05:12.950+0000] {subprocess.py:93} INFO - 26/05/16 03:05:12 INFO SparkContext: Running Spark version 3.5.1
[2026-05-16T03:05:12.953+0000] {subprocess.py:93} INFO - 26/05/16 03:05:12 INFO SparkContext: OS info Linux, 6.6.87.2-microsoft-standard-WSL2, amd64
[2026-05-16T03:05:12.956+0000] {subprocess.py:93} INFO - 26/05/16 03:05:12 INFO SparkContext: Java version 17.0.19
[2026-05-16T03:05:13.044+0000] {subprocess.py:93} INFO - 26/05/16 03:05:13 INFO ResourceUtils: ==============================================================
[2026-05-16T03:05:13.046+0000] {subprocess.py:93} INFO - 26/05/16 03:05:13 INFO ResourceUtils: No custom resources configured for spark.driver.
[2026-05-16T03:05:13.048+0000] {subprocess.py:93} INFO - 26/05/16 03:05:13 INFO ResourceUtils: ==============================================================
[2026-05-16T03:05:13.050+0000] {subprocess.py:93} INFO - 26/05/16 03:05:13 INFO SparkContext: Submitted application: GoldLayerProcessor
[2026-05-16T03:05:13.084+0000] {subprocess.py:93} INFO - 26/05/16 03:05:13 INFO ResourceProfile: Default ResourceProfile created, executor resources: Map(cores -> name: cores, amount: 1, script: , vendor: , memory -> name: memory, amount: 512, script: , vendor: , offHeap -> name: offHeap, amount: 0, script: , vendor: ), task resources: Map(cpus -> name: cpus, amount: 1.0)
[2026-05-16T03:05:13.101+0000] {subprocess.py:93} INFO - 26/05/16 03:05:13 INFO ResourceProfile: Limiting resource is cpus at 1 tasks per executor
[2026-05-16T03:05:13.108+0000] {subprocess.py:93} INFO - 26/05/16 03:05:13 INFO ResourceProfileManager: Added ResourceProfile id: 0
[2026-05-16T03:05:13.215+0000] {subprocess.py:93} INFO - 26/05/16 03:05:13 INFO SecurityManager: Changing view acls to: airflow
[2026-05-16T03:05:13.217+0000] {subprocess.py:93} INFO - 26/05/16 03:05:13 INFO SecurityManager: Changing modify acls to: airflow
[2026-05-16T03:05:13.218+0000] {subprocess.py:93} INFO - 26/05/16 03:05:13 INFO SecurityManager: Changing view acls groups to:
[2026-05-16T03:05:13.219+0000] {subprocess.py:93} INFO - 26/05/16 03:05:13 INFO SecurityManager: Changing modify acls groups to:
[2026-05-16T03:05:13.220+0000] {subprocess.py:93} INFO - 26/05/16 03:05:13 INFO SecurityManager: SecurityManager: authentication disabled; ui acls disabled; users with view permissions: airflow; groups with view permissions: EMPTY; users with modify permissions: airflow; groups with modify permissions: EMPTY
[2026-05-16T03:05:13.608+0000] {subprocess.py:93} INFO - 26/05/16 03:05:13 INFO Utils: Successfully started service 'sparkDriver' on port 38187.
[2026-05-16T03:05:13.658+0000] {subprocess.py:93} INFO - 26/05/16 03:05:13 INFO SparkEnv: Registering MapOutputTracker
[2026-05-16T03:05:13.734+0000] {subprocess.py:93} INFO - 26/05/16 03:05:13 INFO SparkEnv: Registering BlockManagerMaster
[2026-05-16T03:05:13.765+0000] {subprocess.py:93} INFO - 26/05/16 03:05:13 INFO BlockManagerMasterEndpoint: Using org.apache.spark.storage.DefaultTopologyMapper for getting topology information
[2026-05-16T03:05:13.767+0000] {subprocess.py:93} INFO - 26/05/16 03:05:13 INFO BlockManagerMasterEndpoint: BlockManagerMasterEndpoint up
[2026-05-16T03:05:13.775+0000] {subprocess.py:93} INFO - 26/05/16 03:05:13 INFO SparkEnv: Registering BlockManagerMasterHeartbeat
[2026-05-16T03:05:13.813+0000] {subprocess.py:93} INFO - 26/05/16 03:05:13 INFO DiskBlockManager: Created local directory at /tmp/blockmgr-4e5f6394-a3fe-4ecd-9541-de3a2e8deb85
[2026-05-16T03:05:13.836+0000] {subprocess.py:93} INFO - 26/05/16 03:05:13 INFO MemoryStore: MemoryStore started with capacity 434.4 MiB
[2026-05-16T03:05:13.877+0000] {subprocess.py:93} INFO - 26/05/16 03:05:13 INFO SparkEnv: Registering OutputCommitCoordinator
[2026-05-16T03:05:14.285+0000] {subprocess.py:93} INFO - 26/05/16 03:05:14 INFO JettyUtils: Start Jetty 0.0.0.0:4040 for SparkUI
[2026-05-16T03:05:14.465+0000] {subprocess.py:93} INFO - 26/05/16 03:05:14 INFO Utils: Successfully started service 'SparkUI' on port 4040.
[2026-05-16T03:05:14.534+0000] {subprocess.py:93} INFO - 26/05/16 03:05:14 INFO SparkContext: Added JAR file:///opt/airflow/jars/aws-java-sdk-bundle-1.12.262.jar at spark://e8a9653e4a1b:38187/jars/aws-java-sdk-bundle-1.12.262.jar with timestamp 1778900712911
[2026-05-16T03:05:14.535+0000] {subprocess.py:93} INFO - 26/05/16 03:05:14 INFO SparkContext: Added JAR file:///opt/airflow/jars/hadoop-aws-3.3.4.jar at spark://e8a9653e4a1b:38187/jars/hadoop-aws-3.3.4.jar with timestamp 1778900712911
[2026-05-16T03:05:14.537+0000] {subprocess.py:93} INFO - 26/05/16 03:05:14 INFO SparkContext: Added JAR file:///opt/airflow/jars/postgresql-42.7.3.jar at spark://e8a9653e4a1b:38187/jars/postgresql-42.7.3.jar with timestamp 1778900712911
[2026-05-16T03:05:14.769+0000] {subprocess.py:93} INFO - 26/05/16 03:05:14 INFO StandaloneAppClient$ClientEndpoint: Connecting to master spark://spark-master:7077...
[2026-05-16T03:05:14.896+0000] {subprocess.py:93} INFO - 26/05/16 03:05:14 INFO TransportClientFactory: Successfully created connection to spark-master/172.18.0.6:7077 after 77 ms (0 ms spent in bootstraps)
[2026-05-16T03:05:15.057+0000] {subprocess.py:93} INFO - 26/05/16 03:05:15 INFO StandaloneSchedulerBackend: Connected to Spark cluster with app ID app-20260516030515-0126
[2026-05-16T03:05:15.065+0000] {subprocess.py:93} INFO - 26/05/16 03:05:15 INFO StandaloneAppClient$ClientEndpoint: Executor added: app-20260516030515-0126/0 on worker-20260514105200-172.18.0.13-40347 (172.18.0.13:40347) with 1 core(s)
[2026-05-16T03:05:15.068+0000] {subprocess.py:93} INFO - 26/05/16 03:05:15 INFO StandaloneSchedulerBackend: Granted executor ID app-20260516030515-0126/0 on hostPort 172.18.0.13:40347 with 1 core(s), 512.0 MiB RAM
[2026-05-16T03:05:15.076+0000] {subprocess.py:93} INFO - 26/05/16 03:05:15 INFO Utils: Successfully started service 'org.apache.spark.network.netty.NettyBlockTransferService' on port 46335.
[2026-05-16T03:05:15.078+0000] {subprocess.py:93} INFO - 26/05/16 03:05:15 INFO NettyBlockTransferService: Server created on e8a9653e4a1b:46335
[2026-05-16T03:05:15.082+0000] {subprocess.py:93} INFO - 26/05/16 03:05:15 INFO BlockManager: Using org.apache.spark.storage.RandomBlockReplicationPolicy for block replication policy
[2026-05-16T03:05:15.093+0000] {subprocess.py:93} INFO - 26/05/16 03:05:15 INFO BlockManagerMaster: Registering BlockManager BlockManagerId(driver, e8a9653e4a1b, 46335, None)
[2026-05-16T03:05:15.101+0000] {subprocess.py:93} INFO - 26/05/16 03:05:15 INFO BlockManagerMasterEndpoint: Registering block manager e8a9653e4a1b:46335 with 434.4 MiB RAM, BlockManagerId(driver, e8a9653e4a1b, 46335, None)
[2026-05-16T03:05:15.106+0000] {subprocess.py:93} INFO - 26/05/16 03:05:15 INFO BlockManagerMaster: Registered BlockManager BlockManagerId(driver, e8a9653e4a1b, 46335, None)
[2026-05-16T03:05:15.109+0000] {subprocess.py:93} INFO - 26/05/16 03:05:15 INFO BlockManager: Initialized BlockManager: BlockManagerId(driver, e8a9653e4a1b, 46335, None)
[2026-05-16T03:05:15.118+0000] {subprocess.py:93} INFO - 26/05/16 03:05:15 INFO StandaloneAppClient$ClientEndpoint: Executor updated: app-20260516030515-0126/0 is now RUNNING
[2026-05-16T03:05:15.590+0000] {subprocess.py:93} INFO - 26/05/16 03:05:15 INFO StandaloneSchedulerBackend: SchedulerBackend is ready for scheduling beginning after reached minRegisteredResourcesRatio: 0.0
[2026-05-16T03:05:17.560+0000] {subprocess.py:93} INFO - 26/05/16 03:05:17 WARN MetricsConfig: Cannot locate configuration: tried hadoop-metrics2-s3a-file-system.properties,hadoop-metrics2.properties
[2026-05-16T03:05:28.078+0000] {subprocess.py:93} INFO - Lecture SILVER terminée
[2026-05-16T03:05:54.906+0000] {subprocess.py:93} INFO - Table articles_par_jour créée
[2026-05-16T03:06:16.854+0000] {subprocess.py:93} INFO - Table articles_par_source créée
[2026-05-16T03:06:34.240+0000] {subprocess.py:93} INFO - Table top_categories créée
[2026-05-16T03:06:48.927+0000] {subprocess.py:93} INFO - Table articles_par_source_jour créée
[2026-05-16T03:06:48.929+0000] {subprocess.py:93} INFO - 
[2026-05-16T03:06:48.931+0000] {subprocess.py:93} INFO - ==============================
[2026-05-16T03:06:48.934+0000] {subprocess.py:93} INFO - GOLD LAYER TERMINÉ
[2026-05-16T03:06:48.935+0000] {subprocess.py:93} INFO - ==============================
[2026-05-16T03:06:49.689+0000] {subprocess.py:97} INFO - Command exited with return code 0
[2026-05-16T03:06:49.693+0000] {taskinstance.py:441} INFO - ::group::Post task execution logs
[2026-05-16T03:06:50.325+0000] {taskinstance.py:1206} INFO - Marking task as SUCCESS. dag_id=medallion_gold_layer, task_id=gold_processing, run_id=scheduled__2026-05-16T03:00:00+00:00, execution_date=20260516T030000, start_date=20260516T030502, end_date=20260516T030650
[2026-05-16T03:06:50.462+0000] {local_task_job_runner.py:240} INFO - Task exited with return code 0
[2026-05-16T03:06:50.597+0000] {taskinstance.py:3498} INFO - 0 downstream tasks scheduled from follow-on schedule check
[2026-05-16T03:06:50.622+0000] {local_task_job_runner.py:222} INFO - ::endgroup::
