[2026-05-15T14:20:01.963+0000] {local_task_job_runner.py:120} INFO - ::group::Pre task execution logs
[2026-05-15T14:20:02.142+0000] {taskinstance.py:2076} INFO - Dependencies all met for dep_context=non-requeueable deps ti=<TaskInstance: medallion_gold_layer.gold_processing scheduled__2026-05-15T14:15:00+00:00 [queued]>
[2026-05-15T14:20:02.163+0000] {taskinstance.py:2076} INFO - Dependencies all met for dep_context=requeueable deps ti=<TaskInstance: medallion_gold_layer.gold_processing scheduled__2026-05-15T14:15:00+00:00 [queued]>
[2026-05-15T14:20:02.165+0000] {taskinstance.py:2306} INFO - Starting attempt 1 of 2
[2026-05-15T14:20:02.218+0000] {taskinstance.py:2330} INFO - Executing <Task(BashOperator): gold_processing> on 2026-05-15 14:15:00+00:00
[2026-05-15T14:20:02.230+0000] {standard_task_runner.py:63} INFO - Started process 14470 to run task
[2026-05-15T14:20:02.240+0000] {standard_task_runner.py:90} INFO - Running: ['airflow', 'tasks', 'run', 'medallion_gold_layer', 'gold_processing', 'scheduled__2026-05-15T14:15:00+00:00', '--job-id', '41', '--raw', '--subdir', 'DAGS_FOLDER/gold_layer_dag.py', '--cfg-path', '/tmp/tmpj_t0uvv2']
[2026-05-15T14:20:02.247+0000] {standard_task_runner.py:91} INFO - Job 41: Subtask gold_processing
[2026-05-15T14:20:02.695+0000] {task_command.py:426} INFO - Running <TaskInstance: medallion_gold_layer.gold_processing scheduled__2026-05-15T14:15:00+00:00 [running]> on host e8a9653e4a1b
[2026-05-15T14:20:03.497+0000] {taskinstance.py:2648} INFO - Exporting env vars: AIRFLOW_CTX_DAG_OWNER='anass' AIRFLOW_CTX_DAG_ID='medallion_gold_layer' AIRFLOW_CTX_TASK_ID='gold_processing' AIRFLOW_CTX_EXECUTION_DATE='2026-05-15T14:15:00+00:00' AIRFLOW_CTX_TRY_NUMBER='1' AIRFLOW_CTX_DAG_RUN_ID='scheduled__2026-05-15T14:15:00+00:00'
[2026-05-15T14:20:03.499+0000] {taskinstance.py:430} INFO - ::endgroup::
[2026-05-15T14:20:03.533+0000] {subprocess.py:63} INFO - Tmp dir root location: /tmp
[2026-05-15T14:20:03.537+0000] {subprocess.py:75} INFO - Running command: ['/usr/bin/bash', '-c', '\n    spark-submit     --master spark://spark-master:7077     --executor-memory 512M     --executor-cores 1     --total-executor-cores 1     --jars /opt/airflow/jars/aws-java-sdk-bundle-1.12.262.jar,/opt/airflow/jars/hadoop-aws-3.3.4.jar,/opt/airflow/jars/postgresql-42.7.3.jar     /opt/spark_jobs/gold_processor.py\n    ']
[2026-05-15T14:20:03.557+0000] {subprocess.py:86} INFO - Output:
[2026-05-15T14:20:06.577+0000] {subprocess.py:93} INFO - 26/05/15 14:20:06 WARN NativeCodeLoader: Unable to load native-hadoop library for your platform... using builtin-java classes where applicable
[2026-05-15T14:20:08.517+0000] {subprocess.py:93} INFO - 26/05/15 14:20:08 INFO SparkContext: Running Spark version 3.5.1
[2026-05-15T14:20:08.518+0000] {subprocess.py:93} INFO - 26/05/15 14:20:08 INFO SparkContext: OS info Linux, 6.6.87.2-microsoft-standard-WSL2, amd64
[2026-05-15T14:20:08.519+0000] {subprocess.py:93} INFO - 26/05/15 14:20:08 INFO SparkContext: Java version 17.0.19
[2026-05-15T14:20:08.560+0000] {subprocess.py:93} INFO - 26/05/15 14:20:08 INFO ResourceUtils: ==============================================================
[2026-05-15T14:20:08.562+0000] {subprocess.py:93} INFO - 26/05/15 14:20:08 INFO ResourceUtils: No custom resources configured for spark.driver.
[2026-05-15T14:20:08.563+0000] {subprocess.py:93} INFO - 26/05/15 14:20:08 INFO ResourceUtils: ==============================================================
[2026-05-15T14:20:08.564+0000] {subprocess.py:93} INFO - 26/05/15 14:20:08 INFO SparkContext: Submitted application: GoldLayerProcessor
[2026-05-15T14:20:08.592+0000] {subprocess.py:93} INFO - 26/05/15 14:20:08 INFO ResourceProfile: Default ResourceProfile created, executor resources: Map(cores -> name: cores, amount: 1, script: , vendor: , memory -> name: memory, amount: 512, script: , vendor: , offHeap -> name: offHeap, amount: 0, script: , vendor: ), task resources: Map(cpus -> name: cpus, amount: 1.0)
[2026-05-15T14:20:08.607+0000] {subprocess.py:93} INFO - 26/05/15 14:20:08 INFO ResourceProfile: Limiting resource is cpus at 1 tasks per executor
[2026-05-15T14:20:08.611+0000] {subprocess.py:93} INFO - 26/05/15 14:20:08 INFO ResourceProfileManager: Added ResourceProfile id: 0
[2026-05-15T14:20:08.685+0000] {subprocess.py:93} INFO - 26/05/15 14:20:08 INFO SecurityManager: Changing view acls to: airflow
[2026-05-15T14:20:08.687+0000] {subprocess.py:93} INFO - 26/05/15 14:20:08 INFO SecurityManager: Changing modify acls to: airflow
[2026-05-15T14:20:08.687+0000] {subprocess.py:93} INFO - 26/05/15 14:20:08 INFO SecurityManager: Changing view acls groups to:
[2026-05-15T14:20:08.689+0000] {subprocess.py:93} INFO - 26/05/15 14:20:08 INFO SecurityManager: Changing modify acls groups to:
[2026-05-15T14:20:08.691+0000] {subprocess.py:93} INFO - 26/05/15 14:20:08 INFO SecurityManager: SecurityManager: authentication disabled; ui acls disabled; users with view permissions: airflow; groups with view permissions: EMPTY; users with modify permissions: airflow; groups with modify permissions: EMPTY
[2026-05-15T14:20:09.044+0000] {subprocess.py:93} INFO - 26/05/15 14:20:09 INFO Utils: Successfully started service 'sparkDriver' on port 45319.
[2026-05-15T14:20:09.089+0000] {subprocess.py:93} INFO - 26/05/15 14:20:09 INFO SparkEnv: Registering MapOutputTracker
[2026-05-15T14:20:09.150+0000] {subprocess.py:93} INFO - 26/05/15 14:20:09 INFO SparkEnv: Registering BlockManagerMaster
[2026-05-15T14:20:09.181+0000] {subprocess.py:93} INFO - 26/05/15 14:20:09 INFO BlockManagerMasterEndpoint: Using org.apache.spark.storage.DefaultTopologyMapper for getting topology information
[2026-05-15T14:20:09.182+0000] {subprocess.py:93} INFO - 26/05/15 14:20:09 INFO BlockManagerMasterEndpoint: BlockManagerMasterEndpoint up
[2026-05-15T14:20:09.187+0000] {subprocess.py:93} INFO - 26/05/15 14:20:09 INFO SparkEnv: Registering BlockManagerMasterHeartbeat
[2026-05-15T14:20:09.210+0000] {subprocess.py:93} INFO - 26/05/15 14:20:09 INFO DiskBlockManager: Created local directory at /tmp/blockmgr-0d48d1d8-6654-464e-b8d4-9b3b767c1a99
[2026-05-15T14:20:09.234+0000] {subprocess.py:93} INFO - 26/05/15 14:20:09 INFO MemoryStore: MemoryStore started with capacity 434.4 MiB
[2026-05-15T14:20:09.266+0000] {subprocess.py:93} INFO - 26/05/15 14:20:09 INFO SparkEnv: Registering OutputCommitCoordinator
[2026-05-15T14:20:09.478+0000] {subprocess.py:93} INFO - 26/05/15 14:20:09 INFO JettyUtils: Start Jetty 0.0.0.0:4040 for SparkUI
[2026-05-15T14:20:09.600+0000] {subprocess.py:93} INFO - 26/05/15 14:20:09 INFO Utils: Successfully started service 'SparkUI' on port 4040.
[2026-05-15T14:20:09.669+0000] {subprocess.py:93} INFO - 26/05/15 14:20:09 INFO SparkContext: Added JAR file:///opt/airflow/jars/aws-java-sdk-bundle-1.12.262.jar at spark://e8a9653e4a1b:45319/jars/aws-java-sdk-bundle-1.12.262.jar with timestamp 1778854808507
[2026-05-15T14:20:09.671+0000] {subprocess.py:93} INFO - 26/05/15 14:20:09 INFO SparkContext: Added JAR file:///opt/airflow/jars/hadoop-aws-3.3.4.jar at spark://e8a9653e4a1b:45319/jars/hadoop-aws-3.3.4.jar with timestamp 1778854808507
[2026-05-15T14:20:09.672+0000] {subprocess.py:93} INFO - 26/05/15 14:20:09 INFO SparkContext: Added JAR file:///opt/airflow/jars/postgresql-42.7.3.jar at spark://e8a9653e4a1b:45319/jars/postgresql-42.7.3.jar with timestamp 1778854808507
[2026-05-15T14:20:09.811+0000] {subprocess.py:93} INFO - 26/05/15 14:20:09 INFO StandaloneAppClient$ClientEndpoint: Connecting to master spark://spark-master:7077...
[2026-05-15T14:20:09.870+0000] {subprocess.py:93} INFO - 26/05/15 14:20:09 INFO TransportClientFactory: Successfully created connection to spark-master/172.18.0.6:7077 after 31 ms (0 ms spent in bootstraps)
[2026-05-15T14:20:09.975+0000] {subprocess.py:93} INFO - 26/05/15 14:20:09 INFO StandaloneSchedulerBackend: Connected to Spark cluster with app ID app-20260515142009-0040
[2026-05-15T14:20:09.980+0000] {subprocess.py:93} INFO - 26/05/15 14:20:09 INFO StandaloneAppClient$ClientEndpoint: Executor added: app-20260515142009-0040/0 on worker-20260514105200-172.18.0.13-40347 (172.18.0.13:40347) with 1 core(s)
[2026-05-15T14:20:09.983+0000] {subprocess.py:93} INFO - 26/05/15 14:20:09 INFO StandaloneSchedulerBackend: Granted executor ID app-20260515142009-0040/0 on hostPort 172.18.0.13:40347 with 1 core(s), 512.0 MiB RAM
[2026-05-15T14:20:09.989+0000] {subprocess.py:93} INFO - 26/05/15 14:20:09 INFO Utils: Successfully started service 'org.apache.spark.network.netty.NettyBlockTransferService' on port 34579.
[2026-05-15T14:20:09.990+0000] {subprocess.py:93} INFO - 26/05/15 14:20:09 INFO NettyBlockTransferService: Server created on e8a9653e4a1b:34579
[2026-05-15T14:20:09.992+0000] {subprocess.py:93} INFO - 26/05/15 14:20:09 INFO BlockManager: Using org.apache.spark.storage.RandomBlockReplicationPolicy for block replication policy
[2026-05-15T14:20:10.001+0000] {subprocess.py:93} INFO - 26/05/15 14:20:10 INFO BlockManagerMaster: Registering BlockManager BlockManagerId(driver, e8a9653e4a1b, 34579, None)
[2026-05-15T14:20:10.005+0000] {subprocess.py:93} INFO - 26/05/15 14:20:10 INFO BlockManagerMasterEndpoint: Registering block manager e8a9653e4a1b:34579 with 434.4 MiB RAM, BlockManagerId(driver, e8a9653e4a1b, 34579, None)
[2026-05-15T14:20:10.010+0000] {subprocess.py:93} INFO - 26/05/15 14:20:10 INFO BlockManagerMaster: Registered BlockManager BlockManagerId(driver, e8a9653e4a1b, 34579, None)
[2026-05-15T14:20:10.012+0000] {subprocess.py:93} INFO - 26/05/15 14:20:10 INFO BlockManager: Initialized BlockManager: BlockManagerId(driver, e8a9653e4a1b, 34579, None)
[2026-05-15T14:20:10.056+0000] {subprocess.py:93} INFO - 26/05/15 14:20:10 INFO StandaloneAppClient$ClientEndpoint: Executor updated: app-20260515142009-0040/0 is now RUNNING
[2026-05-15T14:20:10.357+0000] {subprocess.py:93} INFO - 26/05/15 14:20:10 INFO StandaloneSchedulerBackend: SchedulerBackend is ready for scheduling beginning after reached minRegisteredResourcesRatio: 0.0
[2026-05-15T14:20:12.510+0000] {subprocess.py:93} INFO - 26/05/15 14:20:12 WARN MetricsConfig: Cannot locate configuration: tried hadoop-metrics2-s3a-file-system.properties,hadoop-metrics2.properties
[2026-05-15T14:20:24.604+0000] {subprocess.py:93} INFO - Lecture SILVER terminée
[2026-05-15T14:20:37.443+0000] {subprocess.py:93} INFO - Table articles_par_jour créée
[2026-05-15T14:20:46.628+0000] {subprocess.py:93} INFO - Table articles_par_source créée
[2026-05-15T14:20:54.076+0000] {subprocess.py:93} INFO - Table top_categories créée
[2026-05-15T14:21:01.549+0000] {subprocess.py:93} INFO - Table articles_par_source_jour créée
[2026-05-15T14:21:01.555+0000] {subprocess.py:93} INFO - 
[2026-05-15T14:21:01.557+0000] {subprocess.py:93} INFO - ==============================
[2026-05-15T14:21:01.559+0000] {subprocess.py:93} INFO - GOLD LAYER TERMINÉ
[2026-05-15T14:21:01.560+0000] {subprocess.py:93} INFO - ==============================
[2026-05-15T14:21:02.251+0000] {subprocess.py:97} INFO - Command exited with return code 0
[2026-05-15T14:21:02.254+0000] {taskinstance.py:441} INFO - ::group::Post task execution logs
[2026-05-15T14:21:02.881+0000] {taskinstance.py:1206} INFO - Marking task as SUCCESS. dag_id=medallion_gold_layer, task_id=gold_processing, run_id=scheduled__2026-05-15T14:15:00+00:00, execution_date=20260515T141500, start_date=20260515T142002, end_date=20260515T142102
[2026-05-15T14:21:02.982+0000] {local_task_job_runner.py:240} INFO - Task exited with return code 0
[2026-05-15T14:21:03.134+0000] {taskinstance.py:3498} INFO - 0 downstream tasks scheduled from follow-on schedule check
[2026-05-15T14:21:03.157+0000] {local_task_job_runner.py:222} INFO - ::endgroup::
