[2026-05-17T01:15:07.929+0000] {local_task_job_runner.py:120} INFO - ::group::Pre task execution logs
[2026-05-17T01:15:09.031+0000] {taskinstance.py:2076} INFO - Dependencies all met for dep_context=non-requeueable deps ti=<TaskInstance: medallion_gold_layer.gold_processing scheduled__2026-05-17T01:10:00+00:00 [queued]>
[2026-05-17T01:15:09.136+0000] {taskinstance.py:2076} INFO - Dependencies all met for dep_context=requeueable deps ti=<TaskInstance: medallion_gold_layer.gold_processing scheduled__2026-05-17T01:10:00+00:00 [queued]>
[2026-05-17T01:15:09.146+0000] {taskinstance.py:2306} INFO - Starting attempt 1 of 2
[2026-05-17T01:15:09.595+0000] {taskinstance.py:2330} INFO - Executing <Task(BashOperator): gold_processing> on 2026-05-17 01:10:00+00:00
[2026-05-17T01:15:09.674+0000] {standard_task_runner.py:63} INFO - Started process 60570 to run task
[2026-05-17T01:15:09.736+0000] {standard_task_runner.py:90} INFO - Running: ['airflow', 'tasks', 'run', 'medallion_gold_layer', 'gold_processing', 'scheduled__2026-05-17T01:10:00+00:00', '--job-id', '159', '--raw', '--subdir', 'DAGS_FOLDER/gold_layer_dag.py', '--cfg-path', '/tmp/tmpt01hlak7']
[2026-05-17T01:15:09.854+0000] {standard_task_runner.py:91} INFO - Job 159: Subtask gold_processing
[2026-05-17T01:15:12.721+0000] {task_command.py:426} INFO - Running <TaskInstance: medallion_gold_layer.gold_processing scheduled__2026-05-17T01:10:00+00:00 [running]> on host e8a9653e4a1b
[2026-05-17T01:15:16.023+0000] {taskinstance.py:2648} INFO - Exporting env vars: AIRFLOW_CTX_DAG_OWNER='anass' AIRFLOW_CTX_DAG_ID='medallion_gold_layer' AIRFLOW_CTX_TASK_ID='gold_processing' AIRFLOW_CTX_EXECUTION_DATE='2026-05-17T01:10:00+00:00' AIRFLOW_CTX_TRY_NUMBER='1' AIRFLOW_CTX_DAG_RUN_ID='scheduled__2026-05-17T01:10:00+00:00'
[2026-05-17T01:15:16.027+0000] {taskinstance.py:430} INFO - ::endgroup::
[2026-05-17T01:15:16.152+0000] {subprocess.py:63} INFO - Tmp dir root location: /tmp
[2026-05-17T01:15:16.159+0000] {subprocess.py:75} INFO - Running command: ['/usr/bin/bash', '-c', '\n    spark-submit     --master spark://spark-master:7077     --executor-memory 512M     --executor-cores 1     --total-executor-cores 1     --jars /opt/airflow/jars/aws-java-sdk-bundle-1.12.262.jar,/opt/airflow/jars/hadoop-aws-3.3.4.jar,/opt/airflow/jars/postgresql-42.7.3.jar     /opt/spark_jobs/gold_processor.py\n    ']
[2026-05-17T01:15:16.252+0000] {subprocess.py:86} INFO - Output:
[2026-05-17T01:15:57.675+0000] {subprocess.py:93} INFO - 26/05/17 01:15:57 WARN NativeCodeLoader: Unable to load native-hadoop library for your platform... using builtin-java classes where applicable
[2026-05-17T01:16:27.152+0000] {subprocess.py:93} INFO - 26/05/17 01:16:27 INFO SparkContext: Running Spark version 3.5.1
[2026-05-17T01:16:27.167+0000] {subprocess.py:93} INFO - 26/05/17 01:16:27 INFO SparkContext: OS info Linux, 6.6.87.2-microsoft-standard-WSL2, amd64
[2026-05-17T01:16:27.176+0000] {subprocess.py:93} INFO - 26/05/17 01:16:27 INFO SparkContext: Java version 17.0.19
[2026-05-17T01:16:27.530+0000] {subprocess.py:93} INFO - 26/05/17 01:16:27 INFO ResourceUtils: ==============================================================
[2026-05-17T01:16:27.534+0000] {subprocess.py:93} INFO - 26/05/17 01:16:27 INFO ResourceUtils: No custom resources configured for spark.driver.
[2026-05-17T01:16:27.543+0000] {subprocess.py:93} INFO - 26/05/17 01:16:27 INFO ResourceUtils: ==============================================================
[2026-05-17T01:16:27.554+0000] {subprocess.py:93} INFO - 26/05/17 01:16:27 INFO SparkContext: Submitted application: GoldLayerProcessor
[2026-05-17T01:16:28.078+0000] {subprocess.py:93} INFO - 26/05/17 01:16:28 INFO ResourceProfile: Default ResourceProfile created, executor resources: Map(cores -> name: cores, amount: 1, script: , vendor: , memory -> name: memory, amount: 512, script: , vendor: , offHeap -> name: offHeap, amount: 0, script: , vendor: ), task resources: Map(cpus -> name: cpus, amount: 1.0)
[2026-05-17T01:16:28.316+0000] {subprocess.py:93} INFO - 26/05/17 01:16:28 INFO ResourceProfile: Limiting resource is cpus at 1 tasks per executor
[2026-05-17T01:16:28.380+0000] {subprocess.py:93} INFO - 26/05/17 01:16:28 INFO ResourceProfileManager: Added ResourceProfile id: 0
[2026-05-17T01:16:29.650+0000] {subprocess.py:93} INFO - 26/05/17 01:16:29 INFO SecurityManager: Changing view acls to: airflow
[2026-05-17T01:16:29.668+0000] {subprocess.py:93} INFO - 26/05/17 01:16:29 INFO SecurityManager: Changing modify acls to: airflow
[2026-05-17T01:16:29.684+0000] {subprocess.py:93} INFO - 26/05/17 01:16:29 INFO SecurityManager: Changing view acls groups to:
[2026-05-17T01:16:29.711+0000] {subprocess.py:93} INFO - 26/05/17 01:16:29 INFO SecurityManager: Changing modify acls groups to:
[2026-05-17T01:16:29.728+0000] {subprocess.py:93} INFO - 26/05/17 01:16:29 INFO SecurityManager: SecurityManager: authentication disabled; ui acls disabled; users with view permissions: airflow; groups with view permissions: EMPTY; users with modify permissions: airflow; groups with modify permissions: EMPTY
[2026-05-17T01:16:35.899+0000] {subprocess.py:93} INFO - 26/05/17 01:16:35 INFO Utils: Successfully started service 'sparkDriver' on port 37493.
[2026-05-17T01:16:36.639+0000] {subprocess.py:93} INFO - 26/05/17 01:16:36 INFO SparkEnv: Registering MapOutputTracker
[2026-05-17T01:16:37.496+0000] {subprocess.py:93} INFO - 26/05/17 01:16:37 INFO SparkEnv: Registering BlockManagerMaster
[2026-05-17T01:16:37.943+0000] {subprocess.py:93} INFO - 26/05/17 01:16:37 INFO BlockManagerMasterEndpoint: Using org.apache.spark.storage.DefaultTopologyMapper for getting topology information
[2026-05-17T01:16:37.960+0000] {subprocess.py:93} INFO - 26/05/17 01:16:37 INFO BlockManagerMasterEndpoint: BlockManagerMasterEndpoint up
[2026-05-17T01:16:38.056+0000] {subprocess.py:93} INFO - 26/05/17 01:16:38 INFO SparkEnv: Registering BlockManagerMasterHeartbeat
[2026-05-17T01:16:38.493+0000] {subprocess.py:93} INFO - 26/05/17 01:16:38 INFO DiskBlockManager: Created local directory at /tmp/blockmgr-f40af6f2-685a-4271-af91-f08a58c2a700
[2026-05-17T01:16:38.798+0000] {subprocess.py:93} INFO - 26/05/17 01:16:38 INFO MemoryStore: MemoryStore started with capacity 434.4 MiB
[2026-05-17T01:16:39.139+0000] {subprocess.py:93} INFO - 26/05/17 01:16:39 INFO SparkEnv: Registering OutputCommitCoordinator
[2026-05-17T01:16:41.313+0000] {subprocess.py:93} INFO - 26/05/17 01:16:41 INFO JettyUtils: Start Jetty 0.0.0.0:4040 for SparkUI
[2026-05-17T01:16:42.962+0000] {subprocess.py:93} INFO - 26/05/17 01:16:42 INFO Utils: Successfully started service 'SparkUI' on port 4040.
[2026-05-17T01:16:44.430+0000] {subprocess.py:93} INFO - 26/05/17 01:16:44 INFO SparkContext: Added JAR file:///opt/airflow/jars/aws-java-sdk-bundle-1.12.262.jar at spark://e8a9653e4a1b:37493/jars/aws-java-sdk-bundle-1.12.262.jar with timestamp 1778980586990
[2026-05-17T01:16:44.476+0000] {subprocess.py:93} INFO - 26/05/17 01:16:44 INFO SparkContext: Added JAR file:///opt/airflow/jars/hadoop-aws-3.3.4.jar at spark://e8a9653e4a1b:37493/jars/hadoop-aws-3.3.4.jar with timestamp 1778980586990
[2026-05-17T01:16:44.494+0000] {subprocess.py:93} INFO - 26/05/17 01:16:44 INFO SparkContext: Added JAR file:///opt/airflow/jars/postgresql-42.7.3.jar at spark://e8a9653e4a1b:37493/jars/postgresql-42.7.3.jar with timestamp 1778980586990
[2026-05-17T01:16:47.276+0000] {subprocess.py:93} INFO - 26/05/17 01:16:47 INFO StandaloneAppClient$ClientEndpoint: Connecting to master spark://spark-master:7077...
[2026-05-17T01:16:48.555+0000] {subprocess.py:93} INFO - 26/05/17 01:16:48 INFO TransportClientFactory: Successfully created connection to spark-master/172.18.0.6:7077 after 770 ms (0 ms spent in bootstraps)
[2026-05-17T01:16:50.377+0000] {subprocess.py:93} INFO - 26/05/17 01:16:50 INFO StandaloneSchedulerBackend: Connected to Spark cluster with app ID app-20260517011650-0158
[2026-05-17T01:16:50.429+0000] {subprocess.py:93} INFO - 26/05/17 01:16:50 INFO StandaloneAppClient$ClientEndpoint: Executor added: app-20260517011650-0158/0 on worker-20260514105200-172.18.0.13-40347 (172.18.0.13:40347) with 1 core(s)
[2026-05-17T01:16:50.443+0000] {subprocess.py:93} INFO - 26/05/17 01:16:50 INFO StandaloneSchedulerBackend: Granted executor ID app-20260517011650-0158/0 on hostPort 172.18.0.13:40347 with 1 core(s), 512.0 MiB RAM
[2026-05-17T01:16:50.513+0000] {subprocess.py:93} INFO - 26/05/17 01:16:50 INFO Utils: Successfully started service 'org.apache.spark.network.netty.NettyBlockTransferService' on port 40655.
[2026-05-17T01:16:50.533+0000] {subprocess.py:93} INFO - 26/05/17 01:16:50 INFO NettyBlockTransferService: Server created on e8a9653e4a1b:40655
[2026-05-17T01:16:50.553+0000] {subprocess.py:93} INFO - 26/05/17 01:16:50 INFO BlockManager: Using org.apache.spark.storage.RandomBlockReplicationPolicy for block replication policy
[2026-05-17T01:16:50.636+0000] {subprocess.py:93} INFO - 26/05/17 01:16:50 INFO BlockManagerMaster: Registering BlockManager BlockManagerId(driver, e8a9653e4a1b, 40655, None)
[2026-05-17T01:16:50.743+0000] {subprocess.py:93} INFO - 26/05/17 01:16:50 INFO BlockManagerMasterEndpoint: Registering block manager e8a9653e4a1b:40655 with 434.4 MiB RAM, BlockManagerId(driver, e8a9653e4a1b, 40655, None)
[2026-05-17T01:16:50.813+0000] {subprocess.py:93} INFO - 26/05/17 01:16:50 INFO BlockManagerMaster: Registered BlockManager BlockManagerId(driver, e8a9653e4a1b, 40655, None)
[2026-05-17T01:16:50.862+0000] {subprocess.py:93} INFO - 26/05/17 01:16:50 INFO BlockManager: Initialized BlockManager: BlockManagerId(driver, e8a9653e4a1b, 40655, None)
[2026-05-17T01:16:51.077+0000] {subprocess.py:93} INFO - 26/05/17 01:16:51 INFO StandaloneAppClient$ClientEndpoint: Executor updated: app-20260517011650-0158/0 is now RUNNING
[2026-05-17T01:16:55.995+0000] {subprocess.py:93} INFO - 26/05/17 01:16:55 INFO StandaloneSchedulerBackend: SchedulerBackend is ready for scheduling beginning after reached minRegisteredResourcesRatio: 0.0
[2026-05-17T01:17:14.689+0000] {subprocess.py:93} INFO - 26/05/17 01:17:14 WARN MetricsConfig: Cannot locate configuration: tried hadoop-metrics2-s3a-file-system.properties,hadoop-metrics2.properties
[2026-05-17T01:17:25.342+0000] {subprocess.py:93} INFO - Lecture SILVER terminée
[2026-05-17T01:17:39.118+0000] {subprocess.py:93} INFO - Table articles_par_jour créée
[2026-05-17T01:17:48.929+0000] {subprocess.py:93} INFO - Table articles_par_source créée
[2026-05-17T01:17:57.935+0000] {subprocess.py:93} INFO - Table top_categories créée
[2026-05-17T01:18:05.178+0000] {subprocess.py:93} INFO - Table articles_par_source_jour créée
[2026-05-17T01:18:05.179+0000] {subprocess.py:93} INFO - 
[2026-05-17T01:18:05.180+0000] {subprocess.py:93} INFO - ==============================
[2026-05-17T01:18:05.181+0000] {subprocess.py:93} INFO - GOLD LAYER TERMINÉ
[2026-05-17T01:18:05.181+0000] {subprocess.py:93} INFO - ==============================
[2026-05-17T01:18:05.401+0000] {subprocess.py:97} INFO - Command exited with return code 0
[2026-05-17T01:18:05.402+0000] {taskinstance.py:441} INFO - ::group::Post task execution logs
[2026-05-17T01:18:05.738+0000] {taskinstance.py:1206} INFO - Marking task as SUCCESS. dag_id=medallion_gold_layer, task_id=gold_processing, run_id=scheduled__2026-05-17T01:10:00+00:00, execution_date=20260517T011000, start_date=20260517T011509, end_date=20260517T011805
[2026-05-17T01:18:05.801+0000] {local_task_job_runner.py:240} INFO - Task exited with return code 0
[2026-05-17T01:18:05.848+0000] {taskinstance.py:3498} INFO - 0 downstream tasks scheduled from follow-on schedule check
[2026-05-17T01:18:05.851+0000] {local_task_job_runner.py:222} INFO - ::endgroup::
