[2026-05-19T10:00:02.501+0000] {local_task_job_runner.py:120} INFO - ::group::Pre task execution logs
[2026-05-19T10:00:02.670+0000] {taskinstance.py:2076} INFO - Dependencies all met for dep_context=non-requeueable deps ti=<TaskInstance: medallion_gold_layer.gold_processing scheduled__2026-05-19T09:55:00+00:00 [queued]>
[2026-05-19T10:00:02.699+0000] {taskinstance.py:2076} INFO - Dependencies all met for dep_context=requeueable deps ti=<TaskInstance: medallion_gold_layer.gold_processing scheduled__2026-05-19T09:55:00+00:00 [queued]>
[2026-05-19T10:00:02.702+0000] {taskinstance.py:2306} INFO - Starting attempt 1 of 2
[2026-05-19T10:00:02.775+0000] {taskinstance.py:2330} INFO - Executing <Task(BashOperator): gold_processing> on 2026-05-19 09:55:00+00:00
[2026-05-19T10:00:02.791+0000] {standard_task_runner.py:63} INFO - Started process 5209 to run task
[2026-05-19T10:00:02.802+0000] {standard_task_runner.py:90} INFO - Running: ['airflow', 'tasks', 'run', 'medallion_gold_layer', 'gold_processing', 'scheduled__2026-05-19T09:55:00+00:00', '--job-id', '294', '--raw', '--subdir', 'DAGS_FOLDER/gold_layer_dag.py', '--cfg-path', '/tmp/tmpi20sohu0']
[2026-05-19T10:00:02.812+0000] {standard_task_runner.py:91} INFO - Job 294: Subtask gold_processing
[2026-05-19T10:00:03.368+0000] {task_command.py:426} INFO - Running <TaskInstance: medallion_gold_layer.gold_processing scheduled__2026-05-19T09:55:00+00:00 [running]> on host c43074c3fd7c
[2026-05-19T10:00:04.248+0000] {taskinstance.py:2648} INFO - Exporting env vars: AIRFLOW_CTX_DAG_OWNER='ikram' AIRFLOW_CTX_DAG_ID='medallion_gold_layer' AIRFLOW_CTX_TASK_ID='gold_processing' AIRFLOW_CTX_EXECUTION_DATE='2026-05-19T09:55:00+00:00' AIRFLOW_CTX_TRY_NUMBER='1' AIRFLOW_CTX_DAG_RUN_ID='scheduled__2026-05-19T09:55:00+00:00'
[2026-05-19T10:00:04.251+0000] {taskinstance.py:430} INFO - ::endgroup::
[2026-05-19T10:00:04.294+0000] {subprocess.py:63} INFO - Tmp dir root location: /tmp
[2026-05-19T10:00:04.296+0000] {subprocess.py:75} INFO - Running command: ['/usr/bin/bash', '-c', '\n    spark-submit     --master spark://spark-master:7077     --executor-memory 512M     --executor-cores 1     --total-executor-cores 1     --jars /opt/airflow/jars/aws-java-sdk-bundle-1.12.262.jar,/opt/airflow/jars/hadoop-aws-3.3.4.jar,/opt/airflow/jars/postgresql-42.7.3.jar     /opt/spark_jobs/gold_processor.py\n    ']
[2026-05-19T10:00:04.315+0000] {subprocess.py:86} INFO - Output:
[2026-05-19T10:00:07.998+0000] {subprocess.py:93} INFO - 26/05/19 10:00:07 WARN NativeCodeLoader: Unable to load native-hadoop library for your platform... using builtin-java classes where applicable
[2026-05-19T10:00:11.412+0000] {subprocess.py:93} INFO - 26/05/19 10:00:11 INFO SparkContext: Running Spark version 3.5.1
[2026-05-19T10:00:11.414+0000] {subprocess.py:93} INFO - 26/05/19 10:00:11 INFO SparkContext: OS info Linux, 6.6.87.2-microsoft-standard-WSL2, amd64
[2026-05-19T10:00:11.415+0000] {subprocess.py:93} INFO - 26/05/19 10:00:11 INFO SparkContext: Java version 17.0.19
[2026-05-19T10:00:11.514+0000] {subprocess.py:93} INFO - 26/05/19 10:00:11 INFO ResourceUtils: ==============================================================
[2026-05-19T10:00:11.516+0000] {subprocess.py:93} INFO - 26/05/19 10:00:11 INFO ResourceUtils: No custom resources configured for spark.driver.
[2026-05-19T10:00:11.518+0000] {subprocess.py:93} INFO - 26/05/19 10:00:11 INFO ResourceUtils: ==============================================================
[2026-05-19T10:00:11.520+0000] {subprocess.py:93} INFO - 26/05/19 10:00:11 INFO SparkContext: Submitted application: GoldLayerProcessor
[2026-05-19T10:00:11.591+0000] {subprocess.py:93} INFO - 26/05/19 10:00:11 INFO ResourceProfile: Default ResourceProfile created, executor resources: Map(cores -> name: cores, amount: 1, script: , vendor: , memory -> name: memory, amount: 512, script: , vendor: , offHeap -> name: offHeap, amount: 0, script: , vendor: ), task resources: Map(cpus -> name: cpus, amount: 1.0)
[2026-05-19T10:00:11.614+0000] {subprocess.py:93} INFO - 26/05/19 10:00:11 INFO ResourceProfile: Limiting resource is cpus at 1 tasks per executor
[2026-05-19T10:00:11.618+0000] {subprocess.py:93} INFO - 26/05/19 10:00:11 INFO ResourceProfileManager: Added ResourceProfile id: 0
[2026-05-19T10:00:11.697+0000] {subprocess.py:93} INFO - 26/05/19 10:00:11 INFO SecurityManager: Changing view acls to: airflow
[2026-05-19T10:00:11.699+0000] {subprocess.py:93} INFO - 26/05/19 10:00:11 INFO SecurityManager: Changing modify acls to: airflow
[2026-05-19T10:00:11.700+0000] {subprocess.py:93} INFO - 26/05/19 10:00:11 INFO SecurityManager: Changing view acls groups to:
[2026-05-19T10:00:11.700+0000] {subprocess.py:93} INFO - 26/05/19 10:00:11 INFO SecurityManager: Changing modify acls groups to:
[2026-05-19T10:00:11.701+0000] {subprocess.py:93} INFO - 26/05/19 10:00:11 INFO SecurityManager: SecurityManager: authentication disabled; ui acls disabled; users with view permissions: airflow; groups with view permissions: EMPTY; users with modify permissions: airflow; groups with modify permissions: EMPTY
[2026-05-19T10:00:12.046+0000] {subprocess.py:93} INFO - 26/05/19 10:00:12 INFO Utils: Successfully started service 'sparkDriver' on port 35133.
[2026-05-19T10:00:12.106+0000] {subprocess.py:93} INFO - 26/05/19 10:00:12 INFO SparkEnv: Registering MapOutputTracker
[2026-05-19T10:00:12.154+0000] {subprocess.py:93} INFO - 26/05/19 10:00:12 INFO SparkEnv: Registering BlockManagerMaster
[2026-05-19T10:00:12.174+0000] {subprocess.py:93} INFO - 26/05/19 10:00:12 INFO BlockManagerMasterEndpoint: Using org.apache.spark.storage.DefaultTopologyMapper for getting topology information
[2026-05-19T10:00:12.175+0000] {subprocess.py:93} INFO - 26/05/19 10:00:12 INFO BlockManagerMasterEndpoint: BlockManagerMasterEndpoint up
[2026-05-19T10:00:12.179+0000] {subprocess.py:93} INFO - 26/05/19 10:00:12 INFO SparkEnv: Registering BlockManagerMasterHeartbeat
[2026-05-19T10:00:12.199+0000] {subprocess.py:93} INFO - 26/05/19 10:00:12 INFO DiskBlockManager: Created local directory at /tmp/blockmgr-4ba1b4db-b6eb-40ae-9374-3491e6df7785
[2026-05-19T10:00:12.216+0000] {subprocess.py:93} INFO - 26/05/19 10:00:12 INFO MemoryStore: MemoryStore started with capacity 434.4 MiB
[2026-05-19T10:00:12.244+0000] {subprocess.py:93} INFO - 26/05/19 10:00:12 INFO SparkEnv: Registering OutputCommitCoordinator
[2026-05-19T10:00:12.420+0000] {subprocess.py:93} INFO - 26/05/19 10:00:12 INFO JettyUtils: Start Jetty 0.0.0.0:4040 for SparkUI
[2026-05-19T10:00:12.536+0000] {subprocess.py:93} INFO - 26/05/19 10:00:12 INFO Utils: Successfully started service 'SparkUI' on port 4040.
[2026-05-19T10:00:12.607+0000] {subprocess.py:93} INFO - 26/05/19 10:00:12 INFO SparkContext: Added JAR file:///opt/airflow/jars/aws-java-sdk-bundle-1.12.262.jar at spark://c43074c3fd7c:35133/jars/aws-java-sdk-bundle-1.12.262.jar with timestamp 1779184811392
[2026-05-19T10:00:12.609+0000] {subprocess.py:93} INFO - 26/05/19 10:00:12 INFO SparkContext: Added JAR file:///opt/airflow/jars/hadoop-aws-3.3.4.jar at spark://c43074c3fd7c:35133/jars/hadoop-aws-3.3.4.jar with timestamp 1779184811392
[2026-05-19T10:00:12.611+0000] {subprocess.py:93} INFO - 26/05/19 10:00:12 INFO SparkContext: Added JAR file:///opt/airflow/jars/postgresql-42.7.3.jar at spark://c43074c3fd7c:35133/jars/postgresql-42.7.3.jar with timestamp 1779184811392
[2026-05-19T10:00:12.770+0000] {subprocess.py:93} INFO - 26/05/19 10:00:12 INFO StandaloneAppClient$ClientEndpoint: Connecting to master spark://spark-master:7077...
[2026-05-19T10:00:12.858+0000] {subprocess.py:93} INFO - 26/05/19 10:00:12 INFO TransportClientFactory: Successfully created connection to spark-master/172.18.0.4:7077 after 50 ms (0 ms spent in bootstraps)
[2026-05-19T10:00:13.037+0000] {subprocess.py:93} INFO - 26/05/19 10:00:13 INFO StandaloneSchedulerBackend: Connected to Spark cluster with app ID app-20260519100013-0023
[2026-05-19T10:00:13.041+0000] {subprocess.py:93} INFO - 26/05/19 10:00:13 INFO StandaloneAppClient$ClientEndpoint: Executor added: app-20260519100013-0023/0 on worker-20260518211503-172.18.0.3-40747 (172.18.0.3:40747) with 1 core(s)
[2026-05-19T10:00:13.045+0000] {subprocess.py:93} INFO - 26/05/19 10:00:13 INFO StandaloneSchedulerBackend: Granted executor ID app-20260519100013-0023/0 on hostPort 172.18.0.3:40747 with 1 core(s), 512.0 MiB RAM
[2026-05-19T10:00:13.063+0000] {subprocess.py:93} INFO - 26/05/19 10:00:13 INFO Utils: Successfully started service 'org.apache.spark.network.netty.NettyBlockTransferService' on port 38905.
[2026-05-19T10:00:13.065+0000] {subprocess.py:93} INFO - 26/05/19 10:00:13 INFO NettyBlockTransferService: Server created on c43074c3fd7c:38905
[2026-05-19T10:00:13.069+0000] {subprocess.py:93} INFO - 26/05/19 10:00:13 INFO BlockManager: Using org.apache.spark.storage.RandomBlockReplicationPolicy for block replication policy
[2026-05-19T10:00:13.086+0000] {subprocess.py:93} INFO - 26/05/19 10:00:13 INFO BlockManagerMaster: Registering BlockManager BlockManagerId(driver, c43074c3fd7c, 38905, None)
[2026-05-19T10:00:13.098+0000] {subprocess.py:93} INFO - 26/05/19 10:00:13 INFO BlockManagerMasterEndpoint: Registering block manager c43074c3fd7c:38905 with 434.4 MiB RAM, BlockManagerId(driver, c43074c3fd7c, 38905, None)
[2026-05-19T10:00:13.106+0000] {subprocess.py:93} INFO - 26/05/19 10:00:13 INFO BlockManagerMaster: Registered BlockManager BlockManagerId(driver, c43074c3fd7c, 38905, None)
[2026-05-19T10:00:13.110+0000] {subprocess.py:93} INFO - 26/05/19 10:00:13 INFO BlockManager: Initialized BlockManager: BlockManagerId(driver, c43074c3fd7c, 38905, None)
[2026-05-19T10:00:13.131+0000] {subprocess.py:93} INFO - 26/05/19 10:00:13 INFO StandaloneAppClient$ClientEndpoint: Executor updated: app-20260519100013-0023/0 is now RUNNING
[2026-05-19T10:00:13.465+0000] {subprocess.py:93} INFO - 26/05/19 10:00:13 INFO StandaloneSchedulerBackend: SchedulerBackend is ready for scheduling beginning after reached minRegisteredResourcesRatio: 0.0
[2026-05-19T10:00:15.469+0000] {subprocess.py:93} INFO - 26/05/19 10:00:15 WARN MetricsConfig: Cannot locate configuration: tried hadoop-metrics2-s3a-file-system.properties,hadoop-metrics2.properties
[2026-05-19T10:00:26.392+0000] {subprocess.py:93} INFO - Lecture SILVER terminée
[2026-05-19T10:01:04.867+0000] {subprocess.py:93} INFO - Table articles_par_jour créée
[2026-05-19T10:01:30.680+0000] {subprocess.py:93} INFO - Table articles_par_source créée
[2026-05-19T10:01:57.647+0000] {subprocess.py:93} INFO - Table top_categories créée
[2026-05-19T10:02:21.962+0000] {subprocess.py:93} INFO - Table articles_par_source_jour créée
[2026-05-19T10:02:21.964+0000] {subprocess.py:93} INFO - 
[2026-05-19T10:02:21.968+0000] {subprocess.py:93} INFO - ==============================
[2026-05-19T10:02:21.969+0000] {subprocess.py:93} INFO - GOLD LAYER TERMINÉ
[2026-05-19T10:02:21.971+0000] {subprocess.py:93} INFO - ==============================
[2026-05-19T10:02:22.995+0000] {subprocess.py:97} INFO - Command exited with return code 0
[2026-05-19T10:02:22.998+0000] {taskinstance.py:441} INFO - ::group::Post task execution logs
[2026-05-19T10:02:23.650+0000] {taskinstance.py:1206} INFO - Marking task as SUCCESS. dag_id=medallion_gold_layer, task_id=gold_processing, run_id=scheduled__2026-05-19T09:55:00+00:00, execution_date=20260519T095500, start_date=20260519T100002, end_date=20260519T100223
[2026-05-19T10:02:23.771+0000] {local_task_job_runner.py:240} INFO - Task exited with return code 0
[2026-05-19T10:02:23.930+0000] {taskinstance.py:3498} INFO - 0 downstream tasks scheduled from follow-on schedule check
[2026-05-19T10:02:23.955+0000] {local_task_job_runner.py:222} INFO - ::endgroup::
