[2026-05-14T12:45:01.322+0000] {local_task_job_runner.py:120} INFO - ::group::Pre task execution logs
[2026-05-14T12:45:01.543+0000] {taskinstance.py:2076} INFO - Dependencies all met for dep_context=non-requeueable deps ti=<TaskInstance: medallion_gold_layer.gold_processing scheduled__2026-05-14T12:40:00+00:00 [queued]>
[2026-05-14T12:45:01.572+0000] {taskinstance.py:2076} INFO - Dependencies all met for dep_context=requeueable deps ti=<TaskInstance: medallion_gold_layer.gold_processing scheduled__2026-05-14T12:40:00+00:00 [queued]>
[2026-05-14T12:45:01.575+0000] {taskinstance.py:2306} INFO - Starting attempt 1 of 2
[2026-05-14T12:45:01.630+0000] {taskinstance.py:2330} INFO - Executing <Task(BashOperator): gold_processing> on 2026-05-14 12:40:00+00:00
[2026-05-14T12:45:01.641+0000] {standard_task_runner.py:63} INFO - Started process 7083 to run task
[2026-05-14T12:45:01.649+0000] {standard_task_runner.py:90} INFO - Running: ['airflow', 'tasks', 'run', 'medallion_gold_layer', 'gold_processing', 'scheduled__2026-05-14T12:40:00+00:00', '--job-id', '20', '--raw', '--subdir', 'DAGS_FOLDER/gold_layer_dag.py', '--cfg-path', '/tmp/tmpv93_ll7f']
[2026-05-14T12:45:01.657+0000] {standard_task_runner.py:91} INFO - Job 20: Subtask gold_processing
[2026-05-14T12:45:02.072+0000] {task_command.py:426} INFO - Running <TaskInstance: medallion_gold_layer.gold_processing scheduled__2026-05-14T12:40:00+00:00 [running]> on host e8a9653e4a1b
[2026-05-14T12:45:02.750+0000] {taskinstance.py:2648} INFO - Exporting env vars: AIRFLOW_CTX_DAG_OWNER='anass' AIRFLOW_CTX_DAG_ID='medallion_gold_layer' AIRFLOW_CTX_TASK_ID='gold_processing' AIRFLOW_CTX_EXECUTION_DATE='2026-05-14T12:40:00+00:00' AIRFLOW_CTX_TRY_NUMBER='1' AIRFLOW_CTX_DAG_RUN_ID='scheduled__2026-05-14T12:40:00+00:00'
[2026-05-14T12:45:02.752+0000] {taskinstance.py:430} INFO - ::endgroup::
[2026-05-14T12:45:02.802+0000] {subprocess.py:63} INFO - Tmp dir root location: /tmp
[2026-05-14T12:45:02.806+0000] {subprocess.py:75} INFO - Running command: ['/usr/bin/bash', '-c', '\n    spark-submit     --master spark://spark-master:7077     --executor-memory 512M     --executor-cores 1     --total-executor-cores 1     --jars /opt/airflow/jars/aws-java-sdk-bundle-1.12.262.jar,/opt/airflow/jars/hadoop-aws-3.3.4.jar,/opt/airflow/jars/postgresql-42.7.3.jar     /opt/spark_jobs/gold_processor.py\n    ']
[2026-05-14T12:45:02.833+0000] {subprocess.py:86} INFO - Output:
[2026-05-14T12:45:06.361+0000] {subprocess.py:93} INFO - 26/05/14 12:45:06 WARN NativeCodeLoader: Unable to load native-hadoop library for your platform... using builtin-java classes where applicable
[2026-05-14T12:45:08.988+0000] {subprocess.py:93} INFO - 26/05/14 12:45:08 INFO SparkContext: Running Spark version 3.5.1
[2026-05-14T12:45:08.990+0000] {subprocess.py:93} INFO - 26/05/14 12:45:08 INFO SparkContext: OS info Linux, 6.6.87.2-microsoft-standard-WSL2, amd64
[2026-05-14T12:45:08.991+0000] {subprocess.py:93} INFO - 26/05/14 12:45:08 INFO SparkContext: Java version 17.0.19
[2026-05-14T12:45:09.042+0000] {subprocess.py:93} INFO - 26/05/14 12:45:09 INFO ResourceUtils: ==============================================================
[2026-05-14T12:45:09.044+0000] {subprocess.py:93} INFO - 26/05/14 12:45:09 INFO ResourceUtils: No custom resources configured for spark.driver.
[2026-05-14T12:45:09.046+0000] {subprocess.py:93} INFO - 26/05/14 12:45:09 INFO ResourceUtils: ==============================================================
[2026-05-14T12:45:09.048+0000] {subprocess.py:93} INFO - 26/05/14 12:45:09 INFO SparkContext: Submitted application: GoldLayerProcessor
[2026-05-14T12:45:09.080+0000] {subprocess.py:93} INFO - 26/05/14 12:45:09 INFO ResourceProfile: Default ResourceProfile created, executor resources: Map(cores -> name: cores, amount: 1, script: , vendor: , memory -> name: memory, amount: 512, script: , vendor: , offHeap -> name: offHeap, amount: 0, script: , vendor: ), task resources: Map(cpus -> name: cpus, amount: 1.0)
[2026-05-14T12:45:09.098+0000] {subprocess.py:93} INFO - 26/05/14 12:45:09 INFO ResourceProfile: Limiting resource is cpus at 1 tasks per executor
[2026-05-14T12:45:09.104+0000] {subprocess.py:93} INFO - 26/05/14 12:45:09 INFO ResourceProfileManager: Added ResourceProfile id: 0
[2026-05-14T12:45:09.276+0000] {subprocess.py:93} INFO - 26/05/14 12:45:09 INFO SecurityManager: Changing view acls to: airflow
[2026-05-14T12:45:09.279+0000] {subprocess.py:93} INFO - 26/05/14 12:45:09 INFO SecurityManager: Changing modify acls to: airflow
[2026-05-14T12:45:09.280+0000] {subprocess.py:93} INFO - 26/05/14 12:45:09 INFO SecurityManager: Changing view acls groups to:
[2026-05-14T12:45:09.281+0000] {subprocess.py:93} INFO - 26/05/14 12:45:09 INFO SecurityManager: Changing modify acls groups to:
[2026-05-14T12:45:09.283+0000] {subprocess.py:93} INFO - 26/05/14 12:45:09 INFO SecurityManager: SecurityManager: authentication disabled; ui acls disabled; users with view permissions: airflow; groups with view permissions: EMPTY; users with modify permissions: airflow; groups with modify permissions: EMPTY
[2026-05-14T12:45:09.689+0000] {subprocess.py:93} INFO - 26/05/14 12:45:09 INFO Utils: Successfully started service 'sparkDriver' on port 42233.
[2026-05-14T12:45:09.785+0000] {subprocess.py:93} INFO - 26/05/14 12:45:09 INFO SparkEnv: Registering MapOutputTracker
[2026-05-14T12:45:09.879+0000] {subprocess.py:93} INFO - 26/05/14 12:45:09 INFO SparkEnv: Registering BlockManagerMaster
[2026-05-14T12:45:09.905+0000] {subprocess.py:93} INFO - 26/05/14 12:45:09 INFO BlockManagerMasterEndpoint: Using org.apache.spark.storage.DefaultTopologyMapper for getting topology information
[2026-05-14T12:45:09.907+0000] {subprocess.py:93} INFO - 26/05/14 12:45:09 INFO BlockManagerMasterEndpoint: BlockManagerMasterEndpoint up
[2026-05-14T12:45:09.918+0000] {subprocess.py:93} INFO - 26/05/14 12:45:09 INFO SparkEnv: Registering BlockManagerMasterHeartbeat
[2026-05-14T12:45:09.950+0000] {subprocess.py:93} INFO - 26/05/14 12:45:09 INFO DiskBlockManager: Created local directory at /tmp/blockmgr-073bfa72-c54b-4b76-94a6-7b42d660d00d
[2026-05-14T12:45:09.968+0000] {subprocess.py:93} INFO - 26/05/14 12:45:09 INFO MemoryStore: MemoryStore started with capacity 434.4 MiB
[2026-05-14T12:45:09.991+0000] {subprocess.py:93} INFO - 26/05/14 12:45:09 INFO SparkEnv: Registering OutputCommitCoordinator
[2026-05-14T12:45:10.245+0000] {subprocess.py:93} INFO - 26/05/14 12:45:10 INFO JettyUtils: Start Jetty 0.0.0.0:4040 for SparkUI
[2026-05-14T12:45:10.407+0000] {subprocess.py:93} INFO - 26/05/14 12:45:10 INFO Utils: Successfully started service 'SparkUI' on port 4040.
[2026-05-14T12:45:10.488+0000] {subprocess.py:93} INFO - 26/05/14 12:45:10 INFO SparkContext: Added JAR file:///opt/airflow/jars/aws-java-sdk-bundle-1.12.262.jar at spark://e8a9653e4a1b:42233/jars/aws-java-sdk-bundle-1.12.262.jar with timestamp 1778762708967
[2026-05-14T12:45:10.490+0000] {subprocess.py:93} INFO - 26/05/14 12:45:10 INFO SparkContext: Added JAR file:///opt/airflow/jars/hadoop-aws-3.3.4.jar at spark://e8a9653e4a1b:42233/jars/hadoop-aws-3.3.4.jar with timestamp 1778762708967
[2026-05-14T12:45:10.490+0000] {subprocess.py:93} INFO - 26/05/14 12:45:10 INFO SparkContext: Added JAR file:///opt/airflow/jars/postgresql-42.7.3.jar at spark://e8a9653e4a1b:42233/jars/postgresql-42.7.3.jar with timestamp 1778762708967
[2026-05-14T12:45:10.675+0000] {subprocess.py:93} INFO - 26/05/14 12:45:10 INFO StandaloneAppClient$ClientEndpoint: Connecting to master spark://spark-master:7077...
[2026-05-14T12:45:10.779+0000] {subprocess.py:93} INFO - 26/05/14 12:45:10 INFO TransportClientFactory: Successfully created connection to spark-master/172.18.0.6:7077 after 66 ms (0 ms spent in bootstraps)
[2026-05-14T12:45:10.952+0000] {subprocess.py:93} INFO - 26/05/14 12:45:10 INFO StandaloneSchedulerBackend: Connected to Spark cluster with app ID app-20260514124510-0019
[2026-05-14T12:45:10.958+0000] {subprocess.py:93} INFO - 26/05/14 12:45:10 INFO StandaloneAppClient$ClientEndpoint: Executor added: app-20260514124510-0019/0 on worker-20260514105200-172.18.0.13-40347 (172.18.0.13:40347) with 1 core(s)
[2026-05-14T12:45:10.961+0000] {subprocess.py:93} INFO - 26/05/14 12:45:10 INFO StandaloneSchedulerBackend: Granted executor ID app-20260514124510-0019/0 on hostPort 172.18.0.13:40347 with 1 core(s), 512.0 MiB RAM
[2026-05-14T12:45:10.969+0000] {subprocess.py:93} INFO - 26/05/14 12:45:10 INFO Utils: Successfully started service 'org.apache.spark.network.netty.NettyBlockTransferService' on port 42771.
[2026-05-14T12:45:10.971+0000] {subprocess.py:93} INFO - 26/05/14 12:45:10 INFO NettyBlockTransferService: Server created on e8a9653e4a1b:42771
[2026-05-14T12:45:10.976+0000] {subprocess.py:93} INFO - 26/05/14 12:45:10 INFO BlockManager: Using org.apache.spark.storage.RandomBlockReplicationPolicy for block replication policy
[2026-05-14T12:45:10.990+0000] {subprocess.py:93} INFO - 26/05/14 12:45:10 INFO BlockManagerMaster: Registering BlockManager BlockManagerId(driver, e8a9653e4a1b, 42771, None)
[2026-05-14T12:45:10.996+0000] {subprocess.py:93} INFO - 26/05/14 12:45:10 INFO BlockManagerMasterEndpoint: Registering block manager e8a9653e4a1b:42771 with 434.4 MiB RAM, BlockManagerId(driver, e8a9653e4a1b, 42771, None)
[2026-05-14T12:45:11.001+0000] {subprocess.py:93} INFO - 26/05/14 12:45:11 INFO BlockManagerMaster: Registered BlockManager BlockManagerId(driver, e8a9653e4a1b, 42771, None)
[2026-05-14T12:45:11.005+0000] {subprocess.py:93} INFO - 26/05/14 12:45:11 INFO BlockManager: Initialized BlockManager: BlockManagerId(driver, e8a9653e4a1b, 42771, None)
[2026-05-14T12:45:11.031+0000] {subprocess.py:93} INFO - 26/05/14 12:45:11 INFO StandaloneAppClient$ClientEndpoint: Executor updated: app-20260514124510-0019/0 is now RUNNING
[2026-05-14T12:45:11.521+0000] {subprocess.py:93} INFO - 26/05/14 12:45:11 INFO StandaloneSchedulerBackend: SchedulerBackend is ready for scheduling beginning after reached minRegisteredResourcesRatio: 0.0
[2026-05-14T12:45:15.135+0000] {subprocess.py:93} INFO - 26/05/14 12:45:15 WARN MetricsConfig: Cannot locate configuration: tried hadoop-metrics2-s3a-file-system.properties,hadoop-metrics2.properties
[2026-05-14T12:45:26.400+0000] {subprocess.py:93} INFO - Lecture SILVER terminée
[2026-05-14T12:45:38.378+0000] {subprocess.py:93} INFO - Table articles_par_jour créée
[2026-05-14T12:45:46.944+0000] {subprocess.py:93} INFO - Table articles_par_source créée
[2026-05-14T12:45:52.544+0000] {subprocess.py:93} INFO - Table top_categories créée
[2026-05-14T12:45:57.972+0000] {subprocess.py:93} INFO - Table articles_par_source_jour créée
[2026-05-14T12:45:57.975+0000] {subprocess.py:93} INFO - 
[2026-05-14T12:45:57.977+0000] {subprocess.py:93} INFO - ==============================
[2026-05-14T12:45:57.980+0000] {subprocess.py:93} INFO - GOLD LAYER TERMINÉ
[2026-05-14T12:45:57.982+0000] {subprocess.py:93} INFO - ==============================
[2026-05-14T12:45:58.977+0000] {subprocess.py:97} INFO - Command exited with return code 0
[2026-05-14T12:45:58.980+0000] {taskinstance.py:441} INFO - ::group::Post task execution logs
[2026-05-14T12:46:00.042+0000] {taskinstance.py:1206} INFO - Marking task as SUCCESS. dag_id=medallion_gold_layer, task_id=gold_processing, run_id=scheduled__2026-05-14T12:40:00+00:00, execution_date=20260514T124000, start_date=20260514T124501, end_date=20260514T124600
[2026-05-14T12:46:00.167+0000] {local_task_job_runner.py:240} INFO - Task exited with return code 0
[2026-05-14T12:46:00.312+0000] {taskinstance.py:3498} INFO - 0 downstream tasks scheduled from follow-on schedule check
[2026-05-14T12:46:00.337+0000] {local_task_job_runner.py:222} INFO - ::endgroup::
