[2026-05-19T10:00:02.521+0000] {local_task_job_runner.py:120} INFO - ::group::Pre task execution logs
[2026-05-19T10:00:02.670+0000] {taskinstance.py:2076} INFO - Dependencies all met for dep_context=non-requeueable deps ti=<TaskInstance: aljazeera_pipeline.run_aljazeera_scraper scheduled__2026-05-19T09:00:00+00:00 [queued]>
[2026-05-19T10:00:02.699+0000] {taskinstance.py:2076} INFO - Dependencies all met for dep_context=requeueable deps ti=<TaskInstance: aljazeera_pipeline.run_aljazeera_scraper scheduled__2026-05-19T09:00:00+00:00 [queued]>
[2026-05-19T10:00:02.701+0000] {taskinstance.py:2306} INFO - Starting attempt 1 of 2
[2026-05-19T10:00:02.806+0000] {taskinstance.py:2330} INFO - Executing <Task(BashOperator): run_aljazeera_scraper> on 2026-05-19 09:00:00+00:00
[2026-05-19T10:00:02.824+0000] {standard_task_runner.py:63} INFO - Started process 5210 to run task
[2026-05-19T10:00:02.837+0000] {standard_task_runner.py:90} INFO - Running: ['airflow', 'tasks', 'run', 'aljazeera_pipeline', 'run_aljazeera_scraper', 'scheduled__2026-05-19T09:00:00+00:00', '--job-id', '293', '--raw', '--subdir', 'DAGS_FOLDER/aljazeera_dag.py', '--cfg-path', '/tmp/tmpd08137t4']
[2026-05-19T10:00:02.846+0000] {standard_task_runner.py:91} INFO - Job 293: Subtask run_aljazeera_scraper
[2026-05-19T10:00:03.400+0000] {task_command.py:426} INFO - Running <TaskInstance: aljazeera_pipeline.run_aljazeera_scraper scheduled__2026-05-19T09:00:00+00:00 [running]> on host c43074c3fd7c
[2026-05-19T10:00:04.276+0000] {taskinstance.py:2648} INFO - Exporting env vars: AIRFLOW_CTX_DAG_OWNER='ikram' AIRFLOW_CTX_DAG_ID='aljazeera_pipeline' AIRFLOW_CTX_TASK_ID='run_aljazeera_scraper' AIRFLOW_CTX_EXECUTION_DATE='2026-05-19T09:00:00+00:00' AIRFLOW_CTX_TRY_NUMBER='1' AIRFLOW_CTX_DAG_RUN_ID='scheduled__2026-05-19T09:00:00+00:00'
[2026-05-19T10:00:04.278+0000] {taskinstance.py:430} INFO - ::endgroup::
[2026-05-19T10:00:04.304+0000] {subprocess.py:63} INFO - Tmp dir root location: /tmp
[2026-05-19T10:00:04.307+0000] {subprocess.py:75} INFO - Running command: ['/usr/bin/bash', '-c', 'python /opt/airflow/aljazeera.py']
[2026-05-19T10:00:04.339+0000] {subprocess.py:86} INFO - Output:
[2026-05-19T10:00:05.651+0000] {subprocess.py:93} INFO - Connexion Kafka réussie !
[2026-05-19T10:00:05.652+0000] {subprocess.py:93} INFO - ===== Al Jazeera (Incremental Fetch) =====
[2026-05-19T10:00:05.653+0000] {subprocess.py:93} INFO - Erreur sitemap Al Jazeera : HTTPSConnectionPool(host='www.aljazeera.com', port=443): Max retries exceeded with url: /news-sitemap.xml (Caused by NameResolutionError("<urllib3.connection.HTTPSConnection object at 0x79b060379c10>: Failed to resolve 'www.aljazeera.com' ([Errno -2] Name or service not known)"))
[2026-05-19T10:00:05.654+0000] {subprocess.py:93} INFO - Aucun nouvel article depuis la dernière exécution.
[2026-05-19T10:00:05.819+0000] {subprocess.py:97} INFO - Command exited with return code 0
[2026-05-19T10:00:05.822+0000] {taskinstance.py:441} INFO - ::group::Post task execution logs
[2026-05-19T10:00:06.389+0000] {taskinstance.py:1206} INFO - Marking task as SUCCESS. dag_id=aljazeera_pipeline, task_id=run_aljazeera_scraper, run_id=scheduled__2026-05-19T09:00:00+00:00, execution_date=20260519T090000, start_date=20260519T100002, end_date=20260519T100006
[2026-05-19T10:00:06.519+0000] {local_task_job_runner.py:240} INFO - Task exited with return code 0
[2026-05-19T10:00:06.690+0000] {taskinstance.py:3498} INFO - 0 downstream tasks scheduled from follow-on schedule check
[2026-05-19T10:00:06.699+0000] {local_task_job_runner.py:222} INFO - ::endgroup::
