[2026-05-19T10:18:04.994+0000] {local_task_job_runner.py:120} INFO - ::group::Pre task execution logs
[2026-05-19T10:18:05.076+0000] {taskinstance.py:2076} INFO - Dependencies all met for dep_context=non-requeueable deps ti=<TaskInstance: medallion_gold_layer.gold_processing scheduled__2026-05-19T10:05:00+00:00 [queued]>
[2026-05-19T10:18:05.087+0000] {taskinstance.py:2076} INFO - Dependencies all met for dep_context=requeueable deps ti=<TaskInstance: medallion_gold_layer.gold_processing scheduled__2026-05-19T10:05:00+00:00 [queued]>
[2026-05-19T10:18:05.088+0000] {taskinstance.py:2306} INFO - Starting attempt 1 of 2
[2026-05-19T10:18:05.106+0000] {taskinstance.py:2330} INFO - Executing <Task(BashOperator): gold_processing> on 2026-05-19 10:05:00+00:00
[2026-05-19T10:18:05.112+0000] {standard_task_runner.py:63} INFO - Started process 5973 to run task
[2026-05-19T10:18:05.116+0000] {standard_task_runner.py:90} INFO - Running: ['airflow', 'tasks', 'run', 'medallion_gold_layer', 'gold_processing', 'scheduled__2026-05-19T10:05:00+00:00', '--job-id', '296', '--raw', '--subdir', 'DAGS_FOLDER/gold_layer_dag.py', '--cfg-path', '/tmp/tmpqn9ckaj5']
[2026-05-19T10:18:05.119+0000] {standard_task_runner.py:91} INFO - Job 296: Subtask gold_processing
[2026-05-19T10:18:05.305+0000] {task_command.py:426} INFO - Running <TaskInstance: medallion_gold_layer.gold_processing scheduled__2026-05-19T10:05:00+00:00 [running]> on host c43074c3fd7c
[2026-05-19T10:18:05.645+0000] {taskinstance.py:2648} INFO - Exporting env vars: AIRFLOW_CTX_DAG_OWNER='ikram' AIRFLOW_CTX_DAG_ID='medallion_gold_layer' AIRFLOW_CTX_TASK_ID='gold_processing' AIRFLOW_CTX_EXECUTION_DATE='2026-05-19T10:05:00+00:00' AIRFLOW_CTX_TRY_NUMBER='1' AIRFLOW_CTX_DAG_RUN_ID='scheduled__2026-05-19T10:05:00+00:00'
[2026-05-19T10:18:05.647+0000] {taskinstance.py:430} INFO - ::endgroup::
[2026-05-19T10:18:05.664+0000] {subprocess.py:63} INFO - Tmp dir root location: /tmp
[2026-05-19T10:18:05.666+0000] {subprocess.py:75} INFO - Running command: ['/usr/bin/bash', '-c', '\n    spark-submit     --master spark://spark-master:7077     --executor-memory 512M     --executor-cores 1     --total-executor-cores 1     --jars /opt/airflow/jars/aws-java-sdk-bundle-1.12.262.jar,/opt/airflow/jars/hadoop-aws-3.3.4.jar,/opt/airflow/jars/postgresql-42.7.3.jar     /opt/spark_jobs/gold_processor.py\n    ']
[2026-05-19T10:18:05.679+0000] {subprocess.py:86} INFO - Output:
[2026-05-19T10:18:08.408+0000] {subprocess.py:93} INFO - 26/05/19 10:18:08 WARN NativeCodeLoader: Unable to load native-hadoop library for your platform... using builtin-java classes where applicable
[2026-05-19T10:18:10.426+0000] {subprocess.py:93} INFO - 26/05/19 10:18:10 INFO SparkContext: Running Spark version 3.5.1
[2026-05-19T10:18:10.427+0000] {subprocess.py:93} INFO - 26/05/19 10:18:10 INFO SparkContext: OS info Linux, 6.6.87.2-microsoft-standard-WSL2, amd64
[2026-05-19T10:18:10.428+0000] {subprocess.py:93} INFO - 26/05/19 10:18:10 INFO SparkContext: Java version 17.0.19
[2026-05-19T10:18:10.465+0000] {subprocess.py:93} INFO - 26/05/19 10:18:10 INFO ResourceUtils: ==============================================================
[2026-05-19T10:18:10.467+0000] {subprocess.py:93} INFO - 26/05/19 10:18:10 INFO ResourceUtils: No custom resources configured for spark.driver.
[2026-05-19T10:18:10.469+0000] {subprocess.py:93} INFO - 26/05/19 10:18:10 INFO ResourceUtils: ==============================================================
[2026-05-19T10:18:10.470+0000] {subprocess.py:93} INFO - 26/05/19 10:18:10 INFO SparkContext: Submitted application: GoldLayerProcessor
[2026-05-19T10:18:10.525+0000] {subprocess.py:93} INFO - 26/05/19 10:18:10 INFO ResourceProfile: Default ResourceProfile created, executor resources: Map(cores -> name: cores, amount: 1, script: , vendor: , memory -> name: memory, amount: 512, script: , vendor: , offHeap -> name: offHeap, amount: 0, script: , vendor: ), task resources: Map(cpus -> name: cpus, amount: 1.0)
[2026-05-19T10:18:10.547+0000] {subprocess.py:93} INFO - 26/05/19 10:18:10 INFO ResourceProfile: Limiting resource is cpus at 1 tasks per executor
[2026-05-19T10:18:10.556+0000] {subprocess.py:93} INFO - 26/05/19 10:18:10 INFO ResourceProfileManager: Added ResourceProfile id: 0
[2026-05-19T10:18:10.681+0000] {subprocess.py:93} INFO - 26/05/19 10:18:10 INFO SecurityManager: Changing view acls to: airflow
[2026-05-19T10:18:10.683+0000] {subprocess.py:93} INFO - 26/05/19 10:18:10 INFO SecurityManager: Changing modify acls to: airflow
[2026-05-19T10:18:10.684+0000] {subprocess.py:93} INFO - 26/05/19 10:18:10 INFO SecurityManager: Changing view acls groups to:
[2026-05-19T10:18:10.686+0000] {subprocess.py:93} INFO - 26/05/19 10:18:10 INFO SecurityManager: Changing modify acls groups to:
[2026-05-19T10:18:10.687+0000] {subprocess.py:93} INFO - 26/05/19 10:18:10 INFO SecurityManager: SecurityManager: authentication disabled; ui acls disabled; users with view permissions: airflow; groups with view permissions: EMPTY; users with modify permissions: airflow; groups with modify permissions: EMPTY
[2026-05-19T10:18:11.182+0000] {subprocess.py:93} INFO - 26/05/19 10:18:11 INFO Utils: Successfully started service 'sparkDriver' on port 43343.
[2026-05-19T10:18:11.268+0000] {subprocess.py:93} INFO - 26/05/19 10:18:11 INFO SparkEnv: Registering MapOutputTracker
[2026-05-19T10:18:11.315+0000] {subprocess.py:93} INFO - 26/05/19 10:18:11 INFO SparkEnv: Registering BlockManagerMaster
[2026-05-19T10:18:11.338+0000] {subprocess.py:93} INFO - 26/05/19 10:18:11 INFO BlockManagerMasterEndpoint: Using org.apache.spark.storage.DefaultTopologyMapper for getting topology information
[2026-05-19T10:18:11.339+0000] {subprocess.py:93} INFO - 26/05/19 10:18:11 INFO BlockManagerMasterEndpoint: BlockManagerMasterEndpoint up
[2026-05-19T10:18:11.347+0000] {subprocess.py:93} INFO - 26/05/19 10:18:11 INFO SparkEnv: Registering BlockManagerMasterHeartbeat
[2026-05-19T10:18:11.379+0000] {subprocess.py:93} INFO - 26/05/19 10:18:11 INFO DiskBlockManager: Created local directory at /tmp/blockmgr-ac83dbc5-a82d-4b95-9c8c-5ee1a201cb95
[2026-05-19T10:18:11.400+0000] {subprocess.py:93} INFO - 26/05/19 10:18:11 INFO MemoryStore: MemoryStore started with capacity 434.4 MiB
[2026-05-19T10:18:11.427+0000] {subprocess.py:93} INFO - 26/05/19 10:18:11 INFO SparkEnv: Registering OutputCommitCoordinator
[2026-05-19T10:18:11.627+0000] {subprocess.py:93} INFO - 26/05/19 10:18:11 INFO JettyUtils: Start Jetty 0.0.0.0:4040 for SparkUI
[2026-05-19T10:18:11.847+0000] {subprocess.py:93} INFO - 26/05/19 10:18:11 INFO Utils: Successfully started service 'SparkUI' on port 4040.
[2026-05-19T10:18:11.904+0000] {subprocess.py:93} INFO - 26/05/19 10:18:11 INFO SparkContext: Added JAR file:///opt/airflow/jars/aws-java-sdk-bundle-1.12.262.jar at spark://c43074c3fd7c:43343/jars/aws-java-sdk-bundle-1.12.262.jar with timestamp 1779185890412
[2026-05-19T10:18:11.905+0000] {subprocess.py:93} INFO - 26/05/19 10:18:11 INFO SparkContext: Added JAR file:///opt/airflow/jars/hadoop-aws-3.3.4.jar at spark://c43074c3fd7c:43343/jars/hadoop-aws-3.3.4.jar with timestamp 1779185890412
[2026-05-19T10:18:11.906+0000] {subprocess.py:93} INFO - 26/05/19 10:18:11 INFO SparkContext: Added JAR file:///opt/airflow/jars/postgresql-42.7.3.jar at spark://c43074c3fd7c:43343/jars/postgresql-42.7.3.jar with timestamp 1779185890412
[2026-05-19T10:18:12.055+0000] {subprocess.py:93} INFO - 26/05/19 10:18:12 INFO StandaloneAppClient$ClientEndpoint: Connecting to master spark://spark-master:7077...
[2026-05-19T10:18:12.129+0000] {subprocess.py:93} INFO - 26/05/19 10:18:12 INFO TransportClientFactory: Successfully created connection to spark-master/172.18.0.4:7077 after 37 ms (0 ms spent in bootstraps)
[2026-05-19T10:18:12.265+0000] {subprocess.py:93} INFO - 26/05/19 10:18:12 INFO StandaloneSchedulerBackend: Connected to Spark cluster with app ID app-20260519101812-0025
[2026-05-19T10:18:12.274+0000] {subprocess.py:93} INFO - 26/05/19 10:18:12 INFO StandaloneAppClient$ClientEndpoint: Executor added: app-20260519101812-0025/0 on worker-20260518211503-172.18.0.3-40747 (172.18.0.3:40747) with 1 core(s)
[2026-05-19T10:18:12.278+0000] {subprocess.py:93} INFO - 26/05/19 10:18:12 INFO StandaloneSchedulerBackend: Granted executor ID app-20260519101812-0025/0 on hostPort 172.18.0.3:40747 with 1 core(s), 512.0 MiB RAM
[2026-05-19T10:18:12.283+0000] {subprocess.py:93} INFO - 26/05/19 10:18:12 INFO Utils: Successfully started service 'org.apache.spark.network.netty.NettyBlockTransferService' on port 40551.
[2026-05-19T10:18:12.289+0000] {subprocess.py:93} INFO - 26/05/19 10:18:12 INFO NettyBlockTransferService: Server created on c43074c3fd7c:40551
[2026-05-19T10:18:12.290+0000] {subprocess.py:93} INFO - 26/05/19 10:18:12 INFO BlockManager: Using org.apache.spark.storage.RandomBlockReplicationPolicy for block replication policy
[2026-05-19T10:18:12.303+0000] {subprocess.py:93} INFO - 26/05/19 10:18:12 INFO BlockManagerMaster: Registering BlockManager BlockManagerId(driver, c43074c3fd7c, 40551, None)
[2026-05-19T10:18:12.310+0000] {subprocess.py:93} INFO - 26/05/19 10:18:12 INFO BlockManagerMasterEndpoint: Registering block manager c43074c3fd7c:40551 with 434.4 MiB RAM, BlockManagerId(driver, c43074c3fd7c, 40551, None)
[2026-05-19T10:18:12.316+0000] {subprocess.py:93} INFO - 26/05/19 10:18:12 INFO BlockManagerMaster: Registered BlockManager BlockManagerId(driver, c43074c3fd7c, 40551, None)
[2026-05-19T10:18:12.319+0000] {subprocess.py:93} INFO - 26/05/19 10:18:12 INFO BlockManager: Initialized BlockManager: BlockManagerId(driver, c43074c3fd7c, 40551, None)
[2026-05-19T10:18:12.328+0000] {subprocess.py:93} INFO - 26/05/19 10:18:12 INFO StandaloneAppClient$ClientEndpoint: Executor updated: app-20260519101812-0025/0 is now RUNNING
[2026-05-19T10:18:12.745+0000] {subprocess.py:93} INFO - 26/05/19 10:18:12 INFO StandaloneSchedulerBackend: SchedulerBackend is ready for scheduling beginning after reached minRegisteredResourcesRatio: 0.0
[2026-05-19T10:18:14.765+0000] {subprocess.py:93} INFO - 26/05/19 10:18:14 WARN MetricsConfig: Cannot locate configuration: tried hadoop-metrics2-s3a-file-system.properties,hadoop-metrics2.properties
[2026-05-19T10:18:31.582+0000] {subprocess.py:93} INFO - Lecture SILVER terminée
[2026-05-19T10:19:05.426+0000] {subprocess.py:93} INFO - Table articles_par_jour créée
[2026-05-19T10:19:34.339+0000] {subprocess.py:93} INFO - Table articles_par_source créée
[2026-05-19T10:20:03.763+0000] {subprocess.py:93} INFO - Table top_categories créée
[2026-05-19T10:20:27.300+0000] {subprocess.py:93} INFO - Table articles_par_source_jour créée
[2026-05-19T10:20:27.302+0000] {subprocess.py:93} INFO - 
[2026-05-19T10:20:27.302+0000] {subprocess.py:93} INFO - ==============================
[2026-05-19T10:20:27.303+0000] {subprocess.py:93} INFO - GOLD LAYER TERMINÉ
[2026-05-19T10:20:27.305+0000] {subprocess.py:93} INFO - ==============================
[2026-05-19T10:20:27.607+0000] {subprocess.py:97} INFO - Command exited with return code 0
[2026-05-19T10:20:27.608+0000] {taskinstance.py:441} INFO - ::group::Post task execution logs
[2026-05-19T10:20:28.049+0000] {taskinstance.py:1206} INFO - Marking task as SUCCESS. dag_id=medallion_gold_layer, task_id=gold_processing, run_id=scheduled__2026-05-19T10:05:00+00:00, execution_date=20260519T100500, start_date=20260519T101805, end_date=20260519T102028
[2026-05-19T10:20:28.168+0000] {local_task_job_runner.py:240} INFO - Task exited with return code 0
[2026-05-19T10:20:28.252+0000] {taskinstance.py:3498} INFO - 0 downstream tasks scheduled from follow-on schedule check
[2026-05-19T10:20:28.272+0000] {local_task_job_runner.py:222} INFO - ::endgroup::
