[2026-05-15T17:00:01.950+0000] {local_task_job_runner.py:120} INFO - ::group::Pre task execution logs
[2026-05-15T17:00:02.169+0000] {taskinstance.py:2076} INFO - Dependencies all met for dep_context=non-requeueable deps ti=<TaskInstance: medallion_gold_layer.gold_processing scheduled__2026-05-15T16:55:00+00:00 [queued]>
[2026-05-15T17:00:02.204+0000] {taskinstance.py:2076} INFO - Dependencies all met for dep_context=requeueable deps ti=<TaskInstance: medallion_gold_layer.gold_processing scheduled__2026-05-15T16:55:00+00:00 [queued]>
[2026-05-15T17:00:02.206+0000] {taskinstance.py:2306} INFO - Starting attempt 1 of 2
[2026-05-15T17:00:02.249+0000] {taskinstance.py:2330} INFO - Executing <Task(BashOperator): gold_processing> on 2026-05-15 16:55:00+00:00
[2026-05-15T17:00:02.266+0000] {standard_task_runner.py:63} INFO - Started process 22033 to run task
[2026-05-15T17:00:02.279+0000] {standard_task_runner.py:90} INFO - Running: ['airflow', 'tasks', 'run', 'medallion_gold_layer', 'gold_processing', 'scheduled__2026-05-15T16:55:00+00:00', '--job-id', '61', '--raw', '--subdir', 'DAGS_FOLDER/gold_layer_dag.py', '--cfg-path', '/tmp/tmp3txz3aj9']
[2026-05-15T17:00:02.289+0000] {standard_task_runner.py:91} INFO - Job 61: Subtask gold_processing
[2026-05-15T17:00:02.767+0000] {task_command.py:426} INFO - Running <TaskInstance: medallion_gold_layer.gold_processing scheduled__2026-05-15T16:55:00+00:00 [running]> on host e8a9653e4a1b
[2026-05-15T17:00:03.524+0000] {taskinstance.py:2648} INFO - Exporting env vars: AIRFLOW_CTX_DAG_OWNER='anass' AIRFLOW_CTX_DAG_ID='medallion_gold_layer' AIRFLOW_CTX_TASK_ID='gold_processing' AIRFLOW_CTX_EXECUTION_DATE='2026-05-15T16:55:00+00:00' AIRFLOW_CTX_TRY_NUMBER='1' AIRFLOW_CTX_DAG_RUN_ID='scheduled__2026-05-15T16:55:00+00:00'
[2026-05-15T17:00:03.527+0000] {taskinstance.py:430} INFO - ::endgroup::
[2026-05-15T17:00:03.563+0000] {subprocess.py:63} INFO - Tmp dir root location: /tmp
[2026-05-15T17:00:03.567+0000] {subprocess.py:75} INFO - Running command: ['/usr/bin/bash', '-c', '\n    spark-submit     --master spark://spark-master:7077     --executor-memory 512M     --executor-cores 1     --total-executor-cores 1     --jars /opt/airflow/jars/aws-java-sdk-bundle-1.12.262.jar,/opt/airflow/jars/hadoop-aws-3.3.4.jar,/opt/airflow/jars/postgresql-42.7.3.jar     /opt/spark_jobs/gold_processor.py\n    ']
[2026-05-15T17:00:03.588+0000] {subprocess.py:86} INFO - Output:
[2026-05-15T17:00:06.167+0000] {subprocess.py:93} INFO - 26/05/15 17:00:06 WARN NativeCodeLoader: Unable to load native-hadoop library for your platform... using builtin-java classes where applicable
[2026-05-15T17:00:07.910+0000] {subprocess.py:93} INFO - 26/05/15 17:00:07 INFO SparkContext: Running Spark version 3.5.1
[2026-05-15T17:00:07.913+0000] {subprocess.py:93} INFO - 26/05/15 17:00:07 INFO SparkContext: OS info Linux, 6.6.87.2-microsoft-standard-WSL2, amd64
[2026-05-15T17:00:07.917+0000] {subprocess.py:93} INFO - 26/05/15 17:00:07 INFO SparkContext: Java version 17.0.19
[2026-05-15T17:00:07.958+0000] {subprocess.py:93} INFO - 26/05/15 17:00:07 INFO ResourceUtils: ==============================================================
[2026-05-15T17:00:07.960+0000] {subprocess.py:93} INFO - 26/05/15 17:00:07 INFO ResourceUtils: No custom resources configured for spark.driver.
[2026-05-15T17:00:07.961+0000] {subprocess.py:93} INFO - 26/05/15 17:00:07 INFO ResourceUtils: ==============================================================
[2026-05-15T17:00:07.962+0000] {subprocess.py:93} INFO - 26/05/15 17:00:07 INFO SparkContext: Submitted application: GoldLayerProcessor
[2026-05-15T17:00:07.987+0000] {subprocess.py:93} INFO - 26/05/15 17:00:07 INFO ResourceProfile: Default ResourceProfile created, executor resources: Map(cores -> name: cores, amount: 1, script: , vendor: , memory -> name: memory, amount: 512, script: , vendor: , offHeap -> name: offHeap, amount: 0, script: , vendor: ), task resources: Map(cpus -> name: cpus, amount: 1.0)
[2026-05-15T17:00:07.997+0000] {subprocess.py:93} INFO - 26/05/15 17:00:07 INFO ResourceProfile: Limiting resource is cpus at 1 tasks per executor
[2026-05-15T17:00:08.001+0000] {subprocess.py:93} INFO - 26/05/15 17:00:08 INFO ResourceProfileManager: Added ResourceProfile id: 0
[2026-05-15T17:00:08.073+0000] {subprocess.py:93} INFO - 26/05/15 17:00:08 INFO SecurityManager: Changing view acls to: airflow
[2026-05-15T17:00:08.075+0000] {subprocess.py:93} INFO - 26/05/15 17:00:08 INFO SecurityManager: Changing modify acls to: airflow
[2026-05-15T17:00:08.076+0000] {subprocess.py:93} INFO - 26/05/15 17:00:08 INFO SecurityManager: Changing view acls groups to:
[2026-05-15T17:00:08.077+0000] {subprocess.py:93} INFO - 26/05/15 17:00:08 INFO SecurityManager: Changing modify acls groups to:
[2026-05-15T17:00:08.078+0000] {subprocess.py:93} INFO - 26/05/15 17:00:08 INFO SecurityManager: SecurityManager: authentication disabled; ui acls disabled; users with view permissions: airflow; groups with view permissions: EMPTY; users with modify permissions: airflow; groups with modify permissions: EMPTY
[2026-05-15T17:00:08.342+0000] {subprocess.py:93} INFO - 26/05/15 17:00:08 INFO Utils: Successfully started service 'sparkDriver' on port 35737.
[2026-05-15T17:00:08.400+0000] {subprocess.py:93} INFO - 26/05/15 17:00:08 INFO SparkEnv: Registering MapOutputTracker
[2026-05-15T17:00:08.455+0000] {subprocess.py:93} INFO - 26/05/15 17:00:08 INFO SparkEnv: Registering BlockManagerMaster
[2026-05-15T17:00:08.488+0000] {subprocess.py:93} INFO - 26/05/15 17:00:08 INFO BlockManagerMasterEndpoint: Using org.apache.spark.storage.DefaultTopologyMapper for getting topology information
[2026-05-15T17:00:08.490+0000] {subprocess.py:93} INFO - 26/05/15 17:00:08 INFO BlockManagerMasterEndpoint: BlockManagerMasterEndpoint up
[2026-05-15T17:00:08.494+0000] {subprocess.py:93} INFO - 26/05/15 17:00:08 INFO SparkEnv: Registering BlockManagerMasterHeartbeat
[2026-05-15T17:00:08.514+0000] {subprocess.py:93} INFO - 26/05/15 17:00:08 INFO DiskBlockManager: Created local directory at /tmp/blockmgr-db9c4c8c-4f06-4f6f-bac9-f635d1c3d7d1
[2026-05-15T17:00:08.535+0000] {subprocess.py:93} INFO - 26/05/15 17:00:08 INFO MemoryStore: MemoryStore started with capacity 434.4 MiB
[2026-05-15T17:00:08.560+0000] {subprocess.py:93} INFO - 26/05/15 17:00:08 INFO SparkEnv: Registering OutputCommitCoordinator
[2026-05-15T17:00:08.728+0000] {subprocess.py:93} INFO - 26/05/15 17:00:08 INFO JettyUtils: Start Jetty 0.0.0.0:4040 for SparkUI
[2026-05-15T17:00:08.824+0000] {subprocess.py:93} INFO - 26/05/15 17:00:08 INFO Utils: Successfully started service 'SparkUI' on port 4040.
[2026-05-15T17:00:08.888+0000] {subprocess.py:93} INFO - 26/05/15 17:00:08 INFO SparkContext: Added JAR file:///opt/airflow/jars/aws-java-sdk-bundle-1.12.262.jar at spark://e8a9653e4a1b:35737/jars/aws-java-sdk-bundle-1.12.262.jar with timestamp 1778864407896
[2026-05-15T17:00:08.889+0000] {subprocess.py:93} INFO - 26/05/15 17:00:08 INFO SparkContext: Added JAR file:///opt/airflow/jars/hadoop-aws-3.3.4.jar at spark://e8a9653e4a1b:35737/jars/hadoop-aws-3.3.4.jar with timestamp 1778864407896
[2026-05-15T17:00:08.891+0000] {subprocess.py:93} INFO - 26/05/15 17:00:08 INFO SparkContext: Added JAR file:///opt/airflow/jars/postgresql-42.7.3.jar at spark://e8a9653e4a1b:35737/jars/postgresql-42.7.3.jar with timestamp 1778864407896
[2026-05-15T17:00:09.018+0000] {subprocess.py:93} INFO - 26/05/15 17:00:09 INFO StandaloneAppClient$ClientEndpoint: Connecting to master spark://spark-master:7077...
[2026-05-15T17:00:09.090+0000] {subprocess.py:93} INFO - 26/05/15 17:00:09 INFO TransportClientFactory: Successfully created connection to spark-master/172.18.0.6:7077 after 38 ms (0 ms spent in bootstraps)
[2026-05-15T17:00:09.229+0000] {subprocess.py:93} INFO - 26/05/15 17:00:09 INFO StandaloneSchedulerBackend: Connected to Spark cluster with app ID app-20260515170009-0060
[2026-05-15T17:00:09.235+0000] {subprocess.py:93} INFO - 26/05/15 17:00:09 INFO StandaloneAppClient$ClientEndpoint: Executor added: app-20260515170009-0060/0 on worker-20260514105200-172.18.0.13-40347 (172.18.0.13:40347) with 1 core(s)
[2026-05-15T17:00:09.240+0000] {subprocess.py:93} INFO - 26/05/15 17:00:09 INFO StandaloneSchedulerBackend: Granted executor ID app-20260515170009-0060/0 on hostPort 172.18.0.13:40347 with 1 core(s), 512.0 MiB RAM
[2026-05-15T17:00:09.263+0000] {subprocess.py:93} INFO - 26/05/15 17:00:09 INFO Utils: Successfully started service 'org.apache.spark.network.netty.NettyBlockTransferService' on port 40675.
[2026-05-15T17:00:09.266+0000] {subprocess.py:93} INFO - 26/05/15 17:00:09 INFO NettyBlockTransferService: Server created on e8a9653e4a1b:40675
[2026-05-15T17:00:09.273+0000] {subprocess.py:93} INFO - 26/05/15 17:00:09 INFO BlockManager: Using org.apache.spark.storage.RandomBlockReplicationPolicy for block replication policy
[2026-05-15T17:00:09.294+0000] {subprocess.py:93} INFO - 26/05/15 17:00:09 INFO BlockManagerMaster: Registering BlockManager BlockManagerId(driver, e8a9653e4a1b, 40675, None)
[2026-05-15T17:00:09.306+0000] {subprocess.py:93} INFO - 26/05/15 17:00:09 INFO BlockManagerMasterEndpoint: Registering block manager e8a9653e4a1b:40675 with 434.4 MiB RAM, BlockManagerId(driver, e8a9653e4a1b, 40675, None)
[2026-05-15T17:00:09.316+0000] {subprocess.py:93} INFO - 26/05/15 17:00:09 INFO BlockManagerMaster: Registered BlockManager BlockManagerId(driver, e8a9653e4a1b, 40675, None)
[2026-05-15T17:00:09.321+0000] {subprocess.py:93} INFO - 26/05/15 17:00:09 INFO BlockManager: Initialized BlockManager: BlockManagerId(driver, e8a9653e4a1b, 40675, None)
[2026-05-15T17:00:09.357+0000] {subprocess.py:93} INFO - 26/05/15 17:00:09 INFO StandaloneAppClient$ClientEndpoint: Executor updated: app-20260515170009-0060/0 is now RUNNING
[2026-05-15T17:00:09.670+0000] {subprocess.py:93} INFO - 26/05/15 17:00:09 INFO StandaloneSchedulerBackend: SchedulerBackend is ready for scheduling beginning after reached minRegisteredResourcesRatio: 0.0
[2026-05-15T17:00:11.470+0000] {subprocess.py:93} INFO - 26/05/15 17:00:11 WARN MetricsConfig: Cannot locate configuration: tried hadoop-metrics2-s3a-file-system.properties,hadoop-metrics2.properties
[2026-05-15T17:00:18.023+0000] {subprocess.py:93} INFO - Lecture SILVER terminée
[2026-05-15T17:00:26.718+0000] {subprocess.py:93} INFO - Table articles_par_jour créée
[2026-05-15T17:00:33.404+0000] {subprocess.py:93} INFO - Table articles_par_source créée
[2026-05-15T17:00:38.759+0000] {subprocess.py:93} INFO - Table top_categories créée
[2026-05-15T17:00:44.196+0000] {subprocess.py:93} INFO - Table articles_par_source_jour créée
[2026-05-15T17:00:44.198+0000] {subprocess.py:93} INFO - 
[2026-05-15T17:00:44.199+0000] {subprocess.py:93} INFO - ==============================
[2026-05-15T17:00:44.199+0000] {subprocess.py:93} INFO - GOLD LAYER TERMINÉ
[2026-05-15T17:00:44.200+0000] {subprocess.py:93} INFO - ==============================
[2026-05-15T17:00:44.872+0000] {subprocess.py:97} INFO - Command exited with return code 0
[2026-05-15T17:00:44.873+0000] {taskinstance.py:441} INFO - ::group::Post task execution logs
[2026-05-15T17:00:45.289+0000] {taskinstance.py:1206} INFO - Marking task as SUCCESS. dag_id=medallion_gold_layer, task_id=gold_processing, run_id=scheduled__2026-05-15T16:55:00+00:00, execution_date=20260515T165500, start_date=20260515T170002, end_date=20260515T170045
[2026-05-15T17:00:45.351+0000] {local_task_job_runner.py:240} INFO - Task exited with return code 0
[2026-05-15T17:00:45.478+0000] {taskinstance.py:3498} INFO - 0 downstream tasks scheduled from follow-on schedule check
[2026-05-15T17:00:45.501+0000] {local_task_job_runner.py:222} INFO - ::endgroup::
