[2026-05-14T12:55:01.043+0000] {local_task_job_runner.py:120} INFO - ::group::Pre task execution logs
[2026-05-14T12:55:01.172+0000] {taskinstance.py:2076} INFO - Dependencies all met for dep_context=non-requeueable deps ti=<TaskInstance: medallion_gold_layer.gold_processing scheduled__2026-05-14T12:50:00+00:00 [queued]>
[2026-05-14T12:55:01.207+0000] {taskinstance.py:2076} INFO - Dependencies all met for dep_context=requeueable deps ti=<TaskInstance: medallion_gold_layer.gold_processing scheduled__2026-05-14T12:50:00+00:00 [queued]>
[2026-05-14T12:55:01.210+0000] {taskinstance.py:2306} INFO - Starting attempt 1 of 2
[2026-05-14T12:55:01.274+0000] {taskinstance.py:2330} INFO - Executing <Task(BashOperator): gold_processing> on 2026-05-14 12:50:00+00:00
[2026-05-14T12:55:01.291+0000] {standard_task_runner.py:63} INFO - Started process 7842 to run task
[2026-05-14T12:55:01.301+0000] {standard_task_runner.py:90} INFO - Running: ['airflow', 'tasks', 'run', 'medallion_gold_layer', 'gold_processing', 'scheduled__2026-05-14T12:50:00+00:00', '--job-id', '22', '--raw', '--subdir', 'DAGS_FOLDER/gold_layer_dag.py', '--cfg-path', '/tmp/tmphujd4fjg']
[2026-05-14T12:55:01.311+0000] {standard_task_runner.py:91} INFO - Job 22: Subtask gold_processing
[2026-05-14T12:55:01.777+0000] {task_command.py:426} INFO - Running <TaskInstance: medallion_gold_layer.gold_processing scheduled__2026-05-14T12:50:00+00:00 [running]> on host e8a9653e4a1b
[2026-05-14T12:55:02.485+0000] {taskinstance.py:2648} INFO - Exporting env vars: AIRFLOW_CTX_DAG_OWNER='anass' AIRFLOW_CTX_DAG_ID='medallion_gold_layer' AIRFLOW_CTX_TASK_ID='gold_processing' AIRFLOW_CTX_EXECUTION_DATE='2026-05-14T12:50:00+00:00' AIRFLOW_CTX_TRY_NUMBER='1' AIRFLOW_CTX_DAG_RUN_ID='scheduled__2026-05-14T12:50:00+00:00'
[2026-05-14T12:55:02.487+0000] {taskinstance.py:430} INFO - ::endgroup::
[2026-05-14T12:55:02.539+0000] {subprocess.py:63} INFO - Tmp dir root location: /tmp
[2026-05-14T12:55:02.543+0000] {subprocess.py:75} INFO - Running command: ['/usr/bin/bash', '-c', '\n    spark-submit     --master spark://spark-master:7077     --executor-memory 512M     --executor-cores 1     --total-executor-cores 1     --jars /opt/airflow/jars/aws-java-sdk-bundle-1.12.262.jar,/opt/airflow/jars/hadoop-aws-3.3.4.jar,/opt/airflow/jars/postgresql-42.7.3.jar     /opt/spark_jobs/gold_processor.py\n    ']
[2026-05-14T12:55:02.564+0000] {subprocess.py:86} INFO - Output:
[2026-05-14T12:55:05.152+0000] {subprocess.py:93} INFO - 26/05/14 12:55:05 WARN NativeCodeLoader: Unable to load native-hadoop library for your platform... using builtin-java classes where applicable
[2026-05-14T12:55:07.172+0000] {subprocess.py:93} INFO - 26/05/14 12:55:07 INFO SparkContext: Running Spark version 3.5.1
[2026-05-14T12:55:07.173+0000] {subprocess.py:93} INFO - 26/05/14 12:55:07 INFO SparkContext: OS info Linux, 6.6.87.2-microsoft-standard-WSL2, amd64
[2026-05-14T12:55:07.175+0000] {subprocess.py:93} INFO - 26/05/14 12:55:07 INFO SparkContext: Java version 17.0.19
[2026-05-14T12:55:07.216+0000] {subprocess.py:93} INFO - 26/05/14 12:55:07 INFO ResourceUtils: ==============================================================
[2026-05-14T12:55:07.218+0000] {subprocess.py:93} INFO - 26/05/14 12:55:07 INFO ResourceUtils: No custom resources configured for spark.driver.
[2026-05-14T12:55:07.219+0000] {subprocess.py:93} INFO - 26/05/14 12:55:07 INFO ResourceUtils: ==============================================================
[2026-05-14T12:55:07.220+0000] {subprocess.py:93} INFO - 26/05/14 12:55:07 INFO SparkContext: Submitted application: GoldLayerProcessor
[2026-05-14T12:55:07.244+0000] {subprocess.py:93} INFO - 26/05/14 12:55:07 INFO ResourceProfile: Default ResourceProfile created, executor resources: Map(cores -> name: cores, amount: 1, script: , vendor: , memory -> name: memory, amount: 512, script: , vendor: , offHeap -> name: offHeap, amount: 0, script: , vendor: ), task resources: Map(cpus -> name: cpus, amount: 1.0)
[2026-05-14T12:55:07.256+0000] {subprocess.py:93} INFO - 26/05/14 12:55:07 INFO ResourceProfile: Limiting resource is cpus at 1 tasks per executor
[2026-05-14T12:55:07.260+0000] {subprocess.py:93} INFO - 26/05/14 12:55:07 INFO ResourceProfileManager: Added ResourceProfile id: 0
[2026-05-14T12:55:07.321+0000] {subprocess.py:93} INFO - 26/05/14 12:55:07 INFO SecurityManager: Changing view acls to: airflow
[2026-05-14T12:55:07.322+0000] {subprocess.py:93} INFO - 26/05/14 12:55:07 INFO SecurityManager: Changing modify acls to: airflow
[2026-05-14T12:55:07.324+0000] {subprocess.py:93} INFO - 26/05/14 12:55:07 INFO SecurityManager: Changing view acls groups to:
[2026-05-14T12:55:07.324+0000] {subprocess.py:93} INFO - 26/05/14 12:55:07 INFO SecurityManager: Changing modify acls groups to:
[2026-05-14T12:55:07.325+0000] {subprocess.py:93} INFO - 26/05/14 12:55:07 INFO SecurityManager: SecurityManager: authentication disabled; ui acls disabled; users with view permissions: airflow; groups with view permissions: EMPTY; users with modify permissions: airflow; groups with modify permissions: EMPTY
[2026-05-14T12:55:07.670+0000] {subprocess.py:93} INFO - 26/05/14 12:55:07 INFO Utils: Successfully started service 'sparkDriver' on port 44177.
[2026-05-14T12:55:07.712+0000] {subprocess.py:93} INFO - 26/05/14 12:55:07 INFO SparkEnv: Registering MapOutputTracker
[2026-05-14T12:55:07.764+0000] {subprocess.py:93} INFO - 26/05/14 12:55:07 INFO SparkEnv: Registering BlockManagerMaster
[2026-05-14T12:55:07.786+0000] {subprocess.py:93} INFO - 26/05/14 12:55:07 INFO BlockManagerMasterEndpoint: Using org.apache.spark.storage.DefaultTopologyMapper for getting topology information
[2026-05-14T12:55:07.788+0000] {subprocess.py:93} INFO - 26/05/14 12:55:07 INFO BlockManagerMasterEndpoint: BlockManagerMasterEndpoint up
[2026-05-14T12:55:07.793+0000] {subprocess.py:93} INFO - 26/05/14 12:55:07 INFO SparkEnv: Registering BlockManagerMasterHeartbeat
[2026-05-14T12:55:07.819+0000] {subprocess.py:93} INFO - 26/05/14 12:55:07 INFO DiskBlockManager: Created local directory at /tmp/blockmgr-9ed2a29f-db00-44dd-87ca-4f89d231ddff
[2026-05-14T12:55:07.840+0000] {subprocess.py:93} INFO - 26/05/14 12:55:07 INFO MemoryStore: MemoryStore started with capacity 434.4 MiB
[2026-05-14T12:55:07.863+0000] {subprocess.py:93} INFO - 26/05/14 12:55:07 INFO SparkEnv: Registering OutputCommitCoordinator
[2026-05-14T12:55:08.097+0000] {subprocess.py:93} INFO - 26/05/14 12:55:08 INFO JettyUtils: Start Jetty 0.0.0.0:4040 for SparkUI
[2026-05-14T12:55:08.190+0000] {subprocess.py:93} INFO - 26/05/14 12:55:08 INFO Utils: Successfully started service 'SparkUI' on port 4040.
[2026-05-14T12:55:08.236+0000] {subprocess.py:93} INFO - 26/05/14 12:55:08 INFO SparkContext: Added JAR file:///opt/airflow/jars/aws-java-sdk-bundle-1.12.262.jar at spark://e8a9653e4a1b:44177/jars/aws-java-sdk-bundle-1.12.262.jar with timestamp 1778763307161
[2026-05-14T12:55:08.238+0000] {subprocess.py:93} INFO - 26/05/14 12:55:08 INFO SparkContext: Added JAR file:///opt/airflow/jars/hadoop-aws-3.3.4.jar at spark://e8a9653e4a1b:44177/jars/hadoop-aws-3.3.4.jar with timestamp 1778763307161
[2026-05-14T12:55:08.239+0000] {subprocess.py:93} INFO - 26/05/14 12:55:08 INFO SparkContext: Added JAR file:///opt/airflow/jars/postgresql-42.7.3.jar at spark://e8a9653e4a1b:44177/jars/postgresql-42.7.3.jar with timestamp 1778763307161
[2026-05-14T12:55:08.347+0000] {subprocess.py:93} INFO - 26/05/14 12:55:08 INFO StandaloneAppClient$ClientEndpoint: Connecting to master spark://spark-master:7077...
[2026-05-14T12:55:08.422+0000] {subprocess.py:93} INFO - 26/05/14 12:55:08 INFO TransportClientFactory: Successfully created connection to spark-master/172.18.0.6:7077 after 36 ms (0 ms spent in bootstraps)
[2026-05-14T12:55:08.555+0000] {subprocess.py:93} INFO - 26/05/14 12:55:08 INFO StandaloneSchedulerBackend: Connected to Spark cluster with app ID app-20260514125508-0021
[2026-05-14T12:55:08.565+0000] {subprocess.py:93} INFO - 26/05/14 12:55:08 INFO StandaloneAppClient$ClientEndpoint: Executor added: app-20260514125508-0021/0 on worker-20260514105200-172.18.0.13-40347 (172.18.0.13:40347) with 1 core(s)
[2026-05-14T12:55:08.574+0000] {subprocess.py:93} INFO - 26/05/14 12:55:08 INFO StandaloneSchedulerBackend: Granted executor ID app-20260514125508-0021/0 on hostPort 172.18.0.13:40347 with 1 core(s), 512.0 MiB RAM
[2026-05-14T12:55:08.591+0000] {subprocess.py:93} INFO - 26/05/14 12:55:08 INFO Utils: Successfully started service 'org.apache.spark.network.netty.NettyBlockTransferService' on port 45057.
[2026-05-14T12:55:08.594+0000] {subprocess.py:93} INFO - 26/05/14 12:55:08 INFO NettyBlockTransferService: Server created on e8a9653e4a1b:45057
[2026-05-14T12:55:08.597+0000] {subprocess.py:93} INFO - 26/05/14 12:55:08 INFO BlockManager: Using org.apache.spark.storage.RandomBlockReplicationPolicy for block replication policy
[2026-05-14T12:55:08.610+0000] {subprocess.py:93} INFO - 26/05/14 12:55:08 INFO BlockManagerMaster: Registering BlockManager BlockManagerId(driver, e8a9653e4a1b, 45057, None)
[2026-05-14T12:55:08.619+0000] {subprocess.py:93} INFO - 26/05/14 12:55:08 INFO BlockManagerMasterEndpoint: Registering block manager e8a9653e4a1b:45057 with 434.4 MiB RAM, BlockManagerId(driver, e8a9653e4a1b, 45057, None)
[2026-05-14T12:55:08.624+0000] {subprocess.py:93} INFO - 26/05/14 12:55:08 INFO BlockManagerMaster: Registered BlockManager BlockManagerId(driver, e8a9653e4a1b, 45057, None)
[2026-05-14T12:55:08.629+0000] {subprocess.py:93} INFO - 26/05/14 12:55:08 INFO BlockManager: Initialized BlockManager: BlockManagerId(driver, e8a9653e4a1b, 45057, None)
[2026-05-14T12:55:08.671+0000] {subprocess.py:93} INFO - 26/05/14 12:55:08 INFO StandaloneAppClient$ClientEndpoint: Executor updated: app-20260514125508-0021/0 is now RUNNING
[2026-05-14T12:55:08.937+0000] {subprocess.py:93} INFO - 26/05/14 12:55:08 INFO StandaloneSchedulerBackend: SchedulerBackend is ready for scheduling beginning after reached minRegisteredResourcesRatio: 0.0
[2026-05-14T12:55:11.316+0000] {subprocess.py:93} INFO - 26/05/14 12:55:11 WARN MetricsConfig: Cannot locate configuration: tried hadoop-metrics2-s3a-file-system.properties,hadoop-metrics2.properties
[2026-05-14T12:55:21.965+0000] {subprocess.py:93} INFO - Lecture SILVER terminée
[2026-05-14T12:55:34.618+0000] {subprocess.py:93} INFO - Table articles_par_jour créée
[2026-05-14T12:55:40.906+0000] {subprocess.py:93} INFO - Table articles_par_source créée
[2026-05-14T12:55:47.277+0000] {subprocess.py:93} INFO - Table top_categories créée
[2026-05-14T12:55:53.325+0000] {subprocess.py:93} INFO - Table articles_par_source_jour créée
[2026-05-14T12:55:53.328+0000] {subprocess.py:93} INFO - 
[2026-05-14T12:55:53.330+0000] {subprocess.py:93} INFO - ==============================
[2026-05-14T12:55:53.332+0000] {subprocess.py:93} INFO - GOLD LAYER TERMINÉ
[2026-05-14T12:55:53.334+0000] {subprocess.py:93} INFO - ==============================
[2026-05-14T12:55:53.811+0000] {subprocess.py:97} INFO - Command exited with return code 0
[2026-05-14T12:55:53.816+0000] {taskinstance.py:441} INFO - ::group::Post task execution logs
[2026-05-14T12:55:54.464+0000] {taskinstance.py:1206} INFO - Marking task as SUCCESS. dag_id=medallion_gold_layer, task_id=gold_processing, run_id=scheduled__2026-05-14T12:50:00+00:00, execution_date=20260514T125000, start_date=20260514T125501, end_date=20260514T125554
[2026-05-14T12:55:54.600+0000] {local_task_job_runner.py:240} INFO - Task exited with return code 0
[2026-05-14T12:55:54.713+0000] {taskinstance.py:3498} INFO - 0 downstream tasks scheduled from follow-on schedule check
[2026-05-14T12:55:54.736+0000] {local_task_job_runner.py:222} INFO - ::endgroup::
