[2026-05-17T00:00:01.756+0000] {local_task_job_runner.py:120} INFO - ::group::Pre task execution logs
[2026-05-17T00:00:01.940+0000] {taskinstance.py:2076} INFO - Dependencies all met for dep_context=non-requeueable deps ti=<TaskInstance: medallion_gold_layer.gold_processing scheduled__2026-05-16T23:55:00+00:00 [queued]>
[2026-05-17T00:00:01.967+0000] {taskinstance.py:2076} INFO - Dependencies all met for dep_context=requeueable deps ti=<TaskInstance: medallion_gold_layer.gold_processing scheduled__2026-05-16T23:55:00+00:00 [queued]>
[2026-05-17T00:00:01.969+0000] {taskinstance.py:2306} INFO - Starting attempt 1 of 2
[2026-05-17T00:00:02.033+0000] {taskinstance.py:2330} INFO - Executing <Task(BashOperator): gold_processing> on 2026-05-16 23:55:00+00:00
[2026-05-17T00:00:02.044+0000] {standard_task_runner.py:63} INFO - Started process 54624 to run task
[2026-05-17T00:00:02.056+0000] {standard_task_runner.py:90} INFO - Running: ['airflow', 'tasks', 'run', 'medallion_gold_layer', 'gold_processing', 'scheduled__2026-05-16T23:55:00+00:00', '--job-id', '144', '--raw', '--subdir', 'DAGS_FOLDER/gold_layer_dag.py', '--cfg-path', '/tmp/tmpe5wg1py5']
[2026-05-17T00:00:02.063+0000] {standard_task_runner.py:91} INFO - Job 144: Subtask gold_processing
[2026-05-17T00:00:02.535+0000] {task_command.py:426} INFO - Running <TaskInstance: medallion_gold_layer.gold_processing scheduled__2026-05-16T23:55:00+00:00 [running]> on host e8a9653e4a1b
[2026-05-17T00:00:03.379+0000] {taskinstance.py:2648} INFO - Exporting env vars: AIRFLOW_CTX_DAG_OWNER='anass' AIRFLOW_CTX_DAG_ID='medallion_gold_layer' AIRFLOW_CTX_TASK_ID='gold_processing' AIRFLOW_CTX_EXECUTION_DATE='2026-05-16T23:55:00+00:00' AIRFLOW_CTX_TRY_NUMBER='1' AIRFLOW_CTX_DAG_RUN_ID='scheduled__2026-05-16T23:55:00+00:00'
[2026-05-17T00:00:03.382+0000] {taskinstance.py:430} INFO - ::endgroup::
[2026-05-17T00:00:03.425+0000] {subprocess.py:63} INFO - Tmp dir root location: /tmp
[2026-05-17T00:00:03.429+0000] {subprocess.py:75} INFO - Running command: ['/usr/bin/bash', '-c', '\n    spark-submit     --master spark://spark-master:7077     --executor-memory 512M     --executor-cores 1     --total-executor-cores 1     --jars /opt/airflow/jars/aws-java-sdk-bundle-1.12.262.jar,/opt/airflow/jars/hadoop-aws-3.3.4.jar,/opt/airflow/jars/postgresql-42.7.3.jar     /opt/spark_jobs/gold_processor.py\n    ']
[2026-05-17T00:00:03.453+0000] {subprocess.py:86} INFO - Output:
[2026-05-17T00:00:07.388+0000] {subprocess.py:93} INFO - 26/05/17 00:00:07 WARN NativeCodeLoader: Unable to load native-hadoop library for your platform... using builtin-java classes where applicable
[2026-05-17T00:00:09.558+0000] {subprocess.py:93} INFO - 26/05/17 00:00:09 INFO SparkContext: Running Spark version 3.5.1
[2026-05-17T00:00:09.559+0000] {subprocess.py:93} INFO - 26/05/17 00:00:09 INFO SparkContext: OS info Linux, 6.6.87.2-microsoft-standard-WSL2, amd64
[2026-05-17T00:00:09.560+0000] {subprocess.py:93} INFO - 26/05/17 00:00:09 INFO SparkContext: Java version 17.0.19
[2026-05-17T00:00:09.609+0000] {subprocess.py:93} INFO - 26/05/17 00:00:09 INFO ResourceUtils: ==============================================================
[2026-05-17T00:00:09.610+0000] {subprocess.py:93} INFO - 26/05/17 00:00:09 INFO ResourceUtils: No custom resources configured for spark.driver.
[2026-05-17T00:00:09.612+0000] {subprocess.py:93} INFO - 26/05/17 00:00:09 INFO ResourceUtils: ==============================================================
[2026-05-17T00:00:09.612+0000] {subprocess.py:93} INFO - 26/05/17 00:00:09 INFO SparkContext: Submitted application: GoldLayerProcessor
[2026-05-17T00:00:09.647+0000] {subprocess.py:93} INFO - 26/05/17 00:00:09 INFO ResourceProfile: Default ResourceProfile created, executor resources: Map(cores -> name: cores, amount: 1, script: , vendor: , memory -> name: memory, amount: 512, script: , vendor: , offHeap -> name: offHeap, amount: 0, script: , vendor: ), task resources: Map(cpus -> name: cpus, amount: 1.0)
[2026-05-17T00:00:09.666+0000] {subprocess.py:93} INFO - 26/05/17 00:00:09 INFO ResourceProfile: Limiting resource is cpus at 1 tasks per executor
[2026-05-17T00:00:09.673+0000] {subprocess.py:93} INFO - 26/05/17 00:00:09 INFO ResourceProfileManager: Added ResourceProfile id: 0
[2026-05-17T00:00:09.759+0000] {subprocess.py:93} INFO - 26/05/17 00:00:09 INFO SecurityManager: Changing view acls to: airflow
[2026-05-17T00:00:09.761+0000] {subprocess.py:93} INFO - 26/05/17 00:00:09 INFO SecurityManager: Changing modify acls to: airflow
[2026-05-17T00:00:09.762+0000] {subprocess.py:93} INFO - 26/05/17 00:00:09 INFO SecurityManager: Changing view acls groups to:
[2026-05-17T00:00:09.763+0000] {subprocess.py:93} INFO - 26/05/17 00:00:09 INFO SecurityManager: Changing modify acls groups to:
[2026-05-17T00:00:09.764+0000] {subprocess.py:93} INFO - 26/05/17 00:00:09 INFO SecurityManager: SecurityManager: authentication disabled; ui acls disabled; users with view permissions: airflow; groups with view permissions: EMPTY; users with modify permissions: airflow; groups with modify permissions: EMPTY
[2026-05-17T00:00:10.163+0000] {subprocess.py:93} INFO - 26/05/17 00:00:10 INFO Utils: Successfully started service 'sparkDriver' on port 33015.
[2026-05-17T00:00:10.207+0000] {subprocess.py:93} INFO - 26/05/17 00:00:10 INFO SparkEnv: Registering MapOutputTracker
[2026-05-17T00:00:10.270+0000] {subprocess.py:93} INFO - 26/05/17 00:00:10 INFO SparkEnv: Registering BlockManagerMaster
[2026-05-17T00:00:10.298+0000] {subprocess.py:93} INFO - 26/05/17 00:00:10 INFO BlockManagerMasterEndpoint: Using org.apache.spark.storage.DefaultTopologyMapper for getting topology information
[2026-05-17T00:00:10.305+0000] {subprocess.py:93} INFO - 26/05/17 00:00:10 INFO BlockManagerMasterEndpoint: BlockManagerMasterEndpoint up
[2026-05-17T00:00:10.307+0000] {subprocess.py:93} INFO - 26/05/17 00:00:10 INFO SparkEnv: Registering BlockManagerMasterHeartbeat
[2026-05-17T00:00:10.337+0000] {subprocess.py:93} INFO - 26/05/17 00:00:10 INFO DiskBlockManager: Created local directory at /tmp/blockmgr-d70eb57a-9450-4009-b216-5b8162cf65b2
[2026-05-17T00:00:10.361+0000] {subprocess.py:93} INFO - 26/05/17 00:00:10 INFO MemoryStore: MemoryStore started with capacity 434.4 MiB
[2026-05-17T00:00:10.388+0000] {subprocess.py:93} INFO - 26/05/17 00:00:10 INFO SparkEnv: Registering OutputCommitCoordinator
[2026-05-17T00:00:10.573+0000] {subprocess.py:93} INFO - 26/05/17 00:00:10 INFO JettyUtils: Start Jetty 0.0.0.0:4040 for SparkUI
[2026-05-17T00:00:10.699+0000] {subprocess.py:93} INFO - 26/05/17 00:00:10 INFO Utils: Successfully started service 'SparkUI' on port 4040.
[2026-05-17T00:00:10.754+0000] {subprocess.py:93} INFO - 26/05/17 00:00:10 INFO SparkContext: Added JAR file:///opt/airflow/jars/aws-java-sdk-bundle-1.12.262.jar at spark://e8a9653e4a1b:33015/jars/aws-java-sdk-bundle-1.12.262.jar with timestamp 1778976009545
[2026-05-17T00:00:10.755+0000] {subprocess.py:93} INFO - 26/05/17 00:00:10 INFO SparkContext: Added JAR file:///opt/airflow/jars/hadoop-aws-3.3.4.jar at spark://e8a9653e4a1b:33015/jars/hadoop-aws-3.3.4.jar with timestamp 1778976009545
[2026-05-17T00:00:10.757+0000] {subprocess.py:93} INFO - 26/05/17 00:00:10 INFO SparkContext: Added JAR file:///opt/airflow/jars/postgresql-42.7.3.jar at spark://e8a9653e4a1b:33015/jars/postgresql-42.7.3.jar with timestamp 1778976009545
[2026-05-17T00:00:10.888+0000] {subprocess.py:93} INFO - 26/05/17 00:00:10 INFO StandaloneAppClient$ClientEndpoint: Connecting to master spark://spark-master:7077...
[2026-05-17T00:00:10.947+0000] {subprocess.py:93} INFO - 26/05/17 00:00:10 INFO TransportClientFactory: Successfully created connection to spark-master/172.18.0.6:7077 after 33 ms (0 ms spent in bootstraps)
[2026-05-17T00:00:11.061+0000] {subprocess.py:93} INFO - 26/05/17 00:00:11 INFO StandaloneSchedulerBackend: Connected to Spark cluster with app ID app-20260517000011-0143
[2026-05-17T00:00:11.065+0000] {subprocess.py:93} INFO - 26/05/17 00:00:11 INFO StandaloneAppClient$ClientEndpoint: Executor added: app-20260517000011-0143/0 on worker-20260514105200-172.18.0.13-40347 (172.18.0.13:40347) with 1 core(s)
[2026-05-17T00:00:11.069+0000] {subprocess.py:93} INFO - 26/05/17 00:00:11 INFO StandaloneSchedulerBackend: Granted executor ID app-20260517000011-0143/0 on hostPort 172.18.0.13:40347 with 1 core(s), 512.0 MiB RAM
[2026-05-17T00:00:11.079+0000] {subprocess.py:93} INFO - 26/05/17 00:00:11 INFO Utils: Successfully started service 'org.apache.spark.network.netty.NettyBlockTransferService' on port 33421.
[2026-05-17T00:00:11.081+0000] {subprocess.py:93} INFO - 26/05/17 00:00:11 INFO NettyBlockTransferService: Server created on e8a9653e4a1b:33421
[2026-05-17T00:00:11.082+0000] {subprocess.py:93} INFO - 26/05/17 00:00:11 INFO BlockManager: Using org.apache.spark.storage.RandomBlockReplicationPolicy for block replication policy
[2026-05-17T00:00:11.093+0000] {subprocess.py:93} INFO - 26/05/17 00:00:11 INFO BlockManagerMaster: Registering BlockManager BlockManagerId(driver, e8a9653e4a1b, 33421, None)
[2026-05-17T00:00:11.103+0000] {subprocess.py:93} INFO - 26/05/17 00:00:11 INFO BlockManagerMasterEndpoint: Registering block manager e8a9653e4a1b:33421 with 434.4 MiB RAM, BlockManagerId(driver, e8a9653e4a1b, 33421, None)
[2026-05-17T00:00:11.112+0000] {subprocess.py:93} INFO - 26/05/17 00:00:11 INFO BlockManagerMaster: Registered BlockManager BlockManagerId(driver, e8a9653e4a1b, 33421, None)
[2026-05-17T00:00:11.116+0000] {subprocess.py:93} INFO - 26/05/17 00:00:11 INFO BlockManager: Initialized BlockManager: BlockManagerId(driver, e8a9653e4a1b, 33421, None)
[2026-05-17T00:00:11.131+0000] {subprocess.py:93} INFO - 26/05/17 00:00:11 INFO StandaloneAppClient$ClientEndpoint: Executor updated: app-20260517000011-0143/0 is now RUNNING
[2026-05-17T00:00:11.472+0000] {subprocess.py:93} INFO - 26/05/17 00:00:11 INFO StandaloneSchedulerBackend: SchedulerBackend is ready for scheduling beginning after reached minRegisteredResourcesRatio: 0.0
[2026-05-17T00:00:13.344+0000] {subprocess.py:93} INFO - 26/05/17 00:00:13 WARN MetricsConfig: Cannot locate configuration: tried hadoop-metrics2-s3a-file-system.properties,hadoop-metrics2.properties
[2026-05-17T00:00:23.581+0000] {subprocess.py:93} INFO - Lecture SILVER terminée
[2026-05-17T00:00:51.363+0000] {subprocess.py:93} INFO - Table articles_par_jour créée
[2026-05-17T00:01:10.554+0000] {subprocess.py:93} INFO - Table articles_par_source créée
[2026-05-17T00:01:28.672+0000] {subprocess.py:93} INFO - Table top_categories créée
[2026-05-17T00:01:42.547+0000] {subprocess.py:93} INFO - Table articles_par_source_jour créée
[2026-05-17T00:01:42.549+0000] {subprocess.py:93} INFO - 
[2026-05-17T00:01:42.551+0000] {subprocess.py:93} INFO - ==============================
[2026-05-17T00:01:42.553+0000] {subprocess.py:93} INFO - GOLD LAYER TERMINÉ
[2026-05-17T00:01:42.556+0000] {subprocess.py:93} INFO - ==============================
[2026-05-17T00:01:43.443+0000] {subprocess.py:97} INFO - Command exited with return code 0
[2026-05-17T00:01:43.445+0000] {taskinstance.py:441} INFO - ::group::Post task execution logs
[2026-05-17T00:01:43.999+0000] {taskinstance.py:1206} INFO - Marking task as SUCCESS. dag_id=medallion_gold_layer, task_id=gold_processing, run_id=scheduled__2026-05-16T23:55:00+00:00, execution_date=20260516T235500, start_date=20260517T000001, end_date=20260517T000143
[2026-05-17T00:01:44.124+0000] {local_task_job_runner.py:240} INFO - Task exited with return code 0
[2026-05-17T00:01:44.264+0000] {taskinstance.py:3498} INFO - 0 downstream tasks scheduled from follow-on schedule check
[2026-05-17T00:01:44.287+0000] {local_task_job_runner.py:222} INFO - ::endgroup::
