[2026-05-17T22:35:01.936+0000] {local_task_job_runner.py:120} INFO - ::group::Pre task execution logs
[2026-05-17T22:35:02.177+0000] {taskinstance.py:2076} INFO - Dependencies all met for dep_context=non-requeueable deps ti=<TaskInstance: medallion_gold_layer.gold_processing scheduled__2026-05-17T22:30:00+00:00 [queued]>
[2026-05-17T22:35:02.215+0000] {taskinstance.py:2076} INFO - Dependencies all met for dep_context=requeueable deps ti=<TaskInstance: medallion_gold_layer.gold_processing scheduled__2026-05-17T22:30:00+00:00 [queued]>
[2026-05-17T22:35:02.218+0000] {taskinstance.py:2306} INFO - Starting attempt 1 of 2
[2026-05-17T22:35:02.294+0000] {taskinstance.py:2330} INFO - Executing <Task(BashOperator): gold_processing> on 2026-05-17 22:30:00+00:00
[2026-05-17T22:35:02.302+0000] {standard_task_runner.py:63} INFO - Started process 78280 to run task
[2026-05-17T22:35:02.307+0000] {standard_task_runner.py:90} INFO - Running: ['airflow', 'tasks', 'run', 'medallion_gold_layer', 'gold_processing', 'scheduled__2026-05-17T22:30:00+00:00', '--job-id', '203', '--raw', '--subdir', 'DAGS_FOLDER/gold_layer_dag.py', '--cfg-path', '/tmp/tmpusbjc9pj']
[2026-05-17T22:35:02.313+0000] {standard_task_runner.py:91} INFO - Job 203: Subtask gold_processing
[2026-05-17T22:35:02.835+0000] {task_command.py:426} INFO - Running <TaskInstance: medallion_gold_layer.gold_processing scheduled__2026-05-17T22:30:00+00:00 [running]> on host e8a9653e4a1b
[2026-05-17T22:35:03.613+0000] {taskinstance.py:2648} INFO - Exporting env vars: AIRFLOW_CTX_DAG_OWNER='anass' AIRFLOW_CTX_DAG_ID='medallion_gold_layer' AIRFLOW_CTX_TASK_ID='gold_processing' AIRFLOW_CTX_EXECUTION_DATE='2026-05-17T22:30:00+00:00' AIRFLOW_CTX_TRY_NUMBER='1' AIRFLOW_CTX_DAG_RUN_ID='scheduled__2026-05-17T22:30:00+00:00'
[2026-05-17T22:35:03.616+0000] {taskinstance.py:430} INFO - ::endgroup::
[2026-05-17T22:35:03.651+0000] {subprocess.py:63} INFO - Tmp dir root location: /tmp
[2026-05-17T22:35:03.653+0000] {subprocess.py:75} INFO - Running command: ['/usr/bin/bash', '-c', '\n    spark-submit     --master spark://spark-master:7077     --executor-memory 512M     --executor-cores 1     --total-executor-cores 1     --jars /opt/airflow/jars/aws-java-sdk-bundle-1.12.262.jar,/opt/airflow/jars/hadoop-aws-3.3.4.jar,/opt/airflow/jars/postgresql-42.7.3.jar     /opt/spark_jobs/gold_processor.py\n    ']
[2026-05-17T22:35:03.670+0000] {subprocess.py:86} INFO - Output:
[2026-05-17T22:35:06.674+0000] {subprocess.py:93} INFO - 26/05/17 22:35:06 WARN NativeCodeLoader: Unable to load native-hadoop library for your platform... using builtin-java classes where applicable
[2026-05-17T22:35:09.092+0000] {subprocess.py:93} INFO - 26/05/17 22:35:09 INFO SparkContext: Running Spark version 3.5.1
[2026-05-17T22:35:09.097+0000] {subprocess.py:93} INFO - 26/05/17 22:35:09 INFO SparkContext: OS info Linux, 6.6.87.2-microsoft-standard-WSL2, amd64
[2026-05-17T22:35:09.099+0000] {subprocess.py:93} INFO - 26/05/17 22:35:09 INFO SparkContext: Java version 17.0.19
[2026-05-17T22:35:09.165+0000] {subprocess.py:93} INFO - 26/05/17 22:35:09 INFO ResourceUtils: ==============================================================
[2026-05-17T22:35:09.167+0000] {subprocess.py:93} INFO - 26/05/17 22:35:09 INFO ResourceUtils: No custom resources configured for spark.driver.
[2026-05-17T22:35:09.168+0000] {subprocess.py:93} INFO - 26/05/17 22:35:09 INFO ResourceUtils: ==============================================================
[2026-05-17T22:35:09.169+0000] {subprocess.py:93} INFO - 26/05/17 22:35:09 INFO SparkContext: Submitted application: GoldLayerProcessor
[2026-05-17T22:35:09.221+0000] {subprocess.py:93} INFO - 26/05/17 22:35:09 INFO ResourceProfile: Default ResourceProfile created, executor resources: Map(cores -> name: cores, amount: 1, script: , vendor: , memory -> name: memory, amount: 512, script: , vendor: , offHeap -> name: offHeap, amount: 0, script: , vendor: ), task resources: Map(cpus -> name: cpus, amount: 1.0)
[2026-05-17T22:35:09.265+0000] {subprocess.py:93} INFO - 26/05/17 22:35:09 INFO ResourceProfile: Limiting resource is cpus at 1 tasks per executor
[2026-05-17T22:35:09.276+0000] {subprocess.py:93} INFO - 26/05/17 22:35:09 INFO ResourceProfileManager: Added ResourceProfile id: 0
[2026-05-17T22:35:09.406+0000] {subprocess.py:93} INFO - 26/05/17 22:35:09 INFO SecurityManager: Changing view acls to: airflow
[2026-05-17T22:35:09.408+0000] {subprocess.py:93} INFO - 26/05/17 22:35:09 INFO SecurityManager: Changing modify acls to: airflow
[2026-05-17T22:35:09.409+0000] {subprocess.py:93} INFO - 26/05/17 22:35:09 INFO SecurityManager: Changing view acls groups to:
[2026-05-17T22:35:09.412+0000] {subprocess.py:93} INFO - 26/05/17 22:35:09 INFO SecurityManager: Changing modify acls groups to:
[2026-05-17T22:35:09.413+0000] {subprocess.py:93} INFO - 26/05/17 22:35:09 INFO SecurityManager: SecurityManager: authentication disabled; ui acls disabled; users with view permissions: airflow; groups with view permissions: EMPTY; users with modify permissions: airflow; groups with modify permissions: EMPTY
[2026-05-17T22:35:09.777+0000] {subprocess.py:93} INFO - 26/05/17 22:35:09 INFO Utils: Successfully started service 'sparkDriver' on port 36173.
[2026-05-17T22:35:09.831+0000] {subprocess.py:93} INFO - 26/05/17 22:35:09 INFO SparkEnv: Registering MapOutputTracker
[2026-05-17T22:35:09.913+0000] {subprocess.py:93} INFO - 26/05/17 22:35:09 INFO SparkEnv: Registering BlockManagerMaster
[2026-05-17T22:35:09.958+0000] {subprocess.py:93} INFO - 26/05/17 22:35:09 INFO BlockManagerMasterEndpoint: Using org.apache.spark.storage.DefaultTopologyMapper for getting topology information
[2026-05-17T22:35:09.961+0000] {subprocess.py:93} INFO - 26/05/17 22:35:09 INFO BlockManagerMasterEndpoint: BlockManagerMasterEndpoint up
[2026-05-17T22:35:09.969+0000] {subprocess.py:93} INFO - 26/05/17 22:35:09 INFO SparkEnv: Registering BlockManagerMasterHeartbeat
[2026-05-17T22:35:10.007+0000] {subprocess.py:93} INFO - 26/05/17 22:35:10 INFO DiskBlockManager: Created local directory at /tmp/blockmgr-8bf3ce8f-8332-487f-bcd7-1f2f09bc9ec3
[2026-05-17T22:35:10.036+0000] {subprocess.py:93} INFO - 26/05/17 22:35:10 INFO MemoryStore: MemoryStore started with capacity 434.4 MiB
[2026-05-17T22:35:10.074+0000] {subprocess.py:93} INFO - 26/05/17 22:35:10 INFO SparkEnv: Registering OutputCommitCoordinator
[2026-05-17T22:35:10.308+0000] {subprocess.py:93} INFO - 26/05/17 22:35:10 INFO JettyUtils: Start Jetty 0.0.0.0:4040 for SparkUI
[2026-05-17T22:35:10.448+0000] {subprocess.py:93} INFO - 26/05/17 22:35:10 INFO Utils: Successfully started service 'SparkUI' on port 4040.
[2026-05-17T22:35:10.512+0000] {subprocess.py:93} INFO - 26/05/17 22:35:10 INFO SparkContext: Added JAR file:///opt/airflow/jars/aws-java-sdk-bundle-1.12.262.jar at spark://e8a9653e4a1b:36173/jars/aws-java-sdk-bundle-1.12.262.jar with timestamp 1779057309070
[2026-05-17T22:35:10.513+0000] {subprocess.py:93} INFO - 26/05/17 22:35:10 INFO SparkContext: Added JAR file:///opt/airflow/jars/hadoop-aws-3.3.4.jar at spark://e8a9653e4a1b:36173/jars/hadoop-aws-3.3.4.jar with timestamp 1779057309070
[2026-05-17T22:35:10.514+0000] {subprocess.py:93} INFO - 26/05/17 22:35:10 INFO SparkContext: Added JAR file:///opt/airflow/jars/postgresql-42.7.3.jar at spark://e8a9653e4a1b:36173/jars/postgresql-42.7.3.jar with timestamp 1779057309070
[2026-05-17T22:35:10.665+0000] {subprocess.py:93} INFO - 26/05/17 22:35:10 INFO StandaloneAppClient$ClientEndpoint: Connecting to master spark://spark-master:7077...
[2026-05-17T22:35:10.740+0000] {subprocess.py:93} INFO - 26/05/17 22:35:10 INFO TransportClientFactory: Successfully created connection to spark-master/172.18.0.6:7077 after 42 ms (0 ms spent in bootstraps)
[2026-05-17T22:35:10.885+0000] {subprocess.py:93} INFO - 26/05/17 22:35:10 INFO StandaloneSchedulerBackend: Connected to Spark cluster with app ID app-20260517223510-0202
[2026-05-17T22:35:10.888+0000] {subprocess.py:93} INFO - 26/05/17 22:35:10 INFO StandaloneAppClient$ClientEndpoint: Executor added: app-20260517223510-0202/0 on worker-20260514105200-172.18.0.13-40347 (172.18.0.13:40347) with 1 core(s)
[2026-05-17T22:35:10.890+0000] {subprocess.py:93} INFO - 26/05/17 22:35:10 INFO StandaloneSchedulerBackend: Granted executor ID app-20260517223510-0202/0 on hostPort 172.18.0.13:40347 with 1 core(s), 512.0 MiB RAM
[2026-05-17T22:35:10.903+0000] {subprocess.py:93} INFO - 26/05/17 22:35:10 INFO Utils: Successfully started service 'org.apache.spark.network.netty.NettyBlockTransferService' on port 40399.
[2026-05-17T22:35:10.904+0000] {subprocess.py:93} INFO - 26/05/17 22:35:10 INFO NettyBlockTransferService: Server created on e8a9653e4a1b:40399
[2026-05-17T22:35:10.906+0000] {subprocess.py:93} INFO - 26/05/17 22:35:10 INFO BlockManager: Using org.apache.spark.storage.RandomBlockReplicationPolicy for block replication policy
[2026-05-17T22:35:10.924+0000] {subprocess.py:93} INFO - 26/05/17 22:35:10 INFO BlockManagerMaster: Registering BlockManager BlockManagerId(driver, e8a9653e4a1b, 40399, None)
[2026-05-17T22:35:10.931+0000] {subprocess.py:93} INFO - 26/05/17 22:35:10 INFO BlockManagerMasterEndpoint: Registering block manager e8a9653e4a1b:40399 with 434.4 MiB RAM, BlockManagerId(driver, e8a9653e4a1b, 40399, None)
[2026-05-17T22:35:10.935+0000] {subprocess.py:93} INFO - 26/05/17 22:35:10 INFO BlockManagerMaster: Registered BlockManager BlockManagerId(driver, e8a9653e4a1b, 40399, None)
[2026-05-17T22:35:10.939+0000] {subprocess.py:93} INFO - 26/05/17 22:35:10 INFO BlockManager: Initialized BlockManager: BlockManagerId(driver, e8a9653e4a1b, 40399, None)
[2026-05-17T22:35:10.947+0000] {subprocess.py:93} INFO - 26/05/17 22:35:10 INFO StandaloneAppClient$ClientEndpoint: Executor updated: app-20260517223510-0202/0 is now RUNNING
[2026-05-17T22:35:11.369+0000] {subprocess.py:93} INFO - 26/05/17 22:35:11 INFO StandaloneSchedulerBackend: SchedulerBackend is ready for scheduling beginning after reached minRegisteredResourcesRatio: 0.0
[2026-05-17T22:35:13.941+0000] {subprocess.py:93} INFO - 26/05/17 22:35:13 WARN MetricsConfig: Cannot locate configuration: tried hadoop-metrics2-s3a-file-system.properties,hadoop-metrics2.properties
[2026-05-17T22:35:31.040+0000] {subprocess.py:93} INFO - Lecture SILVER terminée
[2026-05-17T22:36:00.957+0000] {subprocess.py:93} INFO - Table articles_par_jour créée
[2026-05-17T22:36:23.541+0000] {subprocess.py:93} INFO - Table articles_par_source créée
[2026-05-17T22:36:40.314+0000] {subprocess.py:93} INFO - Table top_categories créée
[2026-05-17T22:37:00.846+0000] {subprocess.py:93} INFO - Table articles_par_source_jour créée
[2026-05-17T22:37:00.848+0000] {subprocess.py:93} INFO - 
[2026-05-17T22:37:00.849+0000] {subprocess.py:93} INFO - ==============================
[2026-05-17T22:37:00.851+0000] {subprocess.py:93} INFO - GOLD LAYER TERMINÉ
[2026-05-17T22:37:00.852+0000] {subprocess.py:93} INFO - ==============================
[2026-05-17T22:37:01.842+0000] {subprocess.py:97} INFO - Command exited with return code 0
[2026-05-17T22:37:01.847+0000] {taskinstance.py:441} INFO - ::group::Post task execution logs
[2026-05-17T22:37:02.504+0000] {taskinstance.py:1206} INFO - Marking task as SUCCESS. dag_id=medallion_gold_layer, task_id=gold_processing, run_id=scheduled__2026-05-17T22:30:00+00:00, execution_date=20260517T223000, start_date=20260517T223502, end_date=20260517T223702
[2026-05-17T22:37:02.618+0000] {local_task_job_runner.py:240} INFO - Task exited with return code 0
[2026-05-17T22:37:02.739+0000] {taskinstance.py:3498} INFO - 0 downstream tasks scheduled from follow-on schedule check
[2026-05-17T22:37:02.753+0000] {local_task_job_runner.py:222} INFO - ::endgroup::
