[2026-05-18T01:15:01.333+0000] {local_task_job_runner.py:120} INFO - ::group::Pre task execution logs
[2026-05-18T01:15:01.566+0000] {taskinstance.py:2076} INFO - Dependencies all met for dep_context=non-requeueable deps ti=<TaskInstance: medallion_gold_layer.gold_processing scheduled__2026-05-18T01:10:00+00:00 [queued]>
[2026-05-18T01:15:01.598+0000] {taskinstance.py:2076} INFO - Dependencies all met for dep_context=requeueable deps ti=<TaskInstance: medallion_gold_layer.gold_processing scheduled__2026-05-18T01:10:00+00:00 [queued]>
[2026-05-18T01:15:01.617+0000] {taskinstance.py:2306} INFO - Starting attempt 1 of 2
[2026-05-18T01:15:01.714+0000] {taskinstance.py:2330} INFO - Executing <Task(BashOperator): gold_processing> on 2026-05-18 01:10:00+00:00
[2026-05-18T01:15:01.733+0000] {standard_task_runner.py:63} INFO - Started process 85103 to run task
[2026-05-18T01:15:01.745+0000] {standard_task_runner.py:90} INFO - Running: ['airflow', 'tasks', 'run', 'medallion_gold_layer', 'gold_processing', 'scheduled__2026-05-18T01:10:00+00:00', '--job-id', '221', '--raw', '--subdir', 'DAGS_FOLDER/gold_layer_dag.py', '--cfg-path', '/tmp/tmpu4fexl_q']
[2026-05-18T01:15:01.753+0000] {standard_task_runner.py:91} INFO - Job 221: Subtask gold_processing
[2026-05-18T01:15:02.328+0000] {task_command.py:426} INFO - Running <TaskInstance: medallion_gold_layer.gold_processing scheduled__2026-05-18T01:10:00+00:00 [running]> on host e8a9653e4a1b
[2026-05-18T01:15:03.173+0000] {taskinstance.py:2648} INFO - Exporting env vars: AIRFLOW_CTX_DAG_OWNER='anass' AIRFLOW_CTX_DAG_ID='medallion_gold_layer' AIRFLOW_CTX_TASK_ID='gold_processing' AIRFLOW_CTX_EXECUTION_DATE='2026-05-18T01:10:00+00:00' AIRFLOW_CTX_TRY_NUMBER='1' AIRFLOW_CTX_DAG_RUN_ID='scheduled__2026-05-18T01:10:00+00:00'
[2026-05-18T01:15:03.175+0000] {taskinstance.py:430} INFO - ::endgroup::
[2026-05-18T01:15:03.211+0000] {subprocess.py:63} INFO - Tmp dir root location: /tmp
[2026-05-18T01:15:03.214+0000] {subprocess.py:75} INFO - Running command: ['/usr/bin/bash', '-c', '\n    spark-submit     --master spark://spark-master:7077     --executor-memory 512M     --executor-cores 1     --total-executor-cores 1     --jars /opt/airflow/jars/aws-java-sdk-bundle-1.12.262.jar,/opt/airflow/jars/hadoop-aws-3.3.4.jar,/opt/airflow/jars/postgresql-42.7.3.jar     /opt/spark_jobs/gold_processor.py\n    ']
[2026-05-18T01:15:03.237+0000] {subprocess.py:86} INFO - Output:
[2026-05-18T01:15:06.677+0000] {subprocess.py:93} INFO - 26/05/18 01:15:06 WARN NativeCodeLoader: Unable to load native-hadoop library for your platform... using builtin-java classes where applicable
[2026-05-18T01:15:09.303+0000] {subprocess.py:93} INFO - 26/05/18 01:15:09 INFO SparkContext: Running Spark version 3.5.1
[2026-05-18T01:15:09.305+0000] {subprocess.py:93} INFO - 26/05/18 01:15:09 INFO SparkContext: OS info Linux, 6.6.87.2-microsoft-standard-WSL2, amd64
[2026-05-18T01:15:09.307+0000] {subprocess.py:93} INFO - 26/05/18 01:15:09 INFO SparkContext: Java version 17.0.19
[2026-05-18T01:15:09.360+0000] {subprocess.py:93} INFO - 26/05/18 01:15:09 INFO ResourceUtils: ==============================================================
[2026-05-18T01:15:09.361+0000] {subprocess.py:93} INFO - 26/05/18 01:15:09 INFO ResourceUtils: No custom resources configured for spark.driver.
[2026-05-18T01:15:09.363+0000] {subprocess.py:93} INFO - 26/05/18 01:15:09 INFO ResourceUtils: ==============================================================
[2026-05-18T01:15:09.365+0000] {subprocess.py:93} INFO - 26/05/18 01:15:09 INFO SparkContext: Submitted application: GoldLayerProcessor
[2026-05-18T01:15:09.398+0000] {subprocess.py:93} INFO - 26/05/18 01:15:09 INFO ResourceProfile: Default ResourceProfile created, executor resources: Map(cores -> name: cores, amount: 1, script: , vendor: , memory -> name: memory, amount: 512, script: , vendor: , offHeap -> name: offHeap, amount: 0, script: , vendor: ), task resources: Map(cpus -> name: cpus, amount: 1.0)
[2026-05-18T01:15:09.411+0000] {subprocess.py:93} INFO - 26/05/18 01:15:09 INFO ResourceProfile: Limiting resource is cpus at 1 tasks per executor
[2026-05-18T01:15:09.416+0000] {subprocess.py:93} INFO - 26/05/18 01:15:09 INFO ResourceProfileManager: Added ResourceProfile id: 0
[2026-05-18T01:15:09.520+0000] {subprocess.py:93} INFO - 26/05/18 01:15:09 INFO SecurityManager: Changing view acls to: airflow
[2026-05-18T01:15:09.523+0000] {subprocess.py:93} INFO - 26/05/18 01:15:09 INFO SecurityManager: Changing modify acls to: airflow
[2026-05-18T01:15:09.524+0000] {subprocess.py:93} INFO - 26/05/18 01:15:09 INFO SecurityManager: Changing view acls groups to:
[2026-05-18T01:15:09.526+0000] {subprocess.py:93} INFO - 26/05/18 01:15:09 INFO SecurityManager: Changing modify acls groups to:
[2026-05-18T01:15:09.528+0000] {subprocess.py:93} INFO - 26/05/18 01:15:09 INFO SecurityManager: SecurityManager: authentication disabled; ui acls disabled; users with view permissions: airflow; groups with view permissions: EMPTY; users with modify permissions: airflow; groups with modify permissions: EMPTY
[2026-05-18T01:15:09.863+0000] {subprocess.py:93} INFO - 26/05/18 01:15:09 INFO Utils: Successfully started service 'sparkDriver' on port 43757.
[2026-05-18T01:15:09.961+0000] {subprocess.py:93} INFO - 26/05/18 01:15:09 INFO SparkEnv: Registering MapOutputTracker
[2026-05-18T01:15:10.025+0000] {subprocess.py:93} INFO - 26/05/18 01:15:10 INFO SparkEnv: Registering BlockManagerMaster
[2026-05-18T01:15:10.067+0000] {subprocess.py:93} INFO - 26/05/18 01:15:10 INFO BlockManagerMasterEndpoint: Using org.apache.spark.storage.DefaultTopologyMapper for getting topology information
[2026-05-18T01:15:10.069+0000] {subprocess.py:93} INFO - 26/05/18 01:15:10 INFO BlockManagerMasterEndpoint: BlockManagerMasterEndpoint up
[2026-05-18T01:15:10.079+0000] {subprocess.py:93} INFO - 26/05/18 01:15:10 INFO SparkEnv: Registering BlockManagerMasterHeartbeat
[2026-05-18T01:15:10.104+0000] {subprocess.py:93} INFO - 26/05/18 01:15:10 INFO DiskBlockManager: Created local directory at /tmp/blockmgr-cbf52b64-fc96-4d69-8fba-e6cf6e2893da
[2026-05-18T01:15:10.134+0000] {subprocess.py:93} INFO - 26/05/18 01:15:10 INFO MemoryStore: MemoryStore started with capacity 434.4 MiB
[2026-05-18T01:15:10.170+0000] {subprocess.py:93} INFO - 26/05/18 01:15:10 INFO SparkEnv: Registering OutputCommitCoordinator
[2026-05-18T01:15:10.436+0000] {subprocess.py:93} INFO - 26/05/18 01:15:10 INFO JettyUtils: Start Jetty 0.0.0.0:4040 for SparkUI
[2026-05-18T01:15:10.609+0000] {subprocess.py:93} INFO - 26/05/18 01:15:10 INFO Utils: Successfully started service 'SparkUI' on port 4040.
[2026-05-18T01:15:10.692+0000] {subprocess.py:93} INFO - 26/05/18 01:15:10 INFO SparkContext: Added JAR file:///opt/airflow/jars/aws-java-sdk-bundle-1.12.262.jar at spark://e8a9653e4a1b:43757/jars/aws-java-sdk-bundle-1.12.262.jar with timestamp 1779066909291
[2026-05-18T01:15:10.693+0000] {subprocess.py:93} INFO - 26/05/18 01:15:10 INFO SparkContext: Added JAR file:///opt/airflow/jars/hadoop-aws-3.3.4.jar at spark://e8a9653e4a1b:43757/jars/hadoop-aws-3.3.4.jar with timestamp 1779066909291
[2026-05-18T01:15:10.695+0000] {subprocess.py:93} INFO - 26/05/18 01:15:10 INFO SparkContext: Added JAR file:///opt/airflow/jars/postgresql-42.7.3.jar at spark://e8a9653e4a1b:43757/jars/postgresql-42.7.3.jar with timestamp 1779066909291
[2026-05-18T01:15:10.836+0000] {subprocess.py:93} INFO - 26/05/18 01:15:10 INFO StandaloneAppClient$ClientEndpoint: Connecting to master spark://spark-master:7077...
[2026-05-18T01:15:10.932+0000] {subprocess.py:93} INFO - 26/05/18 01:15:10 INFO TransportClientFactory: Successfully created connection to spark-master/172.18.0.6:7077 after 45 ms (0 ms spent in bootstraps)
[2026-05-18T01:15:11.068+0000] {subprocess.py:93} INFO - 26/05/18 01:15:11 INFO StandaloneSchedulerBackend: Connected to Spark cluster with app ID app-20260518011511-0220
[2026-05-18T01:15:11.076+0000] {subprocess.py:93} INFO - 26/05/18 01:15:11 INFO StandaloneAppClient$ClientEndpoint: Executor added: app-20260518011511-0220/0 on worker-20260514105200-172.18.0.13-40347 (172.18.0.13:40347) with 1 core(s)
[2026-05-18T01:15:11.081+0000] {subprocess.py:93} INFO - 26/05/18 01:15:11 INFO StandaloneSchedulerBackend: Granted executor ID app-20260518011511-0220/0 on hostPort 172.18.0.13:40347 with 1 core(s), 512.0 MiB RAM
[2026-05-18T01:15:11.083+0000] {subprocess.py:93} INFO - 26/05/18 01:15:11 INFO Utils: Successfully started service 'org.apache.spark.network.netty.NettyBlockTransferService' on port 41739.
[2026-05-18T01:15:11.085+0000] {subprocess.py:93} INFO - 26/05/18 01:15:11 INFO NettyBlockTransferService: Server created on e8a9653e4a1b:41739
[2026-05-18T01:15:11.089+0000] {subprocess.py:93} INFO - 26/05/18 01:15:11 INFO BlockManager: Using org.apache.spark.storage.RandomBlockReplicationPolicy for block replication policy
[2026-05-18T01:15:11.100+0000] {subprocess.py:93} INFO - 26/05/18 01:15:11 INFO BlockManagerMaster: Registering BlockManager BlockManagerId(driver, e8a9653e4a1b, 41739, None)
[2026-05-18T01:15:11.109+0000] {subprocess.py:93} INFO - 26/05/18 01:15:11 INFO BlockManagerMasterEndpoint: Registering block manager e8a9653e4a1b:41739 with 434.4 MiB RAM, BlockManagerId(driver, e8a9653e4a1b, 41739, None)
[2026-05-18T01:15:11.118+0000] {subprocess.py:93} INFO - 26/05/18 01:15:11 INFO BlockManagerMaster: Registered BlockManager BlockManagerId(driver, e8a9653e4a1b, 41739, None)
[2026-05-18T01:15:11.123+0000] {subprocess.py:93} INFO - 26/05/18 01:15:11 INFO BlockManager: Initialized BlockManager: BlockManagerId(driver, e8a9653e4a1b, 41739, None)
[2026-05-18T01:15:11.136+0000] {subprocess.py:93} INFO - 26/05/18 01:15:11 INFO StandaloneAppClient$ClientEndpoint: Executor updated: app-20260518011511-0220/0 is now RUNNING
[2026-05-18T01:15:11.612+0000] {subprocess.py:93} INFO - 26/05/18 01:15:11 INFO StandaloneSchedulerBackend: SchedulerBackend is ready for scheduling beginning after reached minRegisteredResourcesRatio: 0.0
[2026-05-18T01:15:14.324+0000] {subprocess.py:93} INFO - 26/05/18 01:15:14 WARN MetricsConfig: Cannot locate configuration: tried hadoop-metrics2-s3a-file-system.properties,hadoop-metrics2.properties
[2026-05-18T01:15:30.950+0000] {subprocess.py:93} INFO - Lecture SILVER terminée
[2026-05-18T01:15:59.177+0000] {subprocess.py:93} INFO - Table articles_par_jour créée
[2026-05-18T01:16:20.390+0000] {subprocess.py:93} INFO - Table articles_par_source créée
[2026-05-18T01:16:42.545+0000] {subprocess.py:93} INFO - Table top_categories créée
[2026-05-18T01:17:01.896+0000] {subprocess.py:93} INFO - Table articles_par_source_jour créée
[2026-05-18T01:17:01.898+0000] {subprocess.py:93} INFO - 
[2026-05-18T01:17:01.900+0000] {subprocess.py:93} INFO - ==============================
[2026-05-18T01:17:01.901+0000] {subprocess.py:93} INFO - GOLD LAYER TERMINÉ
[2026-05-18T01:17:01.902+0000] {subprocess.py:93} INFO - ==============================
[2026-05-18T01:17:02.628+0000] {subprocess.py:97} INFO - Command exited with return code 0
[2026-05-18T01:17:02.631+0000] {taskinstance.py:441} INFO - ::group::Post task execution logs
[2026-05-18T01:17:03.260+0000] {taskinstance.py:1206} INFO - Marking task as SUCCESS. dag_id=medallion_gold_layer, task_id=gold_processing, run_id=scheduled__2026-05-18T01:10:00+00:00, execution_date=20260518T011000, start_date=20260518T011501, end_date=20260518T011703
[2026-05-18T01:17:03.374+0000] {local_task_job_runner.py:240} INFO - Task exited with return code 0
[2026-05-18T01:17:03.526+0000] {taskinstance.py:3498} INFO - 0 downstream tasks scheduled from follow-on schedule check
[2026-05-18T01:17:03.550+0000] {local_task_job_runner.py:222} INFO - ::endgroup::
