[2026-05-19T12:40:01.633+0000] {local_task_job_runner.py:120} INFO - ::group::Pre task execution logs
[2026-05-19T12:40:01.914+0000] {taskinstance.py:2076} INFO - Dependencies all met for dep_context=non-requeueable deps ti=<TaskInstance: medallion_gold_layer.gold_processing scheduled__2026-05-19T12:35:00+00:00 [queued]>
[2026-05-19T12:40:01.933+0000] {taskinstance.py:2076} INFO - Dependencies all met for dep_context=requeueable deps ti=<TaskInstance: medallion_gold_layer.gold_processing scheduled__2026-05-19T12:35:00+00:00 [queued]>
[2026-05-19T12:40:01.934+0000] {taskinstance.py:2306} INFO - Starting attempt 1 of 2
[2026-05-19T12:40:01.996+0000] {taskinstance.py:2330} INFO - Executing <Task(BashOperator): gold_processing> on 2026-05-19 12:35:00+00:00
[2026-05-19T12:40:02.013+0000] {standard_task_runner.py:63} INFO - Started process 11628 to run task
[2026-05-19T12:40:02.029+0000] {standard_task_runner.py:90} INFO - Running: ['airflow', 'tasks', 'run', 'medallion_gold_layer', 'gold_processing', 'scheduled__2026-05-19T12:35:00+00:00', '--job-id', '313', '--raw', '--subdir', 'DAGS_FOLDER/gold_layer_dag.py', '--cfg-path', '/tmp/tmpjqjfpjta']
[2026-05-19T12:40:02.037+0000] {standard_task_runner.py:91} INFO - Job 313: Subtask gold_processing
[2026-05-19T12:40:02.536+0000] {task_command.py:426} INFO - Running <TaskInstance: medallion_gold_layer.gold_processing scheduled__2026-05-19T12:35:00+00:00 [running]> on host c43074c3fd7c
[2026-05-19T12:40:03.306+0000] {taskinstance.py:2648} INFO - Exporting env vars: AIRFLOW_CTX_DAG_OWNER='ikram' AIRFLOW_CTX_DAG_ID='medallion_gold_layer' AIRFLOW_CTX_TASK_ID='gold_processing' AIRFLOW_CTX_EXECUTION_DATE='2026-05-19T12:35:00+00:00' AIRFLOW_CTX_TRY_NUMBER='1' AIRFLOW_CTX_DAG_RUN_ID='scheduled__2026-05-19T12:35:00+00:00'
[2026-05-19T12:40:03.309+0000] {taskinstance.py:430} INFO - ::endgroup::
[2026-05-19T12:40:03.363+0000] {subprocess.py:63} INFO - Tmp dir root location: /tmp
[2026-05-19T12:40:03.367+0000] {subprocess.py:75} INFO - Running command: ['/usr/bin/bash', '-c', '\n    spark-submit     --master spark://spark-master:7077     --executor-memory 512M     --executor-cores 1     --total-executor-cores 1     --jars /opt/airflow/jars/aws-java-sdk-bundle-1.12.262.jar,/opt/airflow/jars/hadoop-aws-3.3.4.jar,/opt/airflow/jars/postgresql-42.7.3.jar     /opt/spark_jobs/gold_processor.py\n    ']
[2026-05-19T12:40:03.402+0000] {subprocess.py:86} INFO - Output:
[2026-05-19T12:40:08.939+0000] {subprocess.py:93} INFO - 26/05/19 12:40:08 WARN NativeCodeLoader: Unable to load native-hadoop library for your platform... using builtin-java classes where applicable
[2026-05-19T12:40:12.889+0000] {subprocess.py:93} INFO - 26/05/19 12:40:12 INFO SparkContext: Running Spark version 3.5.1
[2026-05-19T12:40:12.890+0000] {subprocess.py:93} INFO - 26/05/19 12:40:12 INFO SparkContext: OS info Linux, 6.6.87.2-microsoft-standard-WSL2, amd64
[2026-05-19T12:40:12.891+0000] {subprocess.py:93} INFO - 26/05/19 12:40:12 INFO SparkContext: Java version 17.0.19
[2026-05-19T12:40:13.019+0000] {subprocess.py:93} INFO - 26/05/19 12:40:13 INFO ResourceUtils: ==============================================================
[2026-05-19T12:40:13.020+0000] {subprocess.py:93} INFO - 26/05/19 12:40:13 INFO ResourceUtils: No custom resources configured for spark.driver.
[2026-05-19T12:40:13.022+0000] {subprocess.py:93} INFO - 26/05/19 12:40:13 INFO ResourceUtils: ==============================================================
[2026-05-19T12:40:13.024+0000] {subprocess.py:93} INFO - 26/05/19 12:40:13 INFO SparkContext: Submitted application: GoldLayerProcessor
[2026-05-19T12:40:13.098+0000] {subprocess.py:93} INFO - 26/05/19 12:40:13 INFO ResourceProfile: Default ResourceProfile created, executor resources: Map(cores -> name: cores, amount: 1, script: , vendor: , memory -> name: memory, amount: 512, script: , vendor: , offHeap -> name: offHeap, amount: 0, script: , vendor: ), task resources: Map(cpus -> name: cpus, amount: 1.0)
[2026-05-19T12:40:13.139+0000] {subprocess.py:93} INFO - 26/05/19 12:40:13 INFO ResourceProfile: Limiting resource is cpus at 1 tasks per executor
[2026-05-19T12:40:13.153+0000] {subprocess.py:93} INFO - 26/05/19 12:40:13 INFO ResourceProfileManager: Added ResourceProfile id: 0
[2026-05-19T12:40:13.369+0000] {subprocess.py:93} INFO - 26/05/19 12:40:13 INFO SecurityManager: Changing view acls to: airflow
[2026-05-19T12:40:13.370+0000] {subprocess.py:93} INFO - 26/05/19 12:40:13 INFO SecurityManager: Changing modify acls to: airflow
[2026-05-19T12:40:13.371+0000] {subprocess.py:93} INFO - 26/05/19 12:40:13 INFO SecurityManager: Changing view acls groups to:
[2026-05-19T12:40:13.372+0000] {subprocess.py:93} INFO - 26/05/19 12:40:13 INFO SecurityManager: Changing modify acls groups to:
[2026-05-19T12:40:13.373+0000] {subprocess.py:93} INFO - 26/05/19 12:40:13 INFO SecurityManager: SecurityManager: authentication disabled; ui acls disabled; users with view permissions: airflow; groups with view permissions: EMPTY; users with modify permissions: airflow; groups with modify permissions: EMPTY
[2026-05-19T12:40:14.131+0000] {subprocess.py:93} INFO - 26/05/19 12:40:14 INFO Utils: Successfully started service 'sparkDriver' on port 35285.
[2026-05-19T12:40:14.199+0000] {subprocess.py:93} INFO - 26/05/19 12:40:14 INFO SparkEnv: Registering MapOutputTracker
[2026-05-19T12:40:14.291+0000] {subprocess.py:93} INFO - 26/05/19 12:40:14 INFO SparkEnv: Registering BlockManagerMaster
[2026-05-19T12:40:14.340+0000] {subprocess.py:93} INFO - 26/05/19 12:40:14 INFO BlockManagerMasterEndpoint: Using org.apache.spark.storage.DefaultTopologyMapper for getting topology information
[2026-05-19T12:40:14.343+0000] {subprocess.py:93} INFO - 26/05/19 12:40:14 INFO BlockManagerMasterEndpoint: BlockManagerMasterEndpoint up
[2026-05-19T12:40:14.357+0000] {subprocess.py:93} INFO - 26/05/19 12:40:14 INFO SparkEnv: Registering BlockManagerMasterHeartbeat
[2026-05-19T12:40:14.422+0000] {subprocess.py:93} INFO - 26/05/19 12:40:14 INFO DiskBlockManager: Created local directory at /tmp/blockmgr-d5c2acb8-1fee-41c8-a64f-886567a581bd
[2026-05-19T12:40:14.505+0000] {subprocess.py:93} INFO - 26/05/19 12:40:14 INFO MemoryStore: MemoryStore started with capacity 434.4 MiB
[2026-05-19T12:40:14.545+0000] {subprocess.py:93} INFO - 26/05/19 12:40:14 INFO SparkEnv: Registering OutputCommitCoordinator
[2026-05-19T12:40:15.079+0000] {subprocess.py:93} INFO - 26/05/19 12:40:15 INFO JettyUtils: Start Jetty 0.0.0.0:4040 for SparkUI
[2026-05-19T12:40:15.289+0000] {subprocess.py:93} INFO - 26/05/19 12:40:15 INFO Utils: Successfully started service 'SparkUI' on port 4040.
[2026-05-19T12:40:15.428+0000] {subprocess.py:93} INFO - 26/05/19 12:40:15 INFO SparkContext: Added JAR file:///opt/airflow/jars/aws-java-sdk-bundle-1.12.262.jar at spark://c43074c3fd7c:35285/jars/aws-java-sdk-bundle-1.12.262.jar with timestamp 1779194412840
[2026-05-19T12:40:15.429+0000] {subprocess.py:93} INFO - 26/05/19 12:40:15 INFO SparkContext: Added JAR file:///opt/airflow/jars/hadoop-aws-3.3.4.jar at spark://c43074c3fd7c:35285/jars/hadoop-aws-3.3.4.jar with timestamp 1779194412840
[2026-05-19T12:40:15.431+0000] {subprocess.py:93} INFO - 26/05/19 12:40:15 INFO SparkContext: Added JAR file:///opt/airflow/jars/postgresql-42.7.3.jar at spark://c43074c3fd7c:35285/jars/postgresql-42.7.3.jar with timestamp 1779194412840
[2026-05-19T12:40:15.709+0000] {subprocess.py:93} INFO - 26/05/19 12:40:15 INFO StandaloneAppClient$ClientEndpoint: Connecting to master spark://spark-master:7077...
[2026-05-19T12:40:15.871+0000] {subprocess.py:93} INFO - 26/05/19 12:40:15 INFO TransportClientFactory: Successfully created connection to spark-master/172.18.0.4:7077 after 94 ms (0 ms spent in bootstraps)
[2026-05-19T12:40:16.162+0000] {subprocess.py:93} INFO - 26/05/19 12:40:16 INFO StandaloneSchedulerBackend: Connected to Spark cluster with app ID app-20260519124016-0040
[2026-05-19T12:40:16.166+0000] {subprocess.py:93} INFO - 26/05/19 12:40:16 INFO StandaloneAppClient$ClientEndpoint: Executor added: app-20260519124016-0040/0 on worker-20260518211503-172.18.0.3-40747 (172.18.0.3:40747) with 1 core(s)
[2026-05-19T12:40:16.179+0000] {subprocess.py:93} INFO - 26/05/19 12:40:16 INFO StandaloneSchedulerBackend: Granted executor ID app-20260519124016-0040/0 on hostPort 172.18.0.3:40747 with 1 core(s), 512.0 MiB RAM
[2026-05-19T12:40:16.191+0000] {subprocess.py:93} INFO - 26/05/19 12:40:16 INFO Utils: Successfully started service 'org.apache.spark.network.netty.NettyBlockTransferService' on port 46085.
[2026-05-19T12:40:16.192+0000] {subprocess.py:93} INFO - 26/05/19 12:40:16 INFO NettyBlockTransferService: Server created on c43074c3fd7c:46085
[2026-05-19T12:40:16.195+0000] {subprocess.py:93} INFO - 26/05/19 12:40:16 INFO BlockManager: Using org.apache.spark.storage.RandomBlockReplicationPolicy for block replication policy
[2026-05-19T12:40:16.212+0000] {subprocess.py:93} INFO - 26/05/19 12:40:16 INFO BlockManagerMaster: Registering BlockManager BlockManagerId(driver, c43074c3fd7c, 46085, None)
[2026-05-19T12:40:16.224+0000] {subprocess.py:93} INFO - 26/05/19 12:40:16 INFO BlockManagerMasterEndpoint: Registering block manager c43074c3fd7c:46085 with 434.4 MiB RAM, BlockManagerId(driver, c43074c3fd7c, 46085, None)
[2026-05-19T12:40:16.231+0000] {subprocess.py:93} INFO - 26/05/19 12:40:16 INFO BlockManagerMaster: Registered BlockManager BlockManagerId(driver, c43074c3fd7c, 46085, None)
[2026-05-19T12:40:16.234+0000] {subprocess.py:93} INFO - 26/05/19 12:40:16 INFO BlockManager: Initialized BlockManager: BlockManagerId(driver, c43074c3fd7c, 46085, None)
[2026-05-19T12:40:16.267+0000] {subprocess.py:93} INFO - 26/05/19 12:40:16 INFO StandaloneAppClient$ClientEndpoint: Executor updated: app-20260519124016-0040/0 is now RUNNING
[2026-05-19T12:40:16.774+0000] {subprocess.py:93} INFO - 26/05/19 12:40:16 INFO StandaloneSchedulerBackend: SchedulerBackend is ready for scheduling beginning after reached minRegisteredResourcesRatio: 0.0
[2026-05-19T12:40:19.913+0000] {subprocess.py:93} INFO - 26/05/19 12:40:19 WARN MetricsConfig: Cannot locate configuration: tried hadoop-metrics2-s3a-file-system.properties,hadoop-metrics2.properties
[2026-05-19T12:40:40.287+0000] {subprocess.py:93} INFO - Lecture SILVER terminée
[2026-05-19T12:41:33.084+0000] {subprocess.py:93} INFO - Table articles_par_jour créée
[2026-05-19T12:42:10.202+0000] {subprocess.py:93} INFO - Table articles_par_source créée
[2026-05-19T12:42:46.972+0000] {subprocess.py:93} INFO - Table top_categories créée
[2026-05-19T12:43:25.446+0000] {subprocess.py:93} INFO - Table articles_par_source_jour créée
[2026-05-19T12:43:25.450+0000] {subprocess.py:93} INFO - 
[2026-05-19T12:43:25.453+0000] {subprocess.py:93} INFO - ==============================
[2026-05-19T12:43:25.456+0000] {subprocess.py:93} INFO - GOLD LAYER TERMINÉ
[2026-05-19T12:43:25.458+0000] {subprocess.py:93} INFO - ==============================
[2026-05-19T12:43:26.544+0000] {subprocess.py:97} INFO - Command exited with return code 0
[2026-05-19T12:43:26.547+0000] {taskinstance.py:441} INFO - ::group::Post task execution logs
[2026-05-19T12:43:27.499+0000] {taskinstance.py:1206} INFO - Marking task as SUCCESS. dag_id=medallion_gold_layer, task_id=gold_processing, run_id=scheduled__2026-05-19T12:35:00+00:00, execution_date=20260519T123500, start_date=20260519T124001, end_date=20260519T124327
[2026-05-19T12:43:27.664+0000] {local_task_job_runner.py:240} INFO - Task exited with return code 0
[2026-05-19T12:43:27.848+0000] {taskinstance.py:3498} INFO - 0 downstream tasks scheduled from follow-on schedule check
[2026-05-19T12:43:27.857+0000] {local_task_job_runner.py:222} INFO - ::endgroup::
