[2026-05-18T22:20:01.755+0000] {local_task_job_runner.py:120} INFO - ::group::Pre task execution logs
[2026-05-18T22:20:01.908+0000] {taskinstance.py:2076} INFO - Dependencies all met for dep_context=non-requeueable deps ti=<TaskInstance: medallion_gold_layer.gold_processing scheduled__2026-05-18T22:15:00+00:00 [queued]>
[2026-05-18T22:20:01.928+0000] {taskinstance.py:2076} INFO - Dependencies all met for dep_context=requeueable deps ti=<TaskInstance: medallion_gold_layer.gold_processing scheduled__2026-05-18T22:15:00+00:00 [queued]>
[2026-05-18T22:20:01.945+0000] {taskinstance.py:2306} INFO - Starting attempt 1 of 2
[2026-05-18T22:20:01.978+0000] {taskinstance.py:2330} INFO - Executing <Task(BashOperator): gold_processing> on 2026-05-18 22:15:00+00:00
[2026-05-18T22:20:01.990+0000] {standard_task_runner.py:63} INFO - Started process 2684 to run task
[2026-05-18T22:20:02.000+0000] {standard_task_runner.py:90} INFO - Running: ['airflow', 'tasks', 'run', 'medallion_gold_layer', 'gold_processing', 'scheduled__2026-05-18T22:15:00+00:00', '--job-id', '280', '--raw', '--subdir', 'DAGS_FOLDER/gold_layer_dag.py', '--cfg-path', '/tmp/tmpc47hmt0u']
[2026-05-18T22:20:02.007+0000] {standard_task_runner.py:91} INFO - Job 280: Subtask gold_processing
[2026-05-18T22:20:02.530+0000] {task_command.py:426} INFO - Running <TaskInstance: medallion_gold_layer.gold_processing scheduled__2026-05-18T22:15:00+00:00 [running]> on host c43074c3fd7c
[2026-05-18T22:20:03.298+0000] {taskinstance.py:2648} INFO - Exporting env vars: AIRFLOW_CTX_DAG_OWNER='ikram' AIRFLOW_CTX_DAG_ID='medallion_gold_layer' AIRFLOW_CTX_TASK_ID='gold_processing' AIRFLOW_CTX_EXECUTION_DATE='2026-05-18T22:15:00+00:00' AIRFLOW_CTX_TRY_NUMBER='1' AIRFLOW_CTX_DAG_RUN_ID='scheduled__2026-05-18T22:15:00+00:00'
[2026-05-18T22:20:03.300+0000] {taskinstance.py:430} INFO - ::endgroup::
[2026-05-18T22:20:03.340+0000] {subprocess.py:63} INFO - Tmp dir root location: /tmp
[2026-05-18T22:20:03.343+0000] {subprocess.py:75} INFO - Running command: ['/usr/bin/bash', '-c', '\n    spark-submit     --master spark://spark-master:7077     --executor-memory 512M     --executor-cores 1     --total-executor-cores 1     --jars /opt/airflow/jars/aws-java-sdk-bundle-1.12.262.jar,/opt/airflow/jars/hadoop-aws-3.3.4.jar,/opt/airflow/jars/postgresql-42.7.3.jar     /opt/spark_jobs/gold_processor.py\n    ']
[2026-05-18T22:20:03.363+0000] {subprocess.py:86} INFO - Output:
[2026-05-18T22:20:06.544+0000] {subprocess.py:93} INFO - 26/05/18 22:20:06 WARN NativeCodeLoader: Unable to load native-hadoop library for your platform... using builtin-java classes where applicable
[2026-05-18T22:20:08.490+0000] {subprocess.py:93} INFO - 26/05/18 22:20:08 INFO SparkContext: Running Spark version 3.5.1
[2026-05-18T22:20:08.492+0000] {subprocess.py:93} INFO - 26/05/18 22:20:08 INFO SparkContext: OS info Linux, 6.6.87.2-microsoft-standard-WSL2, amd64
[2026-05-18T22:20:08.493+0000] {subprocess.py:93} INFO - 26/05/18 22:20:08 INFO SparkContext: Java version 17.0.19
[2026-05-18T22:20:08.582+0000] {subprocess.py:93} INFO - 26/05/18 22:20:08 INFO ResourceUtils: ==============================================================
[2026-05-18T22:20:08.584+0000] {subprocess.py:93} INFO - 26/05/18 22:20:08 INFO ResourceUtils: No custom resources configured for spark.driver.
[2026-05-18T22:20:08.585+0000] {subprocess.py:93} INFO - 26/05/18 22:20:08 INFO ResourceUtils: ==============================================================
[2026-05-18T22:20:08.587+0000] {subprocess.py:93} INFO - 26/05/18 22:20:08 INFO SparkContext: Submitted application: GoldLayerProcessor
[2026-05-18T22:20:08.615+0000] {subprocess.py:93} INFO - 26/05/18 22:20:08 INFO ResourceProfile: Default ResourceProfile created, executor resources: Map(cores -> name: cores, amount: 1, script: , vendor: , memory -> name: memory, amount: 512, script: , vendor: , offHeap -> name: offHeap, amount: 0, script: , vendor: ), task resources: Map(cpus -> name: cpus, amount: 1.0)
[2026-05-18T22:20:08.630+0000] {subprocess.py:93} INFO - 26/05/18 22:20:08 INFO ResourceProfile: Limiting resource is cpus at 1 tasks per executor
[2026-05-18T22:20:08.634+0000] {subprocess.py:93} INFO - 26/05/18 22:20:08 INFO ResourceProfileManager: Added ResourceProfile id: 0
[2026-05-18T22:20:08.717+0000] {subprocess.py:93} INFO - 26/05/18 22:20:08 INFO SecurityManager: Changing view acls to: airflow
[2026-05-18T22:20:08.719+0000] {subprocess.py:93} INFO - 26/05/18 22:20:08 INFO SecurityManager: Changing modify acls to: airflow
[2026-05-18T22:20:08.720+0000] {subprocess.py:93} INFO - 26/05/18 22:20:08 INFO SecurityManager: Changing view acls groups to:
[2026-05-18T22:20:08.722+0000] {subprocess.py:93} INFO - 26/05/18 22:20:08 INFO SecurityManager: Changing modify acls groups to:
[2026-05-18T22:20:08.723+0000] {subprocess.py:93} INFO - 26/05/18 22:20:08 INFO SecurityManager: SecurityManager: authentication disabled; ui acls disabled; users with view permissions: airflow; groups with view permissions: EMPTY; users with modify permissions: airflow; groups with modify permissions: EMPTY
[2026-05-18T22:20:09.078+0000] {subprocess.py:93} INFO - 26/05/18 22:20:09 INFO Utils: Successfully started service 'sparkDriver' on port 46365.
[2026-05-18T22:20:09.126+0000] {subprocess.py:93} INFO - 26/05/18 22:20:09 INFO SparkEnv: Registering MapOutputTracker
[2026-05-18T22:20:09.178+0000] {subprocess.py:93} INFO - 26/05/18 22:20:09 INFO SparkEnv: Registering BlockManagerMaster
[2026-05-18T22:20:09.209+0000] {subprocess.py:93} INFO - 26/05/18 22:20:09 INFO BlockManagerMasterEndpoint: Using org.apache.spark.storage.DefaultTopologyMapper for getting topology information
[2026-05-18T22:20:09.212+0000] {subprocess.py:93} INFO - 26/05/18 22:20:09 INFO BlockManagerMasterEndpoint: BlockManagerMasterEndpoint up
[2026-05-18T22:20:09.220+0000] {subprocess.py:93} INFO - 26/05/18 22:20:09 INFO SparkEnv: Registering BlockManagerMasterHeartbeat
[2026-05-18T22:20:09.253+0000] {subprocess.py:93} INFO - 26/05/18 22:20:09 INFO DiskBlockManager: Created local directory at /tmp/blockmgr-7773cb4a-127c-44a4-8d80-75ef8ab674de
[2026-05-18T22:20:09.271+0000] {subprocess.py:93} INFO - 26/05/18 22:20:09 INFO MemoryStore: MemoryStore started with capacity 434.4 MiB
[2026-05-18T22:20:09.295+0000] {subprocess.py:93} INFO - 26/05/18 22:20:09 INFO SparkEnv: Registering OutputCommitCoordinator
[2026-05-18T22:20:09.469+0000] {subprocess.py:93} INFO - 26/05/18 22:20:09 INFO JettyUtils: Start Jetty 0.0.0.0:4040 for SparkUI
[2026-05-18T22:20:09.578+0000] {subprocess.py:93} INFO - 26/05/18 22:20:09 INFO Utils: Successfully started service 'SparkUI' on port 4040.
[2026-05-18T22:20:09.630+0000] {subprocess.py:93} INFO - 26/05/18 22:20:09 INFO SparkContext: Added JAR file:///opt/airflow/jars/aws-java-sdk-bundle-1.12.262.jar at spark://c43074c3fd7c:46365/jars/aws-java-sdk-bundle-1.12.262.jar with timestamp 1779142808474
[2026-05-18T22:20:09.631+0000] {subprocess.py:93} INFO - 26/05/18 22:20:09 INFO SparkContext: Added JAR file:///opt/airflow/jars/hadoop-aws-3.3.4.jar at spark://c43074c3fd7c:46365/jars/hadoop-aws-3.3.4.jar with timestamp 1779142808474
[2026-05-18T22:20:09.632+0000] {subprocess.py:93} INFO - 26/05/18 22:20:09 INFO SparkContext: Added JAR file:///opt/airflow/jars/postgresql-42.7.3.jar at spark://c43074c3fd7c:46365/jars/postgresql-42.7.3.jar with timestamp 1779142808474
[2026-05-18T22:20:09.771+0000] {subprocess.py:93} INFO - 26/05/18 22:20:09 INFO StandaloneAppClient$ClientEndpoint: Connecting to master spark://spark-master:7077...
[2026-05-18T22:20:09.856+0000] {subprocess.py:93} INFO - 26/05/18 22:20:09 INFO TransportClientFactory: Successfully created connection to spark-master/172.18.0.4:7077 after 42 ms (0 ms spent in bootstraps)
[2026-05-18T22:20:10.034+0000] {subprocess.py:93} INFO - 26/05/18 22:20:10 INFO StandaloneSchedulerBackend: Connected to Spark cluster with app ID app-20260518222010-0016
[2026-05-18T22:20:10.043+0000] {subprocess.py:93} INFO - 26/05/18 22:20:10 INFO StandaloneAppClient$ClientEndpoint: Executor added: app-20260518222010-0016/0 on worker-20260518211503-172.18.0.3-40747 (172.18.0.3:40747) with 1 core(s)
[2026-05-18T22:20:10.046+0000] {subprocess.py:93} INFO - 26/05/18 22:20:10 INFO StandaloneSchedulerBackend: Granted executor ID app-20260518222010-0016/0 on hostPort 172.18.0.3:40747 with 1 core(s), 512.0 MiB RAM
[2026-05-18T22:20:10.054+0000] {subprocess.py:93} INFO - 26/05/18 22:20:10 INFO Utils: Successfully started service 'org.apache.spark.network.netty.NettyBlockTransferService' on port 41349.
[2026-05-18T22:20:10.056+0000] {subprocess.py:93} INFO - 26/05/18 22:20:10 INFO NettyBlockTransferService: Server created on c43074c3fd7c:41349
[2026-05-18T22:20:10.059+0000] {subprocess.py:93} INFO - 26/05/18 22:20:10 INFO BlockManager: Using org.apache.spark.storage.RandomBlockReplicationPolicy for block replication policy
[2026-05-18T22:20:10.078+0000] {subprocess.py:93} INFO - 26/05/18 22:20:10 INFO BlockManagerMaster: Registering BlockManager BlockManagerId(driver, c43074c3fd7c, 41349, None)
[2026-05-18T22:20:10.082+0000] {subprocess.py:93} INFO - 26/05/18 22:20:10 INFO BlockManagerMasterEndpoint: Registering block manager c43074c3fd7c:41349 with 434.4 MiB RAM, BlockManagerId(driver, c43074c3fd7c, 41349, None)
[2026-05-18T22:20:10.087+0000] {subprocess.py:93} INFO - 26/05/18 22:20:10 INFO BlockManagerMaster: Registered BlockManager BlockManagerId(driver, c43074c3fd7c, 41349, None)
[2026-05-18T22:20:10.089+0000] {subprocess.py:93} INFO - 26/05/18 22:20:10 INFO StandaloneAppClient$ClientEndpoint: Executor updated: app-20260518222010-0016/0 is now RUNNING
[2026-05-18T22:20:10.090+0000] {subprocess.py:93} INFO - 26/05/18 22:20:10 INFO BlockManager: Initialized BlockManager: BlockManagerId(driver, c43074c3fd7c, 41349, None)
[2026-05-18T22:20:10.387+0000] {subprocess.py:93} INFO - 26/05/18 22:20:10 INFO StandaloneSchedulerBackend: SchedulerBackend is ready for scheduling beginning after reached minRegisteredResourcesRatio: 0.0
[2026-05-18T22:20:12.379+0000] {subprocess.py:93} INFO - 26/05/18 22:20:12 WARN MetricsConfig: Cannot locate configuration: tried hadoop-metrics2-s3a-file-system.properties,hadoop-metrics2.properties
[2026-05-18T22:20:30.673+0000] {subprocess.py:93} INFO - Lecture SILVER terminée
[2026-05-18T22:21:00.071+0000] {subprocess.py:93} INFO - Table articles_par_jour créée
[2026-05-18T22:21:23.166+0000] {subprocess.py:93} INFO - Table articles_par_source créée
[2026-05-18T22:21:46.867+0000] {subprocess.py:93} INFO - Table top_categories créée
[2026-05-18T22:22:07.564+0000] {subprocess.py:93} INFO - Table articles_par_source_jour créée
[2026-05-18T22:22:07.565+0000] {subprocess.py:93} INFO - 
[2026-05-18T22:22:07.566+0000] {subprocess.py:93} INFO - ==============================
[2026-05-18T22:22:07.567+0000] {subprocess.py:93} INFO - GOLD LAYER TERMINÉ
[2026-05-18T22:22:07.568+0000] {subprocess.py:93} INFO - ==============================
[2026-05-18T22:22:08.171+0000] {subprocess.py:97} INFO - Command exited with return code 0
[2026-05-18T22:22:08.172+0000] {taskinstance.py:441} INFO - ::group::Post task execution logs
[2026-05-18T22:22:08.611+0000] {taskinstance.py:1206} INFO - Marking task as SUCCESS. dag_id=medallion_gold_layer, task_id=gold_processing, run_id=scheduled__2026-05-18T22:15:00+00:00, execution_date=20260518T221500, start_date=20260518T222001, end_date=20260518T222208
[2026-05-18T22:22:08.727+0000] {local_task_job_runner.py:240} INFO - Task exited with return code 0
[2026-05-18T22:22:08.822+0000] {taskinstance.py:3498} INFO - 0 downstream tasks scheduled from follow-on schedule check
[2026-05-18T22:22:08.844+0000] {local_task_job_runner.py:222} INFO - ::endgroup::
