[2026-05-15T14:10:01.565+0000] {local_task_job_runner.py:120} INFO - ::group::Pre task execution logs
[2026-05-15T14:10:01.764+0000] {taskinstance.py:2076} INFO - Dependencies all met for dep_context=non-requeueable deps ti=<TaskInstance: medallion_gold_layer.gold_processing scheduled__2026-05-15T14:05:00+00:00 [queued]>
[2026-05-15T14:10:01.802+0000] {taskinstance.py:2076} INFO - Dependencies all met for dep_context=requeueable deps ti=<TaskInstance: medallion_gold_layer.gold_processing scheduled__2026-05-15T14:05:00+00:00 [queued]>
[2026-05-15T14:10:01.820+0000] {taskinstance.py:2306} INFO - Starting attempt 1 of 2
[2026-05-15T14:10:01.879+0000] {taskinstance.py:2330} INFO - Executing <Task(BashOperator): gold_processing> on 2026-05-15 14:05:00+00:00
[2026-05-15T14:10:01.895+0000] {standard_task_runner.py:63} INFO - Started process 13678 to run task
[2026-05-15T14:10:01.908+0000] {standard_task_runner.py:90} INFO - Running: ['airflow', 'tasks', 'run', 'medallion_gold_layer', 'gold_processing', 'scheduled__2026-05-15T14:05:00+00:00', '--job-id', '39', '--raw', '--subdir', 'DAGS_FOLDER/gold_layer_dag.py', '--cfg-path', '/tmp/tmp31eit45p']
[2026-05-15T14:10:01.912+0000] {standard_task_runner.py:91} INFO - Job 39: Subtask gold_processing
[2026-05-15T14:10:02.318+0000] {task_command.py:426} INFO - Running <TaskInstance: medallion_gold_layer.gold_processing scheduled__2026-05-15T14:05:00+00:00 [running]> on host e8a9653e4a1b
[2026-05-15T14:10:02.831+0000] {taskinstance.py:2648} INFO - Exporting env vars: AIRFLOW_CTX_DAG_OWNER='anass' AIRFLOW_CTX_DAG_ID='medallion_gold_layer' AIRFLOW_CTX_TASK_ID='gold_processing' AIRFLOW_CTX_EXECUTION_DATE='2026-05-15T14:05:00+00:00' AIRFLOW_CTX_TRY_NUMBER='1' AIRFLOW_CTX_DAG_RUN_ID='scheduled__2026-05-15T14:05:00+00:00'
[2026-05-15T14:10:02.833+0000] {taskinstance.py:430} INFO - ::endgroup::
[2026-05-15T14:10:02.890+0000] {subprocess.py:63} INFO - Tmp dir root location: /tmp
[2026-05-15T14:10:02.895+0000] {subprocess.py:75} INFO - Running command: ['/usr/bin/bash', '-c', '\n    spark-submit     --master spark://spark-master:7077     --executor-memory 512M     --executor-cores 1     --total-executor-cores 1     --jars /opt/airflow/jars/aws-java-sdk-bundle-1.12.262.jar,/opt/airflow/jars/hadoop-aws-3.3.4.jar,/opt/airflow/jars/postgresql-42.7.3.jar     /opt/spark_jobs/gold_processor.py\n    ']
[2026-05-15T14:10:02.926+0000] {subprocess.py:86} INFO - Output:
[2026-05-15T14:10:05.818+0000] {subprocess.py:93} INFO - 26/05/15 14:10:05 WARN NativeCodeLoader: Unable to load native-hadoop library for your platform... using builtin-java classes where applicable
[2026-05-15T14:10:07.650+0000] {subprocess.py:93} INFO - 26/05/15 14:10:07 INFO SparkContext: Running Spark version 3.5.1
[2026-05-15T14:10:07.651+0000] {subprocess.py:93} INFO - 26/05/15 14:10:07 INFO SparkContext: OS info Linux, 6.6.87.2-microsoft-standard-WSL2, amd64
[2026-05-15T14:10:07.653+0000] {subprocess.py:93} INFO - 26/05/15 14:10:07 INFO SparkContext: Java version 17.0.19
[2026-05-15T14:10:07.692+0000] {subprocess.py:93} INFO - 26/05/15 14:10:07 INFO ResourceUtils: ==============================================================
[2026-05-15T14:10:07.694+0000] {subprocess.py:93} INFO - 26/05/15 14:10:07 INFO ResourceUtils: No custom resources configured for spark.driver.
[2026-05-15T14:10:07.695+0000] {subprocess.py:93} INFO - 26/05/15 14:10:07 INFO ResourceUtils: ==============================================================
[2026-05-15T14:10:07.696+0000] {subprocess.py:93} INFO - 26/05/15 14:10:07 INFO SparkContext: Submitted application: GoldLayerProcessor
[2026-05-15T14:10:07.722+0000] {subprocess.py:93} INFO - 26/05/15 14:10:07 INFO ResourceProfile: Default ResourceProfile created, executor resources: Map(cores -> name: cores, amount: 1, script: , vendor: , memory -> name: memory, amount: 512, script: , vendor: , offHeap -> name: offHeap, amount: 0, script: , vendor: ), task resources: Map(cpus -> name: cpus, amount: 1.0)
[2026-05-15T14:10:07.736+0000] {subprocess.py:93} INFO - 26/05/15 14:10:07 INFO ResourceProfile: Limiting resource is cpus at 1 tasks per executor
[2026-05-15T14:10:07.739+0000] {subprocess.py:93} INFO - 26/05/15 14:10:07 INFO ResourceProfileManager: Added ResourceProfile id: 0
[2026-05-15T14:10:07.830+0000] {subprocess.py:93} INFO - 26/05/15 14:10:07 INFO SecurityManager: Changing view acls to: airflow
[2026-05-15T14:10:07.831+0000] {subprocess.py:93} INFO - 26/05/15 14:10:07 INFO SecurityManager: Changing modify acls to: airflow
[2026-05-15T14:10:07.833+0000] {subprocess.py:93} INFO - 26/05/15 14:10:07 INFO SecurityManager: Changing view acls groups to:
[2026-05-15T14:10:07.834+0000] {subprocess.py:93} INFO - 26/05/15 14:10:07 INFO SecurityManager: Changing modify acls groups to:
[2026-05-15T14:10:07.835+0000] {subprocess.py:93} INFO - 26/05/15 14:10:07 INFO SecurityManager: SecurityManager: authentication disabled; ui acls disabled; users with view permissions: airflow; groups with view permissions: EMPTY; users with modify permissions: airflow; groups with modify permissions: EMPTY
[2026-05-15T14:10:08.108+0000] {subprocess.py:93} INFO - 26/05/15 14:10:08 INFO Utils: Successfully started service 'sparkDriver' on port 39739.
[2026-05-15T14:10:08.142+0000] {subprocess.py:93} INFO - 26/05/15 14:10:08 INFO SparkEnv: Registering MapOutputTracker
[2026-05-15T14:10:08.190+0000] {subprocess.py:93} INFO - 26/05/15 14:10:08 INFO SparkEnv: Registering BlockManagerMaster
[2026-05-15T14:10:08.218+0000] {subprocess.py:93} INFO - 26/05/15 14:10:08 INFO BlockManagerMasterEndpoint: Using org.apache.spark.storage.DefaultTopologyMapper for getting topology information
[2026-05-15T14:10:08.221+0000] {subprocess.py:93} INFO - 26/05/15 14:10:08 INFO BlockManagerMasterEndpoint: BlockManagerMasterEndpoint up
[2026-05-15T14:10:08.227+0000] {subprocess.py:93} INFO - 26/05/15 14:10:08 INFO SparkEnv: Registering BlockManagerMasterHeartbeat
[2026-05-15T14:10:08.252+0000] {subprocess.py:93} INFO - 26/05/15 14:10:08 INFO DiskBlockManager: Created local directory at /tmp/blockmgr-2f8b4926-72c7-4383-907f-3c1f9142c263
[2026-05-15T14:10:08.275+0000] {subprocess.py:93} INFO - 26/05/15 14:10:08 INFO MemoryStore: MemoryStore started with capacity 434.4 MiB
[2026-05-15T14:10:08.307+0000] {subprocess.py:93} INFO - 26/05/15 14:10:08 INFO SparkEnv: Registering OutputCommitCoordinator
[2026-05-15T14:10:08.465+0000] {subprocess.py:93} INFO - 26/05/15 14:10:08 INFO JettyUtils: Start Jetty 0.0.0.0:4040 for SparkUI
[2026-05-15T14:10:08.540+0000] {subprocess.py:93} INFO - 26/05/15 14:10:08 INFO Utils: Successfully started service 'SparkUI' on port 4040.
[2026-05-15T14:10:08.570+0000] {subprocess.py:93} INFO - 26/05/15 14:10:08 INFO SparkContext: Added JAR file:///opt/airflow/jars/aws-java-sdk-bundle-1.12.262.jar at spark://e8a9653e4a1b:39739/jars/aws-java-sdk-bundle-1.12.262.jar with timestamp 1778854207639
[2026-05-15T14:10:08.571+0000] {subprocess.py:93} INFO - 26/05/15 14:10:08 INFO SparkContext: Added JAR file:///opt/airflow/jars/hadoop-aws-3.3.4.jar at spark://e8a9653e4a1b:39739/jars/hadoop-aws-3.3.4.jar with timestamp 1778854207639
[2026-05-15T14:10:08.572+0000] {subprocess.py:93} INFO - 26/05/15 14:10:08 INFO SparkContext: Added JAR file:///opt/airflow/jars/postgresql-42.7.3.jar at spark://e8a9653e4a1b:39739/jars/postgresql-42.7.3.jar with timestamp 1778854207639
[2026-05-15T14:10:08.643+0000] {subprocess.py:93} INFO - 26/05/15 14:10:08 INFO StandaloneAppClient$ClientEndpoint: Connecting to master spark://spark-master:7077...
[2026-05-15T14:10:08.679+0000] {subprocess.py:93} INFO - 26/05/15 14:10:08 INFO TransportClientFactory: Successfully created connection to spark-master/172.18.0.6:7077 after 20 ms (0 ms spent in bootstraps)
[2026-05-15T14:10:08.754+0000] {subprocess.py:93} INFO - 26/05/15 14:10:08 INFO StandaloneSchedulerBackend: Connected to Spark cluster with app ID app-20260515141008-0038
[2026-05-15T14:10:08.756+0000] {subprocess.py:93} INFO - 26/05/15 14:10:08 INFO StandaloneAppClient$ClientEndpoint: Executor added: app-20260515141008-0038/0 on worker-20260514105200-172.18.0.13-40347 (172.18.0.13:40347) with 1 core(s)
[2026-05-15T14:10:08.759+0000] {subprocess.py:93} INFO - 26/05/15 14:10:08 INFO StandaloneSchedulerBackend: Granted executor ID app-20260515141008-0038/0 on hostPort 172.18.0.13:40347 with 1 core(s), 512.0 MiB RAM
[2026-05-15T14:10:08.767+0000] {subprocess.py:93} INFO - 26/05/15 14:10:08 INFO Utils: Successfully started service 'org.apache.spark.network.netty.NettyBlockTransferService' on port 45537.
[2026-05-15T14:10:08.767+0000] {subprocess.py:93} INFO - 26/05/15 14:10:08 INFO NettyBlockTransferService: Server created on e8a9653e4a1b:45537
[2026-05-15T14:10:08.773+0000] {subprocess.py:93} INFO - 26/05/15 14:10:08 INFO BlockManager: Using org.apache.spark.storage.RandomBlockReplicationPolicy for block replication policy
[2026-05-15T14:10:08.775+0000] {subprocess.py:93} INFO - 26/05/15 14:10:08 INFO BlockManagerMaster: Registering BlockManager BlockManagerId(driver, e8a9653e4a1b, 45537, None)
[2026-05-15T14:10:08.779+0000] {subprocess.py:93} INFO - 26/05/15 14:10:08 INFO BlockManagerMasterEndpoint: Registering block manager e8a9653e4a1b:45537 with 434.4 MiB RAM, BlockManagerId(driver, e8a9653e4a1b, 45537, None)
[2026-05-15T14:10:08.782+0000] {subprocess.py:93} INFO - 26/05/15 14:10:08 INFO BlockManagerMaster: Registered BlockManager BlockManagerId(driver, e8a9653e4a1b, 45537, None)
[2026-05-15T14:10:08.785+0000] {subprocess.py:93} INFO - 26/05/15 14:10:08 INFO BlockManager: Initialized BlockManager: BlockManagerId(driver, e8a9653e4a1b, 45537, None)
[2026-05-15T14:10:08.798+0000] {subprocess.py:93} INFO - 26/05/15 14:10:08 INFO StandaloneAppClient$ClientEndpoint: Executor updated: app-20260515141008-0038/0 is now RUNNING
[2026-05-15T14:10:09.025+0000] {subprocess.py:93} INFO - 26/05/15 14:10:09 INFO StandaloneSchedulerBackend: SchedulerBackend is ready for scheduling beginning after reached minRegisteredResourcesRatio: 0.0
[2026-05-15T14:10:10.478+0000] {subprocess.py:93} INFO - 26/05/15 14:10:10 WARN MetricsConfig: Cannot locate configuration: tried hadoop-metrics2-s3a-file-system.properties,hadoop-metrics2.properties
[2026-05-15T14:10:19.342+0000] {subprocess.py:93} INFO - Lecture SILVER terminée
[2026-05-15T14:10:32.499+0000] {subprocess.py:93} INFO - Table articles_par_jour créée
[2026-05-15T14:10:40.057+0000] {subprocess.py:93} INFO - Table articles_par_source créée
[2026-05-15T14:10:47.362+0000] {subprocess.py:93} INFO - Table top_categories créée
[2026-05-15T14:10:53.845+0000] {subprocess.py:93} INFO - Table articles_par_source_jour créée
[2026-05-15T14:10:53.846+0000] {subprocess.py:93} INFO - 
[2026-05-15T14:10:53.847+0000] {subprocess.py:93} INFO - ==============================
[2026-05-15T14:10:53.848+0000] {subprocess.py:93} INFO - GOLD LAYER TERMINÉ
[2026-05-15T14:10:53.849+0000] {subprocess.py:93} INFO - ==============================
[2026-05-15T14:10:54.317+0000] {subprocess.py:97} INFO - Command exited with return code 0
[2026-05-15T14:10:54.319+0000] {taskinstance.py:441} INFO - ::group::Post task execution logs
[2026-05-15T14:10:54.976+0000] {taskinstance.py:1206} INFO - Marking task as SUCCESS. dag_id=medallion_gold_layer, task_id=gold_processing, run_id=scheduled__2026-05-15T14:05:00+00:00, execution_date=20260515T140500, start_date=20260515T141001, end_date=20260515T141054
[2026-05-15T14:10:55.092+0000] {local_task_job_runner.py:240} INFO - Task exited with return code 0
[2026-05-15T14:10:55.235+0000] {taskinstance.py:3498} INFO - 0 downstream tasks scheduled from follow-on schedule check
[2026-05-15T14:10:55.258+0000] {local_task_job_runner.py:222} INFO - ::endgroup::
