[2026-05-15T14:03:52.991+0000] {local_task_job_runner.py:120} INFO - ::group::Pre task execution logs
[2026-05-15T14:03:53.125+0000] {taskinstance.py:2076} INFO - Dependencies all met for dep_context=non-requeueable deps ti=<TaskInstance: medallion_gold_layer.gold_processing scheduled__2026-05-15T13:55:00+00:00 [queued]>
[2026-05-15T14:03:53.147+0000] {taskinstance.py:2076} INFO - Dependencies all met for dep_context=requeueable deps ti=<TaskInstance: medallion_gold_layer.gold_processing scheduled__2026-05-15T13:55:00+00:00 [queued]>
[2026-05-15T14:03:53.149+0000] {taskinstance.py:2306} INFO - Starting attempt 1 of 2
[2026-05-15T14:03:53.184+0000] {taskinstance.py:2330} INFO - Executing <Task(BashOperator): gold_processing> on 2026-05-15 13:55:00+00:00
[2026-05-15T14:03:53.197+0000] {standard_task_runner.py:63} INFO - Started process 12999 to run task
[2026-05-15T14:03:53.203+0000] {standard_task_runner.py:90} INFO - Running: ['airflow', 'tasks', 'run', 'medallion_gold_layer', 'gold_processing', 'scheduled__2026-05-15T13:55:00+00:00', '--job-id', '37', '--raw', '--subdir', 'DAGS_FOLDER/gold_layer_dag.py', '--cfg-path', '/tmp/tmp7x2uag2c']
[2026-05-15T14:03:53.206+0000] {standard_task_runner.py:91} INFO - Job 37: Subtask gold_processing
[2026-05-15T14:03:53.502+0000] {task_command.py:426} INFO - Running <TaskInstance: medallion_gold_layer.gold_processing scheduled__2026-05-15T13:55:00+00:00 [running]> on host e8a9653e4a1b
[2026-05-15T14:03:54.033+0000] {taskinstance.py:2648} INFO - Exporting env vars: AIRFLOW_CTX_DAG_OWNER='anass' AIRFLOW_CTX_DAG_ID='medallion_gold_layer' AIRFLOW_CTX_TASK_ID='gold_processing' AIRFLOW_CTX_EXECUTION_DATE='2026-05-15T13:55:00+00:00' AIRFLOW_CTX_TRY_NUMBER='1' AIRFLOW_CTX_DAG_RUN_ID='scheduled__2026-05-15T13:55:00+00:00'
[2026-05-15T14:03:54.036+0000] {taskinstance.py:430} INFO - ::endgroup::
[2026-05-15T14:03:54.073+0000] {subprocess.py:63} INFO - Tmp dir root location: /tmp
[2026-05-15T14:03:54.077+0000] {subprocess.py:75} INFO - Running command: ['/usr/bin/bash', '-c', '\n    spark-submit     --master spark://spark-master:7077     --executor-memory 512M     --executor-cores 1     --total-executor-cores 1     --jars /opt/airflow/jars/aws-java-sdk-bundle-1.12.262.jar,/opt/airflow/jars/hadoop-aws-3.3.4.jar,/opt/airflow/jars/postgresql-42.7.3.jar     /opt/spark_jobs/gold_processor.py\n    ']
[2026-05-15T14:03:54.098+0000] {subprocess.py:86} INFO - Output:
[2026-05-15T14:03:57.560+0000] {subprocess.py:93} INFO - 26/05/15 14:03:57 WARN NativeCodeLoader: Unable to load native-hadoop library for your platform... using builtin-java classes where applicable
[2026-05-15T14:04:00.579+0000] {subprocess.py:93} INFO - 26/05/15 14:04:00 INFO SparkContext: Running Spark version 3.5.1
[2026-05-15T14:04:00.581+0000] {subprocess.py:93} INFO - 26/05/15 14:04:00 INFO SparkContext: OS info Linux, 6.6.87.2-microsoft-standard-WSL2, amd64
[2026-05-15T14:04:00.588+0000] {subprocess.py:93} INFO - 26/05/15 14:04:00 INFO SparkContext: Java version 17.0.19
[2026-05-15T14:04:00.798+0000] {subprocess.py:93} INFO - 26/05/15 14:04:00 INFO ResourceUtils: ==============================================================
[2026-05-15T14:04:00.800+0000] {subprocess.py:93} INFO - 26/05/15 14:04:00 INFO ResourceUtils: No custom resources configured for spark.driver.
[2026-05-15T14:04:00.804+0000] {subprocess.py:93} INFO - 26/05/15 14:04:00 INFO ResourceUtils: ==============================================================
[2026-05-15T14:04:00.811+0000] {subprocess.py:93} INFO - 26/05/15 14:04:00 INFO SparkContext: Submitted application: GoldLayerProcessor
[2026-05-15T14:04:00.919+0000] {subprocess.py:93} INFO - 26/05/15 14:04:00 INFO ResourceProfile: Default ResourceProfile created, executor resources: Map(cores -> name: cores, amount: 1, script: , vendor: , memory -> name: memory, amount: 512, script: , vendor: , offHeap -> name: offHeap, amount: 0, script: , vendor: ), task resources: Map(cpus -> name: cpus, amount: 1.0)
[2026-05-15T14:04:00.958+0000] {subprocess.py:93} INFO - 26/05/15 14:04:00 INFO ResourceProfile: Limiting resource is cpus at 1 tasks per executor
[2026-05-15T14:04:00.966+0000] {subprocess.py:93} INFO - 26/05/15 14:04:00 INFO ResourceProfileManager: Added ResourceProfile id: 0
[2026-05-15T14:04:01.131+0000] {subprocess.py:93} INFO - 26/05/15 14:04:01 INFO SecurityManager: Changing view acls to: airflow
[2026-05-15T14:04:01.133+0000] {subprocess.py:93} INFO - 26/05/15 14:04:01 INFO SecurityManager: Changing modify acls to: airflow
[2026-05-15T14:04:01.134+0000] {subprocess.py:93} INFO - 26/05/15 14:04:01 INFO SecurityManager: Changing view acls groups to:
[2026-05-15T14:04:01.136+0000] {subprocess.py:93} INFO - 26/05/15 14:04:01 INFO SecurityManager: Changing modify acls groups to:
[2026-05-15T14:04:01.139+0000] {subprocess.py:93} INFO - 26/05/15 14:04:01 INFO SecurityManager: SecurityManager: authentication disabled; ui acls disabled; users with view permissions: airflow; groups with view permissions: EMPTY; users with modify permissions: airflow; groups with modify permissions: EMPTY
[2026-05-15T14:04:01.977+0000] {subprocess.py:93} INFO - 26/05/15 14:04:01 INFO Utils: Successfully started service 'sparkDriver' on port 36631.
[2026-05-15T14:04:02.094+0000] {subprocess.py:93} INFO - 26/05/15 14:04:02 INFO SparkEnv: Registering MapOutputTracker
[2026-05-15T14:04:02.200+0000] {subprocess.py:93} INFO - 26/05/15 14:04:02 INFO SparkEnv: Registering BlockManagerMaster
[2026-05-15T14:04:02.247+0000] {subprocess.py:93} INFO - 26/05/15 14:04:02 INFO BlockManagerMasterEndpoint: Using org.apache.spark.storage.DefaultTopologyMapper for getting topology information
[2026-05-15T14:04:02.249+0000] {subprocess.py:93} INFO - 26/05/15 14:04:02 INFO BlockManagerMasterEndpoint: BlockManagerMasterEndpoint up
[2026-05-15T14:04:02.258+0000] {subprocess.py:93} INFO - 26/05/15 14:04:02 INFO SparkEnv: Registering BlockManagerMasterHeartbeat
[2026-05-15T14:04:02.295+0000] {subprocess.py:93} INFO - 26/05/15 14:04:02 INFO DiskBlockManager: Created local directory at /tmp/blockmgr-a727d1a2-b736-40ce-8664-b62d2fca5aca
[2026-05-15T14:04:02.328+0000] {subprocess.py:93} INFO - 26/05/15 14:04:02 INFO MemoryStore: MemoryStore started with capacity 434.4 MiB
[2026-05-15T14:04:02.382+0000] {subprocess.py:93} INFO - 26/05/15 14:04:02 INFO SparkEnv: Registering OutputCommitCoordinator
[2026-05-15T14:04:02.726+0000] {subprocess.py:93} INFO - 26/05/15 14:04:02 INFO JettyUtils: Start Jetty 0.0.0.0:4040 for SparkUI
[2026-05-15T14:04:03.054+0000] {subprocess.py:93} INFO - 26/05/15 14:04:03 INFO Utils: Successfully started service 'SparkUI' on port 4040.
[2026-05-15T14:04:03.184+0000] {subprocess.py:93} INFO - 26/05/15 14:04:03 INFO SparkContext: Added JAR file:///opt/airflow/jars/aws-java-sdk-bundle-1.12.262.jar at spark://e8a9653e4a1b:36631/jars/aws-java-sdk-bundle-1.12.262.jar with timestamp 1778853840541
[2026-05-15T14:04:03.185+0000] {subprocess.py:93} INFO - 26/05/15 14:04:03 INFO SparkContext: Added JAR file:///opt/airflow/jars/hadoop-aws-3.3.4.jar at spark://e8a9653e4a1b:36631/jars/hadoop-aws-3.3.4.jar with timestamp 1778853840541
[2026-05-15T14:04:03.187+0000] {subprocess.py:93} INFO - 26/05/15 14:04:03 INFO SparkContext: Added JAR file:///opt/airflow/jars/postgresql-42.7.3.jar at spark://e8a9653e4a1b:36631/jars/postgresql-42.7.3.jar with timestamp 1778853840541
[2026-05-15T14:04:03.472+0000] {subprocess.py:93} INFO - 26/05/15 14:04:03 INFO StandaloneAppClient$ClientEndpoint: Connecting to master spark://spark-master:7077...
[2026-05-15T14:04:03.608+0000] {subprocess.py:93} INFO - 26/05/15 14:04:03 INFO TransportClientFactory: Successfully created connection to spark-master/172.18.0.6:7077 after 82 ms (0 ms spent in bootstraps)
[2026-05-15T14:04:03.889+0000] {subprocess.py:93} INFO - 26/05/15 14:04:03 INFO StandaloneSchedulerBackend: Connected to Spark cluster with app ID app-20260515140403-0036
[2026-05-15T14:04:03.896+0000] {subprocess.py:93} INFO - 26/05/15 14:04:03 INFO StandaloneAppClient$ClientEndpoint: Executor added: app-20260515140403-0036/0 on worker-20260514105200-172.18.0.13-40347 (172.18.0.13:40347) with 1 core(s)
[2026-05-15T14:04:03.908+0000] {subprocess.py:93} INFO - 26/05/15 14:04:03 INFO StandaloneSchedulerBackend: Granted executor ID app-20260515140403-0036/0 on hostPort 172.18.0.13:40347 with 1 core(s), 512.0 MiB RAM
[2026-05-15T14:04:03.935+0000] {subprocess.py:93} INFO - 26/05/15 14:04:03 INFO Utils: Successfully started service 'org.apache.spark.network.netty.NettyBlockTransferService' on port 34575.
[2026-05-15T14:04:03.938+0000] {subprocess.py:93} INFO - 26/05/15 14:04:03 INFO NettyBlockTransferService: Server created on e8a9653e4a1b:34575
[2026-05-15T14:04:03.943+0000] {subprocess.py:93} INFO - 26/05/15 14:04:03 INFO BlockManager: Using org.apache.spark.storage.RandomBlockReplicationPolicy for block replication policy
[2026-05-15T14:04:03.975+0000] {subprocess.py:93} INFO - 26/05/15 14:04:03 INFO BlockManagerMaster: Registering BlockManager BlockManagerId(driver, e8a9653e4a1b, 34575, None)
[2026-05-15T14:04:03.985+0000] {subprocess.py:93} INFO - 26/05/15 14:04:03 INFO BlockManagerMasterEndpoint: Registering block manager e8a9653e4a1b:34575 with 434.4 MiB RAM, BlockManagerId(driver, e8a9653e4a1b, 34575, None)
[2026-05-15T14:04:03.991+0000] {subprocess.py:93} INFO - 26/05/15 14:04:03 INFO BlockManagerMaster: Registered BlockManager BlockManagerId(driver, e8a9653e4a1b, 34575, None)
[2026-05-15T14:04:03.997+0000] {subprocess.py:93} INFO - 26/05/15 14:04:03 INFO StandaloneAppClient$ClientEndpoint: Executor updated: app-20260515140403-0036/0 is now RUNNING
[2026-05-15T14:04:04.000+0000] {subprocess.py:93} INFO - 26/05/15 14:04:03 INFO BlockManager: Initialized BlockManager: BlockManagerId(driver, e8a9653e4a1b, 34575, None)
[2026-05-15T14:04:04.918+0000] {subprocess.py:93} INFO - 26/05/15 14:04:04 INFO StandaloneSchedulerBackend: SchedulerBackend is ready for scheduling beginning after reached minRegisteredResourcesRatio: 0.0
[2026-05-15T14:04:09.537+0000] {subprocess.py:93} INFO - 26/05/15 14:04:09 WARN MetricsConfig: Cannot locate configuration: tried hadoop-metrics2-s3a-file-system.properties,hadoop-metrics2.properties
[2026-05-15T14:04:28.627+0000] {subprocess.py:93} INFO - Lecture SILVER terminée
[2026-05-15T14:04:41.759+0000] {subprocess.py:93} INFO - Table articles_par_jour créée
[2026-05-15T14:04:50.322+0000] {subprocess.py:93} INFO - Table articles_par_source créée
[2026-05-15T14:04:57.614+0000] {subprocess.py:93} INFO - Table top_categories créée
[2026-05-15T14:05:05.407+0000] {subprocess.py:93} INFO - Table articles_par_source_jour créée
[2026-05-15T14:05:05.409+0000] {subprocess.py:93} INFO - 
[2026-05-15T14:05:05.411+0000] {subprocess.py:93} INFO - ==============================
[2026-05-15T14:05:05.414+0000] {subprocess.py:93} INFO - GOLD LAYER TERMINÉ
[2026-05-15T14:05:05.415+0000] {subprocess.py:93} INFO - ==============================
[2026-05-15T14:05:05.989+0000] {subprocess.py:97} INFO - Command exited with return code 0
[2026-05-15T14:05:05.992+0000] {taskinstance.py:441} INFO - ::group::Post task execution logs
[2026-05-15T14:05:06.358+0000] {taskinstance.py:1206} INFO - Marking task as SUCCESS. dag_id=medallion_gold_layer, task_id=gold_processing, run_id=scheduled__2026-05-15T13:55:00+00:00, execution_date=20260515T135500, start_date=20260515T140353, end_date=20260515T140506
[2026-05-15T14:05:06.883+0000] {local_task_job_runner.py:240} INFO - Task exited with return code 0
[2026-05-15T14:05:07.014+0000] {taskinstance.py:3498} INFO - 0 downstream tasks scheduled from follow-on schedule check
[2026-05-15T14:05:07.023+0000] {local_task_job_runner.py:222} INFO - ::endgroup::
