[2026-05-17T01:30:01.065+0000] {local_task_job_runner.py:120} INFO - ::group::Pre task execution logs
[2026-05-17T01:30:01.119+0000] {taskinstance.py:2076} INFO - Dependencies all met for dep_context=non-requeueable deps ti=<TaskInstance: medallion_gold_layer.gold_processing scheduled__2026-05-17T01:25:00+00:00 [queued]>
[2026-05-17T01:30:01.140+0000] {taskinstance.py:2076} INFO - Dependencies all met for dep_context=requeueable deps ti=<TaskInstance: medallion_gold_layer.gold_processing scheduled__2026-05-17T01:25:00+00:00 [queued]>
[2026-05-17T01:30:01.141+0000] {taskinstance.py:2306} INFO - Starting attempt 1 of 2
[2026-05-17T01:30:01.155+0000] {taskinstance.py:2330} INFO - Executing <Task(BashOperator): gold_processing> on 2026-05-17 01:25:00+00:00
[2026-05-17T01:30:01.160+0000] {standard_task_runner.py:63} INFO - Started process 61792 to run task
[2026-05-17T01:30:01.163+0000] {standard_task_runner.py:90} INFO - Running: ['airflow', 'tasks', 'run', 'medallion_gold_layer', 'gold_processing', 'scheduled__2026-05-17T01:25:00+00:00', '--job-id', '162', '--raw', '--subdir', 'DAGS_FOLDER/gold_layer_dag.py', '--cfg-path', '/tmp/tmpmsjnwmva']
[2026-05-17T01:30:01.165+0000] {standard_task_runner.py:91} INFO - Job 162: Subtask gold_processing
[2026-05-17T01:30:01.328+0000] {task_command.py:426} INFO - Running <TaskInstance: medallion_gold_layer.gold_processing scheduled__2026-05-17T01:25:00+00:00 [running]> on host e8a9653e4a1b
[2026-05-17T01:30:01.637+0000] {taskinstance.py:2648} INFO - Exporting env vars: AIRFLOW_CTX_DAG_OWNER='anass' AIRFLOW_CTX_DAG_ID='medallion_gold_layer' AIRFLOW_CTX_TASK_ID='gold_processing' AIRFLOW_CTX_EXECUTION_DATE='2026-05-17T01:25:00+00:00' AIRFLOW_CTX_TRY_NUMBER='1' AIRFLOW_CTX_DAG_RUN_ID='scheduled__2026-05-17T01:25:00+00:00'
[2026-05-17T01:30:01.638+0000] {taskinstance.py:430} INFO - ::endgroup::
[2026-05-17T01:30:01.648+0000] {subprocess.py:63} INFO - Tmp dir root location: /tmp
[2026-05-17T01:30:01.649+0000] {subprocess.py:75} INFO - Running command: ['/usr/bin/bash', '-c', '\n    spark-submit     --master spark://spark-master:7077     --executor-memory 512M     --executor-cores 1     --total-executor-cores 1     --jars /opt/airflow/jars/aws-java-sdk-bundle-1.12.262.jar,/opt/airflow/jars/hadoop-aws-3.3.4.jar,/opt/airflow/jars/postgresql-42.7.3.jar     /opt/spark_jobs/gold_processor.py\n    ']
[2026-05-17T01:30:01.656+0000] {subprocess.py:86} INFO - Output:
[2026-05-17T01:30:03.209+0000] {subprocess.py:93} INFO - 26/05/17 01:30:03 WARN NativeCodeLoader: Unable to load native-hadoop library for your platform... using builtin-java classes where applicable
[2026-05-17T01:30:04.457+0000] {subprocess.py:93} INFO - 26/05/17 01:30:04 INFO SparkContext: Running Spark version 3.5.1
[2026-05-17T01:30:04.458+0000] {subprocess.py:93} INFO - 26/05/17 01:30:04 INFO SparkContext: OS info Linux, 6.6.87.2-microsoft-standard-WSL2, amd64
[2026-05-17T01:30:04.459+0000] {subprocess.py:93} INFO - 26/05/17 01:30:04 INFO SparkContext: Java version 17.0.19
[2026-05-17T01:30:04.484+0000] {subprocess.py:93} INFO - 26/05/17 01:30:04 INFO ResourceUtils: ==============================================================
[2026-05-17T01:30:04.485+0000] {subprocess.py:93} INFO - 26/05/17 01:30:04 INFO ResourceUtils: No custom resources configured for spark.driver.
[2026-05-17T01:30:04.486+0000] {subprocess.py:93} INFO - 26/05/17 01:30:04 INFO ResourceUtils: ==============================================================
[2026-05-17T01:30:04.486+0000] {subprocess.py:93} INFO - 26/05/17 01:30:04 INFO SparkContext: Submitted application: GoldLayerProcessor
[2026-05-17T01:30:04.506+0000] {subprocess.py:93} INFO - 26/05/17 01:30:04 INFO ResourceProfile: Default ResourceProfile created, executor resources: Map(cores -> name: cores, amount: 1, script: , vendor: , memory -> name: memory, amount: 512, script: , vendor: , offHeap -> name: offHeap, amount: 0, script: , vendor: ), task resources: Map(cpus -> name: cpus, amount: 1.0)
[2026-05-17T01:30:04.515+0000] {subprocess.py:93} INFO - 26/05/17 01:30:04 INFO ResourceProfile: Limiting resource is cpus at 1 tasks per executor
[2026-05-17T01:30:04.517+0000] {subprocess.py:93} INFO - 26/05/17 01:30:04 INFO ResourceProfileManager: Added ResourceProfile id: 0
[2026-05-17T01:30:04.563+0000] {subprocess.py:93} INFO - 26/05/17 01:30:04 INFO SecurityManager: Changing view acls to: airflow
[2026-05-17T01:30:04.564+0000] {subprocess.py:93} INFO - 26/05/17 01:30:04 INFO SecurityManager: Changing modify acls to: airflow
[2026-05-17T01:30:04.565+0000] {subprocess.py:93} INFO - 26/05/17 01:30:04 INFO SecurityManager: Changing view acls groups to:
[2026-05-17T01:30:04.566+0000] {subprocess.py:93} INFO - 26/05/17 01:30:04 INFO SecurityManager: Changing modify acls groups to:
[2026-05-17T01:30:04.567+0000] {subprocess.py:93} INFO - 26/05/17 01:30:04 INFO SecurityManager: SecurityManager: authentication disabled; ui acls disabled; users with view permissions: airflow; groups with view permissions: EMPTY; users with modify permissions: airflow; groups with modify permissions: EMPTY
[2026-05-17T01:30:04.790+0000] {subprocess.py:93} INFO - 26/05/17 01:30:04 INFO Utils: Successfully started service 'sparkDriver' on port 35029.
[2026-05-17T01:30:04.817+0000] {subprocess.py:93} INFO - 26/05/17 01:30:04 INFO SparkEnv: Registering MapOutputTracker
[2026-05-17T01:30:04.856+0000] {subprocess.py:93} INFO - 26/05/17 01:30:04 INFO SparkEnv: Registering BlockManagerMaster
[2026-05-17T01:30:04.873+0000] {subprocess.py:93} INFO - 26/05/17 01:30:04 INFO BlockManagerMasterEndpoint: Using org.apache.spark.storage.DefaultTopologyMapper for getting topology information
[2026-05-17T01:30:04.874+0000] {subprocess.py:93} INFO - 26/05/17 01:30:04 INFO BlockManagerMasterEndpoint: BlockManagerMasterEndpoint up
[2026-05-17T01:30:04.877+0000] {subprocess.py:93} INFO - 26/05/17 01:30:04 INFO SparkEnv: Registering BlockManagerMasterHeartbeat
[2026-05-17T01:30:04.893+0000] {subprocess.py:93} INFO - 26/05/17 01:30:04 INFO DiskBlockManager: Created local directory at /tmp/blockmgr-80410d96-b246-4140-a4c7-a4cbc5eb3f35
[2026-05-17T01:30:04.906+0000] {subprocess.py:93} INFO - 26/05/17 01:30:04 INFO MemoryStore: MemoryStore started with capacity 434.4 MiB
[2026-05-17T01:30:04.920+0000] {subprocess.py:93} INFO - 26/05/17 01:30:04 INFO SparkEnv: Registering OutputCommitCoordinator
[2026-05-17T01:30:05.022+0000] {subprocess.py:93} INFO - 26/05/17 01:30:05 INFO JettyUtils: Start Jetty 0.0.0.0:4040 for SparkUI
[2026-05-17T01:30:05.093+0000] {subprocess.py:93} INFO - 26/05/17 01:30:05 INFO Utils: Successfully started service 'SparkUI' on port 4040.
[2026-05-17T01:30:05.124+0000] {subprocess.py:93} INFO - 26/05/17 01:30:05 INFO SparkContext: Added JAR file:///opt/airflow/jars/aws-java-sdk-bundle-1.12.262.jar at spark://e8a9653e4a1b:35029/jars/aws-java-sdk-bundle-1.12.262.jar with timestamp 1778981404451
[2026-05-17T01:30:05.125+0000] {subprocess.py:93} INFO - 26/05/17 01:30:05 INFO SparkContext: Added JAR file:///opt/airflow/jars/hadoop-aws-3.3.4.jar at spark://e8a9653e4a1b:35029/jars/hadoop-aws-3.3.4.jar with timestamp 1778981404451
[2026-05-17T01:30:05.126+0000] {subprocess.py:93} INFO - 26/05/17 01:30:05 INFO SparkContext: Added JAR file:///opt/airflow/jars/postgresql-42.7.3.jar at spark://e8a9653e4a1b:35029/jars/postgresql-42.7.3.jar with timestamp 1778981404451
[2026-05-17T01:30:05.206+0000] {subprocess.py:93} INFO - 26/05/17 01:30:05 INFO StandaloneAppClient$ClientEndpoint: Connecting to master spark://spark-master:7077...
[2026-05-17T01:30:05.260+0000] {subprocess.py:93} INFO - 26/05/17 01:30:05 INFO TransportClientFactory: Successfully created connection to spark-master/172.18.0.6:7077 after 29 ms (0 ms spent in bootstraps)
[2026-05-17T01:30:05.340+0000] {subprocess.py:93} INFO - 26/05/17 01:30:05 INFO StandaloneSchedulerBackend: Connected to Spark cluster with app ID app-20260517013005-0161
[2026-05-17T01:30:05.342+0000] {subprocess.py:93} INFO - 26/05/17 01:30:05 INFO StandaloneAppClient$ClientEndpoint: Executor added: app-20260517013005-0161/0 on worker-20260514105200-172.18.0.13-40347 (172.18.0.13:40347) with 1 core(s)
[2026-05-17T01:30:05.345+0000] {subprocess.py:93} INFO - 26/05/17 01:30:05 INFO StandaloneSchedulerBackend: Granted executor ID app-20260517013005-0161/0 on hostPort 172.18.0.13:40347 with 1 core(s), 512.0 MiB RAM
[2026-05-17T01:30:05.351+0000] {subprocess.py:93} INFO - 26/05/17 01:30:05 INFO Utils: Successfully started service 'org.apache.spark.network.netty.NettyBlockTransferService' on port 38413.
[2026-05-17T01:30:05.352+0000] {subprocess.py:93} INFO - 26/05/17 01:30:05 INFO NettyBlockTransferService: Server created on e8a9653e4a1b:38413
[2026-05-17T01:30:05.355+0000] {subprocess.py:93} INFO - 26/05/17 01:30:05 INFO BlockManager: Using org.apache.spark.storage.RandomBlockReplicationPolicy for block replication policy
[2026-05-17T01:30:05.364+0000] {subprocess.py:93} INFO - 26/05/17 01:30:05 INFO BlockManagerMaster: Registering BlockManager BlockManagerId(driver, e8a9653e4a1b, 38413, None)
[2026-05-17T01:30:05.368+0000] {subprocess.py:93} INFO - 26/05/17 01:30:05 INFO BlockManagerMasterEndpoint: Registering block manager e8a9653e4a1b:38413 with 434.4 MiB RAM, BlockManagerId(driver, e8a9653e4a1b, 38413, None)
[2026-05-17T01:30:05.371+0000] {subprocess.py:93} INFO - 26/05/17 01:30:05 INFO BlockManagerMaster: Registered BlockManager BlockManagerId(driver, e8a9653e4a1b, 38413, None)
[2026-05-17T01:30:05.373+0000] {subprocess.py:93} INFO - 26/05/17 01:30:05 INFO BlockManager: Initialized BlockManager: BlockManagerId(driver, e8a9653e4a1b, 38413, None)
[2026-05-17T01:30:05.377+0000] {subprocess.py:93} INFO - 26/05/17 01:30:05 INFO StandaloneAppClient$ClientEndpoint: Executor updated: app-20260517013005-0161/0 is now RUNNING
[2026-05-17T01:30:05.644+0000] {subprocess.py:93} INFO - 26/05/17 01:30:05 INFO StandaloneSchedulerBackend: SchedulerBackend is ready for scheduling beginning after reached minRegisteredResourcesRatio: 0.0
[2026-05-17T01:30:07.009+0000] {subprocess.py:93} INFO - 26/05/17 01:30:07 WARN MetricsConfig: Cannot locate configuration: tried hadoop-metrics2-s3a-file-system.properties,hadoop-metrics2.properties
[2026-05-17T01:30:12.958+0000] {subprocess.py:93} INFO - Lecture SILVER terminée
[2026-05-17T01:30:23.740+0000] {subprocess.py:93} INFO - Table articles_par_jour créée
[2026-05-17T01:30:32.056+0000] {subprocess.py:93} INFO - Table articles_par_source créée
[2026-05-17T01:30:39.918+0000] {subprocess.py:93} INFO - Table top_categories créée
[2026-05-17T01:30:47.133+0000] {subprocess.py:93} INFO - Table articles_par_source_jour créée
[2026-05-17T01:30:47.134+0000] {subprocess.py:93} INFO - 
[2026-05-17T01:30:47.135+0000] {subprocess.py:93} INFO - ==============================
[2026-05-17T01:30:47.136+0000] {subprocess.py:93} INFO - GOLD LAYER TERMINÉ
[2026-05-17T01:30:47.137+0000] {subprocess.py:93} INFO - ==============================
[2026-05-17T01:30:47.802+0000] {subprocess.py:97} INFO - Command exited with return code 0
[2026-05-17T01:30:47.803+0000] {taskinstance.py:441} INFO - ::group::Post task execution logs
[2026-05-17T01:30:47.908+0000] {taskinstance.py:1206} INFO - Marking task as SUCCESS. dag_id=medallion_gold_layer, task_id=gold_processing, run_id=scheduled__2026-05-17T01:25:00+00:00, execution_date=20260517T012500, start_date=20260517T013001, end_date=20260517T013047
[2026-05-17T01:30:48.087+0000] {local_task_job_runner.py:240} INFO - Task exited with return code 0
[2026-05-17T01:30:48.148+0000] {taskinstance.py:3498} INFO - 0 downstream tasks scheduled from follow-on schedule check
[2026-05-17T01:30:48.152+0000] {local_task_job_runner.py:222} INFO - ::endgroup::
