[2026-05-15T22:40:02.321+0000] {local_task_job_runner.py:120} INFO - ::group::Pre task execution logs
[2026-05-15T22:40:02.553+0000] {taskinstance.py:2076} INFO - Dependencies all met for dep_context=non-requeueable deps ti=<TaskInstance: medallion_gold_layer.gold_processing scheduled__2026-05-15T22:35:00+00:00 [queued]>
[2026-05-15T22:40:02.584+0000] {taskinstance.py:2076} INFO - Dependencies all met for dep_context=requeueable deps ti=<TaskInstance: medallion_gold_layer.gold_processing scheduled__2026-05-15T22:35:00+00:00 [queued]>
[2026-05-15T22:40:02.586+0000] {taskinstance.py:2306} INFO - Starting attempt 1 of 2
[2026-05-15T22:40:02.660+0000] {taskinstance.py:2330} INFO - Executing <Task(BashOperator): gold_processing> on 2026-05-15 22:35:00+00:00
[2026-05-15T22:40:02.676+0000] {standard_task_runner.py:63} INFO - Started process 28278 to run task
[2026-05-15T22:40:02.688+0000] {standard_task_runner.py:90} INFO - Running: ['airflow', 'tasks', 'run', 'medallion_gold_layer', 'gold_processing', 'scheduled__2026-05-15T22:35:00+00:00', '--job-id', '77', '--raw', '--subdir', 'DAGS_FOLDER/gold_layer_dag.py', '--cfg-path', '/tmp/tmpwa6gups_']
[2026-05-15T22:40:02.696+0000] {standard_task_runner.py:91} INFO - Job 77: Subtask gold_processing
[2026-05-15T22:40:03.277+0000] {task_command.py:426} INFO - Running <TaskInstance: medallion_gold_layer.gold_processing scheduled__2026-05-15T22:35:00+00:00 [running]> on host e8a9653e4a1b
[2026-05-15T22:40:04.144+0000] {taskinstance.py:2648} INFO - Exporting env vars: AIRFLOW_CTX_DAG_OWNER='anass' AIRFLOW_CTX_DAG_ID='medallion_gold_layer' AIRFLOW_CTX_TASK_ID='gold_processing' AIRFLOW_CTX_EXECUTION_DATE='2026-05-15T22:35:00+00:00' AIRFLOW_CTX_TRY_NUMBER='1' AIRFLOW_CTX_DAG_RUN_ID='scheduled__2026-05-15T22:35:00+00:00'
[2026-05-15T22:40:04.146+0000] {taskinstance.py:430} INFO - ::endgroup::
[2026-05-15T22:40:04.210+0000] {subprocess.py:63} INFO - Tmp dir root location: /tmp
[2026-05-15T22:40:04.217+0000] {subprocess.py:75} INFO - Running command: ['/usr/bin/bash', '-c', '\n    spark-submit     --master spark://spark-master:7077     --executor-memory 512M     --executor-cores 1     --total-executor-cores 1     --jars /opt/airflow/jars/aws-java-sdk-bundle-1.12.262.jar,/opt/airflow/jars/hadoop-aws-3.3.4.jar,/opt/airflow/jars/postgresql-42.7.3.jar     /opt/spark_jobs/gold_processor.py\n    ']
[2026-05-15T22:40:04.263+0000] {subprocess.py:86} INFO - Output:
[2026-05-15T22:40:07.772+0000] {subprocess.py:93} INFO - 26/05/15 22:40:07 WARN NativeCodeLoader: Unable to load native-hadoop library for your platform... using builtin-java classes where applicable
[2026-05-15T22:40:10.322+0000] {subprocess.py:93} INFO - 26/05/15 22:40:10 INFO SparkContext: Running Spark version 3.5.1
[2026-05-15T22:40:10.324+0000] {subprocess.py:93} INFO - 26/05/15 22:40:10 INFO SparkContext: OS info Linux, 6.6.87.2-microsoft-standard-WSL2, amd64
[2026-05-15T22:40:10.327+0000] {subprocess.py:93} INFO - 26/05/15 22:40:10 INFO SparkContext: Java version 17.0.19
[2026-05-15T22:40:10.487+0000] {subprocess.py:93} INFO - 26/05/15 22:40:10 INFO ResourceUtils: ==============================================================
[2026-05-15T22:40:10.489+0000] {subprocess.py:93} INFO - 26/05/15 22:40:10 INFO ResourceUtils: No custom resources configured for spark.driver.
[2026-05-15T22:40:10.491+0000] {subprocess.py:93} INFO - 26/05/15 22:40:10 INFO ResourceUtils: ==============================================================
[2026-05-15T22:40:10.492+0000] {subprocess.py:93} INFO - 26/05/15 22:40:10 INFO SparkContext: Submitted application: GoldLayerProcessor
[2026-05-15T22:40:10.564+0000] {subprocess.py:93} INFO - 26/05/15 22:40:10 INFO ResourceProfile: Default ResourceProfile created, executor resources: Map(cores -> name: cores, amount: 1, script: , vendor: , memory -> name: memory, amount: 512, script: , vendor: , offHeap -> name: offHeap, amount: 0, script: , vendor: ), task resources: Map(cpus -> name: cpus, amount: 1.0)
[2026-05-15T22:40:10.597+0000] {subprocess.py:93} INFO - 26/05/15 22:40:10 INFO ResourceProfile: Limiting resource is cpus at 1 tasks per executor
[2026-05-15T22:40:10.605+0000] {subprocess.py:93} INFO - 26/05/15 22:40:10 INFO ResourceProfileManager: Added ResourceProfile id: 0
[2026-05-15T22:40:10.754+0000] {subprocess.py:93} INFO - 26/05/15 22:40:10 INFO SecurityManager: Changing view acls to: airflow
[2026-05-15T22:40:10.756+0000] {subprocess.py:93} INFO - 26/05/15 22:40:10 INFO SecurityManager: Changing modify acls to: airflow
[2026-05-15T22:40:10.757+0000] {subprocess.py:93} INFO - 26/05/15 22:40:10 INFO SecurityManager: Changing view acls groups to:
[2026-05-15T22:40:10.758+0000] {subprocess.py:93} INFO - 26/05/15 22:40:10 INFO SecurityManager: Changing modify acls groups to:
[2026-05-15T22:40:10.760+0000] {subprocess.py:93} INFO - 26/05/15 22:40:10 INFO SecurityManager: SecurityManager: authentication disabled; ui acls disabled; users with view permissions: airflow; groups with view permissions: EMPTY; users with modify permissions: airflow; groups with modify permissions: EMPTY
[2026-05-15T22:40:11.178+0000] {subprocess.py:93} INFO - 26/05/15 22:40:11 INFO Utils: Successfully started service 'sparkDriver' on port 40255.
[2026-05-15T22:40:11.265+0000] {subprocess.py:93} INFO - 26/05/15 22:40:11 INFO SparkEnv: Registering MapOutputTracker
[2026-05-15T22:40:11.325+0000] {subprocess.py:93} INFO - 26/05/15 22:40:11 INFO SparkEnv: Registering BlockManagerMaster
[2026-05-15T22:40:11.357+0000] {subprocess.py:93} INFO - 26/05/15 22:40:11 INFO BlockManagerMasterEndpoint: Using org.apache.spark.storage.DefaultTopologyMapper for getting topology information
[2026-05-15T22:40:11.359+0000] {subprocess.py:93} INFO - 26/05/15 22:40:11 INFO BlockManagerMasterEndpoint: BlockManagerMasterEndpoint up
[2026-05-15T22:40:11.364+0000] {subprocess.py:93} INFO - 26/05/15 22:40:11 INFO SparkEnv: Registering BlockManagerMasterHeartbeat
[2026-05-15T22:40:11.394+0000] {subprocess.py:93} INFO - 26/05/15 22:40:11 INFO DiskBlockManager: Created local directory at /tmp/blockmgr-4cbcec44-e50d-4ffa-9bcb-8ef27b2a7e00
[2026-05-15T22:40:11.432+0000] {subprocess.py:93} INFO - 26/05/15 22:40:11 INFO MemoryStore: MemoryStore started with capacity 434.4 MiB
[2026-05-15T22:40:11.483+0000] {subprocess.py:93} INFO - 26/05/15 22:40:11 INFO SparkEnv: Registering OutputCommitCoordinator
[2026-05-15T22:40:11.671+0000] {subprocess.py:93} INFO - 26/05/15 22:40:11 INFO JettyUtils: Start Jetty 0.0.0.0:4040 for SparkUI
[2026-05-15T22:40:11.798+0000] {subprocess.py:93} INFO - 26/05/15 22:40:11 INFO Utils: Successfully started service 'SparkUI' on port 4040.
[2026-05-15T22:40:11.888+0000] {subprocess.py:93} INFO - 26/05/15 22:40:11 INFO SparkContext: Added JAR file:///opt/airflow/jars/aws-java-sdk-bundle-1.12.262.jar at spark://e8a9653e4a1b:40255/jars/aws-java-sdk-bundle-1.12.262.jar with timestamp 1778884810295
[2026-05-15T22:40:11.890+0000] {subprocess.py:93} INFO - 26/05/15 22:40:11 INFO SparkContext: Added JAR file:///opt/airflow/jars/hadoop-aws-3.3.4.jar at spark://e8a9653e4a1b:40255/jars/hadoop-aws-3.3.4.jar with timestamp 1778884810295
[2026-05-15T22:40:11.892+0000] {subprocess.py:93} INFO - 26/05/15 22:40:11 INFO SparkContext: Added JAR file:///opt/airflow/jars/postgresql-42.7.3.jar at spark://e8a9653e4a1b:40255/jars/postgresql-42.7.3.jar with timestamp 1778884810295
[2026-05-15T22:40:12.079+0000] {subprocess.py:93} INFO - 26/05/15 22:40:12 INFO StandaloneAppClient$ClientEndpoint: Connecting to master spark://spark-master:7077...
[2026-05-15T22:40:12.146+0000] {subprocess.py:93} INFO - 26/05/15 22:40:12 INFO TransportClientFactory: Successfully created connection to spark-master/172.18.0.6:7077 after 33 ms (0 ms spent in bootstraps)
[2026-05-15T22:40:12.317+0000] {subprocess.py:93} INFO - 26/05/15 22:40:12 INFO StandaloneSchedulerBackend: Connected to Spark cluster with app ID app-20260515224012-0076
[2026-05-15T22:40:12.322+0000] {subprocess.py:93} INFO - 26/05/15 22:40:12 INFO StandaloneAppClient$ClientEndpoint: Executor added: app-20260515224012-0076/0 on worker-20260514105200-172.18.0.13-40347 (172.18.0.13:40347) with 1 core(s)
[2026-05-15T22:40:12.329+0000] {subprocess.py:93} INFO - 26/05/15 22:40:12 INFO StandaloneSchedulerBackend: Granted executor ID app-20260515224012-0076/0 on hostPort 172.18.0.13:40347 with 1 core(s), 512.0 MiB RAM
[2026-05-15T22:40:12.341+0000] {subprocess.py:93} INFO - 26/05/15 22:40:12 INFO Utils: Successfully started service 'org.apache.spark.network.netty.NettyBlockTransferService' on port 32863.
[2026-05-15T22:40:12.344+0000] {subprocess.py:93} INFO - 26/05/15 22:40:12 INFO NettyBlockTransferService: Server created on e8a9653e4a1b:32863
[2026-05-15T22:40:12.346+0000] {subprocess.py:93} INFO - 26/05/15 22:40:12 INFO BlockManager: Using org.apache.spark.storage.RandomBlockReplicationPolicy for block replication policy
[2026-05-15T22:40:12.366+0000] {subprocess.py:93} INFO - 26/05/15 22:40:12 INFO BlockManagerMaster: Registering BlockManager BlockManagerId(driver, e8a9653e4a1b, 32863, None)
[2026-05-15T22:40:12.374+0000] {subprocess.py:93} INFO - 26/05/15 22:40:12 INFO BlockManagerMasterEndpoint: Registering block manager e8a9653e4a1b:32863 with 434.4 MiB RAM, BlockManagerId(driver, e8a9653e4a1b, 32863, None)
[2026-05-15T22:40:12.379+0000] {subprocess.py:93} INFO - 26/05/15 22:40:12 INFO BlockManagerMaster: Registered BlockManager BlockManagerId(driver, e8a9653e4a1b, 32863, None)
[2026-05-15T22:40:12.382+0000] {subprocess.py:93} INFO - 26/05/15 22:40:12 INFO BlockManager: Initialized BlockManager: BlockManagerId(driver, e8a9653e4a1b, 32863, None)
[2026-05-15T22:40:12.392+0000] {subprocess.py:93} INFO - 26/05/15 22:40:12 INFO StandaloneAppClient$ClientEndpoint: Executor updated: app-20260515224012-0076/0 is now RUNNING
[2026-05-15T22:40:12.755+0000] {subprocess.py:93} INFO - 26/05/15 22:40:12 INFO StandaloneSchedulerBackend: SchedulerBackend is ready for scheduling beginning after reached minRegisteredResourcesRatio: 0.0
[2026-05-15T22:40:15.432+0000] {subprocess.py:93} INFO - 26/05/15 22:40:15 WARN MetricsConfig: Cannot locate configuration: tried hadoop-metrics2-s3a-file-system.properties,hadoop-metrics2.properties
[2026-05-15T22:40:26.793+0000] {subprocess.py:93} INFO - Lecture SILVER terminée
[2026-05-15T22:40:46.425+0000] {subprocess.py:93} INFO - Table articles_par_jour créée
[2026-05-15T22:41:00.890+0000] {subprocess.py:93} INFO - Table articles_par_source créée
[2026-05-15T22:41:16.725+0000] {subprocess.py:93} INFO - Table top_categories créée
[2026-05-15T22:41:28.169+0000] {subprocess.py:93} INFO - Table articles_par_source_jour créée
[2026-05-15T22:41:28.170+0000] {subprocess.py:93} INFO - 
[2026-05-15T22:41:28.171+0000] {subprocess.py:93} INFO - ==============================
[2026-05-15T22:41:28.173+0000] {subprocess.py:93} INFO - GOLD LAYER TERMINÉ
[2026-05-15T22:41:28.174+0000] {subprocess.py:93} INFO - ==============================
[2026-05-15T22:41:28.688+0000] {subprocess.py:97} INFO - Command exited with return code 0
[2026-05-15T22:41:28.691+0000] {taskinstance.py:441} INFO - ::group::Post task execution logs
[2026-05-15T22:41:29.355+0000] {taskinstance.py:1206} INFO - Marking task as SUCCESS. dag_id=medallion_gold_layer, task_id=gold_processing, run_id=scheduled__2026-05-15T22:35:00+00:00, execution_date=20260515T223500, start_date=20260515T224002, end_date=20260515T224129
[2026-05-15T22:41:29.475+0000] {local_task_job_runner.py:240} INFO - Task exited with return code 0
[2026-05-15T22:41:29.626+0000] {taskinstance.py:3498} INFO - 0 downstream tasks scheduled from follow-on schedule check
[2026-05-15T22:41:29.651+0000] {local_task_job_runner.py:222} INFO - ::endgroup::
