[2026-05-15T15:30:45.490+0000] {local_task_job_runner.py:120} INFO - ::group::Pre task execution logs
[2026-05-15T15:30:45.539+0000] {taskinstance.py:2076} INFO - Dependencies all met for dep_context=non-requeueable deps ti=<TaskInstance: medallion_gold_layer.gold_processing scheduled__2026-05-15T15:25:00+00:00 [queued]>
[2026-05-15T15:30:45.546+0000] {taskinstance.py:2076} INFO - Dependencies all met for dep_context=requeueable deps ti=<TaskInstance: medallion_gold_layer.gold_processing scheduled__2026-05-15T15:25:00+00:00 [queued]>
[2026-05-15T15:30:45.546+0000] {taskinstance.py:2306} INFO - Starting attempt 1 of 2
[2026-05-15T15:30:45.559+0000] {taskinstance.py:2330} INFO - Executing <Task(BashOperator): gold_processing> on 2026-05-15 15:25:00+00:00
[2026-05-15T15:30:45.563+0000] {standard_task_runner.py:63} INFO - Started process 19136 to run task
[2026-05-15T15:30:45.566+0000] {standard_task_runner.py:90} INFO - Running: ['airflow', 'tasks', 'run', 'medallion_gold_layer', 'gold_processing', 'scheduled__2026-05-15T15:25:00+00:00', '--job-id', '53', '--raw', '--subdir', 'DAGS_FOLDER/gold_layer_dag.py', '--cfg-path', '/tmp/tmpleyfq665']
[2026-05-15T15:30:45.567+0000] {standard_task_runner.py:91} INFO - Job 53: Subtask gold_processing
[2026-05-15T15:30:45.696+0000] {task_command.py:426} INFO - Running <TaskInstance: medallion_gold_layer.gold_processing scheduled__2026-05-15T15:25:00+00:00 [running]> on host e8a9653e4a1b
[2026-05-15T15:30:45.879+0000] {taskinstance.py:2648} INFO - Exporting env vars: AIRFLOW_CTX_DAG_OWNER='anass' AIRFLOW_CTX_DAG_ID='medallion_gold_layer' AIRFLOW_CTX_TASK_ID='gold_processing' AIRFLOW_CTX_EXECUTION_DATE='2026-05-15T15:25:00+00:00' AIRFLOW_CTX_TRY_NUMBER='1' AIRFLOW_CTX_DAG_RUN_ID='scheduled__2026-05-15T15:25:00+00:00'
[2026-05-15T15:30:45.880+0000] {taskinstance.py:430} INFO - ::endgroup::
[2026-05-15T15:30:45.890+0000] {subprocess.py:63} INFO - Tmp dir root location: /tmp
[2026-05-15T15:30:45.891+0000] {subprocess.py:75} INFO - Running command: ['/usr/bin/bash', '-c', '\n    spark-submit     --master spark://spark-master:7077     --executor-memory 512M     --executor-cores 1     --total-executor-cores 1     --jars /opt/airflow/jars/aws-java-sdk-bundle-1.12.262.jar,/opt/airflow/jars/hadoop-aws-3.3.4.jar,/opt/airflow/jars/postgresql-42.7.3.jar     /opt/spark_jobs/gold_processor.py\n    ']
[2026-05-15T15:30:45.898+0000] {subprocess.py:86} INFO - Output:
[2026-05-15T15:30:47.329+0000] {subprocess.py:93} INFO - 26/05/15 15:30:47 WARN NativeCodeLoader: Unable to load native-hadoop library for your platform... using builtin-java classes where applicable
[2026-05-15T15:30:48.359+0000] {subprocess.py:93} INFO - 26/05/15 15:30:48 INFO SparkContext: Running Spark version 3.5.1
[2026-05-15T15:30:48.360+0000] {subprocess.py:93} INFO - 26/05/15 15:30:48 INFO SparkContext: OS info Linux, 6.6.87.2-microsoft-standard-WSL2, amd64
[2026-05-15T15:30:48.360+0000] {subprocess.py:93} INFO - 26/05/15 15:30:48 INFO SparkContext: Java version 17.0.19
[2026-05-15T15:30:48.377+0000] {subprocess.py:93} INFO - 26/05/15 15:30:48 INFO ResourceUtils: ==============================================================
[2026-05-15T15:30:48.378+0000] {subprocess.py:93} INFO - 26/05/15 15:30:48 INFO ResourceUtils: No custom resources configured for spark.driver.
[2026-05-15T15:30:48.379+0000] {subprocess.py:93} INFO - 26/05/15 15:30:48 INFO ResourceUtils: ==============================================================
[2026-05-15T15:30:48.379+0000] {subprocess.py:93} INFO - 26/05/15 15:30:48 INFO SparkContext: Submitted application: GoldLayerProcessor
[2026-05-15T15:30:48.392+0000] {subprocess.py:93} INFO - 26/05/15 15:30:48 INFO ResourceProfile: Default ResourceProfile created, executor resources: Map(cores -> name: cores, amount: 1, script: , vendor: , memory -> name: memory, amount: 512, script: , vendor: , offHeap -> name: offHeap, amount: 0, script: , vendor: ), task resources: Map(cpus -> name: cpus, amount: 1.0)
[2026-05-15T15:30:48.399+0000] {subprocess.py:93} INFO - 26/05/15 15:30:48 INFO ResourceProfile: Limiting resource is cpus at 1 tasks per executor
[2026-05-15T15:30:48.400+0000] {subprocess.py:93} INFO - 26/05/15 15:30:48 INFO ResourceProfileManager: Added ResourceProfile id: 0
[2026-05-15T15:30:48.433+0000] {subprocess.py:93} INFO - 26/05/15 15:30:48 INFO SecurityManager: Changing view acls to: airflow
[2026-05-15T15:30:48.434+0000] {subprocess.py:93} INFO - 26/05/15 15:30:48 INFO SecurityManager: Changing modify acls to: airflow
[2026-05-15T15:30:48.435+0000] {subprocess.py:93} INFO - 26/05/15 15:30:48 INFO SecurityManager: Changing view acls groups to:
[2026-05-15T15:30:48.436+0000] {subprocess.py:93} INFO - 26/05/15 15:30:48 INFO SecurityManager: Changing modify acls groups to:
[2026-05-15T15:30:48.436+0000] {subprocess.py:93} INFO - 26/05/15 15:30:48 INFO SecurityManager: SecurityManager: authentication disabled; ui acls disabled; users with view permissions: airflow; groups with view permissions: EMPTY; users with modify permissions: airflow; groups with modify permissions: EMPTY
[2026-05-15T15:30:48.592+0000] {subprocess.py:93} INFO - 26/05/15 15:30:48 INFO Utils: Successfully started service 'sparkDriver' on port 35499.
[2026-05-15T15:30:48.612+0000] {subprocess.py:93} INFO - 26/05/15 15:30:48 INFO SparkEnv: Registering MapOutputTracker
[2026-05-15T15:30:48.641+0000] {subprocess.py:93} INFO - 26/05/15 15:30:48 INFO SparkEnv: Registering BlockManagerMaster
[2026-05-15T15:30:48.657+0000] {subprocess.py:93} INFO - 26/05/15 15:30:48 INFO BlockManagerMasterEndpoint: Using org.apache.spark.storage.DefaultTopologyMapper for getting topology information
[2026-05-15T15:30:48.658+0000] {subprocess.py:93} INFO - 26/05/15 15:30:48 INFO BlockManagerMasterEndpoint: BlockManagerMasterEndpoint up
[2026-05-15T15:30:48.661+0000] {subprocess.py:93} INFO - 26/05/15 15:30:48 INFO SparkEnv: Registering BlockManagerMasterHeartbeat
[2026-05-15T15:30:48.689+0000] {subprocess.py:93} INFO - 26/05/15 15:30:48 INFO DiskBlockManager: Created local directory at /tmp/blockmgr-26ddbaab-67cb-4057-8bce-bda907c0e560
[2026-05-15T15:30:48.699+0000] {subprocess.py:93} INFO - 26/05/15 15:30:48 INFO MemoryStore: MemoryStore started with capacity 434.4 MiB
[2026-05-15T15:30:48.708+0000] {subprocess.py:93} INFO - 26/05/15 15:30:48 INFO SparkEnv: Registering OutputCommitCoordinator
[2026-05-15T15:30:48.783+0000] {subprocess.py:93} INFO - 26/05/15 15:30:48 INFO JettyUtils: Start Jetty 0.0.0.0:4040 for SparkUI
[2026-05-15T15:30:48.833+0000] {subprocess.py:93} INFO - 26/05/15 15:30:48 INFO Utils: Successfully started service 'SparkUI' on port 4040.
[2026-05-15T15:30:48.860+0000] {subprocess.py:93} INFO - 26/05/15 15:30:48 INFO SparkContext: Added JAR file:///opt/airflow/jars/aws-java-sdk-bundle-1.12.262.jar at spark://e8a9653e4a1b:35499/jars/aws-java-sdk-bundle-1.12.262.jar with timestamp 1778859048353
[2026-05-15T15:30:48.861+0000] {subprocess.py:93} INFO - 26/05/15 15:30:48 INFO SparkContext: Added JAR file:///opt/airflow/jars/hadoop-aws-3.3.4.jar at spark://e8a9653e4a1b:35499/jars/hadoop-aws-3.3.4.jar with timestamp 1778859048353
[2026-05-15T15:30:48.862+0000] {subprocess.py:93} INFO - 26/05/15 15:30:48 INFO SparkContext: Added JAR file:///opt/airflow/jars/postgresql-42.7.3.jar at spark://e8a9653e4a1b:35499/jars/postgresql-42.7.3.jar with timestamp 1778859048353
[2026-05-15T15:30:48.947+0000] {subprocess.py:93} INFO - 26/05/15 15:30:48 INFO StandaloneAppClient$ClientEndpoint: Connecting to master spark://spark-master:7077...
[2026-05-15T15:30:48.983+0000] {subprocess.py:93} INFO - 26/05/15 15:30:48 INFO TransportClientFactory: Successfully created connection to spark-master/172.18.0.6:7077 after 18 ms (0 ms spent in bootstraps)
[2026-05-15T15:30:49.044+0000] {subprocess.py:93} INFO - 26/05/15 15:30:49 INFO StandaloneSchedulerBackend: Connected to Spark cluster with app ID app-20260515153049-0052
[2026-05-15T15:30:49.046+0000] {subprocess.py:93} INFO - 26/05/15 15:30:49 INFO StandaloneAppClient$ClientEndpoint: Executor added: app-20260515153049-0052/0 on worker-20260514105200-172.18.0.13-40347 (172.18.0.13:40347) with 1 core(s)
[2026-05-15T15:30:49.048+0000] {subprocess.py:93} INFO - 26/05/15 15:30:49 INFO StandaloneSchedulerBackend: Granted executor ID app-20260515153049-0052/0 on hostPort 172.18.0.13:40347 with 1 core(s), 512.0 MiB RAM
[2026-05-15T15:30:49.053+0000] {subprocess.py:93} INFO - 26/05/15 15:30:49 INFO Utils: Successfully started service 'org.apache.spark.network.netty.NettyBlockTransferService' on port 37081.
[2026-05-15T15:30:49.054+0000] {subprocess.py:93} INFO - 26/05/15 15:30:49 INFO NettyBlockTransferService: Server created on e8a9653e4a1b:37081
[2026-05-15T15:30:49.056+0000] {subprocess.py:93} INFO - 26/05/15 15:30:49 INFO BlockManager: Using org.apache.spark.storage.RandomBlockReplicationPolicy for block replication policy
[2026-05-15T15:30:49.063+0000] {subprocess.py:93} INFO - 26/05/15 15:30:49 INFO BlockManagerMaster: Registering BlockManager BlockManagerId(driver, e8a9653e4a1b, 37081, None)
[2026-05-15T15:30:49.067+0000] {subprocess.py:93} INFO - 26/05/15 15:30:49 INFO BlockManagerMasterEndpoint: Registering block manager e8a9653e4a1b:37081 with 434.4 MiB RAM, BlockManagerId(driver, e8a9653e4a1b, 37081, None)
[2026-05-15T15:30:49.069+0000] {subprocess.py:93} INFO - 26/05/15 15:30:49 INFO BlockManagerMaster: Registered BlockManager BlockManagerId(driver, e8a9653e4a1b, 37081, None)
[2026-05-15T15:30:49.069+0000] {subprocess.py:93} INFO - 26/05/15 15:30:49 INFO StandaloneAppClient$ClientEndpoint: Executor updated: app-20260515153049-0052/0 is now RUNNING
[2026-05-15T15:30:49.070+0000] {subprocess.py:93} INFO - 26/05/15 15:30:49 INFO BlockManager: Initialized BlockManager: BlockManagerId(driver, e8a9653e4a1b, 37081, None)
[2026-05-15T15:30:49.232+0000] {subprocess.py:93} INFO - 26/05/15 15:30:49 INFO StandaloneSchedulerBackend: SchedulerBackend is ready for scheduling beginning after reached minRegisteredResourcesRatio: 0.0
[2026-05-15T15:30:50.430+0000] {subprocess.py:93} INFO - 26/05/15 15:30:50 WARN MetricsConfig: Cannot locate configuration: tried hadoop-metrics2-s3a-file-system.properties,hadoop-metrics2.properties
[2026-05-15T15:30:54.796+0000] {subprocess.py:93} INFO - Lecture SILVER terminée
[2026-05-15T15:31:01.227+0000] {subprocess.py:93} INFO - Table articles_par_jour créée
[2026-05-15T15:31:05.409+0000] {subprocess.py:93} INFO - Table articles_par_source créée
[2026-05-15T15:31:09.116+0000] {subprocess.py:93} INFO - Table top_categories créée
[2026-05-15T15:31:12.466+0000] {subprocess.py:93} INFO - Table articles_par_source_jour créée
[2026-05-15T15:31:12.467+0000] {subprocess.py:93} INFO - 
[2026-05-15T15:31:12.468+0000] {subprocess.py:93} INFO - ==============================
[2026-05-15T15:31:12.469+0000] {subprocess.py:93} INFO - GOLD LAYER TERMINÉ
[2026-05-15T15:31:12.471+0000] {subprocess.py:93} INFO - ==============================
[2026-05-15T15:31:12.906+0000] {subprocess.py:97} INFO - Command exited with return code 0
[2026-05-15T15:31:12.907+0000] {taskinstance.py:441} INFO - ::group::Post task execution logs
[2026-05-15T15:31:13.018+0000] {taskinstance.py:1206} INFO - Marking task as SUCCESS. dag_id=medallion_gold_layer, task_id=gold_processing, run_id=scheduled__2026-05-15T15:25:00+00:00, execution_date=20260515T152500, start_date=20260515T153045, end_date=20260515T153113
[2026-05-15T15:31:13.182+0000] {local_task_job_runner.py:240} INFO - Task exited with return code 0
[2026-05-15T15:31:13.224+0000] {taskinstance.py:3498} INFO - 0 downstream tasks scheduled from follow-on schedule check
[2026-05-15T15:31:13.227+0000] {local_task_job_runner.py:222} INFO - ::endgroup::
