[2026-05-19T13:17:53.211+0000] {local_task_job_runner.py:120} INFO - ::group::Pre task execution logs
[2026-05-19T13:17:53.440+0000] {taskinstance.py:2076} INFO - Dependencies all met for dep_context=non-requeueable deps ti=<TaskInstance: medallion_gold_layer.gold_processing scheduled__2026-05-19T13:10:00+00:00 [queued]>
[2026-05-19T13:17:53.480+0000] {taskinstance.py:2076} INFO - Dependencies all met for dep_context=requeueable deps ti=<TaskInstance: medallion_gold_layer.gold_processing scheduled__2026-05-19T13:10:00+00:00 [queued]>
[2026-05-19T13:17:53.483+0000] {taskinstance.py:2306} INFO - Starting attempt 1 of 2
[2026-05-19T13:17:53.540+0000] {taskinstance.py:2330} INFO - Executing <Task(BashOperator): gold_processing> on 2026-05-19 13:10:00+00:00
[2026-05-19T13:17:53.560+0000] {standard_task_runner.py:63} INFO - Started process 14025 to run task
[2026-05-19T13:17:53.576+0000] {standard_task_runner.py:90} INFO - Running: ['airflow', 'tasks', 'run', 'medallion_gold_layer', 'gold_processing', 'scheduled__2026-05-19T13:10:00+00:00', '--job-id', '320', '--raw', '--subdir', 'DAGS_FOLDER/gold_layer_dag.py', '--cfg-path', '/tmp/tmpf4hcu4ch']
[2026-05-19T13:17:53.588+0000] {standard_task_runner.py:91} INFO - Job 320: Subtask gold_processing
[2026-05-19T13:17:54.100+0000] {task_command.py:426} INFO - Running <TaskInstance: medallion_gold_layer.gold_processing scheduled__2026-05-19T13:10:00+00:00 [running]> on host c43074c3fd7c
[2026-05-19T13:17:54.920+0000] {taskinstance.py:2648} INFO - Exporting env vars: AIRFLOW_CTX_DAG_OWNER='ikram' AIRFLOW_CTX_DAG_ID='medallion_gold_layer' AIRFLOW_CTX_TASK_ID='gold_processing' AIRFLOW_CTX_EXECUTION_DATE='2026-05-19T13:10:00+00:00' AIRFLOW_CTX_TRY_NUMBER='1' AIRFLOW_CTX_DAG_RUN_ID='scheduled__2026-05-19T13:10:00+00:00'
[2026-05-19T13:17:54.923+0000] {taskinstance.py:430} INFO - ::endgroup::
[2026-05-19T13:17:54.970+0000] {subprocess.py:63} INFO - Tmp dir root location: /tmp
[2026-05-19T13:17:54.974+0000] {subprocess.py:75} INFO - Running command: ['/usr/bin/bash', '-c', '\n    spark-submit     --master spark://spark-master:7077     --executor-memory 512M     --executor-cores 1     --total-executor-cores 1     --jars /opt/airflow/jars/aws-java-sdk-bundle-1.12.262.jar,/opt/airflow/jars/hadoop-aws-3.3.4.jar,/opt/airflow/jars/postgresql-42.7.3.jar     /opt/spark_jobs/gold_processor.py\n    ']
[2026-05-19T13:17:54.999+0000] {subprocess.py:86} INFO - Output:
[2026-05-19T13:17:59.531+0000] {subprocess.py:93} INFO - 26/05/19 13:17:59 WARN NativeCodeLoader: Unable to load native-hadoop library for your platform... using builtin-java classes where applicable
[2026-05-19T13:18:02.717+0000] {subprocess.py:93} INFO - 26/05/19 13:18:02 INFO SparkContext: Running Spark version 3.5.1
[2026-05-19T13:18:02.719+0000] {subprocess.py:93} INFO - 26/05/19 13:18:02 INFO SparkContext: OS info Linux, 6.6.87.2-microsoft-standard-WSL2, amd64
[2026-05-19T13:18:02.721+0000] {subprocess.py:93} INFO - 26/05/19 13:18:02 INFO SparkContext: Java version 17.0.19
[2026-05-19T13:18:02.817+0000] {subprocess.py:93} INFO - 26/05/19 13:18:02 INFO ResourceUtils: ==============================================================
[2026-05-19T13:18:02.819+0000] {subprocess.py:93} INFO - 26/05/19 13:18:02 INFO ResourceUtils: No custom resources configured for spark.driver.
[2026-05-19T13:18:02.822+0000] {subprocess.py:93} INFO - 26/05/19 13:18:02 INFO ResourceUtils: ==============================================================
[2026-05-19T13:18:02.824+0000] {subprocess.py:93} INFO - 26/05/19 13:18:02 INFO SparkContext: Submitted application: GoldLayerProcessor
[2026-05-19T13:18:02.892+0000] {subprocess.py:93} INFO - 26/05/19 13:18:02 INFO ResourceProfile: Default ResourceProfile created, executor resources: Map(cores -> name: cores, amount: 1, script: , vendor: , memory -> name: memory, amount: 512, script: , vendor: , offHeap -> name: offHeap, amount: 0, script: , vendor: ), task resources: Map(cpus -> name: cpus, amount: 1.0)
[2026-05-19T13:18:02.934+0000] {subprocess.py:93} INFO - 26/05/19 13:18:02 INFO ResourceProfile: Limiting resource is cpus at 1 tasks per executor
[2026-05-19T13:18:02.946+0000] {subprocess.py:93} INFO - 26/05/19 13:18:02 INFO ResourceProfileManager: Added ResourceProfile id: 0
[2026-05-19T13:18:03.072+0000] {subprocess.py:93} INFO - 26/05/19 13:18:03 INFO SecurityManager: Changing view acls to: airflow
[2026-05-19T13:18:03.073+0000] {subprocess.py:93} INFO - 26/05/19 13:18:03 INFO SecurityManager: Changing modify acls to: airflow
[2026-05-19T13:18:03.075+0000] {subprocess.py:93} INFO - 26/05/19 13:18:03 INFO SecurityManager: Changing view acls groups to:
[2026-05-19T13:18:03.076+0000] {subprocess.py:93} INFO - 26/05/19 13:18:03 INFO SecurityManager: Changing modify acls groups to:
[2026-05-19T13:18:03.077+0000] {subprocess.py:93} INFO - 26/05/19 13:18:03 INFO SecurityManager: SecurityManager: authentication disabled; ui acls disabled; users with view permissions: airflow; groups with view permissions: EMPTY; users with modify permissions: airflow; groups with modify permissions: EMPTY
[2026-05-19T13:18:03.504+0000] {subprocess.py:93} INFO - 26/05/19 13:18:03 INFO Utils: Successfully started service 'sparkDriver' on port 45619.
[2026-05-19T13:18:03.587+0000] {subprocess.py:93} INFO - 26/05/19 13:18:03 INFO SparkEnv: Registering MapOutputTracker
[2026-05-19T13:18:03.653+0000] {subprocess.py:93} INFO - 26/05/19 13:18:03 INFO SparkEnv: Registering BlockManagerMaster
[2026-05-19T13:18:03.681+0000] {subprocess.py:93} INFO - 26/05/19 13:18:03 INFO BlockManagerMasterEndpoint: Using org.apache.spark.storage.DefaultTopologyMapper for getting topology information
[2026-05-19T13:18:03.682+0000] {subprocess.py:93} INFO - 26/05/19 13:18:03 INFO BlockManagerMasterEndpoint: BlockManagerMasterEndpoint up
[2026-05-19T13:18:03.692+0000] {subprocess.py:93} INFO - 26/05/19 13:18:03 INFO SparkEnv: Registering BlockManagerMasterHeartbeat
[2026-05-19T13:18:03.722+0000] {subprocess.py:93} INFO - 26/05/19 13:18:03 INFO DiskBlockManager: Created local directory at /tmp/blockmgr-68063ed9-4d49-4a12-ba34-557c491b58cb
[2026-05-19T13:18:03.741+0000] {subprocess.py:93} INFO - 26/05/19 13:18:03 INFO MemoryStore: MemoryStore started with capacity 434.4 MiB
[2026-05-19T13:18:03.789+0000] {subprocess.py:93} INFO - 26/05/19 13:18:03 INFO SparkEnv: Registering OutputCommitCoordinator
[2026-05-19T13:18:04.026+0000] {subprocess.py:93} INFO - 26/05/19 13:18:04 INFO JettyUtils: Start Jetty 0.0.0.0:4040 for SparkUI
[2026-05-19T13:18:04.182+0000] {subprocess.py:93} INFO - 26/05/19 13:18:04 INFO Utils: Successfully started service 'SparkUI' on port 4040.
[2026-05-19T13:18:04.269+0000] {subprocess.py:93} INFO - 26/05/19 13:18:04 INFO SparkContext: Added JAR file:///opt/airflow/jars/aws-java-sdk-bundle-1.12.262.jar at spark://c43074c3fd7c:45619/jars/aws-java-sdk-bundle-1.12.262.jar with timestamp 1779196682694
[2026-05-19T13:18:04.271+0000] {subprocess.py:93} INFO - 26/05/19 13:18:04 INFO SparkContext: Added JAR file:///opt/airflow/jars/hadoop-aws-3.3.4.jar at spark://c43074c3fd7c:45619/jars/hadoop-aws-3.3.4.jar with timestamp 1779196682694
[2026-05-19T13:18:04.273+0000] {subprocess.py:93} INFO - 26/05/19 13:18:04 INFO SparkContext: Added JAR file:///opt/airflow/jars/postgresql-42.7.3.jar at spark://c43074c3fd7c:45619/jars/postgresql-42.7.3.jar with timestamp 1779196682694
[2026-05-19T13:18:04.419+0000] {subprocess.py:93} INFO - 26/05/19 13:18:04 INFO StandaloneAppClient$ClientEndpoint: Connecting to master spark://spark-master:7077...
[2026-05-19T13:18:04.485+0000] {subprocess.py:93} INFO - 26/05/19 13:18:04 INFO TransportClientFactory: Successfully created connection to spark-master/172.18.0.4:7077 after 38 ms (0 ms spent in bootstraps)
[2026-05-19T13:18:04.658+0000] {subprocess.py:93} INFO - 26/05/19 13:18:04 INFO StandaloneSchedulerBackend: Connected to Spark cluster with app ID app-20260519131804-0046
[2026-05-19T13:18:04.666+0000] {subprocess.py:93} INFO - 26/05/19 13:18:04 INFO StandaloneAppClient$ClientEndpoint: Executor added: app-20260519131804-0046/0 on worker-20260518211503-172.18.0.3-40747 (172.18.0.3:40747) with 1 core(s)
[2026-05-19T13:18:04.674+0000] {subprocess.py:93} INFO - 26/05/19 13:18:04 INFO StandaloneSchedulerBackend: Granted executor ID app-20260519131804-0046/0 on hostPort 172.18.0.3:40747 with 1 core(s), 512.0 MiB RAM
[2026-05-19T13:18:04.690+0000] {subprocess.py:93} INFO - 26/05/19 13:18:04 INFO Utils: Successfully started service 'org.apache.spark.network.netty.NettyBlockTransferService' on port 40709.
[2026-05-19T13:18:04.691+0000] {subprocess.py:93} INFO - 26/05/19 13:18:04 INFO NettyBlockTransferService: Server created on c43074c3fd7c:40709
[2026-05-19T13:18:04.695+0000] {subprocess.py:93} INFO - 26/05/19 13:18:04 INFO BlockManager: Using org.apache.spark.storage.RandomBlockReplicationPolicy for block replication policy
[2026-05-19T13:18:04.707+0000] {subprocess.py:93} INFO - 26/05/19 13:18:04 INFO BlockManagerMaster: Registering BlockManager BlockManagerId(driver, c43074c3fd7c, 40709, None)
[2026-05-19T13:18:04.719+0000] {subprocess.py:93} INFO - 26/05/19 13:18:04 INFO BlockManagerMasterEndpoint: Registering block manager c43074c3fd7c:40709 with 434.4 MiB RAM, BlockManagerId(driver, c43074c3fd7c, 40709, None)
[2026-05-19T13:18:04.721+0000] {subprocess.py:93} INFO - 26/05/19 13:18:04 INFO BlockManagerMaster: Registered BlockManager BlockManagerId(driver, c43074c3fd7c, 40709, None)
[2026-05-19T13:18:04.724+0000] {subprocess.py:93} INFO - 26/05/19 13:18:04 INFO BlockManager: Initialized BlockManager: BlockManagerId(driver, c43074c3fd7c, 40709, None)
[2026-05-19T13:18:04.746+0000] {subprocess.py:93} INFO - 26/05/19 13:18:04 INFO StandaloneAppClient$ClientEndpoint: Executor updated: app-20260519131804-0046/0 is now RUNNING
[2026-05-19T13:18:05.125+0000] {subprocess.py:93} INFO - 26/05/19 13:18:05 INFO StandaloneSchedulerBackend: SchedulerBackend is ready for scheduling beginning after reached minRegisteredResourcesRatio: 0.0
[2026-05-19T13:18:07.497+0000] {subprocess.py:93} INFO - 26/05/19 13:18:07 WARN MetricsConfig: Cannot locate configuration: tried hadoop-metrics2-s3a-file-system.properties,hadoop-metrics2.properties
[2026-05-19T13:18:25.445+0000] {subprocess.py:93} INFO - Lecture SILVER terminée
[2026-05-19T13:19:08.943+0000] {subprocess.py:93} INFO - Table articles_par_jour créée
[2026-05-19T13:19:44.036+0000] {subprocess.py:93} INFO - Table articles_par_source créée
[2026-05-19T13:20:14.823+0000] {subprocess.py:93} INFO - Table top_categories créée
[2026-05-19T13:20:43.954+0000] {subprocess.py:93} INFO - Table articles_par_source_jour créée
[2026-05-19T13:20:43.955+0000] {subprocess.py:93} INFO - 
[2026-05-19T13:20:43.956+0000] {subprocess.py:93} INFO - ==============================
[2026-05-19T13:20:43.958+0000] {subprocess.py:93} INFO - GOLD LAYER TERMINÉ
[2026-05-19T13:20:43.959+0000] {subprocess.py:93} INFO - ==============================
[2026-05-19T13:20:44.525+0000] {subprocess.py:97} INFO - Command exited with return code 0
[2026-05-19T13:20:44.527+0000] {taskinstance.py:441} INFO - ::group::Post task execution logs
[2026-05-19T13:20:45.842+0000] {taskinstance.py:1206} INFO - Marking task as SUCCESS. dag_id=medallion_gold_layer, task_id=gold_processing, run_id=scheduled__2026-05-19T13:10:00+00:00, execution_date=20260519T131000, start_date=20260519T131753, end_date=20260519T132045
[2026-05-19T13:20:45.996+0000] {local_task_job_runner.py:240} INFO - Task exited with return code 0
[2026-05-19T13:20:46.071+0000] {taskinstance.py:3498} INFO - 0 downstream tasks scheduled from follow-on schedule check
[2026-05-19T13:20:46.086+0000] {local_task_job_runner.py:222} INFO - ::endgroup::
