[2026-05-15T23:15:19.777+0000] {local_task_job_runner.py:120} INFO - ::group::Pre task execution logs
[2026-05-15T23:15:19.853+0000] {taskinstance.py:2076} INFO - Dependencies all met for dep_context=non-requeueable deps ti=<TaskInstance: medallion_gold_layer.gold_processing scheduled__2026-05-15T23:10:00+00:00 [queued]>
[2026-05-15T23:15:19.870+0000] {taskinstance.py:2076} INFO - Dependencies all met for dep_context=requeueable deps ti=<TaskInstance: medallion_gold_layer.gold_processing scheduled__2026-05-15T23:10:00+00:00 [queued]>
[2026-05-15T23:15:19.871+0000] {taskinstance.py:2306} INFO - Starting attempt 1 of 2
[2026-05-15T23:15:19.894+0000] {taskinstance.py:2330} INFO - Executing <Task(BashOperator): gold_processing> on 2026-05-15 23:10:00+00:00
[2026-05-15T23:15:19.899+0000] {standard_task_runner.py:63} INFO - Started process 31021 to run task
[2026-05-15T23:15:19.902+0000] {standard_task_runner.py:90} INFO - Running: ['airflow', 'tasks', 'run', 'medallion_gold_layer', 'gold_processing', 'scheduled__2026-05-15T23:10:00+00:00', '--job-id', '84', '--raw', '--subdir', 'DAGS_FOLDER/gold_layer_dag.py', '--cfg-path', '/tmp/tmprmumcvml']
[2026-05-15T23:15:19.904+0000] {standard_task_runner.py:91} INFO - Job 84: Subtask gold_processing
[2026-05-15T23:15:20.041+0000] {task_command.py:426} INFO - Running <TaskInstance: medallion_gold_layer.gold_processing scheduled__2026-05-15T23:10:00+00:00 [running]> on host e8a9653e4a1b
[2026-05-15T23:15:20.249+0000] {taskinstance.py:2648} INFO - Exporting env vars: AIRFLOW_CTX_DAG_OWNER='anass' AIRFLOW_CTX_DAG_ID='medallion_gold_layer' AIRFLOW_CTX_TASK_ID='gold_processing' AIRFLOW_CTX_EXECUTION_DATE='2026-05-15T23:10:00+00:00' AIRFLOW_CTX_TRY_NUMBER='1' AIRFLOW_CTX_DAG_RUN_ID='scheduled__2026-05-15T23:10:00+00:00'
[2026-05-15T23:15:20.250+0000] {taskinstance.py:430} INFO - ::endgroup::
[2026-05-15T23:15:20.261+0000] {subprocess.py:63} INFO - Tmp dir root location: /tmp
[2026-05-15T23:15:20.262+0000] {subprocess.py:75} INFO - Running command: ['/usr/bin/bash', '-c', '\n    spark-submit     --master spark://spark-master:7077     --executor-memory 512M     --executor-cores 1     --total-executor-cores 1     --jars /opt/airflow/jars/aws-java-sdk-bundle-1.12.262.jar,/opt/airflow/jars/hadoop-aws-3.3.4.jar,/opt/airflow/jars/postgresql-42.7.3.jar     /opt/spark_jobs/gold_processor.py\n    ']
[2026-05-15T23:15:20.271+0000] {subprocess.py:86} INFO - Output:
[2026-05-15T23:15:21.927+0000] {subprocess.py:93} INFO - 26/05/15 23:15:21 WARN NativeCodeLoader: Unable to load native-hadoop library for your platform... using builtin-java classes where applicable
[2026-05-15T23:15:23.112+0000] {subprocess.py:93} INFO - 26/05/15 23:15:23 INFO SparkContext: Running Spark version 3.5.1
[2026-05-15T23:15:23.113+0000] {subprocess.py:93} INFO - 26/05/15 23:15:23 INFO SparkContext: OS info Linux, 6.6.87.2-microsoft-standard-WSL2, amd64
[2026-05-15T23:15:23.113+0000] {subprocess.py:93} INFO - 26/05/15 23:15:23 INFO SparkContext: Java version 17.0.19
[2026-05-15T23:15:23.142+0000] {subprocess.py:93} INFO - 26/05/15 23:15:23 INFO ResourceUtils: ==============================================================
[2026-05-15T23:15:23.143+0000] {subprocess.py:93} INFO - 26/05/15 23:15:23 INFO ResourceUtils: No custom resources configured for spark.driver.
[2026-05-15T23:15:23.143+0000] {subprocess.py:93} INFO - 26/05/15 23:15:23 INFO ResourceUtils: ==============================================================
[2026-05-15T23:15:23.144+0000] {subprocess.py:93} INFO - 26/05/15 23:15:23 INFO SparkContext: Submitted application: GoldLayerProcessor
[2026-05-15T23:15:23.168+0000] {subprocess.py:93} INFO - 26/05/15 23:15:23 INFO ResourceProfile: Default ResourceProfile created, executor resources: Map(cores -> name: cores, amount: 1, script: , vendor: , memory -> name: memory, amount: 512, script: , vendor: , offHeap -> name: offHeap, amount: 0, script: , vendor: ), task resources: Map(cpus -> name: cpus, amount: 1.0)
[2026-05-15T23:15:23.177+0000] {subprocess.py:93} INFO - 26/05/15 23:15:23 INFO ResourceProfile: Limiting resource is cpus at 1 tasks per executor
[2026-05-15T23:15:23.179+0000] {subprocess.py:93} INFO - 26/05/15 23:15:23 INFO ResourceProfileManager: Added ResourceProfile id: 0
[2026-05-15T23:15:23.228+0000] {subprocess.py:93} INFO - 26/05/15 23:15:23 INFO SecurityManager: Changing view acls to: airflow
[2026-05-15T23:15:23.229+0000] {subprocess.py:93} INFO - 26/05/15 23:15:23 INFO SecurityManager: Changing modify acls to: airflow
[2026-05-15T23:15:23.230+0000] {subprocess.py:93} INFO - 26/05/15 23:15:23 INFO SecurityManager: Changing view acls groups to:
[2026-05-15T23:15:23.230+0000] {subprocess.py:93} INFO - 26/05/15 23:15:23 INFO SecurityManager: Changing modify acls groups to:
[2026-05-15T23:15:23.231+0000] {subprocess.py:93} INFO - 26/05/15 23:15:23 INFO SecurityManager: SecurityManager: authentication disabled; ui acls disabled; users with view permissions: airflow; groups with view permissions: EMPTY; users with modify permissions: airflow; groups with modify permissions: EMPTY
[2026-05-15T23:15:23.446+0000] {subprocess.py:93} INFO - 26/05/15 23:15:23 INFO Utils: Successfully started service 'sparkDriver' on port 44129.
[2026-05-15T23:15:23.472+0000] {subprocess.py:93} INFO - 26/05/15 23:15:23 INFO SparkEnv: Registering MapOutputTracker
[2026-05-15T23:15:23.509+0000] {subprocess.py:93} INFO - 26/05/15 23:15:23 INFO SparkEnv: Registering BlockManagerMaster
[2026-05-15T23:15:23.532+0000] {subprocess.py:93} INFO - 26/05/15 23:15:23 INFO BlockManagerMasterEndpoint: Using org.apache.spark.storage.DefaultTopologyMapper for getting topology information
[2026-05-15T23:15:23.533+0000] {subprocess.py:93} INFO - 26/05/15 23:15:23 INFO BlockManagerMasterEndpoint: BlockManagerMasterEndpoint up
[2026-05-15T23:15:23.540+0000] {subprocess.py:93} INFO - 26/05/15 23:15:23 INFO SparkEnv: Registering BlockManagerMasterHeartbeat
[2026-05-15T23:15:23.562+0000] {subprocess.py:93} INFO - 26/05/15 23:15:23 INFO DiskBlockManager: Created local directory at /tmp/blockmgr-e231f2f7-03e6-45f5-8cff-880bab10ad36
[2026-05-15T23:15:23.580+0000] {subprocess.py:93} INFO - 26/05/15 23:15:23 INFO MemoryStore: MemoryStore started with capacity 434.4 MiB
[2026-05-15T23:15:23.608+0000] {subprocess.py:93} INFO - 26/05/15 23:15:23 INFO SparkEnv: Registering OutputCommitCoordinator
[2026-05-15T23:15:23.733+0000] {subprocess.py:93} INFO - 26/05/15 23:15:23 INFO JettyUtils: Start Jetty 0.0.0.0:4040 for SparkUI
[2026-05-15T23:15:23.808+0000] {subprocess.py:93} INFO - 26/05/15 23:15:23 INFO Utils: Successfully started service 'SparkUI' on port 4040.
[2026-05-15T23:15:23.843+0000] {subprocess.py:93} INFO - 26/05/15 23:15:23 INFO SparkContext: Added JAR file:///opt/airflow/jars/aws-java-sdk-bundle-1.12.262.jar at spark://e8a9653e4a1b:44129/jars/aws-java-sdk-bundle-1.12.262.jar with timestamp 1778886923104
[2026-05-15T23:15:23.844+0000] {subprocess.py:93} INFO - 26/05/15 23:15:23 INFO SparkContext: Added JAR file:///opt/airflow/jars/hadoop-aws-3.3.4.jar at spark://e8a9653e4a1b:44129/jars/hadoop-aws-3.3.4.jar with timestamp 1778886923104
[2026-05-15T23:15:23.844+0000] {subprocess.py:93} INFO - 26/05/15 23:15:23 INFO SparkContext: Added JAR file:///opt/airflow/jars/postgresql-42.7.3.jar at spark://e8a9653e4a1b:44129/jars/postgresql-42.7.3.jar with timestamp 1778886923104
[2026-05-15T23:15:23.913+0000] {subprocess.py:93} INFO - 26/05/15 23:15:23 INFO StandaloneAppClient$ClientEndpoint: Connecting to master spark://spark-master:7077...
[2026-05-15T23:15:23.948+0000] {subprocess.py:93} INFO - 26/05/15 23:15:23 INFO TransportClientFactory: Successfully created connection to spark-master/172.18.0.6:7077 after 18 ms (0 ms spent in bootstraps)
[2026-05-15T23:15:24.021+0000] {subprocess.py:93} INFO - 26/05/15 23:15:24 INFO StandaloneSchedulerBackend: Connected to Spark cluster with app ID app-20260515231524-0083
[2026-05-15T23:15:24.023+0000] {subprocess.py:93} INFO - 26/05/15 23:15:24 INFO StandaloneAppClient$ClientEndpoint: Executor added: app-20260515231524-0083/0 on worker-20260514105200-172.18.0.13-40347 (172.18.0.13:40347) with 1 core(s)
[2026-05-15T23:15:24.025+0000] {subprocess.py:93} INFO - 26/05/15 23:15:24 INFO StandaloneSchedulerBackend: Granted executor ID app-20260515231524-0083/0 on hostPort 172.18.0.13:40347 with 1 core(s), 512.0 MiB RAM
[2026-05-15T23:15:24.028+0000] {subprocess.py:93} INFO - 26/05/15 23:15:24 INFO Utils: Successfully started service 'org.apache.spark.network.netty.NettyBlockTransferService' on port 35585.
[2026-05-15T23:15:24.029+0000] {subprocess.py:93} INFO - 26/05/15 23:15:24 INFO NettyBlockTransferService: Server created on e8a9653e4a1b:35585
[2026-05-15T23:15:24.030+0000] {subprocess.py:93} INFO - 26/05/15 23:15:24 INFO BlockManager: Using org.apache.spark.storage.RandomBlockReplicationPolicy for block replication policy
[2026-05-15T23:15:24.035+0000] {subprocess.py:93} INFO - 26/05/15 23:15:24 INFO BlockManagerMaster: Registering BlockManager BlockManagerId(driver, e8a9653e4a1b, 35585, None)
[2026-05-15T23:15:24.037+0000] {subprocess.py:93} INFO - 26/05/15 23:15:24 INFO BlockManagerMasterEndpoint: Registering block manager e8a9653e4a1b:35585 with 434.4 MiB RAM, BlockManagerId(driver, e8a9653e4a1b, 35585, None)
[2026-05-15T23:15:24.039+0000] {subprocess.py:93} INFO - 26/05/15 23:15:24 INFO BlockManagerMaster: Registered BlockManager BlockManagerId(driver, e8a9653e4a1b, 35585, None)
[2026-05-15T23:15:24.039+0000] {subprocess.py:93} INFO - 26/05/15 23:15:24 INFO BlockManager: Initialized BlockManager: BlockManagerId(driver, e8a9653e4a1b, 35585, None)
[2026-05-15T23:15:24.078+0000] {subprocess.py:93} INFO - 26/05/15 23:15:24 INFO StandaloneAppClient$ClientEndpoint: Executor updated: app-20260515231524-0083/0 is now RUNNING
[2026-05-15T23:15:24.221+0000] {subprocess.py:93} INFO - 26/05/15 23:15:24 INFO StandaloneSchedulerBackend: SchedulerBackend is ready for scheduling beginning after reached minRegisteredResourcesRatio: 0.0
[2026-05-15T23:15:25.240+0000] {subprocess.py:93} INFO - 26/05/15 23:15:25 WARN MetricsConfig: Cannot locate configuration: tried hadoop-metrics2-s3a-file-system.properties,hadoop-metrics2.properties
[2026-05-15T23:15:29.453+0000] {subprocess.py:93} INFO - Lecture SILVER terminée
[2026-05-15T23:15:35.809+0000] {subprocess.py:93} INFO - Table articles_par_jour créée
[2026-05-15T23:15:40.140+0000] {subprocess.py:93} INFO - Table articles_par_source créée
[2026-05-15T23:15:43.923+0000] {subprocess.py:93} INFO - Table top_categories créée
[2026-05-15T23:15:47.375+0000] {subprocess.py:93} INFO - Table articles_par_source_jour créée
[2026-05-15T23:15:47.379+0000] {subprocess.py:93} INFO - 
[2026-05-15T23:15:47.379+0000] {subprocess.py:93} INFO - ==============================
[2026-05-15T23:15:47.380+0000] {subprocess.py:93} INFO - GOLD LAYER TERMINÉ
[2026-05-15T23:15:47.380+0000] {subprocess.py:93} INFO - ==============================
[2026-05-15T23:15:47.855+0000] {subprocess.py:97} INFO - Command exited with return code 0
[2026-05-15T23:15:47.857+0000] {taskinstance.py:441} INFO - ::group::Post task execution logs
[2026-05-15T23:15:48.065+0000] {taskinstance.py:1206} INFO - Marking task as SUCCESS. dag_id=medallion_gold_layer, task_id=gold_processing, run_id=scheduled__2026-05-15T23:10:00+00:00, execution_date=20260515T231000, start_date=20260515T231519, end_date=20260515T231548
[2026-05-15T23:15:48.135+0000] {local_task_job_runner.py:240} INFO - Task exited with return code 0
[2026-05-15T23:15:48.162+0000] {taskinstance.py:3498} INFO - 0 downstream tasks scheduled from follow-on schedule check
[2026-05-15T23:15:48.170+0000] {local_task_job_runner.py:222} INFO - ::endgroup::
