[2026-05-18T14:10:00.739+0000] {local_task_job_runner.py:120} INFO - ::group::Pre task execution logs
[2026-05-18T14:10:00.807+0000] {taskinstance.py:2076} INFO - Dependencies all met for dep_context=non-requeueable deps ti=<TaskInstance: medallion_gold_layer.gold_processing scheduled__2026-05-18T14:05:00+00:00 [queued]>
[2026-05-18T14:10:00.815+0000] {taskinstance.py:2076} INFO - Dependencies all met for dep_context=requeueable deps ti=<TaskInstance: medallion_gold_layer.gold_processing scheduled__2026-05-18T14:05:00+00:00 [queued]>
[2026-05-18T14:10:00.816+0000] {taskinstance.py:2306} INFO - Starting attempt 1 of 2
[2026-05-18T14:10:00.829+0000] {taskinstance.py:2330} INFO - Executing <Task(BashOperator): gold_processing> on 2026-05-18 14:05:00+00:00
[2026-05-18T14:10:00.833+0000] {standard_task_runner.py:63} INFO - Started process 87278 to run task
[2026-05-18T14:10:00.836+0000] {standard_task_runner.py:90} INFO - Running: ['airflow', 'tasks', 'run', 'medallion_gold_layer', 'gold_processing', 'scheduled__2026-05-18T14:05:00+00:00', '--job-id', '227', '--raw', '--subdir', 'DAGS_FOLDER/gold_layer_dag.py', '--cfg-path', '/tmp/tmpc89qojwp']
[2026-05-18T14:10:00.838+0000] {standard_task_runner.py:91} INFO - Job 227: Subtask gold_processing
[2026-05-18T14:10:01.000+0000] {task_command.py:426} INFO - Running <TaskInstance: medallion_gold_layer.gold_processing scheduled__2026-05-18T14:05:00+00:00 [running]> on host e8a9653e4a1b
[2026-05-18T14:10:01.255+0000] {taskinstance.py:2648} INFO - Exporting env vars: AIRFLOW_CTX_DAG_OWNER='anass' AIRFLOW_CTX_DAG_ID='medallion_gold_layer' AIRFLOW_CTX_TASK_ID='gold_processing' AIRFLOW_CTX_EXECUTION_DATE='2026-05-18T14:05:00+00:00' AIRFLOW_CTX_TRY_NUMBER='1' AIRFLOW_CTX_DAG_RUN_ID='scheduled__2026-05-18T14:05:00+00:00'
[2026-05-18T14:10:01.256+0000] {taskinstance.py:430} INFO - ::endgroup::
[2026-05-18T14:10:01.267+0000] {subprocess.py:63} INFO - Tmp dir root location: /tmp
[2026-05-18T14:10:01.268+0000] {subprocess.py:75} INFO - Running command: ['/usr/bin/bash', '-c', '\n    spark-submit     --master spark://spark-master:7077     --executor-memory 512M     --executor-cores 1     --total-executor-cores 1     --jars /opt/airflow/jars/aws-java-sdk-bundle-1.12.262.jar,/opt/airflow/jars/hadoop-aws-3.3.4.jar,/opt/airflow/jars/postgresql-42.7.3.jar     /opt/spark_jobs/gold_processor.py\n    ']
[2026-05-18T14:10:01.275+0000] {subprocess.py:86} INFO - Output:
[2026-05-18T14:10:02.973+0000] {subprocess.py:93} INFO - 26/05/18 14:10:02 WARN NativeCodeLoader: Unable to load native-hadoop library for your platform... using builtin-java classes where applicable
[2026-05-18T14:10:04.339+0000] {subprocess.py:93} INFO - 26/05/18 14:10:04 INFO SparkContext: Running Spark version 3.5.1
[2026-05-18T14:10:04.339+0000] {subprocess.py:93} INFO - 26/05/18 14:10:04 INFO SparkContext: OS info Linux, 6.6.87.2-microsoft-standard-WSL2, amd64
[2026-05-18T14:10:04.340+0000] {subprocess.py:93} INFO - 26/05/18 14:10:04 INFO SparkContext: Java version 17.0.19
[2026-05-18T14:10:04.370+0000] {subprocess.py:93} INFO - 26/05/18 14:10:04 INFO ResourceUtils: ==============================================================
[2026-05-18T14:10:04.371+0000] {subprocess.py:93} INFO - 26/05/18 14:10:04 INFO ResourceUtils: No custom resources configured for spark.driver.
[2026-05-18T14:10:04.371+0000] {subprocess.py:93} INFO - 26/05/18 14:10:04 INFO ResourceUtils: ==============================================================
[2026-05-18T14:10:04.372+0000] {subprocess.py:93} INFO - 26/05/18 14:10:04 INFO SparkContext: Submitted application: GoldLayerProcessor
[2026-05-18T14:10:04.387+0000] {subprocess.py:93} INFO - 26/05/18 14:10:04 INFO ResourceProfile: Default ResourceProfile created, executor resources: Map(cores -> name: cores, amount: 1, script: , vendor: , memory -> name: memory, amount: 512, script: , vendor: , offHeap -> name: offHeap, amount: 0, script: , vendor: ), task resources: Map(cpus -> name: cpus, amount: 1.0)
[2026-05-18T14:10:04.400+0000] {subprocess.py:93} INFO - 26/05/18 14:10:04 INFO ResourceProfile: Limiting resource is cpus at 1 tasks per executor
[2026-05-18T14:10:04.403+0000] {subprocess.py:93} INFO - 26/05/18 14:10:04 INFO ResourceProfileManager: Added ResourceProfile id: 0
[2026-05-18T14:10:04.470+0000] {subprocess.py:93} INFO - 26/05/18 14:10:04 INFO SecurityManager: Changing view acls to: airflow
[2026-05-18T14:10:04.471+0000] {subprocess.py:93} INFO - 26/05/18 14:10:04 INFO SecurityManager: Changing modify acls to: airflow
[2026-05-18T14:10:04.472+0000] {subprocess.py:93} INFO - 26/05/18 14:10:04 INFO SecurityManager: Changing view acls groups to:
[2026-05-18T14:10:04.472+0000] {subprocess.py:93} INFO - 26/05/18 14:10:04 INFO SecurityManager: Changing modify acls groups to:
[2026-05-18T14:10:04.473+0000] {subprocess.py:93} INFO - 26/05/18 14:10:04 INFO SecurityManager: SecurityManager: authentication disabled; ui acls disabled; users with view permissions: airflow; groups with view permissions: EMPTY; users with modify permissions: airflow; groups with modify permissions: EMPTY
[2026-05-18T14:10:04.938+0000] {subprocess.py:93} INFO - 26/05/18 14:10:04 INFO Utils: Successfully started service 'sparkDriver' on port 34993.
[2026-05-18T14:10:04.980+0000] {subprocess.py:93} INFO - 26/05/18 14:10:04 INFO SparkEnv: Registering MapOutputTracker
[2026-05-18T14:10:05.032+0000] {subprocess.py:93} INFO - 26/05/18 14:10:05 INFO SparkEnv: Registering BlockManagerMaster
[2026-05-18T14:10:05.058+0000] {subprocess.py:93} INFO - 26/05/18 14:10:05 INFO BlockManagerMasterEndpoint: Using org.apache.spark.storage.DefaultTopologyMapper for getting topology information
[2026-05-18T14:10:05.059+0000] {subprocess.py:93} INFO - 26/05/18 14:10:05 INFO BlockManagerMasterEndpoint: BlockManagerMasterEndpoint up
[2026-05-18T14:10:05.065+0000] {subprocess.py:93} INFO - 26/05/18 14:10:05 INFO SparkEnv: Registering BlockManagerMasterHeartbeat
[2026-05-18T14:10:05.088+0000] {subprocess.py:93} INFO - 26/05/18 14:10:05 INFO DiskBlockManager: Created local directory at /tmp/blockmgr-1315edef-3167-441b-90f9-011ab04354ea
[2026-05-18T14:10:05.104+0000] {subprocess.py:93} INFO - 26/05/18 14:10:05 INFO MemoryStore: MemoryStore started with capacity 434.4 MiB
[2026-05-18T14:10:05.126+0000] {subprocess.py:93} INFO - 26/05/18 14:10:05 INFO SparkEnv: Registering OutputCommitCoordinator
[2026-05-18T14:10:05.292+0000] {subprocess.py:93} INFO - 26/05/18 14:10:05 INFO JettyUtils: Start Jetty 0.0.0.0:4040 for SparkUI
[2026-05-18T14:10:05.402+0000] {subprocess.py:93} INFO - 26/05/18 14:10:05 INFO Utils: Successfully started service 'SparkUI' on port 4040.
[2026-05-18T14:10:05.456+0000] {subprocess.py:93} INFO - 26/05/18 14:10:05 INFO SparkContext: Added JAR file:///opt/airflow/jars/aws-java-sdk-bundle-1.12.262.jar at spark://e8a9653e4a1b:34993/jars/aws-java-sdk-bundle-1.12.262.jar with timestamp 1779113404332
[2026-05-18T14:10:05.458+0000] {subprocess.py:93} INFO - 26/05/18 14:10:05 INFO SparkContext: Added JAR file:///opt/airflow/jars/hadoop-aws-3.3.4.jar at spark://e8a9653e4a1b:34993/jars/hadoop-aws-3.3.4.jar with timestamp 1779113404332
[2026-05-18T14:10:05.463+0000] {subprocess.py:93} INFO - 26/05/18 14:10:05 INFO SparkContext: Added JAR file:///opt/airflow/jars/postgresql-42.7.3.jar at spark://e8a9653e4a1b:34993/jars/postgresql-42.7.3.jar with timestamp 1779113404332
