[2026-05-16T01:00:01.400+0000] {local_task_job_runner.py:120} INFO - ::group::Pre task execution logs
[2026-05-16T01:00:01.603+0000] {taskinstance.py:2076} INFO - Dependencies all met for dep_context=non-requeueable deps ti=<TaskInstance: medallion_gold_layer.gold_processing scheduled__2026-05-16T00:55:00+00:00 [queued]>
[2026-05-16T01:00:01.629+0000] {taskinstance.py:2076} INFO - Dependencies all met for dep_context=requeueable deps ti=<TaskInstance: medallion_gold_layer.gold_processing scheduled__2026-05-16T00:55:00+00:00 [queued]>
[2026-05-16T01:00:01.631+0000] {taskinstance.py:2306} INFO - Starting attempt 1 of 2
[2026-05-16T01:00:01.678+0000] {taskinstance.py:2330} INFO - Executing <Task(BashOperator): gold_processing> on 2026-05-16 00:55:00+00:00
[2026-05-16T01:00:01.695+0000] {standard_task_runner.py:63} INFO - Started process 38222 to run task
[2026-05-16T01:00:01.706+0000] {standard_task_runner.py:90} INFO - Running: ['airflow', 'tasks', 'run', 'medallion_gold_layer', 'gold_processing', 'scheduled__2026-05-16T00:55:00+00:00', '--job-id', '102', '--raw', '--subdir', 'DAGS_FOLDER/gold_layer_dag.py', '--cfg-path', '/tmp/tmpj8jeurl8']
[2026-05-16T01:00:01.716+0000] {standard_task_runner.py:91} INFO - Job 102: Subtask gold_processing
[2026-05-16T01:00:02.209+0000] {task_command.py:426} INFO - Running <TaskInstance: medallion_gold_layer.gold_processing scheduled__2026-05-16T00:55:00+00:00 [running]> on host e8a9653e4a1b
[2026-05-16T01:00:02.892+0000] {taskinstance.py:2648} INFO - Exporting env vars: AIRFLOW_CTX_DAG_OWNER='anass' AIRFLOW_CTX_DAG_ID='medallion_gold_layer' AIRFLOW_CTX_TASK_ID='gold_processing' AIRFLOW_CTX_EXECUTION_DATE='2026-05-16T00:55:00+00:00' AIRFLOW_CTX_TRY_NUMBER='1' AIRFLOW_CTX_DAG_RUN_ID='scheduled__2026-05-16T00:55:00+00:00'
[2026-05-16T01:00:02.895+0000] {taskinstance.py:430} INFO - ::endgroup::
[2026-05-16T01:00:02.947+0000] {subprocess.py:63} INFO - Tmp dir root location: /tmp
[2026-05-16T01:00:02.952+0000] {subprocess.py:75} INFO - Running command: ['/usr/bin/bash', '-c', '\n    spark-submit     --master spark://spark-master:7077     --executor-memory 512M     --executor-cores 1     --total-executor-cores 1     --jars /opt/airflow/jars/aws-java-sdk-bundle-1.12.262.jar,/opt/airflow/jars/hadoop-aws-3.3.4.jar,/opt/airflow/jars/postgresql-42.7.3.jar     /opt/spark_jobs/gold_processor.py\n    ']
[2026-05-16T01:00:02.988+0000] {subprocess.py:86} INFO - Output:
[2026-05-16T01:00:06.936+0000] {subprocess.py:93} INFO - 26/05/16 01:00:06 WARN NativeCodeLoader: Unable to load native-hadoop library for your platform... using builtin-java classes where applicable
[2026-05-16T01:00:10.163+0000] {subprocess.py:93} INFO - 26/05/16 01:00:10 INFO SparkContext: Running Spark version 3.5.1
[2026-05-16T01:00:10.165+0000] {subprocess.py:93} INFO - 26/05/16 01:00:10 INFO SparkContext: OS info Linux, 6.6.87.2-microsoft-standard-WSL2, amd64
[2026-05-16T01:00:10.167+0000] {subprocess.py:93} INFO - 26/05/16 01:00:10 INFO SparkContext: Java version 17.0.19
[2026-05-16T01:00:10.286+0000] {subprocess.py:93} INFO - 26/05/16 01:00:10 INFO ResourceUtils: ==============================================================
[2026-05-16T01:00:10.290+0000] {subprocess.py:93} INFO - 26/05/16 01:00:10 INFO ResourceUtils: No custom resources configured for spark.driver.
[2026-05-16T01:00:10.293+0000] {subprocess.py:93} INFO - 26/05/16 01:00:10 INFO ResourceUtils: ==============================================================
[2026-05-16T01:00:10.295+0000] {subprocess.py:93} INFO - 26/05/16 01:00:10 INFO SparkContext: Submitted application: GoldLayerProcessor
[2026-05-16T01:00:10.382+0000] {subprocess.py:93} INFO - 26/05/16 01:00:10 INFO ResourceProfile: Default ResourceProfile created, executor resources: Map(cores -> name: cores, amount: 1, script: , vendor: , memory -> name: memory, amount: 512, script: , vendor: , offHeap -> name: offHeap, amount: 0, script: , vendor: ), task resources: Map(cpus -> name: cpus, amount: 1.0)
[2026-05-16T01:00:10.427+0000] {subprocess.py:93} INFO - 26/05/16 01:00:10 INFO ResourceProfile: Limiting resource is cpus at 1 tasks per executor
[2026-05-16T01:00:10.435+0000] {subprocess.py:93} INFO - 26/05/16 01:00:10 INFO ResourceProfileManager: Added ResourceProfile id: 0
[2026-05-16T01:00:10.553+0000] {subprocess.py:93} INFO - 26/05/16 01:00:10 INFO SecurityManager: Changing view acls to: airflow
[2026-05-16T01:00:10.554+0000] {subprocess.py:93} INFO - 26/05/16 01:00:10 INFO SecurityManager: Changing modify acls to: airflow
[2026-05-16T01:00:10.556+0000] {subprocess.py:93} INFO - 26/05/16 01:00:10 INFO SecurityManager: Changing view acls groups to:
[2026-05-16T01:00:10.557+0000] {subprocess.py:93} INFO - 26/05/16 01:00:10 INFO SecurityManager: Changing modify acls groups to:
[2026-05-16T01:00:10.558+0000] {subprocess.py:93} INFO - 26/05/16 01:00:10 INFO SecurityManager: SecurityManager: authentication disabled; ui acls disabled; users with view permissions: airflow; groups with view permissions: EMPTY; users with modify permissions: airflow; groups with modify permissions: EMPTY
[2026-05-16T01:00:11.126+0000] {subprocess.py:93} INFO - 26/05/16 01:00:11 INFO Utils: Successfully started service 'sparkDriver' on port 35195.
[2026-05-16T01:00:11.218+0000] {subprocess.py:93} INFO - 26/05/16 01:00:11 INFO SparkEnv: Registering MapOutputTracker
[2026-05-16T01:00:11.293+0000] {subprocess.py:93} INFO - 26/05/16 01:00:11 INFO SparkEnv: Registering BlockManagerMaster
[2026-05-16T01:00:11.362+0000] {subprocess.py:93} INFO - 26/05/16 01:00:11 INFO BlockManagerMasterEndpoint: Using org.apache.spark.storage.DefaultTopologyMapper for getting topology information
[2026-05-16T01:00:11.364+0000] {subprocess.py:93} INFO - 26/05/16 01:00:11 INFO BlockManagerMasterEndpoint: BlockManagerMasterEndpoint up
[2026-05-16T01:00:11.381+0000] {subprocess.py:93} INFO - 26/05/16 01:00:11 INFO SparkEnv: Registering BlockManagerMasterHeartbeat
[2026-05-16T01:00:11.468+0000] {subprocess.py:93} INFO - 26/05/16 01:00:11 INFO DiskBlockManager: Created local directory at /tmp/blockmgr-70f67d70-0bd0-4f66-8e41-09b8e6c704ae
[2026-05-16T01:00:11.513+0000] {subprocess.py:93} INFO - 26/05/16 01:00:11 INFO MemoryStore: MemoryStore started with capacity 434.4 MiB
[2026-05-16T01:00:11.545+0000] {subprocess.py:93} INFO - 26/05/16 01:00:11 INFO SparkEnv: Registering OutputCommitCoordinator
[2026-05-16T01:00:11.898+0000] {subprocess.py:93} INFO - 26/05/16 01:00:11 INFO JettyUtils: Start Jetty 0.0.0.0:4040 for SparkUI
[2026-05-16T01:00:12.104+0000] {subprocess.py:93} INFO - 26/05/16 01:00:12 INFO Utils: Successfully started service 'SparkUI' on port 4040.
[2026-05-16T01:00:12.217+0000] {subprocess.py:93} INFO - 26/05/16 01:00:12 INFO SparkContext: Added JAR file:///opt/airflow/jars/aws-java-sdk-bundle-1.12.262.jar at spark://e8a9653e4a1b:35195/jars/aws-java-sdk-bundle-1.12.262.jar with timestamp 1778893210132
[2026-05-16T01:00:12.219+0000] {subprocess.py:93} INFO - 26/05/16 01:00:12 INFO SparkContext: Added JAR file:///opt/airflow/jars/hadoop-aws-3.3.4.jar at spark://e8a9653e4a1b:35195/jars/hadoop-aws-3.3.4.jar with timestamp 1778893210132
[2026-05-16T01:00:12.220+0000] {subprocess.py:93} INFO - 26/05/16 01:00:12 INFO SparkContext: Added JAR file:///opt/airflow/jars/postgresql-42.7.3.jar at spark://e8a9653e4a1b:35195/jars/postgresql-42.7.3.jar with timestamp 1778893210132
[2026-05-16T01:00:12.390+0000] {subprocess.py:93} INFO - 26/05/16 01:00:12 INFO StandaloneAppClient$ClientEndpoint: Connecting to master spark://spark-master:7077...
[2026-05-16T01:00:12.473+0000] {subprocess.py:93} INFO - 26/05/16 01:00:12 INFO TransportClientFactory: Successfully created connection to spark-master/172.18.0.6:7077 after 46 ms (0 ms spent in bootstraps)
[2026-05-16T01:00:12.619+0000] {subprocess.py:93} INFO - 26/05/16 01:00:12 INFO StandaloneSchedulerBackend: Connected to Spark cluster with app ID app-20260516010012-0101
[2026-05-16T01:00:12.624+0000] {subprocess.py:93} INFO - 26/05/16 01:00:12 INFO StandaloneAppClient$ClientEndpoint: Executor added: app-20260516010012-0101/0 on worker-20260514105200-172.18.0.13-40347 (172.18.0.13:40347) with 1 core(s)
[2026-05-16T01:00:12.627+0000] {subprocess.py:93} INFO - 26/05/16 01:00:12 INFO StandaloneSchedulerBackend: Granted executor ID app-20260516010012-0101/0 on hostPort 172.18.0.13:40347 with 1 core(s), 512.0 MiB RAM
[2026-05-16T01:00:12.645+0000] {subprocess.py:93} INFO - 26/05/16 01:00:12 INFO Utils: Successfully started service 'org.apache.spark.network.netty.NettyBlockTransferService' on port 40181.
[2026-05-16T01:00:12.648+0000] {subprocess.py:93} INFO - 26/05/16 01:00:12 INFO NettyBlockTransferService: Server created on e8a9653e4a1b:40181
[2026-05-16T01:00:12.650+0000] {subprocess.py:93} INFO - 26/05/16 01:00:12 INFO BlockManager: Using org.apache.spark.storage.RandomBlockReplicationPolicy for block replication policy
[2026-05-16T01:00:12.664+0000] {subprocess.py:93} INFO - 26/05/16 01:00:12 INFO BlockManagerMaster: Registering BlockManager BlockManagerId(driver, e8a9653e4a1b, 40181, None)
[2026-05-16T01:00:12.674+0000] {subprocess.py:93} INFO - 26/05/16 01:00:12 INFO BlockManagerMasterEndpoint: Registering block manager e8a9653e4a1b:40181 with 434.4 MiB RAM, BlockManagerId(driver, e8a9653e4a1b, 40181, None)
[2026-05-16T01:00:12.682+0000] {subprocess.py:93} INFO - 26/05/16 01:00:12 INFO BlockManagerMaster: Registered BlockManager BlockManagerId(driver, e8a9653e4a1b, 40181, None)
[2026-05-16T01:00:12.686+0000] {subprocess.py:93} INFO - 26/05/16 01:00:12 INFO BlockManager: Initialized BlockManager: BlockManagerId(driver, e8a9653e4a1b, 40181, None)
[2026-05-16T01:00:12.734+0000] {subprocess.py:93} INFO - 26/05/16 01:00:12 INFO StandaloneAppClient$ClientEndpoint: Executor updated: app-20260516010012-0101/0 is now RUNNING
[2026-05-16T01:00:13.122+0000] {subprocess.py:93} INFO - 26/05/16 01:00:13 INFO StandaloneSchedulerBackend: SchedulerBackend is ready for scheduling beginning after reached minRegisteredResourcesRatio: 0.0
[2026-05-16T01:00:15.136+0000] {subprocess.py:93} INFO - 26/05/16 01:00:15 WARN MetricsConfig: Cannot locate configuration: tried hadoop-metrics2-s3a-file-system.properties,hadoop-metrics2.properties
[2026-05-16T01:00:25.720+0000] {subprocess.py:93} INFO - Lecture SILVER terminée
[2026-05-16T01:00:47.185+0000] {subprocess.py:93} INFO - Table articles_par_jour créée
[2026-05-16T01:01:05.762+0000] {subprocess.py:93} INFO - Table articles_par_source créée
[2026-05-16T01:01:23.236+0000] {subprocess.py:93} INFO - Table top_categories créée
[2026-05-16T01:01:38.150+0000] {subprocess.py:93} INFO - Table articles_par_source_jour créée
[2026-05-16T01:01:38.157+0000] {subprocess.py:93} INFO - 
[2026-05-16T01:01:38.159+0000] {subprocess.py:93} INFO - ==============================
[2026-05-16T01:01:38.160+0000] {subprocess.py:93} INFO - GOLD LAYER TERMINÉ
[2026-05-16T01:01:38.161+0000] {subprocess.py:93} INFO - ==============================
[2026-05-16T01:01:39.091+0000] {subprocess.py:97} INFO - Command exited with return code 0
[2026-05-16T01:01:39.095+0000] {taskinstance.py:441} INFO - ::group::Post task execution logs
[2026-05-16T01:01:39.712+0000] {taskinstance.py:1206} INFO - Marking task as SUCCESS. dag_id=medallion_gold_layer, task_id=gold_processing, run_id=scheduled__2026-05-16T00:55:00+00:00, execution_date=20260516T005500, start_date=20260516T010001, end_date=20260516T010139
[2026-05-16T01:01:39.885+0000] {local_task_job_runner.py:240} INFO - Task exited with return code 0
[2026-05-16T01:01:40.027+0000] {taskinstance.py:3498} INFO - 0 downstream tasks scheduled from follow-on schedule check
[2026-05-16T01:01:40.051+0000] {local_task_job_runner.py:222} INFO - ::endgroup::
