[2026-05-19T13:26:36.560+0000] {local_task_job_runner.py:120} INFO - ::group::Pre task execution logs
[2026-05-19T13:26:36.735+0000] {taskinstance.py:2076} INFO - Dependencies all met for dep_context=non-requeueable deps ti=<TaskInstance: medallion_gold_layer.gold_processing scheduled__2026-05-19T13:20:00+00:00 [queued]>
[2026-05-19T13:26:36.759+0000] {taskinstance.py:2076} INFO - Dependencies all met for dep_context=requeueable deps ti=<TaskInstance: medallion_gold_layer.gold_processing scheduled__2026-05-19T13:20:00+00:00 [queued]>
[2026-05-19T13:26:36.778+0000] {taskinstance.py:2306} INFO - Starting attempt 1 of 2
[2026-05-19T13:26:36.845+0000] {taskinstance.py:2330} INFO - Executing <Task(BashOperator): gold_processing> on 2026-05-19 13:20:00+00:00
[2026-05-19T13:26:36.863+0000] {standard_task_runner.py:63} INFO - Started process 14740 to run task
[2026-05-19T13:26:36.875+0000] {standard_task_runner.py:90} INFO - Running: ['airflow', 'tasks', 'run', 'medallion_gold_layer', 'gold_processing', 'scheduled__2026-05-19T13:20:00+00:00', '--job-id', '322', '--raw', '--subdir', 'DAGS_FOLDER/gold_layer_dag.py', '--cfg-path', '/tmp/tmphp9zsqtp']
[2026-05-19T13:26:36.881+0000] {standard_task_runner.py:91} INFO - Job 322: Subtask gold_processing
[2026-05-19T13:26:37.348+0000] {task_command.py:426} INFO - Running <TaskInstance: medallion_gold_layer.gold_processing scheduled__2026-05-19T13:20:00+00:00 [running]> on host c43074c3fd7c
[2026-05-19T13:26:38.175+0000] {taskinstance.py:2648} INFO - Exporting env vars: AIRFLOW_CTX_DAG_OWNER='ikram' AIRFLOW_CTX_DAG_ID='medallion_gold_layer' AIRFLOW_CTX_TASK_ID='gold_processing' AIRFLOW_CTX_EXECUTION_DATE='2026-05-19T13:20:00+00:00' AIRFLOW_CTX_TRY_NUMBER='1' AIRFLOW_CTX_DAG_RUN_ID='scheduled__2026-05-19T13:20:00+00:00'
[2026-05-19T13:26:38.178+0000] {taskinstance.py:430} INFO - ::endgroup::
[2026-05-19T13:26:38.216+0000] {subprocess.py:63} INFO - Tmp dir root location: /tmp
[2026-05-19T13:26:38.218+0000] {subprocess.py:75} INFO - Running command: ['/usr/bin/bash', '-c', '\n    spark-submit     --master spark://spark-master:7077     --executor-memory 512M     --executor-cores 1     --total-executor-cores 1     --jars /opt/airflow/jars/aws-java-sdk-bundle-1.12.262.jar,/opt/airflow/jars/hadoop-aws-3.3.4.jar,/opt/airflow/jars/postgresql-42.7.3.jar     /opt/spark_jobs/gold_processor.py\n    ']
[2026-05-19T13:26:38.248+0000] {subprocess.py:86} INFO - Output:
[2026-05-19T13:26:41.782+0000] {subprocess.py:93} INFO - 26/05/19 13:26:41 WARN NativeCodeLoader: Unable to load native-hadoop library for your platform... using builtin-java classes where applicable
[2026-05-19T13:26:43.750+0000] {subprocess.py:93} INFO - 26/05/19 13:26:43 INFO SparkContext: Running Spark version 3.5.1
[2026-05-19T13:26:43.751+0000] {subprocess.py:93} INFO - 26/05/19 13:26:43 INFO SparkContext: OS info Linux, 6.6.87.2-microsoft-standard-WSL2, amd64
[2026-05-19T13:26:43.753+0000] {subprocess.py:93} INFO - 26/05/19 13:26:43 INFO SparkContext: Java version 17.0.19
[2026-05-19T13:26:43.845+0000] {subprocess.py:93} INFO - 26/05/19 13:26:43 INFO ResourceUtils: ==============================================================
[2026-05-19T13:26:43.847+0000] {subprocess.py:93} INFO - 26/05/19 13:26:43 INFO ResourceUtils: No custom resources configured for spark.driver.
[2026-05-19T13:26:43.849+0000] {subprocess.py:93} INFO - 26/05/19 13:26:43 INFO ResourceUtils: ==============================================================
[2026-05-19T13:26:43.851+0000] {subprocess.py:93} INFO - 26/05/19 13:26:43 INFO SparkContext: Submitted application: GoldLayerProcessor
[2026-05-19T13:26:43.978+0000] {subprocess.py:93} INFO - 26/05/19 13:26:43 INFO ResourceProfile: Default ResourceProfile created, executor resources: Map(cores -> name: cores, amount: 1, script: , vendor: , memory -> name: memory, amount: 512, script: , vendor: , offHeap -> name: offHeap, amount: 0, script: , vendor: ), task resources: Map(cpus -> name: cpus, amount: 1.0)
[2026-05-19T13:26:44.002+0000] {subprocess.py:93} INFO - 26/05/19 13:26:44 INFO ResourceProfile: Limiting resource is cpus at 1 tasks per executor
[2026-05-19T13:26:44.008+0000] {subprocess.py:93} INFO - 26/05/19 13:26:44 INFO ResourceProfileManager: Added ResourceProfile id: 0
[2026-05-19T13:26:44.138+0000] {subprocess.py:93} INFO - 26/05/19 13:26:44 INFO SecurityManager: Changing view acls to: airflow
[2026-05-19T13:26:44.140+0000] {subprocess.py:93} INFO - 26/05/19 13:26:44 INFO SecurityManager: Changing modify acls to: airflow
[2026-05-19T13:26:44.142+0000] {subprocess.py:93} INFO - 26/05/19 13:26:44 INFO SecurityManager: Changing view acls groups to:
[2026-05-19T13:26:44.144+0000] {subprocess.py:93} INFO - 26/05/19 13:26:44 INFO SecurityManager: Changing modify acls groups to:
[2026-05-19T13:26:44.145+0000] {subprocess.py:93} INFO - 26/05/19 13:26:44 INFO SecurityManager: SecurityManager: authentication disabled; ui acls disabled; users with view permissions: airflow; groups with view permissions: EMPTY; users with modify permissions: airflow; groups with modify permissions: EMPTY
[2026-05-19T13:26:44.533+0000] {subprocess.py:93} INFO - 26/05/19 13:26:44 INFO Utils: Successfully started service 'sparkDriver' on port 46103.
[2026-05-19T13:26:44.586+0000] {subprocess.py:93} INFO - 26/05/19 13:26:44 INFO SparkEnv: Registering MapOutputTracker
[2026-05-19T13:26:44.646+0000] {subprocess.py:93} INFO - 26/05/19 13:26:44 INFO SparkEnv: Registering BlockManagerMaster
[2026-05-19T13:26:44.671+0000] {subprocess.py:93} INFO - 26/05/19 13:26:44 INFO BlockManagerMasterEndpoint: Using org.apache.spark.storage.DefaultTopologyMapper for getting topology information
[2026-05-19T13:26:44.673+0000] {subprocess.py:93} INFO - 26/05/19 13:26:44 INFO BlockManagerMasterEndpoint: BlockManagerMasterEndpoint up
[2026-05-19T13:26:44.686+0000] {subprocess.py:93} INFO - 26/05/19 13:26:44 INFO SparkEnv: Registering BlockManagerMasterHeartbeat
[2026-05-19T13:26:44.719+0000] {subprocess.py:93} INFO - 26/05/19 13:26:44 INFO DiskBlockManager: Created local directory at /tmp/blockmgr-b6e757e0-f84e-4bd3-adfc-b63362f7ceaa
[2026-05-19T13:26:44.741+0000] {subprocess.py:93} INFO - 26/05/19 13:26:44 INFO MemoryStore: MemoryStore started with capacity 434.4 MiB
[2026-05-19T13:26:44.765+0000] {subprocess.py:93} INFO - 26/05/19 13:26:44 INFO SparkEnv: Registering OutputCommitCoordinator
[2026-05-19T13:26:44.938+0000] {subprocess.py:93} INFO - 26/05/19 13:26:44 INFO JettyUtils: Start Jetty 0.0.0.0:4040 for SparkUI
[2026-05-19T13:26:45.132+0000] {subprocess.py:93} INFO - 26/05/19 13:26:45 INFO Utils: Successfully started service 'SparkUI' on port 4040.
[2026-05-19T13:26:45.197+0000] {subprocess.py:93} INFO - 26/05/19 13:26:45 INFO SparkContext: Added JAR file:///opt/airflow/jars/aws-java-sdk-bundle-1.12.262.jar at spark://c43074c3fd7c:46103/jars/aws-java-sdk-bundle-1.12.262.jar with timestamp 1779197203732
[2026-05-19T13:26:45.198+0000] {subprocess.py:93} INFO - 26/05/19 13:26:45 INFO SparkContext: Added JAR file:///opt/airflow/jars/hadoop-aws-3.3.4.jar at spark://c43074c3fd7c:46103/jars/hadoop-aws-3.3.4.jar with timestamp 1779197203732
[2026-05-19T13:26:45.199+0000] {subprocess.py:93} INFO - 26/05/19 13:26:45 INFO SparkContext: Added JAR file:///opt/airflow/jars/postgresql-42.7.3.jar at spark://c43074c3fd7c:46103/jars/postgresql-42.7.3.jar with timestamp 1779197203732
[2026-05-19T13:26:45.335+0000] {subprocess.py:93} INFO - 26/05/19 13:26:45 INFO StandaloneAppClient$ClientEndpoint: Connecting to master spark://spark-master:7077...
[2026-05-19T13:26:45.419+0000] {subprocess.py:93} INFO - 26/05/19 13:26:45 INFO TransportClientFactory: Successfully created connection to spark-master/172.18.0.4:7077 after 48 ms (0 ms spent in bootstraps)
[2026-05-19T13:26:45.553+0000] {subprocess.py:93} INFO - 26/05/19 13:26:45 INFO StandaloneSchedulerBackend: Connected to Spark cluster with app ID app-20260519132645-0048
[2026-05-19T13:26:45.564+0000] {subprocess.py:93} INFO - 26/05/19 13:26:45 INFO StandaloneAppClient$ClientEndpoint: Executor added: app-20260519132645-0048/0 on worker-20260518211503-172.18.0.3-40747 (172.18.0.3:40747) with 1 core(s)
[2026-05-19T13:26:45.572+0000] {subprocess.py:93} INFO - 26/05/19 13:26:45 INFO StandaloneSchedulerBackend: Granted executor ID app-20260519132645-0048/0 on hostPort 172.18.0.3:40747 with 1 core(s), 512.0 MiB RAM
[2026-05-19T13:26:45.583+0000] {subprocess.py:93} INFO - 26/05/19 13:26:45 INFO Utils: Successfully started service 'org.apache.spark.network.netty.NettyBlockTransferService' on port 36067.
[2026-05-19T13:26:45.585+0000] {subprocess.py:93} INFO - 26/05/19 13:26:45 INFO NettyBlockTransferService: Server created on c43074c3fd7c:36067
[2026-05-19T13:26:45.587+0000] {subprocess.py:93} INFO - 26/05/19 13:26:45 INFO BlockManager: Using org.apache.spark.storage.RandomBlockReplicationPolicy for block replication policy
[2026-05-19T13:26:45.597+0000] {subprocess.py:93} INFO - 26/05/19 13:26:45 INFO BlockManagerMaster: Registering BlockManager BlockManagerId(driver, c43074c3fd7c, 36067, None)
[2026-05-19T13:26:45.602+0000] {subprocess.py:93} INFO - 26/05/19 13:26:45 INFO BlockManagerMasterEndpoint: Registering block manager c43074c3fd7c:36067 with 434.4 MiB RAM, BlockManagerId(driver, c43074c3fd7c, 36067, None)
[2026-05-19T13:26:45.607+0000] {subprocess.py:93} INFO - 26/05/19 13:26:45 INFO BlockManagerMaster: Registered BlockManager BlockManagerId(driver, c43074c3fd7c, 36067, None)
[2026-05-19T13:26:45.613+0000] {subprocess.py:93} INFO - 26/05/19 13:26:45 INFO BlockManager: Initialized BlockManager: BlockManagerId(driver, c43074c3fd7c, 36067, None)
[2026-05-19T13:26:45.630+0000] {subprocess.py:93} INFO - 26/05/19 13:26:45 INFO StandaloneAppClient$ClientEndpoint: Executor updated: app-20260519132645-0048/0 is now RUNNING
[2026-05-19T13:26:46.044+0000] {subprocess.py:93} INFO - 26/05/19 13:26:46 INFO StandaloneSchedulerBackend: SchedulerBackend is ready for scheduling beginning after reached minRegisteredResourcesRatio: 0.0
[2026-05-19T13:26:48.034+0000] {subprocess.py:93} INFO - 26/05/19 13:26:48 WARN MetricsConfig: Cannot locate configuration: tried hadoop-metrics2-s3a-file-system.properties,hadoop-metrics2.properties
[2026-05-19T13:26:58.928+0000] {subprocess.py:93} INFO - Lecture SILVER terminée
[2026-05-19T13:27:38.342+0000] {subprocess.py:93} INFO - Table articles_par_jour créée
[2026-05-19T13:28:11.363+0000] {subprocess.py:93} INFO - Table articles_par_source créée
[2026-05-19T13:28:42.139+0000] {subprocess.py:93} INFO - Table top_categories créée
[2026-05-19T13:29:10.813+0000] {subprocess.py:93} INFO - Table articles_par_source_jour créée
[2026-05-19T13:29:10.815+0000] {subprocess.py:93} INFO - 
[2026-05-19T13:29:10.817+0000] {subprocess.py:93} INFO - ==============================
[2026-05-19T13:29:10.819+0000] {subprocess.py:93} INFO - GOLD LAYER TERMINÉ
[2026-05-19T13:29:10.821+0000] {subprocess.py:93} INFO - ==============================
[2026-05-19T13:29:11.548+0000] {subprocess.py:97} INFO - Command exited with return code 0
[2026-05-19T13:29:11.550+0000] {taskinstance.py:441} INFO - ::group::Post task execution logs
[2026-05-19T13:29:12.288+0000] {taskinstance.py:1206} INFO - Marking task as SUCCESS. dag_id=medallion_gold_layer, task_id=gold_processing, run_id=scheduled__2026-05-19T13:20:00+00:00, execution_date=20260519T132000, start_date=20260519T132636, end_date=20260519T132912
[2026-05-19T13:29:12.431+0000] {local_task_job_runner.py:240} INFO - Task exited with return code 0
[2026-05-19T13:29:12.577+0000] {taskinstance.py:3498} INFO - 0 downstream tasks scheduled from follow-on schedule check
[2026-05-19T13:29:12.601+0000] {local_task_job_runner.py:222} INFO - ::endgroup::
