[2026-05-18T22:10:01.342+0000] {local_task_job_runner.py:120} INFO - ::group::Pre task execution logs
[2026-05-18T22:10:01.511+0000] {taskinstance.py:2076} INFO - Dependencies all met for dep_context=non-requeueable deps ti=<TaskInstance: medallion_gold_layer.gold_processing scheduled__2026-05-18T22:05:00+00:00 [queued]>
[2026-05-18T22:10:01.542+0000] {taskinstance.py:2076} INFO - Dependencies all met for dep_context=requeueable deps ti=<TaskInstance: medallion_gold_layer.gold_processing scheduled__2026-05-18T22:05:00+00:00 [queued]>
[2026-05-18T22:10:01.544+0000] {taskinstance.py:2306} INFO - Starting attempt 1 of 2
[2026-05-18T22:10:01.607+0000] {taskinstance.py:2330} INFO - Executing <Task(BashOperator): gold_processing> on 2026-05-18 22:05:00+00:00
[2026-05-18T22:10:01.615+0000] {standard_task_runner.py:63} INFO - Started process 1865 to run task
[2026-05-18T22:10:01.624+0000] {standard_task_runner.py:90} INFO - Running: ['airflow', 'tasks', 'run', 'medallion_gold_layer', 'gold_processing', 'scheduled__2026-05-18T22:05:00+00:00', '--job-id', '278', '--raw', '--subdir', 'DAGS_FOLDER/gold_layer_dag.py', '--cfg-path', '/tmp/tmpa9hi0_wd']
[2026-05-18T22:10:01.630+0000] {standard_task_runner.py:91} INFO - Job 278: Subtask gold_processing
[2026-05-18T22:10:02.063+0000] {task_command.py:426} INFO - Running <TaskInstance: medallion_gold_layer.gold_processing scheduled__2026-05-18T22:05:00+00:00 [running]> on host c43074c3fd7c
[2026-05-18T22:10:02.956+0000] {taskinstance.py:2648} INFO - Exporting env vars: AIRFLOW_CTX_DAG_OWNER='ikram' AIRFLOW_CTX_DAG_ID='medallion_gold_layer' AIRFLOW_CTX_TASK_ID='gold_processing' AIRFLOW_CTX_EXECUTION_DATE='2026-05-18T22:05:00+00:00' AIRFLOW_CTX_TRY_NUMBER='1' AIRFLOW_CTX_DAG_RUN_ID='scheduled__2026-05-18T22:05:00+00:00'
[2026-05-18T22:10:02.960+0000] {taskinstance.py:430} INFO - ::endgroup::
[2026-05-18T22:10:03.033+0000] {subprocess.py:63} INFO - Tmp dir root location: /tmp
[2026-05-18T22:10:03.036+0000] {subprocess.py:75} INFO - Running command: ['/usr/bin/bash', '-c', '\n    spark-submit     --master spark://spark-master:7077     --executor-memory 512M     --executor-cores 1     --total-executor-cores 1     --jars /opt/airflow/jars/aws-java-sdk-bundle-1.12.262.jar,/opt/airflow/jars/hadoop-aws-3.3.4.jar,/opt/airflow/jars/postgresql-42.7.3.jar     /opt/spark_jobs/gold_processor.py\n    ']
[2026-05-18T22:10:03.053+0000] {subprocess.py:86} INFO - Output:
[2026-05-18T22:10:07.139+0000] {subprocess.py:93} INFO - 26/05/18 22:10:07 WARN NativeCodeLoader: Unable to load native-hadoop library for your platform... using builtin-java classes where applicable
[2026-05-18T22:10:09.464+0000] {subprocess.py:93} INFO - 26/05/18 22:10:09 INFO SparkContext: Running Spark version 3.5.1
[2026-05-18T22:10:09.466+0000] {subprocess.py:93} INFO - 26/05/18 22:10:09 INFO SparkContext: OS info Linux, 6.6.87.2-microsoft-standard-WSL2, amd64
[2026-05-18T22:10:09.467+0000] {subprocess.py:93} INFO - 26/05/18 22:10:09 INFO SparkContext: Java version 17.0.19
[2026-05-18T22:10:09.509+0000] {subprocess.py:93} INFO - 26/05/18 22:10:09 INFO ResourceUtils: ==============================================================
[2026-05-18T22:10:09.512+0000] {subprocess.py:93} INFO - 26/05/18 22:10:09 INFO ResourceUtils: No custom resources configured for spark.driver.
[2026-05-18T22:10:09.513+0000] {subprocess.py:93} INFO - 26/05/18 22:10:09 INFO ResourceUtils: ==============================================================
[2026-05-18T22:10:09.515+0000] {subprocess.py:93} INFO - 26/05/18 22:10:09 INFO SparkContext: Submitted application: GoldLayerProcessor
[2026-05-18T22:10:09.553+0000] {subprocess.py:93} INFO - 26/05/18 22:10:09 INFO ResourceProfile: Default ResourceProfile created, executor resources: Map(cores -> name: cores, amount: 1, script: , vendor: , memory -> name: memory, amount: 512, script: , vendor: , offHeap -> name: offHeap, amount: 0, script: , vendor: ), task resources: Map(cpus -> name: cpus, amount: 1.0)
[2026-05-18T22:10:09.565+0000] {subprocess.py:93} INFO - 26/05/18 22:10:09 INFO ResourceProfile: Limiting resource is cpus at 1 tasks per executor
[2026-05-18T22:10:09.572+0000] {subprocess.py:93} INFO - 26/05/18 22:10:09 INFO ResourceProfileManager: Added ResourceProfile id: 0
[2026-05-18T22:10:09.653+0000] {subprocess.py:93} INFO - 26/05/18 22:10:09 INFO SecurityManager: Changing view acls to: airflow
[2026-05-18T22:10:09.654+0000] {subprocess.py:93} INFO - 26/05/18 22:10:09 INFO SecurityManager: Changing modify acls to: airflow
[2026-05-18T22:10:09.655+0000] {subprocess.py:93} INFO - 26/05/18 22:10:09 INFO SecurityManager: Changing view acls groups to:
[2026-05-18T22:10:09.657+0000] {subprocess.py:93} INFO - 26/05/18 22:10:09 INFO SecurityManager: Changing modify acls groups to:
[2026-05-18T22:10:09.658+0000] {subprocess.py:93} INFO - 26/05/18 22:10:09 INFO SecurityManager: SecurityManager: authentication disabled; ui acls disabled; users with view permissions: airflow; groups with view permissions: EMPTY; users with modify permissions: airflow; groups with modify permissions: EMPTY
[2026-05-18T22:10:10.032+0000] {subprocess.py:93} INFO - 26/05/18 22:10:10 INFO Utils: Successfully started service 'sparkDriver' on port 41069.
[2026-05-18T22:10:10.099+0000] {subprocess.py:93} INFO - 26/05/18 22:10:10 INFO SparkEnv: Registering MapOutputTracker
[2026-05-18T22:10:10.144+0000] {subprocess.py:93} INFO - 26/05/18 22:10:10 INFO SparkEnv: Registering BlockManagerMaster
[2026-05-18T22:10:10.172+0000] {subprocess.py:93} INFO - 26/05/18 22:10:10 INFO BlockManagerMasterEndpoint: Using org.apache.spark.storage.DefaultTopologyMapper for getting topology information
[2026-05-18T22:10:10.174+0000] {subprocess.py:93} INFO - 26/05/18 22:10:10 INFO BlockManagerMasterEndpoint: BlockManagerMasterEndpoint up
[2026-05-18T22:10:10.184+0000] {subprocess.py:93} INFO - 26/05/18 22:10:10 INFO SparkEnv: Registering BlockManagerMasterHeartbeat
[2026-05-18T22:10:10.216+0000] {subprocess.py:93} INFO - 26/05/18 22:10:10 INFO DiskBlockManager: Created local directory at /tmp/blockmgr-171cf790-1ad5-4c95-ac9a-d2b35a4d4b2c
[2026-05-18T22:10:10.242+0000] {subprocess.py:93} INFO - 26/05/18 22:10:10 INFO MemoryStore: MemoryStore started with capacity 434.4 MiB
[2026-05-18T22:10:10.265+0000] {subprocess.py:93} INFO - 26/05/18 22:10:10 INFO SparkEnv: Registering OutputCommitCoordinator
[2026-05-18T22:10:10.433+0000] {subprocess.py:93} INFO - 26/05/18 22:10:10 INFO JettyUtils: Start Jetty 0.0.0.0:4040 for SparkUI
[2026-05-18T22:10:10.630+0000] {subprocess.py:93} INFO - 26/05/18 22:10:10 INFO Utils: Successfully started service 'SparkUI' on port 4040.
[2026-05-18T22:10:10.699+0000] {subprocess.py:93} INFO - 26/05/18 22:10:10 INFO SparkContext: Added JAR file:///opt/airflow/jars/aws-java-sdk-bundle-1.12.262.jar at spark://c43074c3fd7c:41069/jars/aws-java-sdk-bundle-1.12.262.jar with timestamp 1779142209453
[2026-05-18T22:10:10.700+0000] {subprocess.py:93} INFO - 26/05/18 22:10:10 INFO SparkContext: Added JAR file:///opt/airflow/jars/hadoop-aws-3.3.4.jar at spark://c43074c3fd7c:41069/jars/hadoop-aws-3.3.4.jar with timestamp 1779142209453
[2026-05-18T22:10:10.702+0000] {subprocess.py:93} INFO - 26/05/18 22:10:10 INFO SparkContext: Added JAR file:///opt/airflow/jars/postgresql-42.7.3.jar at spark://c43074c3fd7c:41069/jars/postgresql-42.7.3.jar with timestamp 1779142209453
[2026-05-18T22:10:10.880+0000] {subprocess.py:93} INFO - 26/05/18 22:10:10 INFO StandaloneAppClient$ClientEndpoint: Connecting to master spark://spark-master:7077...
[2026-05-18T22:10:10.967+0000] {subprocess.py:93} INFO - 26/05/18 22:10:10 INFO TransportClientFactory: Successfully created connection to spark-master/172.18.0.4:7077 after 48 ms (0 ms spent in bootstraps)
[2026-05-18T22:10:11.124+0000] {subprocess.py:93} INFO - 26/05/18 22:10:11 INFO StandaloneSchedulerBackend: Connected to Spark cluster with app ID app-20260518221011-0014
[2026-05-18T22:10:11.140+0000] {subprocess.py:93} INFO - 26/05/18 22:10:11 INFO StandaloneAppClient$ClientEndpoint: Executor added: app-20260518221011-0014/0 on worker-20260518211503-172.18.0.3-40747 (172.18.0.3:40747) with 1 core(s)
[2026-05-18T22:10:11.155+0000] {subprocess.py:93} INFO - 26/05/18 22:10:11 INFO StandaloneSchedulerBackend: Granted executor ID app-20260518221011-0014/0 on hostPort 172.18.0.3:40747 with 1 core(s), 512.0 MiB RAM
[2026-05-18T22:10:11.166+0000] {subprocess.py:93} INFO - 26/05/18 22:10:11 INFO Utils: Successfully started service 'org.apache.spark.network.netty.NettyBlockTransferService' on port 37479.
[2026-05-18T22:10:11.167+0000] {subprocess.py:93} INFO - 26/05/18 22:10:11 INFO NettyBlockTransferService: Server created on c43074c3fd7c:37479
[2026-05-18T22:10:11.171+0000] {subprocess.py:93} INFO - 26/05/18 22:10:11 INFO BlockManager: Using org.apache.spark.storage.RandomBlockReplicationPolicy for block replication policy
[2026-05-18T22:10:11.186+0000] {subprocess.py:93} INFO - 26/05/18 22:10:11 INFO BlockManagerMaster: Registering BlockManager BlockManagerId(driver, c43074c3fd7c, 37479, None)
[2026-05-18T22:10:11.193+0000] {subprocess.py:93} INFO - 26/05/18 22:10:11 INFO BlockManagerMasterEndpoint: Registering block manager c43074c3fd7c:37479 with 434.4 MiB RAM, BlockManagerId(driver, c43074c3fd7c, 37479, None)
[2026-05-18T22:10:11.198+0000] {subprocess.py:93} INFO - 26/05/18 22:10:11 INFO BlockManagerMaster: Registered BlockManager BlockManagerId(driver, c43074c3fd7c, 37479, None)
[2026-05-18T22:10:11.200+0000] {subprocess.py:93} INFO - 26/05/18 22:10:11 INFO BlockManager: Initialized BlockManager: BlockManagerId(driver, c43074c3fd7c, 37479, None)
[2026-05-18T22:10:11.231+0000] {subprocess.py:93} INFO - 26/05/18 22:10:11 INFO StandaloneAppClient$ClientEndpoint: Executor updated: app-20260518221011-0014/0 is now RUNNING
[2026-05-18T22:10:11.622+0000] {subprocess.py:93} INFO - 26/05/18 22:10:11 INFO StandaloneSchedulerBackend: SchedulerBackend is ready for scheduling beginning after reached minRegisteredResourcesRatio: 0.0
[2026-05-18T22:10:14.566+0000] {subprocess.py:93} INFO - 26/05/18 22:10:14 WARN MetricsConfig: Cannot locate configuration: tried hadoop-metrics2-s3a-file-system.properties,hadoop-metrics2.properties
[2026-05-18T22:10:36.155+0000] {subprocess.py:93} INFO - Lecture SILVER terminée
[2026-05-18T22:11:15.697+0000] {subprocess.py:93} INFO - Table articles_par_jour créée
[2026-05-18T22:11:47.505+0000] {subprocess.py:93} INFO - Table articles_par_source créée
[2026-05-18T22:12:24.122+0000] {subprocess.py:93} INFO - Table top_categories créée
[2026-05-18T22:12:56.601+0000] {subprocess.py:93} INFO - Table articles_par_source_jour créée
[2026-05-18T22:12:56.604+0000] {subprocess.py:93} INFO - 
[2026-05-18T22:12:56.608+0000] {subprocess.py:93} INFO - ==============================
[2026-05-18T22:12:56.610+0000] {subprocess.py:93} INFO - GOLD LAYER TERMINÉ
[2026-05-18T22:12:56.612+0000] {subprocess.py:93} INFO - ==============================
[2026-05-18T22:12:57.487+0000] {subprocess.py:97} INFO - Command exited with return code 0
[2026-05-18T22:12:57.493+0000] {taskinstance.py:441} INFO - ::group::Post task execution logs
[2026-05-18T22:12:58.209+0000] {taskinstance.py:1206} INFO - Marking task as SUCCESS. dag_id=medallion_gold_layer, task_id=gold_processing, run_id=scheduled__2026-05-18T22:05:00+00:00, execution_date=20260518T220500, start_date=20260518T221001, end_date=20260518T221258
[2026-05-18T22:12:58.381+0000] {local_task_job_runner.py:240} INFO - Task exited with return code 0
[2026-05-18T22:12:58.603+0000] {local_task_job_runner.py:222} INFO - ::endgroup::
