[2026-05-17T01:05:07.726+0000] {local_task_job_runner.py:120} INFO - ::group::Pre task execution logs
[2026-05-17T01:05:08.658+0000] {taskinstance.py:2076} INFO - Dependencies all met for dep_context=non-requeueable deps ti=<TaskInstance: medallion_gold_layer.gold_processing scheduled__2026-05-17T01:00:00+00:00 [queued]>
[2026-05-17T01:05:08.739+0000] {taskinstance.py:2076} INFO - Dependencies all met for dep_context=requeueable deps ti=<TaskInstance: medallion_gold_layer.gold_processing scheduled__2026-05-17T01:00:00+00:00 [queued]>
[2026-05-17T01:05:08.743+0000] {taskinstance.py:2306} INFO - Starting attempt 1 of 2
[2026-05-17T01:05:08.939+0000] {taskinstance.py:2330} INFO - Executing <Task(BashOperator): gold_processing> on 2026-05-17 01:00:00+00:00
[2026-05-17T01:05:08.975+0000] {standard_task_runner.py:63} INFO - Started process 59779 to run task
[2026-05-17T01:05:09.003+0000] {standard_task_runner.py:90} INFO - Running: ['airflow', 'tasks', 'run', 'medallion_gold_layer', 'gold_processing', 'scheduled__2026-05-17T01:00:00+00:00', '--job-id', '157', '--raw', '--subdir', 'DAGS_FOLDER/gold_layer_dag.py', '--cfg-path', '/tmp/tmpyk7bwhhq']
[2026-05-17T01:05:09.026+0000] {standard_task_runner.py:91} INFO - Job 157: Subtask gold_processing
[2026-05-17T01:05:10.988+0000] {task_command.py:426} INFO - Running <TaskInstance: medallion_gold_layer.gold_processing scheduled__2026-05-17T01:00:00+00:00 [running]> on host e8a9653e4a1b
[2026-05-17T01:05:13.235+0000] {taskinstance.py:2648} INFO - Exporting env vars: AIRFLOW_CTX_DAG_OWNER='anass' AIRFLOW_CTX_DAG_ID='medallion_gold_layer' AIRFLOW_CTX_TASK_ID='gold_processing' AIRFLOW_CTX_EXECUTION_DATE='2026-05-17T01:00:00+00:00' AIRFLOW_CTX_TRY_NUMBER='1' AIRFLOW_CTX_DAG_RUN_ID='scheduled__2026-05-17T01:00:00+00:00'
[2026-05-17T01:05:13.239+0000] {taskinstance.py:430} INFO - ::endgroup::
[2026-05-17T01:05:13.350+0000] {subprocess.py:63} INFO - Tmp dir root location: /tmp
[2026-05-17T01:05:13.361+0000] {subprocess.py:75} INFO - Running command: ['/usr/bin/bash', '-c', '\n    spark-submit     --master spark://spark-master:7077     --executor-memory 512M     --executor-cores 1     --total-executor-cores 1     --jars /opt/airflow/jars/aws-java-sdk-bundle-1.12.262.jar,/opt/airflow/jars/hadoop-aws-3.3.4.jar,/opt/airflow/jars/postgresql-42.7.3.jar     /opt/spark_jobs/gold_processor.py\n    ']
[2026-05-17T01:05:13.414+0000] {subprocess.py:86} INFO - Output:
[2026-05-17T01:05:37.340+0000] {subprocess.py:93} INFO - 26/05/17 01:05:37 WARN NativeCodeLoader: Unable to load native-hadoop library for your platform... using builtin-java classes where applicable
[2026-05-17T01:05:38.752+0000] {subprocess.py:93} INFO - 26/05/17 01:05:38 INFO SparkContext: Running Spark version 3.5.1
[2026-05-17T01:05:38.753+0000] {subprocess.py:93} INFO - 26/05/17 01:05:38 INFO SparkContext: OS info Linux, 6.6.87.2-microsoft-standard-WSL2, amd64
[2026-05-17T01:05:38.754+0000] {subprocess.py:93} INFO - 26/05/17 01:05:38 INFO SparkContext: Java version 17.0.19
[2026-05-17T01:05:38.789+0000] {subprocess.py:93} INFO - 26/05/17 01:05:38 INFO ResourceUtils: ==============================================================
[2026-05-17T01:05:38.790+0000] {subprocess.py:93} INFO - 26/05/17 01:05:38 INFO ResourceUtils: No custom resources configured for spark.driver.
[2026-05-17T01:05:38.791+0000] {subprocess.py:93} INFO - 26/05/17 01:05:38 INFO ResourceUtils: ==============================================================
[2026-05-17T01:05:38.792+0000] {subprocess.py:93} INFO - 26/05/17 01:05:38 INFO SparkContext: Submitted application: GoldLayerProcessor
[2026-05-17T01:05:38.815+0000] {subprocess.py:93} INFO - 26/05/17 01:05:38 INFO ResourceProfile: Default ResourceProfile created, executor resources: Map(cores -> name: cores, amount: 1, script: , vendor: , memory -> name: memory, amount: 512, script: , vendor: , offHeap -> name: offHeap, amount: 0, script: , vendor: ), task resources: Map(cpus -> name: cpus, amount: 1.0)
[2026-05-17T01:05:38.826+0000] {subprocess.py:93} INFO - 26/05/17 01:05:38 INFO ResourceProfile: Limiting resource is cpus at 1 tasks per executor
[2026-05-17T01:05:38.829+0000] {subprocess.py:93} INFO - 26/05/17 01:05:38 INFO ResourceProfileManager: Added ResourceProfile id: 0
[2026-05-17T01:05:38.902+0000] {subprocess.py:93} INFO - 26/05/17 01:05:38 INFO SecurityManager: Changing view acls to: airflow
[2026-05-17T01:05:38.903+0000] {subprocess.py:93} INFO - 26/05/17 01:05:38 INFO SecurityManager: Changing modify acls to: airflow
[2026-05-17T01:05:38.904+0000] {subprocess.py:93} INFO - 26/05/17 01:05:38 INFO SecurityManager: Changing view acls groups to:
[2026-05-17T01:05:38.905+0000] {subprocess.py:93} INFO - 26/05/17 01:05:38 INFO SecurityManager: Changing modify acls groups to:
[2026-05-17T01:05:38.906+0000] {subprocess.py:93} INFO - 26/05/17 01:05:38 INFO SecurityManager: SecurityManager: authentication disabled; ui acls disabled; users with view permissions: airflow; groups with view permissions: EMPTY; users with modify permissions: airflow; groups with modify permissions: EMPTY
[2026-05-17T01:05:39.149+0000] {subprocess.py:93} INFO - 26/05/17 01:05:39 INFO Utils: Successfully started service 'sparkDriver' on port 32835.
[2026-05-17T01:05:39.187+0000] {subprocess.py:93} INFO - 26/05/17 01:05:39 INFO SparkEnv: Registering MapOutputTracker
[2026-05-17T01:05:39.239+0000] {subprocess.py:93} INFO - 26/05/17 01:05:39 INFO SparkEnv: Registering BlockManagerMaster
[2026-05-17T01:05:39.274+0000] {subprocess.py:93} INFO - 26/05/17 01:05:39 INFO BlockManagerMasterEndpoint: Using org.apache.spark.storage.DefaultTopologyMapper for getting topology information
[2026-05-17T01:05:39.275+0000] {subprocess.py:93} INFO - 26/05/17 01:05:39 INFO BlockManagerMasterEndpoint: BlockManagerMasterEndpoint up
[2026-05-17T01:05:39.283+0000] {subprocess.py:93} INFO - 26/05/17 01:05:39 INFO SparkEnv: Registering BlockManagerMasterHeartbeat
[2026-05-17T01:05:39.320+0000] {subprocess.py:93} INFO - 26/05/17 01:05:39 INFO DiskBlockManager: Created local directory at /tmp/blockmgr-6da1f01d-e174-4e59-b2fb-a6b7d20ead48
[2026-05-17T01:05:39.347+0000] {subprocess.py:93} INFO - 26/05/17 01:05:39 INFO MemoryStore: MemoryStore started with capacity 434.4 MiB
[2026-05-17T01:05:39.374+0000] {subprocess.py:93} INFO - 26/05/17 01:05:39 INFO SparkEnv: Registering OutputCommitCoordinator
[2026-05-17T01:05:39.533+0000] {subprocess.py:93} INFO - 26/05/17 01:05:39 INFO JettyUtils: Start Jetty 0.0.0.0:4040 for SparkUI
[2026-05-17T01:05:39.634+0000] {subprocess.py:93} INFO - 26/05/17 01:05:39 INFO Utils: Successfully started service 'SparkUI' on port 4040.
[2026-05-17T01:05:39.681+0000] {subprocess.py:93} INFO - 26/05/17 01:05:39 INFO SparkContext: Added JAR file:///opt/airflow/jars/aws-java-sdk-bundle-1.12.262.jar at spark://e8a9653e4a1b:32835/jars/aws-java-sdk-bundle-1.12.262.jar with timestamp 1778979938743
[2026-05-17T01:05:39.682+0000] {subprocess.py:93} INFO - 26/05/17 01:05:39 INFO SparkContext: Added JAR file:///opt/airflow/jars/hadoop-aws-3.3.4.jar at spark://e8a9653e4a1b:32835/jars/hadoop-aws-3.3.4.jar with timestamp 1778979938743
[2026-05-17T01:05:39.683+0000] {subprocess.py:93} INFO - 26/05/17 01:05:39 INFO SparkContext: Added JAR file:///opt/airflow/jars/postgresql-42.7.3.jar at spark://e8a9653e4a1b:32835/jars/postgresql-42.7.3.jar with timestamp 1778979938743
[2026-05-17T01:05:39.788+0000] {subprocess.py:93} INFO - 26/05/17 01:05:39 INFO StandaloneAppClient$ClientEndpoint: Connecting to master spark://spark-master:7077...
[2026-05-17T01:05:39.841+0000] {subprocess.py:93} INFO - 26/05/17 01:05:39 INFO TransportClientFactory: Successfully created connection to spark-master/172.18.0.6:7077 after 29 ms (0 ms spent in bootstraps)
[2026-05-17T01:05:39.925+0000] {subprocess.py:93} INFO - 26/05/17 01:05:39 INFO StandaloneSchedulerBackend: Connected to Spark cluster with app ID app-20260517010539-0156
[2026-05-17T01:05:39.930+0000] {subprocess.py:93} INFO - 26/05/17 01:05:39 INFO StandaloneAppClient$ClientEndpoint: Executor added: app-20260517010539-0156/0 on worker-20260514105200-172.18.0.13-40347 (172.18.0.13:40347) with 1 core(s)
[2026-05-17T01:05:39.932+0000] {subprocess.py:93} INFO - 26/05/17 01:05:39 INFO StandaloneSchedulerBackend: Granted executor ID app-20260517010539-0156/0 on hostPort 172.18.0.13:40347 with 1 core(s), 512.0 MiB RAM
[2026-05-17T01:05:39.939+0000] {subprocess.py:93} INFO - 26/05/17 01:05:39 INFO Utils: Successfully started service 'org.apache.spark.network.netty.NettyBlockTransferService' on port 40489.
[2026-05-17T01:05:39.940+0000] {subprocess.py:93} INFO - 26/05/17 01:05:39 INFO NettyBlockTransferService: Server created on e8a9653e4a1b:40489
[2026-05-17T01:05:39.943+0000] {subprocess.py:93} INFO - 26/05/17 01:05:39 INFO BlockManager: Using org.apache.spark.storage.RandomBlockReplicationPolicy for block replication policy
[2026-05-17T01:05:39.953+0000] {subprocess.py:93} INFO - 26/05/17 01:05:39 INFO BlockManagerMaster: Registering BlockManager BlockManagerId(driver, e8a9653e4a1b, 40489, None)
[2026-05-17T01:05:39.958+0000] {subprocess.py:93} INFO - 26/05/17 01:05:39 INFO BlockManagerMasterEndpoint: Registering block manager e8a9653e4a1b:40489 with 434.4 MiB RAM, BlockManagerId(driver, e8a9653e4a1b, 40489, None)
[2026-05-17T01:05:39.962+0000] {subprocess.py:93} INFO - 26/05/17 01:05:39 INFO BlockManagerMaster: Registered BlockManager BlockManagerId(driver, e8a9653e4a1b, 40489, None)
[2026-05-17T01:05:39.963+0000] {subprocess.py:93} INFO - 26/05/17 01:05:39 INFO StandaloneAppClient$ClientEndpoint: Executor updated: app-20260517010539-0156/0 is now RUNNING
[2026-05-17T01:05:39.964+0000] {subprocess.py:93} INFO - 26/05/17 01:05:39 INFO BlockManager: Initialized BlockManager: BlockManagerId(driver, e8a9653e4a1b, 40489, None)
[2026-05-17T01:05:40.261+0000] {subprocess.py:93} INFO - 26/05/17 01:05:40 INFO StandaloneSchedulerBackend: SchedulerBackend is ready for scheduling beginning after reached minRegisteredResourcesRatio: 0.0
[2026-05-17T01:05:42.308+0000] {subprocess.py:93} INFO - 26/05/17 01:05:42 WARN MetricsConfig: Cannot locate configuration: tried hadoop-metrics2-s3a-file-system.properties,hadoop-metrics2.properties
[2026-05-17T01:05:52.452+0000] {subprocess.py:93} INFO - Lecture SILVER terminée
[2026-05-17T01:06:04.475+0000] {subprocess.py:93} INFO - Table articles_par_jour créée
[2026-05-17T01:06:12.857+0000] {subprocess.py:93} INFO - Table articles_par_source créée
[2026-05-17T01:06:20.318+0000] {subprocess.py:93} INFO - Table top_categories créée
[2026-05-17T01:06:27.309+0000] {subprocess.py:93} INFO - Table articles_par_source_jour créée
[2026-05-17T01:06:27.310+0000] {subprocess.py:93} INFO - 
[2026-05-17T01:06:27.310+0000] {subprocess.py:93} INFO - ==============================
[2026-05-17T01:06:27.311+0000] {subprocess.py:93} INFO - GOLD LAYER TERMINÉ
[2026-05-17T01:06:27.311+0000] {subprocess.py:93} INFO - ==============================
[2026-05-17T01:06:27.937+0000] {subprocess.py:97} INFO - Command exited with return code 0
[2026-05-17T01:06:27.938+0000] {taskinstance.py:441} INFO - ::group::Post task execution logs
[2026-05-17T01:06:28.158+0000] {taskinstance.py:1206} INFO - Marking task as SUCCESS. dag_id=medallion_gold_layer, task_id=gold_processing, run_id=scheduled__2026-05-17T01:00:00+00:00, execution_date=20260517T010000, start_date=20260517T010508, end_date=20260517T010628
[2026-05-17T01:06:28.215+0000] {local_task_job_runner.py:240} INFO - Task exited with return code 0
[2026-05-17T01:06:28.263+0000] {taskinstance.py:3498} INFO - 0 downstream tasks scheduled from follow-on schedule check
[2026-05-17T01:06:28.267+0000] {local_task_job_runner.py:222} INFO - ::endgroup::
