[2026-05-17T00:25:00.673+0000] {local_task_job_runner.py:120} INFO - ::group::Pre task execution logs
[2026-05-17T00:25:00.721+0000] {taskinstance.py:2076} INFO - Dependencies all met for dep_context=non-requeueable deps ti=<TaskInstance: medallion_gold_layer.gold_processing scheduled__2026-05-17T00:20:00+00:00 [queued]>
[2026-05-17T00:25:00.729+0000] {taskinstance.py:2076} INFO - Dependencies all met for dep_context=requeueable deps ti=<TaskInstance: medallion_gold_layer.gold_processing scheduled__2026-05-17T00:20:00+00:00 [queued]>
[2026-05-17T00:25:00.737+0000] {taskinstance.py:2306} INFO - Starting attempt 1 of 2
[2026-05-17T00:25:00.751+0000] {taskinstance.py:2330} INFO - Executing <Task(BashOperator): gold_processing> on 2026-05-17 00:20:00+00:00
[2026-05-17T00:25:00.755+0000] {standard_task_runner.py:63} INFO - Started process 56579 to run task
[2026-05-17T00:25:00.757+0000] {standard_task_runner.py:90} INFO - Running: ['airflow', 'tasks', 'run', 'medallion_gold_layer', 'gold_processing', 'scheduled__2026-05-17T00:20:00+00:00', '--job-id', '149', '--raw', '--subdir', 'DAGS_FOLDER/gold_layer_dag.py', '--cfg-path', '/tmp/tmpw8_9qmim']
[2026-05-17T00:25:00.759+0000] {standard_task_runner.py:91} INFO - Job 149: Subtask gold_processing
[2026-05-17T00:25:00.915+0000] {task_command.py:426} INFO - Running <TaskInstance: medallion_gold_layer.gold_processing scheduled__2026-05-17T00:20:00+00:00 [running]> on host e8a9653e4a1b
[2026-05-17T00:25:01.115+0000] {taskinstance.py:2648} INFO - Exporting env vars: AIRFLOW_CTX_DAG_OWNER='anass' AIRFLOW_CTX_DAG_ID='medallion_gold_layer' AIRFLOW_CTX_TASK_ID='gold_processing' AIRFLOW_CTX_EXECUTION_DATE='2026-05-17T00:20:00+00:00' AIRFLOW_CTX_TRY_NUMBER='1' AIRFLOW_CTX_DAG_RUN_ID='scheduled__2026-05-17T00:20:00+00:00'
[2026-05-17T00:25:01.116+0000] {taskinstance.py:430} INFO - ::endgroup::
[2026-05-17T00:25:01.127+0000] {subprocess.py:63} INFO - Tmp dir root location: /tmp
[2026-05-17T00:25:01.128+0000] {subprocess.py:75} INFO - Running command: ['/usr/bin/bash', '-c', '\n    spark-submit     --master spark://spark-master:7077     --executor-memory 512M     --executor-cores 1     --total-executor-cores 1     --jars /opt/airflow/jars/aws-java-sdk-bundle-1.12.262.jar,/opt/airflow/jars/hadoop-aws-3.3.4.jar,/opt/airflow/jars/postgresql-42.7.3.jar     /opt/spark_jobs/gold_processor.py\n    ']
[2026-05-17T00:25:01.135+0000] {subprocess.py:86} INFO - Output:
[2026-05-17T00:25:02.279+0000] {subprocess.py:93} INFO - 26/05/17 00:25:02 WARN NativeCodeLoader: Unable to load native-hadoop library for your platform... using builtin-java classes where applicable
[2026-05-17T00:25:03.128+0000] {subprocess.py:93} INFO - 26/05/17 00:25:03 INFO SparkContext: Running Spark version 3.5.1
[2026-05-17T00:25:03.131+0000] {subprocess.py:93} INFO - 26/05/17 00:25:03 INFO SparkContext: OS info Linux, 6.6.87.2-microsoft-standard-WSL2, amd64
[2026-05-17T00:25:03.132+0000] {subprocess.py:93} INFO - 26/05/17 00:25:03 INFO SparkContext: Java version 17.0.19
[2026-05-17T00:25:03.146+0000] {subprocess.py:93} INFO - 26/05/17 00:25:03 INFO ResourceUtils: ==============================================================
[2026-05-17T00:25:03.147+0000] {subprocess.py:93} INFO - 26/05/17 00:25:03 INFO ResourceUtils: No custom resources configured for spark.driver.
[2026-05-17T00:25:03.148+0000] {subprocess.py:93} INFO - 26/05/17 00:25:03 INFO ResourceUtils: ==============================================================
[2026-05-17T00:25:03.148+0000] {subprocess.py:93} INFO - 26/05/17 00:25:03 INFO SparkContext: Submitted application: GoldLayerProcessor
[2026-05-17T00:25:03.161+0000] {subprocess.py:93} INFO - 26/05/17 00:25:03 INFO ResourceProfile: Default ResourceProfile created, executor resources: Map(cores -> name: cores, amount: 1, script: , vendor: , memory -> name: memory, amount: 512, script: , vendor: , offHeap -> name: offHeap, amount: 0, script: , vendor: ), task resources: Map(cpus -> name: cpus, amount: 1.0)
[2026-05-17T00:25:03.167+0000] {subprocess.py:93} INFO - 26/05/17 00:25:03 INFO ResourceProfile: Limiting resource is cpus at 1 tasks per executor
[2026-05-17T00:25:03.168+0000] {subprocess.py:93} INFO - 26/05/17 00:25:03 INFO ResourceProfileManager: Added ResourceProfile id: 0
[2026-05-17T00:25:03.201+0000] {subprocess.py:93} INFO - 26/05/17 00:25:03 INFO SecurityManager: Changing view acls to: airflow
[2026-05-17T00:25:03.202+0000] {subprocess.py:93} INFO - 26/05/17 00:25:03 INFO SecurityManager: Changing modify acls to: airflow
[2026-05-17T00:25:03.203+0000] {subprocess.py:93} INFO - 26/05/17 00:25:03 INFO SecurityManager: Changing view acls groups to:
[2026-05-17T00:25:03.203+0000] {subprocess.py:93} INFO - 26/05/17 00:25:03 INFO SecurityManager: Changing modify acls groups to:
[2026-05-17T00:25:03.204+0000] {subprocess.py:93} INFO - 26/05/17 00:25:03 INFO SecurityManager: SecurityManager: authentication disabled; ui acls disabled; users with view permissions: airflow; groups with view permissions: EMPTY; users with modify permissions: airflow; groups with modify permissions: EMPTY
[2026-05-17T00:25:03.364+0000] {subprocess.py:93} INFO - 26/05/17 00:25:03 INFO Utils: Successfully started service 'sparkDriver' on port 36619.
[2026-05-17T00:25:03.383+0000] {subprocess.py:93} INFO - 26/05/17 00:25:03 INFO SparkEnv: Registering MapOutputTracker
[2026-05-17T00:25:03.404+0000] {subprocess.py:93} INFO - 26/05/17 00:25:03 INFO SparkEnv: Registering BlockManagerMaster
[2026-05-17T00:25:03.417+0000] {subprocess.py:93} INFO - 26/05/17 00:25:03 INFO BlockManagerMasterEndpoint: Using org.apache.spark.storage.DefaultTopologyMapper for getting topology information
[2026-05-17T00:25:03.418+0000] {subprocess.py:93} INFO - 26/05/17 00:25:03 INFO BlockManagerMasterEndpoint: BlockManagerMasterEndpoint up
[2026-05-17T00:25:03.421+0000] {subprocess.py:93} INFO - 26/05/17 00:25:03 INFO SparkEnv: Registering BlockManagerMasterHeartbeat
[2026-05-17T00:25:03.433+0000] {subprocess.py:93} INFO - 26/05/17 00:25:03 INFO DiskBlockManager: Created local directory at /tmp/blockmgr-3ac5dfff-f2ee-416e-bfb0-9e5a42c8e3eb
[2026-05-17T00:25:03.440+0000] {subprocess.py:93} INFO - 26/05/17 00:25:03 INFO MemoryStore: MemoryStore started with capacity 434.4 MiB
[2026-05-17T00:25:03.451+0000] {subprocess.py:93} INFO - 26/05/17 00:25:03 INFO SparkEnv: Registering OutputCommitCoordinator
[2026-05-17T00:25:03.523+0000] {subprocess.py:93} INFO - 26/05/17 00:25:03 INFO JettyUtils: Start Jetty 0.0.0.0:4040 for SparkUI
[2026-05-17T00:25:03.572+0000] {subprocess.py:93} INFO - 26/05/17 00:25:03 INFO Utils: Successfully started service 'SparkUI' on port 4040.
[2026-05-17T00:25:03.597+0000] {subprocess.py:93} INFO - 26/05/17 00:25:03 INFO SparkContext: Added JAR file:///opt/airflow/jars/aws-java-sdk-bundle-1.12.262.jar at spark://e8a9653e4a1b:36619/jars/aws-java-sdk-bundle-1.12.262.jar with timestamp 1778977503123
[2026-05-17T00:25:03.597+0000] {subprocess.py:93} INFO - 26/05/17 00:25:03 INFO SparkContext: Added JAR file:///opt/airflow/jars/hadoop-aws-3.3.4.jar at spark://e8a9653e4a1b:36619/jars/hadoop-aws-3.3.4.jar with timestamp 1778977503123
[2026-05-17T00:25:03.598+0000] {subprocess.py:93} INFO - 26/05/17 00:25:03 INFO SparkContext: Added JAR file:///opt/airflow/jars/postgresql-42.7.3.jar at spark://e8a9653e4a1b:36619/jars/postgresql-42.7.3.jar with timestamp 1778977503123
[2026-05-17T00:25:03.649+0000] {subprocess.py:93} INFO - 26/05/17 00:25:03 INFO StandaloneAppClient$ClientEndpoint: Connecting to master spark://spark-master:7077...
[2026-05-17T00:25:03.676+0000] {subprocess.py:93} INFO - 26/05/17 00:25:03 INFO TransportClientFactory: Successfully created connection to spark-master/172.18.0.6:7077 after 14 ms (0 ms spent in bootstraps)
[2026-05-17T00:25:03.729+0000] {subprocess.py:93} INFO - 26/05/17 00:25:03 INFO StandaloneSchedulerBackend: Connected to Spark cluster with app ID app-20260517002503-0148
[2026-05-17T00:25:03.731+0000] {subprocess.py:93} INFO - 26/05/17 00:25:03 INFO StandaloneAppClient$ClientEndpoint: Executor added: app-20260517002503-0148/0 on worker-20260514105200-172.18.0.13-40347 (172.18.0.13:40347) with 1 core(s)
[2026-05-17T00:25:03.732+0000] {subprocess.py:93} INFO - 26/05/17 00:25:03 INFO StandaloneSchedulerBackend: Granted executor ID app-20260517002503-0148/0 on hostPort 172.18.0.13:40347 with 1 core(s), 512.0 MiB RAM
[2026-05-17T00:25:03.736+0000] {subprocess.py:93} INFO - 26/05/17 00:25:03 INFO Utils: Successfully started service 'org.apache.spark.network.netty.NettyBlockTransferService' on port 39333.
[2026-05-17T00:25:03.737+0000] {subprocess.py:93} INFO - 26/05/17 00:25:03 INFO NettyBlockTransferService: Server created on e8a9653e4a1b:39333
[2026-05-17T00:25:03.739+0000] {subprocess.py:93} INFO - 26/05/17 00:25:03 INFO BlockManager: Using org.apache.spark.storage.RandomBlockReplicationPolicy for block replication policy
[2026-05-17T00:25:03.748+0000] {subprocess.py:93} INFO - 26/05/17 00:25:03 INFO BlockManagerMaster: Registering BlockManager BlockManagerId(driver, e8a9653e4a1b, 39333, None)
[2026-05-17T00:25:03.751+0000] {subprocess.py:93} INFO - 26/05/17 00:25:03 INFO BlockManagerMasterEndpoint: Registering block manager e8a9653e4a1b:39333 with 434.4 MiB RAM, BlockManagerId(driver, e8a9653e4a1b, 39333, None)
[2026-05-17T00:25:03.752+0000] {subprocess.py:93} INFO - 26/05/17 00:25:03 INFO BlockManagerMaster: Registered BlockManager BlockManagerId(driver, e8a9653e4a1b, 39333, None)
[2026-05-17T00:25:03.753+0000] {subprocess.py:93} INFO - 26/05/17 00:25:03 INFO BlockManager: Initialized BlockManager: BlockManagerId(driver, e8a9653e4a1b, 39333, None)
[2026-05-17T00:25:03.760+0000] {subprocess.py:93} INFO - 26/05/17 00:25:03 INFO StandaloneAppClient$ClientEndpoint: Executor updated: app-20260517002503-0148/0 is now RUNNING
[2026-05-17T00:25:03.909+0000] {subprocess.py:93} INFO - 26/05/17 00:25:03 INFO StandaloneSchedulerBackend: SchedulerBackend is ready for scheduling beginning after reached minRegisteredResourcesRatio: 0.0
[2026-05-17T00:25:04.806+0000] {subprocess.py:93} INFO - 26/05/17 00:25:04 WARN MetricsConfig: Cannot locate configuration: tried hadoop-metrics2-s3a-file-system.properties,hadoop-metrics2.properties
[2026-05-17T00:25:09.102+0000] {subprocess.py:93} INFO - Lecture SILVER terminée
[2026-05-17T00:25:17.372+0000] {subprocess.py:93} INFO - Table articles_par_jour créée
[2026-05-17T00:25:24.181+0000] {subprocess.py:93} INFO - Table articles_par_source créée
[2026-05-17T00:25:30.126+0000] {subprocess.py:93} INFO - Table top_categories créée
[2026-05-17T00:25:35.771+0000] {subprocess.py:93} INFO - Table articles_par_source_jour créée
[2026-05-17T00:25:35.773+0000] {subprocess.py:93} INFO - 
[2026-05-17T00:25:35.776+0000] {subprocess.py:93} INFO - ==============================
[2026-05-17T00:25:35.776+0000] {subprocess.py:93} INFO - GOLD LAYER TERMINÉ
[2026-05-17T00:25:35.777+0000] {subprocess.py:93} INFO - ==============================
[2026-05-17T00:25:36.042+0000] {subprocess.py:97} INFO - Command exited with return code 0
[2026-05-17T00:25:36.043+0000] {taskinstance.py:441} INFO - ::group::Post task execution logs
[2026-05-17T00:25:36.134+0000] {taskinstance.py:1206} INFO - Marking task as SUCCESS. dag_id=medallion_gold_layer, task_id=gold_processing, run_id=scheduled__2026-05-17T00:20:00+00:00, execution_date=20260517T002000, start_date=20260517T002500, end_date=20260517T002536
[2026-05-17T00:25:36.273+0000] {local_task_job_runner.py:240} INFO - Task exited with return code 0
[2026-05-17T00:25:36.315+0000] {taskinstance.py:3498} INFO - 0 downstream tasks scheduled from follow-on schedule check
[2026-05-17T00:25:36.317+0000] {local_task_job_runner.py:222} INFO - ::endgroup::
