[2026-05-19T10:30:01.789+0000] {local_task_job_runner.py:120} INFO - ::group::Pre task execution logs
[2026-05-19T10:30:01.897+0000] {taskinstance.py:2076} INFO - Dependencies all met for dep_context=non-requeueable deps ti=<TaskInstance: medallion_gold_layer.gold_processing scheduled__2026-05-19T10:25:00+00:00 [queued]>
[2026-05-19T10:30:01.914+0000] {taskinstance.py:2076} INFO - Dependencies all met for dep_context=requeueable deps ti=<TaskInstance: medallion_gold_layer.gold_processing scheduled__2026-05-19T10:25:00+00:00 [queued]>
[2026-05-19T10:30:01.916+0000] {taskinstance.py:2306} INFO - Starting attempt 1 of 2
[2026-05-19T10:30:01.964+0000] {taskinstance.py:2330} INFO - Executing <Task(BashOperator): gold_processing> on 2026-05-19 10:25:00+00:00
[2026-05-19T10:30:01.975+0000] {standard_task_runner.py:63} INFO - Started process 7113 to run task
[2026-05-19T10:30:01.988+0000] {standard_task_runner.py:90} INFO - Running: ['airflow', 'tasks', 'run', 'medallion_gold_layer', 'gold_processing', 'scheduled__2026-05-19T10:25:00+00:00', '--job-id', '299', '--raw', '--subdir', 'DAGS_FOLDER/gold_layer_dag.py', '--cfg-path', '/tmp/tmpkk6ck253']
[2026-05-19T10:30:01.997+0000] {standard_task_runner.py:91} INFO - Job 299: Subtask gold_processing
[2026-05-19T10:30:02.412+0000] {task_command.py:426} INFO - Running <TaskInstance: medallion_gold_layer.gold_processing scheduled__2026-05-19T10:25:00+00:00 [running]> on host c43074c3fd7c
[2026-05-19T10:30:03.305+0000] {taskinstance.py:2648} INFO - Exporting env vars: AIRFLOW_CTX_DAG_OWNER='ikram' AIRFLOW_CTX_DAG_ID='medallion_gold_layer' AIRFLOW_CTX_TASK_ID='gold_processing' AIRFLOW_CTX_EXECUTION_DATE='2026-05-19T10:25:00+00:00' AIRFLOW_CTX_TRY_NUMBER='1' AIRFLOW_CTX_DAG_RUN_ID='scheduled__2026-05-19T10:25:00+00:00'
[2026-05-19T10:30:03.307+0000] {taskinstance.py:430} INFO - ::endgroup::
[2026-05-19T10:30:03.343+0000] {subprocess.py:63} INFO - Tmp dir root location: /tmp
[2026-05-19T10:30:03.347+0000] {subprocess.py:75} INFO - Running command: ['/usr/bin/bash', '-c', '\n    spark-submit     --master spark://spark-master:7077     --executor-memory 512M     --executor-cores 1     --total-executor-cores 1     --jars /opt/airflow/jars/aws-java-sdk-bundle-1.12.262.jar,/opt/airflow/jars/hadoop-aws-3.3.4.jar,/opt/airflow/jars/postgresql-42.7.3.jar     /opt/spark_jobs/gold_processor.py\n    ']
[2026-05-19T10:30:03.366+0000] {subprocess.py:86} INFO - Output:
[2026-05-19T10:30:07.030+0000] {subprocess.py:93} INFO - 26/05/19 10:30:07 WARN NativeCodeLoader: Unable to load native-hadoop library for your platform... using builtin-java classes where applicable
[2026-05-19T10:30:09.242+0000] {subprocess.py:93} INFO - 26/05/19 10:30:09 INFO SparkContext: Running Spark version 3.5.1
[2026-05-19T10:30:09.243+0000] {subprocess.py:93} INFO - 26/05/19 10:30:09 INFO SparkContext: OS info Linux, 6.6.87.2-microsoft-standard-WSL2, amd64
[2026-05-19T10:30:09.244+0000] {subprocess.py:93} INFO - 26/05/19 10:30:09 INFO SparkContext: Java version 17.0.19
[2026-05-19T10:30:09.285+0000] {subprocess.py:93} INFO - 26/05/19 10:30:09 INFO ResourceUtils: ==============================================================
[2026-05-19T10:30:09.287+0000] {subprocess.py:93} INFO - 26/05/19 10:30:09 INFO ResourceUtils: No custom resources configured for spark.driver.
[2026-05-19T10:30:09.289+0000] {subprocess.py:93} INFO - 26/05/19 10:30:09 INFO ResourceUtils: ==============================================================
[2026-05-19T10:30:09.290+0000] {subprocess.py:93} INFO - 26/05/19 10:30:09 INFO SparkContext: Submitted application: GoldLayerProcessor
[2026-05-19T10:30:09.321+0000] {subprocess.py:93} INFO - 26/05/19 10:30:09 INFO ResourceProfile: Default ResourceProfile created, executor resources: Map(cores -> name: cores, amount: 1, script: , vendor: , memory -> name: memory, amount: 512, script: , vendor: , offHeap -> name: offHeap, amount: 0, script: , vendor: ), task resources: Map(cpus -> name: cpus, amount: 1.0)
[2026-05-19T10:30:09.340+0000] {subprocess.py:93} INFO - 26/05/19 10:30:09 INFO ResourceProfile: Limiting resource is cpus at 1 tasks per executor
[2026-05-19T10:30:09.346+0000] {subprocess.py:93} INFO - 26/05/19 10:30:09 INFO ResourceProfileManager: Added ResourceProfile id: 0
[2026-05-19T10:30:09.429+0000] {subprocess.py:93} INFO - 26/05/19 10:30:09 INFO SecurityManager: Changing view acls to: airflow
[2026-05-19T10:30:09.431+0000] {subprocess.py:93} INFO - 26/05/19 10:30:09 INFO SecurityManager: Changing modify acls to: airflow
[2026-05-19T10:30:09.432+0000] {subprocess.py:93} INFO - 26/05/19 10:30:09 INFO SecurityManager: Changing view acls groups to:
[2026-05-19T10:30:09.433+0000] {subprocess.py:93} INFO - 26/05/19 10:30:09 INFO SecurityManager: Changing modify acls groups to:
[2026-05-19T10:30:09.435+0000] {subprocess.py:93} INFO - 26/05/19 10:30:09 INFO SecurityManager: SecurityManager: authentication disabled; ui acls disabled; users with view permissions: airflow; groups with view permissions: EMPTY; users with modify permissions: airflow; groups with modify permissions: EMPTY
[2026-05-19T10:30:09.781+0000] {subprocess.py:93} INFO - 26/05/19 10:30:09 INFO Utils: Successfully started service 'sparkDriver' on port 41981.
[2026-05-19T10:30:09.828+0000] {subprocess.py:93} INFO - 26/05/19 10:30:09 INFO SparkEnv: Registering MapOutputTracker
[2026-05-19T10:30:09.885+0000] {subprocess.py:93} INFO - 26/05/19 10:30:09 INFO SparkEnv: Registering BlockManagerMaster
[2026-05-19T10:30:09.912+0000] {subprocess.py:93} INFO - 26/05/19 10:30:09 INFO BlockManagerMasterEndpoint: Using org.apache.spark.storage.DefaultTopologyMapper for getting topology information
[2026-05-19T10:30:09.913+0000] {subprocess.py:93} INFO - 26/05/19 10:30:09 INFO BlockManagerMasterEndpoint: BlockManagerMasterEndpoint up
[2026-05-19T10:30:09.920+0000] {subprocess.py:93} INFO - 26/05/19 10:30:09 INFO SparkEnv: Registering BlockManagerMasterHeartbeat
[2026-05-19T10:30:09.952+0000] {subprocess.py:93} INFO - 26/05/19 10:30:09 INFO DiskBlockManager: Created local directory at /tmp/blockmgr-944f55b5-be31-4552-8d7c-4579d9c480a4
[2026-05-19T10:30:09.970+0000] {subprocess.py:93} INFO - 26/05/19 10:30:09 INFO MemoryStore: MemoryStore started with capacity 434.4 MiB
[2026-05-19T10:30:09.997+0000] {subprocess.py:93} INFO - 26/05/19 10:30:09 INFO SparkEnv: Registering OutputCommitCoordinator
[2026-05-19T10:30:10.181+0000] {subprocess.py:93} INFO - 26/05/19 10:30:10 INFO JettyUtils: Start Jetty 0.0.0.0:4040 for SparkUI
[2026-05-19T10:30:10.353+0000] {subprocess.py:93} INFO - 26/05/19 10:30:10 INFO Utils: Successfully started service 'SparkUI' on port 4040.
[2026-05-19T10:30:10.411+0000] {subprocess.py:93} INFO - 26/05/19 10:30:10 INFO SparkContext: Added JAR file:///opt/airflow/jars/aws-java-sdk-bundle-1.12.262.jar at spark://c43074c3fd7c:41981/jars/aws-java-sdk-bundle-1.12.262.jar with timestamp 1779186609231
[2026-05-19T10:30:10.412+0000] {subprocess.py:93} INFO - 26/05/19 10:30:10 INFO SparkContext: Added JAR file:///opt/airflow/jars/hadoop-aws-3.3.4.jar at spark://c43074c3fd7c:41981/jars/hadoop-aws-3.3.4.jar with timestamp 1779186609231
[2026-05-19T10:30:10.414+0000] {subprocess.py:93} INFO - 26/05/19 10:30:10 INFO SparkContext: Added JAR file:///opt/airflow/jars/postgresql-42.7.3.jar at spark://c43074c3fd7c:41981/jars/postgresql-42.7.3.jar with timestamp 1779186609231
[2026-05-19T10:30:10.546+0000] {subprocess.py:93} INFO - 26/05/19 10:30:10 INFO StandaloneAppClient$ClientEndpoint: Connecting to master spark://spark-master:7077...
[2026-05-19T10:30:10.642+0000] {subprocess.py:93} INFO - 26/05/19 10:30:10 INFO TransportClientFactory: Successfully created connection to spark-master/172.18.0.4:7077 after 41 ms (0 ms spent in bootstraps)
[2026-05-19T10:30:10.806+0000] {subprocess.py:93} INFO - 26/05/19 10:30:10 INFO StandaloneSchedulerBackend: Connected to Spark cluster with app ID app-20260519103010-0028
[2026-05-19T10:30:10.813+0000] {subprocess.py:93} INFO - 26/05/19 10:30:10 INFO StandaloneAppClient$ClientEndpoint: Executor added: app-20260519103010-0028/0 on worker-20260518211503-172.18.0.3-40747 (172.18.0.3:40747) with 1 core(s)
[2026-05-19T10:30:10.818+0000] {subprocess.py:93} INFO - 26/05/19 10:30:10 INFO StandaloneSchedulerBackend: Granted executor ID app-20260519103010-0028/0 on hostPort 172.18.0.3:40747 with 1 core(s), 512.0 MiB RAM
[2026-05-19T10:30:10.837+0000] {subprocess.py:93} INFO - 26/05/19 10:30:10 INFO Utils: Successfully started service 'org.apache.spark.network.netty.NettyBlockTransferService' on port 37835.
[2026-05-19T10:30:10.839+0000] {subprocess.py:93} INFO - 26/05/19 10:30:10 INFO NettyBlockTransferService: Server created on c43074c3fd7c:37835
[2026-05-19T10:30:10.845+0000] {subprocess.py:93} INFO - 26/05/19 10:30:10 INFO BlockManager: Using org.apache.spark.storage.RandomBlockReplicationPolicy for block replication policy
[2026-05-19T10:30:10.865+0000] {subprocess.py:93} INFO - 26/05/19 10:30:10 INFO BlockManagerMaster: Registering BlockManager BlockManagerId(driver, c43074c3fd7c, 37835, None)
[2026-05-19T10:30:10.872+0000] {subprocess.py:93} INFO - 26/05/19 10:30:10 INFO BlockManagerMasterEndpoint: Registering block manager c43074c3fd7c:37835 with 434.4 MiB RAM, BlockManagerId(driver, c43074c3fd7c, 37835, None)
[2026-05-19T10:30:10.878+0000] {subprocess.py:93} INFO - 26/05/19 10:30:10 INFO BlockManagerMaster: Registered BlockManager BlockManagerId(driver, c43074c3fd7c, 37835, None)
[2026-05-19T10:30:10.880+0000] {subprocess.py:93} INFO - 26/05/19 10:30:10 INFO BlockManager: Initialized BlockManager: BlockManagerId(driver, c43074c3fd7c, 37835, None)
[2026-05-19T10:30:10.893+0000] {subprocess.py:93} INFO - 26/05/19 10:30:10 INFO StandaloneAppClient$ClientEndpoint: Executor updated: app-20260519103010-0028/0 is now RUNNING
[2026-05-19T10:30:11.317+0000] {subprocess.py:93} INFO - 26/05/19 10:30:11 INFO StandaloneSchedulerBackend: SchedulerBackend is ready for scheduling beginning after reached minRegisteredResourcesRatio: 0.0
[2026-05-19T10:30:13.381+0000] {subprocess.py:93} INFO - 26/05/19 10:30:13 WARN MetricsConfig: Cannot locate configuration: tried hadoop-metrics2-s3a-file-system.properties,hadoop-metrics2.properties
[2026-05-19T10:30:33.184+0000] {subprocess.py:93} INFO - Lecture SILVER terminée
[2026-05-19T10:31:13.766+0000] {subprocess.py:93} INFO - Table articles_par_jour créée
[2026-05-19T10:31:47.086+0000] {subprocess.py:93} INFO - Table articles_par_source créée
[2026-05-19T10:32:18.469+0000] {subprocess.py:93} INFO - Table top_categories créée
[2026-05-19T10:32:44.866+0000] {subprocess.py:93} INFO - Table articles_par_source_jour créée
[2026-05-19T10:32:44.867+0000] {subprocess.py:93} INFO - 
[2026-05-19T10:32:44.869+0000] {subprocess.py:93} INFO - ==============================
[2026-05-19T10:32:44.870+0000] {subprocess.py:93} INFO - GOLD LAYER TERMINÉ
[2026-05-19T10:32:44.871+0000] {subprocess.py:93} INFO - ==============================
[2026-05-19T10:32:45.748+0000] {subprocess.py:97} INFO - Command exited with return code 0
[2026-05-19T10:32:45.750+0000] {taskinstance.py:441} INFO - ::group::Post task execution logs
[2026-05-19T10:32:46.197+0000] {taskinstance.py:1206} INFO - Marking task as SUCCESS. dag_id=medallion_gold_layer, task_id=gold_processing, run_id=scheduled__2026-05-19T10:25:00+00:00, execution_date=20260519T102500, start_date=20260519T103001, end_date=20260519T103246
[2026-05-19T10:32:46.248+0000] {local_task_job_runner.py:240} INFO - Task exited with return code 0
[2026-05-19T10:32:46.316+0000] {taskinstance.py:3498} INFO - 0 downstream tasks scheduled from follow-on schedule check
[2026-05-19T10:32:46.320+0000] {local_task_job_runner.py:222} INFO - ::endgroup::
