[2026-05-15T13:32:30.162+0000] {local_task_job_runner.py:120} INFO - ::group::Pre task execution logs
[2026-05-15T13:32:30.210+0000] {taskinstance.py:2076} INFO - Dependencies all met for dep_context=non-requeueable deps ti=<TaskInstance: medallion_gold_layer.gold_processing scheduled__2026-05-15T13:25:00+00:00 [queued]>
[2026-05-15T13:32:30.217+0000] {taskinstance.py:2076} INFO - Dependencies all met for dep_context=requeueable deps ti=<TaskInstance: medallion_gold_layer.gold_processing scheduled__2026-05-15T13:25:00+00:00 [queued]>
[2026-05-15T13:32:30.218+0000] {taskinstance.py:2306} INFO - Starting attempt 1 of 2
[2026-05-15T13:32:30.229+0000] {taskinstance.py:2330} INFO - Executing <Task(BashOperator): gold_processing> on 2026-05-15 13:25:00+00:00
[2026-05-15T13:32:30.233+0000] {standard_task_runner.py:63} INFO - Started process 12279 to run task
[2026-05-15T13:32:30.236+0000] {standard_task_runner.py:90} INFO - Running: ['airflow', 'tasks', 'run', 'medallion_gold_layer', 'gold_processing', 'scheduled__2026-05-15T13:25:00+00:00', '--job-id', '35', '--raw', '--subdir', 'DAGS_FOLDER/gold_layer_dag.py', '--cfg-path', '/tmp/tmphkrpvrk7']
[2026-05-15T13:32:30.237+0000] {standard_task_runner.py:91} INFO - Job 35: Subtask gold_processing
[2026-05-15T13:32:30.342+0000] {task_command.py:426} INFO - Running <TaskInstance: medallion_gold_layer.gold_processing scheduled__2026-05-15T13:25:00+00:00 [running]> on host e8a9653e4a1b
[2026-05-15T13:32:30.524+0000] {taskinstance.py:2648} INFO - Exporting env vars: AIRFLOW_CTX_DAG_OWNER='anass' AIRFLOW_CTX_DAG_ID='medallion_gold_layer' AIRFLOW_CTX_TASK_ID='gold_processing' AIRFLOW_CTX_EXECUTION_DATE='2026-05-15T13:25:00+00:00' AIRFLOW_CTX_TRY_NUMBER='1' AIRFLOW_CTX_DAG_RUN_ID='scheduled__2026-05-15T13:25:00+00:00'
[2026-05-15T13:32:30.525+0000] {taskinstance.py:430} INFO - ::endgroup::
[2026-05-15T13:32:30.536+0000] {subprocess.py:63} INFO - Tmp dir root location: /tmp
[2026-05-15T13:32:30.537+0000] {subprocess.py:75} INFO - Running command: ['/usr/bin/bash', '-c', '\n    spark-submit     --master spark://spark-master:7077     --executor-memory 512M     --executor-cores 1     --total-executor-cores 1     --jars /opt/airflow/jars/aws-java-sdk-bundle-1.12.262.jar,/opt/airflow/jars/hadoop-aws-3.3.4.jar,/opt/airflow/jars/postgresql-42.7.3.jar     /opt/spark_jobs/gold_processor.py\n    ']
[2026-05-15T13:32:30.549+0000] {subprocess.py:86} INFO - Output:
[2026-05-15T13:32:32.531+0000] {subprocess.py:93} INFO - 26/05/15 13:32:32 WARN NativeCodeLoader: Unable to load native-hadoop library for your platform... using builtin-java classes where applicable
[2026-05-15T13:32:33.739+0000] {subprocess.py:93} INFO - 26/05/15 13:32:33 INFO SparkContext: Running Spark version 3.5.1
[2026-05-15T13:32:33.740+0000] {subprocess.py:93} INFO - 26/05/15 13:32:33 INFO SparkContext: OS info Linux, 6.6.87.2-microsoft-standard-WSL2, amd64
[2026-05-15T13:32:33.741+0000] {subprocess.py:93} INFO - 26/05/15 13:32:33 INFO SparkContext: Java version 17.0.19
[2026-05-15T13:32:33.762+0000] {subprocess.py:93} INFO - 26/05/15 13:32:33 INFO ResourceUtils: ==============================================================
[2026-05-15T13:32:33.763+0000] {subprocess.py:93} INFO - 26/05/15 13:32:33 INFO ResourceUtils: No custom resources configured for spark.driver.
[2026-05-15T13:32:33.764+0000] {subprocess.py:93} INFO - 26/05/15 13:32:33 INFO ResourceUtils: ==============================================================
[2026-05-15T13:32:33.764+0000] {subprocess.py:93} INFO - 26/05/15 13:32:33 INFO SparkContext: Submitted application: GoldLayerProcessor
[2026-05-15T13:32:33.778+0000] {subprocess.py:93} INFO - 26/05/15 13:32:33 INFO ResourceProfile: Default ResourceProfile created, executor resources: Map(cores -> name: cores, amount: 1, script: , vendor: , memory -> name: memory, amount: 512, script: , vendor: , offHeap -> name: offHeap, amount: 0, script: , vendor: ), task resources: Map(cpus -> name: cpus, amount: 1.0)
[2026-05-15T13:32:33.785+0000] {subprocess.py:93} INFO - 26/05/15 13:32:33 INFO ResourceProfile: Limiting resource is cpus at 1 tasks per executor
[2026-05-15T13:32:33.787+0000] {subprocess.py:93} INFO - 26/05/15 13:32:33 INFO ResourceProfileManager: Added ResourceProfile id: 0
[2026-05-15T13:32:33.825+0000] {subprocess.py:93} INFO - 26/05/15 13:32:33 INFO SecurityManager: Changing view acls to: airflow
[2026-05-15T13:32:33.826+0000] {subprocess.py:93} INFO - 26/05/15 13:32:33 INFO SecurityManager: Changing modify acls to: airflow
[2026-05-15T13:32:33.826+0000] {subprocess.py:93} INFO - 26/05/15 13:32:33 INFO SecurityManager: Changing view acls groups to:
[2026-05-15T13:32:33.827+0000] {subprocess.py:93} INFO - 26/05/15 13:32:33 INFO SecurityManager: Changing modify acls groups to:
[2026-05-15T13:32:33.827+0000] {subprocess.py:93} INFO - 26/05/15 13:32:33 INFO SecurityManager: SecurityManager: authentication disabled; ui acls disabled; users with view permissions: airflow; groups with view permissions: EMPTY; users with modify permissions: airflow; groups with modify permissions: EMPTY
[2026-05-15T13:32:34.005+0000] {subprocess.py:93} INFO - 26/05/15 13:32:34 INFO Utils: Successfully started service 'sparkDriver' on port 33391.
[2026-05-15T13:32:34.043+0000] {subprocess.py:93} INFO - 26/05/15 13:32:34 INFO SparkEnv: Registering MapOutputTracker
[2026-05-15T13:32:34.068+0000] {subprocess.py:93} INFO - 26/05/15 13:32:34 INFO SparkEnv: Registering BlockManagerMaster
[2026-05-15T13:32:34.079+0000] {subprocess.py:93} INFO - 26/05/15 13:32:34 INFO BlockManagerMasterEndpoint: Using org.apache.spark.storage.DefaultTopologyMapper for getting topology information
[2026-05-15T13:32:34.081+0000] {subprocess.py:93} INFO - 26/05/15 13:32:34 INFO BlockManagerMasterEndpoint: BlockManagerMasterEndpoint up
[2026-05-15T13:32:34.083+0000] {subprocess.py:93} INFO - 26/05/15 13:32:34 INFO SparkEnv: Registering BlockManagerMasterHeartbeat
[2026-05-15T13:32:34.094+0000] {subprocess.py:93} INFO - 26/05/15 13:32:34 INFO DiskBlockManager: Created local directory at /tmp/blockmgr-b64b5968-86e6-461e-8846-c4f6b9b60336
[2026-05-15T13:32:34.104+0000] {subprocess.py:93} INFO - 26/05/15 13:32:34 INFO MemoryStore: MemoryStore started with capacity 434.4 MiB
[2026-05-15T13:32:34.118+0000] {subprocess.py:93} INFO - 26/05/15 13:32:34 INFO SparkEnv: Registering OutputCommitCoordinator
[2026-05-15T13:32:34.186+0000] {subprocess.py:93} INFO - 26/05/15 13:32:34 INFO JettyUtils: Start Jetty 0.0.0.0:4040 for SparkUI
[2026-05-15T13:32:34.236+0000] {subprocess.py:93} INFO - 26/05/15 13:32:34 INFO Utils: Successfully started service 'SparkUI' on port 4040.
[2026-05-15T13:32:34.261+0000] {subprocess.py:93} INFO - 26/05/15 13:32:34 INFO SparkContext: Added JAR file:///opt/airflow/jars/aws-java-sdk-bundle-1.12.262.jar at spark://e8a9653e4a1b:33391/jars/aws-java-sdk-bundle-1.12.262.jar with timestamp 1778851953733
[2026-05-15T13:32:34.263+0000] {subprocess.py:93} INFO - 26/05/15 13:32:34 INFO SparkContext: Added JAR file:///opt/airflow/jars/hadoop-aws-3.3.4.jar at spark://e8a9653e4a1b:33391/jars/hadoop-aws-3.3.4.jar with timestamp 1778851953733
[2026-05-15T13:32:34.265+0000] {subprocess.py:93} INFO - 26/05/15 13:32:34 INFO SparkContext: Added JAR file:///opt/airflow/jars/postgresql-42.7.3.jar at spark://e8a9653e4a1b:33391/jars/postgresql-42.7.3.jar with timestamp 1778851953733
[2026-05-15T13:32:34.311+0000] {subprocess.py:93} INFO - 26/05/15 13:32:34 INFO StandaloneAppClient$ClientEndpoint: Connecting to master spark://spark-master:7077...
[2026-05-15T13:32:34.341+0000] {subprocess.py:93} INFO - 26/05/15 13:32:34 INFO TransportClientFactory: Successfully created connection to spark-master/172.18.0.6:7077 after 15 ms (0 ms spent in bootstraps)
[2026-05-15T13:32:34.396+0000] {subprocess.py:93} INFO - 26/05/15 13:32:34 INFO StandaloneSchedulerBackend: Connected to Spark cluster with app ID app-20260515133234-0034
[2026-05-15T13:32:34.414+0000] {subprocess.py:93} INFO - 26/05/15 13:32:34 INFO StandaloneAppClient$ClientEndpoint: Executor added: app-20260515133234-0034/0 on worker-20260514105200-172.18.0.13-40347 (172.18.0.13:40347) with 1 core(s)
[2026-05-15T13:32:34.417+0000] {subprocess.py:93} INFO - 26/05/15 13:32:34 INFO StandaloneSchedulerBackend: Granted executor ID app-20260515133234-0034/0 on hostPort 172.18.0.13:40347 with 1 core(s), 512.0 MiB RAM
[2026-05-15T13:32:34.422+0000] {subprocess.py:93} INFO - 26/05/15 13:32:34 INFO Utils: Successfully started service 'org.apache.spark.network.netty.NettyBlockTransferService' on port 35595.
[2026-05-15T13:32:34.423+0000] {subprocess.py:93} INFO - 26/05/15 13:32:34 INFO NettyBlockTransferService: Server created on e8a9653e4a1b:35595
[2026-05-15T13:32:34.425+0000] {subprocess.py:93} INFO - 26/05/15 13:32:34 INFO BlockManager: Using org.apache.spark.storage.RandomBlockReplicationPolicy for block replication policy
[2026-05-15T13:32:34.432+0000] {subprocess.py:93} INFO - 26/05/15 13:32:34 INFO BlockManagerMaster: Registering BlockManager BlockManagerId(driver, e8a9653e4a1b, 35595, None)
[2026-05-15T13:32:34.435+0000] {subprocess.py:93} INFO - 26/05/15 13:32:34 INFO BlockManagerMasterEndpoint: Registering block manager e8a9653e4a1b:35595 with 434.4 MiB RAM, BlockManagerId(driver, e8a9653e4a1b, 35595, None)
[2026-05-15T13:32:34.438+0000] {subprocess.py:93} INFO - 26/05/15 13:32:34 INFO BlockManagerMaster: Registered BlockManager BlockManagerId(driver, e8a9653e4a1b, 35595, None)
[2026-05-15T13:32:34.439+0000] {subprocess.py:93} INFO - 26/05/15 13:32:34 INFO BlockManager: Initialized BlockManager: BlockManagerId(driver, e8a9653e4a1b, 35595, None)
[2026-05-15T13:32:34.467+0000] {subprocess.py:93} INFO - 26/05/15 13:32:34 INFO StandaloneAppClient$ClientEndpoint: Executor updated: app-20260515133234-0034/0 is now RUNNING
[2026-05-15T13:32:34.782+0000] {subprocess.py:93} INFO - 26/05/15 13:32:34 INFO StandaloneSchedulerBackend: SchedulerBackend is ready for scheduling beginning after reached minRegisteredResourcesRatio: 0.0
[2026-05-15T13:32:36.033+0000] {subprocess.py:93} INFO - 26/05/15 13:32:36 WARN MetricsConfig: Cannot locate configuration: tried hadoop-metrics2-s3a-file-system.properties,hadoop-metrics2.properties
[2026-05-15T13:32:42.056+0000] {subprocess.py:93} INFO - Lecture SILVER terminée
[2026-05-15T13:32:47.390+0000] {subprocess.py:93} INFO - Table articles_par_jour créée
[2026-05-15T13:32:50.882+0000] {subprocess.py:93} INFO - Table articles_par_source créée
[2026-05-15T13:32:53.978+0000] {subprocess.py:93} INFO - Table top_categories créée
[2026-05-15T13:32:56.627+0000] {subprocess.py:93} INFO - Table articles_par_source_jour créée
[2026-05-15T13:32:56.628+0000] {subprocess.py:93} INFO - 
[2026-05-15T13:32:56.629+0000] {subprocess.py:93} INFO - ==============================
[2026-05-15T13:32:56.629+0000] {subprocess.py:93} INFO - GOLD LAYER TERMINÉ
[2026-05-15T13:32:56.630+0000] {subprocess.py:93} INFO - ==============================
[2026-05-15T13:32:57.443+0000] {subprocess.py:97} INFO - Command exited with return code 0
[2026-05-15T13:32:57.444+0000] {taskinstance.py:441} INFO - ::group::Post task execution logs
[2026-05-15T13:32:57.523+0000] {taskinstance.py:1206} INFO - Marking task as SUCCESS. dag_id=medallion_gold_layer, task_id=gold_processing, run_id=scheduled__2026-05-15T13:25:00+00:00, execution_date=20260515T132500, start_date=20260515T133230, end_date=20260515T133257
[2026-05-15T13:32:57.715+0000] {local_task_job_runner.py:240} INFO - Task exited with return code 0
[2026-05-15T13:32:57.752+0000] {taskinstance.py:3498} INFO - 0 downstream tasks scheduled from follow-on schedule check
[2026-05-15T13:32:57.755+0000] {local_task_job_runner.py:222} INFO - ::endgroup::
