[2026-05-19T12:35:57.177+0000] {local_task_job_runner.py:120} INFO - ::group::Pre task execution logs
[2026-05-19T12:35:57.417+0000] {taskinstance.py:2076} INFO - Dependencies all met for dep_context=non-requeueable deps ti=<TaskInstance: medallion_gold_layer.gold_processing scheduled__2026-05-19T12:30:00+00:00 [queued]>
[2026-05-19T12:35:57.454+0000] {taskinstance.py:2076} INFO - Dependencies all met for dep_context=requeueable deps ti=<TaskInstance: medallion_gold_layer.gold_processing scheduled__2026-05-19T12:30:00+00:00 [queued]>
[2026-05-19T12:35:57.456+0000] {taskinstance.py:2306} INFO - Starting attempt 1 of 2
[2026-05-19T12:35:57.534+0000] {taskinstance.py:2330} INFO - Executing <Task(BashOperator): gold_processing> on 2026-05-19 12:30:00+00:00
[2026-05-19T12:35:57.548+0000] {standard_task_runner.py:63} INFO - Started process 11231 to run task
[2026-05-19T12:35:57.562+0000] {standard_task_runner.py:90} INFO - Running: ['airflow', 'tasks', 'run', 'medallion_gold_layer', 'gold_processing', 'scheduled__2026-05-19T12:30:00+00:00', '--job-id', '312', '--raw', '--subdir', 'DAGS_FOLDER/gold_layer_dag.py', '--cfg-path', '/tmp/tmprvjbffaj']
[2026-05-19T12:35:57.569+0000] {standard_task_runner.py:91} INFO - Job 312: Subtask gold_processing
[2026-05-19T12:35:58.054+0000] {task_command.py:426} INFO - Running <TaskInstance: medallion_gold_layer.gold_processing scheduled__2026-05-19T12:30:00+00:00 [running]> on host c43074c3fd7c
[2026-05-19T12:35:58.834+0000] {taskinstance.py:2648} INFO - Exporting env vars: AIRFLOW_CTX_DAG_OWNER='ikram' AIRFLOW_CTX_DAG_ID='medallion_gold_layer' AIRFLOW_CTX_TASK_ID='gold_processing' AIRFLOW_CTX_EXECUTION_DATE='2026-05-19T12:30:00+00:00' AIRFLOW_CTX_TRY_NUMBER='1' AIRFLOW_CTX_DAG_RUN_ID='scheduled__2026-05-19T12:30:00+00:00'
[2026-05-19T12:35:58.837+0000] {taskinstance.py:430} INFO - ::endgroup::
[2026-05-19T12:35:58.879+0000] {subprocess.py:63} INFO - Tmp dir root location: /tmp
[2026-05-19T12:35:58.882+0000] {subprocess.py:75} INFO - Running command: ['/usr/bin/bash', '-c', '\n    spark-submit     --master spark://spark-master:7077     --executor-memory 512M     --executor-cores 1     --total-executor-cores 1     --jars /opt/airflow/jars/aws-java-sdk-bundle-1.12.262.jar,/opt/airflow/jars/hadoop-aws-3.3.4.jar,/opt/airflow/jars/postgresql-42.7.3.jar     /opt/spark_jobs/gold_processor.py\n    ']
[2026-05-19T12:35:58.901+0000] {subprocess.py:86} INFO - Output:
[2026-05-19T12:36:03.124+0000] {subprocess.py:93} INFO - 26/05/19 12:36:03 WARN NativeCodeLoader: Unable to load native-hadoop library for your platform... using builtin-java classes where applicable
[2026-05-19T12:36:05.499+0000] {subprocess.py:93} INFO - 26/05/19 12:36:05 INFO SparkContext: Running Spark version 3.5.1
[2026-05-19T12:36:05.502+0000] {subprocess.py:93} INFO - 26/05/19 12:36:05 INFO SparkContext: OS info Linux, 6.6.87.2-microsoft-standard-WSL2, amd64
[2026-05-19T12:36:05.503+0000] {subprocess.py:93} INFO - 26/05/19 12:36:05 INFO SparkContext: Java version 17.0.19
[2026-05-19T12:36:05.554+0000] {subprocess.py:93} INFO - 26/05/19 12:36:05 INFO ResourceUtils: ==============================================================
[2026-05-19T12:36:05.556+0000] {subprocess.py:93} INFO - 26/05/19 12:36:05 INFO ResourceUtils: No custom resources configured for spark.driver.
[2026-05-19T12:36:05.557+0000] {subprocess.py:93} INFO - 26/05/19 12:36:05 INFO ResourceUtils: ==============================================================
[2026-05-19T12:36:05.558+0000] {subprocess.py:93} INFO - 26/05/19 12:36:05 INFO SparkContext: Submitted application: GoldLayerProcessor
[2026-05-19T12:36:05.592+0000] {subprocess.py:93} INFO - 26/05/19 12:36:05 INFO ResourceProfile: Default ResourceProfile created, executor resources: Map(cores -> name: cores, amount: 1, script: , vendor: , memory -> name: memory, amount: 512, script: , vendor: , offHeap -> name: offHeap, amount: 0, script: , vendor: ), task resources: Map(cpus -> name: cpus, amount: 1.0)
[2026-05-19T12:36:05.612+0000] {subprocess.py:93} INFO - 26/05/19 12:36:05 INFO ResourceProfile: Limiting resource is cpus at 1 tasks per executor
[2026-05-19T12:36:05.619+0000] {subprocess.py:93} INFO - 26/05/19 12:36:05 INFO ResourceProfileManager: Added ResourceProfile id: 0
[2026-05-19T12:36:05.702+0000] {subprocess.py:93} INFO - 26/05/19 12:36:05 INFO SecurityManager: Changing view acls to: airflow
[2026-05-19T12:36:05.703+0000] {subprocess.py:93} INFO - 26/05/19 12:36:05 INFO SecurityManager: Changing modify acls to: airflow
[2026-05-19T12:36:05.705+0000] {subprocess.py:93} INFO - 26/05/19 12:36:05 INFO SecurityManager: Changing view acls groups to:
[2026-05-19T12:36:05.706+0000] {subprocess.py:93} INFO - 26/05/19 12:36:05 INFO SecurityManager: Changing modify acls groups to:
[2026-05-19T12:36:05.707+0000] {subprocess.py:93} INFO - 26/05/19 12:36:05 INFO SecurityManager: SecurityManager: authentication disabled; ui acls disabled; users with view permissions: airflow; groups with view permissions: EMPTY; users with modify permissions: airflow; groups with modify permissions: EMPTY
[2026-05-19T12:36:06.085+0000] {subprocess.py:93} INFO - 26/05/19 12:36:06 INFO Utils: Successfully started service 'sparkDriver' on port 46859.
[2026-05-19T12:36:06.155+0000] {subprocess.py:93} INFO - 26/05/19 12:36:06 INFO SparkEnv: Registering MapOutputTracker
[2026-05-19T12:36:06.219+0000] {subprocess.py:93} INFO - 26/05/19 12:36:06 INFO SparkEnv: Registering BlockManagerMaster
[2026-05-19T12:36:06.247+0000] {subprocess.py:93} INFO - 26/05/19 12:36:06 INFO BlockManagerMasterEndpoint: Using org.apache.spark.storage.DefaultTopologyMapper for getting topology information
[2026-05-19T12:36:06.249+0000] {subprocess.py:93} INFO - 26/05/19 12:36:06 INFO BlockManagerMasterEndpoint: BlockManagerMasterEndpoint up
[2026-05-19T12:36:06.255+0000] {subprocess.py:93} INFO - 26/05/19 12:36:06 INFO SparkEnv: Registering BlockManagerMasterHeartbeat
[2026-05-19T12:36:06.284+0000] {subprocess.py:93} INFO - 26/05/19 12:36:06 INFO DiskBlockManager: Created local directory at /tmp/blockmgr-5b64791e-a302-4ec8-92ac-9e3107c37dbd
[2026-05-19T12:36:06.319+0000] {subprocess.py:93} INFO - 26/05/19 12:36:06 INFO MemoryStore: MemoryStore started with capacity 434.4 MiB
[2026-05-19T12:36:06.375+0000] {subprocess.py:93} INFO - 26/05/19 12:36:06 INFO SparkEnv: Registering OutputCommitCoordinator
[2026-05-19T12:36:06.632+0000] {subprocess.py:93} INFO - 26/05/19 12:36:06 INFO JettyUtils: Start Jetty 0.0.0.0:4040 for SparkUI
[2026-05-19T12:36:06.762+0000] {subprocess.py:93} INFO - 26/05/19 12:36:06 INFO Utils: Successfully started service 'SparkUI' on port 4040.
[2026-05-19T12:36:06.816+0000] {subprocess.py:93} INFO - 26/05/19 12:36:06 INFO SparkContext: Added JAR file:///opt/airflow/jars/aws-java-sdk-bundle-1.12.262.jar at spark://c43074c3fd7c:46859/jars/aws-java-sdk-bundle-1.12.262.jar with timestamp 1779194165475
[2026-05-19T12:36:06.818+0000] {subprocess.py:93} INFO - 26/05/19 12:36:06 INFO SparkContext: Added JAR file:///opt/airflow/jars/hadoop-aws-3.3.4.jar at spark://c43074c3fd7c:46859/jars/hadoop-aws-3.3.4.jar with timestamp 1779194165475
[2026-05-19T12:36:06.819+0000] {subprocess.py:93} INFO - 26/05/19 12:36:06 INFO SparkContext: Added JAR file:///opt/airflow/jars/postgresql-42.7.3.jar at spark://c43074c3fd7c:46859/jars/postgresql-42.7.3.jar with timestamp 1779194165475
[2026-05-19T12:36:06.986+0000] {subprocess.py:93} INFO - 26/05/19 12:36:06 INFO StandaloneAppClient$ClientEndpoint: Connecting to master spark://spark-master:7077...
[2026-05-19T12:36:07.063+0000] {subprocess.py:93} INFO - 26/05/19 12:36:07 INFO TransportClientFactory: Successfully created connection to spark-master/172.18.0.4:7077 after 42 ms (0 ms spent in bootstraps)
[2026-05-19T12:36:07.200+0000] {subprocess.py:93} INFO - 26/05/19 12:36:07 INFO StandaloneSchedulerBackend: Connected to Spark cluster with app ID app-20260519123607-0039
[2026-05-19T12:36:07.205+0000] {subprocess.py:93} INFO - 26/05/19 12:36:07 INFO StandaloneAppClient$ClientEndpoint: Executor added: app-20260519123607-0039/0 on worker-20260518211503-172.18.0.3-40747 (172.18.0.3:40747) with 1 core(s)
[2026-05-19T12:36:07.211+0000] {subprocess.py:93} INFO - 26/05/19 12:36:07 INFO StandaloneSchedulerBackend: Granted executor ID app-20260519123607-0039/0 on hostPort 172.18.0.3:40747 with 1 core(s), 512.0 MiB RAM
[2026-05-19T12:36:07.220+0000] {subprocess.py:93} INFO - 26/05/19 12:36:07 INFO Utils: Successfully started service 'org.apache.spark.network.netty.NettyBlockTransferService' on port 35123.
[2026-05-19T12:36:07.221+0000] {subprocess.py:93} INFO - 26/05/19 12:36:07 INFO NettyBlockTransferService: Server created on c43074c3fd7c:35123
[2026-05-19T12:36:07.223+0000] {subprocess.py:93} INFO - 26/05/19 12:36:07 INFO BlockManager: Using org.apache.spark.storage.RandomBlockReplicationPolicy for block replication policy
[2026-05-19T12:36:07.240+0000] {subprocess.py:93} INFO - 26/05/19 12:36:07 INFO BlockManagerMaster: Registering BlockManager BlockManagerId(driver, c43074c3fd7c, 35123, None)
[2026-05-19T12:36:07.249+0000] {subprocess.py:93} INFO - 26/05/19 12:36:07 INFO BlockManagerMasterEndpoint: Registering block manager c43074c3fd7c:35123 with 434.4 MiB RAM, BlockManagerId(driver, c43074c3fd7c, 35123, None)
[2026-05-19T12:36:07.254+0000] {subprocess.py:93} INFO - 26/05/19 12:36:07 INFO BlockManagerMaster: Registered BlockManager BlockManagerId(driver, c43074c3fd7c, 35123, None)
[2026-05-19T12:36:07.257+0000] {subprocess.py:93} INFO - 26/05/19 12:36:07 INFO BlockManager: Initialized BlockManager: BlockManagerId(driver, c43074c3fd7c, 35123, None)
[2026-05-19T12:36:07.293+0000] {subprocess.py:93} INFO - 26/05/19 12:36:07 INFO StandaloneAppClient$ClientEndpoint: Executor updated: app-20260519123607-0039/0 is now RUNNING
[2026-05-19T12:36:07.663+0000] {subprocess.py:93} INFO - 26/05/19 12:36:07 INFO StandaloneSchedulerBackend: SchedulerBackend is ready for scheduling beginning after reached minRegisteredResourcesRatio: 0.0
[2026-05-19T12:36:09.673+0000] {subprocess.py:93} INFO - 26/05/19 12:36:09 WARN MetricsConfig: Cannot locate configuration: tried hadoop-metrics2-s3a-file-system.properties,hadoop-metrics2.properties
[2026-05-19T12:36:25.971+0000] {subprocess.py:93} INFO - Lecture SILVER terminée
[2026-05-19T12:37:07.940+0000] {subprocess.py:93} INFO - Table articles_par_jour créée
[2026-05-19T12:37:40.484+0000] {subprocess.py:93} INFO - Table articles_par_source créée
[2026-05-19T12:38:14.236+0000] {subprocess.py:93} INFO - Table top_categories créée
[2026-05-19T12:38:43.509+0000] {subprocess.py:93} INFO - Table articles_par_source_jour créée
[2026-05-19T12:38:43.510+0000] {subprocess.py:93} INFO - 
[2026-05-19T12:38:43.511+0000] {subprocess.py:93} INFO - ==============================
[2026-05-19T12:38:43.512+0000] {subprocess.py:93} INFO - GOLD LAYER TERMINÉ
[2026-05-19T12:38:43.514+0000] {subprocess.py:93} INFO - ==============================
[2026-05-19T12:38:44.170+0000] {subprocess.py:97} INFO - Command exited with return code 0
[2026-05-19T12:38:44.173+0000] {taskinstance.py:441} INFO - ::group::Post task execution logs
[2026-05-19T12:38:45.119+0000] {taskinstance.py:1206} INFO - Marking task as SUCCESS. dag_id=medallion_gold_layer, task_id=gold_processing, run_id=scheduled__2026-05-19T12:30:00+00:00, execution_date=20260519T123000, start_date=20260519T123557, end_date=20260519T123845
[2026-05-19T12:38:45.217+0000] {local_task_job_runner.py:240} INFO - Task exited with return code 0
[2026-05-19T12:38:45.364+0000] {taskinstance.py:3498} INFO - 0 downstream tasks scheduled from follow-on schedule check
[2026-05-19T12:38:45.392+0000] {local_task_job_runner.py:222} INFO - ::endgroup::
