[2026-05-18T21:50:02.035+0000] {local_task_job_runner.py:120} INFO - ::group::Pre task execution logs
[2026-05-18T21:50:02.199+0000] {taskinstance.py:2076} INFO - Dependencies all met for dep_context=non-requeueable deps ti=<TaskInstance: medallion_gold_layer.gold_processing scheduled__2026-05-18T21:45:00+00:00 [queued]>
[2026-05-18T21:50:02.231+0000] {taskinstance.py:2076} INFO - Dependencies all met for dep_context=requeueable deps ti=<TaskInstance: medallion_gold_layer.gold_processing scheduled__2026-05-18T21:45:00+00:00 [queued]>
[2026-05-18T21:50:02.233+0000] {taskinstance.py:2306} INFO - Starting attempt 1 of 2
[2026-05-18T21:50:02.274+0000] {taskinstance.py:2330} INFO - Executing <Task(BashOperator): gold_processing> on 2026-05-18 21:45:00+00:00
[2026-05-18T21:50:02.288+0000] {standard_task_runner.py:63} INFO - Started process 3434 to run task
[2026-05-18T21:50:02.297+0000] {standard_task_runner.py:90} INFO - Running: ['airflow', 'tasks', 'run', 'medallion_gold_layer', 'gold_processing', 'scheduled__2026-05-18T21:45:00+00:00', '--job-id', '270', '--raw', '--subdir', 'DAGS_FOLDER/gold_layer_dag.py', '--cfg-path', '/tmp/tmpbd07y_47']
[2026-05-18T21:50:02.305+0000] {standard_task_runner.py:91} INFO - Job 270: Subtask gold_processing
[2026-05-18T21:50:02.739+0000] {task_command.py:426} INFO - Running <TaskInstance: medallion_gold_layer.gold_processing scheduled__2026-05-18T21:45:00+00:00 [running]> on host e8a9653e4a1b
[2026-05-18T21:50:03.354+0000] {taskinstance.py:2648} INFO - Exporting env vars: AIRFLOW_CTX_DAG_OWNER='ikram' AIRFLOW_CTX_DAG_ID='medallion_gold_layer' AIRFLOW_CTX_TASK_ID='gold_processing' AIRFLOW_CTX_EXECUTION_DATE='2026-05-18T21:45:00+00:00' AIRFLOW_CTX_TRY_NUMBER='1' AIRFLOW_CTX_DAG_RUN_ID='scheduled__2026-05-18T21:45:00+00:00'
[2026-05-18T21:50:03.356+0000] {taskinstance.py:430} INFO - ::endgroup::
[2026-05-18T21:50:03.388+0000] {subprocess.py:63} INFO - Tmp dir root location: /tmp
[2026-05-18T21:50:03.393+0000] {subprocess.py:75} INFO - Running command: ['/usr/bin/bash', '-c', '\n    spark-submit     --master spark://spark-master:7077     --executor-memory 512M     --executor-cores 1     --total-executor-cores 1     --jars /opt/airflow/jars/aws-java-sdk-bundle-1.12.262.jar,/opt/airflow/jars/hadoop-aws-3.3.4.jar,/opt/airflow/jars/postgresql-42.7.3.jar     /opt/spark_jobs/gold_processor.py\n    ']
[2026-05-18T21:50:03.413+0000] {subprocess.py:86} INFO - Output:
[2026-05-18T21:50:05.846+0000] {subprocess.py:93} INFO - 26/05/18 21:50:05 WARN NativeCodeLoader: Unable to load native-hadoop library for your platform... using builtin-java classes where applicable
[2026-05-18T21:50:09.030+0000] {subprocess.py:93} INFO - 26/05/18 21:50:09 INFO SparkContext: Running Spark version 3.5.1
[2026-05-18T21:50:09.032+0000] {subprocess.py:93} INFO - 26/05/18 21:50:09 INFO SparkContext: OS info Linux, 6.6.87.2-microsoft-standard-WSL2, amd64
[2026-05-18T21:50:09.033+0000] {subprocess.py:93} INFO - 26/05/18 21:50:09 INFO SparkContext: Java version 17.0.19
[2026-05-18T21:50:09.130+0000] {subprocess.py:93} INFO - 26/05/18 21:50:09 INFO ResourceUtils: ==============================================================
[2026-05-18T21:50:09.133+0000] {subprocess.py:93} INFO - 26/05/18 21:50:09 INFO ResourceUtils: No custom resources configured for spark.driver.
[2026-05-18T21:50:09.135+0000] {subprocess.py:93} INFO - 26/05/18 21:50:09 INFO ResourceUtils: ==============================================================
[2026-05-18T21:50:09.136+0000] {subprocess.py:93} INFO - 26/05/18 21:50:09 INFO SparkContext: Submitted application: GoldLayerProcessor
[2026-05-18T21:50:09.180+0000] {subprocess.py:93} INFO - 26/05/18 21:50:09 INFO ResourceProfile: Default ResourceProfile created, executor resources: Map(cores -> name: cores, amount: 1, script: , vendor: , memory -> name: memory, amount: 512, script: , vendor: , offHeap -> name: offHeap, amount: 0, script: , vendor: ), task resources: Map(cpus -> name: cpus, amount: 1.0)
[2026-05-18T21:50:09.198+0000] {subprocess.py:93} INFO - 26/05/18 21:50:09 INFO ResourceProfile: Limiting resource is cpus at 1 tasks per executor
[2026-05-18T21:50:09.204+0000] {subprocess.py:93} INFO - 26/05/18 21:50:09 INFO ResourceProfileManager: Added ResourceProfile id: 0
[2026-05-18T21:50:09.298+0000] {subprocess.py:93} INFO - 26/05/18 21:50:09 INFO SecurityManager: Changing view acls to: airflow
[2026-05-18T21:50:09.299+0000] {subprocess.py:93} INFO - 26/05/18 21:50:09 INFO SecurityManager: Changing modify acls to: airflow
[2026-05-18T21:50:09.300+0000] {subprocess.py:93} INFO - 26/05/18 21:50:09 INFO SecurityManager: Changing view acls groups to:
[2026-05-18T21:50:09.302+0000] {subprocess.py:93} INFO - 26/05/18 21:50:09 INFO SecurityManager: Changing modify acls groups to:
[2026-05-18T21:50:09.303+0000] {subprocess.py:93} INFO - 26/05/18 21:50:09 INFO SecurityManager: SecurityManager: authentication disabled; ui acls disabled; users with view permissions: airflow; groups with view permissions: EMPTY; users with modify permissions: airflow; groups with modify permissions: EMPTY
[2026-05-18T21:50:09.685+0000] {subprocess.py:93} INFO - 26/05/18 21:50:09 INFO Utils: Successfully started service 'sparkDriver' on port 45435.
[2026-05-18T21:50:09.749+0000] {subprocess.py:93} INFO - 26/05/18 21:50:09 INFO SparkEnv: Registering MapOutputTracker
[2026-05-18T21:50:09.824+0000] {subprocess.py:93} INFO - 26/05/18 21:50:09 INFO SparkEnv: Registering BlockManagerMaster
[2026-05-18T21:50:09.873+0000] {subprocess.py:93} INFO - 26/05/18 21:50:09 INFO BlockManagerMasterEndpoint: Using org.apache.spark.storage.DefaultTopologyMapper for getting topology information
[2026-05-18T21:50:09.878+0000] {subprocess.py:93} INFO - 26/05/18 21:50:09 INFO BlockManagerMasterEndpoint: BlockManagerMasterEndpoint up
[2026-05-18T21:50:09.889+0000] {subprocess.py:93} INFO - 26/05/18 21:50:09 INFO SparkEnv: Registering BlockManagerMasterHeartbeat
[2026-05-18T21:50:09.940+0000] {subprocess.py:93} INFO - 26/05/18 21:50:09 INFO DiskBlockManager: Created local directory at /tmp/blockmgr-265dd2c1-54e8-4c46-b783-9ea502b40c80
[2026-05-18T21:50:09.989+0000] {subprocess.py:93} INFO - 26/05/18 21:50:09 INFO MemoryStore: MemoryStore started with capacity 434.4 MiB
[2026-05-18T21:50:10.050+0000] {subprocess.py:93} INFO - 26/05/18 21:50:10 INFO SparkEnv: Registering OutputCommitCoordinator
[2026-05-18T21:50:10.318+0000] {subprocess.py:93} INFO - 26/05/18 21:50:10 INFO JettyUtils: Start Jetty 0.0.0.0:4040 for SparkUI
[2026-05-18T21:50:10.492+0000] {subprocess.py:93} INFO - 26/05/18 21:50:10 INFO Utils: Successfully started service 'SparkUI' on port 4040.
[2026-05-18T21:50:10.624+0000] {subprocess.py:93} INFO - 26/05/18 21:50:10 INFO SparkContext: Added JAR file:///opt/airflow/jars/aws-java-sdk-bundle-1.12.262.jar at spark://e8a9653e4a1b:45435/jars/aws-java-sdk-bundle-1.12.262.jar with timestamp 1779141009006
[2026-05-18T21:50:10.625+0000] {subprocess.py:93} INFO - 26/05/18 21:50:10 INFO SparkContext: Added JAR file:///opt/airflow/jars/hadoop-aws-3.3.4.jar at spark://e8a9653e4a1b:45435/jars/hadoop-aws-3.3.4.jar with timestamp 1779141009006
[2026-05-18T21:50:10.627+0000] {subprocess.py:93} INFO - 26/05/18 21:50:10 INFO SparkContext: Added JAR file:///opt/airflow/jars/postgresql-42.7.3.jar at spark://e8a9653e4a1b:45435/jars/postgresql-42.7.3.jar with timestamp 1779141009006
[2026-05-18T21:50:10.789+0000] {subprocess.py:93} INFO - 26/05/18 21:50:10 INFO StandaloneAppClient$ClientEndpoint: Connecting to master spark://spark-master:7077...
[2026-05-18T21:50:10.864+0000] {subprocess.py:93} INFO - 26/05/18 21:50:10 INFO TransportClientFactory: Successfully created connection to spark-master/172.18.0.4:7077 after 42 ms (0 ms spent in bootstraps)
[2026-05-18T21:50:11.114+0000] {subprocess.py:93} INFO - 26/05/18 21:50:11 INFO StandaloneSchedulerBackend: Connected to Spark cluster with app ID app-20260518215011-0009
[2026-05-18T21:50:11.117+0000] {subprocess.py:93} INFO - 26/05/18 21:50:11 INFO StandaloneAppClient$ClientEndpoint: Executor added: app-20260518215011-0009/0 on worker-20260518211503-172.18.0.3-40747 (172.18.0.3:40747) with 1 core(s)
[2026-05-18T21:50:11.122+0000] {subprocess.py:93} INFO - 26/05/18 21:50:11 INFO StandaloneSchedulerBackend: Granted executor ID app-20260518215011-0009/0 on hostPort 172.18.0.3:40747 with 1 core(s), 512.0 MiB RAM
[2026-05-18T21:50:11.137+0000] {subprocess.py:93} INFO - 26/05/18 21:50:11 INFO Utils: Successfully started service 'org.apache.spark.network.netty.NettyBlockTransferService' on port 40389.
[2026-05-18T21:50:11.138+0000] {subprocess.py:93} INFO - 26/05/18 21:50:11 INFO NettyBlockTransferService: Server created on e8a9653e4a1b:40389
[2026-05-18T21:50:11.140+0000] {subprocess.py:93} INFO - 26/05/18 21:50:11 INFO BlockManager: Using org.apache.spark.storage.RandomBlockReplicationPolicy for block replication policy
[2026-05-18T21:50:11.156+0000] {subprocess.py:93} INFO - 26/05/18 21:50:11 INFO BlockManagerMaster: Registering BlockManager BlockManagerId(driver, e8a9653e4a1b, 40389, None)
[2026-05-18T21:50:11.164+0000] {subprocess.py:93} INFO - 26/05/18 21:50:11 INFO BlockManagerMasterEndpoint: Registering block manager e8a9653e4a1b:40389 with 434.4 MiB RAM, BlockManagerId(driver, e8a9653e4a1b, 40389, None)
[2026-05-18T21:50:11.169+0000] {subprocess.py:93} INFO - 26/05/18 21:50:11 INFO BlockManagerMaster: Registered BlockManager BlockManagerId(driver, e8a9653e4a1b, 40389, None)
[2026-05-18T21:50:11.171+0000] {subprocess.py:93} INFO - 26/05/18 21:50:11 INFO BlockManager: Initialized BlockManager: BlockManagerId(driver, e8a9653e4a1b, 40389, None)
[2026-05-18T21:50:11.200+0000] {subprocess.py:93} INFO - 26/05/18 21:50:11 INFO StandaloneAppClient$ClientEndpoint: Executor updated: app-20260518215011-0009/0 is now RUNNING
[2026-05-18T21:50:11.475+0000] {subprocess.py:93} INFO - 26/05/18 21:50:11 INFO StandaloneSchedulerBackend: SchedulerBackend is ready for scheduling beginning after reached minRegisteredResourcesRatio: 0.0
[2026-05-18T21:50:13.539+0000] {subprocess.py:93} INFO - 26/05/18 21:50:13 WARN MetricsConfig: Cannot locate configuration: tried hadoop-metrics2-s3a-file-system.properties,hadoop-metrics2.properties
[2026-05-18T21:50:34.464+0000] {subprocess.py:93} INFO - Lecture SILVER terminée
[2026-05-18T21:51:20.886+0000] {subprocess.py:93} INFO - Table articles_par_jour créée
[2026-05-18T21:51:55.565+0000] {subprocess.py:93} INFO - Table articles_par_source créée
[2026-05-18T21:52:29.198+0000] {subprocess.py:93} INFO - Table top_categories créée
[2026-05-18T21:52:51.370+0000] {local_task_job_runner.py:124} ERROR - Received SIGTERM. Terminating subprocesses
[2026-05-18T21:52:51.392+0000] {process_utils.py:132} INFO - Sending 15 to group 3434. PIDs of all processes in the group: [3435, 3436, 3500, 3434]
[2026-05-18T21:52:51.394+0000] {process_utils.py:87} INFO - Sending the signal 15 to group 3434
[2026-05-18T21:52:51.420+0000] {taskinstance.py:2611} ERROR - Received SIGTERM. Terminating subprocesses.
[2026-05-18T21:52:51.423+0000] {subprocess.py:104} INFO - Sending SIGTERM signal to process group
[2026-05-18T21:52:51.480+0000] {taskinstance.py:441} INFO - ::group::Post task execution logs
[2026-05-18T21:52:51.953+0000] {taskinstance.py:2905} ERROR - Task failed with exception
Traceback (most recent call last):
  File "/home/airflow/.local/lib/python3.11/site-packages/airflow/models/taskinstance.py", line 465, in _execute_task
    result = _execute_callable(context=context, **execute_callable_kwargs)
             ^^^^^^^^^^^^^^^^^^^^^^^^^^^^^^^^^^^^^^^^^^^^^^^^^^^^^^^^^^^^^
  File "/home/airflow/.local/lib/python3.11/site-packages/airflow/models/taskinstance.py", line 432, in _execute_callable
    return execute_callable(context=context, **execute_callable_kwargs)
           ^^^^^^^^^^^^^^^^^^^^^^^^^^^^^^^^^^^^^^^^^^^^^^^^^^^^^^^^^^^^
  File "/home/airflow/.local/lib/python3.11/site-packages/airflow/models/baseoperator.py", line 400, in wrapper
    return func(self, *args, **kwargs)
           ^^^^^^^^^^^^^^^^^^^^^^^^^^^
  File "/home/airflow/.local/lib/python3.11/site-packages/airflow/operators/bash.py", line 234, in execute
    result = self.subprocess_hook.run_command(
             ^^^^^^^^^^^^^^^^^^^^^^^^^^^^^^^^^
  File "/home/airflow/.local/lib/python3.11/site-packages/airflow/hooks/subprocess.py", line 91, in run_command
    for raw_line in iter(self.sub_process.stdout.readline, b""):
  File "/home/airflow/.local/lib/python3.11/site-packages/airflow/models/taskinstance.py", line 2613, in signal_handler
    raise AirflowTaskTerminated("Task received SIGTERM signal")
airflow.exceptions.AirflowTaskTerminated: Task received SIGTERM signal
[2026-05-18T21:52:52.052+0000] {taskinstance.py:1206} INFO - Marking task as UP_FOR_RETRY. dag_id=medallion_gold_layer, task_id=gold_processing, run_id=scheduled__2026-05-18T21:45:00+00:00, execution_date=20260518T214500, start_date=20260518T215002, end_date=20260518T215252
[2026-05-18T21:52:52.228+0000] {process_utils.py:80} INFO - Process psutil.Process(pid=3500, status='terminated', started='21:50:05') (3500) terminated with exit code None
[2026-05-18T21:52:52.407+0000] {process_utils.py:80} INFO - Process psutil.Process(pid=3435, status='terminated', started='21:50:02') (3435) terminated with exit code None
[2026-05-18T21:52:52.409+0000] {process_utils.py:80} INFO - Process psutil.Process(pid=3434, status='terminated', exitcode=2, started='21:50:01') (3434) terminated with exit code 2
