[2026-05-19T15:49:21.819+0000] {local_task_job_runner.py:120} INFO - ::group::Pre task execution logs
[2026-05-19T15:49:22.009+0000] {taskinstance.py:2076} INFO - Dependencies all met for dep_context=non-requeueable deps ti=<TaskInstance: medallion_gold_layer.gold_processing scheduled__2026-05-19T15:40:00+00:00 [queued]>
[2026-05-19T15:49:22.037+0000] {taskinstance.py:2076} INFO - Dependencies all met for dep_context=requeueable deps ti=<TaskInstance: medallion_gold_layer.gold_processing scheduled__2026-05-19T15:40:00+00:00 [queued]>
[2026-05-19T15:49:22.054+0000] {taskinstance.py:2306} INFO - Starting attempt 1 of 2
[2026-05-19T15:49:22.130+0000] {taskinstance.py:2330} INFO - Executing <Task(BashOperator): gold_processing> on 2026-05-19 15:40:00+00:00
[2026-05-19T15:49:22.145+0000] {standard_task_runner.py:63} INFO - Started process 16717 to run task
[2026-05-19T15:49:22.157+0000] {standard_task_runner.py:90} INFO - Running: ['airflow', 'tasks', 'run', 'medallion_gold_layer', 'gold_processing', 'scheduled__2026-05-19T15:40:00+00:00', '--job-id', '329', '--raw', '--subdir', 'DAGS_FOLDER/gold_layer_dag.py', '--cfg-path', '/tmp/tmpp9wme67t']
[2026-05-19T15:49:22.163+0000] {standard_task_runner.py:91} INFO - Job 329: Subtask gold_processing
[2026-05-19T15:49:22.624+0000] {task_command.py:426} INFO - Running <TaskInstance: medallion_gold_layer.gold_processing scheduled__2026-05-19T15:40:00+00:00 [running]> on host c43074c3fd7c
[2026-05-19T15:49:23.457+0000] {taskinstance.py:2648} INFO - Exporting env vars: AIRFLOW_CTX_DAG_OWNER='ikram' AIRFLOW_CTX_DAG_ID='medallion_gold_layer' AIRFLOW_CTX_TASK_ID='gold_processing' AIRFLOW_CTX_EXECUTION_DATE='2026-05-19T15:40:00+00:00' AIRFLOW_CTX_TRY_NUMBER='1' AIRFLOW_CTX_DAG_RUN_ID='scheduled__2026-05-19T15:40:00+00:00'
[2026-05-19T15:49:23.459+0000] {taskinstance.py:430} INFO - ::endgroup::
[2026-05-19T15:49:23.502+0000] {subprocess.py:63} INFO - Tmp dir root location: /tmp
[2026-05-19T15:49:23.506+0000] {subprocess.py:75} INFO - Running command: ['/usr/bin/bash', '-c', '\n    spark-submit     --master spark://spark-master:7077     --executor-memory 512M     --executor-cores 1     --total-executor-cores 1     --jars /opt/airflow/jars/aws-java-sdk-bundle-1.12.262.jar,/opt/airflow/jars/hadoop-aws-3.3.4.jar,/opt/airflow/jars/postgresql-42.7.3.jar     /opt/spark_jobs/gold_processor.py\n    ']
[2026-05-19T15:49:23.543+0000] {subprocess.py:86} INFO - Output:
[2026-05-19T15:49:27.828+0000] {subprocess.py:93} INFO - 26/05/19 15:49:27 WARN NativeCodeLoader: Unable to load native-hadoop library for your platform... using builtin-java classes where applicable
[2026-05-19T15:49:31.077+0000] {subprocess.py:93} INFO - 26/05/19 15:49:31 INFO SparkContext: Running Spark version 3.5.1
[2026-05-19T15:49:31.080+0000] {subprocess.py:93} INFO - 26/05/19 15:49:31 INFO SparkContext: OS info Linux, 6.6.87.2-microsoft-standard-WSL2, amd64
[2026-05-19T15:49:31.082+0000] {subprocess.py:93} INFO - 26/05/19 15:49:31 INFO SparkContext: Java version 17.0.19
[2026-05-19T15:49:31.211+0000] {subprocess.py:93} INFO - 26/05/19 15:49:31 INFO ResourceUtils: ==============================================================
[2026-05-19T15:49:31.214+0000] {subprocess.py:93} INFO - 26/05/19 15:49:31 INFO ResourceUtils: No custom resources configured for spark.driver.
[2026-05-19T15:49:31.216+0000] {subprocess.py:93} INFO - 26/05/19 15:49:31 INFO ResourceUtils: ==============================================================
[2026-05-19T15:49:31.219+0000] {subprocess.py:93} INFO - 26/05/19 15:49:31 INFO SparkContext: Submitted application: GoldLayerProcessor
[2026-05-19T15:49:31.304+0000] {subprocess.py:93} INFO - 26/05/19 15:49:31 INFO ResourceProfile: Default ResourceProfile created, executor resources: Map(cores -> name: cores, amount: 1, script: , vendor: , memory -> name: memory, amount: 512, script: , vendor: , offHeap -> name: offHeap, amount: 0, script: , vendor: ), task resources: Map(cpus -> name: cpus, amount: 1.0)
[2026-05-19T15:49:31.345+0000] {subprocess.py:93} INFO - 26/05/19 15:49:31 INFO ResourceProfile: Limiting resource is cpus at 1 tasks per executor
[2026-05-19T15:49:31.359+0000] {subprocess.py:93} INFO - 26/05/19 15:49:31 INFO ResourceProfileManager: Added ResourceProfile id: 0
[2026-05-19T15:49:31.521+0000] {subprocess.py:93} INFO - 26/05/19 15:49:31 INFO SecurityManager: Changing view acls to: airflow
[2026-05-19T15:49:31.522+0000] {subprocess.py:93} INFO - 26/05/19 15:49:31 INFO SecurityManager: Changing modify acls to: airflow
[2026-05-19T15:49:31.523+0000] {subprocess.py:93} INFO - 26/05/19 15:49:31 INFO SecurityManager: Changing view acls groups to:
[2026-05-19T15:49:31.525+0000] {subprocess.py:93} INFO - 26/05/19 15:49:31 INFO SecurityManager: Changing modify acls groups to:
[2026-05-19T15:49:31.526+0000] {subprocess.py:93} INFO - 26/05/19 15:49:31 INFO SecurityManager: SecurityManager: authentication disabled; ui acls disabled; users with view permissions: airflow; groups with view permissions: EMPTY; users with modify permissions: airflow; groups with modify permissions: EMPTY
[2026-05-19T15:49:31.882+0000] {subprocess.py:93} INFO - 26/05/19 15:49:31 INFO Utils: Successfully started service 'sparkDriver' on port 43623.
[2026-05-19T15:49:31.921+0000] {subprocess.py:93} INFO - 26/05/19 15:49:31 INFO SparkEnv: Registering MapOutputTracker
[2026-05-19T15:49:31.972+0000] {subprocess.py:93} INFO - 26/05/19 15:49:31 INFO SparkEnv: Registering BlockManagerMaster
[2026-05-19T15:49:31.996+0000] {subprocess.py:93} INFO - 26/05/19 15:49:31 INFO BlockManagerMasterEndpoint: Using org.apache.spark.storage.DefaultTopologyMapper for getting topology information
[2026-05-19T15:49:31.997+0000] {subprocess.py:93} INFO - 26/05/19 15:49:31 INFO BlockManagerMasterEndpoint: BlockManagerMasterEndpoint up
[2026-05-19T15:49:32.004+0000] {subprocess.py:93} INFO - 26/05/19 15:49:32 INFO SparkEnv: Registering BlockManagerMasterHeartbeat
[2026-05-19T15:49:32.031+0000] {subprocess.py:93} INFO - 26/05/19 15:49:32 INFO DiskBlockManager: Created local directory at /tmp/blockmgr-089377e5-7f6c-4fe6-9e3a-257975a68368
[2026-05-19T15:49:32.058+0000] {subprocess.py:93} INFO - 26/05/19 15:49:32 INFO MemoryStore: MemoryStore started with capacity 434.4 MiB
[2026-05-19T15:49:32.086+0000] {subprocess.py:93} INFO - 26/05/19 15:49:32 INFO SparkEnv: Registering OutputCommitCoordinator
[2026-05-19T15:49:32.297+0000] {subprocess.py:93} INFO - 26/05/19 15:49:32 INFO JettyUtils: Start Jetty 0.0.0.0:4040 for SparkUI
[2026-05-19T15:49:32.427+0000] {subprocess.py:93} INFO - 26/05/19 15:49:32 INFO Utils: Successfully started service 'SparkUI' on port 4040.
[2026-05-19T15:49:32.482+0000] {subprocess.py:93} INFO - 26/05/19 15:49:32 INFO SparkContext: Added JAR file:///opt/airflow/jars/aws-java-sdk-bundle-1.12.262.jar at spark://c43074c3fd7c:43623/jars/aws-java-sdk-bundle-1.12.262.jar with timestamp 1779205771024
[2026-05-19T15:49:32.483+0000] {subprocess.py:93} INFO - 26/05/19 15:49:32 INFO SparkContext: Added JAR file:///opt/airflow/jars/hadoop-aws-3.3.4.jar at spark://c43074c3fd7c:43623/jars/hadoop-aws-3.3.4.jar with timestamp 1779205771024
[2026-05-19T15:49:32.485+0000] {subprocess.py:93} INFO - 26/05/19 15:49:32 INFO SparkContext: Added JAR file:///opt/airflow/jars/postgresql-42.7.3.jar at spark://c43074c3fd7c:43623/jars/postgresql-42.7.3.jar with timestamp 1779205771024
[2026-05-19T15:49:32.634+0000] {subprocess.py:93} INFO - 26/05/19 15:49:32 INFO StandaloneAppClient$ClientEndpoint: Connecting to master spark://spark-master:7077...
[2026-05-19T15:49:32.706+0000] {subprocess.py:93} INFO - 26/05/19 15:49:32 INFO TransportClientFactory: Successfully created connection to spark-master/172.18.0.4:7077 after 31 ms (0 ms spent in bootstraps)
[2026-05-19T15:49:32.824+0000] {subprocess.py:93} INFO - 26/05/19 15:49:32 INFO StandaloneSchedulerBackend: Connected to Spark cluster with app ID app-20260519154932-0053
[2026-05-19T15:49:32.833+0000] {subprocess.py:93} INFO - 26/05/19 15:49:32 INFO StandaloneAppClient$ClientEndpoint: Executor added: app-20260519154932-0053/0 on worker-20260518211503-172.18.0.3-40747 (172.18.0.3:40747) with 1 core(s)
[2026-05-19T15:49:32.841+0000] {subprocess.py:93} INFO - 26/05/19 15:49:32 INFO StandaloneSchedulerBackend: Granted executor ID app-20260519154932-0053/0 on hostPort 172.18.0.3:40747 with 1 core(s), 512.0 MiB RAM
[2026-05-19T15:49:32.853+0000] {subprocess.py:93} INFO - 26/05/19 15:49:32 INFO Utils: Successfully started service 'org.apache.spark.network.netty.NettyBlockTransferService' on port 34779.
[2026-05-19T15:49:32.855+0000] {subprocess.py:93} INFO - 26/05/19 15:49:32 INFO NettyBlockTransferService: Server created on c43074c3fd7c:34779
[2026-05-19T15:49:32.860+0000] {subprocess.py:93} INFO - 26/05/19 15:49:32 INFO BlockManager: Using org.apache.spark.storage.RandomBlockReplicationPolicy for block replication policy
[2026-05-19T15:49:32.885+0000] {subprocess.py:93} INFO - 26/05/19 15:49:32 INFO BlockManagerMaster: Registering BlockManager BlockManagerId(driver, c43074c3fd7c, 34779, None)
[2026-05-19T15:49:32.900+0000] {subprocess.py:93} INFO - 26/05/19 15:49:32 INFO BlockManagerMasterEndpoint: Registering block manager c43074c3fd7c:34779 with 434.4 MiB RAM, BlockManagerId(driver, c43074c3fd7c, 34779, None)
[2026-05-19T15:49:32.910+0000] {subprocess.py:93} INFO - 26/05/19 15:49:32 INFO BlockManagerMaster: Registered BlockManager BlockManagerId(driver, c43074c3fd7c, 34779, None)
[2026-05-19T15:49:32.912+0000] {subprocess.py:93} INFO - 26/05/19 15:49:32 INFO StandaloneAppClient$ClientEndpoint: Executor updated: app-20260519154932-0053/0 is now RUNNING
[2026-05-19T15:49:32.913+0000] {subprocess.py:93} INFO - 26/05/19 15:49:32 INFO BlockManager: Initialized BlockManager: BlockManagerId(driver, c43074c3fd7c, 34779, None)
[2026-05-19T15:49:33.218+0000] {subprocess.py:93} INFO - 26/05/19 15:49:33 INFO StandaloneSchedulerBackend: SchedulerBackend is ready for scheduling beginning after reached minRegisteredResourcesRatio: 0.0
[2026-05-19T15:49:35.003+0000] {subprocess.py:93} INFO - 26/05/19 15:49:35 WARN MetricsConfig: Cannot locate configuration: tried hadoop-metrics2-s3a-file-system.properties,hadoop-metrics2.properties
[2026-05-19T15:49:53.943+0000] {subprocess.py:93} INFO - Lecture SILVER terminée
