[2026-05-17T23:10:02.610+0000] {local_task_job_runner.py:120} INFO - ::group::Pre task execution logs
[2026-05-17T23:10:02.816+0000] {taskinstance.py:2076} INFO - Dependencies all met for dep_context=non-requeueable deps ti=<TaskInstance: medallion_gold_layer.gold_processing scheduled__2026-05-17T23:05:00+00:00 [queued]>
[2026-05-17T23:10:02.847+0000] {taskinstance.py:2076} INFO - Dependencies all met for dep_context=requeueable deps ti=<TaskInstance: medallion_gold_layer.gold_processing scheduled__2026-05-17T23:05:00+00:00 [queued]>
[2026-05-17T23:10:02.852+0000] {taskinstance.py:2306} INFO - Starting attempt 1 of 2
[2026-05-17T23:10:02.923+0000] {taskinstance.py:2330} INFO - Executing <Task(BashOperator): gold_processing> on 2026-05-17 23:05:00+00:00
[2026-05-17T23:10:02.941+0000] {standard_task_runner.py:63} INFO - Started process 81032 to run task
[2026-05-17T23:10:02.953+0000] {standard_task_runner.py:90} INFO - Running: ['airflow', 'tasks', 'run', 'medallion_gold_layer', 'gold_processing', 'scheduled__2026-05-17T23:05:00+00:00', '--job-id', '210', '--raw', '--subdir', 'DAGS_FOLDER/gold_layer_dag.py', '--cfg-path', '/tmp/tmpmrd6gln1']
[2026-05-17T23:10:02.962+0000] {standard_task_runner.py:91} INFO - Job 210: Subtask gold_processing
[2026-05-17T23:10:03.504+0000] {task_command.py:426} INFO - Running <TaskInstance: medallion_gold_layer.gold_processing scheduled__2026-05-17T23:05:00+00:00 [running]> on host e8a9653e4a1b
[2026-05-17T23:10:04.393+0000] {taskinstance.py:2648} INFO - Exporting env vars: AIRFLOW_CTX_DAG_OWNER='anass' AIRFLOW_CTX_DAG_ID='medallion_gold_layer' AIRFLOW_CTX_TASK_ID='gold_processing' AIRFLOW_CTX_EXECUTION_DATE='2026-05-17T23:05:00+00:00' AIRFLOW_CTX_TRY_NUMBER='1' AIRFLOW_CTX_DAG_RUN_ID='scheduled__2026-05-17T23:05:00+00:00'
[2026-05-17T23:10:04.397+0000] {taskinstance.py:430} INFO - ::endgroup::
[2026-05-17T23:10:04.450+0000] {subprocess.py:63} INFO - Tmp dir root location: /tmp
[2026-05-17T23:10:04.454+0000] {subprocess.py:75} INFO - Running command: ['/usr/bin/bash', '-c', '\n    spark-submit     --master spark://spark-master:7077     --executor-memory 512M     --executor-cores 1     --total-executor-cores 1     --jars /opt/airflow/jars/aws-java-sdk-bundle-1.12.262.jar,/opt/airflow/jars/hadoop-aws-3.3.4.jar,/opt/airflow/jars/postgresql-42.7.3.jar     /opt/spark_jobs/gold_processor.py\n    ']
[2026-05-17T23:10:04.481+0000] {subprocess.py:86} INFO - Output:
[2026-05-17T23:10:08.648+0000] {subprocess.py:93} INFO - 26/05/17 23:10:08 WARN NativeCodeLoader: Unable to load native-hadoop library for your platform... using builtin-java classes where applicable
[2026-05-17T23:10:11.209+0000] {subprocess.py:93} INFO - 26/05/17 23:10:11 INFO SparkContext: Running Spark version 3.5.1
[2026-05-17T23:10:11.211+0000] {subprocess.py:93} INFO - 26/05/17 23:10:11 INFO SparkContext: OS info Linux, 6.6.87.2-microsoft-standard-WSL2, amd64
[2026-05-17T23:10:11.213+0000] {subprocess.py:93} INFO - 26/05/17 23:10:11 INFO SparkContext: Java version 17.0.19
[2026-05-17T23:10:11.303+0000] {subprocess.py:93} INFO - 26/05/17 23:10:11 INFO ResourceUtils: ==============================================================
[2026-05-17T23:10:11.306+0000] {subprocess.py:93} INFO - 26/05/17 23:10:11 INFO ResourceUtils: No custom resources configured for spark.driver.
[2026-05-17T23:10:11.308+0000] {subprocess.py:93} INFO - 26/05/17 23:10:11 INFO ResourceUtils: ==============================================================
[2026-05-17T23:10:11.312+0000] {subprocess.py:93} INFO - 26/05/17 23:10:11 INFO SparkContext: Submitted application: GoldLayerProcessor
[2026-05-17T23:10:11.369+0000] {subprocess.py:93} INFO - 26/05/17 23:10:11 INFO ResourceProfile: Default ResourceProfile created, executor resources: Map(cores -> name: cores, amount: 1, script: , vendor: , memory -> name: memory, amount: 512, script: , vendor: , offHeap -> name: offHeap, amount: 0, script: , vendor: ), task resources: Map(cpus -> name: cpus, amount: 1.0)
[2026-05-17T23:10:11.385+0000] {subprocess.py:93} INFO - 26/05/17 23:10:11 INFO ResourceProfile: Limiting resource is cpus at 1 tasks per executor
[2026-05-17T23:10:11.388+0000] {subprocess.py:93} INFO - 26/05/17 23:10:11 INFO ResourceProfileManager: Added ResourceProfile id: 0
[2026-05-17T23:10:11.484+0000] {subprocess.py:93} INFO - 26/05/17 23:10:11 INFO SecurityManager: Changing view acls to: airflow
[2026-05-17T23:10:11.485+0000] {subprocess.py:93} INFO - 26/05/17 23:10:11 INFO SecurityManager: Changing modify acls to: airflow
[2026-05-17T23:10:11.487+0000] {subprocess.py:93} INFO - 26/05/17 23:10:11 INFO SecurityManager: Changing view acls groups to:
[2026-05-17T23:10:11.488+0000] {subprocess.py:93} INFO - 26/05/17 23:10:11 INFO SecurityManager: Changing modify acls groups to:
[2026-05-17T23:10:11.489+0000] {subprocess.py:93} INFO - 26/05/17 23:10:11 INFO SecurityManager: SecurityManager: authentication disabled; ui acls disabled; users with view permissions: airflow; groups with view permissions: EMPTY; users with modify permissions: airflow; groups with modify permissions: EMPTY
[2026-05-17T23:10:11.903+0000] {subprocess.py:93} INFO - 26/05/17 23:10:11 INFO Utils: Successfully started service 'sparkDriver' on port 33371.
[2026-05-17T23:10:11.958+0000] {subprocess.py:93} INFO - 26/05/17 23:10:11 INFO SparkEnv: Registering MapOutputTracker
[2026-05-17T23:10:12.027+0000] {subprocess.py:93} INFO - 26/05/17 23:10:12 INFO SparkEnv: Registering BlockManagerMaster
[2026-05-17T23:10:12.059+0000] {subprocess.py:93} INFO - 26/05/17 23:10:12 INFO BlockManagerMasterEndpoint: Using org.apache.spark.storage.DefaultTopologyMapper for getting topology information
[2026-05-17T23:10:12.060+0000] {subprocess.py:93} INFO - 26/05/17 23:10:12 INFO BlockManagerMasterEndpoint: BlockManagerMasterEndpoint up
[2026-05-17T23:10:12.071+0000] {subprocess.py:93} INFO - 26/05/17 23:10:12 INFO SparkEnv: Registering BlockManagerMasterHeartbeat
[2026-05-17T23:10:12.105+0000] {subprocess.py:93} INFO - 26/05/17 23:10:12 INFO DiskBlockManager: Created local directory at /tmp/blockmgr-3ae90473-84b7-4a9f-914d-2594a6062fea
[2026-05-17T23:10:12.128+0000] {subprocess.py:93} INFO - 26/05/17 23:10:12 INFO MemoryStore: MemoryStore started with capacity 434.4 MiB
[2026-05-17T23:10:12.158+0000] {subprocess.py:93} INFO - 26/05/17 23:10:12 INFO SparkEnv: Registering OutputCommitCoordinator
[2026-05-17T23:10:12.325+0000] {subprocess.py:93} INFO - 26/05/17 23:10:12 INFO JettyUtils: Start Jetty 0.0.0.0:4040 for SparkUI
[2026-05-17T23:10:12.464+0000] {subprocess.py:93} INFO - 26/05/17 23:10:12 INFO Utils: Successfully started service 'SparkUI' on port 4040.
[2026-05-17T23:10:12.528+0000] {subprocess.py:93} INFO - 26/05/17 23:10:12 INFO SparkContext: Added JAR file:///opt/airflow/jars/aws-java-sdk-bundle-1.12.262.jar at spark://e8a9653e4a1b:33371/jars/aws-java-sdk-bundle-1.12.262.jar with timestamp 1779059411193
[2026-05-17T23:10:12.530+0000] {subprocess.py:93} INFO - 26/05/17 23:10:12 INFO SparkContext: Added JAR file:///opt/airflow/jars/hadoop-aws-3.3.4.jar at spark://e8a9653e4a1b:33371/jars/hadoop-aws-3.3.4.jar with timestamp 1779059411193
[2026-05-17T23:10:12.531+0000] {subprocess.py:93} INFO - 26/05/17 23:10:12 INFO SparkContext: Added JAR file:///opt/airflow/jars/postgresql-42.7.3.jar at spark://e8a9653e4a1b:33371/jars/postgresql-42.7.3.jar with timestamp 1779059411193
[2026-05-17T23:10:12.697+0000] {subprocess.py:93} INFO - 26/05/17 23:10:12 INFO StandaloneAppClient$ClientEndpoint: Connecting to master spark://spark-master:7077...
[2026-05-17T23:10:12.771+0000] {subprocess.py:93} INFO - 26/05/17 23:10:12 INFO TransportClientFactory: Successfully created connection to spark-master/172.18.0.6:7077 after 44 ms (0 ms spent in bootstraps)
[2026-05-17T23:10:12.897+0000] {subprocess.py:93} INFO - 26/05/17 23:10:12 INFO StandaloneSchedulerBackend: Connected to Spark cluster with app ID app-20260517231012-0209
[2026-05-17T23:10:12.902+0000] {subprocess.py:93} INFO - 26/05/17 23:10:12 INFO StandaloneAppClient$ClientEndpoint: Executor added: app-20260517231012-0209/0 on worker-20260514105200-172.18.0.13-40347 (172.18.0.13:40347) with 1 core(s)
[2026-05-17T23:10:12.907+0000] {subprocess.py:93} INFO - 26/05/17 23:10:12 INFO StandaloneSchedulerBackend: Granted executor ID app-20260517231012-0209/0 on hostPort 172.18.0.13:40347 with 1 core(s), 512.0 MiB RAM
[2026-05-17T23:10:12.911+0000] {subprocess.py:93} INFO - 26/05/17 23:10:12 INFO Utils: Successfully started service 'org.apache.spark.network.netty.NettyBlockTransferService' on port 43009.
[2026-05-17T23:10:12.913+0000] {subprocess.py:93} INFO - 26/05/17 23:10:12 INFO NettyBlockTransferService: Server created on e8a9653e4a1b:43009
[2026-05-17T23:10:12.916+0000] {subprocess.py:93} INFO - 26/05/17 23:10:12 INFO BlockManager: Using org.apache.spark.storage.RandomBlockReplicationPolicy for block replication policy
[2026-05-17T23:10:12.937+0000] {subprocess.py:93} INFO - 26/05/17 23:10:12 INFO BlockManagerMaster: Registering BlockManager BlockManagerId(driver, e8a9653e4a1b, 43009, None)
[2026-05-17T23:10:12.956+0000] {subprocess.py:93} INFO - 26/05/17 23:10:12 INFO BlockManagerMasterEndpoint: Registering block manager e8a9653e4a1b:43009 with 434.4 MiB RAM, BlockManagerId(driver, e8a9653e4a1b, 43009, None)
[2026-05-17T23:10:12.966+0000] {subprocess.py:93} INFO - 26/05/17 23:10:12 INFO BlockManagerMaster: Registered BlockManager BlockManagerId(driver, e8a9653e4a1b, 43009, None)
[2026-05-17T23:10:12.972+0000] {subprocess.py:93} INFO - 26/05/17 23:10:12 INFO BlockManager: Initialized BlockManager: BlockManagerId(driver, e8a9653e4a1b, 43009, None)
[2026-05-17T23:10:12.989+0000] {subprocess.py:93} INFO - 26/05/17 23:10:12 INFO StandaloneAppClient$ClientEndpoint: Executor updated: app-20260517231012-0209/0 is now RUNNING
[2026-05-17T23:10:13.436+0000] {subprocess.py:93} INFO - 26/05/17 23:10:13 INFO StandaloneSchedulerBackend: SchedulerBackend is ready for scheduling beginning after reached minRegisteredResourcesRatio: 0.0
[2026-05-17T23:10:15.623+0000] {subprocess.py:93} INFO - 26/05/17 23:10:15 WARN MetricsConfig: Cannot locate configuration: tried hadoop-metrics2-s3a-file-system.properties,hadoop-metrics2.properties
[2026-05-17T23:10:36.827+0000] {subprocess.py:93} INFO - Lecture SILVER terminée
[2026-05-17T23:11:04.425+0000] {subprocess.py:93} INFO - Table articles_par_jour créée
[2026-05-17T23:11:30.417+0000] {subprocess.py:93} INFO - Table articles_par_source créée
[2026-05-17T23:11:49.360+0000] {subprocess.py:93} INFO - Table top_categories créée
[2026-05-17T23:12:10.737+0000] {subprocess.py:93} INFO - Table articles_par_source_jour créée
[2026-05-17T23:12:10.740+0000] {subprocess.py:93} INFO - 
[2026-05-17T23:12:10.742+0000] {subprocess.py:93} INFO - ==============================
[2026-05-17T23:12:10.744+0000] {subprocess.py:93} INFO - GOLD LAYER TERMINÉ
[2026-05-17T23:12:10.747+0000] {subprocess.py:93} INFO - ==============================
[2026-05-17T23:12:11.448+0000] {subprocess.py:97} INFO - Command exited with return code 0
[2026-05-17T23:12:11.452+0000] {taskinstance.py:441} INFO - ::group::Post task execution logs
[2026-05-17T23:12:12.201+0000] {taskinstance.py:1206} INFO - Marking task as SUCCESS. dag_id=medallion_gold_layer, task_id=gold_processing, run_id=scheduled__2026-05-17T23:05:00+00:00, execution_date=20260517T230500, start_date=20260517T231002, end_date=20260517T231212
[2026-05-17T23:12:12.364+0000] {local_task_job_runner.py:240} INFO - Task exited with return code 0
[2026-05-17T23:12:12.480+0000] {taskinstance.py:3498} INFO - 0 downstream tasks scheduled from follow-on schedule check
[2026-05-17T23:12:12.505+0000] {local_task_job_runner.py:222} INFO - ::endgroup::
