[2026-05-14T20:01:43.908+0000] {local_task_job_runner.py:120} INFO - ::group::Pre task execution logs
[2026-05-14T20:01:43.963+0000] {taskinstance.py:2076} INFO - Dependencies all met for dep_context=non-requeueable deps ti=<TaskInstance: medallion_gold_layer.gold_processing scheduled__2026-05-14T19:55:00+00:00 [queued]>
[2026-05-14T20:01:43.974+0000] {taskinstance.py:2076} INFO - Dependencies all met for dep_context=requeueable deps ti=<TaskInstance: medallion_gold_layer.gold_processing scheduled__2026-05-14T19:55:00+00:00 [queued]>
[2026-05-14T20:01:43.975+0000] {taskinstance.py:2306} INFO - Starting attempt 1 of 2
[2026-05-14T20:01:43.993+0000] {taskinstance.py:2330} INFO - Executing <Task(BashOperator): gold_processing> on 2026-05-14 19:55:00+00:00
[2026-05-14T20:01:43.998+0000] {standard_task_runner.py:63} INFO - Started process 11930 to run task
[2026-05-14T20:01:44.012+0000] {standard_task_runner.py:90} INFO - Running: ['airflow', 'tasks', 'run', 'medallion_gold_layer', 'gold_processing', 'scheduled__2026-05-14T19:55:00+00:00', '--job-id', '34', '--raw', '--subdir', 'DAGS_FOLDER/gold_layer_dag.py', '--cfg-path', '/tmp/tmpfh3z8lq1']
[2026-05-14T20:01:44.019+0000] {standard_task_runner.py:91} INFO - Job 34: Subtask gold_processing
[2026-05-14T20:01:44.170+0000] {task_command.py:426} INFO - Running <TaskInstance: medallion_gold_layer.gold_processing scheduled__2026-05-14T19:55:00+00:00 [running]> on host e8a9653e4a1b
[2026-05-14T20:01:44.427+0000] {taskinstance.py:2648} INFO - Exporting env vars: AIRFLOW_CTX_DAG_OWNER='anass' AIRFLOW_CTX_DAG_ID='medallion_gold_layer' AIRFLOW_CTX_TASK_ID='gold_processing' AIRFLOW_CTX_EXECUTION_DATE='2026-05-14T19:55:00+00:00' AIRFLOW_CTX_TRY_NUMBER='1' AIRFLOW_CTX_DAG_RUN_ID='scheduled__2026-05-14T19:55:00+00:00'
[2026-05-14T20:01:44.427+0000] {taskinstance.py:430} INFO - ::endgroup::
[2026-05-14T20:01:44.438+0000] {subprocess.py:63} INFO - Tmp dir root location: /tmp
[2026-05-14T20:01:44.439+0000] {subprocess.py:75} INFO - Running command: ['/usr/bin/bash', '-c', '\n    spark-submit     --master spark://spark-master:7077     --executor-memory 512M     --executor-cores 1     --total-executor-cores 1     --jars /opt/airflow/jars/aws-java-sdk-bundle-1.12.262.jar,/opt/airflow/jars/hadoop-aws-3.3.4.jar,/opt/airflow/jars/postgresql-42.7.3.jar     /opt/spark_jobs/gold_processor.py\n    ']
[2026-05-14T20:01:44.447+0000] {subprocess.py:86} INFO - Output:
[2026-05-15T13:31:50.493+0000] {subprocess.py:93} INFO - 26/05/15 13:31:50 WARN NativeCodeLoader: Unable to load native-hadoop library for your platform... using builtin-java classes where applicable
[2026-05-15T13:31:57.115+0000] {subprocess.py:93} INFO - 26/05/15 13:31:57 INFO SparkContext: Running Spark version 3.5.1
[2026-05-15T13:31:57.118+0000] {subprocess.py:93} INFO - 26/05/15 13:31:57 INFO SparkContext: OS info Linux, 6.6.87.2-microsoft-standard-WSL2, amd64
[2026-05-15T13:31:57.119+0000] {subprocess.py:93} INFO - 26/05/15 13:31:57 INFO SparkContext: Java version 17.0.19
[2026-05-15T13:31:57.146+0000] {subprocess.py:93} INFO - 26/05/15 13:31:57 INFO ResourceUtils: ==============================================================
[2026-05-15T13:31:57.147+0000] {subprocess.py:93} INFO - 26/05/15 13:31:57 INFO ResourceUtils: No custom resources configured for spark.driver.
[2026-05-15T13:31:57.148+0000] {subprocess.py:93} INFO - 26/05/15 13:31:57 INFO ResourceUtils: ==============================================================
[2026-05-15T13:31:57.149+0000] {subprocess.py:93} INFO - 26/05/15 13:31:57 INFO SparkContext: Submitted application: GoldLayerProcessor
[2026-05-15T13:31:57.193+0000] {subprocess.py:93} INFO - 26/05/15 13:31:57 INFO ResourceProfile: Default ResourceProfile created, executor resources: Map(cores -> name: cores, amount: 1, script: , vendor: , memory -> name: memory, amount: 512, script: , vendor: , offHeap -> name: offHeap, amount: 0, script: , vendor: ), task resources: Map(cpus -> name: cpus, amount: 1.0)
[2026-05-15T13:31:57.203+0000] {subprocess.py:93} INFO - 26/05/15 13:31:57 INFO ResourceProfile: Limiting resource is cpus at 1 tasks per executor
[2026-05-15T13:31:57.208+0000] {subprocess.py:93} INFO - 26/05/15 13:31:57 INFO ResourceProfileManager: Added ResourceProfile id: 0
[2026-05-15T13:31:57.366+0000] {subprocess.py:93} INFO - 26/05/15 13:31:57 INFO SecurityManager: Changing view acls to: airflow
[2026-05-15T13:31:57.390+0000] {subprocess.py:93} INFO - 26/05/15 13:31:57 INFO SecurityManager: Changing modify acls to: airflow
[2026-05-15T13:31:57.417+0000] {subprocess.py:93} INFO - 26/05/15 13:31:57 INFO SecurityManager: Changing view acls groups to:
[2026-05-15T13:31:57.454+0000] {subprocess.py:93} INFO - 26/05/15 13:31:57 INFO SecurityManager: Changing modify acls groups to:
[2026-05-15T13:31:57.472+0000] {subprocess.py:93} INFO - 26/05/15 13:31:57 INFO SecurityManager: SecurityManager: authentication disabled; ui acls disabled; users with view permissions: airflow; groups with view permissions: EMPTY; users with modify permissions: airflow; groups with modify permissions: EMPTY
[2026-05-15T13:31:57.781+0000] {subprocess.py:93} INFO - 26/05/15 13:31:57 INFO Utils: Successfully started service 'sparkDriver' on port 46355.
[2026-05-15T13:31:57.847+0000] {subprocess.py:93} INFO - 26/05/15 13:31:57 INFO SparkEnv: Registering MapOutputTracker
[2026-05-15T13:31:57.940+0000] {subprocess.py:93} INFO - 26/05/15 13:31:57 INFO SparkEnv: Registering BlockManagerMaster
[2026-05-15T13:31:57.979+0000] {subprocess.py:93} INFO - 26/05/15 13:31:57 INFO BlockManagerMasterEndpoint: Using org.apache.spark.storage.DefaultTopologyMapper for getting topology information
[2026-05-15T13:31:57.980+0000] {subprocess.py:93} INFO - 26/05/15 13:31:57 INFO BlockManagerMasterEndpoint: BlockManagerMasterEndpoint up
[2026-05-15T13:31:58.005+0000] {subprocess.py:93} INFO - 26/05/15 13:31:58 INFO SparkEnv: Registering BlockManagerMasterHeartbeat
[2026-05-15T13:31:58.031+0000] {subprocess.py:93} INFO - 26/05/15 13:31:58 INFO DiskBlockManager: Created local directory at /tmp/blockmgr-8085fbba-f3b0-4b40-ad2d-f4cffb025cf6
[2026-05-15T13:31:58.059+0000] {subprocess.py:93} INFO - 26/05/15 13:31:58 INFO MemoryStore: MemoryStore started with capacity 434.4 MiB
[2026-05-15T13:31:58.106+0000] {subprocess.py:93} INFO - 26/05/15 13:31:58 INFO SparkEnv: Registering OutputCommitCoordinator
[2026-05-15T13:31:58.313+0000] {subprocess.py:93} INFO - 26/05/15 13:31:58 INFO JettyUtils: Start Jetty 0.0.0.0:4040 for SparkUI
[2026-05-15T13:31:58.450+0000] {subprocess.py:93} INFO - 26/05/15 13:31:58 INFO Utils: Successfully started service 'SparkUI' on port 4040.
[2026-05-15T13:31:58.500+0000] {subprocess.py:93} INFO - 26/05/15 13:31:58 INFO SparkContext: Added JAR file:///opt/airflow/jars/aws-java-sdk-bundle-1.12.262.jar at spark://e8a9653e4a1b:46355/jars/aws-java-sdk-bundle-1.12.262.jar with timestamp 1778851917104
[2026-05-15T13:31:58.500+0000] {subprocess.py:93} INFO - 26/05/15 13:31:58 INFO SparkContext: Added JAR file:///opt/airflow/jars/hadoop-aws-3.3.4.jar at spark://e8a9653e4a1b:46355/jars/hadoop-aws-3.3.4.jar with timestamp 1778851917104
[2026-05-15T13:31:58.501+0000] {subprocess.py:93} INFO - 26/05/15 13:31:58 INFO SparkContext: Added JAR file:///opt/airflow/jars/postgresql-42.7.3.jar at spark://e8a9653e4a1b:46355/jars/postgresql-42.7.3.jar with timestamp 1778851917104
[2026-05-15T13:31:58.600+0000] {subprocess.py:93} INFO - 26/05/15 13:31:58 INFO StandaloneAppClient$ClientEndpoint: Connecting to master spark://spark-master:7077...
[2026-05-15T13:31:58.657+0000] {subprocess.py:93} INFO - 26/05/15 13:31:58 INFO TransportClientFactory: Successfully created connection to spark-master/172.18.0.6:7077 after 29 ms (0 ms spent in bootstraps)
[2026-05-15T13:31:58.768+0000] {subprocess.py:93} INFO - 26/05/15 13:31:58 INFO StandaloneSchedulerBackend: Connected to Spark cluster with app ID app-20260515133158-0033
[2026-05-15T13:31:58.775+0000] {subprocess.py:93} INFO - 26/05/15 13:31:58 INFO StandaloneAppClient$ClientEndpoint: Executor added: app-20260515133158-0033/0 on worker-20260514105200-172.18.0.13-40347 (172.18.0.13:40347) with 1 core(s)
[2026-05-15T13:31:58.777+0000] {subprocess.py:93} INFO - 26/05/15 13:31:58 INFO StandaloneSchedulerBackend: Granted executor ID app-20260515133158-0033/0 on hostPort 172.18.0.13:40347 with 1 core(s), 512.0 MiB RAM
[2026-05-15T13:31:58.779+0000] {subprocess.py:93} INFO - 26/05/15 13:31:58 INFO Utils: Successfully started service 'org.apache.spark.network.netty.NettyBlockTransferService' on port 33785.
[2026-05-15T13:31:58.780+0000] {subprocess.py:93} INFO - 26/05/15 13:31:58 INFO NettyBlockTransferService: Server created on e8a9653e4a1b:33785
[2026-05-15T13:31:58.781+0000] {subprocess.py:93} INFO - 26/05/15 13:31:58 INFO BlockManager: Using org.apache.spark.storage.RandomBlockReplicationPolicy for block replication policy
[2026-05-15T13:31:58.801+0000] {subprocess.py:93} INFO - 26/05/15 13:31:58 INFO BlockManagerMaster: Registering BlockManager BlockManagerId(driver, e8a9653e4a1b, 33785, None)
[2026-05-15T13:31:58.810+0000] {subprocess.py:93} INFO - 26/05/15 13:31:58 INFO BlockManagerMasterEndpoint: Registering block manager e8a9653e4a1b:33785 with 434.4 MiB RAM, BlockManagerId(driver, e8a9653e4a1b, 33785, None)
[2026-05-15T13:31:58.813+0000] {subprocess.py:93} INFO - 26/05/15 13:31:58 INFO BlockManagerMaster: Registered BlockManager BlockManagerId(driver, e8a9653e4a1b, 33785, None)
[2026-05-15T13:31:58.815+0000] {subprocess.py:93} INFO - 26/05/15 13:31:58 INFO BlockManager: Initialized BlockManager: BlockManagerId(driver, e8a9653e4a1b, 33785, None)
[2026-05-15T13:31:58.831+0000] {subprocess.py:93} INFO - 26/05/15 13:31:58 INFO StandaloneAppClient$ClientEndpoint: Executor updated: app-20260515133158-0033/0 is now RUNNING
[2026-05-15T13:31:59.436+0000] {subprocess.py:93} INFO - 26/05/15 13:31:59 INFO StandaloneSchedulerBackend: SchedulerBackend is ready for scheduling beginning after reached minRegisteredResourcesRatio: 0.0
[2026-05-15T13:32:01.729+0000] {subprocess.py:93} INFO - 26/05/15 13:32:01 WARN MetricsConfig: Cannot locate configuration: tried hadoop-metrics2-s3a-file-system.properties,hadoop-metrics2.properties
[2026-05-15T13:32:10.380+0000] {subprocess.py:93} INFO - Lecture SILVER terminée
[2026-05-15T13:32:17.772+0000] {subprocess.py:93} INFO - Table articles_par_jour créée
[2026-05-15T13:32:21.764+0000] {subprocess.py:93} INFO - Table articles_par_source créée
[2026-05-15T13:32:24.609+0000] {subprocess.py:93} INFO - Table top_categories créée
[2026-05-15T13:32:26.994+0000] {subprocess.py:93} INFO - Table articles_par_source_jour créée
[2026-05-15T13:32:26.995+0000] {subprocess.py:93} INFO - 
[2026-05-15T13:32:26.996+0000] {subprocess.py:93} INFO - ==============================
[2026-05-15T13:32:26.996+0000] {subprocess.py:93} INFO - GOLD LAYER TERMINÉ
[2026-05-15T13:32:26.996+0000] {subprocess.py:93} INFO - ==============================
[2026-05-15T13:32:27.627+0000] {subprocess.py:97} INFO - Command exited with return code 0
[2026-05-15T13:32:27.628+0000] {taskinstance.py:441} INFO - ::group::Post task execution logs
[2026-05-15T13:32:27.711+0000] {taskinstance.py:1206} INFO - Marking task as SUCCESS. dag_id=medallion_gold_layer, task_id=gold_processing, run_id=scheduled__2026-05-14T19:55:00+00:00, execution_date=20260514T195500, start_date=20260514T200143, end_date=20260515T133227
[2026-05-15T13:32:27.944+0000] {local_task_job_runner.py:240} INFO - Task exited with return code 0
[2026-05-15T13:32:27.973+0000] {taskinstance.py:3498} INFO - 0 downstream tasks scheduled from follow-on schedule check
[2026-05-15T13:32:27.974+0000] {local_task_job_runner.py:222} INFO - ::endgroup::
