[2026-05-14T12:10:01.020+0000] {local_task_job_runner.py:120} INFO - ::group::Pre task execution logs
[2026-05-14T12:10:01.148+0000] {taskinstance.py:2076} INFO - Dependencies all met for dep_context=non-requeueable deps ti=<TaskInstance: medallion_gold_layer.gold_processing scheduled__2026-05-14T12:05:00+00:00 [queued]>
[2026-05-14T12:10:01.176+0000] {taskinstance.py:2076} INFO - Dependencies all met for dep_context=requeueable deps ti=<TaskInstance: medallion_gold_layer.gold_processing scheduled__2026-05-14T12:05:00+00:00 [queued]>
[2026-05-14T12:10:01.178+0000] {taskinstance.py:2306} INFO - Starting attempt 1 of 2
[2026-05-14T12:10:01.222+0000] {taskinstance.py:2330} INFO - Executing <Task(BashOperator): gold_processing> on 2026-05-14 12:05:00+00:00
[2026-05-14T12:10:01.234+0000] {standard_task_runner.py:63} INFO - Started process 4297 to run task
[2026-05-14T12:10:01.240+0000] {standard_task_runner.py:90} INFO - Running: ['airflow', 'tasks', 'run', 'medallion_gold_layer', 'gold_processing', 'scheduled__2026-05-14T12:05:00+00:00', '--job-id', '13', '--raw', '--subdir', 'DAGS_FOLDER/gold_layer_dag.py', '--cfg-path', '/tmp/tmp94_2thn0']
[2026-05-14T12:10:01.245+0000] {standard_task_runner.py:91} INFO - Job 13: Subtask gold_processing
[2026-05-14T12:10:01.700+0000] {task_command.py:426} INFO - Running <TaskInstance: medallion_gold_layer.gold_processing scheduled__2026-05-14T12:05:00+00:00 [running]> on host e8a9653e4a1b
[2026-05-14T12:10:02.629+0000] {taskinstance.py:2648} INFO - Exporting env vars: AIRFLOW_CTX_DAG_OWNER='anass' AIRFLOW_CTX_DAG_ID='medallion_gold_layer' AIRFLOW_CTX_TASK_ID='gold_processing' AIRFLOW_CTX_EXECUTION_DATE='2026-05-14T12:05:00+00:00' AIRFLOW_CTX_TRY_NUMBER='1' AIRFLOW_CTX_DAG_RUN_ID='scheduled__2026-05-14T12:05:00+00:00'
[2026-05-14T12:10:02.632+0000] {taskinstance.py:430} INFO - ::endgroup::
[2026-05-14T12:10:02.713+0000] {subprocess.py:63} INFO - Tmp dir root location: /tmp
[2026-05-14T12:10:02.715+0000] {subprocess.py:75} INFO - Running command: ['/usr/bin/bash', '-c', '\n    spark-submit     --master spark://spark-master:7077     --executor-memory 512M     --executor-cores 1     --total-executor-cores 1     --jars /opt/airflow/jars/aws-java-sdk-bundle-1.12.262.jar,/opt/airflow/jars/hadoop-aws-3.3.4.jar,/opt/airflow/jars/postgresql-42.7.3.jar     /opt/spark_jobs/gold_processor.py\n    ']
[2026-05-14T12:10:02.749+0000] {subprocess.py:86} INFO - Output:
[2026-05-14T12:10:06.089+0000] {subprocess.py:93} INFO - 26/05/14 12:10:06 WARN NativeCodeLoader: Unable to load native-hadoop library for your platform... using builtin-java classes where applicable
[2026-05-14T12:10:08.083+0000] {subprocess.py:93} INFO - 26/05/14 12:10:08 INFO SparkContext: Running Spark version 3.5.1
[2026-05-14T12:10:08.084+0000] {subprocess.py:93} INFO - 26/05/14 12:10:08 INFO SparkContext: OS info Linux, 6.6.87.2-microsoft-standard-WSL2, amd64
[2026-05-14T12:10:08.085+0000] {subprocess.py:93} INFO - 26/05/14 12:10:08 INFO SparkContext: Java version 17.0.19
[2026-05-14T12:10:08.133+0000] {subprocess.py:93} INFO - 26/05/14 12:10:08 INFO ResourceUtils: ==============================================================
[2026-05-14T12:10:08.135+0000] {subprocess.py:93} INFO - 26/05/14 12:10:08 INFO ResourceUtils: No custom resources configured for spark.driver.
[2026-05-14T12:10:08.136+0000] {subprocess.py:93} INFO - 26/05/14 12:10:08 INFO ResourceUtils: ==============================================================
[2026-05-14T12:10:08.137+0000] {subprocess.py:93} INFO - 26/05/14 12:10:08 INFO SparkContext: Submitted application: GoldLayerProcessor
[2026-05-14T12:10:08.171+0000] {subprocess.py:93} INFO - 26/05/14 12:10:08 INFO ResourceProfile: Default ResourceProfile created, executor resources: Map(cores -> name: cores, amount: 1, script: , vendor: , memory -> name: memory, amount: 512, script: , vendor: , offHeap -> name: offHeap, amount: 0, script: , vendor: ), task resources: Map(cpus -> name: cpus, amount: 1.0)
[2026-05-14T12:10:08.183+0000] {subprocess.py:93} INFO - 26/05/14 12:10:08 INFO ResourceProfile: Limiting resource is cpus at 1 tasks per executor
[2026-05-14T12:10:08.187+0000] {subprocess.py:93} INFO - 26/05/14 12:10:08 INFO ResourceProfileManager: Added ResourceProfile id: 0
[2026-05-14T12:10:08.242+0000] {subprocess.py:93} INFO - 26/05/14 12:10:08 INFO SecurityManager: Changing view acls to: airflow
[2026-05-14T12:10:08.244+0000] {subprocess.py:93} INFO - 26/05/14 12:10:08 INFO SecurityManager: Changing modify acls to: airflow
[2026-05-14T12:10:08.245+0000] {subprocess.py:93} INFO - 26/05/14 12:10:08 INFO SecurityManager: Changing view acls groups to:
[2026-05-14T12:10:08.246+0000] {subprocess.py:93} INFO - 26/05/14 12:10:08 INFO SecurityManager: Changing modify acls groups to:
[2026-05-14T12:10:08.247+0000] {subprocess.py:93} INFO - 26/05/14 12:10:08 INFO SecurityManager: SecurityManager: authentication disabled; ui acls disabled; users with view permissions: airflow; groups with view permissions: EMPTY; users with modify permissions: airflow; groups with modify permissions: EMPTY
[2026-05-14T12:10:08.508+0000] {subprocess.py:93} INFO - 26/05/14 12:10:08 INFO Utils: Successfully started service 'sparkDriver' on port 43329.
[2026-05-14T12:10:08.563+0000] {subprocess.py:93} INFO - 26/05/14 12:10:08 INFO SparkEnv: Registering MapOutputTracker
[2026-05-14T12:10:08.610+0000] {subprocess.py:93} INFO - 26/05/14 12:10:08 INFO SparkEnv: Registering BlockManagerMaster
[2026-05-14T12:10:08.632+0000] {subprocess.py:93} INFO - 26/05/14 12:10:08 INFO BlockManagerMasterEndpoint: Using org.apache.spark.storage.DefaultTopologyMapper for getting topology information
[2026-05-14T12:10:08.633+0000] {subprocess.py:93} INFO - 26/05/14 12:10:08 INFO BlockManagerMasterEndpoint: BlockManagerMasterEndpoint up
[2026-05-14T12:10:08.641+0000] {subprocess.py:93} INFO - 26/05/14 12:10:08 INFO SparkEnv: Registering BlockManagerMasterHeartbeat
[2026-05-14T12:10:08.661+0000] {subprocess.py:93} INFO - 26/05/14 12:10:08 INFO DiskBlockManager: Created local directory at /tmp/blockmgr-a791c62d-407e-4076-ae8d-8a96979df95d
[2026-05-14T12:10:08.676+0000] {subprocess.py:93} INFO - 26/05/14 12:10:08 INFO MemoryStore: MemoryStore started with capacity 434.4 MiB
[2026-05-14T12:10:08.694+0000] {subprocess.py:93} INFO - 26/05/14 12:10:08 INFO SparkEnv: Registering OutputCommitCoordinator
[2026-05-14T12:10:08.850+0000] {subprocess.py:93} INFO - 26/05/14 12:10:08 INFO JettyUtils: Start Jetty 0.0.0.0:4040 for SparkUI
[2026-05-14T12:10:08.970+0000] {subprocess.py:93} INFO - 26/05/14 12:10:08 INFO Utils: Successfully started service 'SparkUI' on port 4040.
[2026-05-14T12:10:09.032+0000] {subprocess.py:93} INFO - 26/05/14 12:10:09 INFO SparkContext: Added JAR file:///opt/airflow/jars/aws-java-sdk-bundle-1.12.262.jar at spark://e8a9653e4a1b:43329/jars/aws-java-sdk-bundle-1.12.262.jar with timestamp 1778760608067
[2026-05-14T12:10:09.034+0000] {subprocess.py:93} INFO - 26/05/14 12:10:09 INFO SparkContext: Added JAR file:///opt/airflow/jars/hadoop-aws-3.3.4.jar at spark://e8a9653e4a1b:43329/jars/hadoop-aws-3.3.4.jar with timestamp 1778760608067
[2026-05-14T12:10:09.035+0000] {subprocess.py:93} INFO - 26/05/14 12:10:09 INFO SparkContext: Added JAR file:///opt/airflow/jars/postgresql-42.7.3.jar at spark://e8a9653e4a1b:43329/jars/postgresql-42.7.3.jar with timestamp 1778760608067
[2026-05-14T12:10:09.145+0000] {subprocess.py:93} INFO - 26/05/14 12:10:09 INFO StandaloneAppClient$ClientEndpoint: Connecting to master spark://spark-master:7077...
[2026-05-14T12:10:09.227+0000] {subprocess.py:93} INFO - 26/05/14 12:10:09 INFO TransportClientFactory: Successfully created connection to spark-master/172.18.0.6:7077 after 38 ms (0 ms spent in bootstraps)
[2026-05-14T12:10:09.336+0000] {subprocess.py:93} INFO - 26/05/14 12:10:09 INFO StandaloneSchedulerBackend: Connected to Spark cluster with app ID app-20260514121009-0012
[2026-05-14T12:10:09.347+0000] {subprocess.py:93} INFO - 26/05/14 12:10:09 INFO StandaloneAppClient$ClientEndpoint: Executor added: app-20260514121009-0012/0 on worker-20260514105200-172.18.0.13-40347 (172.18.0.13:40347) with 1 core(s)
[2026-05-14T12:10:09.352+0000] {subprocess.py:93} INFO - 26/05/14 12:10:09 INFO StandaloneSchedulerBackend: Granted executor ID app-20260514121009-0012/0 on hostPort 172.18.0.13:40347 with 1 core(s), 512.0 MiB RAM
[2026-05-14T12:10:09.362+0000] {subprocess.py:93} INFO - 26/05/14 12:10:09 INFO Utils: Successfully started service 'org.apache.spark.network.netty.NettyBlockTransferService' on port 39475.
[2026-05-14T12:10:09.364+0000] {subprocess.py:93} INFO - 26/05/14 12:10:09 INFO NettyBlockTransferService: Server created on e8a9653e4a1b:39475
[2026-05-14T12:10:09.366+0000] {subprocess.py:93} INFO - 26/05/14 12:10:09 INFO BlockManager: Using org.apache.spark.storage.RandomBlockReplicationPolicy for block replication policy
[2026-05-14T12:10:09.376+0000] {subprocess.py:93} INFO - 26/05/14 12:10:09 INFO BlockManagerMaster: Registering BlockManager BlockManagerId(driver, e8a9653e4a1b, 39475, None)
[2026-05-14T12:10:09.383+0000] {subprocess.py:93} INFO - 26/05/14 12:10:09 INFO BlockManagerMasterEndpoint: Registering block manager e8a9653e4a1b:39475 with 434.4 MiB RAM, BlockManagerId(driver, e8a9653e4a1b, 39475, None)
[2026-05-14T12:10:09.390+0000] {subprocess.py:93} INFO - 26/05/14 12:10:09 INFO BlockManagerMaster: Registered BlockManager BlockManagerId(driver, e8a9653e4a1b, 39475, None)
[2026-05-14T12:10:09.394+0000] {subprocess.py:93} INFO - 26/05/14 12:10:09 INFO BlockManager: Initialized BlockManager: BlockManagerId(driver, e8a9653e4a1b, 39475, None)
[2026-05-14T12:10:09.454+0000] {subprocess.py:93} INFO - 26/05/14 12:10:09 INFO StandaloneAppClient$ClientEndpoint: Executor updated: app-20260514121009-0012/0 is now RUNNING
[2026-05-14T12:10:09.785+0000] {subprocess.py:93} INFO - 26/05/14 12:10:09 INFO StandaloneSchedulerBackend: SchedulerBackend is ready for scheduling beginning after reached minRegisteredResourcesRatio: 0.0
[2026-05-14T12:10:11.650+0000] {subprocess.py:93} INFO - 26/05/14 12:10:11 WARN MetricsConfig: Cannot locate configuration: tried hadoop-metrics2-s3a-file-system.properties,hadoop-metrics2.properties
[2026-05-14T12:10:20.640+0000] {subprocess.py:93} INFO - Lecture SILVER terminée
[2026-05-14T12:10:30.417+0000] {subprocess.py:93} INFO - Table articles_par_jour créée
[2026-05-14T12:10:35.555+0000] {subprocess.py:93} INFO - Table articles_par_source créée
[2026-05-14T12:10:39.972+0000] {subprocess.py:93} INFO - Table top_categories créée
[2026-05-14T12:10:44.622+0000] {subprocess.py:93} INFO - Table articles_par_source_jour créée
[2026-05-14T12:10:44.625+0000] {subprocess.py:93} INFO - 
[2026-05-14T12:10:44.626+0000] {subprocess.py:93} INFO - ==============================
[2026-05-14T12:10:44.629+0000] {subprocess.py:93} INFO - GOLD LAYER TERMINÉ
[2026-05-14T12:10:44.631+0000] {subprocess.py:93} INFO - ==============================
[2026-05-14T12:10:45.111+0000] {subprocess.py:97} INFO - Command exited with return code 0
[2026-05-14T12:10:45.115+0000] {taskinstance.py:441} INFO - ::group::Post task execution logs
[2026-05-14T12:10:45.326+0000] {taskinstance.py:1206} INFO - Marking task as SUCCESS. dag_id=medallion_gold_layer, task_id=gold_processing, run_id=scheduled__2026-05-14T12:05:00+00:00, execution_date=20260514T120500, start_date=20260514T121001, end_date=20260514T121045
[2026-05-14T12:10:45.681+0000] {local_task_job_runner.py:240} INFO - Task exited with return code 0
[2026-05-14T12:10:45.857+0000] {taskinstance.py:3498} INFO - 0 downstream tasks scheduled from follow-on schedule check
[2026-05-14T12:10:45.867+0000] {local_task_job_runner.py:222} INFO - ::endgroup::
