[2026-05-16T00:20:00.900+0000] {local_task_job_runner.py:120} INFO - ::group::Pre task execution logs
[2026-05-16T00:20:00.950+0000] {taskinstance.py:2076} INFO - Dependencies all met for dep_context=non-requeueable deps ti=<TaskInstance: medallion_gold_layer.gold_processing scheduled__2026-05-16T00:15:00+00:00 [queued]>
[2026-05-16T00:20:00.957+0000] {taskinstance.py:2076} INFO - Dependencies all met for dep_context=requeueable deps ti=<TaskInstance: medallion_gold_layer.gold_processing scheduled__2026-05-16T00:15:00+00:00 [queued]>
[2026-05-16T00:20:00.958+0000] {taskinstance.py:2306} INFO - Starting attempt 1 of 2
[2026-05-16T00:20:00.971+0000] {taskinstance.py:2330} INFO - Executing <Task(BashOperator): gold_processing> on 2026-05-16 00:15:00+00:00
[2026-05-16T00:20:00.974+0000] {standard_task_runner.py:63} INFO - Started process 36333 to run task
[2026-05-16T00:20:00.976+0000] {standard_task_runner.py:90} INFO - Running: ['airflow', 'tasks', 'run', 'medallion_gold_layer', 'gold_processing', 'scheduled__2026-05-16T00:15:00+00:00', '--job-id', '97', '--raw', '--subdir', 'DAGS_FOLDER/gold_layer_dag.py', '--cfg-path', '/tmp/tmpereghjn6']
[2026-05-16T00:20:00.978+0000] {standard_task_runner.py:91} INFO - Job 97: Subtask gold_processing
[2026-05-16T00:20:01.122+0000] {task_command.py:426} INFO - Running <TaskInstance: medallion_gold_layer.gold_processing scheduled__2026-05-16T00:15:00+00:00 [running]> on host e8a9653e4a1b
[2026-05-16T00:20:01.317+0000] {taskinstance.py:2648} INFO - Exporting env vars: AIRFLOW_CTX_DAG_OWNER='anass' AIRFLOW_CTX_DAG_ID='medallion_gold_layer' AIRFLOW_CTX_TASK_ID='gold_processing' AIRFLOW_CTX_EXECUTION_DATE='2026-05-16T00:15:00+00:00' AIRFLOW_CTX_TRY_NUMBER='1' AIRFLOW_CTX_DAG_RUN_ID='scheduled__2026-05-16T00:15:00+00:00'
[2026-05-16T00:20:01.317+0000] {taskinstance.py:430} INFO - ::endgroup::
[2026-05-16T00:20:01.332+0000] {subprocess.py:63} INFO - Tmp dir root location: /tmp
[2026-05-16T00:20:01.333+0000] {subprocess.py:75} INFO - Running command: ['/usr/bin/bash', '-c', '\n    spark-submit     --master spark://spark-master:7077     --executor-memory 512M     --executor-cores 1     --total-executor-cores 1     --jars /opt/airflow/jars/aws-java-sdk-bundle-1.12.262.jar,/opt/airflow/jars/hadoop-aws-3.3.4.jar,/opt/airflow/jars/postgresql-42.7.3.jar     /opt/spark_jobs/gold_processor.py\n    ']
[2026-05-16T00:20:01.341+0000] {subprocess.py:86} INFO - Output:
[2026-05-16T00:20:02.434+0000] {subprocess.py:93} INFO - 26/05/16 00:20:02 WARN NativeCodeLoader: Unable to load native-hadoop library for your platform... using builtin-java classes where applicable
[2026-05-16T00:20:03.267+0000] {subprocess.py:93} INFO - 26/05/16 00:20:03 INFO SparkContext: Running Spark version 3.5.1
[2026-05-16T00:20:03.269+0000] {subprocess.py:93} INFO - 26/05/16 00:20:03 INFO SparkContext: OS info Linux, 6.6.87.2-microsoft-standard-WSL2, amd64
[2026-05-16T00:20:03.270+0000] {subprocess.py:93} INFO - 26/05/16 00:20:03 INFO SparkContext: Java version 17.0.19
[2026-05-16T00:20:03.286+0000] {subprocess.py:93} INFO - 26/05/16 00:20:03 INFO ResourceUtils: ==============================================================
[2026-05-16T00:20:03.287+0000] {subprocess.py:93} INFO - 26/05/16 00:20:03 INFO ResourceUtils: No custom resources configured for spark.driver.
[2026-05-16T00:20:03.288+0000] {subprocess.py:93} INFO - 26/05/16 00:20:03 INFO ResourceUtils: ==============================================================
[2026-05-16T00:20:03.289+0000] {subprocess.py:93} INFO - 26/05/16 00:20:03 INFO SparkContext: Submitted application: GoldLayerProcessor
[2026-05-16T00:20:03.300+0000] {subprocess.py:93} INFO - 26/05/16 00:20:03 INFO ResourceProfile: Default ResourceProfile created, executor resources: Map(cores -> name: cores, amount: 1, script: , vendor: , memory -> name: memory, amount: 512, script: , vendor: , offHeap -> name: offHeap, amount: 0, script: , vendor: ), task resources: Map(cpus -> name: cpus, amount: 1.0)
[2026-05-16T00:20:03.305+0000] {subprocess.py:93} INFO - 26/05/16 00:20:03 INFO ResourceProfile: Limiting resource is cpus at 1 tasks per executor
[2026-05-16T00:20:03.306+0000] {subprocess.py:93} INFO - 26/05/16 00:20:03 INFO ResourceProfileManager: Added ResourceProfile id: 0
[2026-05-16T00:20:03.340+0000] {subprocess.py:93} INFO - 26/05/16 00:20:03 INFO SecurityManager: Changing view acls to: airflow
[2026-05-16T00:20:03.341+0000] {subprocess.py:93} INFO - 26/05/16 00:20:03 INFO SecurityManager: Changing modify acls to: airflow
[2026-05-16T00:20:03.341+0000] {subprocess.py:93} INFO - 26/05/16 00:20:03 INFO SecurityManager: Changing view acls groups to:
[2026-05-16T00:20:03.342+0000] {subprocess.py:93} INFO - 26/05/16 00:20:03 INFO SecurityManager: Changing modify acls groups to:
[2026-05-16T00:20:03.342+0000] {subprocess.py:93} INFO - 26/05/16 00:20:03 INFO SecurityManager: SecurityManager: authentication disabled; ui acls disabled; users with view permissions: airflow; groups with view permissions: EMPTY; users with modify permissions: airflow; groups with modify permissions: EMPTY
[2026-05-16T00:20:03.473+0000] {subprocess.py:93} INFO - 26/05/16 00:20:03 INFO Utils: Successfully started service 'sparkDriver' on port 41173.
[2026-05-16T00:20:03.488+0000] {subprocess.py:93} INFO - 26/05/16 00:20:03 INFO SparkEnv: Registering MapOutputTracker
[2026-05-16T00:20:03.507+0000] {subprocess.py:93} INFO - 26/05/16 00:20:03 INFO SparkEnv: Registering BlockManagerMaster
[2026-05-16T00:20:03.516+0000] {subprocess.py:93} INFO - 26/05/16 00:20:03 INFO BlockManagerMasterEndpoint: Using org.apache.spark.storage.DefaultTopologyMapper for getting topology information
[2026-05-16T00:20:03.517+0000] {subprocess.py:93} INFO - 26/05/16 00:20:03 INFO BlockManagerMasterEndpoint: BlockManagerMasterEndpoint up
[2026-05-16T00:20:03.520+0000] {subprocess.py:93} INFO - 26/05/16 00:20:03 INFO SparkEnv: Registering BlockManagerMasterHeartbeat
[2026-05-16T00:20:03.536+0000] {subprocess.py:93} INFO - 26/05/16 00:20:03 INFO DiskBlockManager: Created local directory at /tmp/blockmgr-6decf160-aec3-4a93-bb95-8a871dc78ea4
[2026-05-16T00:20:03.547+0000] {subprocess.py:93} INFO - 26/05/16 00:20:03 INFO MemoryStore: MemoryStore started with capacity 434.4 MiB
[2026-05-16T00:20:03.559+0000] {subprocess.py:93} INFO - 26/05/16 00:20:03 INFO SparkEnv: Registering OutputCommitCoordinator
[2026-05-16T00:20:03.638+0000] {subprocess.py:93} INFO - 26/05/16 00:20:03 INFO JettyUtils: Start Jetty 0.0.0.0:4040 for SparkUI
[2026-05-16T00:20:03.686+0000] {subprocess.py:93} INFO - 26/05/16 00:20:03 INFO Utils: Successfully started service 'SparkUI' on port 4040.
[2026-05-16T00:20:03.706+0000] {subprocess.py:93} INFO - 26/05/16 00:20:03 INFO SparkContext: Added JAR file:///opt/airflow/jars/aws-java-sdk-bundle-1.12.262.jar at spark://e8a9653e4a1b:41173/jars/aws-java-sdk-bundle-1.12.262.jar with timestamp 1778890803262
[2026-05-16T00:20:03.706+0000] {subprocess.py:93} INFO - 26/05/16 00:20:03 INFO SparkContext: Added JAR file:///opt/airflow/jars/hadoop-aws-3.3.4.jar at spark://e8a9653e4a1b:41173/jars/hadoop-aws-3.3.4.jar with timestamp 1778890803262
[2026-05-16T00:20:03.707+0000] {subprocess.py:93} INFO - 26/05/16 00:20:03 INFO SparkContext: Added JAR file:///opt/airflow/jars/postgresql-42.7.3.jar at spark://e8a9653e4a1b:41173/jars/postgresql-42.7.3.jar with timestamp 1778890803262
[2026-05-16T00:20:03.753+0000] {subprocess.py:93} INFO - 26/05/16 00:20:03 INFO StandaloneAppClient$ClientEndpoint: Connecting to master spark://spark-master:7077...
[2026-05-16T00:20:03.777+0000] {subprocess.py:93} INFO - 26/05/16 00:20:03 INFO TransportClientFactory: Successfully created connection to spark-master/172.18.0.6:7077 after 13 ms (0 ms spent in bootstraps)
[2026-05-16T00:20:03.830+0000] {subprocess.py:93} INFO - 26/05/16 00:20:03 INFO StandaloneSchedulerBackend: Connected to Spark cluster with app ID app-20260516002003-0096
[2026-05-16T00:20:03.832+0000] {subprocess.py:93} INFO - 26/05/16 00:20:03 INFO StandaloneAppClient$ClientEndpoint: Executor added: app-20260516002003-0096/0 on worker-20260514105200-172.18.0.13-40347 (172.18.0.13:40347) with 1 core(s)
[2026-05-16T00:20:03.833+0000] {subprocess.py:93} INFO - 26/05/16 00:20:03 INFO StandaloneSchedulerBackend: Granted executor ID app-20260516002003-0096/0 on hostPort 172.18.0.13:40347 with 1 core(s), 512.0 MiB RAM
[2026-05-16T00:20:03.837+0000] {subprocess.py:93} INFO - 26/05/16 00:20:03 INFO Utils: Successfully started service 'org.apache.spark.network.netty.NettyBlockTransferService' on port 35529.
[2026-05-16T00:20:03.838+0000] {subprocess.py:93} INFO - 26/05/16 00:20:03 INFO NettyBlockTransferService: Server created on e8a9653e4a1b:35529
[2026-05-16T00:20:03.838+0000] {subprocess.py:93} INFO - 26/05/16 00:20:03 INFO BlockManager: Using org.apache.spark.storage.RandomBlockReplicationPolicy for block replication policy
[2026-05-16T00:20:03.842+0000] {subprocess.py:93} INFO - 26/05/16 00:20:03 INFO BlockManagerMaster: Registering BlockManager BlockManagerId(driver, e8a9653e4a1b, 35529, None)
[2026-05-16T00:20:03.844+0000] {subprocess.py:93} INFO - 26/05/16 00:20:03 INFO BlockManagerMasterEndpoint: Registering block manager e8a9653e4a1b:35529 with 434.4 MiB RAM, BlockManagerId(driver, e8a9653e4a1b, 35529, None)
[2026-05-16T00:20:03.846+0000] {subprocess.py:93} INFO - 26/05/16 00:20:03 INFO BlockManagerMaster: Registered BlockManager BlockManagerId(driver, e8a9653e4a1b, 35529, None)
[2026-05-16T00:20:03.847+0000] {subprocess.py:93} INFO - 26/05/16 00:20:03 INFO BlockManager: Initialized BlockManager: BlockManagerId(driver, e8a9653e4a1b, 35529, None)
[2026-05-16T00:20:03.856+0000] {subprocess.py:93} INFO - 26/05/16 00:20:03 INFO StandaloneAppClient$ClientEndpoint: Executor updated: app-20260516002003-0096/0 is now RUNNING
[2026-05-16T00:20:03.990+0000] {subprocess.py:93} INFO - 26/05/16 00:20:03 INFO StandaloneSchedulerBackend: SchedulerBackend is ready for scheduling beginning after reached minRegisteredResourcesRatio: 0.0
[2026-05-16T00:20:04.777+0000] {subprocess.py:93} INFO - 26/05/16 00:20:04 WARN MetricsConfig: Cannot locate configuration: tried hadoop-metrics2-s3a-file-system.properties,hadoop-metrics2.properties
[2026-05-16T00:20:08.882+0000] {subprocess.py:93} INFO - Lecture SILVER terminée
[2026-05-16T00:20:16.433+0000] {subprocess.py:93} INFO - Table articles_par_jour créée
[2026-05-16T00:20:22.625+0000] {subprocess.py:93} INFO - Table articles_par_source créée
[2026-05-16T00:20:27.877+0000] {subprocess.py:93} INFO - Table top_categories créée
[2026-05-16T00:20:33.386+0000] {subprocess.py:93} INFO - Table articles_par_source_jour créée
[2026-05-16T00:20:33.386+0000] {subprocess.py:93} INFO - 
[2026-05-16T00:20:33.387+0000] {subprocess.py:93} INFO - ==============================
[2026-05-16T00:20:33.388+0000] {subprocess.py:93} INFO - GOLD LAYER TERMINÉ
[2026-05-16T00:20:33.388+0000] {subprocess.py:93} INFO - ==============================
[2026-05-16T00:20:33.615+0000] {subprocess.py:97} INFO - Command exited with return code 0
[2026-05-16T00:20:33.616+0000] {taskinstance.py:441} INFO - ::group::Post task execution logs
[2026-05-16T00:20:33.709+0000] {taskinstance.py:1206} INFO - Marking task as SUCCESS. dag_id=medallion_gold_layer, task_id=gold_processing, run_id=scheduled__2026-05-16T00:15:00+00:00, execution_date=20260516T001500, start_date=20260516T002000, end_date=20260516T002033
[2026-05-16T00:20:33.888+0000] {local_task_job_runner.py:240} INFO - Task exited with return code 0
[2026-05-16T00:20:33.935+0000] {taskinstance.py:3498} INFO - 0 downstream tasks scheduled from follow-on schedule check
[2026-05-16T00:20:33.947+0000] {local_task_job_runner.py:222} INFO - ::endgroup::
