[2026-05-19T13:45:01.630+0000] {local_task_job_runner.py:120} INFO - ::group::Pre task execution logs
[2026-05-19T13:45:01.842+0000] {taskinstance.py:2076} INFO - Dependencies all met for dep_context=non-requeueable deps ti=<TaskInstance: medallion_gold_layer.gold_processing scheduled__2026-05-19T13:40:00+00:00 [queued]>
[2026-05-19T13:45:01.876+0000] {taskinstance.py:2076} INFO - Dependencies all met for dep_context=requeueable deps ti=<TaskInstance: medallion_gold_layer.gold_processing scheduled__2026-05-19T13:40:00+00:00 [queued]>
[2026-05-19T13:45:01.880+0000] {taskinstance.py:2306} INFO - Starting attempt 1 of 2
[2026-05-19T13:45:01.973+0000] {taskinstance.py:2330} INFO - Executing <Task(BashOperator): gold_processing> on 2026-05-19 13:40:00+00:00
[2026-05-19T13:45:01.995+0000] {standard_task_runner.py:63} INFO - Started process 16274 to run task
[2026-05-19T13:45:02.017+0000] {standard_task_runner.py:90} INFO - Running: ['airflow', 'tasks', 'run', 'medallion_gold_layer', 'gold_processing', 'scheduled__2026-05-19T13:40:00+00:00', '--job-id', '326', '--raw', '--subdir', 'DAGS_FOLDER/gold_layer_dag.py', '--cfg-path', '/tmp/tmpc8481gqm']
[2026-05-19T13:45:02.028+0000] {standard_task_runner.py:91} INFO - Job 326: Subtask gold_processing
[2026-05-19T13:45:02.501+0000] {task_command.py:426} INFO - Running <TaskInstance: medallion_gold_layer.gold_processing scheduled__2026-05-19T13:40:00+00:00 [running]> on host c43074c3fd7c
[2026-05-19T13:45:03.203+0000] {taskinstance.py:2648} INFO - Exporting env vars: AIRFLOW_CTX_DAG_OWNER='ikram' AIRFLOW_CTX_DAG_ID='medallion_gold_layer' AIRFLOW_CTX_TASK_ID='gold_processing' AIRFLOW_CTX_EXECUTION_DATE='2026-05-19T13:40:00+00:00' AIRFLOW_CTX_TRY_NUMBER='1' AIRFLOW_CTX_DAG_RUN_ID='scheduled__2026-05-19T13:40:00+00:00'
[2026-05-19T13:45:03.205+0000] {taskinstance.py:430} INFO - ::endgroup::
[2026-05-19T13:45:03.241+0000] {subprocess.py:63} INFO - Tmp dir root location: /tmp
[2026-05-19T13:45:03.243+0000] {subprocess.py:75} INFO - Running command: ['/usr/bin/bash', '-c', '\n    spark-submit     --master spark://spark-master:7077     --executor-memory 512M     --executor-cores 1     --total-executor-cores 1     --jars /opt/airflow/jars/aws-java-sdk-bundle-1.12.262.jar,/opt/airflow/jars/hadoop-aws-3.3.4.jar,/opt/airflow/jars/postgresql-42.7.3.jar     /opt/spark_jobs/gold_processor.py\n    ']
[2026-05-19T13:45:03.268+0000] {subprocess.py:86} INFO - Output:
[2026-05-19T13:45:07.712+0000] {subprocess.py:93} INFO - 26/05/19 13:45:07 WARN NativeCodeLoader: Unable to load native-hadoop library for your platform... using builtin-java classes where applicable
[2026-05-19T13:45:10.377+0000] {subprocess.py:93} INFO - 26/05/19 13:45:10 INFO SparkContext: Running Spark version 3.5.1
[2026-05-19T13:45:10.378+0000] {subprocess.py:93} INFO - 26/05/19 13:45:10 INFO SparkContext: OS info Linux, 6.6.87.2-microsoft-standard-WSL2, amd64
[2026-05-19T13:45:10.379+0000] {subprocess.py:93} INFO - 26/05/19 13:45:10 INFO SparkContext: Java version 17.0.19
[2026-05-19T13:45:10.435+0000] {subprocess.py:93} INFO - 26/05/19 13:45:10 INFO ResourceUtils: ==============================================================
[2026-05-19T13:45:10.438+0000] {subprocess.py:93} INFO - 26/05/19 13:45:10 INFO ResourceUtils: No custom resources configured for spark.driver.
[2026-05-19T13:45:10.439+0000] {subprocess.py:93} INFO - 26/05/19 13:45:10 INFO ResourceUtils: ==============================================================
[2026-05-19T13:45:10.442+0000] {subprocess.py:93} INFO - 26/05/19 13:45:10 INFO SparkContext: Submitted application: GoldLayerProcessor
[2026-05-19T13:45:10.509+0000] {subprocess.py:93} INFO - 26/05/19 13:45:10 INFO ResourceProfile: Default ResourceProfile created, executor resources: Map(cores -> name: cores, amount: 1, script: , vendor: , memory -> name: memory, amount: 512, script: , vendor: , offHeap -> name: offHeap, amount: 0, script: , vendor: ), task resources: Map(cpus -> name: cpus, amount: 1.0)
[2026-05-19T13:45:10.543+0000] {subprocess.py:93} INFO - 26/05/19 13:45:10 INFO ResourceProfile: Limiting resource is cpus at 1 tasks per executor
[2026-05-19T13:45:10.549+0000] {subprocess.py:93} INFO - 26/05/19 13:45:10 INFO ResourceProfileManager: Added ResourceProfile id: 0
[2026-05-19T13:45:10.668+0000] {subprocess.py:93} INFO - 26/05/19 13:45:10 INFO SecurityManager: Changing view acls to: airflow
[2026-05-19T13:45:10.669+0000] {subprocess.py:93} INFO - 26/05/19 13:45:10 INFO SecurityManager: Changing modify acls to: airflow
[2026-05-19T13:45:10.670+0000] {subprocess.py:93} INFO - 26/05/19 13:45:10 INFO SecurityManager: Changing view acls groups to:
[2026-05-19T13:45:10.671+0000] {subprocess.py:93} INFO - 26/05/19 13:45:10 INFO SecurityManager: Changing modify acls groups to:
[2026-05-19T13:45:10.672+0000] {subprocess.py:93} INFO - 26/05/19 13:45:10 INFO SecurityManager: SecurityManager: authentication disabled; ui acls disabled; users with view permissions: airflow; groups with view permissions: EMPTY; users with modify permissions: airflow; groups with modify permissions: EMPTY
[2026-05-19T13:45:11.055+0000] {subprocess.py:93} INFO - 26/05/19 13:45:11 INFO Utils: Successfully started service 'sparkDriver' on port 35307.
[2026-05-19T13:45:11.134+0000] {subprocess.py:93} INFO - 26/05/19 13:45:11 INFO SparkEnv: Registering MapOutputTracker
[2026-05-19T13:45:11.214+0000] {subprocess.py:93} INFO - 26/05/19 13:45:11 INFO SparkEnv: Registering BlockManagerMaster
[2026-05-19T13:45:11.266+0000] {subprocess.py:93} INFO - 26/05/19 13:45:11 INFO BlockManagerMasterEndpoint: Using org.apache.spark.storage.DefaultTopologyMapper for getting topology information
[2026-05-19T13:45:11.268+0000] {subprocess.py:93} INFO - 26/05/19 13:45:11 INFO BlockManagerMasterEndpoint: BlockManagerMasterEndpoint up
[2026-05-19T13:45:11.277+0000] {subprocess.py:93} INFO - 26/05/19 13:45:11 INFO SparkEnv: Registering BlockManagerMasterHeartbeat
[2026-05-19T13:45:11.314+0000] {subprocess.py:93} INFO - 26/05/19 13:45:11 INFO DiskBlockManager: Created local directory at /tmp/blockmgr-90fe8c31-a4fe-45e4-b414-7ada4efef53e
[2026-05-19T13:45:11.348+0000] {subprocess.py:93} INFO - 26/05/19 13:45:11 INFO MemoryStore: MemoryStore started with capacity 434.4 MiB
[2026-05-19T13:45:11.385+0000] {subprocess.py:93} INFO - 26/05/19 13:45:11 INFO SparkEnv: Registering OutputCommitCoordinator
[2026-05-19T13:45:11.698+0000] {subprocess.py:93} INFO - 26/05/19 13:45:11 INFO JettyUtils: Start Jetty 0.0.0.0:4040 for SparkUI
[2026-05-19T13:45:11.824+0000] {subprocess.py:93} INFO - 26/05/19 13:45:11 INFO Utils: Successfully started service 'SparkUI' on port 4040.
[2026-05-19T13:45:11.924+0000] {subprocess.py:93} INFO - 26/05/19 13:45:11 INFO SparkContext: Added JAR file:///opt/airflow/jars/aws-java-sdk-bundle-1.12.262.jar at spark://c43074c3fd7c:35307/jars/aws-java-sdk-bundle-1.12.262.jar with timestamp 1779198310361
[2026-05-19T13:45:11.926+0000] {subprocess.py:93} INFO - 26/05/19 13:45:11 INFO SparkContext: Added JAR file:///opt/airflow/jars/hadoop-aws-3.3.4.jar at spark://c43074c3fd7c:35307/jars/hadoop-aws-3.3.4.jar with timestamp 1779198310361
[2026-05-19T13:45:11.928+0000] {subprocess.py:93} INFO - 26/05/19 13:45:11 INFO SparkContext: Added JAR file:///opt/airflow/jars/postgresql-42.7.3.jar at spark://c43074c3fd7c:35307/jars/postgresql-42.7.3.jar with timestamp 1779198310361
[2026-05-19T13:45:12.064+0000] {subprocess.py:93} INFO - 26/05/19 13:45:12 INFO StandaloneAppClient$ClientEndpoint: Connecting to master spark://spark-master:7077...
[2026-05-19T13:45:12.141+0000] {subprocess.py:93} INFO - 26/05/19 13:45:12 INFO TransportClientFactory: Successfully created connection to spark-master/172.18.0.4:7077 after 38 ms (0 ms spent in bootstraps)
[2026-05-19T13:45:12.394+0000] {subprocess.py:93} INFO - 26/05/19 13:45:12 INFO StandaloneSchedulerBackend: Connected to Spark cluster with app ID app-20260519134512-0052
[2026-05-19T13:45:12.405+0000] {subprocess.py:93} INFO - 26/05/19 13:45:12 INFO StandaloneAppClient$ClientEndpoint: Executor added: app-20260519134512-0052/0 on worker-20260518211503-172.18.0.3-40747 (172.18.0.3:40747) with 1 core(s)
[2026-05-19T13:45:12.418+0000] {subprocess.py:93} INFO - 26/05/19 13:45:12 INFO StandaloneSchedulerBackend: Granted executor ID app-20260519134512-0052/0 on hostPort 172.18.0.3:40747 with 1 core(s), 512.0 MiB RAM
[2026-05-19T13:45:12.435+0000] {subprocess.py:93} INFO - 26/05/19 13:45:12 INFO Utils: Successfully started service 'org.apache.spark.network.netty.NettyBlockTransferService' on port 37453.
[2026-05-19T13:45:12.438+0000] {subprocess.py:93} INFO - 26/05/19 13:45:12 INFO NettyBlockTransferService: Server created on c43074c3fd7c:37453
[2026-05-19T13:45:12.441+0000] {subprocess.py:93} INFO - 26/05/19 13:45:12 INFO BlockManager: Using org.apache.spark.storage.RandomBlockReplicationPolicy for block replication policy
[2026-05-19T13:45:12.451+0000] {subprocess.py:93} INFO - 26/05/19 13:45:12 INFO BlockManagerMaster: Registering BlockManager BlockManagerId(driver, c43074c3fd7c, 37453, None)
[2026-05-19T13:45:12.457+0000] {subprocess.py:93} INFO - 26/05/19 13:45:12 INFO BlockManagerMasterEndpoint: Registering block manager c43074c3fd7c:37453 with 434.4 MiB RAM, BlockManagerId(driver, c43074c3fd7c, 37453, None)
[2026-05-19T13:45:12.461+0000] {subprocess.py:93} INFO - 26/05/19 13:45:12 INFO BlockManagerMaster: Registered BlockManager BlockManagerId(driver, c43074c3fd7c, 37453, None)
[2026-05-19T13:45:12.463+0000] {subprocess.py:93} INFO - 26/05/19 13:45:12 INFO BlockManager: Initialized BlockManager: BlockManagerId(driver, c43074c3fd7c, 37453, None)
[2026-05-19T13:45:12.491+0000] {subprocess.py:93} INFO - 26/05/19 13:45:12 INFO StandaloneAppClient$ClientEndpoint: Executor updated: app-20260519134512-0052/0 is now RUNNING
[2026-05-19T13:45:12.823+0000] {subprocess.py:93} INFO - 26/05/19 13:45:12 INFO StandaloneSchedulerBackend: SchedulerBackend is ready for scheduling beginning after reached minRegisteredResourcesRatio: 0.0
[2026-05-19T13:45:15.132+0000] {subprocess.py:93} INFO - 26/05/19 13:45:15 WARN MetricsConfig: Cannot locate configuration: tried hadoop-metrics2-s3a-file-system.properties,hadoop-metrics2.properties
[2026-05-19T13:45:38.229+0000] {subprocess.py:93} INFO - Lecture SILVER terminée
[2026-05-19T14:05:31.490+0000] {subprocess.py:93} INFO - Table articles_par_jour créée
[2026-05-19T14:06:20.247+0000] {subprocess.py:93} INFO - Table articles_par_source créée
[2026-05-19T15:47:03.923+0000] {subprocess.py:93} INFO - 26/05/19 15:47:03 ERROR TaskSchedulerImpl: Lost executor 0 on 172.18.0.3: worker lost: Not receiving heartbeat for 60 seconds
[2026-05-19T15:48:42.260+0000] {subprocess.py:93} INFO - Table top_categories créée
[2026-05-19T15:49:17.170+0000] {subprocess.py:93} INFO - Table articles_par_source_jour créée
[2026-05-19T15:49:17.172+0000] {subprocess.py:93} INFO - 
[2026-05-19T15:49:17.174+0000] {subprocess.py:93} INFO - ==============================
[2026-05-19T15:49:17.176+0000] {subprocess.py:93} INFO - GOLD LAYER TERMINÉ
[2026-05-19T15:49:17.178+0000] {subprocess.py:93} INFO - ==============================
[2026-05-19T15:49:18.524+0000] {subprocess.py:97} INFO - Command exited with return code 0
[2026-05-19T15:49:18.528+0000] {taskinstance.py:441} INFO - ::group::Post task execution logs
[2026-05-19T15:49:19.340+0000] {taskinstance.py:1206} INFO - Marking task as SUCCESS. dag_id=medallion_gold_layer, task_id=gold_processing, run_id=scheduled__2026-05-19T13:40:00+00:00, execution_date=20260519T134000, start_date=20260519T134501, end_date=20260519T154919
[2026-05-19T15:49:19.504+0000] {local_task_job_runner.py:240} INFO - Task exited with return code 0
[2026-05-19T15:49:19.659+0000] {taskinstance.py:3498} INFO - 0 downstream tasks scheduled from follow-on schedule check
[2026-05-19T15:49:19.667+0000] {local_task_job_runner.py:222} INFO - ::endgroup::
