[2026-05-15T15:05:00.780+0000] {local_task_job_runner.py:120} INFO - ::group::Pre task execution logs
[2026-05-15T15:05:00.834+0000] {taskinstance.py:2076} INFO - Dependencies all met for dep_context=non-requeueable deps ti=<TaskInstance: medallion_gold_layer.gold_processing scheduled__2026-05-15T15:00:00+00:00 [queued]>
[2026-05-15T15:05:00.842+0000] {taskinstance.py:2076} INFO - Dependencies all met for dep_context=requeueable deps ti=<TaskInstance: medallion_gold_layer.gold_processing scheduled__2026-05-15T15:00:00+00:00 [queued]>
[2026-05-15T15:05:00.842+0000] {taskinstance.py:2306} INFO - Starting attempt 1 of 2
[2026-05-15T15:05:00.867+0000] {taskinstance.py:2330} INFO - Executing <Task(BashOperator): gold_processing> on 2026-05-15 15:00:00+00:00
[2026-05-15T15:05:00.872+0000] {standard_task_runner.py:63} INFO - Started process 17252 to run task
[2026-05-15T15:05:00.874+0000] {standard_task_runner.py:90} INFO - Running: ['airflow', 'tasks', 'run', 'medallion_gold_layer', 'gold_processing', 'scheduled__2026-05-15T15:00:00+00:00', '--job-id', '48', '--raw', '--subdir', 'DAGS_FOLDER/gold_layer_dag.py', '--cfg-path', '/tmp/tmpifwyfwk1']
[2026-05-15T15:05:00.876+0000] {standard_task_runner.py:91} INFO - Job 48: Subtask gold_processing
[2026-05-15T15:05:01.029+0000] {task_command.py:426} INFO - Running <TaskInstance: medallion_gold_layer.gold_processing scheduled__2026-05-15T15:00:00+00:00 [running]> on host e8a9653e4a1b
[2026-05-15T15:05:01.236+0000] {taskinstance.py:2648} INFO - Exporting env vars: AIRFLOW_CTX_DAG_OWNER='anass' AIRFLOW_CTX_DAG_ID='medallion_gold_layer' AIRFLOW_CTX_TASK_ID='gold_processing' AIRFLOW_CTX_EXECUTION_DATE='2026-05-15T15:00:00+00:00' AIRFLOW_CTX_TRY_NUMBER='1' AIRFLOW_CTX_DAG_RUN_ID='scheduled__2026-05-15T15:00:00+00:00'
[2026-05-15T15:05:01.237+0000] {taskinstance.py:430} INFO - ::endgroup::
[2026-05-15T15:05:01.246+0000] {subprocess.py:63} INFO - Tmp dir root location: /tmp
[2026-05-15T15:05:01.248+0000] {subprocess.py:75} INFO - Running command: ['/usr/bin/bash', '-c', '\n    spark-submit     --master spark://spark-master:7077     --executor-memory 512M     --executor-cores 1     --total-executor-cores 1     --jars /opt/airflow/jars/aws-java-sdk-bundle-1.12.262.jar,/opt/airflow/jars/hadoop-aws-3.3.4.jar,/opt/airflow/jars/postgresql-42.7.3.jar     /opt/spark_jobs/gold_processor.py\n    ']
[2026-05-15T15:05:01.256+0000] {subprocess.py:86} INFO - Output:
[2026-05-15T15:05:02.593+0000] {subprocess.py:93} INFO - 26/05/15 15:05:02 WARN NativeCodeLoader: Unable to load native-hadoop library for your platform... using builtin-java classes where applicable
[2026-05-15T15:05:03.543+0000] {subprocess.py:93} INFO - 26/05/15 15:05:03 INFO SparkContext: Running Spark version 3.5.1
[2026-05-15T15:05:03.544+0000] {subprocess.py:93} INFO - 26/05/15 15:05:03 INFO SparkContext: OS info Linux, 6.6.87.2-microsoft-standard-WSL2, amd64
[2026-05-15T15:05:03.545+0000] {subprocess.py:93} INFO - 26/05/15 15:05:03 INFO SparkContext: Java version 17.0.19
[2026-05-15T15:05:03.563+0000] {subprocess.py:93} INFO - 26/05/15 15:05:03 INFO ResourceUtils: ==============================================================
[2026-05-15T15:05:03.564+0000] {subprocess.py:93} INFO - 26/05/15 15:05:03 INFO ResourceUtils: No custom resources configured for spark.driver.
[2026-05-15T15:05:03.565+0000] {subprocess.py:93} INFO - 26/05/15 15:05:03 INFO ResourceUtils: ==============================================================
[2026-05-15T15:05:03.565+0000] {subprocess.py:93} INFO - 26/05/15 15:05:03 INFO SparkContext: Submitted application: GoldLayerProcessor
[2026-05-15T15:05:03.578+0000] {subprocess.py:93} INFO - 26/05/15 15:05:03 INFO ResourceProfile: Default ResourceProfile created, executor resources: Map(cores -> name: cores, amount: 1, script: , vendor: , memory -> name: memory, amount: 512, script: , vendor: , offHeap -> name: offHeap, amount: 0, script: , vendor: ), task resources: Map(cpus -> name: cpus, amount: 1.0)
[2026-05-15T15:05:03.585+0000] {subprocess.py:93} INFO - 26/05/15 15:05:03 INFO ResourceProfile: Limiting resource is cpus at 1 tasks per executor
[2026-05-15T15:05:03.587+0000] {subprocess.py:93} INFO - 26/05/15 15:05:03 INFO ResourceProfileManager: Added ResourceProfile id: 0
[2026-05-15T15:05:03.623+0000] {subprocess.py:93} INFO - 26/05/15 15:05:03 INFO SecurityManager: Changing view acls to: airflow
[2026-05-15T15:05:03.624+0000] {subprocess.py:93} INFO - 26/05/15 15:05:03 INFO SecurityManager: Changing modify acls to: airflow
[2026-05-15T15:05:03.624+0000] {subprocess.py:93} INFO - 26/05/15 15:05:03 INFO SecurityManager: Changing view acls groups to:
[2026-05-15T15:05:03.625+0000] {subprocess.py:93} INFO - 26/05/15 15:05:03 INFO SecurityManager: Changing modify acls groups to:
[2026-05-15T15:05:03.625+0000] {subprocess.py:93} INFO - 26/05/15 15:05:03 INFO SecurityManager: SecurityManager: authentication disabled; ui acls disabled; users with view permissions: airflow; groups with view permissions: EMPTY; users with modify permissions: airflow; groups with modify permissions: EMPTY
[2026-05-15T15:05:03.762+0000] {subprocess.py:93} INFO - 26/05/15 15:05:03 INFO Utils: Successfully started service 'sparkDriver' on port 36585.
[2026-05-15T15:05:03.780+0000] {subprocess.py:93} INFO - 26/05/15 15:05:03 INFO SparkEnv: Registering MapOutputTracker
[2026-05-15T15:05:03.801+0000] {subprocess.py:93} INFO - 26/05/15 15:05:03 INFO SparkEnv: Registering BlockManagerMaster
[2026-05-15T15:05:03.813+0000] {subprocess.py:93} INFO - 26/05/15 15:05:03 INFO BlockManagerMasterEndpoint: Using org.apache.spark.storage.DefaultTopologyMapper for getting topology information
[2026-05-15T15:05:03.813+0000] {subprocess.py:93} INFO - 26/05/15 15:05:03 INFO BlockManagerMasterEndpoint: BlockManagerMasterEndpoint up
[2026-05-15T15:05:03.816+0000] {subprocess.py:93} INFO - 26/05/15 15:05:03 INFO SparkEnv: Registering BlockManagerMasterHeartbeat
[2026-05-15T15:05:03.827+0000] {subprocess.py:93} INFO - 26/05/15 15:05:03 INFO DiskBlockManager: Created local directory at /tmp/blockmgr-e3aa172e-ed50-44f0-9258-871b0e610aa3
[2026-05-15T15:05:03.835+0000] {subprocess.py:93} INFO - 26/05/15 15:05:03 INFO MemoryStore: MemoryStore started with capacity 434.4 MiB
[2026-05-15T15:05:03.846+0000] {subprocess.py:93} INFO - 26/05/15 15:05:03 INFO SparkEnv: Registering OutputCommitCoordinator
[2026-05-15T15:05:03.916+0000] {subprocess.py:93} INFO - 26/05/15 15:05:03 INFO JettyUtils: Start Jetty 0.0.0.0:4040 for SparkUI
[2026-05-15T15:05:03.976+0000] {subprocess.py:93} INFO - 26/05/15 15:05:03 INFO Utils: Successfully started service 'SparkUI' on port 4040.
[2026-05-15T15:05:04.006+0000] {subprocess.py:93} INFO - 26/05/15 15:05:04 INFO SparkContext: Added JAR file:///opt/airflow/jars/aws-java-sdk-bundle-1.12.262.jar at spark://e8a9653e4a1b:36585/jars/aws-java-sdk-bundle-1.12.262.jar with timestamp 1778857503537
[2026-05-15T15:05:04.007+0000] {subprocess.py:93} INFO - 26/05/15 15:05:04 INFO SparkContext: Added JAR file:///opt/airflow/jars/hadoop-aws-3.3.4.jar at spark://e8a9653e4a1b:36585/jars/hadoop-aws-3.3.4.jar with timestamp 1778857503537
[2026-05-15T15:05:04.007+0000] {subprocess.py:93} INFO - 26/05/15 15:05:04 INFO SparkContext: Added JAR file:///opt/airflow/jars/postgresql-42.7.3.jar at spark://e8a9653e4a1b:36585/jars/postgresql-42.7.3.jar with timestamp 1778857503537
[2026-05-15T15:05:04.080+0000] {subprocess.py:93} INFO - 26/05/15 15:05:04 INFO StandaloneAppClient$ClientEndpoint: Connecting to master spark://spark-master:7077...
[2026-05-15T15:05:04.126+0000] {subprocess.py:93} INFO - 26/05/15 15:05:04 INFO TransportClientFactory: Successfully created connection to spark-master/172.18.0.6:7077 after 26 ms (0 ms spent in bootstraps)
[2026-05-15T15:05:04.203+0000] {subprocess.py:93} INFO - 26/05/15 15:05:04 INFO StandaloneSchedulerBackend: Connected to Spark cluster with app ID app-20260515150504-0047
[2026-05-15T15:05:04.205+0000] {subprocess.py:93} INFO - 26/05/15 15:05:04 INFO StandaloneAppClient$ClientEndpoint: Executor added: app-20260515150504-0047/0 on worker-20260514105200-172.18.0.13-40347 (172.18.0.13:40347) with 1 core(s)
[2026-05-15T15:05:04.208+0000] {subprocess.py:93} INFO - 26/05/15 15:05:04 INFO StandaloneSchedulerBackend: Granted executor ID app-20260515150504-0047/0 on hostPort 172.18.0.13:40347 with 1 core(s), 512.0 MiB RAM
[2026-05-15T15:05:04.217+0000] {subprocess.py:93} INFO - 26/05/15 15:05:04 INFO Utils: Successfully started service 'org.apache.spark.network.netty.NettyBlockTransferService' on port 46387.
[2026-05-15T15:05:04.218+0000] {subprocess.py:93} INFO - 26/05/15 15:05:04 INFO NettyBlockTransferService: Server created on e8a9653e4a1b:46387
[2026-05-15T15:05:04.220+0000] {subprocess.py:93} INFO - 26/05/15 15:05:04 INFO BlockManager: Using org.apache.spark.storage.RandomBlockReplicationPolicy for block replication policy
[2026-05-15T15:05:04.228+0000] {subprocess.py:93} INFO - 26/05/15 15:05:04 INFO BlockManagerMaster: Registering BlockManager BlockManagerId(driver, e8a9653e4a1b, 46387, None)
[2026-05-15T15:05:04.236+0000] {subprocess.py:93} INFO - 26/05/15 15:05:04 INFO BlockManagerMasterEndpoint: Registering block manager e8a9653e4a1b:46387 with 434.4 MiB RAM, BlockManagerId(driver, e8a9653e4a1b, 46387, None)
[2026-05-15T15:05:04.240+0000] {subprocess.py:93} INFO - 26/05/15 15:05:04 INFO BlockManagerMaster: Registered BlockManager BlockManagerId(driver, e8a9653e4a1b, 46387, None)
[2026-05-15T15:05:04.242+0000] {subprocess.py:93} INFO - 26/05/15 15:05:04 INFO BlockManager: Initialized BlockManager: BlockManagerId(driver, e8a9653e4a1b, 46387, None)
[2026-05-15T15:05:04.252+0000] {subprocess.py:93} INFO - 26/05/15 15:05:04 INFO StandaloneAppClient$ClientEndpoint: Executor updated: app-20260515150504-0047/0 is now RUNNING
[2026-05-15T15:05:04.536+0000] {subprocess.py:93} INFO - 26/05/15 15:05:04 INFO StandaloneSchedulerBackend: SchedulerBackend is ready for scheduling beginning after reached minRegisteredResourcesRatio: 0.0
[2026-05-15T15:05:05.659+0000] {subprocess.py:93} INFO - 26/05/15 15:05:05 WARN MetricsConfig: Cannot locate configuration: tried hadoop-metrics2-s3a-file-system.properties,hadoop-metrics2.properties
[2026-05-15T15:05:09.473+0000] {subprocess.py:93} INFO - Lecture SILVER terminée
[2026-05-15T15:05:15.015+0000] {subprocess.py:93} INFO - Table articles_par_jour créée
[2026-05-15T15:05:19.004+0000] {subprocess.py:93} INFO - Table articles_par_source créée
[2026-05-15T15:05:22.216+0000] {subprocess.py:93} INFO - Table top_categories créée
[2026-05-15T15:05:25.011+0000] {subprocess.py:93} INFO - Table articles_par_source_jour créée
[2026-05-15T15:05:25.016+0000] {subprocess.py:93} INFO - 
[2026-05-15T15:05:25.016+0000] {subprocess.py:93} INFO - ==============================
[2026-05-15T15:05:25.017+0000] {subprocess.py:93} INFO - GOLD LAYER TERMINÉ
[2026-05-15T15:05:25.017+0000] {subprocess.py:93} INFO - ==============================
[2026-05-15T15:05:25.665+0000] {subprocess.py:97} INFO - Command exited with return code 0
[2026-05-15T15:05:25.666+0000] {taskinstance.py:441} INFO - ::group::Post task execution logs
[2026-05-15T15:05:25.779+0000] {taskinstance.py:1206} INFO - Marking task as SUCCESS. dag_id=medallion_gold_layer, task_id=gold_processing, run_id=scheduled__2026-05-15T15:00:00+00:00, execution_date=20260515T150000, start_date=20260515T150500, end_date=20260515T150525
[2026-05-15T15:05:25.929+0000] {local_task_job_runner.py:240} INFO - Task exited with return code 0
[2026-05-15T15:05:25.971+0000] {taskinstance.py:3498} INFO - 0 downstream tasks scheduled from follow-on schedule check
[2026-05-15T15:05:25.974+0000] {local_task_job_runner.py:222} INFO - ::endgroup::
