[2026-05-15T16:58:55.876+0000] {local_task_job_runner.py:120} INFO - ::group::Pre task execution logs
[2026-05-15T16:58:56.023+0000] {taskinstance.py:2076} INFO - Dependencies all met for dep_context=non-requeueable deps ti=<TaskInstance: medallion_gold_layer.gold_processing scheduled__2026-05-15T16:50:00+00:00 [queued]>
[2026-05-15T16:58:56.050+0000] {taskinstance.py:2076} INFO - Dependencies all met for dep_context=requeueable deps ti=<TaskInstance: medallion_gold_layer.gold_processing scheduled__2026-05-15T16:50:00+00:00 [queued]>
[2026-05-15T16:58:56.052+0000] {taskinstance.py:2306} INFO - Starting attempt 1 of 2
[2026-05-15T16:58:56.089+0000] {taskinstance.py:2330} INFO - Executing <Task(BashOperator): gold_processing> on 2026-05-15 16:50:00+00:00
[2026-05-15T16:58:56.100+0000] {standard_task_runner.py:63} INFO - Started process 21729 to run task
[2026-05-15T16:58:56.106+0000] {standard_task_runner.py:90} INFO - Running: ['airflow', 'tasks', 'run', 'medallion_gold_layer', 'gold_processing', 'scheduled__2026-05-15T16:50:00+00:00', '--job-id', '60', '--raw', '--subdir', 'DAGS_FOLDER/gold_layer_dag.py', '--cfg-path', '/tmp/tmpy0i4wlxp']
[2026-05-15T16:58:56.112+0000] {standard_task_runner.py:91} INFO - Job 60: Subtask gold_processing
[2026-05-15T16:58:56.451+0000] {task_command.py:426} INFO - Running <TaskInstance: medallion_gold_layer.gold_processing scheduled__2026-05-15T16:50:00+00:00 [running]> on host e8a9653e4a1b
[2026-05-15T16:58:57.025+0000] {taskinstance.py:2648} INFO - Exporting env vars: AIRFLOW_CTX_DAG_OWNER='anass' AIRFLOW_CTX_DAG_ID='medallion_gold_layer' AIRFLOW_CTX_TASK_ID='gold_processing' AIRFLOW_CTX_EXECUTION_DATE='2026-05-15T16:50:00+00:00' AIRFLOW_CTX_TRY_NUMBER='1' AIRFLOW_CTX_DAG_RUN_ID='scheduled__2026-05-15T16:50:00+00:00'
[2026-05-15T16:58:57.028+0000] {taskinstance.py:430} INFO - ::endgroup::
[2026-05-15T16:58:57.067+0000] {subprocess.py:63} INFO - Tmp dir root location: /tmp
[2026-05-15T16:58:57.070+0000] {subprocess.py:75} INFO - Running command: ['/usr/bin/bash', '-c', '\n    spark-submit     --master spark://spark-master:7077     --executor-memory 512M     --executor-cores 1     --total-executor-cores 1     --jars /opt/airflow/jars/aws-java-sdk-bundle-1.12.262.jar,/opt/airflow/jars/hadoop-aws-3.3.4.jar,/opt/airflow/jars/postgresql-42.7.3.jar     /opt/spark_jobs/gold_processor.py\n    ']
[2026-05-15T16:58:57.092+0000] {subprocess.py:86} INFO - Output:
[2026-05-15T16:59:01.069+0000] {subprocess.py:93} INFO - 26/05/15 16:59:01 WARN NativeCodeLoader: Unable to load native-hadoop library for your platform... using builtin-java classes where applicable
[2026-05-15T16:59:02.610+0000] {subprocess.py:93} INFO - 26/05/15 16:59:02 INFO SparkContext: Running Spark version 3.5.1
[2026-05-15T16:59:02.611+0000] {subprocess.py:93} INFO - 26/05/15 16:59:02 INFO SparkContext: OS info Linux, 6.6.87.2-microsoft-standard-WSL2, amd64
[2026-05-15T16:59:02.612+0000] {subprocess.py:93} INFO - 26/05/15 16:59:02 INFO SparkContext: Java version 17.0.19
[2026-05-15T16:59:02.653+0000] {subprocess.py:93} INFO - 26/05/15 16:59:02 INFO ResourceUtils: ==============================================================
[2026-05-15T16:59:02.655+0000] {subprocess.py:93} INFO - 26/05/15 16:59:02 INFO ResourceUtils: No custom resources configured for spark.driver.
[2026-05-15T16:59:02.656+0000] {subprocess.py:93} INFO - 26/05/15 16:59:02 INFO ResourceUtils: ==============================================================
[2026-05-15T16:59:02.658+0000] {subprocess.py:93} INFO - 26/05/15 16:59:02 INFO SparkContext: Submitted application: GoldLayerProcessor
[2026-05-15T16:59:02.682+0000] {subprocess.py:93} INFO - 26/05/15 16:59:02 INFO ResourceProfile: Default ResourceProfile created, executor resources: Map(cores -> name: cores, amount: 1, script: , vendor: , memory -> name: memory, amount: 512, script: , vendor: , offHeap -> name: offHeap, amount: 0, script: , vendor: ), task resources: Map(cpus -> name: cpus, amount: 1.0)
[2026-05-15T16:59:02.692+0000] {subprocess.py:93} INFO - 26/05/15 16:59:02 INFO ResourceProfile: Limiting resource is cpus at 1 tasks per executor
[2026-05-15T16:59:02.696+0000] {subprocess.py:93} INFO - 26/05/15 16:59:02 INFO ResourceProfileManager: Added ResourceProfile id: 0
[2026-05-15T16:59:02.752+0000] {subprocess.py:93} INFO - 26/05/15 16:59:02 INFO SecurityManager: Changing view acls to: airflow
[2026-05-15T16:59:02.754+0000] {subprocess.py:93} INFO - 26/05/15 16:59:02 INFO SecurityManager: Changing modify acls to: airflow
[2026-05-15T16:59:02.755+0000] {subprocess.py:93} INFO - 26/05/15 16:59:02 INFO SecurityManager: Changing view acls groups to:
[2026-05-15T16:59:02.755+0000] {subprocess.py:93} INFO - 26/05/15 16:59:02 INFO SecurityManager: Changing modify acls groups to:
[2026-05-15T16:59:02.756+0000] {subprocess.py:93} INFO - 26/05/15 16:59:02 INFO SecurityManager: SecurityManager: authentication disabled; ui acls disabled; users with view permissions: airflow; groups with view permissions: EMPTY; users with modify permissions: airflow; groups with modify permissions: EMPTY
[2026-05-15T16:59:02.989+0000] {subprocess.py:93} INFO - 26/05/15 16:59:02 INFO Utils: Successfully started service 'sparkDriver' on port 35141.
[2026-05-15T16:59:03.018+0000] {subprocess.py:93} INFO - 26/05/15 16:59:03 INFO SparkEnv: Registering MapOutputTracker
[2026-05-15T16:59:03.080+0000] {subprocess.py:93} INFO - 26/05/15 16:59:03 INFO SparkEnv: Registering BlockManagerMaster
[2026-05-15T16:59:03.100+0000] {subprocess.py:93} INFO - 26/05/15 16:59:03 INFO BlockManagerMasterEndpoint: Using org.apache.spark.storage.DefaultTopologyMapper for getting topology information
[2026-05-15T16:59:03.101+0000] {subprocess.py:93} INFO - 26/05/15 16:59:03 INFO BlockManagerMasterEndpoint: BlockManagerMasterEndpoint up
[2026-05-15T16:59:03.107+0000] {subprocess.py:93} INFO - 26/05/15 16:59:03 INFO SparkEnv: Registering BlockManagerMasterHeartbeat
[2026-05-15T16:59:03.124+0000] {subprocess.py:93} INFO - 26/05/15 16:59:03 INFO DiskBlockManager: Created local directory at /tmp/blockmgr-6bab3a44-4651-43bd-a164-b0e743a02d24
[2026-05-15T16:59:03.137+0000] {subprocess.py:93} INFO - 26/05/15 16:59:03 INFO MemoryStore: MemoryStore started with capacity 434.4 MiB
[2026-05-15T16:59:03.156+0000] {subprocess.py:93} INFO - 26/05/15 16:59:03 INFO SparkEnv: Registering OutputCommitCoordinator
[2026-05-15T16:59:03.259+0000] {subprocess.py:93} INFO - 26/05/15 16:59:03 INFO JettyUtils: Start Jetty 0.0.0.0:4040 for SparkUI
[2026-05-15T16:59:03.332+0000] {subprocess.py:93} INFO - 26/05/15 16:59:03 INFO Utils: Successfully started service 'SparkUI' on port 4040.
[2026-05-15T16:59:03.365+0000] {subprocess.py:93} INFO - 26/05/15 16:59:03 INFO SparkContext: Added JAR file:///opt/airflow/jars/aws-java-sdk-bundle-1.12.262.jar at spark://e8a9653e4a1b:35141/jars/aws-java-sdk-bundle-1.12.262.jar with timestamp 1778864342597
[2026-05-15T16:59:03.366+0000] {subprocess.py:93} INFO - 26/05/15 16:59:03 INFO SparkContext: Added JAR file:///opt/airflow/jars/hadoop-aws-3.3.4.jar at spark://e8a9653e4a1b:35141/jars/hadoop-aws-3.3.4.jar with timestamp 1778864342597
[2026-05-15T16:59:03.367+0000] {subprocess.py:93} INFO - 26/05/15 16:59:03 INFO SparkContext: Added JAR file:///opt/airflow/jars/postgresql-42.7.3.jar at spark://e8a9653e4a1b:35141/jars/postgresql-42.7.3.jar with timestamp 1778864342597
[2026-05-15T16:59:03.436+0000] {subprocess.py:93} INFO - 26/05/15 16:59:03 INFO StandaloneAppClient$ClientEndpoint: Connecting to master spark://spark-master:7077...
[2026-05-15T16:59:03.477+0000] {subprocess.py:93} INFO - 26/05/15 16:59:03 INFO TransportClientFactory: Successfully created connection to spark-master/172.18.0.6:7077 after 21 ms (0 ms spent in bootstraps)
[2026-05-15T16:59:03.556+0000] {subprocess.py:93} INFO - 26/05/15 16:59:03 INFO StandaloneSchedulerBackend: Connected to Spark cluster with app ID app-20260515165903-0059
[2026-05-15T16:59:03.559+0000] {subprocess.py:93} INFO - 26/05/15 16:59:03 INFO StandaloneAppClient$ClientEndpoint: Executor added: app-20260515165903-0059/0 on worker-20260514105200-172.18.0.13-40347 (172.18.0.13:40347) with 1 core(s)
[2026-05-15T16:59:03.562+0000] {subprocess.py:93} INFO - 26/05/15 16:59:03 INFO StandaloneSchedulerBackend: Granted executor ID app-20260515165903-0059/0 on hostPort 172.18.0.13:40347 with 1 core(s), 512.0 MiB RAM
[2026-05-15T16:59:03.565+0000] {subprocess.py:93} INFO - 26/05/15 16:59:03 INFO Utils: Successfully started service 'org.apache.spark.network.netty.NettyBlockTransferService' on port 33609.
[2026-05-15T16:59:03.565+0000] {subprocess.py:93} INFO - 26/05/15 16:59:03 INFO NettyBlockTransferService: Server created on e8a9653e4a1b:33609
[2026-05-15T16:59:03.567+0000] {subprocess.py:93} INFO - 26/05/15 16:59:03 INFO BlockManager: Using org.apache.spark.storage.RandomBlockReplicationPolicy for block replication policy
[2026-05-15T16:59:03.573+0000] {subprocess.py:93} INFO - 26/05/15 16:59:03 INFO BlockManagerMaster: Registering BlockManager BlockManagerId(driver, e8a9653e4a1b, 33609, None)
[2026-05-15T16:59:03.576+0000] {subprocess.py:93} INFO - 26/05/15 16:59:03 INFO BlockManagerMasterEndpoint: Registering block manager e8a9653e4a1b:33609 with 434.4 MiB RAM, BlockManagerId(driver, e8a9653e4a1b, 33609, None)
[2026-05-15T16:59:03.579+0000] {subprocess.py:93} INFO - 26/05/15 16:59:03 INFO BlockManagerMaster: Registered BlockManager BlockManagerId(driver, e8a9653e4a1b, 33609, None)
[2026-05-15T16:59:03.581+0000] {subprocess.py:93} INFO - 26/05/15 16:59:03 INFO BlockManager: Initialized BlockManager: BlockManagerId(driver, e8a9653e4a1b, 33609, None)
[2026-05-15T16:59:03.599+0000] {subprocess.py:93} INFO - 26/05/15 16:59:03 INFO StandaloneAppClient$ClientEndpoint: Executor updated: app-20260515165903-0059/0 is now RUNNING
[2026-05-15T16:59:03.785+0000] {subprocess.py:93} INFO - 26/05/15 16:59:03 INFO StandaloneSchedulerBackend: SchedulerBackend is ready for scheduling beginning after reached minRegisteredResourcesRatio: 0.0
[2026-05-15T16:59:05.107+0000] {subprocess.py:93} INFO - 26/05/15 16:59:05 WARN MetricsConfig: Cannot locate configuration: tried hadoop-metrics2-s3a-file-system.properties,hadoop-metrics2.properties
[2026-05-15T16:59:10.820+0000] {subprocess.py:93} INFO - Lecture SILVER terminée
[2026-05-15T16:59:18.881+0000] {subprocess.py:93} INFO - Table articles_par_jour créée
[2026-05-15T16:59:24.773+0000] {subprocess.py:93} INFO - Table articles_par_source créée
[2026-05-15T16:59:30.583+0000] {subprocess.py:93} INFO - Table top_categories créée
[2026-05-15T16:59:35.225+0000] {subprocess.py:93} INFO - Table articles_par_source_jour créée
[2026-05-15T16:59:35.226+0000] {subprocess.py:93} INFO - 
[2026-05-15T16:59:35.226+0000] {subprocess.py:93} INFO - ==============================
[2026-05-15T16:59:35.227+0000] {subprocess.py:93} INFO - GOLD LAYER TERMINÉ
[2026-05-15T16:59:35.228+0000] {subprocess.py:93} INFO - ==============================
[2026-05-15T16:59:35.968+0000] {subprocess.py:97} INFO - Command exited with return code 0
[2026-05-15T16:59:35.971+0000] {taskinstance.py:441} INFO - ::group::Post task execution logs
[2026-05-15T16:59:36.336+0000] {taskinstance.py:1206} INFO - Marking task as SUCCESS. dag_id=medallion_gold_layer, task_id=gold_processing, run_id=scheduled__2026-05-15T16:50:00+00:00, execution_date=20260515T165000, start_date=20260515T165856, end_date=20260515T165936
[2026-05-15T16:59:36.459+0000] {local_task_job_runner.py:240} INFO - Task exited with return code 0
[2026-05-15T16:59:36.590+0000] {taskinstance.py:3498} INFO - 0 downstream tasks scheduled from follow-on schedule check
[2026-05-15T16:59:36.612+0000] {local_task_job_runner.py:222} INFO - ::endgroup::
