[2026-05-18T00:41:59.273+0000] {local_task_job_runner.py:120} INFO - ::group::Pre task execution logs
[2026-05-18T00:41:59.399+0000] {taskinstance.py:2076} INFO - Dependencies all met for dep_context=non-requeueable deps ti=<TaskInstance: medallion_gold_layer.gold_processing scheduled__2026-05-18T00:35:00+00:00 [queued]>
[2026-05-18T00:41:59.434+0000] {taskinstance.py:2076} INFO - Dependencies all met for dep_context=requeueable deps ti=<TaskInstance: medallion_gold_layer.gold_processing scheduled__2026-05-18T00:35:00+00:00 [queued]>
[2026-05-18T00:41:59.437+0000] {taskinstance.py:2306} INFO - Starting attempt 1 of 2
[2026-05-18T00:41:59.501+0000] {taskinstance.py:2330} INFO - Executing <Task(BashOperator): gold_processing> on 2026-05-18 00:35:00+00:00
[2026-05-18T00:41:59.520+0000] {standard_task_runner.py:63} INFO - Started process 82329 to run task
[2026-05-18T00:41:59.535+0000] {standard_task_runner.py:90} INFO - Running: ['airflow', 'tasks', 'run', 'medallion_gold_layer', 'gold_processing', 'scheduled__2026-05-18T00:35:00+00:00', '--job-id', '214', '--raw', '--subdir', 'DAGS_FOLDER/gold_layer_dag.py', '--cfg-path', '/tmp/tmp8yh5nz4i']
[2026-05-18T00:41:59.543+0000] {standard_task_runner.py:91} INFO - Job 214: Subtask gold_processing
[2026-05-18T00:42:00.186+0000] {task_command.py:426} INFO - Running <TaskInstance: medallion_gold_layer.gold_processing scheduled__2026-05-18T00:35:00+00:00 [running]> on host e8a9653e4a1b
[2026-05-18T00:42:01.016+0000] {taskinstance.py:2648} INFO - Exporting env vars: AIRFLOW_CTX_DAG_OWNER='anass' AIRFLOW_CTX_DAG_ID='medallion_gold_layer' AIRFLOW_CTX_TASK_ID='gold_processing' AIRFLOW_CTX_EXECUTION_DATE='2026-05-18T00:35:00+00:00' AIRFLOW_CTX_TRY_NUMBER='1' AIRFLOW_CTX_DAG_RUN_ID='scheduled__2026-05-18T00:35:00+00:00'
[2026-05-18T00:42:01.020+0000] {taskinstance.py:430} INFO - ::endgroup::
[2026-05-18T00:42:01.095+0000] {subprocess.py:63} INFO - Tmp dir root location: /tmp
[2026-05-18T00:42:01.104+0000] {subprocess.py:75} INFO - Running command: ['/usr/bin/bash', '-c', '\n    spark-submit     --master spark://spark-master:7077     --executor-memory 512M     --executor-cores 1     --total-executor-cores 1     --jars /opt/airflow/jars/aws-java-sdk-bundle-1.12.262.jar,/opt/airflow/jars/hadoop-aws-3.3.4.jar,/opt/airflow/jars/postgresql-42.7.3.jar     /opt/spark_jobs/gold_processor.py\n    ']
[2026-05-18T00:42:01.131+0000] {subprocess.py:86} INFO - Output:
[2026-05-18T00:42:05.217+0000] {subprocess.py:93} INFO - 26/05/18 00:42:05 WARN NativeCodeLoader: Unable to load native-hadoop library for your platform... using builtin-java classes where applicable
[2026-05-18T00:42:08.847+0000] {subprocess.py:93} INFO - 26/05/18 00:42:08 INFO SparkContext: Running Spark version 3.5.1
[2026-05-18T00:42:08.848+0000] {subprocess.py:93} INFO - 26/05/18 00:42:08 INFO SparkContext: OS info Linux, 6.6.87.2-microsoft-standard-WSL2, amd64
[2026-05-18T00:42:08.850+0000] {subprocess.py:93} INFO - 26/05/18 00:42:08 INFO SparkContext: Java version 17.0.19
[2026-05-18T00:42:08.920+0000] {subprocess.py:93} INFO - 26/05/18 00:42:08 INFO ResourceUtils: ==============================================================
[2026-05-18T00:42:08.922+0000] {subprocess.py:93} INFO - 26/05/18 00:42:08 INFO ResourceUtils: No custom resources configured for spark.driver.
[2026-05-18T00:42:08.923+0000] {subprocess.py:93} INFO - 26/05/18 00:42:08 INFO ResourceUtils: ==============================================================
[2026-05-18T00:42:08.924+0000] {subprocess.py:93} INFO - 26/05/18 00:42:08 INFO SparkContext: Submitted application: GoldLayerProcessor
[2026-05-18T00:42:08.963+0000] {subprocess.py:93} INFO - 26/05/18 00:42:08 INFO ResourceProfile: Default ResourceProfile created, executor resources: Map(cores -> name: cores, amount: 1, script: , vendor: , memory -> name: memory, amount: 512, script: , vendor: , offHeap -> name: offHeap, amount: 0, script: , vendor: ), task resources: Map(cpus -> name: cpus, amount: 1.0)
[2026-05-18T00:42:08.981+0000] {subprocess.py:93} INFO - 26/05/18 00:42:08 INFO ResourceProfile: Limiting resource is cpus at 1 tasks per executor
[2026-05-18T00:42:08.986+0000] {subprocess.py:93} INFO - 26/05/18 00:42:08 INFO ResourceProfileManager: Added ResourceProfile id: 0
[2026-05-18T00:42:09.090+0000] {subprocess.py:93} INFO - 26/05/18 00:42:09 INFO SecurityManager: Changing view acls to: airflow
[2026-05-18T00:42:09.092+0000] {subprocess.py:93} INFO - 26/05/18 00:42:09 INFO SecurityManager: Changing modify acls to: airflow
[2026-05-18T00:42:09.093+0000] {subprocess.py:93} INFO - 26/05/18 00:42:09 INFO SecurityManager: Changing view acls groups to:
[2026-05-18T00:42:09.094+0000] {subprocess.py:93} INFO - 26/05/18 00:42:09 INFO SecurityManager: Changing modify acls groups to:
[2026-05-18T00:42:09.096+0000] {subprocess.py:93} INFO - 26/05/18 00:42:09 INFO SecurityManager: SecurityManager: authentication disabled; ui acls disabled; users with view permissions: airflow; groups with view permissions: EMPTY; users with modify permissions: airflow; groups with modify permissions: EMPTY
[2026-05-18T00:42:09.692+0000] {subprocess.py:93} INFO - 26/05/18 00:42:09 INFO Utils: Successfully started service 'sparkDriver' on port 42999.
[2026-05-18T00:42:09.772+0000] {subprocess.py:93} INFO - 26/05/18 00:42:09 INFO SparkEnv: Registering MapOutputTracker
[2026-05-18T00:42:09.878+0000] {subprocess.py:93} INFO - 26/05/18 00:42:09 INFO SparkEnv: Registering BlockManagerMaster
[2026-05-18T00:42:09.918+0000] {subprocess.py:93} INFO - 26/05/18 00:42:09 INFO BlockManagerMasterEndpoint: Using org.apache.spark.storage.DefaultTopologyMapper for getting topology information
[2026-05-18T00:42:09.920+0000] {subprocess.py:93} INFO - 26/05/18 00:42:09 INFO BlockManagerMasterEndpoint: BlockManagerMasterEndpoint up
[2026-05-18T00:42:09.931+0000] {subprocess.py:93} INFO - 26/05/18 00:42:09 INFO SparkEnv: Registering BlockManagerMasterHeartbeat
[2026-05-18T00:42:09.987+0000] {subprocess.py:93} INFO - 26/05/18 00:42:09 INFO DiskBlockManager: Created local directory at /tmp/blockmgr-9109f624-da10-4a1d-af55-863a8dc81f2e
[2026-05-18T00:42:10.013+0000] {subprocess.py:93} INFO - 26/05/18 00:42:10 INFO MemoryStore: MemoryStore started with capacity 434.4 MiB
[2026-05-18T00:42:10.058+0000] {subprocess.py:93} INFO - 26/05/18 00:42:10 INFO SparkEnv: Registering OutputCommitCoordinator
[2026-05-18T00:42:10.428+0000] {subprocess.py:93} INFO - 26/05/18 00:42:10 INFO JettyUtils: Start Jetty 0.0.0.0:4040 for SparkUI
[2026-05-18T00:42:10.571+0000] {subprocess.py:93} INFO - 26/05/18 00:42:10 INFO Utils: Successfully started service 'SparkUI' on port 4040.
[2026-05-18T00:42:10.639+0000] {subprocess.py:93} INFO - 26/05/18 00:42:10 INFO SparkContext: Added JAR file:///opt/airflow/jars/aws-java-sdk-bundle-1.12.262.jar at spark://e8a9653e4a1b:42999/jars/aws-java-sdk-bundle-1.12.262.jar with timestamp 1779064928826
[2026-05-18T00:42:10.641+0000] {subprocess.py:93} INFO - 26/05/18 00:42:10 INFO SparkContext: Added JAR file:///opt/airflow/jars/hadoop-aws-3.3.4.jar at spark://e8a9653e4a1b:42999/jars/hadoop-aws-3.3.4.jar with timestamp 1779064928826
[2026-05-18T00:42:10.642+0000] {subprocess.py:93} INFO - 26/05/18 00:42:10 INFO SparkContext: Added JAR file:///opt/airflow/jars/postgresql-42.7.3.jar at spark://e8a9653e4a1b:42999/jars/postgresql-42.7.3.jar with timestamp 1779064928826
[2026-05-18T00:42:10.809+0000] {subprocess.py:93} INFO - 26/05/18 00:42:10 INFO StandaloneAppClient$ClientEndpoint: Connecting to master spark://spark-master:7077...
[2026-05-18T00:42:10.906+0000] {subprocess.py:93} INFO - 26/05/18 00:42:10 INFO TransportClientFactory: Successfully created connection to spark-master/172.18.0.6:7077 after 57 ms (0 ms spent in bootstraps)
[2026-05-18T00:42:11.134+0000] {subprocess.py:93} INFO - 26/05/18 00:42:11 INFO StandaloneSchedulerBackend: Connected to Spark cluster with app ID app-20260518004211-0213
[2026-05-18T00:42:11.140+0000] {subprocess.py:93} INFO - 26/05/18 00:42:11 INFO StandaloneAppClient$ClientEndpoint: Executor added: app-20260518004211-0213/0 on worker-20260514105200-172.18.0.13-40347 (172.18.0.13:40347) with 1 core(s)
[2026-05-18T00:42:11.146+0000] {subprocess.py:93} INFO - 26/05/18 00:42:11 INFO StandaloneSchedulerBackend: Granted executor ID app-20260518004211-0213/0 on hostPort 172.18.0.13:40347 with 1 core(s), 512.0 MiB RAM
[2026-05-18T00:42:11.152+0000] {subprocess.py:93} INFO - 26/05/18 00:42:11 INFO Utils: Successfully started service 'org.apache.spark.network.netty.NettyBlockTransferService' on port 45971.
[2026-05-18T00:42:11.156+0000] {subprocess.py:93} INFO - 26/05/18 00:42:11 INFO NettyBlockTransferService: Server created on e8a9653e4a1b:45971
[2026-05-18T00:42:11.157+0000] {subprocess.py:93} INFO - 26/05/18 00:42:11 INFO BlockManager: Using org.apache.spark.storage.RandomBlockReplicationPolicy for block replication policy
[2026-05-18T00:42:11.173+0000] {subprocess.py:93} INFO - 26/05/18 00:42:11 INFO BlockManagerMaster: Registering BlockManager BlockManagerId(driver, e8a9653e4a1b, 45971, None)
[2026-05-18T00:42:11.189+0000] {subprocess.py:93} INFO - 26/05/18 00:42:11 INFO BlockManagerMasterEndpoint: Registering block manager e8a9653e4a1b:45971 with 434.4 MiB RAM, BlockManagerId(driver, e8a9653e4a1b, 45971, None)
[2026-05-18T00:42:11.196+0000] {subprocess.py:93} INFO - 26/05/18 00:42:11 INFO BlockManagerMaster: Registered BlockManager BlockManagerId(driver, e8a9653e4a1b, 45971, None)
[2026-05-18T00:42:11.202+0000] {subprocess.py:93} INFO - 26/05/18 00:42:11 INFO BlockManager: Initialized BlockManager: BlockManagerId(driver, e8a9653e4a1b, 45971, None)
[2026-05-18T00:42:11.204+0000] {subprocess.py:93} INFO - 26/05/18 00:42:11 INFO StandaloneAppClient$ClientEndpoint: Executor updated: app-20260518004211-0213/0 is now RUNNING
[2026-05-18T00:42:11.743+0000] {subprocess.py:93} INFO - 26/05/18 00:42:11 INFO StandaloneSchedulerBackend: SchedulerBackend is ready for scheduling beginning after reached minRegisteredResourcesRatio: 0.0
[2026-05-18T00:42:14.688+0000] {subprocess.py:93} INFO - 26/05/18 00:42:14 WARN MetricsConfig: Cannot locate configuration: tried hadoop-metrics2-s3a-file-system.properties,hadoop-metrics2.properties
[2026-05-18T00:42:40.704+0000] {subprocess.py:93} INFO - Lecture SILVER terminée
[2026-05-18T00:43:12.831+0000] {subprocess.py:93} INFO - Table articles_par_jour créée
[2026-05-18T00:43:37.720+0000] {subprocess.py:93} INFO - Table articles_par_source créée
[2026-05-18T00:43:58.912+0000] {subprocess.py:93} INFO - Table top_categories créée
[2026-05-18T00:44:18.213+0000] {subprocess.py:93} INFO - Table articles_par_source_jour créée
[2026-05-18T00:44:18.216+0000] {subprocess.py:93} INFO - 
[2026-05-18T00:44:18.218+0000] {subprocess.py:93} INFO - ==============================
[2026-05-18T00:44:18.221+0000] {subprocess.py:93} INFO - GOLD LAYER TERMINÉ
[2026-05-18T00:44:18.223+0000] {subprocess.py:93} INFO - ==============================
[2026-05-18T00:44:18.843+0000] {subprocess.py:97} INFO - Command exited with return code 0
[2026-05-18T00:44:18.846+0000] {taskinstance.py:441} INFO - ::group::Post task execution logs
[2026-05-18T00:44:19.646+0000] {taskinstance.py:1206} INFO - Marking task as SUCCESS. dag_id=medallion_gold_layer, task_id=gold_processing, run_id=scheduled__2026-05-18T00:35:00+00:00, execution_date=20260518T003500, start_date=20260518T004159, end_date=20260518T004419
[2026-05-18T00:44:19.818+0000] {local_task_job_runner.py:240} INFO - Task exited with return code 0
[2026-05-18T00:44:19.901+0000] {local_task_job_runner.py:222} INFO - ::endgroup::
