[2026-05-19T10:20:30.167+0000] {local_task_job_runner.py:120} INFO - ::group::Pre task execution logs
[2026-05-19T10:20:30.270+0000] {taskinstance.py:2076} INFO - Dependencies all met for dep_context=non-requeueable deps ti=<TaskInstance: medallion_gold_layer.gold_processing scheduled__2026-05-19T10:15:00+00:00 [queued]>
[2026-05-19T10:20:30.282+0000] {taskinstance.py:2076} INFO - Dependencies all met for dep_context=requeueable deps ti=<TaskInstance: medallion_gold_layer.gold_processing scheduled__2026-05-19T10:15:00+00:00 [queued]>
[2026-05-19T10:20:30.283+0000] {taskinstance.py:2306} INFO - Starting attempt 1 of 2
[2026-05-19T10:20:30.317+0000] {taskinstance.py:2330} INFO - Executing <Task(BashOperator): gold_processing> on 2026-05-19 10:15:00+00:00
[2026-05-19T10:20:30.322+0000] {standard_task_runner.py:63} INFO - Started process 6292 to run task
[2026-05-19T10:20:30.325+0000] {standard_task_runner.py:90} INFO - Running: ['airflow', 'tasks', 'run', 'medallion_gold_layer', 'gold_processing', 'scheduled__2026-05-19T10:15:00+00:00', '--job-id', '297', '--raw', '--subdir', 'DAGS_FOLDER/gold_layer_dag.py', '--cfg-path', '/tmp/tmpr3jhhvhd']
[2026-05-19T10:20:30.328+0000] {standard_task_runner.py:91} INFO - Job 297: Subtask gold_processing
[2026-05-19T10:20:30.574+0000] {task_command.py:426} INFO - Running <TaskInstance: medallion_gold_layer.gold_processing scheduled__2026-05-19T10:15:00+00:00 [running]> on host c43074c3fd7c
[2026-05-19T10:20:31.014+0000] {taskinstance.py:2648} INFO - Exporting env vars: AIRFLOW_CTX_DAG_OWNER='ikram' AIRFLOW_CTX_DAG_ID='medallion_gold_layer' AIRFLOW_CTX_TASK_ID='gold_processing' AIRFLOW_CTX_EXECUTION_DATE='2026-05-19T10:15:00+00:00' AIRFLOW_CTX_TRY_NUMBER='1' AIRFLOW_CTX_DAG_RUN_ID='scheduled__2026-05-19T10:15:00+00:00'
[2026-05-19T10:20:31.015+0000] {taskinstance.py:430} INFO - ::endgroup::
[2026-05-19T10:20:31.030+0000] {subprocess.py:63} INFO - Tmp dir root location: /tmp
[2026-05-19T10:20:31.031+0000] {subprocess.py:75} INFO - Running command: ['/usr/bin/bash', '-c', '\n    spark-submit     --master spark://spark-master:7077     --executor-memory 512M     --executor-cores 1     --total-executor-cores 1     --jars /opt/airflow/jars/aws-java-sdk-bundle-1.12.262.jar,/opt/airflow/jars/hadoop-aws-3.3.4.jar,/opt/airflow/jars/postgresql-42.7.3.jar     /opt/spark_jobs/gold_processor.py\n    ']
[2026-05-19T10:20:31.042+0000] {subprocess.py:86} INFO - Output:
[2026-05-19T10:20:32.889+0000] {subprocess.py:93} INFO - 26/05/19 10:20:32 WARN NativeCodeLoader: Unable to load native-hadoop library for your platform... using builtin-java classes where applicable
[2026-05-19T10:20:34.608+0000] {subprocess.py:93} INFO - 26/05/19 10:20:34 INFO SparkContext: Running Spark version 3.5.1
[2026-05-19T10:20:34.612+0000] {subprocess.py:93} INFO - 26/05/19 10:20:34 INFO SparkContext: OS info Linux, 6.6.87.2-microsoft-standard-WSL2, amd64
[2026-05-19T10:20:34.613+0000] {subprocess.py:93} INFO - 26/05/19 10:20:34 INFO SparkContext: Java version 17.0.19
[2026-05-19T10:20:34.677+0000] {subprocess.py:93} INFO - 26/05/19 10:20:34 INFO ResourceUtils: ==============================================================
[2026-05-19T10:20:34.678+0000] {subprocess.py:93} INFO - 26/05/19 10:20:34 INFO ResourceUtils: No custom resources configured for spark.driver.
[2026-05-19T10:20:34.679+0000] {subprocess.py:93} INFO - 26/05/19 10:20:34 INFO ResourceUtils: ==============================================================
[2026-05-19T10:20:34.679+0000] {subprocess.py:93} INFO - 26/05/19 10:20:34 INFO SparkContext: Submitted application: GoldLayerProcessor
[2026-05-19T10:20:34.731+0000] {subprocess.py:93} INFO - 26/05/19 10:20:34 INFO ResourceProfile: Default ResourceProfile created, executor resources: Map(cores -> name: cores, amount: 1, script: , vendor: , memory -> name: memory, amount: 512, script: , vendor: , offHeap -> name: offHeap, amount: 0, script: , vendor: ), task resources: Map(cpus -> name: cpus, amount: 1.0)
[2026-05-19T10:20:34.746+0000] {subprocess.py:93} INFO - 26/05/19 10:20:34 INFO ResourceProfile: Limiting resource is cpus at 1 tasks per executor
[2026-05-19T10:20:34.751+0000] {subprocess.py:93} INFO - 26/05/19 10:20:34 INFO ResourceProfileManager: Added ResourceProfile id: 0
[2026-05-19T10:20:34.867+0000] {subprocess.py:93} INFO - 26/05/19 10:20:34 INFO SecurityManager: Changing view acls to: airflow
[2026-05-19T10:20:34.868+0000] {subprocess.py:93} INFO - 26/05/19 10:20:34 INFO SecurityManager: Changing modify acls to: airflow
[2026-05-19T10:20:34.869+0000] {subprocess.py:93} INFO - 26/05/19 10:20:34 INFO SecurityManager: Changing view acls groups to:
[2026-05-19T10:20:34.870+0000] {subprocess.py:93} INFO - 26/05/19 10:20:34 INFO SecurityManager: Changing modify acls groups to:
[2026-05-19T10:20:34.872+0000] {subprocess.py:93} INFO - 26/05/19 10:20:34 INFO SecurityManager: SecurityManager: authentication disabled; ui acls disabled; users with view permissions: airflow; groups with view permissions: EMPTY; users with modify permissions: airflow; groups with modify permissions: EMPTY
[2026-05-19T10:20:35.202+0000] {subprocess.py:93} INFO - 26/05/19 10:20:35 INFO Utils: Successfully started service 'sparkDriver' on port 37585.
[2026-05-19T10:20:35.341+0000] {subprocess.py:93} INFO - 26/05/19 10:20:35 INFO SparkEnv: Registering MapOutputTracker
[2026-05-19T10:20:35.405+0000] {subprocess.py:93} INFO - 26/05/19 10:20:35 INFO SparkEnv: Registering BlockManagerMaster
[2026-05-19T10:20:35.438+0000] {subprocess.py:93} INFO - 26/05/19 10:20:35 INFO BlockManagerMasterEndpoint: Using org.apache.spark.storage.DefaultTopologyMapper for getting topology information
[2026-05-19T10:20:35.456+0000] {subprocess.py:93} INFO - 26/05/19 10:20:35 INFO BlockManagerMasterEndpoint: BlockManagerMasterEndpoint up
[2026-05-19T10:20:35.464+0000] {subprocess.py:93} INFO - 26/05/19 10:20:35 INFO SparkEnv: Registering BlockManagerMasterHeartbeat
[2026-05-19T10:20:35.476+0000] {subprocess.py:93} INFO - 26/05/19 10:20:35 INFO DiskBlockManager: Created local directory at /tmp/blockmgr-7802892e-ceef-44af-9aee-a50a1603f9b8
[2026-05-19T10:20:35.501+0000] {subprocess.py:93} INFO - 26/05/19 10:20:35 INFO MemoryStore: MemoryStore started with capacity 434.4 MiB
[2026-05-19T10:20:35.531+0000] {subprocess.py:93} INFO - 26/05/19 10:20:35 INFO SparkEnv: Registering OutputCommitCoordinator
[2026-05-19T10:20:35.814+0000] {subprocess.py:93} INFO - 26/05/19 10:20:35 INFO JettyUtils: Start Jetty 0.0.0.0:4040 for SparkUI
[2026-05-19T10:20:35.933+0000] {subprocess.py:93} INFO - 26/05/19 10:20:35 INFO Utils: Successfully started service 'SparkUI' on port 4040.
[2026-05-19T10:20:35.993+0000] {subprocess.py:93} INFO - 26/05/19 10:20:35 INFO SparkContext: Added JAR file:///opt/airflow/jars/aws-java-sdk-bundle-1.12.262.jar at spark://c43074c3fd7c:37585/jars/aws-java-sdk-bundle-1.12.262.jar with timestamp 1779186034594
[2026-05-19T10:20:35.994+0000] {subprocess.py:93} INFO - 26/05/19 10:20:35 INFO SparkContext: Added JAR file:///opt/airflow/jars/hadoop-aws-3.3.4.jar at spark://c43074c3fd7c:37585/jars/hadoop-aws-3.3.4.jar with timestamp 1779186034594
[2026-05-19T10:20:35.995+0000] {subprocess.py:93} INFO - 26/05/19 10:20:35 INFO SparkContext: Added JAR file:///opt/airflow/jars/postgresql-42.7.3.jar at spark://c43074c3fd7c:37585/jars/postgresql-42.7.3.jar with timestamp 1779186034594
[2026-05-19T10:20:36.118+0000] {subprocess.py:93} INFO - 26/05/19 10:20:36 INFO StandaloneAppClient$ClientEndpoint: Connecting to master spark://spark-master:7077...
[2026-05-19T10:20:36.209+0000] {subprocess.py:93} INFO - 26/05/19 10:20:36 INFO TransportClientFactory: Successfully created connection to spark-master/172.18.0.4:7077 after 46 ms (0 ms spent in bootstraps)
[2026-05-19T10:20:36.344+0000] {subprocess.py:93} INFO - 26/05/19 10:20:36 INFO StandaloneSchedulerBackend: Connected to Spark cluster with app ID app-20260519102036-0026
[2026-05-19T10:20:36.349+0000] {subprocess.py:93} INFO - 26/05/19 10:20:36 INFO StandaloneAppClient$ClientEndpoint: Executor added: app-20260519102036-0026/0 on worker-20260518211503-172.18.0.3-40747 (172.18.0.3:40747) with 1 core(s)
[2026-05-19T10:20:36.354+0000] {subprocess.py:93} INFO - 26/05/19 10:20:36 INFO StandaloneSchedulerBackend: Granted executor ID app-20260519102036-0026/0 on hostPort 172.18.0.3:40747 with 1 core(s), 512.0 MiB RAM
[2026-05-19T10:20:36.359+0000] {subprocess.py:93} INFO - 26/05/19 10:20:36 INFO Utils: Successfully started service 'org.apache.spark.network.netty.NettyBlockTransferService' on port 35217.
[2026-05-19T10:20:36.361+0000] {subprocess.py:93} INFO - 26/05/19 10:20:36 INFO NettyBlockTransferService: Server created on c43074c3fd7c:35217
[2026-05-19T10:20:36.362+0000] {subprocess.py:93} INFO - 26/05/19 10:20:36 INFO BlockManager: Using org.apache.spark.storage.RandomBlockReplicationPolicy for block replication policy
[2026-05-19T10:20:36.372+0000] {subprocess.py:93} INFO - 26/05/19 10:20:36 INFO BlockManagerMaster: Registering BlockManager BlockManagerId(driver, c43074c3fd7c, 35217, None)
[2026-05-19T10:20:36.381+0000] {subprocess.py:93} INFO - 26/05/19 10:20:36 INFO BlockManagerMasterEndpoint: Registering block manager c43074c3fd7c:35217 with 434.4 MiB RAM, BlockManagerId(driver, c43074c3fd7c, 35217, None)
[2026-05-19T10:20:36.387+0000] {subprocess.py:93} INFO - 26/05/19 10:20:36 INFO BlockManagerMaster: Registered BlockManager BlockManagerId(driver, c43074c3fd7c, 35217, None)
[2026-05-19T10:20:36.390+0000] {subprocess.py:93} INFO - 26/05/19 10:20:36 INFO BlockManager: Initialized BlockManager: BlockManagerId(driver, c43074c3fd7c, 35217, None)
[2026-05-19T10:20:36.423+0000] {subprocess.py:93} INFO - 26/05/19 10:20:36 INFO StandaloneAppClient$ClientEndpoint: Executor updated: app-20260519102036-0026/0 is now RUNNING
[2026-05-19T10:20:36.732+0000] {subprocess.py:93} INFO - 26/05/19 10:20:36 INFO StandaloneSchedulerBackend: SchedulerBackend is ready for scheduling beginning after reached minRegisteredResourcesRatio: 0.0
[2026-05-19T10:20:38.237+0000] {subprocess.py:93} INFO - 26/05/19 10:20:38 WARN MetricsConfig: Cannot locate configuration: tried hadoop-metrics2-s3a-file-system.properties,hadoop-metrics2.properties
[2026-05-19T10:20:46.719+0000] {subprocess.py:93} INFO - Lecture SILVER terminée
[2026-05-19T10:21:23.960+0000] {subprocess.py:93} INFO - Table articles_par_jour créée
[2026-05-19T10:21:58.324+0000] {subprocess.py:93} INFO - Table articles_par_source créée
[2026-05-19T10:22:28.108+0000] {subprocess.py:93} INFO - Table top_categories créée
[2026-05-19T10:22:56.275+0000] {subprocess.py:93} INFO - Table articles_par_source_jour créée
[2026-05-19T10:22:56.277+0000] {subprocess.py:93} INFO - 
[2026-05-19T10:22:56.278+0000] {subprocess.py:93} INFO - ==============================
[2026-05-19T10:22:56.279+0000] {subprocess.py:93} INFO - GOLD LAYER TERMINÉ
[2026-05-19T10:22:56.281+0000] {subprocess.py:93} INFO - ==============================
[2026-05-19T10:22:57.176+0000] {subprocess.py:97} INFO - Command exited with return code 0
[2026-05-19T10:22:57.177+0000] {taskinstance.py:441} INFO - ::group::Post task execution logs
[2026-05-19T10:22:57.888+0000] {taskinstance.py:1206} INFO - Marking task as SUCCESS. dag_id=medallion_gold_layer, task_id=gold_processing, run_id=scheduled__2026-05-19T10:15:00+00:00, execution_date=20260519T101500, start_date=20260519T102030, end_date=20260519T102257
[2026-05-19T10:22:58.004+0000] {local_task_job_runner.py:240} INFO - Task exited with return code 0
[2026-05-19T10:22:58.084+0000] {taskinstance.py:3498} INFO - 0 downstream tasks scheduled from follow-on schedule check
[2026-05-19T10:22:58.088+0000] {local_task_job_runner.py:222} INFO - ::endgroup::
