[2026-05-17T01:20:05.595+0000] {local_task_job_runner.py:120} INFO - ::group::Pre task execution logs
[2026-05-17T01:20:06.670+0000] {taskinstance.py:2076} INFO - Dependencies all met for dep_context=non-requeueable deps ti=<TaskInstance: medallion_gold_layer.gold_processing scheduled__2026-05-17T01:15:00+00:00 [queued]>
[2026-05-17T01:20:06.805+0000] {taskinstance.py:2076} INFO - Dependencies all met for dep_context=requeueable deps ti=<TaskInstance: medallion_gold_layer.gold_processing scheduled__2026-05-17T01:15:00+00:00 [queued]>
[2026-05-17T01:20:06.818+0000] {taskinstance.py:2306} INFO - Starting attempt 1 of 2
[2026-05-17T01:20:06.982+0000] {taskinstance.py:2330} INFO - Executing <Task(BashOperator): gold_processing> on 2026-05-17 01:15:00+00:00
[2026-05-17T01:20:07.013+0000] {standard_task_runner.py:63} INFO - Started process 60997 to run task
[2026-05-17T01:20:07.062+0000] {standard_task_runner.py:90} INFO - Running: ['airflow', 'tasks', 'run', 'medallion_gold_layer', 'gold_processing', 'scheduled__2026-05-17T01:15:00+00:00', '--job-id', '160', '--raw', '--subdir', 'DAGS_FOLDER/gold_layer_dag.py', '--cfg-path', '/tmp/tmpn06lhmh_']
[2026-05-17T01:20:07.090+0000] {standard_task_runner.py:91} INFO - Job 160: Subtask gold_processing
[2026-05-17T01:20:09.329+0000] {task_command.py:426} INFO - Running <TaskInstance: medallion_gold_layer.gold_processing scheduled__2026-05-17T01:15:00+00:00 [running]> on host e8a9653e4a1b
[2026-05-17T01:20:10.998+0000] {taskinstance.py:2648} INFO - Exporting env vars: AIRFLOW_CTX_DAG_OWNER='anass' AIRFLOW_CTX_DAG_ID='medallion_gold_layer' AIRFLOW_CTX_TASK_ID='gold_processing' AIRFLOW_CTX_EXECUTION_DATE='2026-05-17T01:15:00+00:00' AIRFLOW_CTX_TRY_NUMBER='1' AIRFLOW_CTX_DAG_RUN_ID='scheduled__2026-05-17T01:15:00+00:00'
[2026-05-17T01:20:11.003+0000] {taskinstance.py:430} INFO - ::endgroup::
[2026-05-17T01:20:11.191+0000] {subprocess.py:63} INFO - Tmp dir root location: /tmp
[2026-05-17T01:20:11.207+0000] {subprocess.py:75} INFO - Running command: ['/usr/bin/bash', '-c', '\n    spark-submit     --master spark://spark-master:7077     --executor-memory 512M     --executor-cores 1     --total-executor-cores 1     --jars /opt/airflow/jars/aws-java-sdk-bundle-1.12.262.jar,/opt/airflow/jars/hadoop-aws-3.3.4.jar,/opt/airflow/jars/postgresql-42.7.3.jar     /opt/spark_jobs/gold_processor.py\n    ']
[2026-05-17T01:20:11.358+0000] {subprocess.py:86} INFO - Output:
[2026-05-17T01:20:41.855+0000] {subprocess.py:93} INFO - 26/05/17 01:20:41 WARN NativeCodeLoader: Unable to load native-hadoop library for your platform... using builtin-java classes where applicable
[2026-05-17T01:20:51.871+0000] {subprocess.py:93} INFO - 26/05/17 01:20:51 INFO SparkContext: Running Spark version 3.5.1
[2026-05-17T01:20:51.874+0000] {subprocess.py:93} INFO - 26/05/17 01:20:51 INFO SparkContext: OS info Linux, 6.6.87.2-microsoft-standard-WSL2, amd64
[2026-05-17T01:20:51.878+0000] {subprocess.py:93} INFO - 26/05/17 01:20:51 INFO SparkContext: Java version 17.0.19
[2026-05-17T01:20:52.361+0000] {subprocess.py:93} INFO - 26/05/17 01:20:52 INFO ResourceUtils: ==============================================================
[2026-05-17T01:20:52.376+0000] {subprocess.py:93} INFO - 26/05/17 01:20:52 INFO ResourceUtils: No custom resources configured for spark.driver.
[2026-05-17T01:20:52.391+0000] {subprocess.py:93} INFO - 26/05/17 01:20:52 INFO ResourceUtils: ==============================================================
[2026-05-17T01:20:52.408+0000] {subprocess.py:93} INFO - 26/05/17 01:20:52 INFO SparkContext: Submitted application: GoldLayerProcessor
[2026-05-17T01:20:52.954+0000] {subprocess.py:93} INFO - 26/05/17 01:20:52 INFO ResourceProfile: Default ResourceProfile created, executor resources: Map(cores -> name: cores, amount: 1, script: , vendor: , memory -> name: memory, amount: 512, script: , vendor: , offHeap -> name: offHeap, amount: 0, script: , vendor: ), task resources: Map(cpus -> name: cpus, amount: 1.0)
[2026-05-17T01:20:53.180+0000] {subprocess.py:93} INFO - 26/05/17 01:20:53 INFO ResourceProfile: Limiting resource is cpus at 1 tasks per executor
[2026-05-17T01:20:53.243+0000] {subprocess.py:93} INFO - 26/05/17 01:20:53 INFO ResourceProfileManager: Added ResourceProfile id: 0
[2026-05-17T01:20:53.807+0000] {subprocess.py:93} INFO - 26/05/17 01:20:53 INFO SecurityManager: Changing view acls to: airflow
[2026-05-17T01:20:53.810+0000] {subprocess.py:93} INFO - 26/05/17 01:20:53 INFO SecurityManager: Changing modify acls to: airflow
[2026-05-17T01:20:53.820+0000] {subprocess.py:93} INFO - 26/05/17 01:20:53 INFO SecurityManager: Changing view acls groups to:
[2026-05-17T01:20:53.824+0000] {subprocess.py:93} INFO - 26/05/17 01:20:53 INFO SecurityManager: Changing modify acls groups to:
[2026-05-17T01:20:53.828+0000] {subprocess.py:93} INFO - 26/05/17 01:20:53 INFO SecurityManager: SecurityManager: authentication disabled; ui acls disabled; users with view permissions: airflow; groups with view permissions: EMPTY; users with modify permissions: airflow; groups with modify permissions: EMPTY
[2026-05-17T01:20:58.657+0000] {subprocess.py:93} INFO - 26/05/17 01:20:58 INFO Utils: Successfully started service 'sparkDriver' on port 37793.
[2026-05-17T01:20:59.299+0000] {subprocess.py:93} INFO - 26/05/17 01:20:59 INFO SparkEnv: Registering MapOutputTracker
[2026-05-17T01:21:00.283+0000] {subprocess.py:93} INFO - 26/05/17 01:21:00 INFO SparkEnv: Registering BlockManagerMaster
[2026-05-17T01:21:00.826+0000] {subprocess.py:93} INFO - 26/05/17 01:21:00 INFO BlockManagerMasterEndpoint: Using org.apache.spark.storage.DefaultTopologyMapper for getting topology information
[2026-05-17T01:21:00.842+0000] {subprocess.py:93} INFO - 26/05/17 01:21:00 INFO BlockManagerMasterEndpoint: BlockManagerMasterEndpoint up
[2026-05-17T01:21:00.936+0000] {subprocess.py:93} INFO - 26/05/17 01:21:00 INFO SparkEnv: Registering BlockManagerMasterHeartbeat
[2026-05-17T01:21:01.045+0000] {subprocess.py:93} INFO - 26/05/17 01:21:01 INFO DiskBlockManager: Created local directory at /tmp/blockmgr-5834ca48-df81-4dbf-bd16-3b97bcfdd2f2
[2026-05-17T01:21:01.107+0000] {subprocess.py:93} INFO - 26/05/17 01:21:01 INFO MemoryStore: MemoryStore started with capacity 434.4 MiB
[2026-05-17T01:21:01.218+0000] {subprocess.py:93} INFO - 26/05/17 01:21:01 INFO SparkEnv: Registering OutputCommitCoordinator
[2026-05-17T01:21:02.790+0000] {subprocess.py:93} INFO - 26/05/17 01:21:02 INFO JettyUtils: Start Jetty 0.0.0.0:4040 for SparkUI
[2026-05-17T01:21:03.369+0000] {subprocess.py:93} INFO - 26/05/17 01:21:03 INFO Utils: Successfully started service 'SparkUI' on port 4040.
[2026-05-17T01:21:04.324+0000] {subprocess.py:93} INFO - 26/05/17 01:21:04 INFO SparkContext: Added JAR file:///opt/airflow/jars/aws-java-sdk-bundle-1.12.262.jar at spark://e8a9653e4a1b:37793/jars/aws-java-sdk-bundle-1.12.262.jar with timestamp 1778980851823
[2026-05-17T01:21:04.339+0000] {subprocess.py:93} INFO - 26/05/17 01:21:04 INFO SparkContext: Added JAR file:///opt/airflow/jars/hadoop-aws-3.3.4.jar at spark://e8a9653e4a1b:37793/jars/hadoop-aws-3.3.4.jar with timestamp 1778980851823
[2026-05-17T01:21:04.341+0000] {subprocess.py:93} INFO - 26/05/17 01:21:04 INFO SparkContext: Added JAR file:///opt/airflow/jars/postgresql-42.7.3.jar at spark://e8a9653e4a1b:37793/jars/postgresql-42.7.3.jar with timestamp 1778980851823
[2026-05-17T01:21:05.733+0000] {subprocess.py:93} INFO - 26/05/17 01:21:05 INFO StandaloneAppClient$ClientEndpoint: Connecting to master spark://spark-master:7077...
[2026-05-17T01:21:06.218+0000] {subprocess.py:93} INFO - 26/05/17 01:21:06 INFO TransportClientFactory: Successfully created connection to spark-master/172.18.0.6:7077 after 160 ms (0 ms spent in bootstraps)
[2026-05-17T01:21:07.977+0000] {subprocess.py:93} INFO - 26/05/17 01:21:07 INFO StandaloneSchedulerBackend: Connected to Spark cluster with app ID app-20260517012107-0159
[2026-05-17T01:21:08.008+0000] {subprocess.py:93} INFO - 26/05/17 01:21:07 INFO StandaloneAppClient$ClientEndpoint: Executor added: app-20260517012107-0159/0 on worker-20260514105200-172.18.0.13-40347 (172.18.0.13:40347) with 1 core(s)
[2026-05-17T01:21:08.046+0000] {subprocess.py:93} INFO - 26/05/17 01:21:08 INFO StandaloneSchedulerBackend: Granted executor ID app-20260517012107-0159/0 on hostPort 172.18.0.13:40347 with 1 core(s), 512.0 MiB RAM
[2026-05-17T01:21:08.173+0000] {subprocess.py:93} INFO - 26/05/17 01:21:08 INFO Utils: Successfully started service 'org.apache.spark.network.netty.NettyBlockTransferService' on port 39443.
[2026-05-17T01:21:08.205+0000] {subprocess.py:93} INFO - 26/05/17 01:21:08 INFO NettyBlockTransferService: Server created on e8a9653e4a1b:39443
[2026-05-17T01:21:08.244+0000] {subprocess.py:93} INFO - 26/05/17 01:21:08 INFO BlockManager: Using org.apache.spark.storage.RandomBlockReplicationPolicy for block replication policy
[2026-05-17T01:21:08.474+0000] {subprocess.py:93} INFO - 26/05/17 01:21:08 INFO BlockManagerMaster: Registering BlockManager BlockManagerId(driver, e8a9653e4a1b, 39443, None)
[2026-05-17T01:21:08.585+0000] {subprocess.py:93} INFO - 26/05/17 01:21:08 INFO BlockManagerMasterEndpoint: Registering block manager e8a9653e4a1b:39443 with 434.4 MiB RAM, BlockManagerId(driver, e8a9653e4a1b, 39443, None)
[2026-05-17T01:21:08.716+0000] {subprocess.py:93} INFO - 26/05/17 01:21:08 INFO BlockManagerMaster: Registered BlockManager BlockManagerId(driver, e8a9653e4a1b, 39443, None)
[2026-05-17T01:21:08.840+0000] {subprocess.py:93} INFO - 26/05/17 01:21:08 INFO BlockManager: Initialized BlockManager: BlockManagerId(driver, e8a9653e4a1b, 39443, None)
[2026-05-17T01:21:08.872+0000] {subprocess.py:93} INFO - 26/05/17 01:21:08 INFO StandaloneAppClient$ClientEndpoint: Executor updated: app-20260517012107-0159/0 is now RUNNING
[2026-05-17T01:21:14.320+0000] {subprocess.py:93} INFO - 26/05/17 01:21:14 INFO StandaloneSchedulerBackend: SchedulerBackend is ready for scheduling beginning after reached minRegisteredResourcesRatio: 0.0
[2026-05-17T01:21:39.625+0000] {subprocess.py:93} INFO - 26/05/17 01:21:39 WARN MetricsConfig: Cannot locate configuration: tried hadoop-metrics2-s3a-file-system.properties,hadoop-metrics2.properties
[2026-05-17T01:23:19.689+0000] {subprocess.py:93} INFO - Lecture SILVER terminée
[2026-05-17T01:23:30.221+0000] {subprocess.py:93} INFO - Table articles_par_jour créée
[2026-05-17T01:23:38.604+0000] {subprocess.py:93} INFO - Table articles_par_source créée
[2026-05-17T01:23:45.601+0000] {subprocess.py:93} INFO - Table top_categories créée
[2026-05-17T01:23:52.353+0000] {subprocess.py:93} INFO - Table articles_par_source_jour créée
[2026-05-17T01:23:52.354+0000] {subprocess.py:93} INFO - 
[2026-05-17T01:23:52.354+0000] {subprocess.py:93} INFO - ==============================
[2026-05-17T01:23:52.355+0000] {subprocess.py:93} INFO - GOLD LAYER TERMINÉ
[2026-05-17T01:23:52.356+0000] {subprocess.py:93} INFO - ==============================
[2026-05-17T01:23:52.934+0000] {subprocess.py:97} INFO - Command exited with return code 0
[2026-05-17T01:23:52.935+0000] {taskinstance.py:441} INFO - ::group::Post task execution logs
[2026-05-17T01:23:53.190+0000] {taskinstance.py:1206} INFO - Marking task as SUCCESS. dag_id=medallion_gold_layer, task_id=gold_processing, run_id=scheduled__2026-05-17T01:15:00+00:00, execution_date=20260517T011500, start_date=20260517T012006, end_date=20260517T012353
[2026-05-17T01:23:53.224+0000] {local_task_job_runner.py:240} INFO - Task exited with return code 0
[2026-05-17T01:23:53.271+0000] {taskinstance.py:3498} INFO - 0 downstream tasks scheduled from follow-on schedule check
[2026-05-17T01:23:53.274+0000] {local_task_job_runner.py:222} INFO - ::endgroup::
