[2026-05-19T10:05:02.137+0000] {local_task_job_runner.py:120} INFO - ::group::Pre task execution logs
[2026-05-19T10:05:02.376+0000] {taskinstance.py:2076} INFO - Dependencies all met for dep_context=non-requeueable deps ti=<TaskInstance: medallion_gold_layer.gold_processing scheduled__2026-05-19T10:00:00+00:00 [queued]>
[2026-05-19T10:05:02.407+0000] {taskinstance.py:2076} INFO - Dependencies all met for dep_context=requeueable deps ti=<TaskInstance: medallion_gold_layer.gold_processing scheduled__2026-05-19T10:00:00+00:00 [queued]>
[2026-05-19T10:05:02.410+0000] {taskinstance.py:2306} INFO - Starting attempt 1 of 2
[2026-05-19T10:05:02.486+0000] {taskinstance.py:2330} INFO - Executing <Task(BashOperator): gold_processing> on 2026-05-19 10:00:00+00:00
[2026-05-19T10:05:02.505+0000] {standard_task_runner.py:63} INFO - Started process 5617 to run task
[2026-05-19T10:05:02.517+0000] {standard_task_runner.py:90} INFO - Running: ['airflow', 'tasks', 'run', 'medallion_gold_layer', 'gold_processing', 'scheduled__2026-05-19T10:00:00+00:00', '--job-id', '295', '--raw', '--subdir', 'DAGS_FOLDER/gold_layer_dag.py', '--cfg-path', '/tmp/tmpdexcprcu']
[2026-05-19T10:05:02.521+0000] {standard_task_runner.py:91} INFO - Job 295: Subtask gold_processing
[2026-05-19T10:05:02.973+0000] {task_command.py:426} INFO - Running <TaskInstance: medallion_gold_layer.gold_processing scheduled__2026-05-19T10:00:00+00:00 [running]> on host c43074c3fd7c
[2026-05-19T10:05:03.986+0000] {taskinstance.py:2648} INFO - Exporting env vars: AIRFLOW_CTX_DAG_OWNER='ikram' AIRFLOW_CTX_DAG_ID='medallion_gold_layer' AIRFLOW_CTX_TASK_ID='gold_processing' AIRFLOW_CTX_EXECUTION_DATE='2026-05-19T10:00:00+00:00' AIRFLOW_CTX_TRY_NUMBER='1' AIRFLOW_CTX_DAG_RUN_ID='scheduled__2026-05-19T10:00:00+00:00'
[2026-05-19T10:05:03.988+0000] {taskinstance.py:430} INFO - ::endgroup::
[2026-05-19T10:05:04.030+0000] {subprocess.py:63} INFO - Tmp dir root location: /tmp
[2026-05-19T10:05:04.033+0000] {subprocess.py:75} INFO - Running command: ['/usr/bin/bash', '-c', '\n    spark-submit     --master spark://spark-master:7077     --executor-memory 512M     --executor-cores 1     --total-executor-cores 1     --jars /opt/airflow/jars/aws-java-sdk-bundle-1.12.262.jar,/opt/airflow/jars/hadoop-aws-3.3.4.jar,/opt/airflow/jars/postgresql-42.7.3.jar     /opt/spark_jobs/gold_processor.py\n    ']
[2026-05-19T10:05:04.051+0000] {subprocess.py:86} INFO - Output:
[2026-05-19T10:05:07.428+0000] {subprocess.py:93} INFO - 26/05/19 10:05:07 WARN NativeCodeLoader: Unable to load native-hadoop library for your platform... using builtin-java classes where applicable
[2026-05-19T10:05:09.175+0000] {subprocess.py:93} INFO - 26/05/19 10:05:09 INFO SparkContext: Running Spark version 3.5.1
[2026-05-19T10:05:09.176+0000] {subprocess.py:93} INFO - 26/05/19 10:05:09 INFO SparkContext: OS info Linux, 6.6.87.2-microsoft-standard-WSL2, amd64
[2026-05-19T10:05:09.178+0000] {subprocess.py:93} INFO - 26/05/19 10:05:09 INFO SparkContext: Java version 17.0.19
[2026-05-19T10:05:09.224+0000] {subprocess.py:93} INFO - 26/05/19 10:05:09 INFO ResourceUtils: ==============================================================
[2026-05-19T10:05:09.226+0000] {subprocess.py:93} INFO - 26/05/19 10:05:09 INFO ResourceUtils: No custom resources configured for spark.driver.
[2026-05-19T10:05:09.227+0000] {subprocess.py:93} INFO - 26/05/19 10:05:09 INFO ResourceUtils: ==============================================================
[2026-05-19T10:05:09.228+0000] {subprocess.py:93} INFO - 26/05/19 10:05:09 INFO SparkContext: Submitted application: GoldLayerProcessor
[2026-05-19T10:05:09.258+0000] {subprocess.py:93} INFO - 26/05/19 10:05:09 INFO ResourceProfile: Default ResourceProfile created, executor resources: Map(cores -> name: cores, amount: 1, script: , vendor: , memory -> name: memory, amount: 512, script: , vendor: , offHeap -> name: offHeap, amount: 0, script: , vendor: ), task resources: Map(cpus -> name: cpus, amount: 1.0)
[2026-05-19T10:05:09.272+0000] {subprocess.py:93} INFO - 26/05/19 10:05:09 INFO ResourceProfile: Limiting resource is cpus at 1 tasks per executor
[2026-05-19T10:05:09.275+0000] {subprocess.py:93} INFO - 26/05/19 10:05:09 INFO ResourceProfileManager: Added ResourceProfile id: 0
[2026-05-19T10:05:09.339+0000] {subprocess.py:93} INFO - 26/05/19 10:05:09 INFO SecurityManager: Changing view acls to: airflow
[2026-05-19T10:05:09.341+0000] {subprocess.py:93} INFO - 26/05/19 10:05:09 INFO SecurityManager: Changing modify acls to: airflow
[2026-05-19T10:05:09.342+0000] {subprocess.py:93} INFO - 26/05/19 10:05:09 INFO SecurityManager: Changing view acls groups to:
[2026-05-19T10:05:09.342+0000] {subprocess.py:93} INFO - 26/05/19 10:05:09 INFO SecurityManager: Changing modify acls groups to:
[2026-05-19T10:05:09.343+0000] {subprocess.py:93} INFO - 26/05/19 10:05:09 INFO SecurityManager: SecurityManager: authentication disabled; ui acls disabled; users with view permissions: airflow; groups with view permissions: EMPTY; users with modify permissions: airflow; groups with modify permissions: EMPTY
[2026-05-19T10:05:09.652+0000] {subprocess.py:93} INFO - 26/05/19 10:05:09 INFO Utils: Successfully started service 'sparkDriver' on port 43191.
[2026-05-19T10:05:09.705+0000] {subprocess.py:93} INFO - 26/05/19 10:05:09 INFO SparkEnv: Registering MapOutputTracker
[2026-05-19T10:05:09.778+0000] {subprocess.py:93} INFO - 26/05/19 10:05:09 INFO SparkEnv: Registering BlockManagerMaster
[2026-05-19T10:05:09.812+0000] {subprocess.py:93} INFO - 26/05/19 10:05:09 INFO BlockManagerMasterEndpoint: Using org.apache.spark.storage.DefaultTopologyMapper for getting topology information
[2026-05-19T10:05:09.814+0000] {subprocess.py:93} INFO - 26/05/19 10:05:09 INFO BlockManagerMasterEndpoint: BlockManagerMasterEndpoint up
[2026-05-19T10:05:09.825+0000] {subprocess.py:93} INFO - 26/05/19 10:05:09 INFO SparkEnv: Registering BlockManagerMasterHeartbeat
[2026-05-19T10:05:09.847+0000] {subprocess.py:93} INFO - 26/05/19 10:05:09 INFO DiskBlockManager: Created local directory at /tmp/blockmgr-0ab63931-8515-4e52-a8bb-3fe9f1a721e8
[2026-05-19T10:05:09.865+0000] {subprocess.py:93} INFO - 26/05/19 10:05:09 INFO MemoryStore: MemoryStore started with capacity 434.4 MiB
[2026-05-19T10:05:09.897+0000] {subprocess.py:93} INFO - 26/05/19 10:05:09 INFO SparkEnv: Registering OutputCommitCoordinator
[2026-05-19T10:05:10.130+0000] {subprocess.py:93} INFO - 26/05/19 10:05:10 INFO JettyUtils: Start Jetty 0.0.0.0:4040 for SparkUI
[2026-05-19T10:05:10.315+0000] {subprocess.py:93} INFO - 26/05/19 10:05:10 INFO Utils: Successfully started service 'SparkUI' on port 4040.
[2026-05-19T10:05:10.423+0000] {subprocess.py:93} INFO - 26/05/19 10:05:10 INFO SparkContext: Added JAR file:///opt/airflow/jars/aws-java-sdk-bundle-1.12.262.jar at spark://c43074c3fd7c:43191/jars/aws-java-sdk-bundle-1.12.262.jar with timestamp 1779185109165
[2026-05-19T10:05:10.425+0000] {subprocess.py:93} INFO - 26/05/19 10:05:10 INFO SparkContext: Added JAR file:///opt/airflow/jars/hadoop-aws-3.3.4.jar at spark://c43074c3fd7c:43191/jars/hadoop-aws-3.3.4.jar with timestamp 1779185109165
[2026-05-19T10:05:10.426+0000] {subprocess.py:93} INFO - 26/05/19 10:05:10 INFO SparkContext: Added JAR file:///opt/airflow/jars/postgresql-42.7.3.jar at spark://c43074c3fd7c:43191/jars/postgresql-42.7.3.jar with timestamp 1779185109165
[2026-05-19T10:05:10.542+0000] {subprocess.py:93} INFO - 26/05/19 10:05:10 INFO StandaloneAppClient$ClientEndpoint: Connecting to master spark://spark-master:7077...
[2026-05-19T10:05:10.629+0000] {subprocess.py:93} INFO - 26/05/19 10:05:10 INFO TransportClientFactory: Successfully created connection to spark-master/172.18.0.4:7077 after 56 ms (0 ms spent in bootstraps)
[2026-05-19T10:05:10.799+0000] {subprocess.py:93} INFO - 26/05/19 10:05:10 INFO StandaloneSchedulerBackend: Connected to Spark cluster with app ID app-20260519100510-0024
[2026-05-19T10:05:10.806+0000] {subprocess.py:93} INFO - 26/05/19 10:05:10 INFO StandaloneAppClient$ClientEndpoint: Executor added: app-20260519100510-0024/0 on worker-20260518211503-172.18.0.3-40747 (172.18.0.3:40747) with 1 core(s)
[2026-05-19T10:05:10.810+0000] {subprocess.py:93} INFO - 26/05/19 10:05:10 INFO StandaloneSchedulerBackend: Granted executor ID app-20260519100510-0024/0 on hostPort 172.18.0.3:40747 with 1 core(s), 512.0 MiB RAM
[2026-05-19T10:05:10.828+0000] {subprocess.py:93} INFO - 26/05/19 10:05:10 INFO Utils: Successfully started service 'org.apache.spark.network.netty.NettyBlockTransferService' on port 45439.
[2026-05-19T10:05:10.834+0000] {subprocess.py:93} INFO - 26/05/19 10:05:10 INFO NettyBlockTransferService: Server created on c43074c3fd7c:45439
[2026-05-19T10:05:10.836+0000] {subprocess.py:93} INFO - 26/05/19 10:05:10 INFO BlockManager: Using org.apache.spark.storage.RandomBlockReplicationPolicy for block replication policy
[2026-05-19T10:05:10.861+0000] {subprocess.py:93} INFO - 26/05/19 10:05:10 INFO BlockManagerMaster: Registering BlockManager BlockManagerId(driver, c43074c3fd7c, 45439, None)
[2026-05-19T10:05:10.874+0000] {subprocess.py:93} INFO - 26/05/19 10:05:10 INFO BlockManagerMasterEndpoint: Registering block manager c43074c3fd7c:45439 with 434.4 MiB RAM, BlockManagerId(driver, c43074c3fd7c, 45439, None)
[2026-05-19T10:05:10.881+0000] {subprocess.py:93} INFO - 26/05/19 10:05:10 INFO StandaloneAppClient$ClientEndpoint: Executor updated: app-20260519100510-0024/0 is now RUNNING
[2026-05-19T10:05:10.883+0000] {subprocess.py:93} INFO - 26/05/19 10:05:10 INFO BlockManagerMaster: Registered BlockManager BlockManagerId(driver, c43074c3fd7c, 45439, None)
[2026-05-19T10:05:10.887+0000] {subprocess.py:93} INFO - 26/05/19 10:05:10 INFO BlockManager: Initialized BlockManager: BlockManagerId(driver, c43074c3fd7c, 45439, None)
[2026-05-19T10:05:11.209+0000] {subprocess.py:93} INFO - 26/05/19 10:05:11 INFO StandaloneSchedulerBackend: SchedulerBackend is ready for scheduling beginning after reached minRegisteredResourcesRatio: 0.0
[2026-05-19T10:05:13.276+0000] {subprocess.py:93} INFO - 26/05/19 10:05:13 WARN MetricsConfig: Cannot locate configuration: tried hadoop-metrics2-s3a-file-system.properties,hadoop-metrics2.properties
[2026-05-19T10:05:27.543+0000] {subprocess.py:93} INFO - Lecture SILVER terminée
[2026-05-19T10:06:03.417+0000] {subprocess.py:93} INFO - Table articles_par_jour créée
[2026-05-19T10:06:31.818+0000] {subprocess.py:93} INFO - Table articles_par_source créée
[2026-05-19T10:06:56.103+0000] {subprocess.py:93} INFO - Table top_categories créée
[2026-05-19T10:07:20.148+0000] {subprocess.py:93} INFO - Table articles_par_source_jour créée
[2026-05-19T10:07:20.149+0000] {subprocess.py:93} INFO - 
[2026-05-19T10:07:20.152+0000] {subprocess.py:93} INFO - ==============================
[2026-05-19T10:07:20.153+0000] {subprocess.py:93} INFO - GOLD LAYER TERMINÉ
[2026-05-19T10:07:20.155+0000] {subprocess.py:93} INFO - ==============================
[2026-05-19T10:07:20.659+0000] {subprocess.py:97} INFO - Command exited with return code 0
[2026-05-19T10:07:20.662+0000] {taskinstance.py:441} INFO - ::group::Post task execution logs
[2026-05-19T10:07:21.273+0000] {taskinstance.py:1206} INFO - Marking task as SUCCESS. dag_id=medallion_gold_layer, task_id=gold_processing, run_id=scheduled__2026-05-19T10:00:00+00:00, execution_date=20260519T100000, start_date=20260519T100502, end_date=20260519T100721
[2026-05-19T10:07:21.372+0000] {local_task_job_runner.py:240} INFO - Task exited with return code 0
[2026-05-19T10:07:21.500+0000] {taskinstance.py:3498} INFO - 0 downstream tasks scheduled from follow-on schedule check
[2026-05-19T10:07:21.524+0000] {local_task_job_runner.py:222} INFO - ::endgroup::
