[2026-05-16T23:00:16.769+0000] {local_task_job_runner.py:120} INFO - ::group::Pre task execution logs
[2026-05-16T23:00:16.841+0000] {taskinstance.py:2076} INFO - Dependencies all met for dep_context=non-requeueable deps ti=<TaskInstance: medallion_gold_layer.gold_processing scheduled__2026-05-16T22:55:00+00:00 [queued]>
[2026-05-16T23:00:16.851+0000] {taskinstance.py:2076} INFO - Dependencies all met for dep_context=requeueable deps ti=<TaskInstance: medallion_gold_layer.gold_processing scheduled__2026-05-16T22:55:00+00:00 [queued]>
[2026-05-16T23:00:16.852+0000] {taskinstance.py:2306} INFO - Starting attempt 1 of 2
[2026-05-16T23:00:16.868+0000] {taskinstance.py:2330} INFO - Executing <Task(BashOperator): gold_processing> on 2026-05-16 22:55:00+00:00
[2026-05-16T23:00:16.874+0000] {standard_task_runner.py:63} INFO - Started process 49940 to run task
[2026-05-16T23:00:16.877+0000] {standard_task_runner.py:90} INFO - Running: ['airflow', 'tasks', 'run', 'medallion_gold_layer', 'gold_processing', 'scheduled__2026-05-16T22:55:00+00:00', '--job-id', '132', '--raw', '--subdir', 'DAGS_FOLDER/gold_layer_dag.py', '--cfg-path', '/tmp/tmp65z2hbtb']
[2026-05-16T23:00:16.879+0000] {standard_task_runner.py:91} INFO - Job 132: Subtask gold_processing
[2026-05-16T23:00:16.997+0000] {task_command.py:426} INFO - Running <TaskInstance: medallion_gold_layer.gold_processing scheduled__2026-05-16T22:55:00+00:00 [running]> on host e8a9653e4a1b
[2026-05-16T23:00:17.226+0000] {taskinstance.py:2648} INFO - Exporting env vars: AIRFLOW_CTX_DAG_OWNER='anass' AIRFLOW_CTX_DAG_ID='medallion_gold_layer' AIRFLOW_CTX_TASK_ID='gold_processing' AIRFLOW_CTX_EXECUTION_DATE='2026-05-16T22:55:00+00:00' AIRFLOW_CTX_TRY_NUMBER='1' AIRFLOW_CTX_DAG_RUN_ID='scheduled__2026-05-16T22:55:00+00:00'
[2026-05-16T23:00:17.227+0000] {taskinstance.py:430} INFO - ::endgroup::
[2026-05-16T23:00:17.239+0000] {subprocess.py:63} INFO - Tmp dir root location: /tmp
[2026-05-16T23:00:17.240+0000] {subprocess.py:75} INFO - Running command: ['/usr/bin/bash', '-c', '\n    spark-submit     --master spark://spark-master:7077     --executor-memory 512M     --executor-cores 1     --total-executor-cores 1     --jars /opt/airflow/jars/aws-java-sdk-bundle-1.12.262.jar,/opt/airflow/jars/hadoop-aws-3.3.4.jar,/opt/airflow/jars/postgresql-42.7.3.jar     /opt/spark_jobs/gold_processor.py\n    ']
[2026-05-16T23:00:17.247+0000] {subprocess.py:86} INFO - Output:
[2026-05-16T23:00:18.869+0000] {subprocess.py:93} INFO - 26/05/16 23:00:18 WARN NativeCodeLoader: Unable to load native-hadoop library for your platform... using builtin-java classes where applicable
[2026-05-16T23:00:20.043+0000] {subprocess.py:93} INFO - 26/05/16 23:00:20 INFO SparkContext: Running Spark version 3.5.1
[2026-05-16T23:00:20.043+0000] {subprocess.py:93} INFO - 26/05/16 23:00:20 INFO SparkContext: OS info Linux, 6.6.87.2-microsoft-standard-WSL2, amd64
[2026-05-16T23:00:20.047+0000] {subprocess.py:93} INFO - 26/05/16 23:00:20 INFO SparkContext: Java version 17.0.19
[2026-05-16T23:00:20.088+0000] {subprocess.py:93} INFO - 26/05/16 23:00:20 INFO ResourceUtils: ==============================================================
[2026-05-16T23:00:20.089+0000] {subprocess.py:93} INFO - 26/05/16 23:00:20 INFO ResourceUtils: No custom resources configured for spark.driver.
[2026-05-16T23:00:20.089+0000] {subprocess.py:93} INFO - 26/05/16 23:00:20 INFO ResourceUtils: ==============================================================
[2026-05-16T23:00:20.090+0000] {subprocess.py:93} INFO - 26/05/16 23:00:20 INFO SparkContext: Submitted application: GoldLayerProcessor
[2026-05-16T23:00:20.105+0000] {subprocess.py:93} INFO - 26/05/16 23:00:20 INFO ResourceProfile: Default ResourceProfile created, executor resources: Map(cores -> name: cores, amount: 1, script: , vendor: , memory -> name: memory, amount: 512, script: , vendor: , offHeap -> name: offHeap, amount: 0, script: , vendor: ), task resources: Map(cpus -> name: cpus, amount: 1.0)
[2026-05-16T23:00:20.112+0000] {subprocess.py:93} INFO - 26/05/16 23:00:20 INFO ResourceProfile: Limiting resource is cpus at 1 tasks per executor
[2026-05-16T23:00:20.114+0000] {subprocess.py:93} INFO - 26/05/16 23:00:20 INFO ResourceProfileManager: Added ResourceProfile id: 0
[2026-05-16T23:00:20.190+0000] {subprocess.py:93} INFO - 26/05/16 23:00:20 INFO SecurityManager: Changing view acls to: airflow
[2026-05-16T23:00:20.191+0000] {subprocess.py:93} INFO - 26/05/16 23:00:20 INFO SecurityManager: Changing modify acls to: airflow
[2026-05-16T23:00:20.191+0000] {subprocess.py:93} INFO - 26/05/16 23:00:20 INFO SecurityManager: Changing view acls groups to:
[2026-05-16T23:00:20.192+0000] {subprocess.py:93} INFO - 26/05/16 23:00:20 INFO SecurityManager: Changing modify acls groups to:
[2026-05-16T23:00:20.192+0000] {subprocess.py:93} INFO - 26/05/16 23:00:20 INFO SecurityManager: SecurityManager: authentication disabled; ui acls disabled; users with view permissions: airflow; groups with view permissions: EMPTY; users with modify permissions: airflow; groups with modify permissions: EMPTY
[2026-05-16T23:00:20.338+0000] {subprocess.py:93} INFO - 26/05/16 23:00:20 INFO Utils: Successfully started service 'sparkDriver' on port 35213.
[2026-05-16T23:00:20.356+0000] {subprocess.py:93} INFO - 26/05/16 23:00:20 INFO SparkEnv: Registering MapOutputTracker
[2026-05-16T23:00:20.380+0000] {subprocess.py:93} INFO - 26/05/16 23:00:20 INFO SparkEnv: Registering BlockManagerMaster
[2026-05-16T23:00:20.393+0000] {subprocess.py:93} INFO - 26/05/16 23:00:20 INFO BlockManagerMasterEndpoint: Using org.apache.spark.storage.DefaultTopologyMapper for getting topology information
[2026-05-16T23:00:20.393+0000] {subprocess.py:93} INFO - 26/05/16 23:00:20 INFO BlockManagerMasterEndpoint: BlockManagerMasterEndpoint up
[2026-05-16T23:00:20.399+0000] {subprocess.py:93} INFO - 26/05/16 23:00:20 INFO SparkEnv: Registering BlockManagerMasterHeartbeat
[2026-05-16T23:00:20.407+0000] {subprocess.py:93} INFO - 26/05/16 23:00:20 INFO DiskBlockManager: Created local directory at /tmp/blockmgr-055d7b05-1b6b-4b17-af0c-989c9433cf32
[2026-05-16T23:00:20.417+0000] {subprocess.py:93} INFO - 26/05/16 23:00:20 INFO MemoryStore: MemoryStore started with capacity 434.4 MiB
[2026-05-16T23:00:20.428+0000] {subprocess.py:93} INFO - 26/05/16 23:00:20 INFO SparkEnv: Registering OutputCommitCoordinator
[2026-05-16T23:00:20.505+0000] {subprocess.py:93} INFO - 26/05/16 23:00:20 INFO JettyUtils: Start Jetty 0.0.0.0:4040 for SparkUI
[2026-05-16T23:00:20.563+0000] {subprocess.py:93} INFO - 26/05/16 23:00:20 INFO Utils: Successfully started service 'SparkUI' on port 4040.
[2026-05-16T23:00:20.606+0000] {subprocess.py:93} INFO - 26/05/16 23:00:20 INFO SparkContext: Added JAR file:///opt/airflow/jars/aws-java-sdk-bundle-1.12.262.jar at spark://e8a9653e4a1b:35213/jars/aws-java-sdk-bundle-1.12.262.jar with timestamp 1778972420036
[2026-05-16T23:00:20.607+0000] {subprocess.py:93} INFO - 26/05/16 23:00:20 INFO SparkContext: Added JAR file:///opt/airflow/jars/hadoop-aws-3.3.4.jar at spark://e8a9653e4a1b:35213/jars/hadoop-aws-3.3.4.jar with timestamp 1778972420036
[2026-05-16T23:00:20.608+0000] {subprocess.py:93} INFO - 26/05/16 23:00:20 INFO SparkContext: Added JAR file:///opt/airflow/jars/postgresql-42.7.3.jar at spark://e8a9653e4a1b:35213/jars/postgresql-42.7.3.jar with timestamp 1778972420036
[2026-05-16T23:00:20.718+0000] {subprocess.py:93} INFO - 26/05/16 23:00:20 INFO StandaloneAppClient$ClientEndpoint: Connecting to master spark://spark-master:7077...
[2026-05-16T23:00:20.771+0000] {subprocess.py:93} INFO - 26/05/16 23:00:20 INFO TransportClientFactory: Successfully created connection to spark-master/172.18.0.6:7077 after 35 ms (0 ms spent in bootstraps)
[2026-05-16T23:00:20.879+0000] {subprocess.py:93} INFO - 26/05/16 23:00:20 INFO StandaloneSchedulerBackend: Connected to Spark cluster with app ID app-20260516230020-0131
[2026-05-16T23:00:20.881+0000] {subprocess.py:93} INFO - 26/05/16 23:00:20 INFO StandaloneAppClient$ClientEndpoint: Executor added: app-20260516230020-0131/0 on worker-20260514105200-172.18.0.13-40347 (172.18.0.13:40347) with 1 core(s)
[2026-05-16T23:00:20.883+0000] {subprocess.py:93} INFO - 26/05/16 23:00:20 INFO StandaloneSchedulerBackend: Granted executor ID app-20260516230020-0131/0 on hostPort 172.18.0.13:40347 with 1 core(s), 512.0 MiB RAM
[2026-05-16T23:00:20.889+0000] {subprocess.py:93} INFO - 26/05/16 23:00:20 INFO Utils: Successfully started service 'org.apache.spark.network.netty.NettyBlockTransferService' on port 43327.
[2026-05-16T23:00:20.890+0000] {subprocess.py:93} INFO - 26/05/16 23:00:20 INFO NettyBlockTransferService: Server created on e8a9653e4a1b:43327
[2026-05-16T23:00:20.891+0000] {subprocess.py:93} INFO - 26/05/16 23:00:20 INFO BlockManager: Using org.apache.spark.storage.RandomBlockReplicationPolicy for block replication policy
[2026-05-16T23:00:20.896+0000] {subprocess.py:93} INFO - 26/05/16 23:00:20 INFO BlockManagerMaster: Registering BlockManager BlockManagerId(driver, e8a9653e4a1b, 43327, None)
[2026-05-16T23:00:20.900+0000] {subprocess.py:93} INFO - 26/05/16 23:00:20 INFO BlockManagerMasterEndpoint: Registering block manager e8a9653e4a1b:43327 with 434.4 MiB RAM, BlockManagerId(driver, e8a9653e4a1b, 43327, None)
[2026-05-16T23:00:20.901+0000] {subprocess.py:93} INFO - 26/05/16 23:00:20 INFO BlockManagerMaster: Registered BlockManager BlockManagerId(driver, e8a9653e4a1b, 43327, None)
[2026-05-16T23:00:20.902+0000] {subprocess.py:93} INFO - 26/05/16 23:00:20 INFO BlockManager: Initialized BlockManager: BlockManagerId(driver, e8a9653e4a1b, 43327, None)
[2026-05-16T23:00:20.931+0000] {subprocess.py:93} INFO - 26/05/16 23:00:20 INFO StandaloneAppClient$ClientEndpoint: Executor updated: app-20260516230020-0131/0 is now RUNNING
[2026-05-16T23:00:21.189+0000] {subprocess.py:93} INFO - 26/05/16 23:00:21 INFO StandaloneSchedulerBackend: SchedulerBackend is ready for scheduling beginning after reached minRegisteredResourcesRatio: 0.0
[2026-05-16T23:00:22.868+0000] {subprocess.py:93} INFO - 26/05/16 23:00:22 WARN MetricsConfig: Cannot locate configuration: tried hadoop-metrics2-s3a-file-system.properties,hadoop-metrics2.properties
[2026-05-16T23:00:29.117+0000] {subprocess.py:93} INFO - Lecture SILVER terminée
[2026-05-16T23:00:41.740+0000] {subprocess.py:93} INFO - Table articles_par_jour créée
[2026-05-16T23:00:49.703+0000] {subprocess.py:93} INFO - Table articles_par_source créée
[2026-05-16T23:00:55.565+0000] {subprocess.py:93} INFO - Table top_categories créée
[2026-05-16T23:01:01.192+0000] {subprocess.py:93} INFO - Table articles_par_source_jour créée
[2026-05-16T23:01:01.192+0000] {subprocess.py:93} INFO - 
[2026-05-16T23:01:01.193+0000] {subprocess.py:93} INFO - ==============================
[2026-05-16T23:01:01.193+0000] {subprocess.py:93} INFO - GOLD LAYER TERMINÉ
[2026-05-16T23:01:01.194+0000] {subprocess.py:93} INFO - ==============================
[2026-05-16T23:01:01.847+0000] {subprocess.py:97} INFO - Command exited with return code 0
[2026-05-16T23:01:01.848+0000] {taskinstance.py:441} INFO - ::group::Post task execution logs
[2026-05-16T23:01:01.919+0000] {taskinstance.py:1206} INFO - Marking task as SUCCESS. dag_id=medallion_gold_layer, task_id=gold_processing, run_id=scheduled__2026-05-16T22:55:00+00:00, execution_date=20260516T225500, start_date=20260516T230016, end_date=20260516T230101
[2026-05-16T23:01:02.111+0000] {local_task_job_runner.py:240} INFO - Task exited with return code 0
[2026-05-16T23:01:02.143+0000] {taskinstance.py:3498} INFO - 0 downstream tasks scheduled from follow-on schedule check
[2026-05-16T23:01:02.145+0000] {local_task_job_runner.py:222} INFO - ::endgroup::
