[2026-05-17T21:35:01.474+0000] {local_task_job_runner.py:120} INFO - ::group::Pre task execution logs
[2026-05-17T21:35:01.683+0000] {taskinstance.py:2076} INFO - Dependencies all met for dep_context=non-requeueable deps ti=<TaskInstance: medallion_gold_layer.gold_processing scheduled__2026-05-17T21:30:00+00:00 [queued]>
[2026-05-17T21:35:01.716+0000] {taskinstance.py:2076} INFO - Dependencies all met for dep_context=requeueable deps ti=<TaskInstance: medallion_gold_layer.gold_processing scheduled__2026-05-17T21:30:00+00:00 [queued]>
[2026-05-17T21:35:01.719+0000] {taskinstance.py:2306} INFO - Starting attempt 1 of 2
[2026-05-17T21:35:01.801+0000] {taskinstance.py:2330} INFO - Executing <Task(BashOperator): gold_processing> on 2026-05-17 21:30:00+00:00
[2026-05-17T21:35:01.825+0000] {standard_task_runner.py:63} INFO - Started process 73420 to run task
[2026-05-17T21:35:01.842+0000] {standard_task_runner.py:90} INFO - Running: ['airflow', 'tasks', 'run', 'medallion_gold_layer', 'gold_processing', 'scheduled__2026-05-17T21:30:00+00:00', '--job-id', '191', '--raw', '--subdir', 'DAGS_FOLDER/gold_layer_dag.py', '--cfg-path', '/tmp/tmpr4qxrkka']
[2026-05-17T21:35:01.854+0000] {standard_task_runner.py:91} INFO - Job 191: Subtask gold_processing
[2026-05-17T21:35:02.338+0000] {task_command.py:426} INFO - Running <TaskInstance: medallion_gold_layer.gold_processing scheduled__2026-05-17T21:30:00+00:00 [running]> on host e8a9653e4a1b
[2026-05-17T21:35:03.321+0000] {taskinstance.py:2648} INFO - Exporting env vars: AIRFLOW_CTX_DAG_OWNER='anass' AIRFLOW_CTX_DAG_ID='medallion_gold_layer' AIRFLOW_CTX_TASK_ID='gold_processing' AIRFLOW_CTX_EXECUTION_DATE='2026-05-17T21:30:00+00:00' AIRFLOW_CTX_TRY_NUMBER='1' AIRFLOW_CTX_DAG_RUN_ID='scheduled__2026-05-17T21:30:00+00:00'
[2026-05-17T21:35:03.323+0000] {taskinstance.py:430} INFO - ::endgroup::
[2026-05-17T21:35:03.346+0000] {subprocess.py:63} INFO - Tmp dir root location: /tmp
[2026-05-17T21:35:03.348+0000] {subprocess.py:75} INFO - Running command: ['/usr/bin/bash', '-c', '\n    spark-submit     --master spark://spark-master:7077     --executor-memory 512M     --executor-cores 1     --total-executor-cores 1     --jars /opt/airflow/jars/aws-java-sdk-bundle-1.12.262.jar,/opt/airflow/jars/hadoop-aws-3.3.4.jar,/opt/airflow/jars/postgresql-42.7.3.jar     /opt/spark_jobs/gold_processor.py\n    ']
[2026-05-17T21:35:03.366+0000] {subprocess.py:86} INFO - Output:
[2026-05-17T21:35:07.609+0000] {subprocess.py:93} INFO - 26/05/17 21:35:07 WARN NativeCodeLoader: Unable to load native-hadoop library for your platform... using builtin-java classes where applicable
[2026-05-17T21:35:10.031+0000] {subprocess.py:93} INFO - 26/05/17 21:35:10 INFO SparkContext: Running Spark version 3.5.1
[2026-05-17T21:35:10.033+0000] {subprocess.py:93} INFO - 26/05/17 21:35:10 INFO SparkContext: OS info Linux, 6.6.87.2-microsoft-standard-WSL2, amd64
[2026-05-17T21:35:10.034+0000] {subprocess.py:93} INFO - 26/05/17 21:35:10 INFO SparkContext: Java version 17.0.19
[2026-05-17T21:35:10.076+0000] {subprocess.py:93} INFO - 26/05/17 21:35:10 INFO ResourceUtils: ==============================================================
[2026-05-17T21:35:10.077+0000] {subprocess.py:93} INFO - 26/05/17 21:35:10 INFO ResourceUtils: No custom resources configured for spark.driver.
[2026-05-17T21:35:10.079+0000] {subprocess.py:93} INFO - 26/05/17 21:35:10 INFO ResourceUtils: ==============================================================
[2026-05-17T21:35:10.080+0000] {subprocess.py:93} INFO - 26/05/17 21:35:10 INFO SparkContext: Submitted application: GoldLayerProcessor
[2026-05-17T21:35:10.112+0000] {subprocess.py:93} INFO - 26/05/17 21:35:10 INFO ResourceProfile: Default ResourceProfile created, executor resources: Map(cores -> name: cores, amount: 1, script: , vendor: , memory -> name: memory, amount: 512, script: , vendor: , offHeap -> name: offHeap, amount: 0, script: , vendor: ), task resources: Map(cpus -> name: cpus, amount: 1.0)
[2026-05-17T21:35:10.126+0000] {subprocess.py:93} INFO - 26/05/17 21:35:10 INFO ResourceProfile: Limiting resource is cpus at 1 tasks per executor
[2026-05-17T21:35:10.132+0000] {subprocess.py:93} INFO - 26/05/17 21:35:10 INFO ResourceProfileManager: Added ResourceProfile id: 0
[2026-05-17T21:35:10.208+0000] {subprocess.py:93} INFO - 26/05/17 21:35:10 INFO SecurityManager: Changing view acls to: airflow
[2026-05-17T21:35:10.210+0000] {subprocess.py:93} INFO - 26/05/17 21:35:10 INFO SecurityManager: Changing modify acls to: airflow
[2026-05-17T21:35:10.211+0000] {subprocess.py:93} INFO - 26/05/17 21:35:10 INFO SecurityManager: Changing view acls groups to:
[2026-05-17T21:35:10.212+0000] {subprocess.py:93} INFO - 26/05/17 21:35:10 INFO SecurityManager: Changing modify acls groups to:
[2026-05-17T21:35:10.213+0000] {subprocess.py:93} INFO - 26/05/17 21:35:10 INFO SecurityManager: SecurityManager: authentication disabled; ui acls disabled; users with view permissions: airflow; groups with view permissions: EMPTY; users with modify permissions: airflow; groups with modify permissions: EMPTY
[2026-05-17T21:35:10.519+0000] {subprocess.py:93} INFO - 26/05/17 21:35:10 INFO Utils: Successfully started service 'sparkDriver' on port 44899.
[2026-05-17T21:35:10.559+0000] {subprocess.py:93} INFO - 26/05/17 21:35:10 INFO SparkEnv: Registering MapOutputTracker
[2026-05-17T21:35:10.616+0000] {subprocess.py:93} INFO - 26/05/17 21:35:10 INFO SparkEnv: Registering BlockManagerMaster
[2026-05-17T21:35:10.643+0000] {subprocess.py:93} INFO - 26/05/17 21:35:10 INFO BlockManagerMasterEndpoint: Using org.apache.spark.storage.DefaultTopologyMapper for getting topology information
[2026-05-17T21:35:10.644+0000] {subprocess.py:93} INFO - 26/05/17 21:35:10 INFO BlockManagerMasterEndpoint: BlockManagerMasterEndpoint up
[2026-05-17T21:35:10.653+0000] {subprocess.py:93} INFO - 26/05/17 21:35:10 INFO SparkEnv: Registering BlockManagerMasterHeartbeat
[2026-05-17T21:35:10.679+0000] {subprocess.py:93} INFO - 26/05/17 21:35:10 INFO DiskBlockManager: Created local directory at /tmp/blockmgr-372d1e78-9f34-45ea-a22c-945b1539b01b
[2026-05-17T21:35:10.700+0000] {subprocess.py:93} INFO - 26/05/17 21:35:10 INFO MemoryStore: MemoryStore started with capacity 434.4 MiB
[2026-05-17T21:35:10.727+0000] {subprocess.py:93} INFO - 26/05/17 21:35:10 INFO SparkEnv: Registering OutputCommitCoordinator
[2026-05-17T21:35:10.889+0000] {subprocess.py:93} INFO - 26/05/17 21:35:10 INFO JettyUtils: Start Jetty 0.0.0.0:4040 for SparkUI
[2026-05-17T21:35:11.038+0000] {subprocess.py:93} INFO - 26/05/17 21:35:11 INFO Utils: Successfully started service 'SparkUI' on port 4040.
[2026-05-17T21:35:11.161+0000] {subprocess.py:93} INFO - 26/05/17 21:35:11 INFO SparkContext: Added JAR file:///opt/airflow/jars/aws-java-sdk-bundle-1.12.262.jar at spark://e8a9653e4a1b:44899/jars/aws-java-sdk-bundle-1.12.262.jar with timestamp 1779053710015
[2026-05-17T21:35:11.163+0000] {subprocess.py:93} INFO - 26/05/17 21:35:11 INFO SparkContext: Added JAR file:///opt/airflow/jars/hadoop-aws-3.3.4.jar at spark://e8a9653e4a1b:44899/jars/hadoop-aws-3.3.4.jar with timestamp 1779053710015
[2026-05-17T21:35:11.166+0000] {subprocess.py:93} INFO - 26/05/17 21:35:11 INFO SparkContext: Added JAR file:///opt/airflow/jars/postgresql-42.7.3.jar at spark://e8a9653e4a1b:44899/jars/postgresql-42.7.3.jar with timestamp 1779053710015
[2026-05-17T21:35:11.312+0000] {subprocess.py:93} INFO - 26/05/17 21:35:11 INFO StandaloneAppClient$ClientEndpoint: Connecting to master spark://spark-master:7077...
[2026-05-17T21:35:11.395+0000] {subprocess.py:93} INFO - 26/05/17 21:35:11 INFO TransportClientFactory: Successfully created connection to spark-master/172.18.0.6:7077 after 44 ms (0 ms spent in bootstraps)
[2026-05-17T21:35:11.541+0000] {subprocess.py:93} INFO - 26/05/17 21:35:11 INFO StandaloneSchedulerBackend: Connected to Spark cluster with app ID app-20260517213511-0190
[2026-05-17T21:35:11.548+0000] {subprocess.py:93} INFO - 26/05/17 21:35:11 INFO StandaloneAppClient$ClientEndpoint: Executor added: app-20260517213511-0190/0 on worker-20260514105200-172.18.0.13-40347 (172.18.0.13:40347) with 1 core(s)
[2026-05-17T21:35:11.552+0000] {subprocess.py:93} INFO - 26/05/17 21:35:11 INFO StandaloneSchedulerBackend: Granted executor ID app-20260517213511-0190/0 on hostPort 172.18.0.13:40347 with 1 core(s), 512.0 MiB RAM
[2026-05-17T21:35:11.564+0000] {subprocess.py:93} INFO - 26/05/17 21:35:11 INFO Utils: Successfully started service 'org.apache.spark.network.netty.NettyBlockTransferService' on port 33731.
[2026-05-17T21:35:11.565+0000] {subprocess.py:93} INFO - 26/05/17 21:35:11 INFO NettyBlockTransferService: Server created on e8a9653e4a1b:33731
[2026-05-17T21:35:11.568+0000] {subprocess.py:93} INFO - 26/05/17 21:35:11 INFO BlockManager: Using org.apache.spark.storage.RandomBlockReplicationPolicy for block replication policy
[2026-05-17T21:35:11.588+0000] {subprocess.py:93} INFO - 26/05/17 21:35:11 INFO BlockManagerMaster: Registering BlockManager BlockManagerId(driver, e8a9653e4a1b, 33731, None)
[2026-05-17T21:35:11.590+0000] {subprocess.py:93} INFO - 26/05/17 21:35:11 INFO StandaloneAppClient$ClientEndpoint: Executor updated: app-20260517213511-0190/0 is now RUNNING
[2026-05-17T21:35:11.595+0000] {subprocess.py:93} INFO - 26/05/17 21:35:11 INFO BlockManagerMasterEndpoint: Registering block manager e8a9653e4a1b:33731 with 434.4 MiB RAM, BlockManagerId(driver, e8a9653e4a1b, 33731, None)
[2026-05-17T21:35:11.601+0000] {subprocess.py:93} INFO - 26/05/17 21:35:11 INFO BlockManagerMaster: Registered BlockManager BlockManagerId(driver, e8a9653e4a1b, 33731, None)
[2026-05-17T21:35:11.604+0000] {subprocess.py:93} INFO - 26/05/17 21:35:11 INFO BlockManager: Initialized BlockManager: BlockManagerId(driver, e8a9653e4a1b, 33731, None)
[2026-05-17T21:35:11.969+0000] {subprocess.py:93} INFO - 26/05/17 21:35:11 INFO StandaloneSchedulerBackend: SchedulerBackend is ready for scheduling beginning after reached minRegisteredResourcesRatio: 0.0
[2026-05-17T21:35:14.306+0000] {subprocess.py:93} INFO - 26/05/17 21:35:14 WARN MetricsConfig: Cannot locate configuration: tried hadoop-metrics2-s3a-file-system.properties,hadoop-metrics2.properties
[2026-05-17T21:35:32.718+0000] {subprocess.py:93} INFO - Lecture SILVER terminée
[2026-05-17T21:36:02.095+0000] {subprocess.py:93} INFO - Table articles_par_jour créée
[2026-05-17T21:36:26.791+0000] {subprocess.py:93} INFO - Table articles_par_source créée
[2026-05-17T21:36:46.485+0000] {subprocess.py:93} INFO - Table top_categories créée
[2026-05-17T21:37:07.852+0000] {subprocess.py:93} INFO - Table articles_par_source_jour créée
[2026-05-17T21:37:07.853+0000] {subprocess.py:93} INFO - 
[2026-05-17T21:37:07.854+0000] {subprocess.py:93} INFO - ==============================
[2026-05-17T21:37:07.856+0000] {subprocess.py:93} INFO - GOLD LAYER TERMINÉ
[2026-05-17T21:37:07.857+0000] {subprocess.py:93} INFO - ==============================
[2026-05-17T21:37:08.437+0000] {subprocess.py:97} INFO - Command exited with return code 0
[2026-05-17T21:37:08.438+0000] {taskinstance.py:441} INFO - ::group::Post task execution logs
[2026-05-17T21:37:08.903+0000] {taskinstance.py:1206} INFO - Marking task as SUCCESS. dag_id=medallion_gold_layer, task_id=gold_processing, run_id=scheduled__2026-05-17T21:30:00+00:00, execution_date=20260517T213000, start_date=20260517T213501, end_date=20260517T213708
[2026-05-17T21:37:08.997+0000] {local_task_job_runner.py:240} INFO - Task exited with return code 0
[2026-05-17T21:37:09.069+0000] {taskinstance.py:3498} INFO - 0 downstream tasks scheduled from follow-on schedule check
[2026-05-17T21:37:09.081+0000] {local_task_job_runner.py:222} INFO - ::endgroup::
