[2026-05-15T23:30:00.907+0000] {local_task_job_runner.py:120} INFO - ::group::Pre task execution logs
[2026-05-15T23:30:00.955+0000] {taskinstance.py:2076} INFO - Dependencies all met for dep_context=non-requeueable deps ti=<TaskInstance: medallion_gold_layer.gold_processing scheduled__2026-05-15T23:25:00+00:00 [queued]>
[2026-05-15T23:30:00.963+0000] {taskinstance.py:2076} INFO - Dependencies all met for dep_context=requeueable deps ti=<TaskInstance: medallion_gold_layer.gold_processing scheduled__2026-05-15T23:25:00+00:00 [queued]>
[2026-05-15T23:30:00.964+0000] {taskinstance.py:2306} INFO - Starting attempt 1 of 2
[2026-05-15T23:30:00.977+0000] {taskinstance.py:2330} INFO - Executing <Task(BashOperator): gold_processing> on 2026-05-15 23:25:00+00:00
[2026-05-15T23:30:00.981+0000] {standard_task_runner.py:63} INFO - Started process 32205 to run task
[2026-05-15T23:30:00.983+0000] {standard_task_runner.py:90} INFO - Running: ['airflow', 'tasks', 'run', 'medallion_gold_layer', 'gold_processing', 'scheduled__2026-05-15T23:25:00+00:00', '--job-id', '87', '--raw', '--subdir', 'DAGS_FOLDER/gold_layer_dag.py', '--cfg-path', '/tmp/tmp_oo2enx_']
[2026-05-15T23:30:00.985+0000] {standard_task_runner.py:91} INFO - Job 87: Subtask gold_processing
[2026-05-15T23:30:01.120+0000] {task_command.py:426} INFO - Running <TaskInstance: medallion_gold_layer.gold_processing scheduled__2026-05-15T23:25:00+00:00 [running]> on host e8a9653e4a1b
[2026-05-15T23:30:01.374+0000] {taskinstance.py:2648} INFO - Exporting env vars: AIRFLOW_CTX_DAG_OWNER='anass' AIRFLOW_CTX_DAG_ID='medallion_gold_layer' AIRFLOW_CTX_TASK_ID='gold_processing' AIRFLOW_CTX_EXECUTION_DATE='2026-05-15T23:25:00+00:00' AIRFLOW_CTX_TRY_NUMBER='1' AIRFLOW_CTX_DAG_RUN_ID='scheduled__2026-05-15T23:25:00+00:00'
[2026-05-15T23:30:01.375+0000] {taskinstance.py:430} INFO - ::endgroup::
[2026-05-15T23:30:01.388+0000] {subprocess.py:63} INFO - Tmp dir root location: /tmp
[2026-05-15T23:30:01.389+0000] {subprocess.py:75} INFO - Running command: ['/usr/bin/bash', '-c', '\n    spark-submit     --master spark://spark-master:7077     --executor-memory 512M     --executor-cores 1     --total-executor-cores 1     --jars /opt/airflow/jars/aws-java-sdk-bundle-1.12.262.jar,/opt/airflow/jars/hadoop-aws-3.3.4.jar,/opt/airflow/jars/postgresql-42.7.3.jar     /opt/spark_jobs/gold_processor.py\n    ']
[2026-05-15T23:30:01.399+0000] {subprocess.py:86} INFO - Output:
[2026-05-15T23:30:03.457+0000] {subprocess.py:93} INFO - 26/05/15 23:30:03 WARN NativeCodeLoader: Unable to load native-hadoop library for your platform... using builtin-java classes where applicable
[2026-05-15T23:30:05.827+0000] {subprocess.py:93} INFO - 26/05/15 23:30:05 INFO SparkContext: Running Spark version 3.5.1
[2026-05-15T23:30:05.828+0000] {subprocess.py:93} INFO - 26/05/15 23:30:05 INFO SparkContext: OS info Linux, 6.6.87.2-microsoft-standard-WSL2, amd64
[2026-05-15T23:30:05.829+0000] {subprocess.py:93} INFO - 26/05/15 23:30:05 INFO SparkContext: Java version 17.0.19
[2026-05-15T23:30:05.864+0000] {subprocess.py:93} INFO - 26/05/15 23:30:05 INFO ResourceUtils: ==============================================================
[2026-05-15T23:30:05.865+0000] {subprocess.py:93} INFO - 26/05/15 23:30:05 INFO ResourceUtils: No custom resources configured for spark.driver.
[2026-05-15T23:30:05.869+0000] {subprocess.py:93} INFO - 26/05/15 23:30:05 INFO ResourceUtils: ==============================================================
[2026-05-15T23:30:05.869+0000] {subprocess.py:93} INFO - 26/05/15 23:30:05 INFO SparkContext: Submitted application: GoldLayerProcessor
[2026-05-15T23:30:05.887+0000] {subprocess.py:93} INFO - 26/05/15 23:30:05 INFO ResourceProfile: Default ResourceProfile created, executor resources: Map(cores -> name: cores, amount: 1, script: , vendor: , memory -> name: memory, amount: 512, script: , vendor: , offHeap -> name: offHeap, amount: 0, script: , vendor: ), task resources: Map(cpus -> name: cpus, amount: 1.0)
[2026-05-15T23:30:05.898+0000] {subprocess.py:93} INFO - 26/05/15 23:30:05 INFO ResourceProfile: Limiting resource is cpus at 1 tasks per executor
[2026-05-15T23:30:05.901+0000] {subprocess.py:93} INFO - 26/05/15 23:30:05 INFO ResourceProfileManager: Added ResourceProfile id: 0
[2026-05-15T23:30:05.983+0000] {subprocess.py:93} INFO - 26/05/15 23:30:05 INFO SecurityManager: Changing view acls to: airflow
[2026-05-15T23:30:05.984+0000] {subprocess.py:93} INFO - 26/05/15 23:30:05 INFO SecurityManager: Changing modify acls to: airflow
[2026-05-15T23:30:05.985+0000] {subprocess.py:93} INFO - 26/05/15 23:30:05 INFO SecurityManager: Changing view acls groups to:
[2026-05-15T23:30:05.986+0000] {subprocess.py:93} INFO - 26/05/15 23:30:05 INFO SecurityManager: Changing modify acls groups to:
[2026-05-15T23:30:05.987+0000] {subprocess.py:93} INFO - 26/05/15 23:30:05 INFO SecurityManager: SecurityManager: authentication disabled; ui acls disabled; users with view permissions: airflow; groups with view permissions: EMPTY; users with modify permissions: airflow; groups with modify permissions: EMPTY
[2026-05-15T23:30:06.377+0000] {subprocess.py:93} INFO - 26/05/15 23:30:06 INFO Utils: Successfully started service 'sparkDriver' on port 46007.
[2026-05-15T23:30:06.407+0000] {subprocess.py:93} INFO - 26/05/15 23:30:06 INFO SparkEnv: Registering MapOutputTracker
[2026-05-15T23:30:06.458+0000] {subprocess.py:93} INFO - 26/05/15 23:30:06 INFO SparkEnv: Registering BlockManagerMaster
[2026-05-15T23:30:06.484+0000] {subprocess.py:93} INFO - 26/05/15 23:30:06 INFO BlockManagerMasterEndpoint: Using org.apache.spark.storage.DefaultTopologyMapper for getting topology information
[2026-05-15T23:30:06.484+0000] {subprocess.py:93} INFO - 26/05/15 23:30:06 INFO BlockManagerMasterEndpoint: BlockManagerMasterEndpoint up
[2026-05-15T23:30:06.488+0000] {subprocess.py:93} INFO - 26/05/15 23:30:06 INFO SparkEnv: Registering BlockManagerMasterHeartbeat
[2026-05-15T23:30:06.507+0000] {subprocess.py:93} INFO - 26/05/15 23:30:06 INFO DiskBlockManager: Created local directory at /tmp/blockmgr-5a2661be-90ee-43d3-a5d2-3f8b3d1eb819
[2026-05-15T23:30:06.525+0000] {subprocess.py:93} INFO - 26/05/15 23:30:06 INFO MemoryStore: MemoryStore started with capacity 434.4 MiB
[2026-05-15T23:30:06.547+0000] {subprocess.py:93} INFO - 26/05/15 23:30:06 INFO SparkEnv: Registering OutputCommitCoordinator
[2026-05-15T23:30:06.758+0000] {subprocess.py:93} INFO - 26/05/15 23:30:06 INFO JettyUtils: Start Jetty 0.0.0.0:4040 for SparkUI
[2026-05-15T23:30:06.898+0000] {subprocess.py:93} INFO - 26/05/15 23:30:06 INFO Utils: Successfully started service 'SparkUI' on port 4040.
[2026-05-15T23:30:06.955+0000] {subprocess.py:93} INFO - 26/05/15 23:30:06 INFO SparkContext: Added JAR file:///opt/airflow/jars/aws-java-sdk-bundle-1.12.262.jar at spark://e8a9653e4a1b:46007/jars/aws-java-sdk-bundle-1.12.262.jar with timestamp 1778887805821
[2026-05-15T23:30:06.956+0000] {subprocess.py:93} INFO - 26/05/15 23:30:06 INFO SparkContext: Added JAR file:///opt/airflow/jars/hadoop-aws-3.3.4.jar at spark://e8a9653e4a1b:46007/jars/hadoop-aws-3.3.4.jar with timestamp 1778887805821
[2026-05-15T23:30:06.960+0000] {subprocess.py:93} INFO - 26/05/15 23:30:06 INFO SparkContext: Added JAR file:///opt/airflow/jars/postgresql-42.7.3.jar at spark://e8a9653e4a1b:46007/jars/postgresql-42.7.3.jar with timestamp 1778887805821
[2026-05-15T23:30:07.086+0000] {subprocess.py:93} INFO - 26/05/15 23:30:07 INFO StandaloneAppClient$ClientEndpoint: Connecting to master spark://spark-master:7077...
[2026-05-15T23:30:07.156+0000] {subprocess.py:93} INFO - 26/05/15 23:30:07 INFO TransportClientFactory: Successfully created connection to spark-master/172.18.0.6:7077 after 36 ms (0 ms spent in bootstraps)
[2026-05-15T23:30:07.289+0000] {subprocess.py:93} INFO - 26/05/15 23:30:07 INFO StandaloneSchedulerBackend: Connected to Spark cluster with app ID app-20260515233007-0086
[2026-05-15T23:30:07.292+0000] {subprocess.py:93} INFO - 26/05/15 23:30:07 INFO StandaloneAppClient$ClientEndpoint: Executor added: app-20260515233007-0086/0 on worker-20260514105200-172.18.0.13-40347 (172.18.0.13:40347) with 1 core(s)
[2026-05-15T23:30:07.295+0000] {subprocess.py:93} INFO - 26/05/15 23:30:07 INFO StandaloneSchedulerBackend: Granted executor ID app-20260515233007-0086/0 on hostPort 172.18.0.13:40347 with 1 core(s), 512.0 MiB RAM
[2026-05-15T23:30:07.306+0000] {subprocess.py:93} INFO - 26/05/15 23:30:07 INFO Utils: Successfully started service 'org.apache.spark.network.netty.NettyBlockTransferService' on port 41345.
[2026-05-15T23:30:07.308+0000] {subprocess.py:93} INFO - 26/05/15 23:30:07 INFO NettyBlockTransferService: Server created on e8a9653e4a1b:41345
[2026-05-15T23:30:07.310+0000] {subprocess.py:93} INFO - 26/05/15 23:30:07 INFO BlockManager: Using org.apache.spark.storage.RandomBlockReplicationPolicy for block replication policy
[2026-05-15T23:30:07.320+0000] {subprocess.py:93} INFO - 26/05/15 23:30:07 INFO BlockManagerMaster: Registering BlockManager BlockManagerId(driver, e8a9653e4a1b, 41345, None)
[2026-05-15T23:30:07.327+0000] {subprocess.py:93} INFO - 26/05/15 23:30:07 INFO BlockManagerMasterEndpoint: Registering block manager e8a9653e4a1b:41345 with 434.4 MiB RAM, BlockManagerId(driver, e8a9653e4a1b, 41345, None)
[2026-05-15T23:30:07.331+0000] {subprocess.py:93} INFO - 26/05/15 23:30:07 INFO BlockManagerMaster: Registered BlockManager BlockManagerId(driver, e8a9653e4a1b, 41345, None)
[2026-05-15T23:30:07.333+0000] {subprocess.py:93} INFO - 26/05/15 23:30:07 INFO BlockManager: Initialized BlockManager: BlockManagerId(driver, e8a9653e4a1b, 41345, None)
[2026-05-15T23:30:07.359+0000] {subprocess.py:93} INFO - 26/05/15 23:30:07 INFO StandaloneAppClient$ClientEndpoint: Executor updated: app-20260515233007-0086/0 is now RUNNING
[2026-05-15T23:30:07.704+0000] {subprocess.py:93} INFO - 26/05/15 23:30:07 INFO StandaloneSchedulerBackend: SchedulerBackend is ready for scheduling beginning after reached minRegisteredResourcesRatio: 0.0
[2026-05-15T23:30:09.769+0000] {subprocess.py:93} INFO - 26/05/15 23:30:09 WARN MetricsConfig: Cannot locate configuration: tried hadoop-metrics2-s3a-file-system.properties,hadoop-metrics2.properties
[2026-05-15T23:30:18.867+0000] {subprocess.py:93} INFO - Lecture SILVER terminée
[2026-05-15T23:30:32.340+0000] {subprocess.py:93} INFO - Table articles_par_jour créée
[2026-05-15T23:30:39.631+0000] {subprocess.py:93} INFO - Table articles_par_source créée
[2026-05-15T23:30:45.908+0000] {subprocess.py:93} INFO - Table top_categories créée
[2026-05-15T23:30:51.511+0000] {subprocess.py:93} INFO - Table articles_par_source_jour créée
[2026-05-15T23:30:51.512+0000] {subprocess.py:93} INFO - 
[2026-05-15T23:30:51.512+0000] {subprocess.py:93} INFO - ==============================
[2026-05-15T23:30:51.513+0000] {subprocess.py:93} INFO - GOLD LAYER TERMINÉ
[2026-05-15T23:30:51.514+0000] {subprocess.py:93} INFO - ==============================
[2026-05-15T23:30:51.887+0000] {subprocess.py:97} INFO - Command exited with return code 0
[2026-05-15T23:30:51.889+0000] {taskinstance.py:441} INFO - ::group::Post task execution logs
[2026-05-15T23:30:52.040+0000] {taskinstance.py:1206} INFO - Marking task as SUCCESS. dag_id=medallion_gold_layer, task_id=gold_processing, run_id=scheduled__2026-05-15T23:25:00+00:00, execution_date=20260515T232500, start_date=20260515T233000, end_date=20260515T233052
[2026-05-15T23:30:52.238+0000] {local_task_job_runner.py:240} INFO - Task exited with return code 0
[2026-05-15T23:30:52.287+0000] {taskinstance.py:3498} INFO - 0 downstream tasks scheduled from follow-on schedule check
[2026-05-15T23:30:52.290+0000] {local_task_job_runner.py:222} INFO - ::endgroup::
