[2026-05-15T21:55:02.042+0000] {local_task_job_runner.py:120} INFO - ::group::Pre task execution logs
[2026-05-15T21:55:02.252+0000] {taskinstance.py:2076} INFO - Dependencies all met for dep_context=non-requeueable deps ti=<TaskInstance: medallion_gold_layer.gold_processing scheduled__2026-05-15T21:50:00+00:00 [queued]>
[2026-05-15T21:55:02.285+0000] {taskinstance.py:2076} INFO - Dependencies all met for dep_context=requeueable deps ti=<TaskInstance: medallion_gold_layer.gold_processing scheduled__2026-05-15T21:50:00+00:00 [queued]>
[2026-05-15T21:55:02.302+0000] {taskinstance.py:2306} INFO - Starting attempt 1 of 2
[2026-05-15T21:55:02.381+0000] {taskinstance.py:2330} INFO - Executing <Task(BashOperator): gold_processing> on 2026-05-15 21:50:00+00:00
[2026-05-15T21:55:02.396+0000] {standard_task_runner.py:63} INFO - Started process 24665 to run task
[2026-05-15T21:55:02.406+0000] {standard_task_runner.py:90} INFO - Running: ['airflow', 'tasks', 'run', 'medallion_gold_layer', 'gold_processing', 'scheduled__2026-05-15T21:50:00+00:00', '--job-id', '68', '--raw', '--subdir', 'DAGS_FOLDER/gold_layer_dag.py', '--cfg-path', '/tmp/tmpme34nx0w']
[2026-05-15T21:55:02.414+0000] {standard_task_runner.py:91} INFO - Job 68: Subtask gold_processing
[2026-05-15T21:55:02.934+0000] {task_command.py:426} INFO - Running <TaskInstance: medallion_gold_layer.gold_processing scheduled__2026-05-15T21:50:00+00:00 [running]> on host e8a9653e4a1b
[2026-05-15T21:55:03.436+0000] {taskinstance.py:2648} INFO - Exporting env vars: AIRFLOW_CTX_DAG_OWNER='anass' AIRFLOW_CTX_DAG_ID='medallion_gold_layer' AIRFLOW_CTX_TASK_ID='gold_processing' AIRFLOW_CTX_EXECUTION_DATE='2026-05-15T21:50:00+00:00' AIRFLOW_CTX_TRY_NUMBER='1' AIRFLOW_CTX_DAG_RUN_ID='scheduled__2026-05-15T21:50:00+00:00'
[2026-05-15T21:55:03.439+0000] {taskinstance.py:430} INFO - ::endgroup::
[2026-05-15T21:55:03.479+0000] {subprocess.py:63} INFO - Tmp dir root location: /tmp
[2026-05-15T21:55:03.482+0000] {subprocess.py:75} INFO - Running command: ['/usr/bin/bash', '-c', '\n    spark-submit     --master spark://spark-master:7077     --executor-memory 512M     --executor-cores 1     --total-executor-cores 1     --jars /opt/airflow/jars/aws-java-sdk-bundle-1.12.262.jar,/opt/airflow/jars/hadoop-aws-3.3.4.jar,/opt/airflow/jars/postgresql-42.7.3.jar     /opt/spark_jobs/gold_processor.py\n    ']
[2026-05-15T21:55:03.498+0000] {subprocess.py:86} INFO - Output:
[2026-05-15T21:55:07.999+0000] {subprocess.py:93} INFO - 26/05/15 21:55:07 WARN NativeCodeLoader: Unable to load native-hadoop library for your platform... using builtin-java classes where applicable
[2026-05-15T21:55:11.026+0000] {subprocess.py:93} INFO - 26/05/15 21:55:11 INFO SparkContext: Running Spark version 3.5.1
[2026-05-15T21:55:11.029+0000] {subprocess.py:93} INFO - 26/05/15 21:55:11 INFO SparkContext: OS info Linux, 6.6.87.2-microsoft-standard-WSL2, amd64
[2026-05-15T21:55:11.031+0000] {subprocess.py:93} INFO - 26/05/15 21:55:11 INFO SparkContext: Java version 17.0.19
[2026-05-15T21:55:11.154+0000] {subprocess.py:93} INFO - 26/05/15 21:55:11 INFO ResourceUtils: ==============================================================
[2026-05-15T21:55:11.156+0000] {subprocess.py:93} INFO - 26/05/15 21:55:11 INFO ResourceUtils: No custom resources configured for spark.driver.
[2026-05-15T21:55:11.158+0000] {subprocess.py:93} INFO - 26/05/15 21:55:11 INFO ResourceUtils: ==============================================================
[2026-05-15T21:55:11.159+0000] {subprocess.py:93} INFO - 26/05/15 21:55:11 INFO SparkContext: Submitted application: GoldLayerProcessor
[2026-05-15T21:55:11.193+0000] {subprocess.py:93} INFO - 26/05/15 21:55:11 INFO ResourceProfile: Default ResourceProfile created, executor resources: Map(cores -> name: cores, amount: 1, script: , vendor: , memory -> name: memory, amount: 512, script: , vendor: , offHeap -> name: offHeap, amount: 0, script: , vendor: ), task resources: Map(cpus -> name: cpus, amount: 1.0)
[2026-05-15T21:55:11.214+0000] {subprocess.py:93} INFO - 26/05/15 21:55:11 INFO ResourceProfile: Limiting resource is cpus at 1 tasks per executor
[2026-05-15T21:55:11.225+0000] {subprocess.py:93} INFO - 26/05/15 21:55:11 INFO ResourceProfileManager: Added ResourceProfile id: 0
[2026-05-15T21:55:11.371+0000] {subprocess.py:93} INFO - 26/05/15 21:55:11 INFO SecurityManager: Changing view acls to: airflow
[2026-05-15T21:55:11.372+0000] {subprocess.py:93} INFO - 26/05/15 21:55:11 INFO SecurityManager: Changing modify acls to: airflow
[2026-05-15T21:55:11.373+0000] {subprocess.py:93} INFO - 26/05/15 21:55:11 INFO SecurityManager: Changing view acls groups to:
[2026-05-15T21:55:11.374+0000] {subprocess.py:93} INFO - 26/05/15 21:55:11 INFO SecurityManager: Changing modify acls groups to:
[2026-05-15T21:55:11.376+0000] {subprocess.py:93} INFO - 26/05/15 21:55:11 INFO SecurityManager: SecurityManager: authentication disabled; ui acls disabled; users with view permissions: airflow; groups with view permissions: EMPTY; users with modify permissions: airflow; groups with modify permissions: EMPTY
[2026-05-15T21:55:11.922+0000] {subprocess.py:93} INFO - 26/05/15 21:55:11 INFO Utils: Successfully started service 'sparkDriver' on port 34001.
[2026-05-15T21:55:11.970+0000] {subprocess.py:93} INFO - 26/05/15 21:55:11 INFO SparkEnv: Registering MapOutputTracker
[2026-05-15T21:55:12.043+0000] {subprocess.py:93} INFO - 26/05/15 21:55:12 INFO SparkEnv: Registering BlockManagerMaster
[2026-05-15T21:55:12.084+0000] {subprocess.py:93} INFO - 26/05/15 21:55:12 INFO BlockManagerMasterEndpoint: Using org.apache.spark.storage.DefaultTopologyMapper for getting topology information
[2026-05-15T21:55:12.086+0000] {subprocess.py:93} INFO - 26/05/15 21:55:12 INFO BlockManagerMasterEndpoint: BlockManagerMasterEndpoint up
[2026-05-15T21:55:12.100+0000] {subprocess.py:93} INFO - 26/05/15 21:55:12 INFO SparkEnv: Registering BlockManagerMasterHeartbeat
[2026-05-15T21:55:12.161+0000] {subprocess.py:93} INFO - 26/05/15 21:55:12 INFO DiskBlockManager: Created local directory at /tmp/blockmgr-88fb9ae8-4440-4ae8-8b16-82e90aba7cad
[2026-05-15T21:55:12.199+0000] {subprocess.py:93} INFO - 26/05/15 21:55:12 INFO MemoryStore: MemoryStore started with capacity 434.4 MiB
[2026-05-15T21:55:12.241+0000] {subprocess.py:93} INFO - 26/05/15 21:55:12 INFO SparkEnv: Registering OutputCommitCoordinator
[2026-05-15T21:55:12.567+0000] {subprocess.py:93} INFO - 26/05/15 21:55:12 INFO JettyUtils: Start Jetty 0.0.0.0:4040 for SparkUI
[2026-05-15T21:55:12.797+0000] {subprocess.py:93} INFO - 26/05/15 21:55:12 INFO Utils: Successfully started service 'SparkUI' on port 4040.
[2026-05-15T21:55:12.863+0000] {subprocess.py:93} INFO - 26/05/15 21:55:12 INFO SparkContext: Added JAR file:///opt/airflow/jars/aws-java-sdk-bundle-1.12.262.jar at spark://e8a9653e4a1b:34001/jars/aws-java-sdk-bundle-1.12.262.jar with timestamp 1778882111003
[2026-05-15T21:55:12.865+0000] {subprocess.py:93} INFO - 26/05/15 21:55:12 INFO SparkContext: Added JAR file:///opt/airflow/jars/hadoop-aws-3.3.4.jar at spark://e8a9653e4a1b:34001/jars/hadoop-aws-3.3.4.jar with timestamp 1778882111003
[2026-05-15T21:55:12.866+0000] {subprocess.py:93} INFO - 26/05/15 21:55:12 INFO SparkContext: Added JAR file:///opt/airflow/jars/postgresql-42.7.3.jar at spark://e8a9653e4a1b:34001/jars/postgresql-42.7.3.jar with timestamp 1778882111003
[2026-05-15T21:55:13.008+0000] {subprocess.py:93} INFO - 26/05/15 21:55:13 INFO StandaloneAppClient$ClientEndpoint: Connecting to master spark://spark-master:7077...
[2026-05-15T21:55:13.099+0000] {subprocess.py:93} INFO - 26/05/15 21:55:13 INFO TransportClientFactory: Successfully created connection to spark-master/172.18.0.6:7077 after 52 ms (0 ms spent in bootstraps)
[2026-05-15T21:55:13.275+0000] {subprocess.py:93} INFO - 26/05/15 21:55:13 INFO StandaloneSchedulerBackend: Connected to Spark cluster with app ID app-20260515215513-0067
[2026-05-15T21:55:13.282+0000] {subprocess.py:93} INFO - 26/05/15 21:55:13 INFO StandaloneAppClient$ClientEndpoint: Executor added: app-20260515215513-0067/0 on worker-20260514105200-172.18.0.13-40347 (172.18.0.13:40347) with 1 core(s)
[2026-05-15T21:55:13.293+0000] {subprocess.py:93} INFO - 26/05/15 21:55:13 INFO StandaloneSchedulerBackend: Granted executor ID app-20260515215513-0067/0 on hostPort 172.18.0.13:40347 with 1 core(s), 512.0 MiB RAM
[2026-05-15T21:55:13.301+0000] {subprocess.py:93} INFO - 26/05/15 21:55:13 INFO Utils: Successfully started service 'org.apache.spark.network.netty.NettyBlockTransferService' on port 35741.
[2026-05-15T21:55:13.303+0000] {subprocess.py:93} INFO - 26/05/15 21:55:13 INFO NettyBlockTransferService: Server created on e8a9653e4a1b:35741
[2026-05-15T21:55:13.306+0000] {subprocess.py:93} INFO - 26/05/15 21:55:13 INFO BlockManager: Using org.apache.spark.storage.RandomBlockReplicationPolicy for block replication policy
[2026-05-15T21:55:13.333+0000] {subprocess.py:93} INFO - 26/05/15 21:55:13 INFO BlockManagerMaster: Registering BlockManager BlockManagerId(driver, e8a9653e4a1b, 35741, None)
[2026-05-15T21:55:13.341+0000] {subprocess.py:93} INFO - 26/05/15 21:55:13 INFO BlockManagerMasterEndpoint: Registering block manager e8a9653e4a1b:35741 with 434.4 MiB RAM, BlockManagerId(driver, e8a9653e4a1b, 35741, None)
[2026-05-15T21:55:13.349+0000] {subprocess.py:93} INFO - 26/05/15 21:55:13 INFO BlockManagerMaster: Registered BlockManager BlockManagerId(driver, e8a9653e4a1b, 35741, None)
[2026-05-15T21:55:13.352+0000] {subprocess.py:93} INFO - 26/05/15 21:55:13 INFO BlockManager: Initialized BlockManager: BlockManagerId(driver, e8a9653e4a1b, 35741, None)
[2026-05-15T21:55:13.363+0000] {subprocess.py:93} INFO - 26/05/15 21:55:13 INFO StandaloneAppClient$ClientEndpoint: Executor updated: app-20260515215513-0067/0 is now RUNNING
[2026-05-15T21:55:13.825+0000] {subprocess.py:93} INFO - 26/05/15 21:55:13 INFO StandaloneSchedulerBackend: SchedulerBackend is ready for scheduling beginning after reached minRegisteredResourcesRatio: 0.0
[2026-05-15T21:55:16.079+0000] {subprocess.py:93} INFO - 26/05/15 21:55:16 WARN MetricsConfig: Cannot locate configuration: tried hadoop-metrics2-s3a-file-system.properties,hadoop-metrics2.properties
[2026-05-15T21:55:29.884+0000] {subprocess.py:93} INFO - Lecture SILVER terminée
[2026-05-15T21:55:48.855+0000] {subprocess.py:93} INFO - Table articles_par_jour créée
[2026-05-15T21:56:02.541+0000] {subprocess.py:93} INFO - Table articles_par_source créée
[2026-05-15T21:56:15.022+0000] {subprocess.py:93} INFO - Table top_categories créée
[2026-05-15T21:56:25.304+0000] {subprocess.py:93} INFO - Table articles_par_source_jour créée
[2026-05-15T21:56:25.309+0000] {subprocess.py:93} INFO - 
[2026-05-15T21:56:25.311+0000] {subprocess.py:93} INFO - ==============================
[2026-05-15T21:56:25.312+0000] {subprocess.py:93} INFO - GOLD LAYER TERMINÉ
[2026-05-15T21:56:25.313+0000] {subprocess.py:93} INFO - ==============================
[2026-05-15T21:56:25.690+0000] {subprocess.py:97} INFO - Command exited with return code 0
[2026-05-15T21:56:25.691+0000] {taskinstance.py:441} INFO - ::group::Post task execution logs
[2026-05-15T21:56:25.931+0000] {taskinstance.py:1206} INFO - Marking task as SUCCESS. dag_id=medallion_gold_layer, task_id=gold_processing, run_id=scheduled__2026-05-15T21:50:00+00:00, execution_date=20260515T215000, start_date=20260515T215502, end_date=20260515T215625
[2026-05-15T21:56:26.333+0000] {local_task_job_runner.py:240} INFO - Task exited with return code 0
[2026-05-15T21:56:26.498+0000] {taskinstance.py:3498} INFO - 0 downstream tasks scheduled from follow-on schedule check
[2026-05-15T21:56:26.525+0000] {local_task_job_runner.py:222} INFO - ::endgroup::
