[2026-05-19T14:04:56.604+0000] {local_task_job_runner.py:120} INFO - ::group::Pre task execution logs
[2026-05-19T14:04:57.050+0000] {taskinstance.py:2076} INFO - Dependencies all met for dep_context=non-requeueable deps ti=<TaskInstance: aljazeera_pipeline.run_aljazeera_scraper scheduled__2026-05-19T13:00:00+00:00 [queued]>
[2026-05-19T14:04:57.072+0000] {taskinstance.py:2076} INFO - Dependencies all met for dep_context=requeueable deps ti=<TaskInstance: aljazeera_pipeline.run_aljazeera_scraper scheduled__2026-05-19T13:00:00+00:00 [queued]>
[2026-05-19T14:04:57.074+0000] {taskinstance.py:2306} INFO - Starting attempt 1 of 2
[2026-05-19T14:04:57.144+0000] {taskinstance.py:2330} INFO - Executing <Task(BashOperator): run_aljazeera_scraper> on 2026-05-19 13:00:00+00:00
[2026-05-19T14:04:57.153+0000] {standard_task_runner.py:63} INFO - Started process 16483 to run task
[2026-05-19T14:04:57.159+0000] {standard_task_runner.py:90} INFO - Running: ['airflow', 'tasks', 'run', 'aljazeera_pipeline', 'run_aljazeera_scraper', 'scheduled__2026-05-19T13:00:00+00:00', '--job-id', '327', '--raw', '--subdir', 'DAGS_FOLDER/aljazeera_dag.py', '--cfg-path', '/tmp/tmpwc_yw8gq']
[2026-05-19T14:04:57.165+0000] {standard_task_runner.py:91} INFO - Job 327: Subtask run_aljazeera_scraper
[2026-05-19T14:04:57.594+0000] {task_command.py:426} INFO - Running <TaskInstance: aljazeera_pipeline.run_aljazeera_scraper scheduled__2026-05-19T13:00:00+00:00 [running]> on host c43074c3fd7c
[2026-05-19T14:04:58.473+0000] {taskinstance.py:2648} INFO - Exporting env vars: AIRFLOW_CTX_DAG_OWNER='ikram' AIRFLOW_CTX_DAG_ID='aljazeera_pipeline' AIRFLOW_CTX_TASK_ID='run_aljazeera_scraper' AIRFLOW_CTX_EXECUTION_DATE='2026-05-19T13:00:00+00:00' AIRFLOW_CTX_TRY_NUMBER='1' AIRFLOW_CTX_DAG_RUN_ID='scheduled__2026-05-19T13:00:00+00:00'
[2026-05-19T14:04:58.475+0000] {taskinstance.py:430} INFO - ::endgroup::
[2026-05-19T14:04:58.519+0000] {subprocess.py:63} INFO - Tmp dir root location: /tmp
[2026-05-19T14:04:58.523+0000] {subprocess.py:75} INFO - Running command: ['/usr/bin/bash', '-c', 'python /opt/airflow/aljazeera.py']
[2026-05-19T14:04:58.548+0000] {subprocess.py:86} INFO - Output:
[2026-05-19T14:05:04.873+0000] {subprocess.py:93} INFO - Connexion Kafka réussie !
[2026-05-19T14:05:04.875+0000] {subprocess.py:93} INFO - ===== Al Jazeera (Incremental Fetch) =====
[2026-05-19T14:05:04.878+0000] {subprocess.py:93} INFO - Erreur sitemap Al Jazeera : HTTPSConnectionPool(host='www.aljazeera.com', port=443): Max retries exceeded with url: /news-sitemap.xml (Caused by NameResolutionError("<urllib3.connection.HTTPSConnection object at 0x7f691ec72050>: Failed to resolve 'www.aljazeera.com' ([Errno -5] No address associated with hostname)"))
[2026-05-19T14:05:04.879+0000] {subprocess.py:93} INFO - Aucun nouvel article depuis la dernière exécution.
[2026-05-19T14:05:05.048+0000] {subprocess.py:97} INFO - Command exited with return code 0
[2026-05-19T14:05:05.050+0000] {taskinstance.py:441} INFO - ::group::Post task execution logs
[2026-05-19T14:05:05.728+0000] {taskinstance.py:1206} INFO - Marking task as SUCCESS. dag_id=aljazeera_pipeline, task_id=run_aljazeera_scraper, run_id=scheduled__2026-05-19T13:00:00+00:00, execution_date=20260519T130000, start_date=20260519T140457, end_date=20260519T140505
[2026-05-19T14:05:05.871+0000] {local_task_job_runner.py:240} INFO - Task exited with return code 0
[2026-05-19T14:05:06.004+0000] {taskinstance.py:3498} INFO - 0 downstream tasks scheduled from follow-on schedule check
[2026-05-19T14:05:06.027+0000] {local_task_job_runner.py:222} INFO - ::endgroup::
