[2026-05-15T22:50:01.651+0000] {local_task_job_runner.py:120} INFO - ::group::Pre task execution logs
[2026-05-15T22:50:01.826+0000] {taskinstance.py:2076} INFO - Dependencies all met for dep_context=non-requeueable deps ti=<TaskInstance: medallion_gold_layer.gold_processing scheduled__2026-05-15T22:45:00+00:00 [queued]>
[2026-05-15T22:50:01.871+0000] {taskinstance.py:2076} INFO - Dependencies all met for dep_context=requeueable deps ti=<TaskInstance: medallion_gold_layer.gold_processing scheduled__2026-05-15T22:45:00+00:00 [queued]>
[2026-05-15T22:50:01.874+0000] {taskinstance.py:2306} INFO - Starting attempt 1 of 2
[2026-05-15T22:50:01.983+0000] {taskinstance.py:2330} INFO - Executing <Task(BashOperator): gold_processing> on 2026-05-15 22:45:00+00:00
[2026-05-15T22:50:02.003+0000] {standard_task_runner.py:63} INFO - Started process 29088 to run task
[2026-05-15T22:50:02.021+0000] {standard_task_runner.py:90} INFO - Running: ['airflow', 'tasks', 'run', 'medallion_gold_layer', 'gold_processing', 'scheduled__2026-05-15T22:45:00+00:00', '--job-id', '79', '--raw', '--subdir', 'DAGS_FOLDER/gold_layer_dag.py', '--cfg-path', '/tmp/tmpg6hmc7nk']
[2026-05-15T22:50:02.029+0000] {standard_task_runner.py:91} INFO - Job 79: Subtask gold_processing
[2026-05-15T22:50:02.444+0000] {task_command.py:426} INFO - Running <TaskInstance: medallion_gold_layer.gold_processing scheduled__2026-05-15T22:45:00+00:00 [running]> on host e8a9653e4a1b
[2026-05-15T22:50:03.036+0000] {taskinstance.py:2648} INFO - Exporting env vars: AIRFLOW_CTX_DAG_OWNER='anass' AIRFLOW_CTX_DAG_ID='medallion_gold_layer' AIRFLOW_CTX_TASK_ID='gold_processing' AIRFLOW_CTX_EXECUTION_DATE='2026-05-15T22:45:00+00:00' AIRFLOW_CTX_TRY_NUMBER='1' AIRFLOW_CTX_DAG_RUN_ID='scheduled__2026-05-15T22:45:00+00:00'
[2026-05-15T22:50:03.037+0000] {taskinstance.py:430} INFO - ::endgroup::
[2026-05-15T22:50:03.063+0000] {subprocess.py:63} INFO - Tmp dir root location: /tmp
[2026-05-15T22:50:03.066+0000] {subprocess.py:75} INFO - Running command: ['/usr/bin/bash', '-c', '\n    spark-submit     --master spark://spark-master:7077     --executor-memory 512M     --executor-cores 1     --total-executor-cores 1     --jars /opt/airflow/jars/aws-java-sdk-bundle-1.12.262.jar,/opt/airflow/jars/hadoop-aws-3.3.4.jar,/opt/airflow/jars/postgresql-42.7.3.jar     /opt/spark_jobs/gold_processor.py\n    ']
[2026-05-15T22:50:03.089+0000] {subprocess.py:86} INFO - Output:
[2026-05-15T22:50:09.657+0000] {subprocess.py:93} INFO - 26/05/15 22:50:09 WARN NativeCodeLoader: Unable to load native-hadoop library for your platform... using builtin-java classes where applicable
[2026-05-15T22:50:13.853+0000] {subprocess.py:93} INFO - 26/05/15 22:50:13 INFO SparkContext: Running Spark version 3.5.1
[2026-05-15T22:50:13.854+0000] {subprocess.py:93} INFO - 26/05/15 22:50:13 INFO SparkContext: OS info Linux, 6.6.87.2-microsoft-standard-WSL2, amd64
[2026-05-15T22:50:13.855+0000] {subprocess.py:93} INFO - 26/05/15 22:50:13 INFO SparkContext: Java version 17.0.19
[2026-05-15T22:50:13.939+0000] {subprocess.py:93} INFO - 26/05/15 22:50:13 INFO ResourceUtils: ==============================================================
[2026-05-15T22:50:13.940+0000] {subprocess.py:93} INFO - 26/05/15 22:50:13 INFO ResourceUtils: No custom resources configured for spark.driver.
[2026-05-15T22:50:13.941+0000] {subprocess.py:93} INFO - 26/05/15 22:50:13 INFO ResourceUtils: ==============================================================
[2026-05-15T22:50:13.942+0000] {subprocess.py:93} INFO - 26/05/15 22:50:13 INFO SparkContext: Submitted application: GoldLayerProcessor
[2026-05-15T22:50:13.985+0000] {subprocess.py:93} INFO - 26/05/15 22:50:13 INFO ResourceProfile: Default ResourceProfile created, executor resources: Map(cores -> name: cores, amount: 1, script: , vendor: , memory -> name: memory, amount: 512, script: , vendor: , offHeap -> name: offHeap, amount: 0, script: , vendor: ), task resources: Map(cpus -> name: cpus, amount: 1.0)
[2026-05-15T22:50:14.012+0000] {subprocess.py:93} INFO - 26/05/15 22:50:14 INFO ResourceProfile: Limiting resource is cpus at 1 tasks per executor
[2026-05-15T22:50:14.024+0000] {subprocess.py:93} INFO - 26/05/15 22:50:14 INFO ResourceProfileManager: Added ResourceProfile id: 0
[2026-05-15T22:50:14.144+0000] {subprocess.py:93} INFO - 26/05/15 22:50:14 INFO SecurityManager: Changing view acls to: airflow
[2026-05-15T22:50:14.145+0000] {subprocess.py:93} INFO - 26/05/15 22:50:14 INFO SecurityManager: Changing modify acls to: airflow
[2026-05-15T22:50:14.147+0000] {subprocess.py:93} INFO - 26/05/15 22:50:14 INFO SecurityManager: Changing view acls groups to:
[2026-05-15T22:50:14.148+0000] {subprocess.py:93} INFO - 26/05/15 22:50:14 INFO SecurityManager: Changing modify acls groups to:
[2026-05-15T22:50:14.149+0000] {subprocess.py:93} INFO - 26/05/15 22:50:14 INFO SecurityManager: SecurityManager: authentication disabled; ui acls disabled; users with view permissions: airflow; groups with view permissions: EMPTY; users with modify permissions: airflow; groups with modify permissions: EMPTY
[2026-05-15T22:50:14.904+0000] {subprocess.py:93} INFO - 26/05/15 22:50:14 INFO Utils: Successfully started service 'sparkDriver' on port 45005.
[2026-05-15T22:50:15.030+0000] {subprocess.py:93} INFO - 26/05/15 22:50:15 INFO SparkEnv: Registering MapOutputTracker
[2026-05-15T22:50:15.129+0000] {subprocess.py:93} INFO - 26/05/15 22:50:15 INFO SparkEnv: Registering BlockManagerMaster
[2026-05-15T22:50:15.174+0000] {subprocess.py:93} INFO - 26/05/15 22:50:15 INFO BlockManagerMasterEndpoint: Using org.apache.spark.storage.DefaultTopologyMapper for getting topology information
[2026-05-15T22:50:15.176+0000] {subprocess.py:93} INFO - 26/05/15 22:50:15 INFO BlockManagerMasterEndpoint: BlockManagerMasterEndpoint up
[2026-05-15T22:50:15.183+0000] {subprocess.py:93} INFO - 26/05/15 22:50:15 INFO SparkEnv: Registering BlockManagerMasterHeartbeat
[2026-05-15T22:50:15.221+0000] {subprocess.py:93} INFO - 26/05/15 22:50:15 INFO DiskBlockManager: Created local directory at /tmp/blockmgr-b12e5250-a3ed-4c2e-ae3e-a2e0811c2b63
[2026-05-15T22:50:15.252+0000] {subprocess.py:93} INFO - 26/05/15 22:50:15 INFO MemoryStore: MemoryStore started with capacity 434.4 MiB
[2026-05-15T22:50:15.282+0000] {subprocess.py:93} INFO - 26/05/15 22:50:15 INFO SparkEnv: Registering OutputCommitCoordinator
[2026-05-15T22:50:15.506+0000] {subprocess.py:93} INFO - 26/05/15 22:50:15 INFO JettyUtils: Start Jetty 0.0.0.0:4040 for SparkUI
[2026-05-15T22:50:15.726+0000] {subprocess.py:93} INFO - 26/05/15 22:50:15 INFO Utils: Successfully started service 'SparkUI' on port 4040.
[2026-05-15T22:50:15.783+0000] {subprocess.py:93} INFO - 26/05/15 22:50:15 INFO SparkContext: Added JAR file:///opt/airflow/jars/aws-java-sdk-bundle-1.12.262.jar at spark://e8a9653e4a1b:45005/jars/aws-java-sdk-bundle-1.12.262.jar with timestamp 1778885413832
[2026-05-15T22:50:15.784+0000] {subprocess.py:93} INFO - 26/05/15 22:50:15 INFO SparkContext: Added JAR file:///opt/airflow/jars/hadoop-aws-3.3.4.jar at spark://e8a9653e4a1b:45005/jars/hadoop-aws-3.3.4.jar with timestamp 1778885413832
[2026-05-15T22:50:15.786+0000] {subprocess.py:93} INFO - 26/05/15 22:50:15 INFO SparkContext: Added JAR file:///opt/airflow/jars/postgresql-42.7.3.jar at spark://e8a9653e4a1b:45005/jars/postgresql-42.7.3.jar with timestamp 1778885413832
[2026-05-15T22:50:15.912+0000] {subprocess.py:93} INFO - 26/05/15 22:50:15 INFO StandaloneAppClient$ClientEndpoint: Connecting to master spark://spark-master:7077...
[2026-05-15T22:50:15.987+0000] {subprocess.py:93} INFO - 26/05/15 22:50:15 INFO TransportClientFactory: Successfully created connection to spark-master/172.18.0.6:7077 after 40 ms (0 ms spent in bootstraps)
[2026-05-15T22:50:16.195+0000] {subprocess.py:93} INFO - 26/05/15 22:50:16 INFO StandaloneSchedulerBackend: Connected to Spark cluster with app ID app-20260515225016-0078
[2026-05-15T22:50:16.210+0000] {subprocess.py:93} INFO - 26/05/15 22:50:16 INFO StandaloneAppClient$ClientEndpoint: Executor added: app-20260515225016-0078/0 on worker-20260514105200-172.18.0.13-40347 (172.18.0.13:40347) with 1 core(s)
[2026-05-15T22:50:16.216+0000] {subprocess.py:93} INFO - 26/05/15 22:50:16 INFO StandaloneSchedulerBackend: Granted executor ID app-20260515225016-0078/0 on hostPort 172.18.0.13:40347 with 1 core(s), 512.0 MiB RAM
[2026-05-15T22:50:16.233+0000] {subprocess.py:93} INFO - 26/05/15 22:50:16 INFO Utils: Successfully started service 'org.apache.spark.network.netty.NettyBlockTransferService' on port 46435.
[2026-05-15T22:50:16.241+0000] {subprocess.py:93} INFO - 26/05/15 22:50:16 INFO NettyBlockTransferService: Server created on e8a9653e4a1b:46435
[2026-05-15T22:50:16.248+0000] {subprocess.py:93} INFO - 26/05/15 22:50:16 INFO BlockManager: Using org.apache.spark.storage.RandomBlockReplicationPolicy for block replication policy
[2026-05-15T22:50:16.270+0000] {subprocess.py:93} INFO - 26/05/15 22:50:16 INFO BlockManagerMaster: Registering BlockManager BlockManagerId(driver, e8a9653e4a1b, 46435, None)
[2026-05-15T22:50:16.282+0000] {subprocess.py:93} INFO - 26/05/15 22:50:16 INFO BlockManagerMasterEndpoint: Registering block manager e8a9653e4a1b:46435 with 434.4 MiB RAM, BlockManagerId(driver, e8a9653e4a1b, 46435, None)
[2026-05-15T22:50:16.288+0000] {subprocess.py:93} INFO - 26/05/15 22:50:16 INFO BlockManagerMaster: Registered BlockManager BlockManagerId(driver, e8a9653e4a1b, 46435, None)
[2026-05-15T22:50:16.296+0000] {subprocess.py:93} INFO - 26/05/15 22:50:16 INFO BlockManager: Initialized BlockManager: BlockManagerId(driver, e8a9653e4a1b, 46435, None)
[2026-05-15T22:50:16.343+0000] {subprocess.py:93} INFO - 26/05/15 22:50:16 INFO StandaloneAppClient$ClientEndpoint: Executor updated: app-20260515225016-0078/0 is now RUNNING
[2026-05-15T22:50:16.955+0000] {subprocess.py:93} INFO - 26/05/15 22:50:16 INFO StandaloneSchedulerBackend: SchedulerBackend is ready for scheduling beginning after reached minRegisteredResourcesRatio: 0.0
[2026-05-15T22:50:19.366+0000] {subprocess.py:93} INFO - 26/05/15 22:50:19 WARN MetricsConfig: Cannot locate configuration: tried hadoop-metrics2-s3a-file-system.properties,hadoop-metrics2.properties
[2026-05-15T22:50:33.141+0000] {subprocess.py:93} INFO - Lecture SILVER terminée
[2026-05-15T22:50:53.853+0000] {subprocess.py:93} INFO - Table articles_par_jour créée
[2026-05-15T22:51:13.172+0000] {subprocess.py:93} INFO - Table articles_par_source créée
[2026-05-15T22:51:28.349+0000] {subprocess.py:93} INFO - Table top_categories créée
[2026-05-15T22:51:43.167+0000] {subprocess.py:93} INFO - Table articles_par_source_jour créée
[2026-05-15T22:51:43.169+0000] {subprocess.py:93} INFO - 
[2026-05-15T22:51:43.173+0000] {subprocess.py:93} INFO - ==============================
[2026-05-15T22:51:43.174+0000] {subprocess.py:93} INFO - GOLD LAYER TERMINÉ
[2026-05-15T22:51:43.176+0000] {subprocess.py:93} INFO - ==============================
[2026-05-15T22:51:44.004+0000] {subprocess.py:97} INFO - Command exited with return code 0
[2026-05-15T22:51:44.007+0000] {taskinstance.py:441} INFO - ::group::Post task execution logs
[2026-05-15T22:51:44.852+0000] {taskinstance.py:1206} INFO - Marking task as SUCCESS. dag_id=medallion_gold_layer, task_id=gold_processing, run_id=scheduled__2026-05-15T22:45:00+00:00, execution_date=20260515T224500, start_date=20260515T225001, end_date=20260515T225144
[2026-05-15T22:51:45.003+0000] {local_task_job_runner.py:240} INFO - Task exited with return code 0
[2026-05-15T22:51:45.163+0000] {taskinstance.py:3498} INFO - 0 downstream tasks scheduled from follow-on schedule check
[2026-05-15T22:51:45.193+0000] {local_task_job_runner.py:222} INFO - ::endgroup::
