[2026-05-15T13:35:01.624+0000] {local_task_job_runner.py:120} INFO - ::group::Pre task execution logs
[2026-05-15T13:35:01.788+0000] {taskinstance.py:2076} INFO - Dependencies all met for dep_context=non-requeueable deps ti=<TaskInstance: medallion_gold_layer.gold_processing scheduled__2026-05-15T13:30:00+00:00 [queued]>
[2026-05-15T13:35:01.811+0000] {taskinstance.py:2076} INFO - Dependencies all met for dep_context=requeueable deps ti=<TaskInstance: medallion_gold_layer.gold_processing scheduled__2026-05-15T13:30:00+00:00 [queued]>
[2026-05-15T13:35:01.813+0000] {taskinstance.py:2306} INFO - Starting attempt 1 of 2
[2026-05-15T13:35:01.855+0000] {taskinstance.py:2330} INFO - Executing <Task(BashOperator): gold_processing> on 2026-05-15 13:30:00+00:00
[2026-05-15T13:35:01.870+0000] {standard_task_runner.py:63} INFO - Started process 12644 to run task
[2026-05-15T13:35:01.879+0000] {standard_task_runner.py:90} INFO - Running: ['airflow', 'tasks', 'run', 'medallion_gold_layer', 'gold_processing', 'scheduled__2026-05-15T13:30:00+00:00', '--job-id', '36', '--raw', '--subdir', 'DAGS_FOLDER/gold_layer_dag.py', '--cfg-path', '/tmp/tmpbfxxw0nt']
[2026-05-15T13:35:01.887+0000] {standard_task_runner.py:91} INFO - Job 36: Subtask gold_processing
[2026-05-15T13:35:02.360+0000] {task_command.py:426} INFO - Running <TaskInstance: medallion_gold_layer.gold_processing scheduled__2026-05-15T13:30:00+00:00 [running]> on host e8a9653e4a1b
[2026-05-15T13:35:02.922+0000] {taskinstance.py:2648} INFO - Exporting env vars: AIRFLOW_CTX_DAG_OWNER='anass' AIRFLOW_CTX_DAG_ID='medallion_gold_layer' AIRFLOW_CTX_TASK_ID='gold_processing' AIRFLOW_CTX_EXECUTION_DATE='2026-05-15T13:30:00+00:00' AIRFLOW_CTX_TRY_NUMBER='1' AIRFLOW_CTX_DAG_RUN_ID='scheduled__2026-05-15T13:30:00+00:00'
[2026-05-15T13:35:02.924+0000] {taskinstance.py:430} INFO - ::endgroup::
[2026-05-15T13:35:02.960+0000] {subprocess.py:63} INFO - Tmp dir root location: /tmp
[2026-05-15T13:35:02.962+0000] {subprocess.py:75} INFO - Running command: ['/usr/bin/bash', '-c', '\n    spark-submit     --master spark://spark-master:7077     --executor-memory 512M     --executor-cores 1     --total-executor-cores 1     --jars /opt/airflow/jars/aws-java-sdk-bundle-1.12.262.jar,/opt/airflow/jars/hadoop-aws-3.3.4.jar,/opt/airflow/jars/postgresql-42.7.3.jar     /opt/spark_jobs/gold_processor.py\n    ']
[2026-05-15T13:35:02.980+0000] {subprocess.py:86} INFO - Output:
[2026-05-15T13:35:05.884+0000] {subprocess.py:93} INFO - 26/05/15 13:35:05 WARN NativeCodeLoader: Unable to load native-hadoop library for your platform... using builtin-java classes where applicable
[2026-05-15T13:35:07.389+0000] {subprocess.py:93} INFO - 26/05/15 13:35:07 INFO SparkContext: Running Spark version 3.5.1
[2026-05-15T13:35:07.390+0000] {subprocess.py:93} INFO - 26/05/15 13:35:07 INFO SparkContext: OS info Linux, 6.6.87.2-microsoft-standard-WSL2, amd64
[2026-05-15T13:35:07.391+0000] {subprocess.py:93} INFO - 26/05/15 13:35:07 INFO SparkContext: Java version 17.0.19
[2026-05-15T13:35:07.429+0000] {subprocess.py:93} INFO - 26/05/15 13:35:07 INFO ResourceUtils: ==============================================================
[2026-05-15T13:35:07.430+0000] {subprocess.py:93} INFO - 26/05/15 13:35:07 INFO ResourceUtils: No custom resources configured for spark.driver.
[2026-05-15T13:35:07.431+0000] {subprocess.py:93} INFO - 26/05/15 13:35:07 INFO ResourceUtils: ==============================================================
[2026-05-15T13:35:07.432+0000] {subprocess.py:93} INFO - 26/05/15 13:35:07 INFO SparkContext: Submitted application: GoldLayerProcessor
[2026-05-15T13:35:07.463+0000] {subprocess.py:93} INFO - 26/05/15 13:35:07 INFO ResourceProfile: Default ResourceProfile created, executor resources: Map(cores -> name: cores, amount: 1, script: , vendor: , memory -> name: memory, amount: 512, script: , vendor: , offHeap -> name: offHeap, amount: 0, script: , vendor: ), task resources: Map(cpus -> name: cpus, amount: 1.0)
[2026-05-15T13:35:07.472+0000] {subprocess.py:93} INFO - 26/05/15 13:35:07 INFO ResourceProfile: Limiting resource is cpus at 1 tasks per executor
[2026-05-15T13:35:07.475+0000] {subprocess.py:93} INFO - 26/05/15 13:35:07 INFO ResourceProfileManager: Added ResourceProfile id: 0
[2026-05-15T13:35:07.534+0000] {subprocess.py:93} INFO - 26/05/15 13:35:07 INFO SecurityManager: Changing view acls to: airflow
[2026-05-15T13:35:07.535+0000] {subprocess.py:93} INFO - 26/05/15 13:35:07 INFO SecurityManager: Changing modify acls to: airflow
[2026-05-15T13:35:07.536+0000] {subprocess.py:93} INFO - 26/05/15 13:35:07 INFO SecurityManager: Changing view acls groups to:
[2026-05-15T13:35:07.537+0000] {subprocess.py:93} INFO - 26/05/15 13:35:07 INFO SecurityManager: Changing modify acls groups to:
[2026-05-15T13:35:07.538+0000] {subprocess.py:93} INFO - 26/05/15 13:35:07 INFO SecurityManager: SecurityManager: authentication disabled; ui acls disabled; users with view permissions: airflow; groups with view permissions: EMPTY; users with modify permissions: airflow; groups with modify permissions: EMPTY
[2026-05-15T13:35:07.762+0000] {subprocess.py:93} INFO - 26/05/15 13:35:07 INFO Utils: Successfully started service 'sparkDriver' on port 41607.
[2026-05-15T13:35:07.796+0000] {subprocess.py:93} INFO - 26/05/15 13:35:07 INFO SparkEnv: Registering MapOutputTracker
[2026-05-15T13:35:07.837+0000] {subprocess.py:93} INFO - 26/05/15 13:35:07 INFO SparkEnv: Registering BlockManagerMaster
[2026-05-15T13:35:07.862+0000] {subprocess.py:93} INFO - 26/05/15 13:35:07 INFO BlockManagerMasterEndpoint: Using org.apache.spark.storage.DefaultTopologyMapper for getting topology information
[2026-05-15T13:35:07.863+0000] {subprocess.py:93} INFO - 26/05/15 13:35:07 INFO BlockManagerMasterEndpoint: BlockManagerMasterEndpoint up
[2026-05-15T13:35:07.869+0000] {subprocess.py:93} INFO - 26/05/15 13:35:07 INFO SparkEnv: Registering BlockManagerMasterHeartbeat
[2026-05-15T13:35:07.889+0000] {subprocess.py:93} INFO - 26/05/15 13:35:07 INFO DiskBlockManager: Created local directory at /tmp/blockmgr-66be8bfb-08df-4ded-b39e-283b2ec19802
[2026-05-15T13:35:07.905+0000] {subprocess.py:93} INFO - 26/05/15 13:35:07 INFO MemoryStore: MemoryStore started with capacity 434.4 MiB
[2026-05-15T13:35:07.927+0000] {subprocess.py:93} INFO - 26/05/15 13:35:07 INFO SparkEnv: Registering OutputCommitCoordinator
[2026-05-15T13:35:08.078+0000] {subprocess.py:93} INFO - 26/05/15 13:35:08 INFO JettyUtils: Start Jetty 0.0.0.0:4040 for SparkUI
[2026-05-15T13:35:08.159+0000] {subprocess.py:93} INFO - 26/05/15 13:35:08 INFO Utils: Successfully started service 'SparkUI' on port 4040.
[2026-05-15T13:35:08.202+0000] {subprocess.py:93} INFO - 26/05/15 13:35:08 INFO SparkContext: Added JAR file:///opt/airflow/jars/aws-java-sdk-bundle-1.12.262.jar at spark://e8a9653e4a1b:41607/jars/aws-java-sdk-bundle-1.12.262.jar with timestamp 1778852107377
[2026-05-15T13:35:08.203+0000] {subprocess.py:93} INFO - 26/05/15 13:35:08 INFO SparkContext: Added JAR file:///opt/airflow/jars/hadoop-aws-3.3.4.jar at spark://e8a9653e4a1b:41607/jars/hadoop-aws-3.3.4.jar with timestamp 1778852107377
[2026-05-15T13:35:08.204+0000] {subprocess.py:93} INFO - 26/05/15 13:35:08 INFO SparkContext: Added JAR file:///opt/airflow/jars/postgresql-42.7.3.jar at spark://e8a9653e4a1b:41607/jars/postgresql-42.7.3.jar with timestamp 1778852107377
[2026-05-15T13:35:08.293+0000] {subprocess.py:93} INFO - 26/05/15 13:35:08 INFO StandaloneAppClient$ClientEndpoint: Connecting to master spark://spark-master:7077...
[2026-05-15T13:35:08.340+0000] {subprocess.py:93} INFO - 26/05/15 13:35:08 INFO TransportClientFactory: Successfully created connection to spark-master/172.18.0.6:7077 after 26 ms (0 ms spent in bootstraps)
[2026-05-15T13:35:08.429+0000] {subprocess.py:93} INFO - 26/05/15 13:35:08 INFO StandaloneSchedulerBackend: Connected to Spark cluster with app ID app-20260515133508-0035
[2026-05-15T13:35:08.431+0000] {subprocess.py:93} INFO - 26/05/15 13:35:08 INFO StandaloneAppClient$ClientEndpoint: Executor added: app-20260515133508-0035/0 on worker-20260514105200-172.18.0.13-40347 (172.18.0.13:40347) with 1 core(s)
[2026-05-15T13:35:08.433+0000] {subprocess.py:93} INFO - 26/05/15 13:35:08 INFO StandaloneSchedulerBackend: Granted executor ID app-20260515133508-0035/0 on hostPort 172.18.0.13:40347 with 1 core(s), 512.0 MiB RAM
[2026-05-15T13:35:08.441+0000] {subprocess.py:93} INFO - 26/05/15 13:35:08 INFO Utils: Successfully started service 'org.apache.spark.network.netty.NettyBlockTransferService' on port 43081.
[2026-05-15T13:35:08.442+0000] {subprocess.py:93} INFO - 26/05/15 13:35:08 INFO NettyBlockTransferService: Server created on e8a9653e4a1b:43081
[2026-05-15T13:35:08.443+0000] {subprocess.py:93} INFO - 26/05/15 13:35:08 INFO BlockManager: Using org.apache.spark.storage.RandomBlockReplicationPolicy for block replication policy
[2026-05-15T13:35:08.453+0000] {subprocess.py:93} INFO - 26/05/15 13:35:08 INFO BlockManagerMaster: Registering BlockManager BlockManagerId(driver, e8a9653e4a1b, 43081, None)
[2026-05-15T13:35:08.457+0000] {subprocess.py:93} INFO - 26/05/15 13:35:08 INFO BlockManagerMasterEndpoint: Registering block manager e8a9653e4a1b:43081 with 434.4 MiB RAM, BlockManagerId(driver, e8a9653e4a1b, 43081, None)
[2026-05-15T13:35:08.460+0000] {subprocess.py:93} INFO - 26/05/15 13:35:08 INFO BlockManagerMaster: Registered BlockManager BlockManagerId(driver, e8a9653e4a1b, 43081, None)
[2026-05-15T13:35:08.462+0000] {subprocess.py:93} INFO - 26/05/15 13:35:08 INFO BlockManager: Initialized BlockManager: BlockManagerId(driver, e8a9653e4a1b, 43081, None)
[2026-05-15T13:35:08.468+0000] {subprocess.py:93} INFO - 26/05/15 13:35:08 INFO StandaloneAppClient$ClientEndpoint: Executor updated: app-20260515133508-0035/0 is now RUNNING
[2026-05-15T13:35:08.734+0000] {subprocess.py:93} INFO - 26/05/15 13:35:08 INFO StandaloneSchedulerBackend: SchedulerBackend is ready for scheduling beginning after reached minRegisteredResourcesRatio: 0.0
[2026-05-15T13:35:10.240+0000] {subprocess.py:93} INFO - 26/05/15 13:35:10 WARN MetricsConfig: Cannot locate configuration: tried hadoop-metrics2-s3a-file-system.properties,hadoop-metrics2.properties
[2026-05-15T13:35:15.196+0000] {subprocess.py:93} INFO - Lecture SILVER terminée
[2026-05-15T14:02:45.513+0000] {subprocess.py:93} INFO - 26/05/15 14:02:45 ERROR TaskSchedulerImpl: Lost executor 0 on 172.18.0.13: worker lost: Not receiving heartbeat for 60 seconds
[2026-05-15T14:03:24.669+0000] {subprocess.py:93} INFO - Table articles_par_jour créée
[2026-05-15T14:03:34.126+0000] {subprocess.py:93} INFO - Table articles_par_source créée
[2026-05-15T14:03:41.208+0000] {subprocess.py:93} INFO - Table top_categories créée
[2026-05-15T14:03:47.698+0000] {subprocess.py:93} INFO - Table articles_par_source_jour créée
[2026-05-15T14:03:47.702+0000] {subprocess.py:93} INFO - 
[2026-05-15T14:03:47.707+0000] {subprocess.py:93} INFO - ==============================
[2026-05-15T14:03:47.710+0000] {subprocess.py:93} INFO - GOLD LAYER TERMINÉ
[2026-05-15T14:03:47.712+0000] {subprocess.py:93} INFO - ==============================
[2026-05-15T14:03:48.961+0000] {subprocess.py:97} INFO - Command exited with return code 0
[2026-05-15T14:03:48.964+0000] {taskinstance.py:441} INFO - ::group::Post task execution logs
[2026-05-15T14:03:49.229+0000] {taskinstance.py:1206} INFO - Marking task as SUCCESS. dag_id=medallion_gold_layer, task_id=gold_processing, run_id=scheduled__2026-05-15T13:30:00+00:00, execution_date=20260515T133000, start_date=20260515T133501, end_date=20260515T140349
[2026-05-15T14:03:50.188+0000] {local_task_job_runner.py:240} INFO - Task exited with return code 0
[2026-05-15T14:03:50.282+0000] {taskinstance.py:3498} INFO - 0 downstream tasks scheduled from follow-on schedule check
[2026-05-15T14:03:50.287+0000] {local_task_job_runner.py:222} INFO - ::endgroup::
