[2026-05-15T23:05:01.575+0000] {local_task_job_runner.py:120} INFO - ::group::Pre task execution logs
[2026-05-15T23:05:01.783+0000] {taskinstance.py:2076} INFO - Dependencies all met for dep_context=non-requeueable deps ti=<TaskInstance: medallion_gold_layer.gold_processing scheduled__2026-05-15T23:00:00+00:00 [queued]>
[2026-05-15T23:05:01.813+0000] {taskinstance.py:2076} INFO - Dependencies all met for dep_context=requeueable deps ti=<TaskInstance: medallion_gold_layer.gold_processing scheduled__2026-05-15T23:00:00+00:00 [queued]>
[2026-05-15T23:05:01.816+0000] {taskinstance.py:2306} INFO - Starting attempt 1 of 2
[2026-05-15T23:05:01.874+0000] {taskinstance.py:2330} INFO - Executing <Task(BashOperator): gold_processing> on 2026-05-15 23:00:00+00:00
[2026-05-15T23:05:01.893+0000] {standard_task_runner.py:63} INFO - Started process 30314 to run task
[2026-05-15T23:05:01.905+0000] {standard_task_runner.py:90} INFO - Running: ['airflow', 'tasks', 'run', 'medallion_gold_layer', 'gold_processing', 'scheduled__2026-05-15T23:00:00+00:00', '--job-id', '82', '--raw', '--subdir', 'DAGS_FOLDER/gold_layer_dag.py', '--cfg-path', '/tmp/tmptvpt9tlt']
[2026-05-15T23:05:01.914+0000] {standard_task_runner.py:91} INFO - Job 82: Subtask gold_processing
[2026-05-15T23:05:02.381+0000] {task_command.py:426} INFO - Running <TaskInstance: medallion_gold_layer.gold_processing scheduled__2026-05-15T23:00:00+00:00 [running]> on host e8a9653e4a1b
[2026-05-15T23:05:03.345+0000] {taskinstance.py:2648} INFO - Exporting env vars: AIRFLOW_CTX_DAG_OWNER='anass' AIRFLOW_CTX_DAG_ID='medallion_gold_layer' AIRFLOW_CTX_TASK_ID='gold_processing' AIRFLOW_CTX_EXECUTION_DATE='2026-05-15T23:00:00+00:00' AIRFLOW_CTX_TRY_NUMBER='1' AIRFLOW_CTX_DAG_RUN_ID='scheduled__2026-05-15T23:00:00+00:00'
[2026-05-15T23:05:03.348+0000] {taskinstance.py:430} INFO - ::endgroup::
[2026-05-15T23:05:03.381+0000] {subprocess.py:63} INFO - Tmp dir root location: /tmp
[2026-05-15T23:05:03.383+0000] {subprocess.py:75} INFO - Running command: ['/usr/bin/bash', '-c', '\n    spark-submit     --master spark://spark-master:7077     --executor-memory 512M     --executor-cores 1     --total-executor-cores 1     --jars /opt/airflow/jars/aws-java-sdk-bundle-1.12.262.jar,/opt/airflow/jars/hadoop-aws-3.3.4.jar,/opt/airflow/jars/postgresql-42.7.3.jar     /opt/spark_jobs/gold_processor.py\n    ']
[2026-05-15T23:05:03.403+0000] {subprocess.py:86} INFO - Output:
[2026-05-15T23:05:07.797+0000] {subprocess.py:93} INFO - 26/05/15 23:05:07 WARN NativeCodeLoader: Unable to load native-hadoop library for your platform... using builtin-java classes where applicable
[2026-05-15T23:05:10.728+0000] {subprocess.py:93} INFO - 26/05/15 23:05:10 INFO SparkContext: Running Spark version 3.5.1
[2026-05-15T23:05:10.729+0000] {subprocess.py:93} INFO - 26/05/15 23:05:10 INFO SparkContext: OS info Linux, 6.6.87.2-microsoft-standard-WSL2, amd64
[2026-05-15T23:05:10.730+0000] {subprocess.py:93} INFO - 26/05/15 23:05:10 INFO SparkContext: Java version 17.0.19
[2026-05-15T23:05:10.798+0000] {subprocess.py:93} INFO - 26/05/15 23:05:10 INFO ResourceUtils: ==============================================================
[2026-05-15T23:05:10.800+0000] {subprocess.py:93} INFO - 26/05/15 23:05:10 INFO ResourceUtils: No custom resources configured for spark.driver.
[2026-05-15T23:05:10.801+0000] {subprocess.py:93} INFO - 26/05/15 23:05:10 INFO ResourceUtils: ==============================================================
[2026-05-15T23:05:10.803+0000] {subprocess.py:93} INFO - 26/05/15 23:05:10 INFO SparkContext: Submitted application: GoldLayerProcessor
[2026-05-15T23:05:10.859+0000] {subprocess.py:93} INFO - 26/05/15 23:05:10 INFO ResourceProfile: Default ResourceProfile created, executor resources: Map(cores -> name: cores, amount: 1, script: , vendor: , memory -> name: memory, amount: 512, script: , vendor: , offHeap -> name: offHeap, amount: 0, script: , vendor: ), task resources: Map(cpus -> name: cpus, amount: 1.0)
[2026-05-15T23:05:10.887+0000] {subprocess.py:93} INFO - 26/05/15 23:05:10 INFO ResourceProfile: Limiting resource is cpus at 1 tasks per executor
[2026-05-15T23:05:10.896+0000] {subprocess.py:93} INFO - 26/05/15 23:05:10 INFO ResourceProfileManager: Added ResourceProfile id: 0
[2026-05-15T23:05:10.995+0000] {subprocess.py:93} INFO - 26/05/15 23:05:10 INFO SecurityManager: Changing view acls to: airflow
[2026-05-15T23:05:10.997+0000] {subprocess.py:93} INFO - 26/05/15 23:05:10 INFO SecurityManager: Changing modify acls to: airflow
[2026-05-15T23:05:10.998+0000] {subprocess.py:93} INFO - 26/05/15 23:05:10 INFO SecurityManager: Changing view acls groups to:
[2026-05-15T23:05:11.000+0000] {subprocess.py:93} INFO - 26/05/15 23:05:10 INFO SecurityManager: Changing modify acls groups to:
[2026-05-15T23:05:11.001+0000] {subprocess.py:93} INFO - 26/05/15 23:05:11 INFO SecurityManager: SecurityManager: authentication disabled; ui acls disabled; users with view permissions: airflow; groups with view permissions: EMPTY; users with modify permissions: airflow; groups with modify permissions: EMPTY
[2026-05-15T23:05:11.372+0000] {subprocess.py:93} INFO - 26/05/15 23:05:11 INFO Utils: Successfully started service 'sparkDriver' on port 39729.
[2026-05-15T23:05:11.412+0000] {subprocess.py:93} INFO - 26/05/15 23:05:11 INFO SparkEnv: Registering MapOutputTracker
[2026-05-15T23:05:11.476+0000] {subprocess.py:93} INFO - 26/05/15 23:05:11 INFO SparkEnv: Registering BlockManagerMaster
[2026-05-15T23:05:11.507+0000] {subprocess.py:93} INFO - 26/05/15 23:05:11 INFO BlockManagerMasterEndpoint: Using org.apache.spark.storage.DefaultTopologyMapper for getting topology information
[2026-05-15T23:05:11.508+0000] {subprocess.py:93} INFO - 26/05/15 23:05:11 INFO BlockManagerMasterEndpoint: BlockManagerMasterEndpoint up
[2026-05-15T23:05:11.516+0000] {subprocess.py:93} INFO - 26/05/15 23:05:11 INFO SparkEnv: Registering BlockManagerMasterHeartbeat
[2026-05-15T23:05:11.544+0000] {subprocess.py:93} INFO - 26/05/15 23:05:11 INFO DiskBlockManager: Created local directory at /tmp/blockmgr-9512ad92-3f31-4e5a-a760-a885089e4973
[2026-05-15T23:05:11.564+0000] {subprocess.py:93} INFO - 26/05/15 23:05:11 INFO MemoryStore: MemoryStore started with capacity 434.4 MiB
[2026-05-15T23:05:11.584+0000] {subprocess.py:93} INFO - 26/05/15 23:05:11 INFO SparkEnv: Registering OutputCommitCoordinator
[2026-05-15T23:05:11.765+0000] {subprocess.py:93} INFO - 26/05/15 23:05:11 INFO JettyUtils: Start Jetty 0.0.0.0:4040 for SparkUI
[2026-05-15T23:05:11.979+0000] {subprocess.py:93} INFO - 26/05/15 23:05:11 INFO Utils: Successfully started service 'SparkUI' on port 4040.
[2026-05-15T23:05:12.078+0000] {subprocess.py:93} INFO - 26/05/15 23:05:12 INFO SparkContext: Added JAR file:///opt/airflow/jars/aws-java-sdk-bundle-1.12.262.jar at spark://e8a9653e4a1b:39729/jars/aws-java-sdk-bundle-1.12.262.jar with timestamp 1778886310709
[2026-05-15T23:05:12.085+0000] {subprocess.py:93} INFO - 26/05/15 23:05:12 INFO SparkContext: Added JAR file:///opt/airflow/jars/hadoop-aws-3.3.4.jar at spark://e8a9653e4a1b:39729/jars/hadoop-aws-3.3.4.jar with timestamp 1778886310709
[2026-05-15T23:05:12.087+0000] {subprocess.py:93} INFO - 26/05/15 23:05:12 INFO SparkContext: Added JAR file:///opt/airflow/jars/postgresql-42.7.3.jar at spark://e8a9653e4a1b:39729/jars/postgresql-42.7.3.jar with timestamp 1778886310709
[2026-05-15T23:05:12.301+0000] {subprocess.py:93} INFO - 26/05/15 23:05:12 INFO StandaloneAppClient$ClientEndpoint: Connecting to master spark://spark-master:7077...
[2026-05-15T23:05:12.378+0000] {subprocess.py:93} INFO - 26/05/15 23:05:12 INFO TransportClientFactory: Successfully created connection to spark-master/172.18.0.6:7077 after 48 ms (0 ms spent in bootstraps)
[2026-05-15T23:05:12.570+0000] {subprocess.py:93} INFO - 26/05/15 23:05:12 INFO StandaloneSchedulerBackend: Connected to Spark cluster with app ID app-20260515230512-0081
[2026-05-15T23:05:12.577+0000] {subprocess.py:93} INFO - 26/05/15 23:05:12 INFO StandaloneAppClient$ClientEndpoint: Executor added: app-20260515230512-0081/0 on worker-20260514105200-172.18.0.13-40347 (172.18.0.13:40347) with 1 core(s)
[2026-05-15T23:05:12.584+0000] {subprocess.py:93} INFO - 26/05/15 23:05:12 INFO StandaloneSchedulerBackend: Granted executor ID app-20260515230512-0081/0 on hostPort 172.18.0.13:40347 with 1 core(s), 512.0 MiB RAM
[2026-05-15T23:05:12.594+0000] {subprocess.py:93} INFO - 26/05/15 23:05:12 INFO Utils: Successfully started service 'org.apache.spark.network.netty.NettyBlockTransferService' on port 43769.
[2026-05-15T23:05:12.595+0000] {subprocess.py:93} INFO - 26/05/15 23:05:12 INFO NettyBlockTransferService: Server created on e8a9653e4a1b:43769
[2026-05-15T23:05:12.597+0000] {subprocess.py:93} INFO - 26/05/15 23:05:12 INFO BlockManager: Using org.apache.spark.storage.RandomBlockReplicationPolicy for block replication policy
[2026-05-15T23:05:12.607+0000] {subprocess.py:93} INFO - 26/05/15 23:05:12 INFO BlockManagerMaster: Registering BlockManager BlockManagerId(driver, e8a9653e4a1b, 43769, None)
[2026-05-15T23:05:12.614+0000] {subprocess.py:93} INFO - 26/05/15 23:05:12 INFO BlockManagerMasterEndpoint: Registering block manager e8a9653e4a1b:43769 with 434.4 MiB RAM, BlockManagerId(driver, e8a9653e4a1b, 43769, None)
[2026-05-15T23:05:12.617+0000] {subprocess.py:93} INFO - 26/05/15 23:05:12 INFO BlockManagerMaster: Registered BlockManager BlockManagerId(driver, e8a9653e4a1b, 43769, None)
[2026-05-15T23:05:12.621+0000] {subprocess.py:93} INFO - 26/05/15 23:05:12 INFO BlockManager: Initialized BlockManager: BlockManagerId(driver, e8a9653e4a1b, 43769, None)
[2026-05-15T23:05:12.632+0000] {subprocess.py:93} INFO - 26/05/15 23:05:12 INFO StandaloneAppClient$ClientEndpoint: Executor updated: app-20260515230512-0081/0 is now RUNNING
[2026-05-15T23:05:12.918+0000] {subprocess.py:93} INFO - 26/05/15 23:05:12 INFO StandaloneSchedulerBackend: SchedulerBackend is ready for scheduling beginning after reached minRegisteredResourcesRatio: 0.0
[2026-05-15T23:05:15.263+0000] {subprocess.py:93} INFO - 26/05/15 23:05:15 WARN MetricsConfig: Cannot locate configuration: tried hadoop-metrics2-s3a-file-system.properties,hadoop-metrics2.properties
[2026-05-15T23:05:30.312+0000] {subprocess.py:93} INFO - Lecture SILVER terminée
[2026-05-15T23:05:53.143+0000] {subprocess.py:93} INFO - Table articles_par_jour créée
[2026-05-15T23:06:09.358+0000] {subprocess.py:93} INFO - Table articles_par_source créée
[2026-05-15T23:06:26.935+0000] {subprocess.py:93} INFO - Table top_categories créée
[2026-05-15T23:06:40.567+0000] {subprocess.py:93} INFO - Table articles_par_source_jour créée
[2026-05-15T23:06:40.569+0000] {subprocess.py:93} INFO - 
[2026-05-15T23:06:40.570+0000] {subprocess.py:93} INFO - ==============================
[2026-05-15T23:06:40.571+0000] {subprocess.py:93} INFO - GOLD LAYER TERMINÉ
[2026-05-15T23:06:40.572+0000] {subprocess.py:93} INFO - ==============================
[2026-05-15T23:06:41.455+0000] {subprocess.py:97} INFO - Command exited with return code 0
[2026-05-15T23:06:41.458+0000] {taskinstance.py:441} INFO - ::group::Post task execution logs
[2026-05-15T23:06:42.262+0000] {taskinstance.py:1206} INFO - Marking task as SUCCESS. dag_id=medallion_gold_layer, task_id=gold_processing, run_id=scheduled__2026-05-15T23:00:00+00:00, execution_date=20260515T230000, start_date=20260515T230501, end_date=20260515T230642
[2026-05-15T23:06:42.478+0000] {local_task_job_runner.py:240} INFO - Task exited with return code 0
[2026-05-15T23:06:42.592+0000] {taskinstance.py:3498} INFO - 0 downstream tasks scheduled from follow-on schedule check
[2026-05-15T23:06:42.631+0000] {local_task_job_runner.py:222} INFO - ::endgroup::
