[2026-05-16T02:45:01.243+0000] {local_task_job_runner.py:120} INFO - ::group::Pre task execution logs
[2026-05-16T02:45:01.295+0000] {taskinstance.py:2076} INFO - Dependencies all met for dep_context=non-requeueable deps ti=<TaskInstance: medallion_gold_layer.gold_processing scheduled__2026-05-16T02:40:00+00:00 [queued]>
[2026-05-16T02:45:01.303+0000] {taskinstance.py:2076} INFO - Dependencies all met for dep_context=requeueable deps ti=<TaskInstance: medallion_gold_layer.gold_processing scheduled__2026-05-16T02:40:00+00:00 [queued]>
[2026-05-16T02:45:01.304+0000] {taskinstance.py:2306} INFO - Starting attempt 1 of 2
[2026-05-16T02:45:01.318+0000] {taskinstance.py:2330} INFO - Executing <Task(BashOperator): gold_processing> on 2026-05-16 02:40:00+00:00
[2026-05-16T02:45:01.322+0000] {standard_task_runner.py:63} INFO - Started process 46392 to run task
[2026-05-16T02:45:01.324+0000] {standard_task_runner.py:90} INFO - Running: ['airflow', 'tasks', 'run', 'medallion_gold_layer', 'gold_processing', 'scheduled__2026-05-16T02:40:00+00:00', '--job-id', '123', '--raw', '--subdir', 'DAGS_FOLDER/gold_layer_dag.py', '--cfg-path', '/tmp/tmp9o2fnys6']
[2026-05-16T02:45:01.326+0000] {standard_task_runner.py:91} INFO - Job 123: Subtask gold_processing
[2026-05-16T02:45:01.475+0000] {task_command.py:426} INFO - Running <TaskInstance: medallion_gold_layer.gold_processing scheduled__2026-05-16T02:40:00+00:00 [running]> on host e8a9653e4a1b
[2026-05-16T02:45:01.707+0000] {taskinstance.py:2648} INFO - Exporting env vars: AIRFLOW_CTX_DAG_OWNER='anass' AIRFLOW_CTX_DAG_ID='medallion_gold_layer' AIRFLOW_CTX_TASK_ID='gold_processing' AIRFLOW_CTX_EXECUTION_DATE='2026-05-16T02:40:00+00:00' AIRFLOW_CTX_TRY_NUMBER='1' AIRFLOW_CTX_DAG_RUN_ID='scheduled__2026-05-16T02:40:00+00:00'
[2026-05-16T02:45:01.708+0000] {taskinstance.py:430} INFO - ::endgroup::
[2026-05-16T02:45:01.720+0000] {subprocess.py:63} INFO - Tmp dir root location: /tmp
[2026-05-16T02:45:01.721+0000] {subprocess.py:75} INFO - Running command: ['/usr/bin/bash', '-c', '\n    spark-submit     --master spark://spark-master:7077     --executor-memory 512M     --executor-cores 1     --total-executor-cores 1     --jars /opt/airflow/jars/aws-java-sdk-bundle-1.12.262.jar,/opt/airflow/jars/hadoop-aws-3.3.4.jar,/opt/airflow/jars/postgresql-42.7.3.jar     /opt/spark_jobs/gold_processor.py\n    ']
[2026-05-16T02:45:01.730+0000] {subprocess.py:86} INFO - Output:
[2026-05-16T02:45:04.910+0000] {subprocess.py:93} INFO - 26/05/16 02:45:04 WARN NativeCodeLoader: Unable to load native-hadoop library for your platform... using builtin-java classes where applicable
[2026-05-16T02:45:06.530+0000] {subprocess.py:93} INFO - 26/05/16 02:45:06 INFO SparkContext: Running Spark version 3.5.1
[2026-05-16T02:45:06.532+0000] {subprocess.py:93} INFO - 26/05/16 02:45:06 INFO SparkContext: OS info Linux, 6.6.87.2-microsoft-standard-WSL2, amd64
[2026-05-16T02:45:06.533+0000] {subprocess.py:93} INFO - 26/05/16 02:45:06 INFO SparkContext: Java version 17.0.19
[2026-05-16T02:45:06.571+0000] {subprocess.py:93} INFO - 26/05/16 02:45:06 INFO ResourceUtils: ==============================================================
[2026-05-16T02:45:06.572+0000] {subprocess.py:93} INFO - 26/05/16 02:45:06 INFO ResourceUtils: No custom resources configured for spark.driver.
[2026-05-16T02:45:06.573+0000] {subprocess.py:93} INFO - 26/05/16 02:45:06 INFO ResourceUtils: ==============================================================
[2026-05-16T02:45:06.574+0000] {subprocess.py:93} INFO - 26/05/16 02:45:06 INFO SparkContext: Submitted application: GoldLayerProcessor
[2026-05-16T02:45:06.603+0000] {subprocess.py:93} INFO - 26/05/16 02:45:06 INFO ResourceProfile: Default ResourceProfile created, executor resources: Map(cores -> name: cores, amount: 1, script: , vendor: , memory -> name: memory, amount: 512, script: , vendor: , offHeap -> name: offHeap, amount: 0, script: , vendor: ), task resources: Map(cpus -> name: cpus, amount: 1.0)
[2026-05-16T02:45:06.616+0000] {subprocess.py:93} INFO - 26/05/16 02:45:06 INFO ResourceProfile: Limiting resource is cpus at 1 tasks per executor
[2026-05-16T02:45:06.621+0000] {subprocess.py:93} INFO - 26/05/16 02:45:06 INFO ResourceProfileManager: Added ResourceProfile id: 0
[2026-05-16T02:45:06.691+0000] {subprocess.py:93} INFO - 26/05/16 02:45:06 INFO SecurityManager: Changing view acls to: airflow
[2026-05-16T02:45:06.692+0000] {subprocess.py:93} INFO - 26/05/16 02:45:06 INFO SecurityManager: Changing modify acls to: airflow
[2026-05-16T02:45:06.693+0000] {subprocess.py:93} INFO - 26/05/16 02:45:06 INFO SecurityManager: Changing view acls groups to:
[2026-05-16T02:45:06.695+0000] {subprocess.py:93} INFO - 26/05/16 02:45:06 INFO SecurityManager: Changing modify acls groups to:
[2026-05-16T02:45:06.696+0000] {subprocess.py:93} INFO - 26/05/16 02:45:06 INFO SecurityManager: SecurityManager: authentication disabled; ui acls disabled; users with view permissions: airflow; groups with view permissions: EMPTY; users with modify permissions: airflow; groups with modify permissions: EMPTY
[2026-05-16T02:45:07.034+0000] {subprocess.py:93} INFO - 26/05/16 02:45:07 INFO Utils: Successfully started service 'sparkDriver' on port 36851.
[2026-05-16T02:45:07.066+0000] {subprocess.py:93} INFO - 26/05/16 02:45:07 INFO SparkEnv: Registering MapOutputTracker
[2026-05-16T02:45:07.110+0000] {subprocess.py:93} INFO - 26/05/16 02:45:07 INFO SparkEnv: Registering BlockManagerMaster
[2026-05-16T02:45:07.150+0000] {subprocess.py:93} INFO - 26/05/16 02:45:07 INFO BlockManagerMasterEndpoint: Using org.apache.spark.storage.DefaultTopologyMapper for getting topology information
[2026-05-16T02:45:07.151+0000] {subprocess.py:93} INFO - 26/05/16 02:45:07 INFO BlockManagerMasterEndpoint: BlockManagerMasterEndpoint up
[2026-05-16T02:45:07.157+0000] {subprocess.py:93} INFO - 26/05/16 02:45:07 INFO SparkEnv: Registering BlockManagerMasterHeartbeat
[2026-05-16T02:45:07.192+0000] {subprocess.py:93} INFO - 26/05/16 02:45:07 INFO DiskBlockManager: Created local directory at /tmp/blockmgr-be669ec2-0458-40eb-9ab2-6ed7dc45e142
[2026-05-16T02:45:07.213+0000] {subprocess.py:93} INFO - 26/05/16 02:45:07 INFO MemoryStore: MemoryStore started with capacity 434.4 MiB
[2026-05-16T02:45:07.249+0000] {subprocess.py:93} INFO - 26/05/16 02:45:07 INFO SparkEnv: Registering OutputCommitCoordinator
[2026-05-16T02:45:07.449+0000] {subprocess.py:93} INFO - 26/05/16 02:45:07 INFO JettyUtils: Start Jetty 0.0.0.0:4040 for SparkUI
[2026-05-16T02:45:07.582+0000] {subprocess.py:93} INFO - 26/05/16 02:45:07 INFO Utils: Successfully started service 'SparkUI' on port 4040.
[2026-05-16T02:45:07.639+0000] {subprocess.py:93} INFO - 26/05/16 02:45:07 INFO SparkContext: Added JAR file:///opt/airflow/jars/aws-java-sdk-bundle-1.12.262.jar at spark://e8a9653e4a1b:36851/jars/aws-java-sdk-bundle-1.12.262.jar with timestamp 1778899506521
[2026-05-16T02:45:07.641+0000] {subprocess.py:93} INFO - 26/05/16 02:45:07 INFO SparkContext: Added JAR file:///opt/airflow/jars/hadoop-aws-3.3.4.jar at spark://e8a9653e4a1b:36851/jars/hadoop-aws-3.3.4.jar with timestamp 1778899506521
[2026-05-16T02:45:07.642+0000] {subprocess.py:93} INFO - 26/05/16 02:45:07 INFO SparkContext: Added JAR file:///opt/airflow/jars/postgresql-42.7.3.jar at spark://e8a9653e4a1b:36851/jars/postgresql-42.7.3.jar with timestamp 1778899506521
[2026-05-16T02:45:07.809+0000] {subprocess.py:93} INFO - 26/05/16 02:45:07 INFO StandaloneAppClient$ClientEndpoint: Connecting to master spark://spark-master:7077...
[2026-05-16T02:45:07.902+0000] {subprocess.py:93} INFO - 26/05/16 02:45:07 INFO TransportClientFactory: Successfully created connection to spark-master/172.18.0.6:7077 after 49 ms (0 ms spent in bootstraps)
[2026-05-16T02:45:08.080+0000] {subprocess.py:93} INFO - 26/05/16 02:45:08 INFO StandaloneSchedulerBackend: Connected to Spark cluster with app ID app-20260516024508-0122
[2026-05-16T02:45:08.085+0000] {subprocess.py:93} INFO - 26/05/16 02:45:08 INFO StandaloneAppClient$ClientEndpoint: Executor added: app-20260516024508-0122/0 on worker-20260514105200-172.18.0.13-40347 (172.18.0.13:40347) with 1 core(s)
[2026-05-16T02:45:08.091+0000] {subprocess.py:93} INFO - 26/05/16 02:45:08 INFO StandaloneSchedulerBackend: Granted executor ID app-20260516024508-0122/0 on hostPort 172.18.0.13:40347 with 1 core(s), 512.0 MiB RAM
[2026-05-16T02:45:08.101+0000] {subprocess.py:93} INFO - 26/05/16 02:45:08 INFO Utils: Successfully started service 'org.apache.spark.network.netty.NettyBlockTransferService' on port 36937.
[2026-05-16T02:45:08.102+0000] {subprocess.py:93} INFO - 26/05/16 02:45:08 INFO NettyBlockTransferService: Server created on e8a9653e4a1b:36937
[2026-05-16T02:45:08.105+0000] {subprocess.py:93} INFO - 26/05/16 02:45:08 INFO BlockManager: Using org.apache.spark.storage.RandomBlockReplicationPolicy for block replication policy
[2026-05-16T02:45:08.122+0000] {subprocess.py:93} INFO - 26/05/16 02:45:08 INFO BlockManagerMaster: Registering BlockManager BlockManagerId(driver, e8a9653e4a1b, 36937, None)
[2026-05-16T02:45:08.128+0000] {subprocess.py:93} INFO - 26/05/16 02:45:08 INFO BlockManagerMasterEndpoint: Registering block manager e8a9653e4a1b:36937 with 434.4 MiB RAM, BlockManagerId(driver, e8a9653e4a1b, 36937, None)
[2026-05-16T02:45:08.134+0000] {subprocess.py:93} INFO - 26/05/16 02:45:08 INFO BlockManagerMaster: Registered BlockManager BlockManagerId(driver, e8a9653e4a1b, 36937, None)
[2026-05-16T02:45:08.138+0000] {subprocess.py:93} INFO - 26/05/16 02:45:08 INFO BlockManager: Initialized BlockManager: BlockManagerId(driver, e8a9653e4a1b, 36937, None)
[2026-05-16T02:45:08.156+0000] {subprocess.py:93} INFO - 26/05/16 02:45:08 INFO StandaloneAppClient$ClientEndpoint: Executor updated: app-20260516024508-0122/0 is now RUNNING
[2026-05-16T02:45:08.705+0000] {subprocess.py:93} INFO - 26/05/16 02:45:08 INFO StandaloneSchedulerBackend: SchedulerBackend is ready for scheduling beginning after reached minRegisteredResourcesRatio: 0.0
[2026-05-16T02:45:12.075+0000] {subprocess.py:93} INFO - 26/05/16 02:45:12 WARN MetricsConfig: Cannot locate configuration: tried hadoop-metrics2-s3a-file-system.properties,hadoop-metrics2.properties
[2026-05-16T02:45:20.617+0000] {subprocess.py:93} INFO - Lecture SILVER terminée
[2026-05-16T02:45:35.626+0000] {subprocess.py:93} INFO - Table articles_par_jour créée
[2026-05-16T02:45:45.934+0000] {subprocess.py:93} INFO - Table articles_par_source créée
[2026-05-16T02:45:54.401+0000] {subprocess.py:93} INFO - Table top_categories créée
[2026-05-16T02:46:03.758+0000] {subprocess.py:93} INFO - Table articles_par_source_jour créée
[2026-05-16T02:46:03.760+0000] {subprocess.py:93} INFO - 
[2026-05-16T02:46:03.761+0000] {subprocess.py:93} INFO - ==============================
[2026-05-16T02:46:03.762+0000] {subprocess.py:93} INFO - GOLD LAYER TERMINÉ
[2026-05-16T02:46:03.763+0000] {subprocess.py:93} INFO - ==============================
[2026-05-16T02:46:04.467+0000] {subprocess.py:97} INFO - Command exited with return code 0
[2026-05-16T02:46:04.468+0000] {taskinstance.py:441} INFO - ::group::Post task execution logs
[2026-05-16T02:46:04.802+0000] {taskinstance.py:1206} INFO - Marking task as SUCCESS. dag_id=medallion_gold_layer, task_id=gold_processing, run_id=scheduled__2026-05-16T02:40:00+00:00, execution_date=20260516T024000, start_date=20260516T024501, end_date=20260516T024604
[2026-05-16T02:46:05.114+0000] {local_task_job_runner.py:240} INFO - Task exited with return code 0
[2026-05-16T02:46:05.298+0000] {taskinstance.py:3498} INFO - 0 downstream tasks scheduled from follow-on schedule check
[2026-05-16T02:46:05.302+0000] {local_task_job_runner.py:222} INFO - ::endgroup::
