[2026-05-16T23:40:03.068+0000] {local_task_job_runner.py:120} INFO - ::group::Pre task execution logs
[2026-05-16T23:40:03.257+0000] {taskinstance.py:2076} INFO - Dependencies all met for dep_context=non-requeueable deps ti=<TaskInstance: medallion_gold_layer.gold_processing scheduled__2026-05-16T23:35:00+00:00 [queued]>
[2026-05-16T23:40:03.313+0000] {taskinstance.py:2076} INFO - Dependencies all met for dep_context=requeueable deps ti=<TaskInstance: medallion_gold_layer.gold_processing scheduled__2026-05-16T23:35:00+00:00 [queued]>
[2026-05-16T23:40:03.317+0000] {taskinstance.py:2306} INFO - Starting attempt 1 of 2
[2026-05-16T23:40:03.369+0000] {taskinstance.py:2330} INFO - Executing <Task(BashOperator): gold_processing> on 2026-05-16 23:35:00+00:00
[2026-05-16T23:40:03.384+0000] {standard_task_runner.py:63} INFO - Started process 53115 to run task
[2026-05-16T23:40:03.394+0000] {standard_task_runner.py:90} INFO - Running: ['airflow', 'tasks', 'run', 'medallion_gold_layer', 'gold_processing', 'scheduled__2026-05-16T23:35:00+00:00', '--job-id', '140', '--raw', '--subdir', 'DAGS_FOLDER/gold_layer_dag.py', '--cfg-path', '/tmp/tmphqtoi_9c']
[2026-05-16T23:40:03.404+0000] {standard_task_runner.py:91} INFO - Job 140: Subtask gold_processing
[2026-05-16T23:40:03.919+0000] {task_command.py:426} INFO - Running <TaskInstance: medallion_gold_layer.gold_processing scheduled__2026-05-16T23:35:00+00:00 [running]> on host e8a9653e4a1b
[2026-05-16T23:40:04.796+0000] {taskinstance.py:2648} INFO - Exporting env vars: AIRFLOW_CTX_DAG_OWNER='anass' AIRFLOW_CTX_DAG_ID='medallion_gold_layer' AIRFLOW_CTX_TASK_ID='gold_processing' AIRFLOW_CTX_EXECUTION_DATE='2026-05-16T23:35:00+00:00' AIRFLOW_CTX_TRY_NUMBER='1' AIRFLOW_CTX_DAG_RUN_ID='scheduled__2026-05-16T23:35:00+00:00'
[2026-05-16T23:40:04.798+0000] {taskinstance.py:430} INFO - ::endgroup::
[2026-05-16T23:40:04.838+0000] {subprocess.py:63} INFO - Tmp dir root location: /tmp
[2026-05-16T23:40:04.841+0000] {subprocess.py:75} INFO - Running command: ['/usr/bin/bash', '-c', '\n    spark-submit     --master spark://spark-master:7077     --executor-memory 512M     --executor-cores 1     --total-executor-cores 1     --jars /opt/airflow/jars/aws-java-sdk-bundle-1.12.262.jar,/opt/airflow/jars/hadoop-aws-3.3.4.jar,/opt/airflow/jars/postgresql-42.7.3.jar     /opt/spark_jobs/gold_processor.py\n    ']
[2026-05-16T23:40:04.861+0000] {subprocess.py:86} INFO - Output:
[2026-05-16T23:40:09.576+0000] {subprocess.py:93} INFO - 26/05/16 23:40:09 WARN NativeCodeLoader: Unable to load native-hadoop library for your platform... using builtin-java classes where applicable
[2026-05-16T23:40:12.453+0000] {subprocess.py:93} INFO - 26/05/16 23:40:12 INFO SparkContext: Running Spark version 3.5.1
[2026-05-16T23:40:12.454+0000] {subprocess.py:93} INFO - 26/05/16 23:40:12 INFO SparkContext: OS info Linux, 6.6.87.2-microsoft-standard-WSL2, amd64
[2026-05-16T23:40:12.456+0000] {subprocess.py:93} INFO - 26/05/16 23:40:12 INFO SparkContext: Java version 17.0.19
[2026-05-16T23:40:12.537+0000] {subprocess.py:93} INFO - 26/05/16 23:40:12 INFO ResourceUtils: ==============================================================
[2026-05-16T23:40:12.538+0000] {subprocess.py:93} INFO - 26/05/16 23:40:12 INFO ResourceUtils: No custom resources configured for spark.driver.
[2026-05-16T23:40:12.540+0000] {subprocess.py:93} INFO - 26/05/16 23:40:12 INFO ResourceUtils: ==============================================================
[2026-05-16T23:40:12.542+0000] {subprocess.py:93} INFO - 26/05/16 23:40:12 INFO SparkContext: Submitted application: GoldLayerProcessor
[2026-05-16T23:40:12.605+0000] {subprocess.py:93} INFO - 26/05/16 23:40:12 INFO ResourceProfile: Default ResourceProfile created, executor resources: Map(cores -> name: cores, amount: 1, script: , vendor: , memory -> name: memory, amount: 512, script: , vendor: , offHeap -> name: offHeap, amount: 0, script: , vendor: ), task resources: Map(cpus -> name: cpus, amount: 1.0)
[2026-05-16T23:40:12.642+0000] {subprocess.py:93} INFO - 26/05/16 23:40:12 INFO ResourceProfile: Limiting resource is cpus at 1 tasks per executor
[2026-05-16T23:40:12.650+0000] {subprocess.py:93} INFO - 26/05/16 23:40:12 INFO ResourceProfileManager: Added ResourceProfile id: 0
[2026-05-16T23:40:12.769+0000] {subprocess.py:93} INFO - 26/05/16 23:40:12 INFO SecurityManager: Changing view acls to: airflow
[2026-05-16T23:40:12.771+0000] {subprocess.py:93} INFO - 26/05/16 23:40:12 INFO SecurityManager: Changing modify acls to: airflow
[2026-05-16T23:40:12.772+0000] {subprocess.py:93} INFO - 26/05/16 23:40:12 INFO SecurityManager: Changing view acls groups to:
[2026-05-16T23:40:12.773+0000] {subprocess.py:93} INFO - 26/05/16 23:40:12 INFO SecurityManager: Changing modify acls groups to:
[2026-05-16T23:40:12.774+0000] {subprocess.py:93} INFO - 26/05/16 23:40:12 INFO SecurityManager: SecurityManager: authentication disabled; ui acls disabled; users with view permissions: airflow; groups with view permissions: EMPTY; users with modify permissions: airflow; groups with modify permissions: EMPTY
[2026-05-16T23:40:13.189+0000] {subprocess.py:93} INFO - 26/05/16 23:40:13 INFO Utils: Successfully started service 'sparkDriver' on port 42491.
[2026-05-16T23:40:13.245+0000] {subprocess.py:93} INFO - 26/05/16 23:40:13 INFO SparkEnv: Registering MapOutputTracker
[2026-05-16T23:40:13.305+0000] {subprocess.py:93} INFO - 26/05/16 23:40:13 INFO SparkEnv: Registering BlockManagerMaster
[2026-05-16T23:40:13.336+0000] {subprocess.py:93} INFO - 26/05/16 23:40:13 INFO BlockManagerMasterEndpoint: Using org.apache.spark.storage.DefaultTopologyMapper for getting topology information
[2026-05-16T23:40:13.338+0000] {subprocess.py:93} INFO - 26/05/16 23:40:13 INFO BlockManagerMasterEndpoint: BlockManagerMasterEndpoint up
[2026-05-16T23:40:13.344+0000] {subprocess.py:93} INFO - 26/05/16 23:40:13 INFO SparkEnv: Registering BlockManagerMasterHeartbeat
[2026-05-16T23:40:13.373+0000] {subprocess.py:93} INFO - 26/05/16 23:40:13 INFO DiskBlockManager: Created local directory at /tmp/blockmgr-6ae8fbe3-bf3d-4efd-bf86-69d99e8f8ba8
[2026-05-16T23:40:13.396+0000] {subprocess.py:93} INFO - 26/05/16 23:40:13 INFO MemoryStore: MemoryStore started with capacity 434.4 MiB
[2026-05-16T23:40:13.433+0000] {subprocess.py:93} INFO - 26/05/16 23:40:13 INFO SparkEnv: Registering OutputCommitCoordinator
[2026-05-16T23:40:13.749+0000] {subprocess.py:93} INFO - 26/05/16 23:40:13 INFO JettyUtils: Start Jetty 0.0.0.0:4040 for SparkUI
[2026-05-16T23:40:13.938+0000] {subprocess.py:93} INFO - 26/05/16 23:40:13 INFO Utils: Successfully started service 'SparkUI' on port 4040.
[2026-05-16T23:40:14.039+0000] {subprocess.py:93} INFO - 26/05/16 23:40:14 INFO SparkContext: Added JAR file:///opt/airflow/jars/aws-java-sdk-bundle-1.12.262.jar at spark://e8a9653e4a1b:42491/jars/aws-java-sdk-bundle-1.12.262.jar with timestamp 1778974812430
[2026-05-16T23:40:14.041+0000] {subprocess.py:93} INFO - 26/05/16 23:40:14 INFO SparkContext: Added JAR file:///opt/airflow/jars/hadoop-aws-3.3.4.jar at spark://e8a9653e4a1b:42491/jars/hadoop-aws-3.3.4.jar with timestamp 1778974812430
[2026-05-16T23:40:14.042+0000] {subprocess.py:93} INFO - 26/05/16 23:40:14 INFO SparkContext: Added JAR file:///opt/airflow/jars/postgresql-42.7.3.jar at spark://e8a9653e4a1b:42491/jars/postgresql-42.7.3.jar with timestamp 1778974812430
[2026-05-16T23:40:14.161+0000] {subprocess.py:93} INFO - 26/05/16 23:40:14 INFO StandaloneAppClient$ClientEndpoint: Connecting to master spark://spark-master:7077...
[2026-05-16T23:40:14.270+0000] {subprocess.py:93} INFO - 26/05/16 23:40:14 INFO TransportClientFactory: Successfully created connection to spark-master/172.18.0.6:7077 after 73 ms (0 ms spent in bootstraps)
[2026-05-16T23:40:14.463+0000] {subprocess.py:93} INFO - 26/05/16 23:40:14 INFO StandaloneSchedulerBackend: Connected to Spark cluster with app ID app-20260516234014-0139
[2026-05-16T23:40:14.468+0000] {subprocess.py:93} INFO - 26/05/16 23:40:14 INFO StandaloneAppClient$ClientEndpoint: Executor added: app-20260516234014-0139/0 on worker-20260514105200-172.18.0.13-40347 (172.18.0.13:40347) with 1 core(s)
[2026-05-16T23:40:14.472+0000] {subprocess.py:93} INFO - 26/05/16 23:40:14 INFO StandaloneSchedulerBackend: Granted executor ID app-20260516234014-0139/0 on hostPort 172.18.0.13:40347 with 1 core(s), 512.0 MiB RAM
[2026-05-16T23:40:14.484+0000] {subprocess.py:93} INFO - 26/05/16 23:40:14 INFO Utils: Successfully started service 'org.apache.spark.network.netty.NettyBlockTransferService' on port 33045.
[2026-05-16T23:40:14.486+0000] {subprocess.py:93} INFO - 26/05/16 23:40:14 INFO NettyBlockTransferService: Server created on e8a9653e4a1b:33045
[2026-05-16T23:40:14.489+0000] {subprocess.py:93} INFO - 26/05/16 23:40:14 INFO BlockManager: Using org.apache.spark.storage.RandomBlockReplicationPolicy for block replication policy
[2026-05-16T23:40:14.503+0000] {subprocess.py:93} INFO - 26/05/16 23:40:14 INFO BlockManagerMaster: Registering BlockManager BlockManagerId(driver, e8a9653e4a1b, 33045, None)
[2026-05-16T23:40:14.513+0000] {subprocess.py:93} INFO - 26/05/16 23:40:14 INFO BlockManagerMasterEndpoint: Registering block manager e8a9653e4a1b:33045 with 434.4 MiB RAM, BlockManagerId(driver, e8a9653e4a1b, 33045, None)
[2026-05-16T23:40:14.521+0000] {subprocess.py:93} INFO - 26/05/16 23:40:14 INFO BlockManagerMaster: Registered BlockManager BlockManagerId(driver, e8a9653e4a1b, 33045, None)
[2026-05-16T23:40:14.528+0000] {subprocess.py:93} INFO - 26/05/16 23:40:14 INFO BlockManager: Initialized BlockManager: BlockManagerId(driver, e8a9653e4a1b, 33045, None)
[2026-05-16T23:40:14.536+0000] {subprocess.py:93} INFO - 26/05/16 23:40:14 INFO StandaloneAppClient$ClientEndpoint: Executor updated: app-20260516234014-0139/0 is now RUNNING
[2026-05-16T23:40:14.938+0000] {subprocess.py:93} INFO - 26/05/16 23:40:14 INFO StandaloneSchedulerBackend: SchedulerBackend is ready for scheduling beginning after reached minRegisteredResourcesRatio: 0.0
[2026-05-16T23:40:17.059+0000] {subprocess.py:93} INFO - 26/05/16 23:40:17 WARN MetricsConfig: Cannot locate configuration: tried hadoop-metrics2-s3a-file-system.properties,hadoop-metrics2.properties
[2026-05-16T23:40:29.122+0000] {subprocess.py:93} INFO - Lecture SILVER terminée
[2026-05-16T23:40:56.054+0000] {subprocess.py:93} INFO - Table articles_par_jour créée
[2026-05-16T23:41:14.781+0000] {subprocess.py:93} INFO - Table articles_par_source créée
[2026-05-16T23:41:32.966+0000] {subprocess.py:93} INFO - Table top_categories créée
[2026-05-16T23:41:49.227+0000] {subprocess.py:93} INFO - Table articles_par_source_jour créée
[2026-05-16T23:41:49.232+0000] {subprocess.py:93} INFO - 
[2026-05-16T23:41:49.235+0000] {subprocess.py:93} INFO - ==============================
[2026-05-16T23:41:49.237+0000] {subprocess.py:93} INFO - GOLD LAYER TERMINÉ
[2026-05-16T23:41:49.239+0000] {subprocess.py:93} INFO - ==============================
[2026-05-16T23:41:49.951+0000] {subprocess.py:97} INFO - Command exited with return code 0
[2026-05-16T23:41:49.954+0000] {taskinstance.py:441} INFO - ::group::Post task execution logs
[2026-05-16T23:41:50.663+0000] {taskinstance.py:1206} INFO - Marking task as SUCCESS. dag_id=medallion_gold_layer, task_id=gold_processing, run_id=scheduled__2026-05-16T23:35:00+00:00, execution_date=20260516T233500, start_date=20260516T234003, end_date=20260516T234150
[2026-05-16T23:41:50.765+0000] {local_task_job_runner.py:240} INFO - Task exited with return code 0
[2026-05-16T23:41:50.930+0000] {taskinstance.py:3498} INFO - 0 downstream tasks scheduled from follow-on schedule check
[2026-05-16T23:41:50.960+0000] {local_task_job_runner.py:222} INFO - ::endgroup::
