[2026-05-14T12:00:02.068+0000] {local_task_job_runner.py:120} INFO - ::group::Pre task execution logs
[2026-05-14T12:00:02.317+0000] {taskinstance.py:2076} INFO - Dependencies all met for dep_context=non-requeueable deps ti=<TaskInstance: medallion_gold_layer.gold_processing scheduled__2026-05-14T11:55:00+00:00 [queued]>
[2026-05-14T12:00:02.339+0000] {taskinstance.py:2076} INFO - Dependencies all met for dep_context=requeueable deps ti=<TaskInstance: medallion_gold_layer.gold_processing scheduled__2026-05-14T11:55:00+00:00 [queued]>
[2026-05-14T12:00:02.341+0000] {taskinstance.py:2306} INFO - Starting attempt 1 of 2
[2026-05-14T12:00:02.427+0000] {taskinstance.py:2330} INFO - Executing <Task(BashOperator): gold_processing> on 2026-05-14 11:55:00+00:00
[2026-05-14T12:00:02.444+0000] {standard_task_runner.py:63} INFO - Started process 3564 to run task
[2026-05-14T12:00:02.456+0000] {standard_task_runner.py:90} INFO - Running: ['airflow', 'tasks', 'run', 'medallion_gold_layer', 'gold_processing', 'scheduled__2026-05-14T11:55:00+00:00', '--job-id', '11', '--raw', '--subdir', 'DAGS_FOLDER/gold_layer_dag.py', '--cfg-path', '/tmp/tmpil4cfyp5']
[2026-05-14T12:00:02.465+0000] {standard_task_runner.py:91} INFO - Job 11: Subtask gold_processing
[2026-05-14T12:00:03.018+0000] {task_command.py:426} INFO - Running <TaskInstance: medallion_gold_layer.gold_processing scheduled__2026-05-14T11:55:00+00:00 [running]> on host e8a9653e4a1b
[2026-05-14T12:00:03.836+0000] {taskinstance.py:2648} INFO - Exporting env vars: AIRFLOW_CTX_DAG_OWNER='anass' AIRFLOW_CTX_DAG_ID='medallion_gold_layer' AIRFLOW_CTX_TASK_ID='gold_processing' AIRFLOW_CTX_EXECUTION_DATE='2026-05-14T11:55:00+00:00' AIRFLOW_CTX_TRY_NUMBER='1' AIRFLOW_CTX_DAG_RUN_ID='scheduled__2026-05-14T11:55:00+00:00'
[2026-05-14T12:00:03.838+0000] {taskinstance.py:430} INFO - ::endgroup::
[2026-05-14T12:00:03.861+0000] {subprocess.py:63} INFO - Tmp dir root location: /tmp
[2026-05-14T12:00:03.863+0000] {subprocess.py:75} INFO - Running command: ['/usr/bin/bash', '-c', '\n    spark-submit     --master spark://spark-master:7077     --executor-memory 512M     --executor-cores 1     --total-executor-cores 1     --jars /opt/airflow/jars/aws-java-sdk-bundle-1.12.262.jar,/opt/airflow/jars/hadoop-aws-3.3.4.jar,/opt/airflow/jars/postgresql-42.7.3.jar     /opt/spark_jobs/gold_processor.py\n    ']
[2026-05-14T12:00:03.877+0000] {subprocess.py:86} INFO - Output:
[2026-05-14T12:00:06.635+0000] {subprocess.py:93} INFO - 26/05/14 12:00:06 WARN NativeCodeLoader: Unable to load native-hadoop library for your platform... using builtin-java classes where applicable
[2026-05-14T12:00:09.473+0000] {subprocess.py:93} INFO - 26/05/14 12:00:09 INFO SparkContext: Running Spark version 3.5.1
[2026-05-14T12:00:09.476+0000] {subprocess.py:93} INFO - 26/05/14 12:00:09 INFO SparkContext: OS info Linux, 6.6.87.2-microsoft-standard-WSL2, amd64
[2026-05-14T12:00:09.478+0000] {subprocess.py:93} INFO - 26/05/14 12:00:09 INFO SparkContext: Java version 17.0.19
[2026-05-14T12:00:09.535+0000] {subprocess.py:93} INFO - 26/05/14 12:00:09 INFO ResourceUtils: ==============================================================
[2026-05-14T12:00:09.537+0000] {subprocess.py:93} INFO - 26/05/14 12:00:09 INFO ResourceUtils: No custom resources configured for spark.driver.
[2026-05-14T12:00:09.540+0000] {subprocess.py:93} INFO - 26/05/14 12:00:09 INFO ResourceUtils: ==============================================================
[2026-05-14T12:00:09.541+0000] {subprocess.py:93} INFO - 26/05/14 12:00:09 INFO SparkContext: Submitted application: GoldLayerProcessor
[2026-05-14T12:00:09.589+0000] {subprocess.py:93} INFO - 26/05/14 12:00:09 INFO ResourceProfile: Default ResourceProfile created, executor resources: Map(cores -> name: cores, amount: 1, script: , vendor: , memory -> name: memory, amount: 512, script: , vendor: , offHeap -> name: offHeap, amount: 0, script: , vendor: ), task resources: Map(cpus -> name: cpus, amount: 1.0)
[2026-05-14T12:00:09.613+0000] {subprocess.py:93} INFO - 26/05/14 12:00:09 INFO ResourceProfile: Limiting resource is cpus at 1 tasks per executor
[2026-05-14T12:00:09.621+0000] {subprocess.py:93} INFO - 26/05/14 12:00:09 INFO ResourceProfileManager: Added ResourceProfile id: 0
[2026-05-14T12:00:09.787+0000] {subprocess.py:93} INFO - 26/05/14 12:00:09 INFO SecurityManager: Changing view acls to: airflow
[2026-05-14T12:00:09.788+0000] {subprocess.py:93} INFO - 26/05/14 12:00:09 INFO SecurityManager: Changing modify acls to: airflow
[2026-05-14T12:00:09.789+0000] {subprocess.py:93} INFO - 26/05/14 12:00:09 INFO SecurityManager: Changing view acls groups to:
[2026-05-14T12:00:09.790+0000] {subprocess.py:93} INFO - 26/05/14 12:00:09 INFO SecurityManager: Changing modify acls groups to:
[2026-05-14T12:00:09.791+0000] {subprocess.py:93} INFO - 26/05/14 12:00:09 INFO SecurityManager: SecurityManager: authentication disabled; ui acls disabled; users with view permissions: airflow; groups with view permissions: EMPTY; users with modify permissions: airflow; groups with modify permissions: EMPTY
[2026-05-14T12:00:10.143+0000] {subprocess.py:93} INFO - 26/05/14 12:00:10 INFO Utils: Successfully started service 'sparkDriver' on port 35275.
[2026-05-14T12:00:10.192+0000] {subprocess.py:93} INFO - 26/05/14 12:00:10 INFO SparkEnv: Registering MapOutputTracker
[2026-05-14T12:00:10.238+0000] {subprocess.py:93} INFO - 26/05/14 12:00:10 INFO SparkEnv: Registering BlockManagerMaster
[2026-05-14T12:00:10.269+0000] {subprocess.py:93} INFO - 26/05/14 12:00:10 INFO BlockManagerMasterEndpoint: Using org.apache.spark.storage.DefaultTopologyMapper for getting topology information
[2026-05-14T12:00:10.271+0000] {subprocess.py:93} INFO - 26/05/14 12:00:10 INFO BlockManagerMasterEndpoint: BlockManagerMasterEndpoint up
[2026-05-14T12:00:10.283+0000] {subprocess.py:93} INFO - 26/05/14 12:00:10 INFO SparkEnv: Registering BlockManagerMasterHeartbeat
[2026-05-14T12:00:10.314+0000] {subprocess.py:93} INFO - 26/05/14 12:00:10 INFO DiskBlockManager: Created local directory at /tmp/blockmgr-cbd00964-12b4-40a7-8f0b-e67e586f8b00
[2026-05-14T12:00:10.330+0000] {subprocess.py:93} INFO - 26/05/14 12:00:10 INFO MemoryStore: MemoryStore started with capacity 434.4 MiB
[2026-05-14T12:00:10.352+0000] {subprocess.py:93} INFO - 26/05/14 12:00:10 INFO SparkEnv: Registering OutputCommitCoordinator
[2026-05-14T12:00:10.666+0000] {subprocess.py:93} INFO - 26/05/14 12:00:10 INFO JettyUtils: Start Jetty 0.0.0.0:4040 for SparkUI
[2026-05-14T12:00:10.805+0000] {subprocess.py:93} INFO - 26/05/14 12:00:10 INFO Utils: Successfully started service 'SparkUI' on port 4040.
[2026-05-14T12:00:10.868+0000] {subprocess.py:93} INFO - 26/05/14 12:00:10 INFO SparkContext: Added JAR file:///opt/airflow/jars/aws-java-sdk-bundle-1.12.262.jar at spark://e8a9653e4a1b:35275/jars/aws-java-sdk-bundle-1.12.262.jar with timestamp 1778760009450
[2026-05-14T12:00:10.870+0000] {subprocess.py:93} INFO - 26/05/14 12:00:10 INFO SparkContext: Added JAR file:///opt/airflow/jars/hadoop-aws-3.3.4.jar at spark://e8a9653e4a1b:35275/jars/hadoop-aws-3.3.4.jar with timestamp 1778760009450
[2026-05-14T12:00:10.871+0000] {subprocess.py:93} INFO - 26/05/14 12:00:10 INFO SparkContext: Added JAR file:///opt/airflow/jars/postgresql-42.7.3.jar at spark://e8a9653e4a1b:35275/jars/postgresql-42.7.3.jar with timestamp 1778760009450
[2026-05-14T12:00:10.983+0000] {subprocess.py:93} INFO - 26/05/14 12:00:10 INFO StandaloneAppClient$ClientEndpoint: Connecting to master spark://spark-master:7077...
[2026-05-14T12:00:11.096+0000] {subprocess.py:93} INFO - 26/05/14 12:00:11 INFO TransportClientFactory: Successfully created connection to spark-master/172.18.0.6:7077 after 68 ms (0 ms spent in bootstraps)
[2026-05-14T12:00:11.209+0000] {subprocess.py:93} INFO - 26/05/14 12:00:11 INFO StandaloneSchedulerBackend: Connected to Spark cluster with app ID app-20260514120011-0010
[2026-05-14T12:00:11.214+0000] {subprocess.py:93} INFO - 26/05/14 12:00:11 INFO StandaloneAppClient$ClientEndpoint: Executor added: app-20260514120011-0010/0 on worker-20260514105200-172.18.0.13-40347 (172.18.0.13:40347) with 1 core(s)
[2026-05-14T12:00:11.216+0000] {subprocess.py:93} INFO - 26/05/14 12:00:11 INFO StandaloneSchedulerBackend: Granted executor ID app-20260514120011-0010/0 on hostPort 172.18.0.13:40347 with 1 core(s), 512.0 MiB RAM
[2026-05-14T12:00:11.226+0000] {subprocess.py:93} INFO - 26/05/14 12:00:11 INFO Utils: Successfully started service 'org.apache.spark.network.netty.NettyBlockTransferService' on port 35201.
[2026-05-14T12:00:11.228+0000] {subprocess.py:93} INFO - 26/05/14 12:00:11 INFO NettyBlockTransferService: Server created on e8a9653e4a1b:35201
[2026-05-14T12:00:11.230+0000] {subprocess.py:93} INFO - 26/05/14 12:00:11 INFO BlockManager: Using org.apache.spark.storage.RandomBlockReplicationPolicy for block replication policy
[2026-05-14T12:00:11.246+0000] {subprocess.py:93} INFO - 26/05/14 12:00:11 INFO BlockManagerMaster: Registering BlockManager BlockManagerId(driver, e8a9653e4a1b, 35201, None)
[2026-05-14T12:00:11.255+0000] {subprocess.py:93} INFO - 26/05/14 12:00:11 INFO BlockManagerMasterEndpoint: Registering block manager e8a9653e4a1b:35201 with 434.4 MiB RAM, BlockManagerId(driver, e8a9653e4a1b, 35201, None)
[2026-05-14T12:00:11.262+0000] {subprocess.py:93} INFO - 26/05/14 12:00:11 INFO BlockManagerMaster: Registered BlockManager BlockManagerId(driver, e8a9653e4a1b, 35201, None)
[2026-05-14T12:00:11.265+0000] {subprocess.py:93} INFO - 26/05/14 12:00:11 INFO BlockManager: Initialized BlockManager: BlockManagerId(driver, e8a9653e4a1b, 35201, None)
[2026-05-14T12:00:11.278+0000] {subprocess.py:93} INFO - 26/05/14 12:00:11 INFO StandaloneAppClient$ClientEndpoint: Executor updated: app-20260514120011-0010/0 is now RUNNING
[2026-05-14T12:00:11.684+0000] {subprocess.py:93} INFO - 26/05/14 12:00:11 INFO StandaloneSchedulerBackend: SchedulerBackend is ready for scheduling beginning after reached minRegisteredResourcesRatio: 0.0
[2026-05-14T12:00:13.537+0000] {subprocess.py:93} INFO - 26/05/14 12:00:13 WARN MetricsConfig: Cannot locate configuration: tried hadoop-metrics2-s3a-file-system.properties,hadoop-metrics2.properties
[2026-05-14T12:00:22.630+0000] {subprocess.py:93} INFO - Lecture SILVER terminée
[2026-05-14T12:00:31.341+0000] {subprocess.py:93} INFO - Table articles_par_jour créée
[2026-05-14T12:00:37.058+0000] {subprocess.py:93} INFO - Table articles_par_source créée
[2026-05-14T12:00:42.056+0000] {subprocess.py:93} INFO - Table top_categories créée
[2026-05-14T12:00:46.396+0000] {subprocess.py:93} INFO - Table articles_par_source_jour créée
[2026-05-14T12:00:46.402+0000] {subprocess.py:93} INFO - 
[2026-05-14T12:00:46.405+0000] {subprocess.py:93} INFO - ==============================
[2026-05-14T12:00:46.407+0000] {subprocess.py:93} INFO - GOLD LAYER TERMINÉ
[2026-05-14T12:00:46.408+0000] {subprocess.py:93} INFO - ==============================
[2026-05-14T12:00:47.175+0000] {subprocess.py:97} INFO - Command exited with return code 0
[2026-05-14T12:00:47.178+0000] {taskinstance.py:441} INFO - ::group::Post task execution logs
[2026-05-14T12:00:47.929+0000] {taskinstance.py:1206} INFO - Marking task as SUCCESS. dag_id=medallion_gold_layer, task_id=gold_processing, run_id=scheduled__2026-05-14T11:55:00+00:00, execution_date=20260514T115500, start_date=20260514T120002, end_date=20260514T120047
[2026-05-14T12:00:48.109+0000] {local_task_job_runner.py:240} INFO - Task exited with return code 0
[2026-05-14T12:00:48.225+0000] {local_task_job_runner.py:222} INFO - ::endgroup::
