[2026-05-18T22:55:01.329+0000] {local_task_job_runner.py:120} INFO - ::group::Pre task execution logs
[2026-05-18T22:55:01.375+0000] {taskinstance.py:2076} INFO - Dependencies all met for dep_context=non-requeueable deps ti=<TaskInstance: medallion_gold_layer.gold_processing scheduled__2026-05-18T22:50:00+00:00 [queued]>
[2026-05-18T22:55:01.382+0000] {taskinstance.py:2076} INFO - Dependencies all met for dep_context=requeueable deps ti=<TaskInstance: medallion_gold_layer.gold_processing scheduled__2026-05-18T22:50:00+00:00 [queued]>
[2026-05-18T22:55:01.383+0000] {taskinstance.py:2306} INFO - Starting attempt 1 of 2
[2026-05-18T22:55:01.393+0000] {taskinstance.py:2330} INFO - Executing <Task(BashOperator): gold_processing> on 2026-05-18 22:50:00+00:00
[2026-05-18T22:55:01.396+0000] {standard_task_runner.py:63} INFO - Started process 3720 to run task
[2026-05-18T22:55:01.399+0000] {standard_task_runner.py:90} INFO - Running: ['airflow', 'tasks', 'run', 'medallion_gold_layer', 'gold_processing', 'scheduled__2026-05-18T22:50:00+00:00', '--job-id', '283', '--raw', '--subdir', 'DAGS_FOLDER/gold_layer_dag.py', '--cfg-path', '/tmp/tmpbrxotvf8']
[2026-05-18T22:55:01.401+0000] {standard_task_runner.py:91} INFO - Job 283: Subtask gold_processing
[2026-05-18T22:55:01.542+0000] {task_command.py:426} INFO - Running <TaskInstance: medallion_gold_layer.gold_processing scheduled__2026-05-18T22:50:00+00:00 [running]> on host c43074c3fd7c
[2026-05-18T22:55:01.748+0000] {taskinstance.py:2648} INFO - Exporting env vars: AIRFLOW_CTX_DAG_OWNER='ikram' AIRFLOW_CTX_DAG_ID='medallion_gold_layer' AIRFLOW_CTX_TASK_ID='gold_processing' AIRFLOW_CTX_EXECUTION_DATE='2026-05-18T22:50:00+00:00' AIRFLOW_CTX_TRY_NUMBER='1' AIRFLOW_CTX_DAG_RUN_ID='scheduled__2026-05-18T22:50:00+00:00'
[2026-05-18T22:55:01.749+0000] {taskinstance.py:430} INFO - ::endgroup::
[2026-05-18T22:55:01.758+0000] {subprocess.py:63} INFO - Tmp dir root location: /tmp
[2026-05-18T22:55:01.759+0000] {subprocess.py:75} INFO - Running command: ['/usr/bin/bash', '-c', '\n    spark-submit     --master spark://spark-master:7077     --executor-memory 512M     --executor-cores 1     --total-executor-cores 1     --jars /opt/airflow/jars/aws-java-sdk-bundle-1.12.262.jar,/opt/airflow/jars/hadoop-aws-3.3.4.jar,/opt/airflow/jars/postgresql-42.7.3.jar     /opt/spark_jobs/gold_processor.py\n    ']
[2026-05-18T22:55:01.767+0000] {subprocess.py:86} INFO - Output:
[2026-05-18T22:55:03.019+0000] {subprocess.py:93} INFO - 26/05/18 22:55:03 WARN NativeCodeLoader: Unable to load native-hadoop library for your platform... using builtin-java classes where applicable
[2026-05-18T22:55:03.891+0000] {subprocess.py:93} INFO - 26/05/18 22:55:03 INFO SparkContext: Running Spark version 3.5.1
[2026-05-18T22:55:03.892+0000] {subprocess.py:93} INFO - 26/05/18 22:55:03 INFO SparkContext: OS info Linux, 6.6.87.2-microsoft-standard-WSL2, amd64
[2026-05-18T22:55:03.892+0000] {subprocess.py:93} INFO - 26/05/18 22:55:03 INFO SparkContext: Java version 17.0.19
[2026-05-18T22:55:03.918+0000] {subprocess.py:93} INFO - 26/05/18 22:55:03 INFO ResourceUtils: ==============================================================
[2026-05-18T22:55:03.919+0000] {subprocess.py:93} INFO - 26/05/18 22:55:03 INFO ResourceUtils: No custom resources configured for spark.driver.
[2026-05-18T22:55:03.920+0000] {subprocess.py:93} INFO - 26/05/18 22:55:03 INFO ResourceUtils: ==============================================================
[2026-05-18T22:55:03.920+0000] {subprocess.py:93} INFO - 26/05/18 22:55:03 INFO SparkContext: Submitted application: GoldLayerProcessor
[2026-05-18T22:55:03.936+0000] {subprocess.py:93} INFO - 26/05/18 22:55:03 INFO ResourceProfile: Default ResourceProfile created, executor resources: Map(cores -> name: cores, amount: 1, script: , vendor: , memory -> name: memory, amount: 512, script: , vendor: , offHeap -> name: offHeap, amount: 0, script: , vendor: ), task resources: Map(cpus -> name: cpus, amount: 1.0)
[2026-05-18T22:55:03.942+0000] {subprocess.py:93} INFO - 26/05/18 22:55:03 INFO ResourceProfile: Limiting resource is cpus at 1 tasks per executor
[2026-05-18T22:55:03.943+0000] {subprocess.py:93} INFO - 26/05/18 22:55:03 INFO ResourceProfileManager: Added ResourceProfile id: 0
[2026-05-18T22:55:03.977+0000] {subprocess.py:93} INFO - 26/05/18 22:55:03 INFO SecurityManager: Changing view acls to: airflow
[2026-05-18T22:55:03.977+0000] {subprocess.py:93} INFO - 26/05/18 22:55:03 INFO SecurityManager: Changing modify acls to: airflow
[2026-05-18T22:55:03.978+0000] {subprocess.py:93} INFO - 26/05/18 22:55:03 INFO SecurityManager: Changing view acls groups to:
[2026-05-18T22:55:03.978+0000] {subprocess.py:93} INFO - 26/05/18 22:55:03 INFO SecurityManager: Changing modify acls groups to:
[2026-05-18T22:55:03.979+0000] {subprocess.py:93} INFO - 26/05/18 22:55:03 INFO SecurityManager: SecurityManager: authentication disabled; ui acls disabled; users with view permissions: airflow; groups with view permissions: EMPTY; users with modify permissions: airflow; groups with modify permissions: EMPTY
[2026-05-18T22:55:04.122+0000] {subprocess.py:93} INFO - 26/05/18 22:55:04 INFO Utils: Successfully started service 'sparkDriver' on port 44709.
[2026-05-18T22:55:04.140+0000] {subprocess.py:93} INFO - 26/05/18 22:55:04 INFO SparkEnv: Registering MapOutputTracker
[2026-05-18T22:55:04.167+0000] {subprocess.py:93} INFO - 26/05/18 22:55:04 INFO SparkEnv: Registering BlockManagerMaster
[2026-05-18T22:55:04.180+0000] {subprocess.py:93} INFO - 26/05/18 22:55:04 INFO BlockManagerMasterEndpoint: Using org.apache.spark.storage.DefaultTopologyMapper for getting topology information
[2026-05-18T22:55:04.181+0000] {subprocess.py:93} INFO - 26/05/18 22:55:04 INFO BlockManagerMasterEndpoint: BlockManagerMasterEndpoint up
[2026-05-18T22:55:04.184+0000] {subprocess.py:93} INFO - 26/05/18 22:55:04 INFO SparkEnv: Registering BlockManagerMasterHeartbeat
[2026-05-18T22:55:04.194+0000] {subprocess.py:93} INFO - 26/05/18 22:55:04 INFO DiskBlockManager: Created local directory at /tmp/blockmgr-610e03de-2328-4613-8d75-dadc1241cf94
[2026-05-18T22:55:04.204+0000] {subprocess.py:93} INFO - 26/05/18 22:55:04 INFO MemoryStore: MemoryStore started with capacity 434.4 MiB
[2026-05-18T22:55:04.215+0000] {subprocess.py:93} INFO - 26/05/18 22:55:04 INFO SparkEnv: Registering OutputCommitCoordinator
[2026-05-18T22:55:04.284+0000] {subprocess.py:93} INFO - 26/05/18 22:55:04 INFO JettyUtils: Start Jetty 0.0.0.0:4040 for SparkUI
[2026-05-18T22:55:04.328+0000] {subprocess.py:93} INFO - 26/05/18 22:55:04 INFO Utils: Successfully started service 'SparkUI' on port 4040.
[2026-05-18T22:55:04.351+0000] {subprocess.py:93} INFO - 26/05/18 22:55:04 INFO SparkContext: Added JAR file:///opt/airflow/jars/aws-java-sdk-bundle-1.12.262.jar at spark://c43074c3fd7c:44709/jars/aws-java-sdk-bundle-1.12.262.jar with timestamp 1779144903885
[2026-05-18T22:55:04.352+0000] {subprocess.py:93} INFO - 26/05/18 22:55:04 INFO SparkContext: Added JAR file:///opt/airflow/jars/hadoop-aws-3.3.4.jar at spark://c43074c3fd7c:44709/jars/hadoop-aws-3.3.4.jar with timestamp 1779144903885
[2026-05-18T22:55:04.352+0000] {subprocess.py:93} INFO - 26/05/18 22:55:04 INFO SparkContext: Added JAR file:///opt/airflow/jars/postgresql-42.7.3.jar at spark://c43074c3fd7c:44709/jars/postgresql-42.7.3.jar with timestamp 1779144903885
[2026-05-18T22:55:04.420+0000] {subprocess.py:93} INFO - 26/05/18 22:55:04 INFO StandaloneAppClient$ClientEndpoint: Connecting to master spark://spark-master:7077...
[2026-05-18T22:55:04.453+0000] {subprocess.py:93} INFO - 26/05/18 22:55:04 INFO TransportClientFactory: Successfully created connection to spark-master/172.18.0.4:7077 after 20 ms (0 ms spent in bootstraps)
[2026-05-18T22:55:04.509+0000] {subprocess.py:93} INFO - 26/05/18 22:55:04 INFO StandaloneSchedulerBackend: Connected to Spark cluster with app ID app-20260518225504-0019
[2026-05-18T22:55:04.511+0000] {subprocess.py:93} INFO - 26/05/18 22:55:04 INFO StandaloneAppClient$ClientEndpoint: Executor added: app-20260518225504-0019/0 on worker-20260518211503-172.18.0.3-40747 (172.18.0.3:40747) with 1 core(s)
[2026-05-18T22:55:04.513+0000] {subprocess.py:93} INFO - 26/05/18 22:55:04 INFO StandaloneSchedulerBackend: Granted executor ID app-20260518225504-0019/0 on hostPort 172.18.0.3:40747 with 1 core(s), 512.0 MiB RAM
[2026-05-18T22:55:04.516+0000] {subprocess.py:93} INFO - 26/05/18 22:55:04 INFO Utils: Successfully started service 'org.apache.spark.network.netty.NettyBlockTransferService' on port 43433.
[2026-05-18T22:55:04.516+0000] {subprocess.py:93} INFO - 26/05/18 22:55:04 INFO NettyBlockTransferService: Server created on c43074c3fd7c:43433
[2026-05-18T22:55:04.517+0000] {subprocess.py:93} INFO - 26/05/18 22:55:04 INFO BlockManager: Using org.apache.spark.storage.RandomBlockReplicationPolicy for block replication policy
[2026-05-18T22:55:04.521+0000] {subprocess.py:93} INFO - 26/05/18 22:55:04 INFO BlockManagerMaster: Registering BlockManager BlockManagerId(driver, c43074c3fd7c, 43433, None)
[2026-05-18T22:55:04.523+0000] {subprocess.py:93} INFO - 26/05/18 22:55:04 INFO BlockManagerMasterEndpoint: Registering block manager c43074c3fd7c:43433 with 434.4 MiB RAM, BlockManagerId(driver, c43074c3fd7c, 43433, None)
[2026-05-18T22:55:04.525+0000] {subprocess.py:93} INFO - 26/05/18 22:55:04 INFO BlockManagerMaster: Registered BlockManager BlockManagerId(driver, c43074c3fd7c, 43433, None)
[2026-05-18T22:55:04.526+0000] {subprocess.py:93} INFO - 26/05/18 22:55:04 INFO BlockManager: Initialized BlockManager: BlockManagerId(driver, c43074c3fd7c, 43433, None)
[2026-05-18T22:55:04.538+0000] {subprocess.py:93} INFO - 26/05/18 22:55:04 INFO StandaloneAppClient$ClientEndpoint: Executor updated: app-20260518225504-0019/0 is now RUNNING
[2026-05-18T22:55:04.680+0000] {subprocess.py:93} INFO - 26/05/18 22:55:04 INFO StandaloneSchedulerBackend: SchedulerBackend is ready for scheduling beginning after reached minRegisteredResourcesRatio: 0.0
[2026-05-18T22:55:05.584+0000] {subprocess.py:93} INFO - 26/05/18 22:55:05 WARN MetricsConfig: Cannot locate configuration: tried hadoop-metrics2-s3a-file-system.properties,hadoop-metrics2.properties
[2026-05-18T22:55:09.457+0000] {subprocess.py:93} INFO - Lecture SILVER terminée
[2026-05-18T22:55:21.152+0000] {subprocess.py:93} INFO - Table articles_par_jour créée
[2026-05-18T22:55:31.627+0000] {subprocess.py:93} INFO - Table articles_par_source créée
[2026-05-18T22:55:40.706+0000] {subprocess.py:93} INFO - Table top_categories créée
[2026-05-18T22:55:49.013+0000] {subprocess.py:93} INFO - Table articles_par_source_jour créée
[2026-05-18T22:55:49.014+0000] {subprocess.py:93} INFO - 
[2026-05-18T22:55:49.014+0000] {subprocess.py:93} INFO - ==============================
[2026-05-18T22:55:49.015+0000] {subprocess.py:93} INFO - GOLD LAYER TERMINÉ
[2026-05-18T22:55:49.016+0000] {subprocess.py:93} INFO - ==============================
[2026-05-18T22:55:49.316+0000] {subprocess.py:97} INFO - Command exited with return code 0
[2026-05-18T22:55:49.317+0000] {taskinstance.py:441} INFO - ::group::Post task execution logs
[2026-05-18T22:55:49.530+0000] {taskinstance.py:1206} INFO - Marking task as SUCCESS. dag_id=medallion_gold_layer, task_id=gold_processing, run_id=scheduled__2026-05-18T22:50:00+00:00, execution_date=20260518T225000, start_date=20260518T225501, end_date=20260518T225549
[2026-05-18T22:55:49.586+0000] {local_task_job_runner.py:240} INFO - Task exited with return code 0
[2026-05-18T22:55:49.631+0000] {taskinstance.py:3498} INFO - 0 downstream tasks scheduled from follow-on schedule check
[2026-05-18T22:55:49.633+0000] {local_task_job_runner.py:222} INFO - ::endgroup::
