[2026-05-19T13:40:02.246+0000] {local_task_job_runner.py:120} INFO - ::group::Pre task execution logs
[2026-05-19T13:40:02.432+0000] {taskinstance.py:2076} INFO - Dependencies all met for dep_context=non-requeueable deps ti=<TaskInstance: medallion_gold_layer.gold_processing scheduled__2026-05-19T13:35:00+00:00 [queued]>
[2026-05-19T13:40:02.463+0000] {taskinstance.py:2076} INFO - Dependencies all met for dep_context=requeueable deps ti=<TaskInstance: medallion_gold_layer.gold_processing scheduled__2026-05-19T13:35:00+00:00 [queued]>
[2026-05-19T13:40:02.466+0000] {taskinstance.py:2306} INFO - Starting attempt 1 of 2
[2026-05-19T13:40:02.524+0000] {taskinstance.py:2330} INFO - Executing <Task(BashOperator): gold_processing> on 2026-05-19 13:35:00+00:00
[2026-05-19T13:40:02.542+0000] {standard_task_runner.py:63} INFO - Started process 15863 to run task
[2026-05-19T13:40:02.552+0000] {standard_task_runner.py:90} INFO - Running: ['airflow', 'tasks', 'run', 'medallion_gold_layer', 'gold_processing', 'scheduled__2026-05-19T13:35:00+00:00', '--job-id', '325', '--raw', '--subdir', 'DAGS_FOLDER/gold_layer_dag.py', '--cfg-path', '/tmp/tmp4zip4k6f']
[2026-05-19T13:40:02.563+0000] {standard_task_runner.py:91} INFO - Job 325: Subtask gold_processing
[2026-05-19T13:40:03.080+0000] {task_command.py:426} INFO - Running <TaskInstance: medallion_gold_layer.gold_processing scheduled__2026-05-19T13:35:00+00:00 [running]> on host c43074c3fd7c
[2026-05-19T13:40:03.931+0000] {taskinstance.py:2648} INFO - Exporting env vars: AIRFLOW_CTX_DAG_OWNER='ikram' AIRFLOW_CTX_DAG_ID='medallion_gold_layer' AIRFLOW_CTX_TASK_ID='gold_processing' AIRFLOW_CTX_EXECUTION_DATE='2026-05-19T13:35:00+00:00' AIRFLOW_CTX_TRY_NUMBER='1' AIRFLOW_CTX_DAG_RUN_ID='scheduled__2026-05-19T13:35:00+00:00'
[2026-05-19T13:40:03.935+0000] {taskinstance.py:430} INFO - ::endgroup::
[2026-05-19T13:40:04.033+0000] {subprocess.py:63} INFO - Tmp dir root location: /tmp
[2026-05-19T13:40:04.040+0000] {subprocess.py:75} INFO - Running command: ['/usr/bin/bash', '-c', '\n    spark-submit     --master spark://spark-master:7077     --executor-memory 512M     --executor-cores 1     --total-executor-cores 1     --jars /opt/airflow/jars/aws-java-sdk-bundle-1.12.262.jar,/opt/airflow/jars/hadoop-aws-3.3.4.jar,/opt/airflow/jars/postgresql-42.7.3.jar     /opt/spark_jobs/gold_processor.py\n    ']
[2026-05-19T13:40:04.081+0000] {subprocess.py:86} INFO - Output:
[2026-05-19T13:40:07.784+0000] {subprocess.py:93} INFO - 26/05/19 13:40:07 WARN NativeCodeLoader: Unable to load native-hadoop library for your platform... using builtin-java classes where applicable
[2026-05-19T13:40:10.391+0000] {subprocess.py:93} INFO - 26/05/19 13:40:10 INFO SparkContext: Running Spark version 3.5.1
[2026-05-19T13:40:10.392+0000] {subprocess.py:93} INFO - 26/05/19 13:40:10 INFO SparkContext: OS info Linux, 6.6.87.2-microsoft-standard-WSL2, amd64
[2026-05-19T13:40:10.393+0000] {subprocess.py:93} INFO - 26/05/19 13:40:10 INFO SparkContext: Java version 17.0.19
[2026-05-19T13:40:10.441+0000] {subprocess.py:93} INFO - 26/05/19 13:40:10 INFO ResourceUtils: ==============================================================
[2026-05-19T13:40:10.442+0000] {subprocess.py:93} INFO - 26/05/19 13:40:10 INFO ResourceUtils: No custom resources configured for spark.driver.
[2026-05-19T13:40:10.443+0000] {subprocess.py:93} INFO - 26/05/19 13:40:10 INFO ResourceUtils: ==============================================================
[2026-05-19T13:40:10.444+0000] {subprocess.py:93} INFO - 26/05/19 13:40:10 INFO SparkContext: Submitted application: GoldLayerProcessor
[2026-05-19T13:40:10.478+0000] {subprocess.py:93} INFO - 26/05/19 13:40:10 INFO ResourceProfile: Default ResourceProfile created, executor resources: Map(cores -> name: cores, amount: 1, script: , vendor: , memory -> name: memory, amount: 512, script: , vendor: , offHeap -> name: offHeap, amount: 0, script: , vendor: ), task resources: Map(cpus -> name: cpus, amount: 1.0)
[2026-05-19T13:40:10.504+0000] {subprocess.py:93} INFO - 26/05/19 13:40:10 INFO ResourceProfile: Limiting resource is cpus at 1 tasks per executor
[2026-05-19T13:40:10.516+0000] {subprocess.py:93} INFO - 26/05/19 13:40:10 INFO ResourceProfileManager: Added ResourceProfile id: 0
[2026-05-19T13:40:10.600+0000] {subprocess.py:93} INFO - 26/05/19 13:40:10 INFO SecurityManager: Changing view acls to: airflow
[2026-05-19T13:40:10.602+0000] {subprocess.py:93} INFO - 26/05/19 13:40:10 INFO SecurityManager: Changing modify acls to: airflow
[2026-05-19T13:40:10.603+0000] {subprocess.py:93} INFO - 26/05/19 13:40:10 INFO SecurityManager: Changing view acls groups to:
[2026-05-19T13:40:10.604+0000] {subprocess.py:93} INFO - 26/05/19 13:40:10 INFO SecurityManager: Changing modify acls groups to:
[2026-05-19T13:40:10.605+0000] {subprocess.py:93} INFO - 26/05/19 13:40:10 INFO SecurityManager: SecurityManager: authentication disabled; ui acls disabled; users with view permissions: airflow; groups with view permissions: EMPTY; users with modify permissions: airflow; groups with modify permissions: EMPTY
[2026-05-19T13:40:10.936+0000] {subprocess.py:93} INFO - 26/05/19 13:40:10 INFO Utils: Successfully started service 'sparkDriver' on port 41771.
[2026-05-19T13:40:10.981+0000] {subprocess.py:93} INFO - 26/05/19 13:40:10 INFO SparkEnv: Registering MapOutputTracker
[2026-05-19T13:40:11.034+0000] {subprocess.py:93} INFO - 26/05/19 13:40:11 INFO SparkEnv: Registering BlockManagerMaster
[2026-05-19T13:40:11.063+0000] {subprocess.py:93} INFO - 26/05/19 13:40:11 INFO BlockManagerMasterEndpoint: Using org.apache.spark.storage.DefaultTopologyMapper for getting topology information
[2026-05-19T13:40:11.064+0000] {subprocess.py:93} INFO - 26/05/19 13:40:11 INFO BlockManagerMasterEndpoint: BlockManagerMasterEndpoint up
[2026-05-19T13:40:11.073+0000] {subprocess.py:93} INFO - 26/05/19 13:40:11 INFO SparkEnv: Registering BlockManagerMasterHeartbeat
[2026-05-19T13:40:11.105+0000] {subprocess.py:93} INFO - 26/05/19 13:40:11 INFO DiskBlockManager: Created local directory at /tmp/blockmgr-f6a85587-ba6b-4d7c-aa6f-b45e18cf973c
[2026-05-19T13:40:11.125+0000] {subprocess.py:93} INFO - 26/05/19 13:40:11 INFO MemoryStore: MemoryStore started with capacity 434.4 MiB
[2026-05-19T13:40:11.185+0000] {subprocess.py:93} INFO - 26/05/19 13:40:11 INFO SparkEnv: Registering OutputCommitCoordinator
[2026-05-19T13:40:11.429+0000] {subprocess.py:93} INFO - 26/05/19 13:40:11 INFO JettyUtils: Start Jetty 0.0.0.0:4040 for SparkUI
[2026-05-19T13:40:11.608+0000] {subprocess.py:93} INFO - 26/05/19 13:40:11 INFO Utils: Successfully started service 'SparkUI' on port 4040.
[2026-05-19T13:40:11.666+0000] {subprocess.py:93} INFO - 26/05/19 13:40:11 INFO SparkContext: Added JAR file:///opt/airflow/jars/aws-java-sdk-bundle-1.12.262.jar at spark://c43074c3fd7c:41771/jars/aws-java-sdk-bundle-1.12.262.jar with timestamp 1779198010379
[2026-05-19T13:40:11.669+0000] {subprocess.py:93} INFO - 26/05/19 13:40:11 INFO SparkContext: Added JAR file:///opt/airflow/jars/hadoop-aws-3.3.4.jar at spark://c43074c3fd7c:41771/jars/hadoop-aws-3.3.4.jar with timestamp 1779198010379
[2026-05-19T13:40:11.670+0000] {subprocess.py:93} INFO - 26/05/19 13:40:11 INFO SparkContext: Added JAR file:///opt/airflow/jars/postgresql-42.7.3.jar at spark://c43074c3fd7c:41771/jars/postgresql-42.7.3.jar with timestamp 1779198010379
[2026-05-19T13:40:11.841+0000] {subprocess.py:93} INFO - 26/05/19 13:40:11 INFO StandaloneAppClient$ClientEndpoint: Connecting to master spark://spark-master:7077...
[2026-05-19T13:40:11.918+0000] {subprocess.py:93} INFO - 26/05/19 13:40:11 INFO TransportClientFactory: Successfully created connection to spark-master/172.18.0.4:7077 after 39 ms (0 ms spent in bootstraps)
[2026-05-19T13:40:12.046+0000] {subprocess.py:93} INFO - 26/05/19 13:40:12 INFO StandaloneSchedulerBackend: Connected to Spark cluster with app ID app-20260519134012-0051
[2026-05-19T13:40:12.053+0000] {subprocess.py:93} INFO - 26/05/19 13:40:12 INFO StandaloneAppClient$ClientEndpoint: Executor added: app-20260519134012-0051/0 on worker-20260518211503-172.18.0.3-40747 (172.18.0.3:40747) with 1 core(s)
[2026-05-19T13:40:12.058+0000] {subprocess.py:93} INFO - 26/05/19 13:40:12 INFO StandaloneSchedulerBackend: Granted executor ID app-20260519134012-0051/0 on hostPort 172.18.0.3:40747 with 1 core(s), 512.0 MiB RAM
[2026-05-19T13:40:12.071+0000] {subprocess.py:93} INFO - 26/05/19 13:40:12 INFO Utils: Successfully started service 'org.apache.spark.network.netty.NettyBlockTransferService' on port 40353.
[2026-05-19T13:40:12.072+0000] {subprocess.py:93} INFO - 26/05/19 13:40:12 INFO NettyBlockTransferService: Server created on c43074c3fd7c:40353
[2026-05-19T13:40:12.076+0000] {subprocess.py:93} INFO - 26/05/19 13:40:12 INFO BlockManager: Using org.apache.spark.storage.RandomBlockReplicationPolicy for block replication policy
[2026-05-19T13:40:12.092+0000] {subprocess.py:93} INFO - 26/05/19 13:40:12 INFO BlockManagerMaster: Registering BlockManager BlockManagerId(driver, c43074c3fd7c, 40353, None)
[2026-05-19T13:40:12.100+0000] {subprocess.py:93} INFO - 26/05/19 13:40:12 INFO BlockManagerMasterEndpoint: Registering block manager c43074c3fd7c:40353 with 434.4 MiB RAM, BlockManagerId(driver, c43074c3fd7c, 40353, None)
[2026-05-19T13:40:12.105+0000] {subprocess.py:93} INFO - 26/05/19 13:40:12 INFO BlockManagerMaster: Registered BlockManager BlockManagerId(driver, c43074c3fd7c, 40353, None)
[2026-05-19T13:40:12.108+0000] {subprocess.py:93} INFO - 26/05/19 13:40:12 INFO BlockManager: Initialized BlockManager: BlockManagerId(driver, c43074c3fd7c, 40353, None)
[2026-05-19T13:40:12.110+0000] {subprocess.py:93} INFO - 26/05/19 13:40:12 INFO StandaloneAppClient$ClientEndpoint: Executor updated: app-20260519134012-0051/0 is now RUNNING
[2026-05-19T13:40:12.551+0000] {subprocess.py:93} INFO - 26/05/19 13:40:12 INFO StandaloneSchedulerBackend: SchedulerBackend is ready for scheduling beginning after reached minRegisteredResourcesRatio: 0.0
[2026-05-19T13:40:14.861+0000] {subprocess.py:93} INFO - 26/05/19 13:40:14 WARN MetricsConfig: Cannot locate configuration: tried hadoop-metrics2-s3a-file-system.properties,hadoop-metrics2.properties
[2026-05-19T13:40:38.156+0000] {subprocess.py:93} INFO - Lecture SILVER terminée
[2026-05-19T13:41:28.605+0000] {subprocess.py:93} INFO - Table articles_par_jour créée
[2026-05-19T13:42:03.876+0000] {subprocess.py:93} INFO - Table articles_par_source créée
[2026-05-19T13:42:40.102+0000] {subprocess.py:93} INFO - Table top_categories créée
[2026-05-19T13:43:09.270+0000] {subprocess.py:93} INFO - Table articles_par_source_jour créée
[2026-05-19T13:43:09.272+0000] {subprocess.py:93} INFO - 
[2026-05-19T13:43:09.273+0000] {subprocess.py:93} INFO - ==============================
[2026-05-19T13:43:09.275+0000] {subprocess.py:93} INFO - GOLD LAYER TERMINÉ
[2026-05-19T13:43:09.276+0000] {subprocess.py:93} INFO - ==============================
[2026-05-19T13:43:09.987+0000] {subprocess.py:97} INFO - Command exited with return code 0
[2026-05-19T13:43:09.988+0000] {taskinstance.py:441} INFO - ::group::Post task execution logs
[2026-05-19T13:43:10.717+0000] {taskinstance.py:1206} INFO - Marking task as SUCCESS. dag_id=medallion_gold_layer, task_id=gold_processing, run_id=scheduled__2026-05-19T13:35:00+00:00, execution_date=20260519T133500, start_date=20260519T134002, end_date=20260519T134310
[2026-05-19T13:43:10.853+0000] {local_task_job_runner.py:240} INFO - Task exited with return code 0
[2026-05-19T13:43:10.999+0000] {taskinstance.py:3498} INFO - 0 downstream tasks scheduled from follow-on schedule check
[2026-05-19T13:43:11.022+0000] {local_task_job_runner.py:222} INFO - ::endgroup::
