[2026-05-14T11:50:02.191+0000] {local_task_job_runner.py:120} INFO - ::group::Pre task execution logs
[2026-05-14T11:50:02.384+0000] {taskinstance.py:2076} INFO - Dependencies all met for dep_context=non-requeueable deps ti=<TaskInstance: medallion_gold_layer.gold_processing scheduled__2026-05-14T11:45:00+00:00 [queued]>
[2026-05-14T11:50:02.421+0000] {taskinstance.py:2076} INFO - Dependencies all met for dep_context=requeueable deps ti=<TaskInstance: medallion_gold_layer.gold_processing scheduled__2026-05-14T11:45:00+00:00 [queued]>
[2026-05-14T11:50:02.424+0000] {taskinstance.py:2306} INFO - Starting attempt 1 of 2
[2026-05-14T11:50:02.500+0000] {taskinstance.py:2330} INFO - Executing <Task(BashOperator): gold_processing> on 2026-05-14 11:45:00+00:00
[2026-05-14T11:50:02.515+0000] {standard_task_runner.py:63} INFO - Started process 2753 to run task
[2026-05-14T11:50:02.527+0000] {standard_task_runner.py:90} INFO - Running: ['airflow', 'tasks', 'run', 'medallion_gold_layer', 'gold_processing', 'scheduled__2026-05-14T11:45:00+00:00', '--job-id', '9', '--raw', '--subdir', 'DAGS_FOLDER/gold_layer_dag.py', '--cfg-path', '/tmp/tmp3cbrwans']
[2026-05-14T11:50:02.535+0000] {standard_task_runner.py:91} INFO - Job 9: Subtask gold_processing
[2026-05-14T11:50:02.998+0000] {task_command.py:426} INFO - Running <TaskInstance: medallion_gold_layer.gold_processing scheduled__2026-05-14T11:45:00+00:00 [running]> on host e8a9653e4a1b
[2026-05-14T11:50:03.549+0000] {taskinstance.py:2648} INFO - Exporting env vars: AIRFLOW_CTX_DAG_OWNER='anass' AIRFLOW_CTX_DAG_ID='medallion_gold_layer' AIRFLOW_CTX_TASK_ID='gold_processing' AIRFLOW_CTX_EXECUTION_DATE='2026-05-14T11:45:00+00:00' AIRFLOW_CTX_TRY_NUMBER='1' AIRFLOW_CTX_DAG_RUN_ID='scheduled__2026-05-14T11:45:00+00:00'
[2026-05-14T11:50:03.551+0000] {taskinstance.py:430} INFO - ::endgroup::
[2026-05-14T11:50:03.578+0000] {subprocess.py:63} INFO - Tmp dir root location: /tmp
[2026-05-14T11:50:03.580+0000] {subprocess.py:75} INFO - Running command: ['/usr/bin/bash', '-c', '\n    spark-submit     --master spark://spark-master:7077     --executor-memory 512M     --executor-cores 1     --total-executor-cores 1     --jars /opt/airflow/jars/aws-java-sdk-bundle-1.12.262.jar,/opt/airflow/jars/hadoop-aws-3.3.4.jar,/opt/airflow/jars/postgresql-42.7.3.jar     /opt/spark_jobs/gold_processor.py\n    ']
[2026-05-14T11:50:03.598+0000] {subprocess.py:86} INFO - Output:
[2026-05-14T11:50:06.983+0000] {subprocess.py:93} INFO - 26/05/14 11:50:06 WARN NativeCodeLoader: Unable to load native-hadoop library for your platform... using builtin-java classes where applicable
[2026-05-14T11:50:09.087+0000] {subprocess.py:93} INFO - 26/05/14 11:50:09 INFO SparkContext: Running Spark version 3.5.1
[2026-05-14T11:50:09.089+0000] {subprocess.py:93} INFO - 26/05/14 11:50:09 INFO SparkContext: OS info Linux, 6.6.87.2-microsoft-standard-WSL2, amd64
[2026-05-14T11:50:09.090+0000] {subprocess.py:93} INFO - 26/05/14 11:50:09 INFO SparkContext: Java version 17.0.19
[2026-05-14T11:50:09.128+0000] {subprocess.py:93} INFO - 26/05/14 11:50:09 INFO ResourceUtils: ==============================================================
[2026-05-14T11:50:09.129+0000] {subprocess.py:93} INFO - 26/05/14 11:50:09 INFO ResourceUtils: No custom resources configured for spark.driver.
[2026-05-14T11:50:09.130+0000] {subprocess.py:93} INFO - 26/05/14 11:50:09 INFO ResourceUtils: ==============================================================
[2026-05-14T11:50:09.131+0000] {subprocess.py:93} INFO - 26/05/14 11:50:09 INFO SparkContext: Submitted application: GoldLayerProcessor
[2026-05-14T11:50:09.162+0000] {subprocess.py:93} INFO - 26/05/14 11:50:09 INFO ResourceProfile: Default ResourceProfile created, executor resources: Map(cores -> name: cores, amount: 1, script: , vendor: , memory -> name: memory, amount: 512, script: , vendor: , offHeap -> name: offHeap, amount: 0, script: , vendor: ), task resources: Map(cpus -> name: cpus, amount: 1.0)
[2026-05-14T11:50:09.180+0000] {subprocess.py:93} INFO - 26/05/14 11:50:09 INFO ResourceProfile: Limiting resource is cpus at 1 tasks per executor
[2026-05-14T11:50:09.187+0000] {subprocess.py:93} INFO - 26/05/14 11:50:09 INFO ResourceProfileManager: Added ResourceProfile id: 0
[2026-05-14T11:50:09.267+0000] {subprocess.py:93} INFO - 26/05/14 11:50:09 INFO SecurityManager: Changing view acls to: airflow
[2026-05-14T11:50:09.268+0000] {subprocess.py:93} INFO - 26/05/14 11:50:09 INFO SecurityManager: Changing modify acls to: airflow
[2026-05-14T11:50:09.270+0000] {subprocess.py:93} INFO - 26/05/14 11:50:09 INFO SecurityManager: Changing view acls groups to:
[2026-05-14T11:50:09.271+0000] {subprocess.py:93} INFO - 26/05/14 11:50:09 INFO SecurityManager: Changing modify acls groups to:
[2026-05-14T11:50:09.272+0000] {subprocess.py:93} INFO - 26/05/14 11:50:09 INFO SecurityManager: SecurityManager: authentication disabled; ui acls disabled; users with view permissions: airflow; groups with view permissions: EMPTY; users with modify permissions: airflow; groups with modify permissions: EMPTY
[2026-05-14T11:50:09.574+0000] {subprocess.py:93} INFO - 26/05/14 11:50:09 INFO Utils: Successfully started service 'sparkDriver' on port 36475.
[2026-05-14T11:50:09.622+0000] {subprocess.py:93} INFO - 26/05/14 11:50:09 INFO SparkEnv: Registering MapOutputTracker
[2026-05-14T11:50:09.679+0000] {subprocess.py:93} INFO - 26/05/14 11:50:09 INFO SparkEnv: Registering BlockManagerMaster
[2026-05-14T11:50:09.701+0000] {subprocess.py:93} INFO - 26/05/14 11:50:09 INFO BlockManagerMasterEndpoint: Using org.apache.spark.storage.DefaultTopologyMapper for getting topology information
[2026-05-14T11:50:09.703+0000] {subprocess.py:93} INFO - 26/05/14 11:50:09 INFO BlockManagerMasterEndpoint: BlockManagerMasterEndpoint up
[2026-05-14T11:50:09.709+0000] {subprocess.py:93} INFO - 26/05/14 11:50:09 INFO SparkEnv: Registering BlockManagerMasterHeartbeat
[2026-05-14T11:50:09.734+0000] {subprocess.py:93} INFO - 26/05/14 11:50:09 INFO DiskBlockManager: Created local directory at /tmp/blockmgr-bac1c8c6-b2d1-4677-9b63-3c450516b4a8
[2026-05-14T11:50:09.754+0000] {subprocess.py:93} INFO - 26/05/14 11:50:09 INFO MemoryStore: MemoryStore started with capacity 434.4 MiB
[2026-05-14T11:50:09.779+0000] {subprocess.py:93} INFO - 26/05/14 11:50:09 INFO SparkEnv: Registering OutputCommitCoordinator
[2026-05-14T11:50:09.972+0000] {subprocess.py:93} INFO - 26/05/14 11:50:09 INFO JettyUtils: Start Jetty 0.0.0.0:4040 for SparkUI
[2026-05-14T11:50:10.082+0000] {subprocess.py:93} INFO - 26/05/14 11:50:10 INFO Utils: Successfully started service 'SparkUI' on port 4040.
[2026-05-14T11:50:10.143+0000] {subprocess.py:93} INFO - 26/05/14 11:50:10 INFO SparkContext: Added JAR file:///opt/airflow/jars/aws-java-sdk-bundle-1.12.262.jar at spark://e8a9653e4a1b:36475/jars/aws-java-sdk-bundle-1.12.262.jar with timestamp 1778759409078
[2026-05-14T11:50:10.145+0000] {subprocess.py:93} INFO - 26/05/14 11:50:10 INFO SparkContext: Added JAR file:///opt/airflow/jars/hadoop-aws-3.3.4.jar at spark://e8a9653e4a1b:36475/jars/hadoop-aws-3.3.4.jar with timestamp 1778759409078
[2026-05-14T11:50:10.147+0000] {subprocess.py:93} INFO - 26/05/14 11:50:10 INFO SparkContext: Added JAR file:///opt/airflow/jars/postgresql-42.7.3.jar at spark://e8a9653e4a1b:36475/jars/postgresql-42.7.3.jar with timestamp 1778759409078
[2026-05-14T11:50:10.295+0000] {subprocess.py:93} INFO - 26/05/14 11:50:10 INFO StandaloneAppClient$ClientEndpoint: Connecting to master spark://spark-master:7077...
[2026-05-14T11:50:10.374+0000] {subprocess.py:93} INFO - 26/05/14 11:50:10 INFO TransportClientFactory: Successfully created connection to spark-master/172.18.0.6:7077 after 45 ms (0 ms spent in bootstraps)
[2026-05-14T11:50:10.517+0000] {subprocess.py:93} INFO - 26/05/14 11:50:10 INFO StandaloneSchedulerBackend: Connected to Spark cluster with app ID app-20260514115010-0008
[2026-05-14T11:50:10.524+0000] {subprocess.py:93} INFO - 26/05/14 11:50:10 INFO StandaloneAppClient$ClientEndpoint: Executor added: app-20260514115010-0008/0 on worker-20260514105200-172.18.0.13-40347 (172.18.0.13:40347) with 1 core(s)
[2026-05-14T11:50:10.531+0000] {subprocess.py:93} INFO - 26/05/14 11:50:10 INFO StandaloneSchedulerBackend: Granted executor ID app-20260514115010-0008/0 on hostPort 172.18.0.13:40347 with 1 core(s), 512.0 MiB RAM
[2026-05-14T11:50:10.552+0000] {subprocess.py:93} INFO - 26/05/14 11:50:10 INFO Utils: Successfully started service 'org.apache.spark.network.netty.NettyBlockTransferService' on port 43769.
[2026-05-14T11:50:10.555+0000] {subprocess.py:93} INFO - 26/05/14 11:50:10 INFO NettyBlockTransferService: Server created on e8a9653e4a1b:43769
[2026-05-14T11:50:10.559+0000] {subprocess.py:93} INFO - 26/05/14 11:50:10 INFO BlockManager: Using org.apache.spark.storage.RandomBlockReplicationPolicy for block replication policy
[2026-05-14T11:50:10.576+0000] {subprocess.py:93} INFO - 26/05/14 11:50:10 INFO BlockManagerMaster: Registering BlockManager BlockManagerId(driver, e8a9653e4a1b, 43769, None)
[2026-05-14T11:50:10.587+0000] {subprocess.py:93} INFO - 26/05/14 11:50:10 INFO BlockManagerMasterEndpoint: Registering block manager e8a9653e4a1b:43769 with 434.4 MiB RAM, BlockManagerId(driver, e8a9653e4a1b, 43769, None)
[2026-05-14T11:50:10.595+0000] {subprocess.py:93} INFO - 26/05/14 11:50:10 INFO BlockManagerMaster: Registered BlockManager BlockManagerId(driver, e8a9653e4a1b, 43769, None)
[2026-05-14T11:50:10.601+0000] {subprocess.py:93} INFO - 26/05/14 11:50:10 INFO BlockManager: Initialized BlockManager: BlockManagerId(driver, e8a9653e4a1b, 43769, None)
[2026-05-14T11:50:10.622+0000] {subprocess.py:93} INFO - 26/05/14 11:50:10 INFO StandaloneAppClient$ClientEndpoint: Executor updated: app-20260514115010-0008/0 is now RUNNING
[2026-05-14T11:50:10.926+0000] {subprocess.py:93} INFO - 26/05/14 11:50:10 INFO StandaloneSchedulerBackend: SchedulerBackend is ready for scheduling beginning after reached minRegisteredResourcesRatio: 0.0
[2026-05-14T11:50:12.991+0000] {subprocess.py:93} INFO - 26/05/14 11:50:12 WARN MetricsConfig: Cannot locate configuration: tried hadoop-metrics2-s3a-file-system.properties,hadoop-metrics2.properties
[2026-05-14T11:50:21.766+0000] {subprocess.py:93} INFO - Lecture SILVER terminée
[2026-05-14T11:50:30.770+0000] {subprocess.py:93} INFO - Table articles_par_jour créée
[2026-05-14T11:50:36.906+0000] {subprocess.py:93} INFO - Table articles_par_source créée
[2026-05-14T11:50:42.150+0000] {subprocess.py:93} INFO - Table top_categories créée
[2026-05-14T11:50:46.766+0000] {subprocess.py:93} INFO - Table articles_par_source_jour créée
[2026-05-14T11:50:46.768+0000] {subprocess.py:93} INFO - 
[2026-05-14T11:50:46.769+0000] {subprocess.py:93} INFO - ==============================
[2026-05-14T11:50:46.770+0000] {subprocess.py:93} INFO - GOLD LAYER TERMINÉ
[2026-05-14T11:50:46.772+0000] {subprocess.py:93} INFO - ==============================
[2026-05-14T11:50:47.282+0000] {subprocess.py:97} INFO - Command exited with return code 0
[2026-05-14T11:50:47.284+0000] {taskinstance.py:441} INFO - ::group::Post task execution logs
[2026-05-14T11:50:47.859+0000] {taskinstance.py:1206} INFO - Marking task as SUCCESS. dag_id=medallion_gold_layer, task_id=gold_processing, run_id=scheduled__2026-05-14T11:45:00+00:00, execution_date=20260514T114500, start_date=20260514T115002, end_date=20260514T115047
[2026-05-14T11:50:47.966+0000] {local_task_job_runner.py:240} INFO - Task exited with return code 0
[2026-05-14T11:50:48.101+0000] {taskinstance.py:3498} INFO - 0 downstream tasks scheduled from follow-on schedule check
[2026-05-14T11:50:48.106+0000] {local_task_job_runner.py:222} INFO - ::endgroup::
