[2026-05-17T02:25:05.471+0000] {local_task_job_runner.py:120} INFO - ::group::Pre task execution logs
[2026-05-17T02:25:06.538+0000] {taskinstance.py:2076} INFO - Dependencies all met for dep_context=non-requeueable deps ti=<TaskInstance: medallion_gold_layer.gold_processing scheduled__2026-05-17T02:20:00+00:00 [queued]>
[2026-05-17T02:25:06.806+0000] {taskinstance.py:2076} INFO - Dependencies all met for dep_context=requeueable deps ti=<TaskInstance: medallion_gold_layer.gold_processing scheduled__2026-05-17T02:20:00+00:00 [queued]>
[2026-05-17T02:25:06.852+0000] {taskinstance.py:2306} INFO - Starting attempt 1 of 2
[2026-05-17T02:25:07.233+0000] {taskinstance.py:2330} INFO - Executing <Task(BashOperator): gold_processing> on 2026-05-17 02:20:00+00:00
[2026-05-17T02:25:07.286+0000] {standard_task_runner.py:63} INFO - Started process 65866 to run task
[2026-05-17T02:25:07.330+0000] {standard_task_runner.py:90} INFO - Running: ['airflow', 'tasks', 'run', 'medallion_gold_layer', 'gold_processing', 'scheduled__2026-05-17T02:20:00+00:00', '--job-id', '172', '--raw', '--subdir', 'DAGS_FOLDER/gold_layer_dag.py', '--cfg-path', '/tmp/tmppyv7nnx9']
[2026-05-17T02:25:07.381+0000] {standard_task_runner.py:91} INFO - Job 172: Subtask gold_processing
[2026-05-17T02:25:09.210+0000] {task_command.py:426} INFO - Running <TaskInstance: medallion_gold_layer.gold_processing scheduled__2026-05-17T02:20:00+00:00 [running]> on host e8a9653e4a1b
[2026-05-17T02:25:11.366+0000] {taskinstance.py:2648} INFO - Exporting env vars: AIRFLOW_CTX_DAG_OWNER='anass' AIRFLOW_CTX_DAG_ID='medallion_gold_layer' AIRFLOW_CTX_TASK_ID='gold_processing' AIRFLOW_CTX_EXECUTION_DATE='2026-05-17T02:20:00+00:00' AIRFLOW_CTX_TRY_NUMBER='1' AIRFLOW_CTX_DAG_RUN_ID='scheduled__2026-05-17T02:20:00+00:00'
[2026-05-17T02:25:11.370+0000] {taskinstance.py:430} INFO - ::endgroup::
[2026-05-17T02:25:11.664+0000] {subprocess.py:63} INFO - Tmp dir root location: /tmp
[2026-05-17T02:25:11.682+0000] {subprocess.py:75} INFO - Running command: ['/usr/bin/bash', '-c', '\n    spark-submit     --master spark://spark-master:7077     --executor-memory 512M     --executor-cores 1     --total-executor-cores 1     --jars /opt/airflow/jars/aws-java-sdk-bundle-1.12.262.jar,/opt/airflow/jars/hadoop-aws-3.3.4.jar,/opt/airflow/jars/postgresql-42.7.3.jar     /opt/spark_jobs/gold_processor.py\n    ']
[2026-05-17T02:25:11.828+0000] {subprocess.py:86} INFO - Output:
[2026-05-17T02:25:49.547+0000] {subprocess.py:93} INFO - 26/05/17 02:25:49 WARN NativeCodeLoader: Unable to load native-hadoop library for your platform... using builtin-java classes where applicable
[2026-05-17T02:26:10.331+0000] {subprocess.py:93} INFO - 26/05/17 02:26:10 INFO SparkContext: Running Spark version 3.5.1
[2026-05-17T02:26:10.347+0000] {subprocess.py:93} INFO - 26/05/17 02:26:10 INFO SparkContext: OS info Linux, 6.6.87.2-microsoft-standard-WSL2, amd64
[2026-05-17T02:26:10.386+0000] {subprocess.py:93} INFO - 26/05/17 02:26:10 INFO SparkContext: Java version 17.0.19
[2026-05-17T02:26:11.042+0000] {subprocess.py:93} INFO - 26/05/17 02:26:11 INFO ResourceUtils: ==============================================================
[2026-05-17T02:26:11.057+0000] {subprocess.py:93} INFO - 26/05/17 02:26:11 INFO ResourceUtils: No custom resources configured for spark.driver.
[2026-05-17T02:26:11.071+0000] {subprocess.py:93} INFO - 26/05/17 02:26:11 INFO ResourceUtils: ==============================================================
[2026-05-17T02:26:11.079+0000] {subprocess.py:93} INFO - 26/05/17 02:26:11 INFO SparkContext: Submitted application: GoldLayerProcessor
[2026-05-17T02:26:11.584+0000] {subprocess.py:93} INFO - 26/05/17 02:26:11 INFO ResourceProfile: Default ResourceProfile created, executor resources: Map(cores -> name: cores, amount: 1, script: , vendor: , memory -> name: memory, amount: 512, script: , vendor: , offHeap -> name: offHeap, amount: 0, script: , vendor: ), task resources: Map(cpus -> name: cpus, amount: 1.0)
[2026-05-17T02:26:11.868+0000] {subprocess.py:93} INFO - 26/05/17 02:26:11 INFO ResourceProfile: Limiting resource is cpus at 1 tasks per executor
[2026-05-17T02:26:11.949+0000] {subprocess.py:93} INFO - 26/05/17 02:26:11 INFO ResourceProfileManager: Added ResourceProfile id: 0
[2026-05-17T02:26:14.142+0000] {subprocess.py:93} INFO - 26/05/17 02:26:14 INFO SecurityManager: Changing view acls to: airflow
[2026-05-17T02:26:14.159+0000] {subprocess.py:93} INFO - 26/05/17 02:26:14 INFO SecurityManager: Changing modify acls to: airflow
[2026-05-17T02:26:14.176+0000] {subprocess.py:93} INFO - 26/05/17 02:26:14 INFO SecurityManager: Changing view acls groups to:
[2026-05-17T02:26:14.210+0000] {subprocess.py:93} INFO - 26/05/17 02:26:14 INFO SecurityManager: Changing modify acls groups to:
[2026-05-17T02:26:14.226+0000] {subprocess.py:93} INFO - 26/05/17 02:26:14 INFO SecurityManager: SecurityManager: authentication disabled; ui acls disabled; users with view permissions: airflow; groups with view permissions: EMPTY; users with modify permissions: airflow; groups with modify permissions: EMPTY
[2026-05-17T02:26:19.687+0000] {subprocess.py:93} INFO - 26/05/17 02:26:19 INFO Utils: Successfully started service 'sparkDriver' on port 34617.
[2026-05-17T02:26:20.487+0000] {subprocess.py:93} INFO - 26/05/17 02:26:20 INFO SparkEnv: Registering MapOutputTracker
[2026-05-17T02:26:21.572+0000] {subprocess.py:93} INFO - 26/05/17 02:26:21 INFO SparkEnv: Registering BlockManagerMaster
[2026-05-17T02:26:22.187+0000] {subprocess.py:93} INFO - 26/05/17 02:26:22 INFO BlockManagerMasterEndpoint: Using org.apache.spark.storage.DefaultTopologyMapper for getting topology information
[2026-05-17T02:26:22.194+0000] {subprocess.py:93} INFO - 26/05/17 02:26:22 INFO BlockManagerMasterEndpoint: BlockManagerMasterEndpoint up
[2026-05-17T02:26:22.301+0000] {subprocess.py:93} INFO - 26/05/17 02:26:22 INFO SparkEnv: Registering BlockManagerMasterHeartbeat
[2026-05-17T02:26:22.740+0000] {subprocess.py:93} INFO - 26/05/17 02:26:22 INFO DiskBlockManager: Created local directory at /tmp/blockmgr-b8228af8-521b-4f74-82ca-d63e00447f5c
[2026-05-17T02:26:23.110+0000] {subprocess.py:93} INFO - 26/05/17 02:26:23 INFO MemoryStore: MemoryStore started with capacity 434.4 MiB
[2026-05-17T02:26:23.484+0000] {subprocess.py:93} INFO - 26/05/17 02:26:23 INFO SparkEnv: Registering OutputCommitCoordinator
[2026-05-17T02:26:25.839+0000] {subprocess.py:93} INFO - 26/05/17 02:26:25 INFO JettyUtils: Start Jetty 0.0.0.0:4040 for SparkUI
[2026-05-17T02:26:27.214+0000] {subprocess.py:93} INFO - 26/05/17 02:26:27 INFO Utils: Successfully started service 'SparkUI' on port 4040.
[2026-05-17T02:26:27.972+0000] {subprocess.py:93} INFO - 26/05/17 02:26:27 INFO SparkContext: Added JAR file:///opt/airflow/jars/aws-java-sdk-bundle-1.12.262.jar at spark://e8a9653e4a1b:34617/jars/aws-java-sdk-bundle-1.12.262.jar with timestamp 1778984770198
[2026-05-17T02:26:27.980+0000] {subprocess.py:93} INFO - 26/05/17 02:26:27 INFO SparkContext: Added JAR file:///opt/airflow/jars/hadoop-aws-3.3.4.jar at spark://e8a9653e4a1b:34617/jars/hadoop-aws-3.3.4.jar with timestamp 1778984770198
[2026-05-17T02:26:27.988+0000] {subprocess.py:93} INFO - 26/05/17 02:26:27 INFO SparkContext: Added JAR file:///opt/airflow/jars/postgresql-42.7.3.jar at spark://e8a9653e4a1b:34617/jars/postgresql-42.7.3.jar with timestamp 1778984770198
[2026-05-17T02:26:29.159+0000] {subprocess.py:93} INFO - 26/05/17 02:26:29 INFO StandaloneAppClient$ClientEndpoint: Connecting to master spark://spark-master:7077...
[2026-05-17T02:26:30.114+0000] {subprocess.py:93} INFO - 26/05/17 02:26:30 INFO TransportClientFactory: Successfully created connection to spark-master/172.18.0.6:7077 after 537 ms (0 ms spent in bootstraps)
[2026-05-17T02:26:31.778+0000] {subprocess.py:93} INFO - 26/05/17 02:26:31 INFO StandaloneSchedulerBackend: Connected to Spark cluster with app ID app-20260517022631-0171
[2026-05-17T02:26:31.801+0000] {subprocess.py:93} INFO - 26/05/17 02:26:31 INFO StandaloneAppClient$ClientEndpoint: Executor added: app-20260517022631-0171/0 on worker-20260514105200-172.18.0.13-40347 (172.18.0.13:40347) with 1 core(s)
[2026-05-17T02:26:31.824+0000] {subprocess.py:93} INFO - 26/05/17 02:26:31 INFO StandaloneSchedulerBackend: Granted executor ID app-20260517022631-0171/0 on hostPort 172.18.0.13:40347 with 1 core(s), 512.0 MiB RAM
[2026-05-17T02:26:31.882+0000] {subprocess.py:93} INFO - 26/05/17 02:26:31 INFO Utils: Successfully started service 'org.apache.spark.network.netty.NettyBlockTransferService' on port 45823.
[2026-05-17T02:26:31.892+0000] {subprocess.py:93} INFO - 26/05/17 02:26:31 INFO NettyBlockTransferService: Server created on e8a9653e4a1b:45823
[2026-05-17T02:26:31.902+0000] {subprocess.py:93} INFO - 26/05/17 02:26:31 INFO BlockManager: Using org.apache.spark.storage.RandomBlockReplicationPolicy for block replication policy
[2026-05-17T02:26:32.036+0000] {subprocess.py:93} INFO - 26/05/17 02:26:32 INFO BlockManagerMaster: Registering BlockManager BlockManagerId(driver, e8a9653e4a1b, 45823, None)
[2026-05-17T02:26:32.102+0000] {subprocess.py:93} INFO - 26/05/17 02:26:32 INFO StandaloneAppClient$ClientEndpoint: Executor updated: app-20260517022631-0171/0 is now RUNNING
[2026-05-17T02:26:32.118+0000] {subprocess.py:93} INFO - 26/05/17 02:26:32 INFO BlockManagerMasterEndpoint: Registering block manager e8a9653e4a1b:45823 with 434.4 MiB RAM, BlockManagerId(driver, e8a9653e4a1b, 45823, None)
[2026-05-17T02:26:32.169+0000] {subprocess.py:93} INFO - 26/05/17 02:26:32 INFO BlockManagerMaster: Registered BlockManager BlockManagerId(driver, e8a9653e4a1b, 45823, None)
[2026-05-17T02:26:32.189+0000] {subprocess.py:93} INFO - 26/05/17 02:26:32 INFO BlockManager: Initialized BlockManager: BlockManagerId(driver, e8a9653e4a1b, 45823, None)
[2026-05-17T02:26:38.354+0000] {subprocess.py:93} INFO - 26/05/17 02:26:38 INFO StandaloneSchedulerBackend: SchedulerBackend is ready for scheduling beginning after reached minRegisteredResourcesRatio: 0.0
[2026-05-17T02:27:14.680+0000] {subprocess.py:93} INFO - 26/05/17 02:27:14 WARN MetricsConfig: Cannot locate configuration: tried hadoop-metrics2-s3a-file-system.properties,hadoop-metrics2.properties
[2026-05-17T02:29:22.801+0000] {subprocess.py:93} INFO - Lecture SILVER terminée
[2026-05-17T02:32:26.344+0000] {subprocess.py:93} INFO - Table articles_par_jour créée
[2026-05-17T02:34:09.477+0000] {subprocess.py:93} INFO - Table articles_par_source créée
[2026-05-17T02:35:23.678+0000] {subprocess.py:93} INFO - Table top_categories créée
[2026-05-17T02:36:30.805+0000] {subprocess.py:93} INFO - Table articles_par_source_jour créée
[2026-05-17T02:36:30.813+0000] {subprocess.py:93} INFO - 
[2026-05-17T02:36:30.826+0000] {subprocess.py:93} INFO - ==============================
[2026-05-17T02:36:30.829+0000] {subprocess.py:93} INFO - GOLD LAYER TERMINÉ
[2026-05-17T02:36:30.851+0000] {subprocess.py:93} INFO - ==============================
[2026-05-17T02:36:36.270+0000] {subprocess.py:97} INFO - Command exited with return code 0
[2026-05-17T02:36:36.278+0000] {taskinstance.py:441} INFO - ::group::Post task execution logs
[2026-05-17T02:36:40.012+0000] {taskinstance.py:1206} INFO - Marking task as SUCCESS. dag_id=medallion_gold_layer, task_id=gold_processing, run_id=scheduled__2026-05-17T02:20:00+00:00, execution_date=20260517T022000, start_date=20260517T022506, end_date=20260517T023640
[2026-05-17T02:36:41.061+0000] {local_task_job_runner.py:240} INFO - Task exited with return code 0
[2026-05-17T02:36:41.364+0000] {taskinstance.py:3498} INFO - 0 downstream tasks scheduled from follow-on schedule check
[2026-05-17T02:36:41.389+0000] {local_task_job_runner.py:222} INFO - ::endgroup::
