[2026-05-17T02:50:04.542+0000] {local_task_job_runner.py:120} INFO - ::group::Pre task execution logs
[2026-05-17T02:50:04.870+0000] {taskinstance.py:2076} INFO - Dependencies all met for dep_context=non-requeueable deps ti=<TaskInstance: medallion_gold_layer.gold_processing scheduled__2026-05-17T02:45:00+00:00 [queued]>
[2026-05-17T02:50:04.954+0000] {taskinstance.py:2076} INFO - Dependencies all met for dep_context=requeueable deps ti=<TaskInstance: medallion_gold_layer.gold_processing scheduled__2026-05-17T02:45:00+00:00 [queued]>
[2026-05-17T02:50:04.957+0000] {taskinstance.py:2306} INFO - Starting attempt 1 of 2
[2026-05-17T02:50:05.067+0000] {taskinstance.py:2330} INFO - Executing <Task(BashOperator): gold_processing> on 2026-05-17 02:45:00+00:00
[2026-05-17T02:50:05.090+0000] {standard_task_runner.py:63} INFO - Started process 67276 to run task
[2026-05-17T02:50:05.111+0000] {standard_task_runner.py:90} INFO - Running: ['airflow', 'tasks', 'run', 'medallion_gold_layer', 'gold_processing', 'scheduled__2026-05-17T02:45:00+00:00', '--job-id', '175', '--raw', '--subdir', 'DAGS_FOLDER/gold_layer_dag.py', '--cfg-path', '/tmp/tmpxrqjnfvu']
[2026-05-17T02:50:05.126+0000] {standard_task_runner.py:91} INFO - Job 175: Subtask gold_processing
[2026-05-17T02:50:07.266+0000] {task_command.py:426} INFO - Running <TaskInstance: medallion_gold_layer.gold_processing scheduled__2026-05-17T02:45:00+00:00 [running]> on host e8a9653e4a1b
[2026-05-17T02:50:10.733+0000] {taskinstance.py:2648} INFO - Exporting env vars: AIRFLOW_CTX_DAG_OWNER='anass' AIRFLOW_CTX_DAG_ID='medallion_gold_layer' AIRFLOW_CTX_TASK_ID='gold_processing' AIRFLOW_CTX_EXECUTION_DATE='2026-05-17T02:45:00+00:00' AIRFLOW_CTX_TRY_NUMBER='1' AIRFLOW_CTX_DAG_RUN_ID='scheduled__2026-05-17T02:45:00+00:00'
[2026-05-17T02:50:10.737+0000] {taskinstance.py:430} INFO - ::endgroup::
[2026-05-17T02:50:10.839+0000] {subprocess.py:63} INFO - Tmp dir root location: /tmp
[2026-05-17T02:50:10.848+0000] {subprocess.py:75} INFO - Running command: ['/usr/bin/bash', '-c', '\n    spark-submit     --master spark://spark-master:7077     --executor-memory 512M     --executor-cores 1     --total-executor-cores 1     --jars /opt/airflow/jars/aws-java-sdk-bundle-1.12.262.jar,/opt/airflow/jars/hadoop-aws-3.3.4.jar,/opt/airflow/jars/postgresql-42.7.3.jar     /opt/spark_jobs/gold_processor.py\n    ']
[2026-05-17T02:50:10.901+0000] {subprocess.py:86} INFO - Output:
[2026-05-17T02:50:38.460+0000] {subprocess.py:93} INFO - 26/05/17 02:50:38 WARN NativeCodeLoader: Unable to load native-hadoop library for your platform... using builtin-java classes where applicable
[2026-05-17T02:50:55.056+0000] {subprocess.py:93} INFO - 26/05/17 02:50:55 INFO SparkContext: Running Spark version 3.5.1
[2026-05-17T02:50:55.071+0000] {subprocess.py:93} INFO - 26/05/17 02:50:55 INFO SparkContext: OS info Linux, 6.6.87.2-microsoft-standard-WSL2, amd64
[2026-05-17T02:50:55.087+0000] {subprocess.py:93} INFO - 26/05/17 02:50:55 INFO SparkContext: Java version 17.0.19
[2026-05-17T02:50:55.960+0000] {subprocess.py:93} INFO - 26/05/17 02:50:55 INFO ResourceUtils: ==============================================================
[2026-05-17T02:50:55.977+0000] {subprocess.py:93} INFO - 26/05/17 02:50:55 INFO ResourceUtils: No custom resources configured for spark.driver.
[2026-05-17T02:50:55.993+0000] {subprocess.py:93} INFO - 26/05/17 02:50:55 INFO ResourceUtils: ==============================================================
[2026-05-17T02:50:56.009+0000] {subprocess.py:93} INFO - 26/05/17 02:50:56 INFO SparkContext: Submitted application: GoldLayerProcessor
[2026-05-17T02:50:56.626+0000] {subprocess.py:93} INFO - 26/05/17 02:50:56 INFO ResourceProfile: Default ResourceProfile created, executor resources: Map(cores -> name: cores, amount: 1, script: , vendor: , memory -> name: memory, amount: 512, script: , vendor: , offHeap -> name: offHeap, amount: 0, script: , vendor: ), task resources: Map(cpus -> name: cpus, amount: 1.0)
[2026-05-17T02:50:56.940+0000] {subprocess.py:93} INFO - 26/05/17 02:50:56 INFO ResourceProfile: Limiting resource is cpus at 1 tasks per executor
[2026-05-17T02:50:57.022+0000] {subprocess.py:93} INFO - 26/05/17 02:50:57 INFO ResourceProfileManager: Added ResourceProfile id: 0
[2026-05-17T02:50:58.407+0000] {subprocess.py:93} INFO - 26/05/17 02:50:58 INFO SecurityManager: Changing view acls to: airflow
[2026-05-17T02:50:58.523+0000] {subprocess.py:93} INFO - 26/05/17 02:50:58 INFO SecurityManager: Changing modify acls to: airflow
[2026-05-17T02:50:58.571+0000] {subprocess.py:93} INFO - 26/05/17 02:50:58 INFO SecurityManager: Changing view acls groups to:
[2026-05-17T02:50:58.622+0000] {subprocess.py:93} INFO - 26/05/17 02:50:58 INFO SecurityManager: Changing modify acls groups to:
[2026-05-17T02:50:58.697+0000] {subprocess.py:93} INFO - 26/05/17 02:50:58 INFO SecurityManager: SecurityManager: authentication disabled; ui acls disabled; users with view permissions: airflow; groups with view permissions: EMPTY; users with modify permissions: airflow; groups with modify permissions: EMPTY
[2026-05-17T02:51:06.227+0000] {subprocess.py:93} INFO - 26/05/17 02:51:06 INFO Utils: Successfully started service 'sparkDriver' on port 35985.
[2026-05-17T02:51:07.035+0000] {subprocess.py:93} INFO - 26/05/17 02:51:07 INFO SparkEnv: Registering MapOutputTracker
[2026-05-17T02:51:08.171+0000] {subprocess.py:93} INFO - 26/05/17 02:51:08 INFO SparkEnv: Registering BlockManagerMaster
[2026-05-17T02:51:08.939+0000] {subprocess.py:93} INFO - 26/05/17 02:51:08 INFO BlockManagerMasterEndpoint: Using org.apache.spark.storage.DefaultTopologyMapper for getting topology information
[2026-05-17T02:51:08.955+0000] {subprocess.py:93} INFO - 26/05/17 02:51:08 INFO BlockManagerMasterEndpoint: BlockManagerMasterEndpoint up
[2026-05-17T02:51:09.070+0000] {subprocess.py:93} INFO - 26/05/17 02:51:09 INFO SparkEnv: Registering BlockManagerMasterHeartbeat
[2026-05-17T02:51:09.664+0000] {subprocess.py:93} INFO - 26/05/17 02:51:09 INFO DiskBlockManager: Created local directory at /tmp/blockmgr-b9884ea8-900d-4684-ba23-24ef0d8e8a23
[2026-05-17T02:51:10.038+0000] {subprocess.py:93} INFO - 26/05/17 02:51:10 INFO MemoryStore: MemoryStore started with capacity 434.4 MiB
[2026-05-17T02:51:10.385+0000] {subprocess.py:93} INFO - 26/05/17 02:51:10 INFO SparkEnv: Registering OutputCommitCoordinator
[2026-05-17T02:51:12.556+0000] {subprocess.py:93} INFO - 26/05/17 02:51:12 INFO JettyUtils: Start Jetty 0.0.0.0:4040 for SparkUI
[2026-05-17T02:51:13.974+0000] {subprocess.py:93} INFO - 26/05/17 02:51:13 INFO Utils: Successfully started service 'SparkUI' on port 4040.
[2026-05-17T02:51:14.852+0000] {subprocess.py:93} INFO - 26/05/17 02:51:14 INFO SparkContext: Added JAR file:///opt/airflow/jars/aws-java-sdk-bundle-1.12.262.jar at spark://e8a9653e4a1b:35985/jars/aws-java-sdk-bundle-1.12.262.jar with timestamp 1778986254857
[2026-05-17T02:51:14.867+0000] {subprocess.py:93} INFO - 26/05/17 02:51:14 INFO SparkContext: Added JAR file:///opt/airflow/jars/hadoop-aws-3.3.4.jar at spark://e8a9653e4a1b:35985/jars/hadoop-aws-3.3.4.jar with timestamp 1778986254857
[2026-05-17T02:51:14.882+0000] {subprocess.py:93} INFO - 26/05/17 02:51:14 INFO SparkContext: Added JAR file:///opt/airflow/jars/postgresql-42.7.3.jar at spark://e8a9653e4a1b:35985/jars/postgresql-42.7.3.jar with timestamp 1778986254857
[2026-05-17T02:51:17.236+0000] {subprocess.py:93} INFO - 26/05/17 02:51:17 INFO StandaloneAppClient$ClientEndpoint: Connecting to master spark://spark-master:7077...
[2026-05-17T02:51:19.007+0000] {subprocess.py:93} INFO - 26/05/17 02:51:19 INFO TransportClientFactory: Successfully created connection to spark-master/172.18.0.6:7077 after 1115 ms (0 ms spent in bootstraps)
[2026-05-17T02:51:21.592+0000] {subprocess.py:93} INFO - 26/05/17 02:51:21 INFO StandaloneSchedulerBackend: Connected to Spark cluster with app ID app-20260517025121-0174
[2026-05-17T02:51:21.690+0000] {subprocess.py:93} INFO - 26/05/17 02:51:21 INFO StandaloneAppClient$ClientEndpoint: Executor added: app-20260517025121-0174/0 on worker-20260514105200-172.18.0.13-40347 (172.18.0.13:40347) with 1 core(s)
[2026-05-17T02:51:21.779+0000] {subprocess.py:93} INFO - 26/05/17 02:51:21 INFO StandaloneSchedulerBackend: Granted executor ID app-20260517025121-0174/0 on hostPort 172.18.0.13:40347 with 1 core(s), 512.0 MiB RAM
[2026-05-17T02:51:21.982+0000] {subprocess.py:93} INFO - 26/05/17 02:51:21 INFO Utils: Successfully started service 'org.apache.spark.network.netty.NettyBlockTransferService' on port 42649.
[2026-05-17T02:51:22.002+0000] {subprocess.py:93} INFO - 26/05/17 02:51:21 INFO NettyBlockTransferService: Server created on e8a9653e4a1b:42649
[2026-05-17T02:51:22.030+0000] {subprocess.py:93} INFO - 26/05/17 02:51:22 INFO BlockManager: Using org.apache.spark.storage.RandomBlockReplicationPolicy for block replication policy
[2026-05-17T02:51:22.273+0000] {subprocess.py:93} INFO - 26/05/17 02:51:22 INFO StandaloneAppClient$ClientEndpoint: Executor updated: app-20260517025121-0174/0 is now RUNNING
[2026-05-17T02:51:22.303+0000] {subprocess.py:93} INFO - 26/05/17 02:51:22 INFO BlockManagerMaster: Registering BlockManager BlockManagerId(driver, e8a9653e4a1b, 42649, None)
[2026-05-17T02:51:22.415+0000] {subprocess.py:93} INFO - 26/05/17 02:51:22 INFO BlockManagerMasterEndpoint: Registering block manager e8a9653e4a1b:42649 with 434.4 MiB RAM, BlockManagerId(driver, e8a9653e4a1b, 42649, None)
[2026-05-17T02:51:22.482+0000] {subprocess.py:93} INFO - 26/05/17 02:51:22 INFO BlockManagerMaster: Registered BlockManager BlockManagerId(driver, e8a9653e4a1b, 42649, None)
[2026-05-17T02:51:22.514+0000] {subprocess.py:93} INFO - 26/05/17 02:51:22 INFO BlockManager: Initialized BlockManager: BlockManagerId(driver, e8a9653e4a1b, 42649, None)
[2026-05-17T02:51:28.553+0000] {subprocess.py:93} INFO - 26/05/17 02:51:28 INFO StandaloneSchedulerBackend: SchedulerBackend is ready for scheduling beginning after reached minRegisteredResourcesRatio: 0.0
[2026-05-17T02:52:02.585+0000] {subprocess.py:93} INFO - 26/05/17 02:52:02 WARN MetricsConfig: Cannot locate configuration: tried hadoop-metrics2-s3a-file-system.properties,hadoop-metrics2.properties
[2026-05-17T02:53:52.103+0000] {subprocess.py:93} INFO - Lecture SILVER terminée
[2026-05-17T02:56:04.601+0000] {subprocess.py:93} INFO - Table articles_par_jour créée
[2026-05-17T02:58:06.809+0000] {subprocess.py:93} INFO - Table articles_par_source créée
[2026-05-17T02:59:34.812+0000] {subprocess.py:93} INFO - Table top_categories créée
[2026-05-17T03:01:27.648+0000] {subprocess.py:93} INFO - Table articles_par_source_jour créée
[2026-05-17T03:01:27.654+0000] {subprocess.py:93} INFO - 
[2026-05-17T03:01:27.659+0000] {subprocess.py:93} INFO - ==============================
[2026-05-17T03:01:27.665+0000] {subprocess.py:93} INFO - GOLD LAYER TERMINÉ
[2026-05-17T03:01:27.698+0000] {subprocess.py:93} INFO - ==============================
[2026-05-17T03:01:32.401+0000] {subprocess.py:97} INFO - Command exited with return code 0
[2026-05-17T03:01:32.406+0000] {taskinstance.py:441} INFO - ::group::Post task execution logs
[2026-05-17T03:01:36.015+0000] {taskinstance.py:1206} INFO - Marking task as SUCCESS. dag_id=medallion_gold_layer, task_id=gold_processing, run_id=scheduled__2026-05-17T02:45:00+00:00, execution_date=20260517T024500, start_date=20260517T025004, end_date=20260517T030136
[2026-05-17T03:01:36.306+0000] {local_task_job_runner.py:240} INFO - Task exited with return code 0
[2026-05-17T03:01:36.692+0000] {taskinstance.py:3498} INFO - 0 downstream tasks scheduled from follow-on schedule check
[2026-05-17T03:01:36.705+0000] {local_task_job_runner.py:222} INFO - ::endgroup::
