[2026-05-19T09:53:37.288+0000] {local_task_job_runner.py:120} INFO - ::group::Pre task execution logs
[2026-05-19T09:53:37.330+0000] {taskinstance.py:2076} INFO - Dependencies all met for dep_context=non-requeueable deps ti=<TaskInstance: medallion_gold_layer.gold_processing scheduled__2026-05-19T09:45:00+00:00 [queued]>
[2026-05-19T09:53:37.338+0000] {taskinstance.py:2076} INFO - Dependencies all met for dep_context=requeueable deps ti=<TaskInstance: medallion_gold_layer.gold_processing scheduled__2026-05-19T09:45:00+00:00 [queued]>
[2026-05-19T09:53:37.339+0000] {taskinstance.py:2306} INFO - Starting attempt 1 of 2
[2026-05-19T09:53:37.353+0000] {taskinstance.py:2330} INFO - Executing <Task(BashOperator): gold_processing> on 2026-05-19 09:45:00+00:00
[2026-05-19T09:53:37.358+0000] {standard_task_runner.py:63} INFO - Started process 4464 to run task
[2026-05-19T09:53:37.361+0000] {standard_task_runner.py:90} INFO - Running: ['airflow', 'tasks', 'run', 'medallion_gold_layer', 'gold_processing', 'scheduled__2026-05-19T09:45:00+00:00', '--job-id', '291', '--raw', '--subdir', 'DAGS_FOLDER/gold_layer_dag.py', '--cfg-path', '/tmp/tmpvzz8q04b']
[2026-05-19T09:53:37.363+0000] {standard_task_runner.py:91} INFO - Job 291: Subtask gold_processing
[2026-05-19T09:53:37.465+0000] {task_command.py:426} INFO - Running <TaskInstance: medallion_gold_layer.gold_processing scheduled__2026-05-19T09:45:00+00:00 [running]> on host c43074c3fd7c
[2026-05-19T09:53:37.667+0000] {taskinstance.py:2648} INFO - Exporting env vars: AIRFLOW_CTX_DAG_OWNER='ikram' AIRFLOW_CTX_DAG_ID='medallion_gold_layer' AIRFLOW_CTX_TASK_ID='gold_processing' AIRFLOW_CTX_EXECUTION_DATE='2026-05-19T09:45:00+00:00' AIRFLOW_CTX_TRY_NUMBER='1' AIRFLOW_CTX_DAG_RUN_ID='scheduled__2026-05-19T09:45:00+00:00'
[2026-05-19T09:53:37.668+0000] {taskinstance.py:430} INFO - ::endgroup::
[2026-05-19T09:53:37.679+0000] {subprocess.py:63} INFO - Tmp dir root location: /tmp
[2026-05-19T09:53:37.680+0000] {subprocess.py:75} INFO - Running command: ['/usr/bin/bash', '-c', '\n    spark-submit     --master spark://spark-master:7077     --executor-memory 512M     --executor-cores 1     --total-executor-cores 1     --jars /opt/airflow/jars/aws-java-sdk-bundle-1.12.262.jar,/opt/airflow/jars/hadoop-aws-3.3.4.jar,/opt/airflow/jars/postgresql-42.7.3.jar     /opt/spark_jobs/gold_processor.py\n    ']
[2026-05-19T09:53:37.688+0000] {subprocess.py:86} INFO - Output:
[2026-05-19T09:53:39.110+0000] {subprocess.py:93} INFO - 26/05/19 09:53:39 WARN NativeCodeLoader: Unable to load native-hadoop library for your platform... using builtin-java classes where applicable
[2026-05-19T09:53:40.091+0000] {subprocess.py:93} INFO - 26/05/19 09:53:40 INFO SparkContext: Running Spark version 3.5.1
[2026-05-19T09:53:40.092+0000] {subprocess.py:93} INFO - 26/05/19 09:53:40 INFO SparkContext: OS info Linux, 6.6.87.2-microsoft-standard-WSL2, amd64
[2026-05-19T09:53:40.092+0000] {subprocess.py:93} INFO - 26/05/19 09:53:40 INFO SparkContext: Java version 17.0.19
[2026-05-19T09:53:40.113+0000] {subprocess.py:93} INFO - 26/05/19 09:53:40 INFO ResourceUtils: ==============================================================
[2026-05-19T09:53:40.113+0000] {subprocess.py:93} INFO - 26/05/19 09:53:40 INFO ResourceUtils: No custom resources configured for spark.driver.
[2026-05-19T09:53:40.114+0000] {subprocess.py:93} INFO - 26/05/19 09:53:40 INFO ResourceUtils: ==============================================================
[2026-05-19T09:53:40.114+0000] {subprocess.py:93} INFO - 26/05/19 09:53:40 INFO SparkContext: Submitted application: GoldLayerProcessor
[2026-05-19T09:53:40.128+0000] {subprocess.py:93} INFO - 26/05/19 09:53:40 INFO ResourceProfile: Default ResourceProfile created, executor resources: Map(cores -> name: cores, amount: 1, script: , vendor: , memory -> name: memory, amount: 512, script: , vendor: , offHeap -> name: offHeap, amount: 0, script: , vendor: ), task resources: Map(cpus -> name: cpus, amount: 1.0)
[2026-05-19T09:53:40.134+0000] {subprocess.py:93} INFO - 26/05/19 09:53:40 INFO ResourceProfile: Limiting resource is cpus at 1 tasks per executor
[2026-05-19T09:53:40.136+0000] {subprocess.py:93} INFO - 26/05/19 09:53:40 INFO ResourceProfileManager: Added ResourceProfile id: 0
[2026-05-19T09:53:40.175+0000] {subprocess.py:93} INFO - 26/05/19 09:53:40 INFO SecurityManager: Changing view acls to: airflow
[2026-05-19T09:53:40.175+0000] {subprocess.py:93} INFO - 26/05/19 09:53:40 INFO SecurityManager: Changing modify acls to: airflow
[2026-05-19T09:53:40.176+0000] {subprocess.py:93} INFO - 26/05/19 09:53:40 INFO SecurityManager: Changing view acls groups to:
[2026-05-19T09:53:40.176+0000] {subprocess.py:93} INFO - 26/05/19 09:53:40 INFO SecurityManager: Changing modify acls groups to:
[2026-05-19T09:53:40.177+0000] {subprocess.py:93} INFO - 26/05/19 09:53:40 INFO SecurityManager: SecurityManager: authentication disabled; ui acls disabled; users with view permissions: airflow; groups with view permissions: EMPTY; users with modify permissions: airflow; groups with modify permissions: EMPTY
[2026-05-19T09:53:40.337+0000] {subprocess.py:93} INFO - 26/05/19 09:53:40 INFO Utils: Successfully started service 'sparkDriver' on port 41547.
[2026-05-19T09:53:40.370+0000] {subprocess.py:93} INFO - 26/05/19 09:53:40 INFO SparkEnv: Registering MapOutputTracker
[2026-05-19T09:53:40.411+0000] {subprocess.py:93} INFO - 26/05/19 09:53:40 INFO SparkEnv: Registering BlockManagerMaster
[2026-05-19T09:53:40.442+0000] {subprocess.py:93} INFO - 26/05/19 09:53:40 INFO BlockManagerMasterEndpoint: Using org.apache.spark.storage.DefaultTopologyMapper for getting topology information
[2026-05-19T09:53:40.443+0000] {subprocess.py:93} INFO - 26/05/19 09:53:40 INFO BlockManagerMasterEndpoint: BlockManagerMasterEndpoint up
[2026-05-19T09:53:40.446+0000] {subprocess.py:93} INFO - 26/05/19 09:53:40 INFO SparkEnv: Registering BlockManagerMasterHeartbeat
[2026-05-19T09:53:40.478+0000] {subprocess.py:93} INFO - 26/05/19 09:53:40 INFO DiskBlockManager: Created local directory at /tmp/blockmgr-946b2dcd-ba08-4a24-aa1f-9b76dcc0c52a
[2026-05-19T09:53:40.504+0000] {subprocess.py:93} INFO - 26/05/19 09:53:40 INFO MemoryStore: MemoryStore started with capacity 434.4 MiB
[2026-05-19T09:53:40.534+0000] {subprocess.py:93} INFO - 26/05/19 09:53:40 INFO SparkEnv: Registering OutputCommitCoordinator
[2026-05-19T09:53:40.697+0000] {subprocess.py:93} INFO - 26/05/19 09:53:40 INFO JettyUtils: Start Jetty 0.0.0.0:4040 for SparkUI
[2026-05-19T09:53:40.780+0000] {subprocess.py:93} INFO - 26/05/19 09:53:40 INFO Utils: Successfully started service 'SparkUI' on port 4040.
[2026-05-19T09:53:40.803+0000] {subprocess.py:93} INFO - 26/05/19 09:53:40 INFO SparkContext: Added JAR file:///opt/airflow/jars/aws-java-sdk-bundle-1.12.262.jar at spark://c43074c3fd7c:41547/jars/aws-java-sdk-bundle-1.12.262.jar with timestamp 1779184420085
[2026-05-19T09:53:40.804+0000] {subprocess.py:93} INFO - 26/05/19 09:53:40 INFO SparkContext: Added JAR file:///opt/airflow/jars/hadoop-aws-3.3.4.jar at spark://c43074c3fd7c:41547/jars/hadoop-aws-3.3.4.jar with timestamp 1779184420085
[2026-05-19T09:53:40.805+0000] {subprocess.py:93} INFO - 26/05/19 09:53:40 INFO SparkContext: Added JAR file:///opt/airflow/jars/postgresql-42.7.3.jar at spark://c43074c3fd7c:41547/jars/postgresql-42.7.3.jar with timestamp 1779184420085
[2026-05-19T09:53:40.865+0000] {subprocess.py:93} INFO - 26/05/19 09:53:40 INFO StandaloneAppClient$ClientEndpoint: Connecting to master spark://spark-master:7077...
[2026-05-19T09:53:40.912+0000] {subprocess.py:93} INFO - 26/05/19 09:53:40 INFO TransportClientFactory: Successfully created connection to spark-master/172.18.0.4:7077 after 15 ms (0 ms spent in bootstraps)
[2026-05-19T09:53:40.963+0000] {subprocess.py:93} INFO - 26/05/19 09:53:40 INFO StandaloneSchedulerBackend: Connected to Spark cluster with app ID app-20260519095340-0021
[2026-05-19T09:53:40.964+0000] {subprocess.py:93} INFO - 26/05/19 09:53:40 INFO StandaloneAppClient$ClientEndpoint: Executor added: app-20260519095340-0021/0 on worker-20260518211503-172.18.0.3-40747 (172.18.0.3:40747) with 1 core(s)
[2026-05-19T09:53:40.965+0000] {subprocess.py:93} INFO - 26/05/19 09:53:40 INFO StandaloneSchedulerBackend: Granted executor ID app-20260519095340-0021/0 on hostPort 172.18.0.3:40747 with 1 core(s), 512.0 MiB RAM
[2026-05-19T09:53:40.971+0000] {subprocess.py:93} INFO - 26/05/19 09:53:40 INFO Utils: Successfully started service 'org.apache.spark.network.netty.NettyBlockTransferService' on port 43807.
[2026-05-19T09:53:40.971+0000] {subprocess.py:93} INFO - 26/05/19 09:53:40 INFO NettyBlockTransferService: Server created on c43074c3fd7c:43807
[2026-05-19T09:53:40.973+0000] {subprocess.py:93} INFO - 26/05/19 09:53:40 INFO BlockManager: Using org.apache.spark.storage.RandomBlockReplicationPolicy for block replication policy
[2026-05-19T09:53:40.978+0000] {subprocess.py:93} INFO - 26/05/19 09:53:40 INFO BlockManagerMaster: Registering BlockManager BlockManagerId(driver, c43074c3fd7c, 43807, None)
[2026-05-19T09:53:40.981+0000] {subprocess.py:93} INFO - 26/05/19 09:53:40 INFO BlockManagerMasterEndpoint: Registering block manager c43074c3fd7c:43807 with 434.4 MiB RAM, BlockManagerId(driver, c43074c3fd7c, 43807, None)
[2026-05-19T09:53:40.983+0000] {subprocess.py:93} INFO - 26/05/19 09:53:40 INFO BlockManagerMaster: Registered BlockManager BlockManagerId(driver, c43074c3fd7c, 43807, None)
[2026-05-19T09:53:40.984+0000] {subprocess.py:93} INFO - 26/05/19 09:53:40 INFO BlockManager: Initialized BlockManager: BlockManagerId(driver, c43074c3fd7c, 43807, None)
[2026-05-19T09:53:41.004+0000] {subprocess.py:93} INFO - 26/05/19 09:53:41 INFO StandaloneAppClient$ClientEndpoint: Executor updated: app-20260519095340-0021/0 is now RUNNING
[2026-05-19T09:53:41.258+0000] {subprocess.py:93} INFO - 26/05/19 09:53:41 INFO StandaloneSchedulerBackend: SchedulerBackend is ready for scheduling beginning after reached minRegisteredResourcesRatio: 0.0
[2026-05-19T09:53:42.972+0000] {subprocess.py:93} INFO - 26/05/19 09:53:42 WARN MetricsConfig: Cannot locate configuration: tried hadoop-metrics2-s3a-file-system.properties,hadoop-metrics2.properties
[2026-05-19T09:53:49.195+0000] {subprocess.py:93} INFO - Lecture SILVER terminée
[2026-05-19T09:54:02.817+0000] {subprocess.py:93} INFO - Table articles_par_jour créée
[2026-05-19T09:54:39.972+0000] {subprocess.py:93} INFO - Table articles_par_source créée
[2026-05-19T09:55:07.512+0000] {subprocess.py:93} INFO - Table top_categories créée
[2026-05-19T09:55:32.603+0000] {subprocess.py:93} INFO - Table articles_par_source_jour créée
[2026-05-19T09:55:32.604+0000] {subprocess.py:93} INFO - 
[2026-05-19T09:55:32.605+0000] {subprocess.py:93} INFO - ==============================
[2026-05-19T09:55:32.607+0000] {subprocess.py:93} INFO - GOLD LAYER TERMINÉ
[2026-05-19T09:55:32.608+0000] {subprocess.py:93} INFO - ==============================
[2026-05-19T09:55:33.262+0000] {subprocess.py:97} INFO - Command exited with return code 0
[2026-05-19T09:55:33.264+0000] {taskinstance.py:441} INFO - ::group::Post task execution logs
[2026-05-19T09:55:33.881+0000] {taskinstance.py:1206} INFO - Marking task as SUCCESS. dag_id=medallion_gold_layer, task_id=gold_processing, run_id=scheduled__2026-05-19T09:45:00+00:00, execution_date=20260519T094500, start_date=20260519T095337, end_date=20260519T095533
[2026-05-19T09:55:33.993+0000] {local_task_job_runner.py:240} INFO - Task exited with return code 0
[2026-05-19T09:55:34.114+0000] {taskinstance.py:3498} INFO - 0 downstream tasks scheduled from follow-on schedule check
[2026-05-19T09:55:34.165+0000] {local_task_job_runner.py:222} INFO - ::endgroup::
