[2026-05-16T00:50:05.836+0000] {local_task_job_runner.py:120} INFO - ::group::Pre task execution logs
[2026-05-16T00:50:05.964+0000] {taskinstance.py:2076} INFO - Dependencies all met for dep_context=non-requeueable deps ti=<TaskInstance: medallion_gold_layer.gold_processing scheduled__2026-05-16T00:25:00+00:00 [queued]>
[2026-05-16T00:50:05.975+0000] {taskinstance.py:2076} INFO - Dependencies all met for dep_context=requeueable deps ti=<TaskInstance: medallion_gold_layer.gold_processing scheduled__2026-05-16T00:25:00+00:00 [queued]>
[2026-05-16T00:50:05.976+0000] {taskinstance.py:2306} INFO - Starting attempt 1 of 2
[2026-05-16T00:50:06.032+0000] {taskinstance.py:2330} INFO - Executing <Task(BashOperator): gold_processing> on 2026-05-16 00:25:00+00:00
[2026-05-16T00:50:06.038+0000] {standard_task_runner.py:63} INFO - Started process 37111 to run task
[2026-05-16T00:50:06.042+0000] {standard_task_runner.py:90} INFO - Running: ['airflow', 'tasks', 'run', 'medallion_gold_layer', 'gold_processing', 'scheduled__2026-05-16T00:25:00+00:00', '--job-id', '99', '--raw', '--subdir', 'DAGS_FOLDER/gold_layer_dag.py', '--cfg-path', '/tmp/tmpfsi3x4j3']
[2026-05-16T00:50:06.059+0000] {standard_task_runner.py:91} INFO - Job 99: Subtask gold_processing
[2026-05-16T00:50:06.353+0000] {task_command.py:426} INFO - Running <TaskInstance: medallion_gold_layer.gold_processing scheduled__2026-05-16T00:25:00+00:00 [running]> on host e8a9653e4a1b
[2026-05-16T00:50:06.845+0000] {taskinstance.py:2648} INFO - Exporting env vars: AIRFLOW_CTX_DAG_OWNER='anass' AIRFLOW_CTX_DAG_ID='medallion_gold_layer' AIRFLOW_CTX_TASK_ID='gold_processing' AIRFLOW_CTX_EXECUTION_DATE='2026-05-16T00:25:00+00:00' AIRFLOW_CTX_TRY_NUMBER='1' AIRFLOW_CTX_DAG_RUN_ID='scheduled__2026-05-16T00:25:00+00:00'
[2026-05-16T00:50:06.848+0000] {taskinstance.py:430} INFO - ::endgroup::
[2026-05-16T00:50:06.867+0000] {subprocess.py:63} INFO - Tmp dir root location: /tmp
[2026-05-16T00:50:06.877+0000] {subprocess.py:75} INFO - Running command: ['/usr/bin/bash', '-c', '\n    spark-submit     --master spark://spark-master:7077     --executor-memory 512M     --executor-cores 1     --total-executor-cores 1     --jars /opt/airflow/jars/aws-java-sdk-bundle-1.12.262.jar,/opt/airflow/jars/hadoop-aws-3.3.4.jar,/opt/airflow/jars/postgresql-42.7.3.jar     /opt/spark_jobs/gold_processor.py\n    ']
[2026-05-16T00:50:06.889+0000] {subprocess.py:86} INFO - Output:
[2026-05-16T00:50:09.494+0000] {subprocess.py:93} INFO - 26/05/16 00:50:09 WARN NativeCodeLoader: Unable to load native-hadoop library for your platform... using builtin-java classes where applicable
[2026-05-16T00:50:11.028+0000] {subprocess.py:93} INFO - 26/05/16 00:50:11 INFO SparkContext: Running Spark version 3.5.1
[2026-05-16T00:50:11.030+0000] {subprocess.py:93} INFO - 26/05/16 00:50:11 INFO SparkContext: OS info Linux, 6.6.87.2-microsoft-standard-WSL2, amd64
[2026-05-16T00:50:11.031+0000] {subprocess.py:93} INFO - 26/05/16 00:50:11 INFO SparkContext: Java version 17.0.19
[2026-05-16T00:50:11.059+0000] {subprocess.py:93} INFO - 26/05/16 00:50:11 INFO ResourceUtils: ==============================================================
[2026-05-16T00:50:11.061+0000] {subprocess.py:93} INFO - 26/05/16 00:50:11 INFO ResourceUtils: No custom resources configured for spark.driver.
[2026-05-16T00:50:11.063+0000] {subprocess.py:93} INFO - 26/05/16 00:50:11 INFO ResourceUtils: ==============================================================
[2026-05-16T00:50:11.064+0000] {subprocess.py:93} INFO - 26/05/16 00:50:11 INFO SparkContext: Submitted application: GoldLayerProcessor
[2026-05-16T00:50:11.096+0000] {subprocess.py:93} INFO - 26/05/16 00:50:11 INFO ResourceProfile: Default ResourceProfile created, executor resources: Map(cores -> name: cores, amount: 1, script: , vendor: , memory -> name: memory, amount: 512, script: , vendor: , offHeap -> name: offHeap, amount: 0, script: , vendor: ), task resources: Map(cpus -> name: cpus, amount: 1.0)
[2026-05-16T00:50:11.110+0000] {subprocess.py:93} INFO - 26/05/16 00:50:11 INFO ResourceProfile: Limiting resource is cpus at 1 tasks per executor
[2026-05-16T00:50:11.113+0000] {subprocess.py:93} INFO - 26/05/16 00:50:11 INFO ResourceProfileManager: Added ResourceProfile id: 0
[2026-05-16T00:50:11.174+0000] {subprocess.py:93} INFO - 26/05/16 00:50:11 INFO SecurityManager: Changing view acls to: airflow
[2026-05-16T00:50:11.175+0000] {subprocess.py:93} INFO - 26/05/16 00:50:11 INFO SecurityManager: Changing modify acls to: airflow
[2026-05-16T00:50:11.180+0000] {subprocess.py:93} INFO - 26/05/16 00:50:11 INFO SecurityManager: Changing view acls groups to:
[2026-05-16T00:50:11.181+0000] {subprocess.py:93} INFO - 26/05/16 00:50:11 INFO SecurityManager: Changing modify acls groups to:
[2026-05-16T00:50:11.182+0000] {subprocess.py:93} INFO - 26/05/16 00:50:11 INFO SecurityManager: SecurityManager: authentication disabled; ui acls disabled; users with view permissions: airflow; groups with view permissions: EMPTY; users with modify permissions: airflow; groups with modify permissions: EMPTY
[2026-05-16T00:50:11.410+0000] {subprocess.py:93} INFO - 26/05/16 00:50:11 INFO Utils: Successfully started service 'sparkDriver' on port 36243.
[2026-05-16T00:50:11.442+0000] {subprocess.py:93} INFO - 26/05/16 00:50:11 INFO SparkEnv: Registering MapOutputTracker
[2026-05-16T00:50:11.476+0000] {subprocess.py:93} INFO - 26/05/16 00:50:11 INFO SparkEnv: Registering BlockManagerMaster
[2026-05-16T00:50:11.494+0000] {subprocess.py:93} INFO - 26/05/16 00:50:11 INFO BlockManagerMasterEndpoint: Using org.apache.spark.storage.DefaultTopologyMapper for getting topology information
[2026-05-16T00:50:11.495+0000] {subprocess.py:93} INFO - 26/05/16 00:50:11 INFO BlockManagerMasterEndpoint: BlockManagerMasterEndpoint up
[2026-05-16T00:50:11.499+0000] {subprocess.py:93} INFO - 26/05/16 00:50:11 INFO SparkEnv: Registering BlockManagerMasterHeartbeat
[2026-05-16T00:50:11.516+0000] {subprocess.py:93} INFO - 26/05/16 00:50:11 INFO DiskBlockManager: Created local directory at /tmp/blockmgr-1047aaf9-ee8a-4510-aece-2ffd585d2cd0
[2026-05-16T00:50:11.527+0000] {subprocess.py:93} INFO - 26/05/16 00:50:11 INFO MemoryStore: MemoryStore started with capacity 434.4 MiB
[2026-05-16T00:50:11.544+0000] {subprocess.py:93} INFO - 26/05/16 00:50:11 INFO SparkEnv: Registering OutputCommitCoordinator
[2026-05-16T00:50:11.655+0000] {subprocess.py:93} INFO - 26/05/16 00:50:11 INFO JettyUtils: Start Jetty 0.0.0.0:4040 for SparkUI
[2026-05-16T00:50:11.735+0000] {subprocess.py:93} INFO - 26/05/16 00:50:11 INFO Utils: Successfully started service 'SparkUI' on port 4040.
[2026-05-16T00:50:11.775+0000] {subprocess.py:93} INFO - 26/05/16 00:50:11 INFO SparkContext: Added JAR file:///opt/airflow/jars/aws-java-sdk-bundle-1.12.262.jar at spark://e8a9653e4a1b:36243/jars/aws-java-sdk-bundle-1.12.262.jar with timestamp 1778892611020
[2026-05-16T00:50:11.776+0000] {subprocess.py:93} INFO - 26/05/16 00:50:11 INFO SparkContext: Added JAR file:///opt/airflow/jars/hadoop-aws-3.3.4.jar at spark://e8a9653e4a1b:36243/jars/hadoop-aws-3.3.4.jar with timestamp 1778892611020
[2026-05-16T00:50:11.777+0000] {subprocess.py:93} INFO - 26/05/16 00:50:11 INFO SparkContext: Added JAR file:///opt/airflow/jars/postgresql-42.7.3.jar at spark://e8a9653e4a1b:36243/jars/postgresql-42.7.3.jar with timestamp 1778892611020
[2026-05-16T00:50:11.883+0000] {subprocess.py:93} INFO - 26/05/16 00:50:11 INFO StandaloneAppClient$ClientEndpoint: Connecting to master spark://spark-master:7077...
[2026-05-16T00:50:11.939+0000] {subprocess.py:93} INFO - 26/05/16 00:50:11 INFO TransportClientFactory: Successfully created connection to spark-master/172.18.0.6:7077 after 32 ms (0 ms spent in bootstraps)
[2026-05-16T00:50:12.036+0000] {subprocess.py:93} INFO - 26/05/16 00:50:12 INFO StandaloneSchedulerBackend: Connected to Spark cluster with app ID app-20260516005012-0098
[2026-05-16T00:50:12.042+0000] {subprocess.py:93} INFO - 26/05/16 00:50:12 INFO StandaloneAppClient$ClientEndpoint: Executor added: app-20260516005012-0098/0 on worker-20260514105200-172.18.0.13-40347 (172.18.0.13:40347) with 1 core(s)
[2026-05-16T00:50:12.046+0000] {subprocess.py:93} INFO - 26/05/16 00:50:12 INFO StandaloneSchedulerBackend: Granted executor ID app-20260516005012-0098/0 on hostPort 172.18.0.13:40347 with 1 core(s), 512.0 MiB RAM
[2026-05-16T00:50:12.050+0000] {subprocess.py:93} INFO - 26/05/16 00:50:12 INFO Utils: Successfully started service 'org.apache.spark.network.netty.NettyBlockTransferService' on port 34079.
[2026-05-16T00:50:12.051+0000] {subprocess.py:93} INFO - 26/05/16 00:50:12 INFO NettyBlockTransferService: Server created on e8a9653e4a1b:34079
[2026-05-16T00:50:12.055+0000] {subprocess.py:93} INFO - 26/05/16 00:50:12 INFO BlockManager: Using org.apache.spark.storage.RandomBlockReplicationPolicy for block replication policy
[2026-05-16T00:50:12.067+0000] {subprocess.py:93} INFO - 26/05/16 00:50:12 INFO BlockManagerMaster: Registering BlockManager BlockManagerId(driver, e8a9653e4a1b, 34079, None)
[2026-05-16T00:50:12.073+0000] {subprocess.py:93} INFO - 26/05/16 00:50:12 INFO BlockManagerMasterEndpoint: Registering block manager e8a9653e4a1b:34079 with 434.4 MiB RAM, BlockManagerId(driver, e8a9653e4a1b, 34079, None)
[2026-05-16T00:50:12.077+0000] {subprocess.py:93} INFO - 26/05/16 00:50:12 INFO BlockManagerMaster: Registered BlockManager BlockManagerId(driver, e8a9653e4a1b, 34079, None)
[2026-05-16T00:50:12.080+0000] {subprocess.py:93} INFO - 26/05/16 00:50:12 INFO BlockManager: Initialized BlockManager: BlockManagerId(driver, e8a9653e4a1b, 34079, None)
[2026-05-16T00:50:12.091+0000] {subprocess.py:93} INFO - 26/05/16 00:50:12 INFO StandaloneAppClient$ClientEndpoint: Executor updated: app-20260516005012-0098/0 is now RUNNING
[2026-05-16T00:50:12.478+0000] {subprocess.py:93} INFO - 26/05/16 00:50:12 INFO StandaloneSchedulerBackend: SchedulerBackend is ready for scheduling beginning after reached minRegisteredResourcesRatio: 0.0
[2026-05-16T00:50:13.868+0000] {subprocess.py:93} INFO - 26/05/16 00:50:13 WARN MetricsConfig: Cannot locate configuration: tried hadoop-metrics2-s3a-file-system.properties,hadoop-metrics2.properties
[2026-05-16T00:50:19.574+0000] {subprocess.py:93} INFO - Lecture SILVER terminée
[2026-05-16T00:50:31.957+0000] {subprocess.py:93} INFO - Table articles_par_jour créée
[2026-05-16T00:50:42.402+0000] {subprocess.py:93} INFO - Table articles_par_source créée
[2026-05-16T00:50:54.628+0000] {subprocess.py:93} INFO - Table top_categories créée
[2026-05-16T00:51:05.569+0000] {subprocess.py:93} INFO - Table articles_par_source_jour créée
[2026-05-16T00:51:05.570+0000] {subprocess.py:93} INFO - 
[2026-05-16T00:51:05.571+0000] {subprocess.py:93} INFO - ==============================
[2026-05-16T00:51:05.572+0000] {subprocess.py:93} INFO - GOLD LAYER TERMINÉ
[2026-05-16T00:51:05.573+0000] {subprocess.py:93} INFO - ==============================
[2026-05-16T00:51:06.332+0000] {subprocess.py:97} INFO - Command exited with return code 0
[2026-05-16T00:51:06.335+0000] {taskinstance.py:441} INFO - ::group::Post task execution logs
[2026-05-16T00:51:07.082+0000] {taskinstance.py:1206} INFO - Marking task as SUCCESS. dag_id=medallion_gold_layer, task_id=gold_processing, run_id=scheduled__2026-05-16T00:25:00+00:00, execution_date=20260516T002500, start_date=20260516T005005, end_date=20260516T005107
[2026-05-16T00:51:07.213+0000] {local_task_job_runner.py:240} INFO - Task exited with return code 0
[2026-05-16T00:51:07.312+0000] {taskinstance.py:3498} INFO - 0 downstream tasks scheduled from follow-on schedule check
[2026-05-16T00:51:07.317+0000] {local_task_job_runner.py:222} INFO - ::endgroup::
