[2026-05-19T12:10:01.880+0000] {local_task_job_runner.py:120} INFO - ::group::Pre task execution logs
[2026-05-19T12:10:02.012+0000] {taskinstance.py:2076} INFO - Dependencies all met for dep_context=non-requeueable deps ti=<TaskInstance: medallion_gold_layer.gold_processing scheduled__2026-05-19T12:05:00+00:00 [queued]>
[2026-05-19T12:10:02.034+0000] {taskinstance.py:2076} INFO - Dependencies all met for dep_context=requeueable deps ti=<TaskInstance: medallion_gold_layer.gold_processing scheduled__2026-05-19T12:05:00+00:00 [queued]>
[2026-05-19T12:10:02.036+0000] {taskinstance.py:2306} INFO - Starting attempt 1 of 2
[2026-05-19T12:10:02.085+0000] {taskinstance.py:2330} INFO - Executing <Task(BashOperator): gold_processing> on 2026-05-19 12:05:00+00:00
[2026-05-19T12:10:02.103+0000] {standard_task_runner.py:63} INFO - Started process 9391 to run task
[2026-05-19T12:10:02.111+0000] {standard_task_runner.py:90} INFO - Running: ['airflow', 'tasks', 'run', 'medallion_gold_layer', 'gold_processing', 'scheduled__2026-05-19T12:05:00+00:00', '--job-id', '307', '--raw', '--subdir', 'DAGS_FOLDER/gold_layer_dag.py', '--cfg-path', '/tmp/tmpczq8mk1y']
[2026-05-19T12:10:02.123+0000] {standard_task_runner.py:91} INFO - Job 307: Subtask gold_processing
[2026-05-19T12:10:02.483+0000] {task_command.py:426} INFO - Running <TaskInstance: medallion_gold_layer.gold_processing scheduled__2026-05-19T12:05:00+00:00 [running]> on host c43074c3fd7c
[2026-05-19T12:10:03.213+0000] {taskinstance.py:2648} INFO - Exporting env vars: AIRFLOW_CTX_DAG_OWNER='ikram' AIRFLOW_CTX_DAG_ID='medallion_gold_layer' AIRFLOW_CTX_TASK_ID='gold_processing' AIRFLOW_CTX_EXECUTION_DATE='2026-05-19T12:05:00+00:00' AIRFLOW_CTX_TRY_NUMBER='1' AIRFLOW_CTX_DAG_RUN_ID='scheduled__2026-05-19T12:05:00+00:00'
[2026-05-19T12:10:03.215+0000] {taskinstance.py:430} INFO - ::endgroup::
[2026-05-19T12:10:03.252+0000] {subprocess.py:63} INFO - Tmp dir root location: /tmp
[2026-05-19T12:10:03.255+0000] {subprocess.py:75} INFO - Running command: ['/usr/bin/bash', '-c', '\n    spark-submit     --master spark://spark-master:7077     --executor-memory 512M     --executor-cores 1     --total-executor-cores 1     --jars /opt/airflow/jars/aws-java-sdk-bundle-1.12.262.jar,/opt/airflow/jars/hadoop-aws-3.3.4.jar,/opt/airflow/jars/postgresql-42.7.3.jar     /opt/spark_jobs/gold_processor.py\n    ']
[2026-05-19T12:10:03.278+0000] {subprocess.py:86} INFO - Output:
[2026-05-19T12:10:07.044+0000] {subprocess.py:93} INFO - 26/05/19 12:10:07 WARN NativeCodeLoader: Unable to load native-hadoop library for your platform... using builtin-java classes where applicable
[2026-05-19T12:10:10.173+0000] {subprocess.py:93} INFO - 26/05/19 12:10:10 INFO SparkContext: Running Spark version 3.5.1
[2026-05-19T12:10:10.174+0000] {subprocess.py:93} INFO - 26/05/19 12:10:10 INFO SparkContext: OS info Linux, 6.6.87.2-microsoft-standard-WSL2, amd64
[2026-05-19T12:10:10.176+0000] {subprocess.py:93} INFO - 26/05/19 12:10:10 INFO SparkContext: Java version 17.0.19
[2026-05-19T12:10:10.304+0000] {subprocess.py:93} INFO - 26/05/19 12:10:10 INFO ResourceUtils: ==============================================================
[2026-05-19T12:10:10.307+0000] {subprocess.py:93} INFO - 26/05/19 12:10:10 INFO ResourceUtils: No custom resources configured for spark.driver.
[2026-05-19T12:10:10.310+0000] {subprocess.py:93} INFO - 26/05/19 12:10:10 INFO ResourceUtils: ==============================================================
[2026-05-19T12:10:10.313+0000] {subprocess.py:93} INFO - 26/05/19 12:10:10 INFO SparkContext: Submitted application: GoldLayerProcessor
[2026-05-19T12:10:10.407+0000] {subprocess.py:93} INFO - 26/05/19 12:10:10 INFO ResourceProfile: Default ResourceProfile created, executor resources: Map(cores -> name: cores, amount: 1, script: , vendor: , memory -> name: memory, amount: 512, script: , vendor: , offHeap -> name: offHeap, amount: 0, script: , vendor: ), task resources: Map(cpus -> name: cpus, amount: 1.0)
[2026-05-19T12:10:10.437+0000] {subprocess.py:93} INFO - 26/05/19 12:10:10 INFO ResourceProfile: Limiting resource is cpus at 1 tasks per executor
[2026-05-19T12:10:10.447+0000] {subprocess.py:93} INFO - 26/05/19 12:10:10 INFO ResourceProfileManager: Added ResourceProfile id: 0
[2026-05-19T12:10:10.630+0000] {subprocess.py:93} INFO - 26/05/19 12:10:10 INFO SecurityManager: Changing view acls to: airflow
[2026-05-19T12:10:10.631+0000] {subprocess.py:93} INFO - 26/05/19 12:10:10 INFO SecurityManager: Changing modify acls to: airflow
[2026-05-19T12:10:10.632+0000] {subprocess.py:93} INFO - 26/05/19 12:10:10 INFO SecurityManager: Changing view acls groups to:
[2026-05-19T12:10:10.633+0000] {subprocess.py:93} INFO - 26/05/19 12:10:10 INFO SecurityManager: Changing modify acls groups to:
[2026-05-19T12:10:10.635+0000] {subprocess.py:93} INFO - 26/05/19 12:10:10 INFO SecurityManager: SecurityManager: authentication disabled; ui acls disabled; users with view permissions: airflow; groups with view permissions: EMPTY; users with modify permissions: airflow; groups with modify permissions: EMPTY
[2026-05-19T12:10:11.060+0000] {subprocess.py:93} INFO - 26/05/19 12:10:11 INFO Utils: Successfully started service 'sparkDriver' on port 36117.
[2026-05-19T12:10:11.122+0000] {subprocess.py:93} INFO - 26/05/19 12:10:11 INFO SparkEnv: Registering MapOutputTracker
[2026-05-19T12:10:11.172+0000] {subprocess.py:93} INFO - 26/05/19 12:10:11 INFO SparkEnv: Registering BlockManagerMaster
[2026-05-19T12:10:11.197+0000] {subprocess.py:93} INFO - 26/05/19 12:10:11 INFO BlockManagerMasterEndpoint: Using org.apache.spark.storage.DefaultTopologyMapper for getting topology information
[2026-05-19T12:10:11.199+0000] {subprocess.py:93} INFO - 26/05/19 12:10:11 INFO BlockManagerMasterEndpoint: BlockManagerMasterEndpoint up
[2026-05-19T12:10:11.205+0000] {subprocess.py:93} INFO - 26/05/19 12:10:11 INFO SparkEnv: Registering BlockManagerMasterHeartbeat
[2026-05-19T12:10:11.238+0000] {subprocess.py:93} INFO - 26/05/19 12:10:11 INFO DiskBlockManager: Created local directory at /tmp/blockmgr-a98c75b3-ba9e-442d-b3b1-5527aca63db7
[2026-05-19T12:10:11.262+0000] {subprocess.py:93} INFO - 26/05/19 12:10:11 INFO MemoryStore: MemoryStore started with capacity 434.4 MiB
[2026-05-19T12:10:11.302+0000] {subprocess.py:93} INFO - 26/05/19 12:10:11 INFO SparkEnv: Registering OutputCommitCoordinator
[2026-05-19T12:10:11.601+0000] {subprocess.py:93} INFO - 26/05/19 12:10:11 INFO JettyUtils: Start Jetty 0.0.0.0:4040 for SparkUI
[2026-05-19T12:10:11.685+0000] {subprocess.py:93} INFO - 26/05/19 12:10:11 INFO Utils: Successfully started service 'SparkUI' on port 4040.
[2026-05-19T12:10:11.756+0000] {subprocess.py:93} INFO - 26/05/19 12:10:11 INFO SparkContext: Added JAR file:///opt/airflow/jars/aws-java-sdk-bundle-1.12.262.jar at spark://c43074c3fd7c:36117/jars/aws-java-sdk-bundle-1.12.262.jar with timestamp 1779192610160
[2026-05-19T12:10:11.757+0000] {subprocess.py:93} INFO - 26/05/19 12:10:11 INFO SparkContext: Added JAR file:///opt/airflow/jars/hadoop-aws-3.3.4.jar at spark://c43074c3fd7c:36117/jars/hadoop-aws-3.3.4.jar with timestamp 1779192610160
[2026-05-19T12:10:11.759+0000] {subprocess.py:93} INFO - 26/05/19 12:10:11 INFO SparkContext: Added JAR file:///opt/airflow/jars/postgresql-42.7.3.jar at spark://c43074c3fd7c:36117/jars/postgresql-42.7.3.jar with timestamp 1779192610160
[2026-05-19T12:10:11.879+0000] {subprocess.py:93} INFO - 26/05/19 12:10:11 INFO StandaloneAppClient$ClientEndpoint: Connecting to master spark://spark-master:7077...
[2026-05-19T12:10:11.940+0000] {subprocess.py:93} INFO - 26/05/19 12:10:11 INFO TransportClientFactory: Successfully created connection to spark-master/172.18.0.4:7077 after 28 ms (0 ms spent in bootstraps)
[2026-05-19T12:10:12.215+0000] {subprocess.py:93} INFO - 26/05/19 12:10:12 INFO StandaloneSchedulerBackend: Connected to Spark cluster with app ID app-20260519121012-0034
[2026-05-19T12:10:12.237+0000] {subprocess.py:93} INFO - 26/05/19 12:10:12 INFO StandaloneAppClient$ClientEndpoint: Executor added: app-20260519121012-0034/0 on worker-20260518211503-172.18.0.3-40747 (172.18.0.3:40747) with 1 core(s)
[2026-05-19T12:10:12.254+0000] {subprocess.py:93} INFO - 26/05/19 12:10:12 INFO StandaloneSchedulerBackend: Granted executor ID app-20260519121012-0034/0 on hostPort 172.18.0.3:40747 with 1 core(s), 512.0 MiB RAM
[2026-05-19T12:10:12.263+0000] {subprocess.py:93} INFO - 26/05/19 12:10:12 INFO Utils: Successfully started service 'org.apache.spark.network.netty.NettyBlockTransferService' on port 39283.
[2026-05-19T12:10:12.265+0000] {subprocess.py:93} INFO - 26/05/19 12:10:12 INFO NettyBlockTransferService: Server created on c43074c3fd7c:39283
[2026-05-19T12:10:12.268+0000] {subprocess.py:93} INFO - 26/05/19 12:10:12 INFO BlockManager: Using org.apache.spark.storage.RandomBlockReplicationPolicy for block replication policy
[2026-05-19T12:10:12.285+0000] {subprocess.py:93} INFO - 26/05/19 12:10:12 INFO BlockManagerMaster: Registering BlockManager BlockManagerId(driver, c43074c3fd7c, 39283, None)
[2026-05-19T12:10:12.294+0000] {subprocess.py:93} INFO - 26/05/19 12:10:12 INFO BlockManagerMasterEndpoint: Registering block manager c43074c3fd7c:39283 with 434.4 MiB RAM, BlockManagerId(driver, c43074c3fd7c, 39283, None)
[2026-05-19T12:10:12.302+0000] {subprocess.py:93} INFO - 26/05/19 12:10:12 INFO BlockManagerMaster: Registered BlockManager BlockManagerId(driver, c43074c3fd7c, 39283, None)
[2026-05-19T12:10:12.304+0000] {subprocess.py:93} INFO - 26/05/19 12:10:12 INFO BlockManager: Initialized BlockManager: BlockManagerId(driver, c43074c3fd7c, 39283, None)
[2026-05-19T12:10:12.320+0000] {subprocess.py:93} INFO - 26/05/19 12:10:12 INFO StandaloneAppClient$ClientEndpoint: Executor updated: app-20260519121012-0034/0 is now RUNNING
[2026-05-19T12:10:12.790+0000] {subprocess.py:93} INFO - 26/05/19 12:10:12 INFO StandaloneSchedulerBackend: SchedulerBackend is ready for scheduling beginning after reached minRegisteredResourcesRatio: 0.0
[2026-05-19T12:10:15.117+0000] {subprocess.py:93} INFO - 26/05/19 12:10:15 WARN MetricsConfig: Cannot locate configuration: tried hadoop-metrics2-s3a-file-system.properties,hadoop-metrics2.properties
[2026-05-19T12:10:31.226+0000] {subprocess.py:93} INFO - Lecture SILVER terminée
[2026-05-19T12:11:21.399+0000] {subprocess.py:93} INFO - Table articles_par_jour créée
[2026-05-19T12:12:02.033+0000] {subprocess.py:93} INFO - Table articles_par_source créée
[2026-05-19T12:12:35.521+0000] {subprocess.py:93} INFO - Table top_categories créée
[2026-05-19T12:13:07.893+0000] {subprocess.py:93} INFO - Table articles_par_source_jour créée
[2026-05-19T12:13:07.894+0000] {subprocess.py:93} INFO - 
[2026-05-19T12:13:07.896+0000] {subprocess.py:93} INFO - ==============================
[2026-05-19T12:13:07.897+0000] {subprocess.py:93} INFO - GOLD LAYER TERMINÉ
[2026-05-19T12:13:07.899+0000] {subprocess.py:93} INFO - ==============================
[2026-05-19T12:13:09.007+0000] {subprocess.py:97} INFO - Command exited with return code 0
[2026-05-19T12:13:09.010+0000] {taskinstance.py:441} INFO - ::group::Post task execution logs
[2026-05-19T12:13:09.900+0000] {taskinstance.py:1206} INFO - Marking task as SUCCESS. dag_id=medallion_gold_layer, task_id=gold_processing, run_id=scheduled__2026-05-19T12:05:00+00:00, execution_date=20260519T120500, start_date=20260519T121002, end_date=20260519T121309
[2026-05-19T12:13:10.084+0000] {local_task_job_runner.py:240} INFO - Task exited with return code 0
[2026-05-19T12:13:10.234+0000] {taskinstance.py:3498} INFO - 0 downstream tasks scheduled from follow-on schedule check
[2026-05-19T12:13:10.243+0000] {local_task_job_runner.py:222} INFO - ::endgroup::
