[2026-05-15T22:35:01.687+0000] {local_task_job_runner.py:120} INFO - ::group::Pre task execution logs
[2026-05-15T22:35:01.832+0000] {taskinstance.py:2076} INFO - Dependencies all met for dep_context=non-requeueable deps ti=<TaskInstance: medallion_gold_layer.gold_processing scheduled__2026-05-15T22:30:00+00:00 [queued]>
[2026-05-15T22:35:01.853+0000] {taskinstance.py:2076} INFO - Dependencies all met for dep_context=requeueable deps ti=<TaskInstance: medallion_gold_layer.gold_processing scheduled__2026-05-15T22:30:00+00:00 [queued]>
[2026-05-15T22:35:01.855+0000] {taskinstance.py:2306} INFO - Starting attempt 1 of 2
[2026-05-15T22:35:01.907+0000] {taskinstance.py:2330} INFO - Executing <Task(BashOperator): gold_processing> on 2026-05-15 22:30:00+00:00
[2026-05-15T22:35:01.916+0000] {standard_task_runner.py:63} INFO - Started process 27851 to run task
[2026-05-15T22:35:01.925+0000] {standard_task_runner.py:90} INFO - Running: ['airflow', 'tasks', 'run', 'medallion_gold_layer', 'gold_processing', 'scheduled__2026-05-15T22:30:00+00:00', '--job-id', '76', '--raw', '--subdir', 'DAGS_FOLDER/gold_layer_dag.py', '--cfg-path', '/tmp/tmp9an3eemf']
[2026-05-15T22:35:01.930+0000] {standard_task_runner.py:91} INFO - Job 76: Subtask gold_processing
[2026-05-15T22:35:02.507+0000] {task_command.py:426} INFO - Running <TaskInstance: medallion_gold_layer.gold_processing scheduled__2026-05-15T22:30:00+00:00 [running]> on host e8a9653e4a1b
[2026-05-15T22:35:03.699+0000] {taskinstance.py:2648} INFO - Exporting env vars: AIRFLOW_CTX_DAG_OWNER='anass' AIRFLOW_CTX_DAG_ID='medallion_gold_layer' AIRFLOW_CTX_TASK_ID='gold_processing' AIRFLOW_CTX_EXECUTION_DATE='2026-05-15T22:30:00+00:00' AIRFLOW_CTX_TRY_NUMBER='1' AIRFLOW_CTX_DAG_RUN_ID='scheduled__2026-05-15T22:30:00+00:00'
[2026-05-15T22:35:03.705+0000] {taskinstance.py:430} INFO - ::endgroup::
[2026-05-15T22:35:03.796+0000] {subprocess.py:63} INFO - Tmp dir root location: /tmp
[2026-05-15T22:35:03.804+0000] {subprocess.py:75} INFO - Running command: ['/usr/bin/bash', '-c', '\n    spark-submit     --master spark://spark-master:7077     --executor-memory 512M     --executor-cores 1     --total-executor-cores 1     --jars /opt/airflow/jars/aws-java-sdk-bundle-1.12.262.jar,/opt/airflow/jars/hadoop-aws-3.3.4.jar,/opt/airflow/jars/postgresql-42.7.3.jar     /opt/spark_jobs/gold_processor.py\n    ']
[2026-05-15T22:35:03.857+0000] {subprocess.py:86} INFO - Output:
[2026-05-15T22:35:09.180+0000] {subprocess.py:93} INFO - 26/05/15 22:35:09 WARN NativeCodeLoader: Unable to load native-hadoop library for your platform... using builtin-java classes where applicable
[2026-05-15T22:35:13.400+0000] {subprocess.py:93} INFO - 26/05/15 22:35:13 INFO SparkContext: Running Spark version 3.5.1
[2026-05-15T22:35:13.403+0000] {subprocess.py:93} INFO - 26/05/15 22:35:13 INFO SparkContext: OS info Linux, 6.6.87.2-microsoft-standard-WSL2, amd64
[2026-05-15T22:35:13.407+0000] {subprocess.py:93} INFO - 26/05/15 22:35:13 INFO SparkContext: Java version 17.0.19
[2026-05-15T22:35:13.543+0000] {subprocess.py:93} INFO - 26/05/15 22:35:13 INFO ResourceUtils: ==============================================================
[2026-05-15T22:35:13.546+0000] {subprocess.py:93} INFO - 26/05/15 22:35:13 INFO ResourceUtils: No custom resources configured for spark.driver.
[2026-05-15T22:35:13.549+0000] {subprocess.py:93} INFO - 26/05/15 22:35:13 INFO ResourceUtils: ==============================================================
[2026-05-15T22:35:13.551+0000] {subprocess.py:93} INFO - 26/05/15 22:35:13 INFO SparkContext: Submitted application: GoldLayerProcessor
[2026-05-15T22:35:13.640+0000] {subprocess.py:93} INFO - 26/05/15 22:35:13 INFO ResourceProfile: Default ResourceProfile created, executor resources: Map(cores -> name: cores, amount: 1, script: , vendor: , memory -> name: memory, amount: 512, script: , vendor: , offHeap -> name: offHeap, amount: 0, script: , vendor: ), task resources: Map(cpus -> name: cpus, amount: 1.0)
[2026-05-15T22:35:13.656+0000] {subprocess.py:93} INFO - 26/05/15 22:35:13 INFO ResourceProfile: Limiting resource is cpus at 1 tasks per executor
[2026-05-15T22:35:13.662+0000] {subprocess.py:93} INFO - 26/05/15 22:35:13 INFO ResourceProfileManager: Added ResourceProfile id: 0
[2026-05-15T22:35:13.859+0000] {subprocess.py:93} INFO - 26/05/15 22:35:13 INFO SecurityManager: Changing view acls to: airflow
[2026-05-15T22:35:13.867+0000] {subprocess.py:93} INFO - 26/05/15 22:35:13 INFO SecurityManager: Changing modify acls to: airflow
[2026-05-15T22:35:13.876+0000] {subprocess.py:93} INFO - 26/05/15 22:35:13 INFO SecurityManager: Changing view acls groups to:
[2026-05-15T22:35:13.878+0000] {subprocess.py:93} INFO - 26/05/15 22:35:13 INFO SecurityManager: Changing modify acls groups to:
[2026-05-15T22:35:13.881+0000] {subprocess.py:93} INFO - 26/05/15 22:35:13 INFO SecurityManager: SecurityManager: authentication disabled; ui acls disabled; users with view permissions: airflow; groups with view permissions: EMPTY; users with modify permissions: airflow; groups with modify permissions: EMPTY
[2026-05-15T22:35:14.529+0000] {subprocess.py:93} INFO - 26/05/15 22:35:14 INFO Utils: Successfully started service 'sparkDriver' on port 39617.
[2026-05-15T22:35:14.579+0000] {subprocess.py:93} INFO - 26/05/15 22:35:14 INFO SparkEnv: Registering MapOutputTracker
[2026-05-15T22:35:14.667+0000] {subprocess.py:93} INFO - 26/05/15 22:35:14 INFO SparkEnv: Registering BlockManagerMaster
[2026-05-15T22:35:14.747+0000] {subprocess.py:93} INFO - 26/05/15 22:35:14 INFO BlockManagerMasterEndpoint: Using org.apache.spark.storage.DefaultTopologyMapper for getting topology information
[2026-05-15T22:35:14.750+0000] {subprocess.py:93} INFO - 26/05/15 22:35:14 INFO BlockManagerMasterEndpoint: BlockManagerMasterEndpoint up
[2026-05-15T22:35:14.771+0000] {subprocess.py:93} INFO - 26/05/15 22:35:14 INFO SparkEnv: Registering BlockManagerMasterHeartbeat
[2026-05-15T22:35:14.799+0000] {subprocess.py:93} INFO - 26/05/15 22:35:14 INFO DiskBlockManager: Created local directory at /tmp/blockmgr-7a133d23-1ac0-4589-8547-b725a92ceef3
[2026-05-15T22:35:14.825+0000] {subprocess.py:93} INFO - 26/05/15 22:35:14 INFO MemoryStore: MemoryStore started with capacity 434.4 MiB
[2026-05-15T22:35:14.858+0000] {subprocess.py:93} INFO - 26/05/15 22:35:14 INFO SparkEnv: Registering OutputCommitCoordinator
[2026-05-15T22:35:15.335+0000] {subprocess.py:93} INFO - 26/05/15 22:35:15 INFO JettyUtils: Start Jetty 0.0.0.0:4040 for SparkUI
[2026-05-15T22:35:15.514+0000] {subprocess.py:93} INFO - 26/05/15 22:35:15 INFO Utils: Successfully started service 'SparkUI' on port 4040.
[2026-05-15T22:35:15.617+0000] {subprocess.py:93} INFO - 26/05/15 22:35:15 INFO SparkContext: Added JAR file:///opt/airflow/jars/aws-java-sdk-bundle-1.12.262.jar at spark://e8a9653e4a1b:39617/jars/aws-java-sdk-bundle-1.12.262.jar with timestamp 1778884513367
[2026-05-15T22:35:15.627+0000] {subprocess.py:93} INFO - 26/05/15 22:35:15 INFO SparkContext: Added JAR file:///opt/airflow/jars/hadoop-aws-3.3.4.jar at spark://e8a9653e4a1b:39617/jars/hadoop-aws-3.3.4.jar with timestamp 1778884513367
[2026-05-15T22:35:15.629+0000] {subprocess.py:93} INFO - 26/05/15 22:35:15 INFO SparkContext: Added JAR file:///opt/airflow/jars/postgresql-42.7.3.jar at spark://e8a9653e4a1b:39617/jars/postgresql-42.7.3.jar with timestamp 1778884513367
[2026-05-15T22:35:15.751+0000] {subprocess.py:93} INFO - 26/05/15 22:35:15 INFO StandaloneAppClient$ClientEndpoint: Connecting to master spark://spark-master:7077...
[2026-05-15T22:35:15.826+0000] {subprocess.py:93} INFO - 26/05/15 22:35:15 INFO TransportClientFactory: Successfully created connection to spark-master/172.18.0.6:7077 after 43 ms (0 ms spent in bootstraps)
[2026-05-15T22:35:15.975+0000] {subprocess.py:93} INFO - 26/05/15 22:35:15 INFO StandaloneSchedulerBackend: Connected to Spark cluster with app ID app-20260515223515-0075
[2026-05-15T22:35:15.978+0000] {subprocess.py:93} INFO - 26/05/15 22:35:15 INFO StandaloneAppClient$ClientEndpoint: Executor added: app-20260515223515-0075/0 on worker-20260514105200-172.18.0.13-40347 (172.18.0.13:40347) with 1 core(s)
[2026-05-15T22:35:15.982+0000] {subprocess.py:93} INFO - 26/05/15 22:35:15 INFO StandaloneSchedulerBackend: Granted executor ID app-20260515223515-0075/0 on hostPort 172.18.0.13:40347 with 1 core(s), 512.0 MiB RAM
[2026-05-15T22:35:15.992+0000] {subprocess.py:93} INFO - 26/05/15 22:35:15 INFO Utils: Successfully started service 'org.apache.spark.network.netty.NettyBlockTransferService' on port 43651.
[2026-05-15T22:35:15.994+0000] {subprocess.py:93} INFO - 26/05/15 22:35:15 INFO NettyBlockTransferService: Server created on e8a9653e4a1b:43651
[2026-05-15T22:35:15.997+0000] {subprocess.py:93} INFO - 26/05/15 22:35:15 INFO BlockManager: Using org.apache.spark.storage.RandomBlockReplicationPolicy for block replication policy
[2026-05-15T22:35:16.013+0000] {subprocess.py:93} INFO - 26/05/15 22:35:16 INFO BlockManagerMaster: Registering BlockManager BlockManagerId(driver, e8a9653e4a1b, 43651, None)
[2026-05-15T22:35:16.021+0000] {subprocess.py:93} INFO - 26/05/15 22:35:16 INFO BlockManagerMasterEndpoint: Registering block manager e8a9653e4a1b:43651 with 434.4 MiB RAM, BlockManagerId(driver, e8a9653e4a1b, 43651, None)
[2026-05-15T22:35:16.026+0000] {subprocess.py:93} INFO - 26/05/15 22:35:16 INFO BlockManagerMaster: Registered BlockManager BlockManagerId(driver, e8a9653e4a1b, 43651, None)
[2026-05-15T22:35:16.029+0000] {subprocess.py:93} INFO - 26/05/15 22:35:16 INFO BlockManager: Initialized BlockManager: BlockManagerId(driver, e8a9653e4a1b, 43651, None)
[2026-05-15T22:35:16.073+0000] {subprocess.py:93} INFO - 26/05/15 22:35:16 INFO StandaloneAppClient$ClientEndpoint: Executor updated: app-20260515223515-0075/0 is now RUNNING
[2026-05-15T22:35:16.607+0000] {subprocess.py:93} INFO - 26/05/15 22:35:16 INFO StandaloneSchedulerBackend: SchedulerBackend is ready for scheduling beginning after reached minRegisteredResourcesRatio: 0.0
[2026-05-15T22:35:19.207+0000] {subprocess.py:93} INFO - 26/05/15 22:35:19 WARN MetricsConfig: Cannot locate configuration: tried hadoop-metrics2-s3a-file-system.properties,hadoop-metrics2.properties
[2026-05-15T22:35:37.206+0000] {subprocess.py:93} INFO - Lecture SILVER terminée
[2026-05-15T22:36:04.489+0000] {subprocess.py:93} INFO - Table articles_par_jour créée
[2026-05-15T22:36:24.663+0000] {subprocess.py:93} INFO - Table articles_par_source créée
[2026-05-15T22:36:41.621+0000] {subprocess.py:93} INFO - Table top_categories créée
[2026-05-15T22:36:59.357+0000] {subprocess.py:93} INFO - Table articles_par_source_jour créée
[2026-05-15T22:36:59.359+0000] {subprocess.py:93} INFO - 
[2026-05-15T22:36:59.366+0000] {subprocess.py:93} INFO - ==============================
[2026-05-15T22:36:59.368+0000] {subprocess.py:93} INFO - GOLD LAYER TERMINÉ
[2026-05-15T22:36:59.370+0000] {subprocess.py:93} INFO - ==============================
[2026-05-15T22:37:00.605+0000] {subprocess.py:97} INFO - Command exited with return code 0
[2026-05-15T22:37:00.608+0000] {taskinstance.py:441} INFO - ::group::Post task execution logs
[2026-05-15T22:37:01.432+0000] {taskinstance.py:1206} INFO - Marking task as SUCCESS. dag_id=medallion_gold_layer, task_id=gold_processing, run_id=scheduled__2026-05-15T22:30:00+00:00, execution_date=20260515T223000, start_date=20260515T223501, end_date=20260515T223701
[2026-05-15T22:37:01.595+0000] {local_task_job_runner.py:240} INFO - Task exited with return code 0
[2026-05-15T22:37:01.804+0000] {taskinstance.py:3498} INFO - 0 downstream tasks scheduled from follow-on schedule check
[2026-05-15T22:37:01.843+0000] {local_task_job_runner.py:222} INFO - ::endgroup::
