[2026-05-18T00:50:01.165+0000] {local_task_job_runner.py:120} INFO - ::group::Pre task execution logs
[2026-05-18T00:50:01.391+0000] {taskinstance.py:2076} INFO - Dependencies all met for dep_context=non-requeueable deps ti=<TaskInstance: medallion_gold_layer.gold_processing scheduled__2026-05-18T00:45:00+00:00 [queued]>
[2026-05-18T00:50:01.425+0000] {taskinstance.py:2076} INFO - Dependencies all met for dep_context=requeueable deps ti=<TaskInstance: medallion_gold_layer.gold_processing scheduled__2026-05-18T00:45:00+00:00 [queued]>
[2026-05-18T00:50:01.428+0000] {taskinstance.py:2306} INFO - Starting attempt 1 of 2
[2026-05-18T00:50:01.511+0000] {taskinstance.py:2330} INFO - Executing <Task(BashOperator): gold_processing> on 2026-05-18 00:45:00+00:00
[2026-05-18T00:50:01.525+0000] {standard_task_runner.py:63} INFO - Started process 83031 to run task
[2026-05-18T00:50:01.537+0000] {standard_task_runner.py:90} INFO - Running: ['airflow', 'tasks', 'run', 'medallion_gold_layer', 'gold_processing', 'scheduled__2026-05-18T00:45:00+00:00', '--job-id', '216', '--raw', '--subdir', 'DAGS_FOLDER/gold_layer_dag.py', '--cfg-path', '/tmp/tmp7hakwd8w']
[2026-05-18T00:50:01.543+0000] {standard_task_runner.py:91} INFO - Job 216: Subtask gold_processing
[2026-05-18T00:50:02.101+0000] {task_command.py:426} INFO - Running <TaskInstance: medallion_gold_layer.gold_processing scheduled__2026-05-18T00:45:00+00:00 [running]> on host e8a9653e4a1b
[2026-05-18T00:50:03.046+0000] {taskinstance.py:2648} INFO - Exporting env vars: AIRFLOW_CTX_DAG_OWNER='anass' AIRFLOW_CTX_DAG_ID='medallion_gold_layer' AIRFLOW_CTX_TASK_ID='gold_processing' AIRFLOW_CTX_EXECUTION_DATE='2026-05-18T00:45:00+00:00' AIRFLOW_CTX_TRY_NUMBER='1' AIRFLOW_CTX_DAG_RUN_ID='scheduled__2026-05-18T00:45:00+00:00'
[2026-05-18T00:50:03.050+0000] {taskinstance.py:430} INFO - ::endgroup::
[2026-05-18T00:50:03.108+0000] {subprocess.py:63} INFO - Tmp dir root location: /tmp
[2026-05-18T00:50:03.112+0000] {subprocess.py:75} INFO - Running command: ['/usr/bin/bash', '-c', '\n    spark-submit     --master spark://spark-master:7077     --executor-memory 512M     --executor-cores 1     --total-executor-cores 1     --jars /opt/airflow/jars/aws-java-sdk-bundle-1.12.262.jar,/opt/airflow/jars/hadoop-aws-3.3.4.jar,/opt/airflow/jars/postgresql-42.7.3.jar     /opt/spark_jobs/gold_processor.py\n    ']
[2026-05-18T00:50:03.143+0000] {subprocess.py:86} INFO - Output:
[2026-05-18T00:50:07.133+0000] {subprocess.py:93} INFO - 26/05/18 00:50:07 WARN NativeCodeLoader: Unable to load native-hadoop library for your platform... using builtin-java classes where applicable
[2026-05-18T00:50:09.817+0000] {subprocess.py:93} INFO - 26/05/18 00:50:09 INFO SparkContext: Running Spark version 3.5.1
[2026-05-18T00:50:09.819+0000] {subprocess.py:93} INFO - 26/05/18 00:50:09 INFO SparkContext: OS info Linux, 6.6.87.2-microsoft-standard-WSL2, amd64
[2026-05-18T00:50:09.821+0000] {subprocess.py:93} INFO - 26/05/18 00:50:09 INFO SparkContext: Java version 17.0.19
[2026-05-18T00:50:09.864+0000] {subprocess.py:93} INFO - 26/05/18 00:50:09 INFO ResourceUtils: ==============================================================
[2026-05-18T00:50:09.865+0000] {subprocess.py:93} INFO - 26/05/18 00:50:09 INFO ResourceUtils: No custom resources configured for spark.driver.
[2026-05-18T00:50:09.867+0000] {subprocess.py:93} INFO - 26/05/18 00:50:09 INFO ResourceUtils: ==============================================================
[2026-05-18T00:50:09.868+0000] {subprocess.py:93} INFO - 26/05/18 00:50:09 INFO SparkContext: Submitted application: GoldLayerProcessor
[2026-05-18T00:50:09.905+0000] {subprocess.py:93} INFO - 26/05/18 00:50:09 INFO ResourceProfile: Default ResourceProfile created, executor resources: Map(cores -> name: cores, amount: 1, script: , vendor: , memory -> name: memory, amount: 512, script: , vendor: , offHeap -> name: offHeap, amount: 0, script: , vendor: ), task resources: Map(cpus -> name: cpus, amount: 1.0)
[2026-05-18T00:50:09.920+0000] {subprocess.py:93} INFO - 26/05/18 00:50:09 INFO ResourceProfile: Limiting resource is cpus at 1 tasks per executor
[2026-05-18T00:50:09.923+0000] {subprocess.py:93} INFO - 26/05/18 00:50:09 INFO ResourceProfileManager: Added ResourceProfile id: 0
[2026-05-18T00:50:09.993+0000] {subprocess.py:93} INFO - 26/05/18 00:50:09 INFO SecurityManager: Changing view acls to: airflow
[2026-05-18T00:50:09.995+0000] {subprocess.py:93} INFO - 26/05/18 00:50:09 INFO SecurityManager: Changing modify acls to: airflow
[2026-05-18T00:50:09.996+0000] {subprocess.py:93} INFO - 26/05/18 00:50:09 INFO SecurityManager: Changing view acls groups to:
[2026-05-18T00:50:09.997+0000] {subprocess.py:93} INFO - 26/05/18 00:50:09 INFO SecurityManager: Changing modify acls groups to:
[2026-05-18T00:50:09.998+0000] {subprocess.py:93} INFO - 26/05/18 00:50:09 INFO SecurityManager: SecurityManager: authentication disabled; ui acls disabled; users with view permissions: airflow; groups with view permissions: EMPTY; users with modify permissions: airflow; groups with modify permissions: EMPTY
[2026-05-18T00:50:10.348+0000] {subprocess.py:93} INFO - 26/05/18 00:50:10 INFO Utils: Successfully started service 'sparkDriver' on port 46419.
[2026-05-18T00:50:10.391+0000] {subprocess.py:93} INFO - 26/05/18 00:50:10 INFO SparkEnv: Registering MapOutputTracker
[2026-05-18T00:50:10.442+0000] {subprocess.py:93} INFO - 26/05/18 00:50:10 INFO SparkEnv: Registering BlockManagerMaster
[2026-05-18T00:50:10.467+0000] {subprocess.py:93} INFO - 26/05/18 00:50:10 INFO BlockManagerMasterEndpoint: Using org.apache.spark.storage.DefaultTopologyMapper for getting topology information
[2026-05-18T00:50:10.469+0000] {subprocess.py:93} INFO - 26/05/18 00:50:10 INFO BlockManagerMasterEndpoint: BlockManagerMasterEndpoint up
[2026-05-18T00:50:10.478+0000] {subprocess.py:93} INFO - 26/05/18 00:50:10 INFO SparkEnv: Registering BlockManagerMasterHeartbeat
[2026-05-18T00:50:10.507+0000] {subprocess.py:93} INFO - 26/05/18 00:50:10 INFO DiskBlockManager: Created local directory at /tmp/blockmgr-66198339-5114-49ee-8f61-c0ac3d541271
[2026-05-18T00:50:10.531+0000] {subprocess.py:93} INFO - 26/05/18 00:50:10 INFO MemoryStore: MemoryStore started with capacity 434.4 MiB
[2026-05-18T00:50:10.562+0000] {subprocess.py:93} INFO - 26/05/18 00:50:10 INFO SparkEnv: Registering OutputCommitCoordinator
[2026-05-18T00:50:10.732+0000] {subprocess.py:93} INFO - 26/05/18 00:50:10 INFO JettyUtils: Start Jetty 0.0.0.0:4040 for SparkUI
[2026-05-18T00:50:10.852+0000] {subprocess.py:93} INFO - 26/05/18 00:50:10 INFO Utils: Successfully started service 'SparkUI' on port 4040.
[2026-05-18T00:50:10.934+0000] {subprocess.py:93} INFO - 26/05/18 00:50:10 INFO SparkContext: Added JAR file:///opt/airflow/jars/aws-java-sdk-bundle-1.12.262.jar at spark://e8a9653e4a1b:46419/jars/aws-java-sdk-bundle-1.12.262.jar with timestamp 1779065409807
[2026-05-18T00:50:10.938+0000] {subprocess.py:93} INFO - 26/05/18 00:50:10 INFO SparkContext: Added JAR file:///opt/airflow/jars/hadoop-aws-3.3.4.jar at spark://e8a9653e4a1b:46419/jars/hadoop-aws-3.3.4.jar with timestamp 1779065409807
[2026-05-18T00:50:10.939+0000] {subprocess.py:93} INFO - 26/05/18 00:50:10 INFO SparkContext: Added JAR file:///opt/airflow/jars/postgresql-42.7.3.jar at spark://e8a9653e4a1b:46419/jars/postgresql-42.7.3.jar with timestamp 1779065409807
[2026-05-18T00:50:11.059+0000] {subprocess.py:93} INFO - 26/05/18 00:50:11 INFO StandaloneAppClient$ClientEndpoint: Connecting to master spark://spark-master:7077...
[2026-05-18T00:50:11.120+0000] {subprocess.py:93} INFO - 26/05/18 00:50:11 INFO TransportClientFactory: Successfully created connection to spark-master/172.18.0.6:7077 after 31 ms (0 ms spent in bootstraps)
[2026-05-18T00:50:11.247+0000] {subprocess.py:93} INFO - 26/05/18 00:50:11 INFO StandaloneSchedulerBackend: Connected to Spark cluster with app ID app-20260518005011-0215
[2026-05-18T00:50:11.258+0000] {subprocess.py:93} INFO - 26/05/18 00:50:11 INFO StandaloneAppClient$ClientEndpoint: Executor added: app-20260518005011-0215/0 on worker-20260514105200-172.18.0.13-40347 (172.18.0.13:40347) with 1 core(s)
[2026-05-18T00:50:11.263+0000] {subprocess.py:93} INFO - 26/05/18 00:50:11 INFO StandaloneSchedulerBackend: Granted executor ID app-20260518005011-0215/0 on hostPort 172.18.0.13:40347 with 1 core(s), 512.0 MiB RAM
[2026-05-18T00:50:11.276+0000] {subprocess.py:93} INFO - 26/05/18 00:50:11 INFO Utils: Successfully started service 'org.apache.spark.network.netty.NettyBlockTransferService' on port 46837.
[2026-05-18T00:50:11.279+0000] {subprocess.py:93} INFO - 26/05/18 00:50:11 INFO NettyBlockTransferService: Server created on e8a9653e4a1b:46837
[2026-05-18T00:50:11.285+0000] {subprocess.py:93} INFO - 26/05/18 00:50:11 INFO BlockManager: Using org.apache.spark.storage.RandomBlockReplicationPolicy for block replication policy
[2026-05-18T00:50:11.303+0000] {subprocess.py:93} INFO - 26/05/18 00:50:11 INFO BlockManagerMaster: Registering BlockManager BlockManagerId(driver, e8a9653e4a1b, 46837, None)
[2026-05-18T00:50:11.314+0000] {subprocess.py:93} INFO - 26/05/18 00:50:11 INFO BlockManagerMasterEndpoint: Registering block manager e8a9653e4a1b:46837 with 434.4 MiB RAM, BlockManagerId(driver, e8a9653e4a1b, 46837, None)
[2026-05-18T00:50:11.325+0000] {subprocess.py:93} INFO - 26/05/18 00:50:11 INFO BlockManagerMaster: Registered BlockManager BlockManagerId(driver, e8a9653e4a1b, 46837, None)
[2026-05-18T00:50:11.330+0000] {subprocess.py:93} INFO - 26/05/18 00:50:11 INFO BlockManager: Initialized BlockManager: BlockManagerId(driver, e8a9653e4a1b, 46837, None)
[2026-05-18T00:50:11.357+0000] {subprocess.py:93} INFO - 26/05/18 00:50:11 INFO StandaloneAppClient$ClientEndpoint: Executor updated: app-20260518005011-0215/0 is now RUNNING
[2026-05-18T00:50:11.699+0000] {subprocess.py:93} INFO - 26/05/18 00:50:11 INFO StandaloneSchedulerBackend: SchedulerBackend is ready for scheduling beginning after reached minRegisteredResourcesRatio: 0.0
[2026-05-18T00:50:13.671+0000] {subprocess.py:93} INFO - 26/05/18 00:50:13 WARN MetricsConfig: Cannot locate configuration: tried hadoop-metrics2-s3a-file-system.properties,hadoop-metrics2.properties
[2026-05-18T00:50:28.496+0000] {subprocess.py:93} INFO - Lecture SILVER terminée
[2026-05-18T00:50:57.573+0000] {subprocess.py:93} INFO - Table articles_par_jour créée
[2026-05-18T00:51:23.223+0000] {subprocess.py:93} INFO - Table articles_par_source créée
[2026-05-18T00:51:45.593+0000] {subprocess.py:93} INFO - Table top_categories créée
[2026-05-18T00:52:05.521+0000] {subprocess.py:93} INFO - Table articles_par_source_jour créée
[2026-05-18T00:52:05.523+0000] {subprocess.py:93} INFO - 
[2026-05-18T00:52:05.530+0000] {subprocess.py:93} INFO - ==============================
[2026-05-18T00:52:05.532+0000] {subprocess.py:93} INFO - GOLD LAYER TERMINÉ
[2026-05-18T00:52:05.534+0000] {subprocess.py:93} INFO - ==============================
[2026-05-18T00:52:06.159+0000] {subprocess.py:97} INFO - Command exited with return code 0
[2026-05-18T00:52:06.162+0000] {taskinstance.py:441} INFO - ::group::Post task execution logs
[2026-05-18T00:52:06.851+0000] {taskinstance.py:1206} INFO - Marking task as SUCCESS. dag_id=medallion_gold_layer, task_id=gold_processing, run_id=scheduled__2026-05-18T00:45:00+00:00, execution_date=20260518T004500, start_date=20260518T005001, end_date=20260518T005206
[2026-05-18T00:52:06.983+0000] {local_task_job_runner.py:240} INFO - Task exited with return code 0
[2026-05-18T00:52:07.112+0000] {local_task_job_runner.py:222} INFO - ::endgroup::
