[2026-05-17T03:05:14.999+0000] {local_task_job_runner.py:120} INFO - ::group::Pre task execution logs
[2026-05-17T03:05:16.497+0000] {taskinstance.py:2076} INFO - Dependencies all met for dep_context=non-requeueable deps ti=<TaskInstance: medallion_gold_layer.gold_processing scheduled__2026-05-17T03:00:00+00:00 [queued]>
[2026-05-17T03:05:16.682+0000] {taskinstance.py:2076} INFO - Dependencies all met for dep_context=requeueable deps ti=<TaskInstance: medallion_gold_layer.gold_processing scheduled__2026-05-17T03:00:00+00:00 [queued]>
[2026-05-17T03:05:16.728+0000] {taskinstance.py:2306} INFO - Starting attempt 1 of 2
[2026-05-17T03:05:17.066+0000] {taskinstance.py:2330} INFO - Executing <Task(BashOperator): gold_processing> on 2026-05-17 03:00:00+00:00
[2026-05-17T03:05:17.129+0000] {standard_task_runner.py:63} INFO - Started process 68205 to run task
[2026-05-17T03:05:17.190+0000] {standard_task_runner.py:90} INFO - Running: ['airflow', 'tasks', 'run', 'medallion_gold_layer', 'gold_processing', 'scheduled__2026-05-17T03:00:00+00:00', '--job-id', '177', '--raw', '--subdir', 'DAGS_FOLDER/gold_layer_dag.py', '--cfg-path', '/tmp/tmp_nv3q7o4']
[2026-05-17T03:05:17.251+0000] {standard_task_runner.py:91} INFO - Job 177: Subtask gold_processing
[2026-05-17T03:05:20.044+0000] {task_command.py:426} INFO - Running <TaskInstance: medallion_gold_layer.gold_processing scheduled__2026-05-17T03:00:00+00:00 [running]> on host e8a9653e4a1b
[2026-05-17T03:05:23.040+0000] {taskinstance.py:2648} INFO - Exporting env vars: AIRFLOW_CTX_DAG_OWNER='anass' AIRFLOW_CTX_DAG_ID='medallion_gold_layer' AIRFLOW_CTX_TASK_ID='gold_processing' AIRFLOW_CTX_EXECUTION_DATE='2026-05-17T03:00:00+00:00' AIRFLOW_CTX_TRY_NUMBER='1' AIRFLOW_CTX_DAG_RUN_ID='scheduled__2026-05-17T03:00:00+00:00'
[2026-05-17T03:05:23.052+0000] {taskinstance.py:430} INFO - ::endgroup::
[2026-05-17T03:05:23.172+0000] {subprocess.py:63} INFO - Tmp dir root location: /tmp
[2026-05-17T03:05:23.177+0000] {subprocess.py:75} INFO - Running command: ['/usr/bin/bash', '-c', '\n    spark-submit     --master spark://spark-master:7077     --executor-memory 512M     --executor-cores 1     --total-executor-cores 1     --jars /opt/airflow/jars/aws-java-sdk-bundle-1.12.262.jar,/opt/airflow/jars/hadoop-aws-3.3.4.jar,/opt/airflow/jars/postgresql-42.7.3.jar     /opt/spark_jobs/gold_processor.py\n    ']
[2026-05-17T03:05:23.304+0000] {subprocess.py:86} INFO - Output:
[2026-05-17T03:05:46.328+0000] {subprocess.py:93} INFO - 26/05/17 03:05:46 WARN NativeCodeLoader: Unable to load native-hadoop library for your platform... using builtin-java classes where applicable
[2026-05-17T03:06:09.434+0000] {subprocess.py:93} INFO - 26/05/17 03:06:09 INFO SparkContext: Running Spark version 3.5.1
[2026-05-17T03:06:09.438+0000] {subprocess.py:93} INFO - 26/05/17 03:06:09 INFO SparkContext: OS info Linux, 6.6.87.2-microsoft-standard-WSL2, amd64
[2026-05-17T03:06:09.452+0000] {subprocess.py:93} INFO - 26/05/17 03:06:09 INFO SparkContext: Java version 17.0.19
[2026-05-17T03:06:10.157+0000] {subprocess.py:93} INFO - 26/05/17 03:06:10 INFO ResourceUtils: ==============================================================
[2026-05-17T03:06:10.174+0000] {subprocess.py:93} INFO - 26/05/17 03:06:10 INFO ResourceUtils: No custom resources configured for spark.driver.
[2026-05-17T03:06:10.180+0000] {subprocess.py:93} INFO - 26/05/17 03:06:10 INFO ResourceUtils: ==============================================================
[2026-05-17T03:06:10.192+0000] {subprocess.py:93} INFO - 26/05/17 03:06:10 INFO SparkContext: Submitted application: GoldLayerProcessor
[2026-05-17T03:06:10.756+0000] {subprocess.py:93} INFO - 26/05/17 03:06:10 INFO ResourceProfile: Default ResourceProfile created, executor resources: Map(cores -> name: cores, amount: 1, script: , vendor: , memory -> name: memory, amount: 512, script: , vendor: , offHeap -> name: offHeap, amount: 0, script: , vendor: ), task resources: Map(cpus -> name: cpus, amount: 1.0)
[2026-05-17T03:06:11.010+0000] {subprocess.py:93} INFO - 26/05/17 03:06:11 INFO ResourceProfile: Limiting resource is cpus at 1 tasks per executor
[2026-05-17T03:06:11.064+0000] {subprocess.py:93} INFO - 26/05/17 03:06:11 INFO ResourceProfileManager: Added ResourceProfile id: 0
[2026-05-17T03:06:12.239+0000] {subprocess.py:93} INFO - 26/05/17 03:06:12 INFO SecurityManager: Changing view acls to: airflow
[2026-05-17T03:06:12.254+0000] {subprocess.py:93} INFO - 26/05/17 03:06:12 INFO SecurityManager: Changing modify acls to: airflow
[2026-05-17T03:06:12.287+0000] {subprocess.py:93} INFO - 26/05/17 03:06:12 INFO SecurityManager: Changing view acls groups to:
[2026-05-17T03:06:12.303+0000] {subprocess.py:93} INFO - 26/05/17 03:06:12 INFO SecurityManager: Changing modify acls groups to:
[2026-05-17T03:06:12.316+0000] {subprocess.py:93} INFO - 26/05/17 03:06:12 INFO SecurityManager: SecurityManager: authentication disabled; ui acls disabled; users with view permissions: airflow; groups with view permissions: EMPTY; users with modify permissions: airflow; groups with modify permissions: EMPTY
[2026-05-17T03:06:14.517+0000] {subprocess.py:93} INFO - 26/05/17 03:06:14 INFO Utils: Successfully started service 'sparkDriver' on port 46699.
[2026-05-17T03:06:14.670+0000] {subprocess.py:93} INFO - 26/05/17 03:06:14 INFO SparkEnv: Registering MapOutputTracker
[2026-05-17T03:06:14.894+0000] {subprocess.py:93} INFO - 26/05/17 03:06:14 INFO SparkEnv: Registering BlockManagerMaster
[2026-05-17T03:06:15.241+0000] {subprocess.py:93} INFO - 26/05/17 03:06:15 INFO BlockManagerMasterEndpoint: Using org.apache.spark.storage.DefaultTopologyMapper for getting topology information
[2026-05-17T03:06:15.255+0000] {subprocess.py:93} INFO - 26/05/17 03:06:15 INFO BlockManagerMasterEndpoint: BlockManagerMasterEndpoint up
[2026-05-17T03:06:15.303+0000] {subprocess.py:93} INFO - 26/05/17 03:06:15 INFO SparkEnv: Registering BlockManagerMasterHeartbeat
[2026-05-17T03:06:15.692+0000] {subprocess.py:93} INFO - 26/05/17 03:06:15 INFO DiskBlockManager: Created local directory at /tmp/blockmgr-cf44301c-5155-454f-b62b-fe1b779c67a9
[2026-05-17T03:06:15.790+0000] {subprocess.py:93} INFO - 26/05/17 03:06:15 INFO MemoryStore: MemoryStore started with capacity 434.4 MiB
[2026-05-17T03:06:15.854+0000] {subprocess.py:93} INFO - 26/05/17 03:06:15 INFO SparkEnv: Registering OutputCommitCoordinator
[2026-05-17T03:06:16.159+0000] {subprocess.py:93} INFO - 26/05/17 03:06:16 INFO JettyUtils: Start Jetty 0.0.0.0:4040 for SparkUI
[2026-05-17T03:06:16.426+0000] {subprocess.py:93} INFO - 26/05/17 03:06:16 INFO Utils: Successfully started service 'SparkUI' on port 4040.
[2026-05-17T03:06:16.590+0000] {subprocess.py:93} INFO - 26/05/17 03:06:16 INFO SparkContext: Added JAR file:///opt/airflow/jars/aws-java-sdk-bundle-1.12.262.jar at spark://e8a9653e4a1b:46699/jars/aws-java-sdk-bundle-1.12.262.jar with timestamp 1778987169243
[2026-05-17T03:06:16.593+0000] {subprocess.py:93} INFO - 26/05/17 03:06:16 INFO SparkContext: Added JAR file:///opt/airflow/jars/hadoop-aws-3.3.4.jar at spark://e8a9653e4a1b:46699/jars/hadoop-aws-3.3.4.jar with timestamp 1778987169243
[2026-05-17T03:06:16.595+0000] {subprocess.py:93} INFO - 26/05/17 03:06:16 INFO SparkContext: Added JAR file:///opt/airflow/jars/postgresql-42.7.3.jar at spark://e8a9653e4a1b:46699/jars/postgresql-42.7.3.jar with timestamp 1778987169243
[2026-05-17T03:06:17.139+0000] {subprocess.py:93} INFO - 26/05/17 03:06:17 INFO StandaloneAppClient$ClientEndpoint: Connecting to master spark://spark-master:7077...
[2026-05-17T03:06:18.164+0000] {subprocess.py:93} INFO - 26/05/17 03:06:18 INFO TransportClientFactory: Successfully created connection to spark-master/172.18.0.6:7077 after 652 ms (0 ms spent in bootstraps)
[2026-05-17T03:06:20.038+0000] {subprocess.py:93} INFO - 26/05/17 03:06:20 INFO StandaloneSchedulerBackend: Connected to Spark cluster with app ID app-20260517030619-0176
[2026-05-17T03:06:20.089+0000] {subprocess.py:93} INFO - 26/05/17 03:06:20 INFO StandaloneAppClient$ClientEndpoint: Executor added: app-20260517030619-0176/0 on worker-20260514105200-172.18.0.13-40347 (172.18.0.13:40347) with 1 core(s)
[2026-05-17T03:06:20.135+0000] {subprocess.py:93} INFO - 26/05/17 03:06:20 INFO StandaloneSchedulerBackend: Granted executor ID app-20260517030619-0176/0 on hostPort 172.18.0.13:40347 with 1 core(s), 512.0 MiB RAM
[2026-05-17T03:06:20.217+0000] {subprocess.py:93} INFO - 26/05/17 03:06:20 INFO Utils: Successfully started service 'org.apache.spark.network.netty.NettyBlockTransferService' on port 41999.
[2026-05-17T03:06:20.221+0000] {subprocess.py:93} INFO - 26/05/17 03:06:20 INFO NettyBlockTransferService: Server created on e8a9653e4a1b:41999
[2026-05-17T03:06:20.267+0000] {subprocess.py:93} INFO - 26/05/17 03:06:20 INFO BlockManager: Using org.apache.spark.storage.RandomBlockReplicationPolicy for block replication policy
[2026-05-17T03:06:20.478+0000] {subprocess.py:93} INFO - 26/05/17 03:06:20 INFO BlockManagerMaster: Registering BlockManager BlockManagerId(driver, e8a9653e4a1b, 41999, None)
[2026-05-17T03:06:20.543+0000] {subprocess.py:93} INFO - 26/05/17 03:06:20 INFO StandaloneAppClient$ClientEndpoint: Executor updated: app-20260517030619-0176/0 is now RUNNING
[2026-05-17T03:06:20.584+0000] {subprocess.py:93} INFO - 26/05/17 03:06:20 INFO BlockManagerMasterEndpoint: Registering block manager e8a9653e4a1b:41999 with 434.4 MiB RAM, BlockManagerId(driver, e8a9653e4a1b, 41999, None)
[2026-05-17T03:06:20.635+0000] {subprocess.py:93} INFO - 26/05/17 03:06:20 INFO BlockManagerMaster: Registered BlockManager BlockManagerId(driver, e8a9653e4a1b, 41999, None)
[2026-05-17T03:06:20.654+0000] {subprocess.py:93} INFO - 26/05/17 03:06:20 INFO BlockManager: Initialized BlockManager: BlockManagerId(driver, e8a9653e4a1b, 41999, None)
[2026-05-17T03:06:23.730+0000] {subprocess.py:93} INFO - 26/05/17 03:06:23 INFO StandaloneSchedulerBackend: SchedulerBackend is ready for scheduling beginning after reached minRegisteredResourcesRatio: 0.0
[2026-05-17T03:06:39.681+0000] {subprocess.py:93} INFO - 26/05/17 03:06:39 WARN MetricsConfig: Cannot locate configuration: tried hadoop-metrics2-s3a-file-system.properties,hadoop-metrics2.properties
[2026-05-17T03:08:43.334+0000] {subprocess.py:93} INFO - Lecture SILVER terminée
[2026-05-17T03:08:56.422+0000] {subprocess.py:93} INFO - Table articles_par_jour créée
[2026-05-17T03:09:05.262+0000] {subprocess.py:93} INFO - Table articles_par_source créée
[2026-05-17T03:09:13.009+0000] {subprocess.py:93} INFO - Table top_categories créée
[2026-05-17T03:09:20.169+0000] {subprocess.py:93} INFO - Table articles_par_source_jour créée
[2026-05-17T03:09:20.170+0000] {subprocess.py:93} INFO - 
[2026-05-17T03:09:20.171+0000] {subprocess.py:93} INFO - ==============================
[2026-05-17T03:09:20.172+0000] {subprocess.py:93} INFO - GOLD LAYER TERMINÉ
[2026-05-17T03:09:20.173+0000] {subprocess.py:93} INFO - ==============================
[2026-05-17T03:09:20.726+0000] {subprocess.py:97} INFO - Command exited with return code 0
[2026-05-17T03:09:20.726+0000] {taskinstance.py:441} INFO - ::group::Post task execution logs
[2026-05-17T03:09:20.980+0000] {taskinstance.py:1206} INFO - Marking task as SUCCESS. dag_id=medallion_gold_layer, task_id=gold_processing, run_id=scheduled__2026-05-17T03:00:00+00:00, execution_date=20260517T030000, start_date=20260517T030516, end_date=20260517T030920
[2026-05-17T03:09:21.037+0000] {local_task_job_runner.py:240} INFO - Task exited with return code 0
[2026-05-17T03:09:21.084+0000] {taskinstance.py:3498} INFO - 0 downstream tasks scheduled from follow-on schedule check
[2026-05-17T03:09:21.087+0000] {local_task_job_runner.py:222} INFO - ::endgroup::
