[2026-05-16T00:05:01.226+0000] {local_task_job_runner.py:120} INFO - ::group::Pre task execution logs
[2026-05-16T00:05:01.276+0000] {taskinstance.py:2076} INFO - Dependencies all met for dep_context=non-requeueable deps ti=<TaskInstance: medallion_gold_layer.gold_processing scheduled__2026-05-16T00:00:00+00:00 [queued]>
[2026-05-16T00:05:01.282+0000] {taskinstance.py:2076} INFO - Dependencies all met for dep_context=requeueable deps ti=<TaskInstance: medallion_gold_layer.gold_processing scheduled__2026-05-16T00:00:00+00:00 [queued]>
[2026-05-16T00:05:01.283+0000] {taskinstance.py:2306} INFO - Starting attempt 1 of 2
[2026-05-16T00:05:01.295+0000] {taskinstance.py:2330} INFO - Executing <Task(BashOperator): gold_processing> on 2026-05-16 00:00:00+00:00
[2026-05-16T00:05:01.299+0000] {standard_task_runner.py:63} INFO - Started process 35107 to run task
[2026-05-16T00:05:01.301+0000] {standard_task_runner.py:90} INFO - Running: ['airflow', 'tasks', 'run', 'medallion_gold_layer', 'gold_processing', 'scheduled__2026-05-16T00:00:00+00:00', '--job-id', '94', '--raw', '--subdir', 'DAGS_FOLDER/gold_layer_dag.py', '--cfg-path', '/tmp/tmpcj2_5tog']
[2026-05-16T00:05:01.306+0000] {standard_task_runner.py:91} INFO - Job 94: Subtask gold_processing
[2026-05-16T00:05:01.449+0000] {task_command.py:426} INFO - Running <TaskInstance: medallion_gold_layer.gold_processing scheduled__2026-05-16T00:00:00+00:00 [running]> on host e8a9653e4a1b
[2026-05-16T00:05:01.657+0000] {taskinstance.py:2648} INFO - Exporting env vars: AIRFLOW_CTX_DAG_OWNER='anass' AIRFLOW_CTX_DAG_ID='medallion_gold_layer' AIRFLOW_CTX_TASK_ID='gold_processing' AIRFLOW_CTX_EXECUTION_DATE='2026-05-16T00:00:00+00:00' AIRFLOW_CTX_TRY_NUMBER='1' AIRFLOW_CTX_DAG_RUN_ID='scheduled__2026-05-16T00:00:00+00:00'
[2026-05-16T00:05:01.658+0000] {taskinstance.py:430} INFO - ::endgroup::
[2026-05-16T00:05:01.667+0000] {subprocess.py:63} INFO - Tmp dir root location: /tmp
[2026-05-16T00:05:01.668+0000] {subprocess.py:75} INFO - Running command: ['/usr/bin/bash', '-c', '\n    spark-submit     --master spark://spark-master:7077     --executor-memory 512M     --executor-cores 1     --total-executor-cores 1     --jars /opt/airflow/jars/aws-java-sdk-bundle-1.12.262.jar,/opt/airflow/jars/hadoop-aws-3.3.4.jar,/opt/airflow/jars/postgresql-42.7.3.jar     /opt/spark_jobs/gold_processor.py\n    ']
[2026-05-16T00:05:01.675+0000] {subprocess.py:86} INFO - Output:
[2026-05-16T00:05:02.846+0000] {subprocess.py:93} INFO - 26/05/16 00:05:02 WARN NativeCodeLoader: Unable to load native-hadoop library for your platform... using builtin-java classes where applicable
[2026-05-16T00:05:03.724+0000] {subprocess.py:93} INFO - 26/05/16 00:05:03 INFO SparkContext: Running Spark version 3.5.1
[2026-05-16T00:05:03.725+0000] {subprocess.py:93} INFO - 26/05/16 00:05:03 INFO SparkContext: OS info Linux, 6.6.87.2-microsoft-standard-WSL2, amd64
[2026-05-16T00:05:03.726+0000] {subprocess.py:93} INFO - 26/05/16 00:05:03 INFO SparkContext: Java version 17.0.19
[2026-05-16T00:05:03.746+0000] {subprocess.py:93} INFO - 26/05/16 00:05:03 INFO ResourceUtils: ==============================================================
[2026-05-16T00:05:03.747+0000] {subprocess.py:93} INFO - 26/05/16 00:05:03 INFO ResourceUtils: No custom resources configured for spark.driver.
[2026-05-16T00:05:03.748+0000] {subprocess.py:93} INFO - 26/05/16 00:05:03 INFO ResourceUtils: ==============================================================
[2026-05-16T00:05:03.749+0000] {subprocess.py:93} INFO - 26/05/16 00:05:03 INFO SparkContext: Submitted application: GoldLayerProcessor
[2026-05-16T00:05:03.762+0000] {subprocess.py:93} INFO - 26/05/16 00:05:03 INFO ResourceProfile: Default ResourceProfile created, executor resources: Map(cores -> name: cores, amount: 1, script: , vendor: , memory -> name: memory, amount: 512, script: , vendor: , offHeap -> name: offHeap, amount: 0, script: , vendor: ), task resources: Map(cpus -> name: cpus, amount: 1.0)
[2026-05-16T00:05:03.769+0000] {subprocess.py:93} INFO - 26/05/16 00:05:03 INFO ResourceProfile: Limiting resource is cpus at 1 tasks per executor
[2026-05-16T00:05:03.771+0000] {subprocess.py:93} INFO - 26/05/16 00:05:03 INFO ResourceProfileManager: Added ResourceProfile id: 0
[2026-05-16T00:05:03.806+0000] {subprocess.py:93} INFO - 26/05/16 00:05:03 INFO SecurityManager: Changing view acls to: airflow
[2026-05-16T00:05:03.807+0000] {subprocess.py:93} INFO - 26/05/16 00:05:03 INFO SecurityManager: Changing modify acls to: airflow
[2026-05-16T00:05:03.808+0000] {subprocess.py:93} INFO - 26/05/16 00:05:03 INFO SecurityManager: Changing view acls groups to:
[2026-05-16T00:05:03.809+0000] {subprocess.py:93} INFO - 26/05/16 00:05:03 INFO SecurityManager: Changing modify acls groups to:
[2026-05-16T00:05:03.810+0000] {subprocess.py:93} INFO - 26/05/16 00:05:03 INFO SecurityManager: SecurityManager: authentication disabled; ui acls disabled; users with view permissions: airflow; groups with view permissions: EMPTY; users with modify permissions: airflow; groups with modify permissions: EMPTY
[2026-05-16T00:05:03.984+0000] {subprocess.py:93} INFO - 26/05/16 00:05:03 INFO Utils: Successfully started service 'sparkDriver' on port 36751.
[2026-05-16T00:05:04.015+0000] {subprocess.py:93} INFO - 26/05/16 00:05:04 INFO SparkEnv: Registering MapOutputTracker
[2026-05-16T00:05:04.048+0000] {subprocess.py:93} INFO - 26/05/16 00:05:04 INFO SparkEnv: Registering BlockManagerMaster
[2026-05-16T00:05:04.077+0000] {subprocess.py:93} INFO - 26/05/16 00:05:04 INFO BlockManagerMasterEndpoint: Using org.apache.spark.storage.DefaultTopologyMapper for getting topology information
[2026-05-16T00:05:04.078+0000] {subprocess.py:93} INFO - 26/05/16 00:05:04 INFO BlockManagerMasterEndpoint: BlockManagerMasterEndpoint up
[2026-05-16T00:05:04.084+0000] {subprocess.py:93} INFO - 26/05/16 00:05:04 INFO SparkEnv: Registering BlockManagerMasterHeartbeat
[2026-05-16T00:05:04.107+0000] {subprocess.py:93} INFO - 26/05/16 00:05:04 INFO DiskBlockManager: Created local directory at /tmp/blockmgr-1eefa7ab-00dc-4f75-884a-58ff74713bf4
[2026-05-16T00:05:04.120+0000] {subprocess.py:93} INFO - 26/05/16 00:05:04 INFO MemoryStore: MemoryStore started with capacity 434.4 MiB
[2026-05-16T00:05:04.141+0000] {subprocess.py:93} INFO - 26/05/16 00:05:04 INFO SparkEnv: Registering OutputCommitCoordinator
[2026-05-16T00:05:04.259+0000] {subprocess.py:93} INFO - 26/05/16 00:05:04 INFO JettyUtils: Start Jetty 0.0.0.0:4040 for SparkUI
[2026-05-16T00:05:04.338+0000] {subprocess.py:93} INFO - 26/05/16 00:05:04 INFO Utils: Successfully started service 'SparkUI' on port 4040.
[2026-05-16T00:05:04.374+0000] {subprocess.py:93} INFO - 26/05/16 00:05:04 INFO SparkContext: Added JAR file:///opt/airflow/jars/aws-java-sdk-bundle-1.12.262.jar at spark://e8a9653e4a1b:36751/jars/aws-java-sdk-bundle-1.12.262.jar with timestamp 1778889903719
[2026-05-16T00:05:04.375+0000] {subprocess.py:93} INFO - 26/05/16 00:05:04 INFO SparkContext: Added JAR file:///opt/airflow/jars/hadoop-aws-3.3.4.jar at spark://e8a9653e4a1b:36751/jars/hadoop-aws-3.3.4.jar with timestamp 1778889903719
[2026-05-16T00:05:04.376+0000] {subprocess.py:93} INFO - 26/05/16 00:05:04 INFO SparkContext: Added JAR file:///opt/airflow/jars/postgresql-42.7.3.jar at spark://e8a9653e4a1b:36751/jars/postgresql-42.7.3.jar with timestamp 1778889903719
[2026-05-16T00:05:04.466+0000] {subprocess.py:93} INFO - 26/05/16 00:05:04 INFO StandaloneAppClient$ClientEndpoint: Connecting to master spark://spark-master:7077...
[2026-05-16T00:05:04.512+0000] {subprocess.py:93} INFO - 26/05/16 00:05:04 INFO TransportClientFactory: Successfully created connection to spark-master/172.18.0.6:7077 after 24 ms (0 ms spent in bootstraps)
[2026-05-16T00:05:04.606+0000] {subprocess.py:93} INFO - 26/05/16 00:05:04 INFO StandaloneSchedulerBackend: Connected to Spark cluster with app ID app-20260516000504-0093
[2026-05-16T00:05:04.607+0000] {subprocess.py:93} INFO - 26/05/16 00:05:04 INFO StandaloneAppClient$ClientEndpoint: Executor added: app-20260516000504-0093/0 on worker-20260514105200-172.18.0.13-40347 (172.18.0.13:40347) with 1 core(s)
[2026-05-16T00:05:04.609+0000] {subprocess.py:93} INFO - 26/05/16 00:05:04 INFO StandaloneSchedulerBackend: Granted executor ID app-20260516000504-0093/0 on hostPort 172.18.0.13:40347 with 1 core(s), 512.0 MiB RAM
[2026-05-16T00:05:04.618+0000] {subprocess.py:93} INFO - 26/05/16 00:05:04 INFO Utils: Successfully started service 'org.apache.spark.network.netty.NettyBlockTransferService' on port 41321.
[2026-05-16T00:05:04.619+0000] {subprocess.py:93} INFO - 26/05/16 00:05:04 INFO NettyBlockTransferService: Server created on e8a9653e4a1b:41321
[2026-05-16T00:05:04.621+0000] {subprocess.py:93} INFO - 26/05/16 00:05:04 INFO BlockManager: Using org.apache.spark.storage.RandomBlockReplicationPolicy for block replication policy
[2026-05-16T00:05:04.631+0000] {subprocess.py:93} INFO - 26/05/16 00:05:04 INFO BlockManagerMaster: Registering BlockManager BlockManagerId(driver, e8a9653e4a1b, 41321, None)
[2026-05-16T00:05:04.635+0000] {subprocess.py:93} INFO - 26/05/16 00:05:04 INFO BlockManagerMasterEndpoint: Registering block manager e8a9653e4a1b:41321 with 434.4 MiB RAM, BlockManagerId(driver, e8a9653e4a1b, 41321, None)
[2026-05-16T00:05:04.638+0000] {subprocess.py:93} INFO - 26/05/16 00:05:04 INFO BlockManagerMaster: Registered BlockManager BlockManagerId(driver, e8a9653e4a1b, 41321, None)
[2026-05-16T00:05:04.642+0000] {subprocess.py:93} INFO - 26/05/16 00:05:04 INFO BlockManager: Initialized BlockManager: BlockManagerId(driver, e8a9653e4a1b, 41321, None)
[2026-05-16T00:05:04.662+0000] {subprocess.py:93} INFO - 26/05/16 00:05:04 INFO StandaloneAppClient$ClientEndpoint: Executor updated: app-20260516000504-0093/0 is now RUNNING
[2026-05-16T00:05:04.956+0000] {subprocess.py:93} INFO - 26/05/16 00:05:04 INFO StandaloneSchedulerBackend: SchedulerBackend is ready for scheduling beginning after reached minRegisteredResourcesRatio: 0.0
[2026-05-16T00:05:06.917+0000] {subprocess.py:93} INFO - 26/05/16 00:05:06 WARN MetricsConfig: Cannot locate configuration: tried hadoop-metrics2-s3a-file-system.properties,hadoop-metrics2.properties
[2026-05-16T00:05:18.334+0000] {subprocess.py:93} INFO - Lecture SILVER terminée
[2026-05-16T00:05:32.119+0000] {subprocess.py:93} INFO - Table articles_par_jour créée
[2026-05-16T00:05:41.613+0000] {subprocess.py:93} INFO - Table articles_par_source créée
[2026-05-16T00:05:49.992+0000] {subprocess.py:93} INFO - Table top_categories créée
[2026-05-16T00:05:56.679+0000] {subprocess.py:93} INFO - Table articles_par_source_jour créée
[2026-05-16T00:05:56.681+0000] {subprocess.py:93} INFO - 
[2026-05-16T00:05:56.682+0000] {subprocess.py:93} INFO - ==============================
[2026-05-16T00:05:56.683+0000] {subprocess.py:93} INFO - GOLD LAYER TERMINÉ
[2026-05-16T00:05:56.684+0000] {subprocess.py:93} INFO - ==============================
[2026-05-16T00:05:57.154+0000] {subprocess.py:97} INFO - Command exited with return code 0
[2026-05-16T00:05:57.156+0000] {taskinstance.py:441} INFO - ::group::Post task execution logs
[2026-05-16T00:05:57.325+0000] {taskinstance.py:1206} INFO - Marking task as SUCCESS. dag_id=medallion_gold_layer, task_id=gold_processing, run_id=scheduled__2026-05-16T00:00:00+00:00, execution_date=20260516T000000, start_date=20260516T000501, end_date=20260516T000557
[2026-05-16T00:05:57.514+0000] {local_task_job_runner.py:240} INFO - Task exited with return code 0
[2026-05-16T00:05:57.585+0000] {taskinstance.py:3498} INFO - 0 downstream tasks scheduled from follow-on schedule check
[2026-05-16T00:05:57.606+0000] {local_task_job_runner.py:222} INFO - ::endgroup::
