[2026-05-19T12:05:02.376+0000] {local_task_job_runner.py:120} INFO - ::group::Pre task execution logs
[2026-05-19T12:05:02.609+0000] {taskinstance.py:2076} INFO - Dependencies all met for dep_context=non-requeueable deps ti=<TaskInstance: medallion_gold_layer.gold_processing scheduled__2026-05-19T12:00:00+00:00 [queued]>
[2026-05-19T12:05:02.648+0000] {taskinstance.py:2076} INFO - Dependencies all met for dep_context=requeueable deps ti=<TaskInstance: medallion_gold_layer.gold_processing scheduled__2026-05-19T12:00:00+00:00 [queued]>
[2026-05-19T12:05:02.651+0000] {taskinstance.py:2306} INFO - Starting attempt 1 of 2
[2026-05-19T12:05:02.747+0000] {taskinstance.py:2330} INFO - Executing <Task(BashOperator): gold_processing> on 2026-05-19 12:00:00+00:00
[2026-05-19T12:05:02.769+0000] {standard_task_runner.py:63} INFO - Started process 9009 to run task
[2026-05-19T12:05:02.783+0000] {standard_task_runner.py:90} INFO - Running: ['airflow', 'tasks', 'run', 'medallion_gold_layer', 'gold_processing', 'scheduled__2026-05-19T12:00:00+00:00', '--job-id', '306', '--raw', '--subdir', 'DAGS_FOLDER/gold_layer_dag.py', '--cfg-path', '/tmp/tmp8hi_2pwz']
[2026-05-19T12:05:02.795+0000] {standard_task_runner.py:91} INFO - Job 306: Subtask gold_processing
[2026-05-19T12:05:03.568+0000] {task_command.py:426} INFO - Running <TaskInstance: medallion_gold_layer.gold_processing scheduled__2026-05-19T12:00:00+00:00 [running]> on host c43074c3fd7c
[2026-05-19T12:05:04.522+0000] {taskinstance.py:2648} INFO - Exporting env vars: AIRFLOW_CTX_DAG_OWNER='ikram' AIRFLOW_CTX_DAG_ID='medallion_gold_layer' AIRFLOW_CTX_TASK_ID='gold_processing' AIRFLOW_CTX_EXECUTION_DATE='2026-05-19T12:00:00+00:00' AIRFLOW_CTX_TRY_NUMBER='1' AIRFLOW_CTX_DAG_RUN_ID='scheduled__2026-05-19T12:00:00+00:00'
[2026-05-19T12:05:04.525+0000] {taskinstance.py:430} INFO - ::endgroup::
[2026-05-19T12:05:04.586+0000] {subprocess.py:63} INFO - Tmp dir root location: /tmp
[2026-05-19T12:05:04.591+0000] {subprocess.py:75} INFO - Running command: ['/usr/bin/bash', '-c', '\n    spark-submit     --master spark://spark-master:7077     --executor-memory 512M     --executor-cores 1     --total-executor-cores 1     --jars /opt/airflow/jars/aws-java-sdk-bundle-1.12.262.jar,/opt/airflow/jars/hadoop-aws-3.3.4.jar,/opt/airflow/jars/postgresql-42.7.3.jar     /opt/spark_jobs/gold_processor.py\n    ']
[2026-05-19T12:05:04.626+0000] {subprocess.py:86} INFO - Output:
[2026-05-19T12:05:08.683+0000] {subprocess.py:93} INFO - 26/05/19 12:05:08 WARN NativeCodeLoader: Unable to load native-hadoop library for your platform... using builtin-java classes where applicable
[2026-05-19T12:05:10.598+0000] {subprocess.py:93} INFO - 26/05/19 12:05:10 INFO SparkContext: Running Spark version 3.5.1
[2026-05-19T12:05:10.600+0000] {subprocess.py:93} INFO - 26/05/19 12:05:10 INFO SparkContext: OS info Linux, 6.6.87.2-microsoft-standard-WSL2, amd64
[2026-05-19T12:05:10.601+0000] {subprocess.py:93} INFO - 26/05/19 12:05:10 INFO SparkContext: Java version 17.0.19
[2026-05-19T12:05:10.645+0000] {subprocess.py:93} INFO - 26/05/19 12:05:10 INFO ResourceUtils: ==============================================================
[2026-05-19T12:05:10.648+0000] {subprocess.py:93} INFO - 26/05/19 12:05:10 INFO ResourceUtils: No custom resources configured for spark.driver.
[2026-05-19T12:05:10.649+0000] {subprocess.py:93} INFO - 26/05/19 12:05:10 INFO ResourceUtils: ==============================================================
[2026-05-19T12:05:10.650+0000] {subprocess.py:93} INFO - 26/05/19 12:05:10 INFO SparkContext: Submitted application: GoldLayerProcessor
[2026-05-19T12:05:10.712+0000] {subprocess.py:93} INFO - 26/05/19 12:05:10 INFO ResourceProfile: Default ResourceProfile created, executor resources: Map(cores -> name: cores, amount: 1, script: , vendor: , memory -> name: memory, amount: 512, script: , vendor: , offHeap -> name: offHeap, amount: 0, script: , vendor: ), task resources: Map(cpus -> name: cpus, amount: 1.0)
[2026-05-19T12:05:10.742+0000] {subprocess.py:93} INFO - 26/05/19 12:05:10 INFO ResourceProfile: Limiting resource is cpus at 1 tasks per executor
[2026-05-19T12:05:10.751+0000] {subprocess.py:93} INFO - 26/05/19 12:05:10 INFO ResourceProfileManager: Added ResourceProfile id: 0
[2026-05-19T12:05:10.837+0000] {subprocess.py:93} INFO - 26/05/19 12:05:10 INFO SecurityManager: Changing view acls to: airflow
[2026-05-19T12:05:10.839+0000] {subprocess.py:93} INFO - 26/05/19 12:05:10 INFO SecurityManager: Changing modify acls to: airflow
[2026-05-19T12:05:10.840+0000] {subprocess.py:93} INFO - 26/05/19 12:05:10 INFO SecurityManager: Changing view acls groups to:
[2026-05-19T12:05:10.842+0000] {subprocess.py:93} INFO - 26/05/19 12:05:10 INFO SecurityManager: Changing modify acls groups to:
[2026-05-19T12:05:10.843+0000] {subprocess.py:93} INFO - 26/05/19 12:05:10 INFO SecurityManager: SecurityManager: authentication disabled; ui acls disabled; users with view permissions: airflow; groups with view permissions: EMPTY; users with modify permissions: airflow; groups with modify permissions: EMPTY
[2026-05-19T12:05:11.300+0000] {subprocess.py:93} INFO - 26/05/19 12:05:11 INFO Utils: Successfully started service 'sparkDriver' on port 33757.
[2026-05-19T12:05:11.375+0000] {subprocess.py:93} INFO - 26/05/19 12:05:11 INFO SparkEnv: Registering MapOutputTracker
[2026-05-19T12:05:11.487+0000] {subprocess.py:93} INFO - 26/05/19 12:05:11 INFO SparkEnv: Registering BlockManagerMaster
[2026-05-19T12:05:11.532+0000] {subprocess.py:93} INFO - 26/05/19 12:05:11 INFO BlockManagerMasterEndpoint: Using org.apache.spark.storage.DefaultTopologyMapper for getting topology information
[2026-05-19T12:05:11.533+0000] {subprocess.py:93} INFO - 26/05/19 12:05:11 INFO BlockManagerMasterEndpoint: BlockManagerMasterEndpoint up
[2026-05-19T12:05:11.540+0000] {subprocess.py:93} INFO - 26/05/19 12:05:11 INFO SparkEnv: Registering BlockManagerMasterHeartbeat
[2026-05-19T12:05:11.576+0000] {subprocess.py:93} INFO - 26/05/19 12:05:11 INFO DiskBlockManager: Created local directory at /tmp/blockmgr-5f6bf569-802a-4519-bf3f-381417f331e0
[2026-05-19T12:05:11.603+0000] {subprocess.py:93} INFO - 26/05/19 12:05:11 INFO MemoryStore: MemoryStore started with capacity 434.4 MiB
[2026-05-19T12:05:11.634+0000] {subprocess.py:93} INFO - 26/05/19 12:05:11 INFO SparkEnv: Registering OutputCommitCoordinator
[2026-05-19T12:05:11.842+0000] {subprocess.py:93} INFO - 26/05/19 12:05:11 INFO JettyUtils: Start Jetty 0.0.0.0:4040 for SparkUI
[2026-05-19T12:05:12.054+0000] {subprocess.py:93} INFO - 26/05/19 12:05:12 INFO Utils: Successfully started service 'SparkUI' on port 4040.
[2026-05-19T12:05:12.187+0000] {subprocess.py:93} INFO - 26/05/19 12:05:12 INFO SparkContext: Added JAR file:///opt/airflow/jars/aws-java-sdk-bundle-1.12.262.jar at spark://c43074c3fd7c:33757/jars/aws-java-sdk-bundle-1.12.262.jar with timestamp 1779192310586
[2026-05-19T12:05:12.189+0000] {subprocess.py:93} INFO - 26/05/19 12:05:12 INFO SparkContext: Added JAR file:///opt/airflow/jars/hadoop-aws-3.3.4.jar at spark://c43074c3fd7c:33757/jars/hadoop-aws-3.3.4.jar with timestamp 1779192310586
[2026-05-19T12:05:12.191+0000] {subprocess.py:93} INFO - 26/05/19 12:05:12 INFO SparkContext: Added JAR file:///opt/airflow/jars/postgresql-42.7.3.jar at spark://c43074c3fd7c:33757/jars/postgresql-42.7.3.jar with timestamp 1779192310586
[2026-05-19T12:05:12.367+0000] {subprocess.py:93} INFO - 26/05/19 12:05:12 INFO StandaloneAppClient$ClientEndpoint: Connecting to master spark://spark-master:7077...
[2026-05-19T12:05:12.469+0000] {subprocess.py:93} INFO - 26/05/19 12:05:12 INFO TransportClientFactory: Successfully created connection to spark-master/172.18.0.4:7077 after 69 ms (0 ms spent in bootstraps)
[2026-05-19T12:05:12.612+0000] {subprocess.py:93} INFO - 26/05/19 12:05:12 INFO StandaloneSchedulerBackend: Connected to Spark cluster with app ID app-20260519120512-0033
[2026-05-19T12:05:12.618+0000] {subprocess.py:93} INFO - 26/05/19 12:05:12 INFO StandaloneAppClient$ClientEndpoint: Executor added: app-20260519120512-0033/0 on worker-20260518211503-172.18.0.3-40747 (172.18.0.3:40747) with 1 core(s)
[2026-05-19T12:05:12.630+0000] {subprocess.py:93} INFO - 26/05/19 12:05:12 INFO StandaloneSchedulerBackend: Granted executor ID app-20260519120512-0033/0 on hostPort 172.18.0.3:40747 with 1 core(s), 512.0 MiB RAM
[2026-05-19T12:05:12.654+0000] {subprocess.py:93} INFO - 26/05/19 12:05:12 INFO Utils: Successfully started service 'org.apache.spark.network.netty.NettyBlockTransferService' on port 33871.
[2026-05-19T12:05:12.656+0000] {subprocess.py:93} INFO - 26/05/19 12:05:12 INFO NettyBlockTransferService: Server created on c43074c3fd7c:33871
[2026-05-19T12:05:12.662+0000] {subprocess.py:93} INFO - 26/05/19 12:05:12 INFO BlockManager: Using org.apache.spark.storage.RandomBlockReplicationPolicy for block replication policy
[2026-05-19T12:05:12.690+0000] {subprocess.py:93} INFO - 26/05/19 12:05:12 INFO BlockManagerMaster: Registering BlockManager BlockManagerId(driver, c43074c3fd7c, 33871, None)
[2026-05-19T12:05:12.699+0000] {subprocess.py:93} INFO - 26/05/19 12:05:12 INFO BlockManagerMasterEndpoint: Registering block manager c43074c3fd7c:33871 with 434.4 MiB RAM, BlockManagerId(driver, c43074c3fd7c, 33871, None)
[2026-05-19T12:05:12.702+0000] {subprocess.py:93} INFO - 26/05/19 12:05:12 INFO BlockManagerMaster: Registered BlockManager BlockManagerId(driver, c43074c3fd7c, 33871, None)
[2026-05-19T12:05:12.705+0000] {subprocess.py:93} INFO - 26/05/19 12:05:12 INFO BlockManager: Initialized BlockManager: BlockManagerId(driver, c43074c3fd7c, 33871, None)
[2026-05-19T12:05:12.712+0000] {subprocess.py:93} INFO - 26/05/19 12:05:12 INFO StandaloneAppClient$ClientEndpoint: Executor updated: app-20260519120512-0033/0 is now RUNNING
[2026-05-19T12:05:13.054+0000] {subprocess.py:93} INFO - 26/05/19 12:05:13 INFO StandaloneSchedulerBackend: SchedulerBackend is ready for scheduling beginning after reached minRegisteredResourcesRatio: 0.0
[2026-05-19T12:05:15.168+0000] {subprocess.py:93} INFO - 26/05/19 12:05:15 WARN MetricsConfig: Cannot locate configuration: tried hadoop-metrics2-s3a-file-system.properties,hadoop-metrics2.properties
[2026-05-19T12:05:29.355+0000] {subprocess.py:93} INFO - Lecture SILVER terminée
[2026-05-19T12:06:08.272+0000] {subprocess.py:93} INFO - Table articles_par_jour créée
[2026-05-19T12:06:42.482+0000] {subprocess.py:93} INFO - Table articles_par_source créée
[2026-05-19T12:07:14.811+0000] {subprocess.py:93} INFO - Table top_categories créée
[2026-05-19T12:07:46.887+0000] {subprocess.py:93} INFO - Table articles_par_source_jour créée
[2026-05-19T12:07:46.888+0000] {subprocess.py:93} INFO - 
[2026-05-19T12:07:46.889+0000] {subprocess.py:93} INFO - ==============================
[2026-05-19T12:07:46.890+0000] {subprocess.py:93} INFO - GOLD LAYER TERMINÉ
[2026-05-19T12:07:46.892+0000] {subprocess.py:93} INFO - ==============================
[2026-05-19T12:07:47.678+0000] {subprocess.py:97} INFO - Command exited with return code 0
[2026-05-19T12:07:47.681+0000] {taskinstance.py:441} INFO - ::group::Post task execution logs
[2026-05-19T12:07:48.561+0000] {taskinstance.py:1206} INFO - Marking task as SUCCESS. dag_id=medallion_gold_layer, task_id=gold_processing, run_id=scheduled__2026-05-19T12:00:00+00:00, execution_date=20260519T120000, start_date=20260519T120502, end_date=20260519T120748
[2026-05-19T12:07:48.731+0000] {local_task_job_runner.py:240} INFO - Task exited with return code 0
[2026-05-19T12:07:48.881+0000] {taskinstance.py:3498} INFO - 0 downstream tasks scheduled from follow-on schedule check
[2026-05-19T12:07:48.890+0000] {local_task_job_runner.py:222} INFO - ::endgroup::
