[2026-05-17T22:15:02.032+0000] {local_task_job_runner.py:120} INFO - ::group::Pre task execution logs
[2026-05-17T22:15:02.297+0000] {taskinstance.py:2076} INFO - Dependencies all met for dep_context=non-requeueable deps ti=<TaskInstance: medallion_gold_layer.gold_processing scheduled__2026-05-17T22:10:00+00:00 [queued]>
[2026-05-17T22:15:02.328+0000] {taskinstance.py:2076} INFO - Dependencies all met for dep_context=requeueable deps ti=<TaskInstance: medallion_gold_layer.gold_processing scheduled__2026-05-17T22:10:00+00:00 [queued]>
[2026-05-17T22:15:02.330+0000] {taskinstance.py:2306} INFO - Starting attempt 1 of 2
[2026-05-17T22:15:02.392+0000] {taskinstance.py:2330} INFO - Executing <Task(BashOperator): gold_processing> on 2026-05-17 22:10:00+00:00
[2026-05-17T22:15:02.402+0000] {standard_task_runner.py:63} INFO - Started process 76676 to run task
[2026-05-17T22:15:02.408+0000] {standard_task_runner.py:90} INFO - Running: ['airflow', 'tasks', 'run', 'medallion_gold_layer', 'gold_processing', 'scheduled__2026-05-17T22:10:00+00:00', '--job-id', '199', '--raw', '--subdir', 'DAGS_FOLDER/gold_layer_dag.py', '--cfg-path', '/tmp/tmpr1hac5_x']
[2026-05-17T22:15:02.414+0000] {standard_task_runner.py:91} INFO - Job 199: Subtask gold_processing
[2026-05-17T22:15:02.846+0000] {task_command.py:426} INFO - Running <TaskInstance: medallion_gold_layer.gold_processing scheduled__2026-05-17T22:10:00+00:00 [running]> on host e8a9653e4a1b
[2026-05-17T22:15:03.648+0000] {taskinstance.py:2648} INFO - Exporting env vars: AIRFLOW_CTX_DAG_OWNER='anass' AIRFLOW_CTX_DAG_ID='medallion_gold_layer' AIRFLOW_CTX_TASK_ID='gold_processing' AIRFLOW_CTX_EXECUTION_DATE='2026-05-17T22:10:00+00:00' AIRFLOW_CTX_TRY_NUMBER='1' AIRFLOW_CTX_DAG_RUN_ID='scheduled__2026-05-17T22:10:00+00:00'
[2026-05-17T22:15:03.651+0000] {taskinstance.py:430} INFO - ::endgroup::
[2026-05-17T22:15:03.715+0000] {subprocess.py:63} INFO - Tmp dir root location: /tmp
[2026-05-17T22:15:03.719+0000] {subprocess.py:75} INFO - Running command: ['/usr/bin/bash', '-c', '\n    spark-submit     --master spark://spark-master:7077     --executor-memory 512M     --executor-cores 1     --total-executor-cores 1     --jars /opt/airflow/jars/aws-java-sdk-bundle-1.12.262.jar,/opt/airflow/jars/hadoop-aws-3.3.4.jar,/opt/airflow/jars/postgresql-42.7.3.jar     /opt/spark_jobs/gold_processor.py\n    ']
[2026-05-17T22:15:03.753+0000] {subprocess.py:86} INFO - Output:
[2026-05-17T22:15:08.349+0000] {subprocess.py:93} INFO - 26/05/17 22:15:08 WARN NativeCodeLoader: Unable to load native-hadoop library for your platform... using builtin-java classes where applicable
[2026-05-17T22:15:11.968+0000] {subprocess.py:93} INFO - 26/05/17 22:15:11 INFO SparkContext: Running Spark version 3.5.1
[2026-05-17T22:15:11.972+0000] {subprocess.py:93} INFO - 26/05/17 22:15:11 INFO SparkContext: OS info Linux, 6.6.87.2-microsoft-standard-WSL2, amd64
[2026-05-17T22:15:11.975+0000] {subprocess.py:93} INFO - 26/05/17 22:15:11 INFO SparkContext: Java version 17.0.19
[2026-05-17T22:15:12.125+0000] {subprocess.py:93} INFO - 26/05/17 22:15:12 INFO ResourceUtils: ==============================================================
[2026-05-17T22:15:12.126+0000] {subprocess.py:93} INFO - 26/05/17 22:15:12 INFO ResourceUtils: No custom resources configured for spark.driver.
[2026-05-17T22:15:12.128+0000] {subprocess.py:93} INFO - 26/05/17 22:15:12 INFO ResourceUtils: ==============================================================
[2026-05-17T22:15:12.130+0000] {subprocess.py:93} INFO - 26/05/17 22:15:12 INFO SparkContext: Submitted application: GoldLayerProcessor
[2026-05-17T22:15:12.206+0000] {subprocess.py:93} INFO - 26/05/17 22:15:12 INFO ResourceProfile: Default ResourceProfile created, executor resources: Map(cores -> name: cores, amount: 1, script: , vendor: , memory -> name: memory, amount: 512, script: , vendor: , offHeap -> name: offHeap, amount: 0, script: , vendor: ), task resources: Map(cpus -> name: cpus, amount: 1.0)
[2026-05-17T22:15:12.254+0000] {subprocess.py:93} INFO - 26/05/17 22:15:12 INFO ResourceProfile: Limiting resource is cpus at 1 tasks per executor
[2026-05-17T22:15:12.264+0000] {subprocess.py:93} INFO - 26/05/17 22:15:12 INFO ResourceProfileManager: Added ResourceProfile id: 0
[2026-05-17T22:15:12.368+0000] {subprocess.py:93} INFO - 26/05/17 22:15:12 INFO SecurityManager: Changing view acls to: airflow
[2026-05-17T22:15:12.370+0000] {subprocess.py:93} INFO - 26/05/17 22:15:12 INFO SecurityManager: Changing modify acls to: airflow
[2026-05-17T22:15:12.371+0000] {subprocess.py:93} INFO - 26/05/17 22:15:12 INFO SecurityManager: Changing view acls groups to:
[2026-05-17T22:15:12.372+0000] {subprocess.py:93} INFO - 26/05/17 22:15:12 INFO SecurityManager: Changing modify acls groups to:
[2026-05-17T22:15:12.373+0000] {subprocess.py:93} INFO - 26/05/17 22:15:12 INFO SecurityManager: SecurityManager: authentication disabled; ui acls disabled; users with view permissions: airflow; groups with view permissions: EMPTY; users with modify permissions: airflow; groups with modify permissions: EMPTY
[2026-05-17T22:15:12.965+0000] {subprocess.py:93} INFO - 26/05/17 22:15:12 INFO Utils: Successfully started service 'sparkDriver' on port 44435.
[2026-05-17T22:15:13.034+0000] {subprocess.py:93} INFO - 26/05/17 22:15:13 INFO SparkEnv: Registering MapOutputTracker
[2026-05-17T22:15:13.106+0000] {subprocess.py:93} INFO - 26/05/17 22:15:13 INFO SparkEnv: Registering BlockManagerMaster
[2026-05-17T22:15:13.135+0000] {subprocess.py:93} INFO - 26/05/17 22:15:13 INFO BlockManagerMasterEndpoint: Using org.apache.spark.storage.DefaultTopologyMapper for getting topology information
[2026-05-17T22:15:13.136+0000] {subprocess.py:93} INFO - 26/05/17 22:15:13 INFO BlockManagerMasterEndpoint: BlockManagerMasterEndpoint up
[2026-05-17T22:15:13.142+0000] {subprocess.py:93} INFO - 26/05/17 22:15:13 INFO SparkEnv: Registering BlockManagerMasterHeartbeat
[2026-05-17T22:15:13.167+0000] {subprocess.py:93} INFO - 26/05/17 22:15:13 INFO DiskBlockManager: Created local directory at /tmp/blockmgr-ef6c45d4-7a99-4c35-8f40-8caac00f3c5f
[2026-05-17T22:15:13.188+0000] {subprocess.py:93} INFO - 26/05/17 22:15:13 INFO MemoryStore: MemoryStore started with capacity 434.4 MiB
[2026-05-17T22:15:13.218+0000] {subprocess.py:93} INFO - 26/05/17 22:15:13 INFO SparkEnv: Registering OutputCommitCoordinator
[2026-05-17T22:15:13.465+0000] {subprocess.py:93} INFO - 26/05/17 22:15:13 INFO JettyUtils: Start Jetty 0.0.0.0:4040 for SparkUI
[2026-05-17T22:15:13.680+0000] {subprocess.py:93} INFO - 26/05/17 22:15:13 INFO Utils: Successfully started service 'SparkUI' on port 4040.
[2026-05-17T22:15:13.801+0000] {subprocess.py:93} INFO - 26/05/17 22:15:13 INFO SparkContext: Added JAR file:///opt/airflow/jars/aws-java-sdk-bundle-1.12.262.jar at spark://e8a9653e4a1b:44435/jars/aws-java-sdk-bundle-1.12.262.jar with timestamp 1779056111917
[2026-05-17T22:15:13.804+0000] {subprocess.py:93} INFO - 26/05/17 22:15:13 INFO SparkContext: Added JAR file:///opt/airflow/jars/hadoop-aws-3.3.4.jar at spark://e8a9653e4a1b:44435/jars/hadoop-aws-3.3.4.jar with timestamp 1779056111917
[2026-05-17T22:15:13.805+0000] {subprocess.py:93} INFO - 26/05/17 22:15:13 INFO SparkContext: Added JAR file:///opt/airflow/jars/postgresql-42.7.3.jar at spark://e8a9653e4a1b:44435/jars/postgresql-42.7.3.jar with timestamp 1779056111917
[2026-05-17T22:15:13.964+0000] {subprocess.py:93} INFO - 26/05/17 22:15:13 INFO StandaloneAppClient$ClientEndpoint: Connecting to master spark://spark-master:7077...
[2026-05-17T22:15:14.111+0000] {subprocess.py:93} INFO - 26/05/17 22:15:14 INFO TransportClientFactory: Successfully created connection to spark-master/172.18.0.6:7077 after 85 ms (0 ms spent in bootstraps)
[2026-05-17T22:15:14.385+0000] {subprocess.py:93} INFO - 26/05/17 22:15:14 INFO StandaloneSchedulerBackend: Connected to Spark cluster with app ID app-20260517221514-0198
[2026-05-17T22:15:14.396+0000] {subprocess.py:93} INFO - 26/05/17 22:15:14 INFO StandaloneAppClient$ClientEndpoint: Executor added: app-20260517221514-0198/0 on worker-20260514105200-172.18.0.13-40347 (172.18.0.13:40347) with 1 core(s)
[2026-05-17T22:15:14.404+0000] {subprocess.py:93} INFO - 26/05/17 22:15:14 INFO StandaloneSchedulerBackend: Granted executor ID app-20260517221514-0198/0 on hostPort 172.18.0.13:40347 with 1 core(s), 512.0 MiB RAM
[2026-05-17T22:15:14.418+0000] {subprocess.py:93} INFO - 26/05/17 22:15:14 INFO Utils: Successfully started service 'org.apache.spark.network.netty.NettyBlockTransferService' on port 40531.
[2026-05-17T22:15:14.420+0000] {subprocess.py:93} INFO - 26/05/17 22:15:14 INFO NettyBlockTransferService: Server created on e8a9653e4a1b:40531
[2026-05-17T22:15:14.425+0000] {subprocess.py:93} INFO - 26/05/17 22:15:14 INFO BlockManager: Using org.apache.spark.storage.RandomBlockReplicationPolicy for block replication policy
[2026-05-17T22:15:14.459+0000] {subprocess.py:93} INFO - 26/05/17 22:15:14 INFO BlockManagerMaster: Registering BlockManager BlockManagerId(driver, e8a9653e4a1b, 40531, None)
[2026-05-17T22:15:14.473+0000] {subprocess.py:93} INFO - 26/05/17 22:15:14 INFO BlockManagerMasterEndpoint: Registering block manager e8a9653e4a1b:40531 with 434.4 MiB RAM, BlockManagerId(driver, e8a9653e4a1b, 40531, None)
[2026-05-17T22:15:14.477+0000] {subprocess.py:93} INFO - 26/05/17 22:15:14 INFO BlockManagerMaster: Registered BlockManager BlockManagerId(driver, e8a9653e4a1b, 40531, None)
[2026-05-17T22:15:14.481+0000] {subprocess.py:93} INFO - 26/05/17 22:15:14 INFO BlockManager: Initialized BlockManager: BlockManagerId(driver, e8a9653e4a1b, 40531, None)
[2026-05-17T22:15:14.485+0000] {subprocess.py:93} INFO - 26/05/17 22:15:14 INFO StandaloneAppClient$ClientEndpoint: Executor updated: app-20260517221514-0198/0 is now RUNNING
[2026-05-17T22:15:14.847+0000] {subprocess.py:93} INFO - 26/05/17 22:15:14 INFO StandaloneSchedulerBackend: SchedulerBackend is ready for scheduling beginning after reached minRegisteredResourcesRatio: 0.0
[2026-05-17T22:15:16.815+0000] {subprocess.py:93} INFO - 26/05/17 22:15:16 WARN MetricsConfig: Cannot locate configuration: tried hadoop-metrics2-s3a-file-system.properties,hadoop-metrics2.properties
[2026-05-17T22:15:34.464+0000] {subprocess.py:93} INFO - Lecture SILVER terminée
[2026-05-17T22:16:05.548+0000] {subprocess.py:93} INFO - Table articles_par_jour créée
[2026-05-17T22:16:24.885+0000] {subprocess.py:93} INFO - Table articles_par_source créée
[2026-05-17T22:16:40.860+0000] {subprocess.py:93} INFO - Table top_categories créée
[2026-05-17T22:17:01.556+0000] {subprocess.py:93} INFO - Table articles_par_source_jour créée
[2026-05-17T22:17:01.557+0000] {subprocess.py:93} INFO - 
[2026-05-17T22:17:01.558+0000] {subprocess.py:93} INFO - ==============================
[2026-05-17T22:17:01.560+0000] {subprocess.py:93} INFO - GOLD LAYER TERMINÉ
[2026-05-17T22:17:01.561+0000] {subprocess.py:93} INFO - ==============================
[2026-05-17T22:17:02.254+0000] {subprocess.py:97} INFO - Command exited with return code 0
[2026-05-17T22:17:02.257+0000] {taskinstance.py:441} INFO - ::group::Post task execution logs
[2026-05-17T22:17:02.849+0000] {taskinstance.py:1206} INFO - Marking task as SUCCESS. dag_id=medallion_gold_layer, task_id=gold_processing, run_id=scheduled__2026-05-17T22:10:00+00:00, execution_date=20260517T221000, start_date=20260517T221502, end_date=20260517T221702
[2026-05-17T22:17:03.000+0000] {local_task_job_runner.py:240} INFO - Task exited with return code 0
[2026-05-17T22:17:03.163+0000] {taskinstance.py:3498} INFO - 0 downstream tasks scheduled from follow-on schedule check
[2026-05-17T22:17:03.188+0000] {local_task_job_runner.py:222} INFO - ::endgroup::
