[2026-05-19T12:45:02.490+0000] {local_task_job_runner.py:120} INFO - ::group::Pre task execution logs
[2026-05-19T12:45:02.699+0000] {taskinstance.py:2076} INFO - Dependencies all met for dep_context=non-requeueable deps ti=<TaskInstance: medallion_gold_layer.gold_processing scheduled__2026-05-19T12:40:00+00:00 [queued]>
[2026-05-19T12:45:02.725+0000] {taskinstance.py:2076} INFO - Dependencies all met for dep_context=requeueable deps ti=<TaskInstance: medallion_gold_layer.gold_processing scheduled__2026-05-19T12:40:00+00:00 [queued]>
[2026-05-19T12:45:02.727+0000] {taskinstance.py:2306} INFO - Starting attempt 1 of 2
[2026-05-19T12:45:02.826+0000] {taskinstance.py:2330} INFO - Executing <Task(BashOperator): gold_processing> on 2026-05-19 12:40:00+00:00
[2026-05-19T12:45:02.844+0000] {standard_task_runner.py:63} INFO - Started process 12021 to run task
[2026-05-19T12:45:02.867+0000] {standard_task_runner.py:90} INFO - Running: ['airflow', 'tasks', 'run', 'medallion_gold_layer', 'gold_processing', 'scheduled__2026-05-19T12:40:00+00:00', '--job-id', '314', '--raw', '--subdir', 'DAGS_FOLDER/gold_layer_dag.py', '--cfg-path', '/tmp/tmp7kznqni7']
[2026-05-19T12:45:02.876+0000] {standard_task_runner.py:91} INFO - Job 314: Subtask gold_processing
[2026-05-19T12:45:03.424+0000] {task_command.py:426} INFO - Running <TaskInstance: medallion_gold_layer.gold_processing scheduled__2026-05-19T12:40:00+00:00 [running]> on host c43074c3fd7c
[2026-05-19T12:45:04.277+0000] {taskinstance.py:2648} INFO - Exporting env vars: AIRFLOW_CTX_DAG_OWNER='ikram' AIRFLOW_CTX_DAG_ID='medallion_gold_layer' AIRFLOW_CTX_TASK_ID='gold_processing' AIRFLOW_CTX_EXECUTION_DATE='2026-05-19T12:40:00+00:00' AIRFLOW_CTX_TRY_NUMBER='1' AIRFLOW_CTX_DAG_RUN_ID='scheduled__2026-05-19T12:40:00+00:00'
[2026-05-19T12:45:04.279+0000] {taskinstance.py:430} INFO - ::endgroup::
[2026-05-19T12:45:04.335+0000] {subprocess.py:63} INFO - Tmp dir root location: /tmp
[2026-05-19T12:45:04.339+0000] {subprocess.py:75} INFO - Running command: ['/usr/bin/bash', '-c', '\n    spark-submit     --master spark://spark-master:7077     --executor-memory 512M     --executor-cores 1     --total-executor-cores 1     --jars /opt/airflow/jars/aws-java-sdk-bundle-1.12.262.jar,/opt/airflow/jars/hadoop-aws-3.3.4.jar,/opt/airflow/jars/postgresql-42.7.3.jar     /opt/spark_jobs/gold_processor.py\n    ']
[2026-05-19T12:45:04.375+0000] {subprocess.py:86} INFO - Output:
[2026-05-19T12:45:08.908+0000] {subprocess.py:93} INFO - 26/05/19 12:45:08 WARN NativeCodeLoader: Unable to load native-hadoop library for your platform... using builtin-java classes where applicable
[2026-05-19T12:45:12.981+0000] {subprocess.py:93} INFO - 26/05/19 12:45:12 INFO SparkContext: Running Spark version 3.5.1
[2026-05-19T12:45:12.983+0000] {subprocess.py:93} INFO - 26/05/19 12:45:12 INFO SparkContext: OS info Linux, 6.6.87.2-microsoft-standard-WSL2, amd64
[2026-05-19T12:45:12.986+0000] {subprocess.py:93} INFO - 26/05/19 12:45:12 INFO SparkContext: Java version 17.0.19
[2026-05-19T12:45:13.068+0000] {subprocess.py:93} INFO - 26/05/19 12:45:13 INFO ResourceUtils: ==============================================================
[2026-05-19T12:45:13.070+0000] {subprocess.py:93} INFO - 26/05/19 12:45:13 INFO ResourceUtils: No custom resources configured for spark.driver.
[2026-05-19T12:45:13.071+0000] {subprocess.py:93} INFO - 26/05/19 12:45:13 INFO ResourceUtils: ==============================================================
[2026-05-19T12:45:13.072+0000] {subprocess.py:93} INFO - 26/05/19 12:45:13 INFO SparkContext: Submitted application: GoldLayerProcessor
[2026-05-19T12:45:13.152+0000] {subprocess.py:93} INFO - 26/05/19 12:45:13 INFO ResourceProfile: Default ResourceProfile created, executor resources: Map(cores -> name: cores, amount: 1, script: , vendor: , memory -> name: memory, amount: 512, script: , vendor: , offHeap -> name: offHeap, amount: 0, script: , vendor: ), task resources: Map(cpus -> name: cpus, amount: 1.0)
[2026-05-19T12:45:13.202+0000] {subprocess.py:93} INFO - 26/05/19 12:45:13 INFO ResourceProfile: Limiting resource is cpus at 1 tasks per executor
[2026-05-19T12:45:13.223+0000] {subprocess.py:93} INFO - 26/05/19 12:45:13 INFO ResourceProfileManager: Added ResourceProfile id: 0
[2026-05-19T12:45:13.447+0000] {subprocess.py:93} INFO - 26/05/19 12:45:13 INFO SecurityManager: Changing view acls to: airflow
[2026-05-19T12:45:13.448+0000] {subprocess.py:93} INFO - 26/05/19 12:45:13 INFO SecurityManager: Changing modify acls to: airflow
[2026-05-19T12:45:13.450+0000] {subprocess.py:93} INFO - 26/05/19 12:45:13 INFO SecurityManager: Changing view acls groups to:
[2026-05-19T12:45:13.456+0000] {subprocess.py:93} INFO - 26/05/19 12:45:13 INFO SecurityManager: Changing modify acls groups to:
[2026-05-19T12:45:13.457+0000] {subprocess.py:93} INFO - 26/05/19 12:45:13 INFO SecurityManager: SecurityManager: authentication disabled; ui acls disabled; users with view permissions: airflow; groups with view permissions: EMPTY; users with modify permissions: airflow; groups with modify permissions: EMPTY
[2026-05-19T12:45:14.014+0000] {subprocess.py:93} INFO - 26/05/19 12:45:14 INFO Utils: Successfully started service 'sparkDriver' on port 39581.
[2026-05-19T12:45:14.132+0000] {subprocess.py:93} INFO - 26/05/19 12:45:14 INFO SparkEnv: Registering MapOutputTracker
[2026-05-19T12:45:14.294+0000] {subprocess.py:93} INFO - 26/05/19 12:45:14 INFO SparkEnv: Registering BlockManagerMaster
[2026-05-19T12:45:14.358+0000] {subprocess.py:93} INFO - 26/05/19 12:45:14 INFO BlockManagerMasterEndpoint: Using org.apache.spark.storage.DefaultTopologyMapper for getting topology information
[2026-05-19T12:45:14.360+0000] {subprocess.py:93} INFO - 26/05/19 12:45:14 INFO BlockManagerMasterEndpoint: BlockManagerMasterEndpoint up
[2026-05-19T12:45:14.378+0000] {subprocess.py:93} INFO - 26/05/19 12:45:14 INFO SparkEnv: Registering BlockManagerMasterHeartbeat
[2026-05-19T12:45:14.453+0000] {subprocess.py:93} INFO - 26/05/19 12:45:14 INFO DiskBlockManager: Created local directory at /tmp/blockmgr-261eeec1-3a27-41fd-b37b-3acd84701642
[2026-05-19T12:45:14.494+0000] {subprocess.py:93} INFO - 26/05/19 12:45:14 INFO MemoryStore: MemoryStore started with capacity 434.4 MiB
[2026-05-19T12:45:14.546+0000] {subprocess.py:93} INFO - 26/05/19 12:45:14 INFO SparkEnv: Registering OutputCommitCoordinator
[2026-05-19T12:45:15.038+0000] {subprocess.py:93} INFO - 26/05/19 12:45:15 INFO JettyUtils: Start Jetty 0.0.0.0:4040 for SparkUI
[2026-05-19T12:45:15.345+0000] {subprocess.py:93} INFO - 26/05/19 12:45:15 INFO Utils: Successfully started service 'SparkUI' on port 4040.
[2026-05-19T12:45:15.508+0000] {subprocess.py:93} INFO - 26/05/19 12:45:15 INFO SparkContext: Added JAR file:///opt/airflow/jars/aws-java-sdk-bundle-1.12.262.jar at spark://c43074c3fd7c:39581/jars/aws-java-sdk-bundle-1.12.262.jar with timestamp 1779194712926
[2026-05-19T12:45:15.510+0000] {subprocess.py:93} INFO - 26/05/19 12:45:15 INFO SparkContext: Added JAR file:///opt/airflow/jars/hadoop-aws-3.3.4.jar at spark://c43074c3fd7c:39581/jars/hadoop-aws-3.3.4.jar with timestamp 1779194712926
[2026-05-19T12:45:15.512+0000] {subprocess.py:93} INFO - 26/05/19 12:45:15 INFO SparkContext: Added JAR file:///opt/airflow/jars/postgresql-42.7.3.jar at spark://c43074c3fd7c:39581/jars/postgresql-42.7.3.jar with timestamp 1779194712926
[2026-05-19T12:45:15.814+0000] {subprocess.py:93} INFO - 26/05/19 12:45:15 INFO StandaloneAppClient$ClientEndpoint: Connecting to master spark://spark-master:7077...
[2026-05-19T12:45:16.005+0000] {subprocess.py:93} INFO - 26/05/19 12:45:16 INFO TransportClientFactory: Successfully created connection to spark-master/172.18.0.4:7077 after 126 ms (0 ms spent in bootstraps)
[2026-05-19T12:45:16.314+0000] {subprocess.py:93} INFO - 26/05/19 12:45:16 INFO StandaloneSchedulerBackend: Connected to Spark cluster with app ID app-20260519124516-0041
[2026-05-19T12:45:16.317+0000] {subprocess.py:93} INFO - 26/05/19 12:45:16 INFO StandaloneAppClient$ClientEndpoint: Executor added: app-20260519124516-0041/0 on worker-20260518211503-172.18.0.3-40747 (172.18.0.3:40747) with 1 core(s)
[2026-05-19T12:45:16.321+0000] {subprocess.py:93} INFO - 26/05/19 12:45:16 INFO StandaloneSchedulerBackend: Granted executor ID app-20260519124516-0041/0 on hostPort 172.18.0.3:40747 with 1 core(s), 512.0 MiB RAM
[2026-05-19T12:45:16.360+0000] {subprocess.py:93} INFO - 26/05/19 12:45:16 INFO Utils: Successfully started service 'org.apache.spark.network.netty.NettyBlockTransferService' on port 35253.
[2026-05-19T12:45:16.362+0000] {subprocess.py:93} INFO - 26/05/19 12:45:16 INFO NettyBlockTransferService: Server created on c43074c3fd7c:35253
[2026-05-19T12:45:16.367+0000] {subprocess.py:93} INFO - 26/05/19 12:45:16 INFO BlockManager: Using org.apache.spark.storage.RandomBlockReplicationPolicy for block replication policy
[2026-05-19T12:45:16.407+0000] {subprocess.py:93} INFO - 26/05/19 12:45:16 INFO BlockManagerMaster: Registering BlockManager BlockManagerId(driver, c43074c3fd7c, 35253, None)
[2026-05-19T12:45:16.417+0000] {subprocess.py:93} INFO - 26/05/19 12:45:16 INFO BlockManagerMasterEndpoint: Registering block manager c43074c3fd7c:35253 with 434.4 MiB RAM, BlockManagerId(driver, c43074c3fd7c, 35253, None)
[2026-05-19T12:45:16.425+0000] {subprocess.py:93} INFO - 26/05/19 12:45:16 INFO BlockManagerMaster: Registered BlockManager BlockManagerId(driver, c43074c3fd7c, 35253, None)
[2026-05-19T12:45:16.429+0000] {subprocess.py:93} INFO - 26/05/19 12:45:16 INFO BlockManager: Initialized BlockManager: BlockManagerId(driver, c43074c3fd7c, 35253, None)
[2026-05-19T12:45:16.453+0000] {subprocess.py:93} INFO - 26/05/19 12:45:16 INFO StandaloneAppClient$ClientEndpoint: Executor updated: app-20260519124516-0041/0 is now RUNNING
[2026-05-19T12:45:17.013+0000] {subprocess.py:93} INFO - 26/05/19 12:45:17 INFO StandaloneSchedulerBackend: SchedulerBackend is ready for scheduling beginning after reached minRegisteredResourcesRatio: 0.0
[2026-05-19T12:45:19.436+0000] {subprocess.py:93} INFO - 26/05/19 12:45:19 WARN MetricsConfig: Cannot locate configuration: tried hadoop-metrics2-s3a-file-system.properties,hadoop-metrics2.properties
[2026-05-19T12:45:41.857+0000] {subprocess.py:93} INFO - Lecture SILVER terminée
[2026-05-19T12:46:28.117+0000] {subprocess.py:93} INFO - Table articles_par_jour créée
[2026-05-19T12:47:05.354+0000] {subprocess.py:93} INFO - Table articles_par_source créée
[2026-05-19T12:47:32.659+0000] {subprocess.py:93} INFO - Table top_categories créée
[2026-05-19T12:48:07.636+0000] {subprocess.py:93} INFO - Table articles_par_source_jour créée
[2026-05-19T12:48:07.637+0000] {subprocess.py:93} INFO - 
[2026-05-19T12:48:07.639+0000] {subprocess.py:93} INFO - ==============================
[2026-05-19T12:48:07.640+0000] {subprocess.py:93} INFO - GOLD LAYER TERMINÉ
[2026-05-19T12:48:07.641+0000] {subprocess.py:93} INFO - ==============================
[2026-05-19T12:48:08.631+0000] {subprocess.py:97} INFO - Command exited with return code 0
[2026-05-19T12:48:08.637+0000] {taskinstance.py:441} INFO - ::group::Post task execution logs
[2026-05-19T12:48:09.598+0000] {taskinstance.py:1206} INFO - Marking task as SUCCESS. dag_id=medallion_gold_layer, task_id=gold_processing, run_id=scheduled__2026-05-19T12:40:00+00:00, execution_date=20260519T124000, start_date=20260519T124502, end_date=20260519T124809
[2026-05-19T12:48:09.733+0000] {local_task_job_runner.py:240} INFO - Task exited with return code 0
[2026-05-19T12:48:09.857+0000] {taskinstance.py:3498} INFO - 0 downstream tasks scheduled from follow-on schedule check
[2026-05-19T12:48:09.882+0000] {local_task_job_runner.py:222} INFO - ::endgroup::
