[2026-05-19T00:07:42.417+0000] {local_task_job_runner.py:120} INFO - ::group::Pre task execution logs
[2026-05-19T00:07:42.728+0000] {taskinstance.py:2076} INFO - Dependencies all met for dep_context=non-requeueable deps ti=<TaskInstance: medallion_gold_layer.gold_processing scheduled__2026-05-18T22:55:00+00:00 [queued]>
[2026-05-19T00:07:42.775+0000] {taskinstance.py:2076} INFO - Dependencies all met for dep_context=requeueable deps ti=<TaskInstance: medallion_gold_layer.gold_processing scheduled__2026-05-18T22:55:00+00:00 [queued]>
[2026-05-19T00:07:42.779+0000] {taskinstance.py:2306} INFO - Starting attempt 1 of 2
[2026-05-19T00:07:42.866+0000] {taskinstance.py:2330} INFO - Executing <Task(BashOperator): gold_processing> on 2026-05-18 22:55:00+00:00
[2026-05-19T00:07:42.880+0000] {standard_task_runner.py:63} INFO - Started process 4092 to run task
[2026-05-19T00:07:42.889+0000] {standard_task_runner.py:90} INFO - Running: ['airflow', 'tasks', 'run', 'medallion_gold_layer', 'gold_processing', 'scheduled__2026-05-18T22:55:00+00:00', '--job-id', '285', '--raw', '--subdir', 'DAGS_FOLDER/gold_layer_dag.py', '--cfg-path', '/tmp/tmpj9jsand5']
[2026-05-19T00:07:42.898+0000] {standard_task_runner.py:91} INFO - Job 285: Subtask gold_processing
[2026-05-19T00:07:43.903+0000] {task_command.py:426} INFO - Running <TaskInstance: medallion_gold_layer.gold_processing scheduled__2026-05-18T22:55:00+00:00 [running]> on host c43074c3fd7c
[2026-05-19T00:07:44.756+0000] {taskinstance.py:2648} INFO - Exporting env vars: AIRFLOW_CTX_DAG_OWNER='ikram' AIRFLOW_CTX_DAG_ID='medallion_gold_layer' AIRFLOW_CTX_TASK_ID='gold_processing' AIRFLOW_CTX_EXECUTION_DATE='2026-05-18T22:55:00+00:00' AIRFLOW_CTX_TRY_NUMBER='1' AIRFLOW_CTX_DAG_RUN_ID='scheduled__2026-05-18T22:55:00+00:00'
[2026-05-19T00:07:44.757+0000] {taskinstance.py:430} INFO - ::endgroup::
[2026-05-19T00:07:44.778+0000] {subprocess.py:63} INFO - Tmp dir root location: /tmp
[2026-05-19T00:07:44.786+0000] {subprocess.py:75} INFO - Running command: ['/usr/bin/bash', '-c', '\n    spark-submit     --master spark://spark-master:7077     --executor-memory 512M     --executor-cores 1     --total-executor-cores 1     --jars /opt/airflow/jars/aws-java-sdk-bundle-1.12.262.jar,/opt/airflow/jars/hadoop-aws-3.3.4.jar,/opt/airflow/jars/postgresql-42.7.3.jar     /opt/spark_jobs/gold_processor.py\n    ']
[2026-05-19T00:07:44.827+0000] {subprocess.py:86} INFO - Output:
[2026-05-19T07:03:11.264+0000] {subprocess.py:93} INFO - 26/05/19 07:03:11 WARN NativeCodeLoader: Unable to load native-hadoop library for your platform... using builtin-java classes where applicable
[2026-05-19T07:03:14.064+0000] {subprocess.py:93} INFO - 26/05/19 07:03:14 INFO SparkContext: Running Spark version 3.5.1
[2026-05-19T07:03:14.066+0000] {subprocess.py:93} INFO - 26/05/19 07:03:14 INFO SparkContext: OS info Linux, 6.6.87.2-microsoft-standard-WSL2, amd64
[2026-05-19T07:03:14.068+0000] {subprocess.py:93} INFO - 26/05/19 07:03:14 INFO SparkContext: Java version 17.0.19
[2026-05-19T07:03:14.153+0000] {subprocess.py:93} INFO - 26/05/19 07:03:14 INFO ResourceUtils: ==============================================================
[2026-05-19T07:03:14.154+0000] {subprocess.py:93} INFO - 26/05/19 07:03:14 INFO ResourceUtils: No custom resources configured for spark.driver.
[2026-05-19T07:03:14.156+0000] {subprocess.py:93} INFO - 26/05/19 07:03:14 INFO ResourceUtils: ==============================================================
[2026-05-19T07:03:14.156+0000] {subprocess.py:93} INFO - 26/05/19 07:03:14 INFO SparkContext: Submitted application: GoldLayerProcessor
[2026-05-19T07:03:14.180+0000] {subprocess.py:93} INFO - 26/05/19 07:03:14 INFO ResourceProfile: Default ResourceProfile created, executor resources: Map(cores -> name: cores, amount: 1, script: , vendor: , memory -> name: memory, amount: 512, script: , vendor: , offHeap -> name: offHeap, amount: 0, script: , vendor: ), task resources: Map(cpus -> name: cpus, amount: 1.0)
[2026-05-19T07:03:14.192+0000] {subprocess.py:93} INFO - 26/05/19 07:03:14 INFO ResourceProfile: Limiting resource is cpus at 1 tasks per executor
[2026-05-19T07:03:14.195+0000] {subprocess.py:93} INFO - 26/05/19 07:03:14 INFO ResourceProfileManager: Added ResourceProfile id: 0
[2026-05-19T07:03:14.300+0000] {subprocess.py:93} INFO - 26/05/19 07:03:14 INFO SecurityManager: Changing view acls to: airflow
[2026-05-19T07:03:14.302+0000] {subprocess.py:93} INFO - 26/05/19 07:03:14 INFO SecurityManager: Changing modify acls to: airflow
[2026-05-19T07:03:14.305+0000] {subprocess.py:93} INFO - 26/05/19 07:03:14 INFO SecurityManager: Changing view acls groups to:
[2026-05-19T07:03:14.315+0000] {subprocess.py:93} INFO - 26/05/19 07:03:14 INFO SecurityManager: Changing modify acls groups to:
[2026-05-19T07:03:14.321+0000] {subprocess.py:93} INFO - 26/05/19 07:03:14 INFO SecurityManager: SecurityManager: authentication disabled; ui acls disabled; users with view permissions: airflow; groups with view permissions: EMPTY; users with modify permissions: airflow; groups with modify permissions: EMPTY
[2026-05-19T07:03:14.633+0000] {subprocess.py:93} INFO - 26/05/19 07:03:14 INFO Utils: Successfully started service 'sparkDriver' on port 37807.
[2026-05-19T07:03:14.670+0000] {subprocess.py:93} INFO - 26/05/19 07:03:14 INFO SparkEnv: Registering MapOutputTracker
[2026-05-19T07:03:14.706+0000] {subprocess.py:93} INFO - 26/05/19 07:03:14 INFO SparkEnv: Registering BlockManagerMaster
[2026-05-19T07:03:14.743+0000] {subprocess.py:93} INFO - 26/05/19 07:03:14 INFO BlockManagerMasterEndpoint: Using org.apache.spark.storage.DefaultTopologyMapper for getting topology information
[2026-05-19T07:03:14.744+0000] {subprocess.py:93} INFO - 26/05/19 07:03:14 INFO BlockManagerMasterEndpoint: BlockManagerMasterEndpoint up
[2026-05-19T07:03:14.749+0000] {subprocess.py:93} INFO - 26/05/19 07:03:14 INFO SparkEnv: Registering BlockManagerMasterHeartbeat
[2026-05-19T07:03:14.766+0000] {subprocess.py:93} INFO - 26/05/19 07:03:14 INFO DiskBlockManager: Created local directory at /tmp/blockmgr-5134d318-3d71-4c7b-b666-a8fa0c4ab076
[2026-05-19T07:03:14.779+0000] {subprocess.py:93} INFO - 26/05/19 07:03:14 INFO MemoryStore: MemoryStore started with capacity 434.4 MiB
[2026-05-19T07:03:14.793+0000] {subprocess.py:93} INFO - 26/05/19 07:03:14 INFO SparkEnv: Registering OutputCommitCoordinator
[2026-05-19T07:03:14.902+0000] {subprocess.py:93} INFO - 26/05/19 07:03:14 INFO JettyUtils: Start Jetty 0.0.0.0:4040 for SparkUI
[2026-05-19T07:03:14.963+0000] {subprocess.py:93} INFO - 26/05/19 07:03:14 INFO Utils: Successfully started service 'SparkUI' on port 4040.
[2026-05-19T07:03:14.993+0000] {subprocess.py:93} INFO - 26/05/19 07:03:14 INFO SparkContext: Added JAR file:///opt/airflow/jars/aws-java-sdk-bundle-1.12.262.jar at spark://c43074c3fd7c:37807/jars/aws-java-sdk-bundle-1.12.262.jar with timestamp 1779174194038
[2026-05-19T07:03:14.994+0000] {subprocess.py:93} INFO - 26/05/19 07:03:14 INFO SparkContext: Added JAR file:///opt/airflow/jars/hadoop-aws-3.3.4.jar at spark://c43074c3fd7c:37807/jars/hadoop-aws-3.3.4.jar with timestamp 1779174194038
[2026-05-19T07:03:14.994+0000] {subprocess.py:93} INFO - 26/05/19 07:03:14 INFO SparkContext: Added JAR file:///opt/airflow/jars/postgresql-42.7.3.jar at spark://c43074c3fd7c:37807/jars/postgresql-42.7.3.jar with timestamp 1779174194038
[2026-05-19T07:03:15.099+0000] {subprocess.py:93} INFO - 26/05/19 07:03:15 INFO StandaloneAppClient$ClientEndpoint: Connecting to master spark://spark-master:7077...
[2026-05-19T07:03:15.142+0000] {subprocess.py:93} INFO - 26/05/19 07:03:15 INFO TransportClientFactory: Successfully created connection to spark-master/172.18.0.4:7077 after 20 ms (0 ms spent in bootstraps)
[2026-05-19T07:03:15.214+0000] {subprocess.py:93} INFO - 26/05/19 07:03:15 INFO StandaloneSchedulerBackend: Connected to Spark cluster with app ID app-20260519070315-0020
[2026-05-19T07:03:15.216+0000] {subprocess.py:93} INFO - 26/05/19 07:03:15 INFO StandaloneAppClient$ClientEndpoint: Executor added: app-20260519070315-0020/0 on worker-20260518211503-172.18.0.3-40747 (172.18.0.3:40747) with 1 core(s)
[2026-05-19T07:03:15.221+0000] {subprocess.py:93} INFO - 26/05/19 07:03:15 INFO StandaloneSchedulerBackend: Granted executor ID app-20260519070315-0020/0 on hostPort 172.18.0.3:40747 with 1 core(s), 512.0 MiB RAM
[2026-05-19T07:03:15.240+0000] {subprocess.py:93} INFO - 26/05/19 07:03:15 INFO Utils: Successfully started service 'org.apache.spark.network.netty.NettyBlockTransferService' on port 46773.
[2026-05-19T07:03:15.241+0000] {subprocess.py:93} INFO - 26/05/19 07:03:15 INFO NettyBlockTransferService: Server created on c43074c3fd7c:46773
[2026-05-19T07:03:15.243+0000] {subprocess.py:93} INFO - 26/05/19 07:03:15 INFO BlockManager: Using org.apache.spark.storage.RandomBlockReplicationPolicy for block replication policy
[2026-05-19T07:03:15.252+0000] {subprocess.py:93} INFO - 26/05/19 07:03:15 INFO BlockManagerMaster: Registering BlockManager BlockManagerId(driver, c43074c3fd7c, 46773, None)
[2026-05-19T07:03:15.257+0000] {subprocess.py:93} INFO - 26/05/19 07:03:15 INFO BlockManagerMasterEndpoint: Registering block manager c43074c3fd7c:46773 with 434.4 MiB RAM, BlockManagerId(driver, c43074c3fd7c, 46773, None)
[2026-05-19T07:03:15.260+0000] {subprocess.py:93} INFO - 26/05/19 07:03:15 INFO BlockManagerMaster: Registered BlockManager BlockManagerId(driver, c43074c3fd7c, 46773, None)
[2026-05-19T07:03:15.261+0000] {subprocess.py:93} INFO - 26/05/19 07:03:15 INFO BlockManager: Initialized BlockManager: BlockManagerId(driver, c43074c3fd7c, 46773, None)
[2026-05-19T07:03:15.264+0000] {subprocess.py:93} INFO - 26/05/19 07:03:15 INFO StandaloneAppClient$ClientEndpoint: Executor updated: app-20260519070315-0020/0 is now RUNNING
[2026-05-19T07:03:15.455+0000] {subprocess.py:93} INFO - 26/05/19 07:03:15 INFO StandaloneSchedulerBackend: SchedulerBackend is ready for scheduling beginning after reached minRegisteredResourcesRatio: 0.0
[2026-05-19T07:03:16.651+0000] {subprocess.py:93} INFO - 26/05/19 07:03:16 WARN MetricsConfig: Cannot locate configuration: tried hadoop-metrics2-s3a-file-system.properties,hadoop-metrics2.properties
[2026-05-19T09:52:47.394+0000] {subprocess.py:93} INFO - Lecture SILVER terminée
[2026-05-19T09:53:07.982+0000] {subprocess.py:93} INFO - Table articles_par_jour créée
[2026-05-19T09:53:16.820+0000] {subprocess.py:93} INFO - Table articles_par_source créée
[2026-05-19T09:53:26.979+0000] {subprocess.py:93} INFO - Table top_categories créée
[2026-05-19T09:53:34.271+0000] {subprocess.py:93} INFO - Table articles_par_source_jour créée
[2026-05-19T09:53:34.272+0000] {subprocess.py:93} INFO - 
[2026-05-19T09:53:34.272+0000] {subprocess.py:93} INFO - ==============================
[2026-05-19T09:53:34.273+0000] {subprocess.py:93} INFO - GOLD LAYER TERMINÉ
[2026-05-19T09:53:34.273+0000] {subprocess.py:93} INFO - ==============================
[2026-05-19T09:53:34.890+0000] {subprocess.py:97} INFO - Command exited with return code 0
[2026-05-19T09:53:34.892+0000] {taskinstance.py:441} INFO - ::group::Post task execution logs
[2026-05-19T09:53:35.160+0000] {taskinstance.py:1206} INFO - Marking task as SUCCESS. dag_id=medallion_gold_layer, task_id=gold_processing, run_id=scheduled__2026-05-18T22:55:00+00:00, execution_date=20260518T225500, start_date=20260519T000742, end_date=20260519T095335
[2026-05-19T09:53:35.223+0000] {local_task_job_runner.py:240} INFO - Task exited with return code 0
[2026-05-19T09:53:35.255+0000] {taskinstance.py:3498} INFO - 0 downstream tasks scheduled from follow-on schedule check
[2026-05-19T09:53:35.262+0000] {local_task_job_runner.py:222} INFO - ::endgroup::
