[2026-05-19T13:36:20.323+0000] {local_task_job_runner.py:120} INFO - ::group::Pre task execution logs
[2026-05-19T13:36:20.474+0000] {taskinstance.py:2076} INFO - Dependencies all met for dep_context=non-requeueable deps ti=<TaskInstance: medallion_gold_layer.gold_processing scheduled__2026-05-19T13:30:00+00:00 [queued]>
[2026-05-19T13:36:20.504+0000] {taskinstance.py:2076} INFO - Dependencies all met for dep_context=requeueable deps ti=<TaskInstance: medallion_gold_layer.gold_processing scheduled__2026-05-19T13:30:00+00:00 [queued]>
[2026-05-19T13:36:20.523+0000] {taskinstance.py:2306} INFO - Starting attempt 1 of 2
[2026-05-19T13:36:20.562+0000] {taskinstance.py:2330} INFO - Executing <Task(BashOperator): gold_processing> on 2026-05-19 13:30:00+00:00
[2026-05-19T13:36:20.572+0000] {standard_task_runner.py:63} INFO - Started process 15516 to run task
[2026-05-19T13:36:20.578+0000] {standard_task_runner.py:90} INFO - Running: ['airflow', 'tasks', 'run', 'medallion_gold_layer', 'gold_processing', 'scheduled__2026-05-19T13:30:00+00:00', '--job-id', '324', '--raw', '--subdir', 'DAGS_FOLDER/gold_layer_dag.py', '--cfg-path', '/tmp/tmprhh_001_']
[2026-05-19T13:36:20.583+0000] {standard_task_runner.py:91} INFO - Job 324: Subtask gold_processing
[2026-05-19T13:36:20.917+0000] {task_command.py:426} INFO - Running <TaskInstance: medallion_gold_layer.gold_processing scheduled__2026-05-19T13:30:00+00:00 [running]> on host c43074c3fd7c
[2026-05-19T13:36:21.437+0000] {taskinstance.py:2648} INFO - Exporting env vars: AIRFLOW_CTX_DAG_OWNER='ikram' AIRFLOW_CTX_DAG_ID='medallion_gold_layer' AIRFLOW_CTX_TASK_ID='gold_processing' AIRFLOW_CTX_EXECUTION_DATE='2026-05-19T13:30:00+00:00' AIRFLOW_CTX_TRY_NUMBER='1' AIRFLOW_CTX_DAG_RUN_ID='scheduled__2026-05-19T13:30:00+00:00'
[2026-05-19T13:36:21.439+0000] {taskinstance.py:430} INFO - ::endgroup::
[2026-05-19T13:36:21.467+0000] {subprocess.py:63} INFO - Tmp dir root location: /tmp
[2026-05-19T13:36:21.470+0000] {subprocess.py:75} INFO - Running command: ['/usr/bin/bash', '-c', '\n    spark-submit     --master spark://spark-master:7077     --executor-memory 512M     --executor-cores 1     --total-executor-cores 1     --jars /opt/airflow/jars/aws-java-sdk-bundle-1.12.262.jar,/opt/airflow/jars/hadoop-aws-3.3.4.jar,/opt/airflow/jars/postgresql-42.7.3.jar     /opt/spark_jobs/gold_processor.py\n    ']
[2026-05-19T13:36:21.487+0000] {subprocess.py:86} INFO - Output:
[2026-05-19T13:36:25.866+0000] {subprocess.py:93} INFO - 26/05/19 13:36:25 WARN NativeCodeLoader: Unable to load native-hadoop library for your platform... using builtin-java classes where applicable
[2026-05-19T13:36:29.342+0000] {subprocess.py:93} INFO - 26/05/19 13:36:29 INFO SparkContext: Running Spark version 3.5.1
[2026-05-19T13:36:29.344+0000] {subprocess.py:93} INFO - 26/05/19 13:36:29 INFO SparkContext: OS info Linux, 6.6.87.2-microsoft-standard-WSL2, amd64
[2026-05-19T13:36:29.345+0000] {subprocess.py:93} INFO - 26/05/19 13:36:29 INFO SparkContext: Java version 17.0.19
[2026-05-19T13:36:29.431+0000] {subprocess.py:93} INFO - 26/05/19 13:36:29 INFO ResourceUtils: ==============================================================
[2026-05-19T13:36:29.433+0000] {subprocess.py:93} INFO - 26/05/19 13:36:29 INFO ResourceUtils: No custom resources configured for spark.driver.
[2026-05-19T13:36:29.436+0000] {subprocess.py:93} INFO - 26/05/19 13:36:29 INFO ResourceUtils: ==============================================================
[2026-05-19T13:36:29.438+0000] {subprocess.py:93} INFO - 26/05/19 13:36:29 INFO SparkContext: Submitted application: GoldLayerProcessor
[2026-05-19T13:36:29.480+0000] {subprocess.py:93} INFO - 26/05/19 13:36:29 INFO ResourceProfile: Default ResourceProfile created, executor resources: Map(cores -> name: cores, amount: 1, script: , vendor: , memory -> name: memory, amount: 512, script: , vendor: , offHeap -> name: offHeap, amount: 0, script: , vendor: ), task resources: Map(cpus -> name: cpus, amount: 1.0)
[2026-05-19T13:36:29.515+0000] {subprocess.py:93} INFO - 26/05/19 13:36:29 INFO ResourceProfile: Limiting resource is cpus at 1 tasks per executor
[2026-05-19T13:36:29.518+0000] {subprocess.py:93} INFO - 26/05/19 13:36:29 INFO ResourceProfileManager: Added ResourceProfile id: 0
[2026-05-19T13:36:29.601+0000] {subprocess.py:93} INFO - 26/05/19 13:36:29 INFO SecurityManager: Changing view acls to: airflow
[2026-05-19T13:36:29.602+0000] {subprocess.py:93} INFO - 26/05/19 13:36:29 INFO SecurityManager: Changing modify acls to: airflow
[2026-05-19T13:36:29.603+0000] {subprocess.py:93} INFO - 26/05/19 13:36:29 INFO SecurityManager: Changing view acls groups to:
[2026-05-19T13:36:29.605+0000] {subprocess.py:93} INFO - 26/05/19 13:36:29 INFO SecurityManager: Changing modify acls groups to:
[2026-05-19T13:36:29.606+0000] {subprocess.py:93} INFO - 26/05/19 13:36:29 INFO SecurityManager: SecurityManager: authentication disabled; ui acls disabled; users with view permissions: airflow; groups with view permissions: EMPTY; users with modify permissions: airflow; groups with modify permissions: EMPTY
[2026-05-19T13:36:30.058+0000] {subprocess.py:93} INFO - 26/05/19 13:36:30 INFO Utils: Successfully started service 'sparkDriver' on port 41981.
[2026-05-19T13:36:30.106+0000] {subprocess.py:93} INFO - 26/05/19 13:36:30 INFO SparkEnv: Registering MapOutputTracker
[2026-05-19T13:36:30.217+0000] {subprocess.py:93} INFO - 26/05/19 13:36:30 INFO SparkEnv: Registering BlockManagerMaster
[2026-05-19T13:36:30.259+0000] {subprocess.py:93} INFO - 26/05/19 13:36:30 INFO BlockManagerMasterEndpoint: Using org.apache.spark.storage.DefaultTopologyMapper for getting topology information
[2026-05-19T13:36:30.261+0000] {subprocess.py:93} INFO - 26/05/19 13:36:30 INFO BlockManagerMasterEndpoint: BlockManagerMasterEndpoint up
[2026-05-19T13:36:30.268+0000] {subprocess.py:93} INFO - 26/05/19 13:36:30 INFO SparkEnv: Registering BlockManagerMasterHeartbeat
[2026-05-19T13:36:30.296+0000] {subprocess.py:93} INFO - 26/05/19 13:36:30 INFO DiskBlockManager: Created local directory at /tmp/blockmgr-5f1be60c-b5ea-40b9-b28c-ed5cfb8223f7
[2026-05-19T13:36:30.319+0000] {subprocess.py:93} INFO - 26/05/19 13:36:30 INFO MemoryStore: MemoryStore started with capacity 434.4 MiB
[2026-05-19T13:36:30.352+0000] {subprocess.py:93} INFO - 26/05/19 13:36:30 INFO SparkEnv: Registering OutputCommitCoordinator
[2026-05-19T13:36:30.604+0000] {subprocess.py:93} INFO - 26/05/19 13:36:30 INFO JettyUtils: Start Jetty 0.0.0.0:4040 for SparkUI
[2026-05-19T13:36:30.761+0000] {subprocess.py:93} INFO - 26/05/19 13:36:30 INFO Utils: Successfully started service 'SparkUI' on port 4040.
[2026-05-19T13:36:30.879+0000] {subprocess.py:93} INFO - 26/05/19 13:36:30 INFO SparkContext: Added JAR file:///opt/airflow/jars/aws-java-sdk-bundle-1.12.262.jar at spark://c43074c3fd7c:41981/jars/aws-java-sdk-bundle-1.12.262.jar with timestamp 1779197789319
[2026-05-19T13:36:30.882+0000] {subprocess.py:93} INFO - 26/05/19 13:36:30 INFO SparkContext: Added JAR file:///opt/airflow/jars/hadoop-aws-3.3.4.jar at spark://c43074c3fd7c:41981/jars/hadoop-aws-3.3.4.jar with timestamp 1779197789319
[2026-05-19T13:36:30.883+0000] {subprocess.py:93} INFO - 26/05/19 13:36:30 INFO SparkContext: Added JAR file:///opt/airflow/jars/postgresql-42.7.3.jar at spark://c43074c3fd7c:41981/jars/postgresql-42.7.3.jar with timestamp 1779197789319
[2026-05-19T13:36:31.018+0000] {subprocess.py:93} INFO - 26/05/19 13:36:31 INFO StandaloneAppClient$ClientEndpoint: Connecting to master spark://spark-master:7077...
[2026-05-19T13:36:31.123+0000] {subprocess.py:93} INFO - 26/05/19 13:36:31 INFO TransportClientFactory: Successfully created connection to spark-master/172.18.0.4:7077 after 66 ms (0 ms spent in bootstraps)
[2026-05-19T13:36:31.298+0000] {subprocess.py:93} INFO - 26/05/19 13:36:31 INFO StandaloneSchedulerBackend: Connected to Spark cluster with app ID app-20260519133631-0050
[2026-05-19T13:36:31.309+0000] {subprocess.py:93} INFO - 26/05/19 13:36:31 INFO StandaloneAppClient$ClientEndpoint: Executor added: app-20260519133631-0050/0 on worker-20260518211503-172.18.0.3-40747 (172.18.0.3:40747) with 1 core(s)
[2026-05-19T13:36:31.319+0000] {subprocess.py:93} INFO - 26/05/19 13:36:31 INFO StandaloneSchedulerBackend: Granted executor ID app-20260519133631-0050/0 on hostPort 172.18.0.3:40747 with 1 core(s), 512.0 MiB RAM
[2026-05-19T13:36:31.332+0000] {subprocess.py:93} INFO - 26/05/19 13:36:31 INFO Utils: Successfully started service 'org.apache.spark.network.netty.NettyBlockTransferService' on port 36759.
[2026-05-19T13:36:31.333+0000] {subprocess.py:93} INFO - 26/05/19 13:36:31 INFO NettyBlockTransferService: Server created on c43074c3fd7c:36759
[2026-05-19T13:36:31.335+0000] {subprocess.py:93} INFO - 26/05/19 13:36:31 INFO BlockManager: Using org.apache.spark.storage.RandomBlockReplicationPolicy for block replication policy
[2026-05-19T13:36:31.352+0000] {subprocess.py:93} INFO - 26/05/19 13:36:31 INFO BlockManagerMaster: Registering BlockManager BlockManagerId(driver, c43074c3fd7c, 36759, None)
[2026-05-19T13:36:31.364+0000] {subprocess.py:93} INFO - 26/05/19 13:36:31 INFO BlockManagerMasterEndpoint: Registering block manager c43074c3fd7c:36759 with 434.4 MiB RAM, BlockManagerId(driver, c43074c3fd7c, 36759, None)
[2026-05-19T13:36:31.368+0000] {subprocess.py:93} INFO - 26/05/19 13:36:31 INFO BlockManagerMaster: Registered BlockManager BlockManagerId(driver, c43074c3fd7c, 36759, None)
[2026-05-19T13:36:31.371+0000] {subprocess.py:93} INFO - 26/05/19 13:36:31 INFO BlockManager: Initialized BlockManager: BlockManagerId(driver, c43074c3fd7c, 36759, None)
[2026-05-19T13:36:31.382+0000] {subprocess.py:93} INFO - 26/05/19 13:36:31 INFO StandaloneAppClient$ClientEndpoint: Executor updated: app-20260519133631-0050/0 is now RUNNING
[2026-05-19T13:36:31.819+0000] {subprocess.py:93} INFO - 26/05/19 13:36:31 INFO StandaloneSchedulerBackend: SchedulerBackend is ready for scheduling beginning after reached minRegisteredResourcesRatio: 0.0
[2026-05-19T13:36:34.327+0000] {subprocess.py:93} INFO - 26/05/19 13:36:34 WARN MetricsConfig: Cannot locate configuration: tried hadoop-metrics2-s3a-file-system.properties,hadoop-metrics2.properties
[2026-05-19T13:36:55.166+0000] {subprocess.py:93} INFO - Lecture SILVER terminée
[2026-05-19T13:37:47.382+0000] {subprocess.py:93} INFO - Table articles_par_jour créée
[2026-05-19T13:38:28.994+0000] {subprocess.py:93} INFO - Table articles_par_source créée
[2026-05-19T13:39:07.128+0000] {subprocess.py:93} INFO - Table top_categories créée
[2026-05-19T13:39:41.379+0000] {subprocess.py:93} INFO - Table articles_par_source_jour créée
[2026-05-19T13:39:41.381+0000] {subprocess.py:93} INFO - 
[2026-05-19T13:39:41.383+0000] {subprocess.py:93} INFO - ==============================
[2026-05-19T13:39:41.385+0000] {subprocess.py:93} INFO - GOLD LAYER TERMINÉ
[2026-05-19T13:39:41.387+0000] {subprocess.py:93} INFO - ==============================
[2026-05-19T13:39:42.575+0000] {subprocess.py:97} INFO - Command exited with return code 0
[2026-05-19T13:39:42.579+0000] {taskinstance.py:441} INFO - ::group::Post task execution logs
[2026-05-19T13:39:43.468+0000] {taskinstance.py:1206} INFO - Marking task as SUCCESS. dag_id=medallion_gold_layer, task_id=gold_processing, run_id=scheduled__2026-05-19T13:30:00+00:00, execution_date=20260519T133000, start_date=20260519T133620, end_date=20260519T133943
[2026-05-19T13:39:43.623+0000] {local_task_job_runner.py:240} INFO - Task exited with return code 0
[2026-05-19T13:39:43.774+0000] {taskinstance.py:3498} INFO - 0 downstream tasks scheduled from follow-on schedule check
[2026-05-19T13:39:43.806+0000] {local_task_job_runner.py:222} INFO - ::endgroup::
