[2026-05-16T01:25:02.099+0000] {local_task_job_runner.py:120} INFO - ::group::Pre task execution logs
[2026-05-16T01:25:02.320+0000] {taskinstance.py:2076} INFO - Dependencies all met for dep_context=non-requeueable deps ti=<TaskInstance: medallion_gold_layer.gold_processing scheduled__2026-05-16T01:20:00+00:00 [queued]>
[2026-05-16T01:25:02.372+0000] {taskinstance.py:2076} INFO - Dependencies all met for dep_context=requeueable deps ti=<TaskInstance: medallion_gold_layer.gold_processing scheduled__2026-05-16T01:20:00+00:00 [queued]>
[2026-05-16T01:25:02.375+0000] {taskinstance.py:2306} INFO - Starting attempt 1 of 2
[2026-05-16T01:25:02.447+0000] {taskinstance.py:2330} INFO - Executing <Task(BashOperator): gold_processing> on 2026-05-16 01:20:00+00:00
[2026-05-16T01:25:02.464+0000] {standard_task_runner.py:63} INFO - Started process 40139 to run task
[2026-05-16T01:25:02.473+0000] {standard_task_runner.py:90} INFO - Running: ['airflow', 'tasks', 'run', 'medallion_gold_layer', 'gold_processing', 'scheduled__2026-05-16T01:20:00+00:00', '--job-id', '107', '--raw', '--subdir', 'DAGS_FOLDER/gold_layer_dag.py', '--cfg-path', '/tmp/tmpgdi12zx6']
[2026-05-16T01:25:02.485+0000] {standard_task_runner.py:91} INFO - Job 107: Subtask gold_processing
[2026-05-16T01:25:02.992+0000] {task_command.py:426} INFO - Running <TaskInstance: medallion_gold_layer.gold_processing scheduled__2026-05-16T01:20:00+00:00 [running]> on host e8a9653e4a1b
[2026-05-16T01:25:03.727+0000] {taskinstance.py:2648} INFO - Exporting env vars: AIRFLOW_CTX_DAG_OWNER='anass' AIRFLOW_CTX_DAG_ID='medallion_gold_layer' AIRFLOW_CTX_TASK_ID='gold_processing' AIRFLOW_CTX_EXECUTION_DATE='2026-05-16T01:20:00+00:00' AIRFLOW_CTX_TRY_NUMBER='1' AIRFLOW_CTX_DAG_RUN_ID='scheduled__2026-05-16T01:20:00+00:00'
[2026-05-16T01:25:03.729+0000] {taskinstance.py:430} INFO - ::endgroup::
[2026-05-16T01:25:03.761+0000] {subprocess.py:63} INFO - Tmp dir root location: /tmp
[2026-05-16T01:25:03.764+0000] {subprocess.py:75} INFO - Running command: ['/usr/bin/bash', '-c', '\n    spark-submit     --master spark://spark-master:7077     --executor-memory 512M     --executor-cores 1     --total-executor-cores 1     --jars /opt/airflow/jars/aws-java-sdk-bundle-1.12.262.jar,/opt/airflow/jars/hadoop-aws-3.3.4.jar,/opt/airflow/jars/postgresql-42.7.3.jar     /opt/spark_jobs/gold_processor.py\n    ']
[2026-05-16T01:25:03.788+0000] {subprocess.py:86} INFO - Output:
[2026-05-16T01:25:08.076+0000] {subprocess.py:93} INFO - 26/05/16 01:25:08 WARN NativeCodeLoader: Unable to load native-hadoop library for your platform... using builtin-java classes where applicable
[2026-05-16T01:25:11.092+0000] {subprocess.py:93} INFO - 26/05/16 01:25:11 INFO SparkContext: Running Spark version 3.5.1
[2026-05-16T01:25:11.094+0000] {subprocess.py:93} INFO - 26/05/16 01:25:11 INFO SparkContext: OS info Linux, 6.6.87.2-microsoft-standard-WSL2, amd64
[2026-05-16T01:25:11.096+0000] {subprocess.py:93} INFO - 26/05/16 01:25:11 INFO SparkContext: Java version 17.0.19
[2026-05-16T01:25:11.229+0000] {subprocess.py:93} INFO - 26/05/16 01:25:11 INFO ResourceUtils: ==============================================================
[2026-05-16T01:25:11.232+0000] {subprocess.py:93} INFO - 26/05/16 01:25:11 INFO ResourceUtils: No custom resources configured for spark.driver.
[2026-05-16T01:25:11.238+0000] {subprocess.py:93} INFO - 26/05/16 01:25:11 INFO ResourceUtils: ==============================================================
[2026-05-16T01:25:11.241+0000] {subprocess.py:93} INFO - 26/05/16 01:25:11 INFO SparkContext: Submitted application: GoldLayerProcessor
[2026-05-16T01:25:11.320+0000] {subprocess.py:93} INFO - 26/05/16 01:25:11 INFO ResourceProfile: Default ResourceProfile created, executor resources: Map(cores -> name: cores, amount: 1, script: , vendor: , memory -> name: memory, amount: 512, script: , vendor: , offHeap -> name: offHeap, amount: 0, script: , vendor: ), task resources: Map(cpus -> name: cpus, amount: 1.0)
[2026-05-16T01:25:11.357+0000] {subprocess.py:93} INFO - 26/05/16 01:25:11 INFO ResourceProfile: Limiting resource is cpus at 1 tasks per executor
[2026-05-16T01:25:11.366+0000] {subprocess.py:93} INFO - 26/05/16 01:25:11 INFO ResourceProfileManager: Added ResourceProfile id: 0
[2026-05-16T01:25:11.541+0000] {subprocess.py:93} INFO - 26/05/16 01:25:11 INFO SecurityManager: Changing view acls to: airflow
[2026-05-16T01:25:11.542+0000] {subprocess.py:93} INFO - 26/05/16 01:25:11 INFO SecurityManager: Changing modify acls to: airflow
[2026-05-16T01:25:11.544+0000] {subprocess.py:93} INFO - 26/05/16 01:25:11 INFO SecurityManager: Changing view acls groups to:
[2026-05-16T01:25:11.545+0000] {subprocess.py:93} INFO - 26/05/16 01:25:11 INFO SecurityManager: Changing modify acls groups to:
[2026-05-16T01:25:11.546+0000] {subprocess.py:93} INFO - 26/05/16 01:25:11 INFO SecurityManager: SecurityManager: authentication disabled; ui acls disabled; users with view permissions: airflow; groups with view permissions: EMPTY; users with modify permissions: airflow; groups with modify permissions: EMPTY
[2026-05-16T01:25:12.153+0000] {subprocess.py:93} INFO - 26/05/16 01:25:12 INFO Utils: Successfully started service 'sparkDriver' on port 46863.
[2026-05-16T01:25:12.265+0000] {subprocess.py:93} INFO - 26/05/16 01:25:12 INFO SparkEnv: Registering MapOutputTracker
[2026-05-16T01:25:12.360+0000] {subprocess.py:93} INFO - 26/05/16 01:25:12 INFO SparkEnv: Registering BlockManagerMaster
[2026-05-16T01:25:12.389+0000] {subprocess.py:93} INFO - 26/05/16 01:25:12 INFO BlockManagerMasterEndpoint: Using org.apache.spark.storage.DefaultTopologyMapper for getting topology information
[2026-05-16T01:25:12.391+0000] {subprocess.py:93} INFO - 26/05/16 01:25:12 INFO BlockManagerMasterEndpoint: BlockManagerMasterEndpoint up
[2026-05-16T01:25:12.397+0000] {subprocess.py:93} INFO - 26/05/16 01:25:12 INFO SparkEnv: Registering BlockManagerMasterHeartbeat
[2026-05-16T01:25:12.419+0000] {subprocess.py:93} INFO - 26/05/16 01:25:12 INFO DiskBlockManager: Created local directory at /tmp/blockmgr-f0d6fbdf-239a-422a-8be8-26cc9de1b3c9
[2026-05-16T01:25:12.439+0000] {subprocess.py:93} INFO - 26/05/16 01:25:12 INFO MemoryStore: MemoryStore started with capacity 434.4 MiB
[2026-05-16T01:25:12.472+0000] {subprocess.py:93} INFO - 26/05/16 01:25:12 INFO SparkEnv: Registering OutputCommitCoordinator
[2026-05-16T01:25:12.794+0000] {subprocess.py:93} INFO - 26/05/16 01:25:12 INFO JettyUtils: Start Jetty 0.0.0.0:4040 for SparkUI
[2026-05-16T01:25:12.989+0000] {subprocess.py:93} INFO - 26/05/16 01:25:12 INFO Utils: Successfully started service 'SparkUI' on port 4040.
[2026-05-16T01:25:13.049+0000] {subprocess.py:93} INFO - 26/05/16 01:25:13 INFO SparkContext: Added JAR file:///opt/airflow/jars/aws-java-sdk-bundle-1.12.262.jar at spark://e8a9653e4a1b:46863/jars/aws-java-sdk-bundle-1.12.262.jar with timestamp 1778894711060
[2026-05-16T01:25:13.050+0000] {subprocess.py:93} INFO - 26/05/16 01:25:13 INFO SparkContext: Added JAR file:///opt/airflow/jars/hadoop-aws-3.3.4.jar at spark://e8a9653e4a1b:46863/jars/hadoop-aws-3.3.4.jar with timestamp 1778894711060
[2026-05-16T01:25:13.051+0000] {subprocess.py:93} INFO - 26/05/16 01:25:13 INFO SparkContext: Added JAR file:///opt/airflow/jars/postgresql-42.7.3.jar at spark://e8a9653e4a1b:46863/jars/postgresql-42.7.3.jar with timestamp 1778894711060
[2026-05-16T01:25:13.193+0000] {subprocess.py:93} INFO - 26/05/16 01:25:13 INFO StandaloneAppClient$ClientEndpoint: Connecting to master spark://spark-master:7077...
[2026-05-16T01:25:13.264+0000] {subprocess.py:93} INFO - 26/05/16 01:25:13 INFO TransportClientFactory: Successfully created connection to spark-master/172.18.0.6:7077 after 40 ms (0 ms spent in bootstraps)
[2026-05-16T01:25:13.411+0000] {subprocess.py:93} INFO - 26/05/16 01:25:13 INFO StandaloneSchedulerBackend: Connected to Spark cluster with app ID app-20260516012513-0106
[2026-05-16T01:25:13.415+0000] {subprocess.py:93} INFO - 26/05/16 01:25:13 INFO StandaloneAppClient$ClientEndpoint: Executor added: app-20260516012513-0106/0 on worker-20260514105200-172.18.0.13-40347 (172.18.0.13:40347) with 1 core(s)
[2026-05-16T01:25:13.421+0000] {subprocess.py:93} INFO - 26/05/16 01:25:13 INFO StandaloneSchedulerBackend: Granted executor ID app-20260516012513-0106/0 on hostPort 172.18.0.13:40347 with 1 core(s), 512.0 MiB RAM
[2026-05-16T01:25:13.434+0000] {subprocess.py:93} INFO - 26/05/16 01:25:13 INFO Utils: Successfully started service 'org.apache.spark.network.netty.NettyBlockTransferService' on port 40833.
[2026-05-16T01:25:13.436+0000] {subprocess.py:93} INFO - 26/05/16 01:25:13 INFO NettyBlockTransferService: Server created on e8a9653e4a1b:40833
[2026-05-16T01:25:13.440+0000] {subprocess.py:93} INFO - 26/05/16 01:25:13 INFO BlockManager: Using org.apache.spark.storage.RandomBlockReplicationPolicy for block replication policy
[2026-05-16T01:25:13.457+0000] {subprocess.py:93} INFO - 26/05/16 01:25:13 INFO StandaloneAppClient$ClientEndpoint: Executor updated: app-20260516012513-0106/0 is now RUNNING
[2026-05-16T01:25:13.464+0000] {subprocess.py:93} INFO - 26/05/16 01:25:13 INFO BlockManagerMaster: Registering BlockManager BlockManagerId(driver, e8a9653e4a1b, 40833, None)
[2026-05-16T01:25:13.475+0000] {subprocess.py:93} INFO - 26/05/16 01:25:13 INFO BlockManagerMasterEndpoint: Registering block manager e8a9653e4a1b:40833 with 434.4 MiB RAM, BlockManagerId(driver, e8a9653e4a1b, 40833, None)
[2026-05-16T01:25:13.478+0000] {subprocess.py:93} INFO - 26/05/16 01:25:13 INFO BlockManagerMaster: Registered BlockManager BlockManagerId(driver, e8a9653e4a1b, 40833, None)
[2026-05-16T01:25:13.482+0000] {subprocess.py:93} INFO - 26/05/16 01:25:13 INFO BlockManager: Initialized BlockManager: BlockManagerId(driver, e8a9653e4a1b, 40833, None)
[2026-05-16T01:25:13.862+0000] {subprocess.py:93} INFO - 26/05/16 01:25:13 INFO StandaloneSchedulerBackend: SchedulerBackend is ready for scheduling beginning after reached minRegisteredResourcesRatio: 0.0
[2026-05-16T01:25:15.827+0000] {subprocess.py:93} INFO - 26/05/16 01:25:15 WARN MetricsConfig: Cannot locate configuration: tried hadoop-metrics2-s3a-file-system.properties,hadoop-metrics2.properties
[2026-05-16T01:25:26.378+0000] {subprocess.py:93} INFO - Lecture SILVER terminée
[2026-05-16T01:25:48.277+0000] {subprocess.py:93} INFO - Table articles_par_jour créée
[2026-05-16T01:26:06.922+0000] {subprocess.py:93} INFO - Table articles_par_source créée
[2026-05-16T01:26:22.794+0000] {subprocess.py:93} INFO - Table top_categories créée
[2026-05-16T01:26:37.666+0000] {subprocess.py:93} INFO - Table articles_par_source_jour créée
[2026-05-16T01:26:37.670+0000] {subprocess.py:93} INFO - 
[2026-05-16T01:26:37.672+0000] {subprocess.py:93} INFO - ==============================
[2026-05-16T01:26:37.673+0000] {subprocess.py:93} INFO - GOLD LAYER TERMINÉ
[2026-05-16T01:26:37.675+0000] {subprocess.py:93} INFO - ==============================
[2026-05-16T01:26:38.314+0000] {subprocess.py:97} INFO - Command exited with return code 0
[2026-05-16T01:26:38.316+0000] {taskinstance.py:441} INFO - ::group::Post task execution logs
[2026-05-16T01:26:38.919+0000] {taskinstance.py:1206} INFO - Marking task as SUCCESS. dag_id=medallion_gold_layer, task_id=gold_processing, run_id=scheduled__2026-05-16T01:20:00+00:00, execution_date=20260516T012000, start_date=20260516T012502, end_date=20260516T012638
[2026-05-16T01:26:39.034+0000] {local_task_job_runner.py:240} INFO - Task exited with return code 0
[2026-05-16T01:26:39.206+0000] {taskinstance.py:3498} INFO - 0 downstream tasks scheduled from follow-on schedule check
[2026-05-16T01:26:39.240+0000] {local_task_job_runner.py:222} INFO - ::endgroup::
