[2026-05-15T17:15:01.452+0000] {local_task_job_runner.py:120} INFO - ::group::Pre task execution logs
[2026-05-15T17:15:01.616+0000] {taskinstance.py:2076} INFO - Dependencies all met for dep_context=non-requeueable deps ti=<TaskInstance: medallion_gold_layer.gold_processing scheduled__2026-05-15T17:10:00+00:00 [queued]>
[2026-05-15T17:15:01.633+0000] {taskinstance.py:2076} INFO - Dependencies all met for dep_context=requeueable deps ti=<TaskInstance: medallion_gold_layer.gold_processing scheduled__2026-05-15T17:10:00+00:00 [queued]>
[2026-05-15T17:15:01.634+0000] {taskinstance.py:2306} INFO - Starting attempt 1 of 2
[2026-05-15T17:15:01.663+0000] {taskinstance.py:2330} INFO - Executing <Task(BashOperator): gold_processing> on 2026-05-15 17:10:00+00:00
[2026-05-15T17:15:01.674+0000] {standard_task_runner.py:63} INFO - Started process 23235 to run task
[2026-05-15T17:15:01.683+0000] {standard_task_runner.py:90} INFO - Running: ['airflow', 'tasks', 'run', 'medallion_gold_layer', 'gold_processing', 'scheduled__2026-05-15T17:10:00+00:00', '--job-id', '64', '--raw', '--subdir', 'DAGS_FOLDER/gold_layer_dag.py', '--cfg-path', '/tmp/tmp2mihuaa9']
[2026-05-15T17:15:01.689+0000] {standard_task_runner.py:91} INFO - Job 64: Subtask gold_processing
[2026-05-15T17:15:02.025+0000] {task_command.py:426} INFO - Running <TaskInstance: medallion_gold_layer.gold_processing scheduled__2026-05-15T17:10:00+00:00 [running]> on host e8a9653e4a1b
[2026-05-15T17:15:02.600+0000] {taskinstance.py:2648} INFO - Exporting env vars: AIRFLOW_CTX_DAG_OWNER='anass' AIRFLOW_CTX_DAG_ID='medallion_gold_layer' AIRFLOW_CTX_TASK_ID='gold_processing' AIRFLOW_CTX_EXECUTION_DATE='2026-05-15T17:10:00+00:00' AIRFLOW_CTX_TRY_NUMBER='1' AIRFLOW_CTX_DAG_RUN_ID='scheduled__2026-05-15T17:10:00+00:00'
[2026-05-15T17:15:02.603+0000] {taskinstance.py:430} INFO - ::endgroup::
[2026-05-15T17:15:02.631+0000] {subprocess.py:63} INFO - Tmp dir root location: /tmp
[2026-05-15T17:15:02.633+0000] {subprocess.py:75} INFO - Running command: ['/usr/bin/bash', '-c', '\n    spark-submit     --master spark://spark-master:7077     --executor-memory 512M     --executor-cores 1     --total-executor-cores 1     --jars /opt/airflow/jars/aws-java-sdk-bundle-1.12.262.jar,/opt/airflow/jars/hadoop-aws-3.3.4.jar,/opt/airflow/jars/postgresql-42.7.3.jar     /opt/spark_jobs/gold_processor.py\n    ']
[2026-05-15T17:15:02.648+0000] {subprocess.py:86} INFO - Output:
[2026-05-15T17:15:04.613+0000] {subprocess.py:93} INFO - 26/05/15 17:15:04 WARN NativeCodeLoader: Unable to load native-hadoop library for your platform... using builtin-java classes where applicable
[2026-05-15T17:15:05.955+0000] {subprocess.py:93} INFO - 26/05/15 17:15:05 INFO SparkContext: Running Spark version 3.5.1
[2026-05-15T17:15:05.956+0000] {subprocess.py:93} INFO - 26/05/15 17:15:05 INFO SparkContext: OS info Linux, 6.6.87.2-microsoft-standard-WSL2, amd64
[2026-05-15T17:15:05.956+0000] {subprocess.py:93} INFO - 26/05/15 17:15:05 INFO SparkContext: Java version 17.0.19
[2026-05-15T17:15:05.988+0000] {subprocess.py:93} INFO - 26/05/15 17:15:05 INFO ResourceUtils: ==============================================================
[2026-05-15T17:15:05.989+0000] {subprocess.py:93} INFO - 26/05/15 17:15:05 INFO ResourceUtils: No custom resources configured for spark.driver.
[2026-05-15T17:15:05.990+0000] {subprocess.py:93} INFO - 26/05/15 17:15:05 INFO ResourceUtils: ==============================================================
[2026-05-15T17:15:05.990+0000] {subprocess.py:93} INFO - 26/05/15 17:15:05 INFO SparkContext: Submitted application: GoldLayerProcessor
[2026-05-15T17:15:06.014+0000] {subprocess.py:93} INFO - 26/05/15 17:15:06 INFO ResourceProfile: Default ResourceProfile created, executor resources: Map(cores -> name: cores, amount: 1, script: , vendor: , memory -> name: memory, amount: 512, script: , vendor: , offHeap -> name: offHeap, amount: 0, script: , vendor: ), task resources: Map(cpus -> name: cpus, amount: 1.0)
[2026-05-15T17:15:06.024+0000] {subprocess.py:93} INFO - 26/05/15 17:15:06 INFO ResourceProfile: Limiting resource is cpus at 1 tasks per executor
[2026-05-15T17:15:06.027+0000] {subprocess.py:93} INFO - 26/05/15 17:15:06 INFO ResourceProfileManager: Added ResourceProfile id: 0
[2026-05-15T17:15:06.084+0000] {subprocess.py:93} INFO - 26/05/15 17:15:06 INFO SecurityManager: Changing view acls to: airflow
[2026-05-15T17:15:06.085+0000] {subprocess.py:93} INFO - 26/05/15 17:15:06 INFO SecurityManager: Changing modify acls to: airflow
[2026-05-15T17:15:06.085+0000] {subprocess.py:93} INFO - 26/05/15 17:15:06 INFO SecurityManager: Changing view acls groups to:
[2026-05-15T17:15:06.086+0000] {subprocess.py:93} INFO - 26/05/15 17:15:06 INFO SecurityManager: Changing modify acls groups to:
[2026-05-15T17:15:06.087+0000] {subprocess.py:93} INFO - 26/05/15 17:15:06 INFO SecurityManager: SecurityManager: authentication disabled; ui acls disabled; users with view permissions: airflow; groups with view permissions: EMPTY; users with modify permissions: airflow; groups with modify permissions: EMPTY
[2026-05-15T17:15:06.314+0000] {subprocess.py:93} INFO - 26/05/15 17:15:06 INFO Utils: Successfully started service 'sparkDriver' on port 35791.
[2026-05-15T17:15:06.343+0000] {subprocess.py:93} INFO - 26/05/15 17:15:06 INFO SparkEnv: Registering MapOutputTracker
[2026-05-15T17:15:06.375+0000] {subprocess.py:93} INFO - 26/05/15 17:15:06 INFO SparkEnv: Registering BlockManagerMaster
[2026-05-15T17:15:06.393+0000] {subprocess.py:93} INFO - 26/05/15 17:15:06 INFO BlockManagerMasterEndpoint: Using org.apache.spark.storage.DefaultTopologyMapper for getting topology information
[2026-05-15T17:15:06.394+0000] {subprocess.py:93} INFO - 26/05/15 17:15:06 INFO BlockManagerMasterEndpoint: BlockManagerMasterEndpoint up
[2026-05-15T17:15:06.398+0000] {subprocess.py:93} INFO - 26/05/15 17:15:06 INFO SparkEnv: Registering BlockManagerMasterHeartbeat
[2026-05-15T17:15:06.414+0000] {subprocess.py:93} INFO - 26/05/15 17:15:06 INFO DiskBlockManager: Created local directory at /tmp/blockmgr-bf02ba6b-b809-46b9-b8a1-dd19ca14f330
[2026-05-15T17:15:06.427+0000] {subprocess.py:93} INFO - 26/05/15 17:15:06 INFO MemoryStore: MemoryStore started with capacity 434.4 MiB
[2026-05-15T17:15:06.442+0000] {subprocess.py:93} INFO - 26/05/15 17:15:06 INFO SparkEnv: Registering OutputCommitCoordinator
[2026-05-15T17:15:06.564+0000] {subprocess.py:93} INFO - 26/05/15 17:15:06 INFO JettyUtils: Start Jetty 0.0.0.0:4040 for SparkUI
[2026-05-15T17:15:06.649+0000] {subprocess.py:93} INFO - 26/05/15 17:15:06 INFO Utils: Successfully started service 'SparkUI' on port 4040.
[2026-05-15T17:15:06.693+0000] {subprocess.py:93} INFO - 26/05/15 17:15:06 INFO SparkContext: Added JAR file:///opt/airflow/jars/aws-java-sdk-bundle-1.12.262.jar at spark://e8a9653e4a1b:35791/jars/aws-java-sdk-bundle-1.12.262.jar with timestamp 1778865305946
[2026-05-15T17:15:06.695+0000] {subprocess.py:93} INFO - 26/05/15 17:15:06 INFO SparkContext: Added JAR file:///opt/airflow/jars/hadoop-aws-3.3.4.jar at spark://e8a9653e4a1b:35791/jars/hadoop-aws-3.3.4.jar with timestamp 1778865305946
[2026-05-15T17:15:06.696+0000] {subprocess.py:93} INFO - 26/05/15 17:15:06 INFO SparkContext: Added JAR file:///opt/airflow/jars/postgresql-42.7.3.jar at spark://e8a9653e4a1b:35791/jars/postgresql-42.7.3.jar with timestamp 1778865305946
[2026-05-15T17:15:06.799+0000] {subprocess.py:93} INFO - 26/05/15 17:15:06 INFO StandaloneAppClient$ClientEndpoint: Connecting to master spark://spark-master:7077...
[2026-05-15T17:15:06.850+0000] {subprocess.py:93} INFO - 26/05/15 17:15:06 INFO TransportClientFactory: Successfully created connection to spark-master/172.18.0.6:7077 after 28 ms (0 ms spent in bootstraps)
[2026-05-15T17:15:06.941+0000] {subprocess.py:93} INFO - 26/05/15 17:15:06 INFO StandaloneSchedulerBackend: Connected to Spark cluster with app ID app-20260515171506-0063
[2026-05-15T17:15:06.946+0000] {subprocess.py:93} INFO - 26/05/15 17:15:06 INFO StandaloneAppClient$ClientEndpoint: Executor added: app-20260515171506-0063/0 on worker-20260514105200-172.18.0.13-40347 (172.18.0.13:40347) with 1 core(s)
[2026-05-15T17:15:06.950+0000] {subprocess.py:93} INFO - 26/05/15 17:15:06 INFO StandaloneSchedulerBackend: Granted executor ID app-20260515171506-0063/0 on hostPort 172.18.0.13:40347 with 1 core(s), 512.0 MiB RAM
[2026-05-15T17:15:06.954+0000] {subprocess.py:93} INFO - 26/05/15 17:15:06 INFO Utils: Successfully started service 'org.apache.spark.network.netty.NettyBlockTransferService' on port 35273.
[2026-05-15T17:15:06.955+0000] {subprocess.py:93} INFO - 26/05/15 17:15:06 INFO NettyBlockTransferService: Server created on e8a9653e4a1b:35273
[2026-05-15T17:15:06.957+0000] {subprocess.py:93} INFO - 26/05/15 17:15:06 INFO BlockManager: Using org.apache.spark.storage.RandomBlockReplicationPolicy for block replication policy
[2026-05-15T17:15:06.967+0000] {subprocess.py:93} INFO - 26/05/15 17:15:06 INFO BlockManagerMaster: Registering BlockManager BlockManagerId(driver, e8a9653e4a1b, 35273, None)
[2026-05-15T17:15:06.972+0000] {subprocess.py:93} INFO - 26/05/15 17:15:06 INFO BlockManagerMasterEndpoint: Registering block manager e8a9653e4a1b:35273 with 434.4 MiB RAM, BlockManagerId(driver, e8a9653e4a1b, 35273, None)
[2026-05-15T17:15:06.978+0000] {subprocess.py:93} INFO - 26/05/15 17:15:06 INFO BlockManagerMaster: Registered BlockManager BlockManagerId(driver, e8a9653e4a1b, 35273, None)
[2026-05-15T17:15:06.979+0000] {subprocess.py:93} INFO - 26/05/15 17:15:06 INFO BlockManager: Initialized BlockManager: BlockManagerId(driver, e8a9653e4a1b, 35273, None)
[2026-05-15T17:15:06.991+0000] {subprocess.py:93} INFO - 26/05/15 17:15:06 INFO StandaloneAppClient$ClientEndpoint: Executor updated: app-20260515171506-0063/0 is now RUNNING
[2026-05-15T17:15:07.251+0000] {subprocess.py:93} INFO - 26/05/15 17:15:07 INFO StandaloneSchedulerBackend: SchedulerBackend is ready for scheduling beginning after reached minRegisteredResourcesRatio: 0.0
[2026-05-15T17:15:08.680+0000] {subprocess.py:93} INFO - 26/05/15 17:15:08 WARN MetricsConfig: Cannot locate configuration: tried hadoop-metrics2-s3a-file-system.properties,hadoop-metrics2.properties
[2026-05-15T17:15:15.030+0000] {subprocess.py:93} INFO - Lecture SILVER terminée
[2026-05-15T21:42:29.952+0000] {subprocess.py:93} INFO - Table articles_par_jour créée
[2026-05-15T21:42:36.951+0000] {subprocess.py:93} INFO - Table articles_par_source créée
[2026-05-15T21:42:44.432+0000] {subprocess.py:93} INFO - Table top_categories créée
[2026-05-15T21:42:52.779+0000] {subprocess.py:93} INFO - Table articles_par_source_jour créée
[2026-05-15T21:42:52.782+0000] {subprocess.py:93} INFO - 
[2026-05-15T21:42:52.784+0000] {subprocess.py:93} INFO - ==============================
[2026-05-15T21:42:52.786+0000] {subprocess.py:93} INFO - GOLD LAYER TERMINÉ
[2026-05-15T21:42:52.787+0000] {subprocess.py:93} INFO - ==============================
[2026-05-15T21:42:53.494+0000] {subprocess.py:97} INFO - Command exited with return code 0
[2026-05-15T21:42:53.498+0000] {taskinstance.py:441} INFO - ::group::Post task execution logs
[2026-05-15T21:42:53.809+0000] {taskinstance.py:1206} INFO - Marking task as SUCCESS. dag_id=medallion_gold_layer, task_id=gold_processing, run_id=scheduled__2026-05-15T17:10:00+00:00, execution_date=20260515T171000, start_date=20260515T171501, end_date=20260515T214253
[2026-05-15T21:42:54.211+0000] {local_task_job_runner.py:240} INFO - Task exited with return code 0
[2026-05-15T21:42:54.302+0000] {taskinstance.py:3498} INFO - 0 downstream tasks scheduled from follow-on schedule check
[2026-05-15T21:42:54.307+0000] {local_task_job_runner.py:222} INFO - ::endgroup::
