[2026-05-15T23:50:02.521+0000] {local_task_job_runner.py:120} INFO - ::group::Pre task execution logs
[2026-05-15T23:50:02.740+0000] {taskinstance.py:2076} INFO - Dependencies all met for dep_context=non-requeueable deps ti=<TaskInstance: medallion_gold_layer.gold_processing scheduled__2026-05-15T23:45:00+00:00 [queued]>
[2026-05-15T23:50:02.775+0000] {taskinstance.py:2076} INFO - Dependencies all met for dep_context=requeueable deps ti=<TaskInstance: medallion_gold_layer.gold_processing scheduled__2026-05-15T23:45:00+00:00 [queued]>
[2026-05-15T23:50:02.777+0000] {taskinstance.py:2306} INFO - Starting attempt 1 of 2
[2026-05-15T23:50:02.842+0000] {taskinstance.py:2330} INFO - Executing <Task(BashOperator): gold_processing> on 2026-05-15 23:45:00+00:00
[2026-05-15T23:50:02.860+0000] {standard_task_runner.py:63} INFO - Started process 33823 to run task
[2026-05-15T23:50:02.878+0000] {standard_task_runner.py:90} INFO - Running: ['airflow', 'tasks', 'run', 'medallion_gold_layer', 'gold_processing', 'scheduled__2026-05-15T23:45:00+00:00', '--job-id', '91', '--raw', '--subdir', 'DAGS_FOLDER/gold_layer_dag.py', '--cfg-path', '/tmp/tmpw309zdqh']
[2026-05-15T23:50:02.887+0000] {standard_task_runner.py:91} INFO - Job 91: Subtask gold_processing
[2026-05-15T23:50:03.444+0000] {task_command.py:426} INFO - Running <TaskInstance: medallion_gold_layer.gold_processing scheduled__2026-05-15T23:45:00+00:00 [running]> on host e8a9653e4a1b
[2026-05-15T23:50:04.291+0000] {taskinstance.py:2648} INFO - Exporting env vars: AIRFLOW_CTX_DAG_OWNER='anass' AIRFLOW_CTX_DAG_ID='medallion_gold_layer' AIRFLOW_CTX_TASK_ID='gold_processing' AIRFLOW_CTX_EXECUTION_DATE='2026-05-15T23:45:00+00:00' AIRFLOW_CTX_TRY_NUMBER='1' AIRFLOW_CTX_DAG_RUN_ID='scheduled__2026-05-15T23:45:00+00:00'
[2026-05-15T23:50:04.294+0000] {taskinstance.py:430} INFO - ::endgroup::
[2026-05-15T23:50:04.349+0000] {subprocess.py:63} INFO - Tmp dir root location: /tmp
[2026-05-15T23:50:04.354+0000] {subprocess.py:75} INFO - Running command: ['/usr/bin/bash', '-c', '\n    spark-submit     --master spark://spark-master:7077     --executor-memory 512M     --executor-cores 1     --total-executor-cores 1     --jars /opt/airflow/jars/aws-java-sdk-bundle-1.12.262.jar,/opt/airflow/jars/hadoop-aws-3.3.4.jar,/opt/airflow/jars/postgresql-42.7.3.jar     /opt/spark_jobs/gold_processor.py\n    ']
[2026-05-15T23:50:04.390+0000] {subprocess.py:86} INFO - Output:
[2026-05-15T23:50:08.012+0000] {subprocess.py:93} INFO - 26/05/15 23:50:08 WARN NativeCodeLoader: Unable to load native-hadoop library for your platform... using builtin-java classes where applicable
[2026-05-15T23:50:10.526+0000] {subprocess.py:93} INFO - 26/05/15 23:50:10 INFO SparkContext: Running Spark version 3.5.1
[2026-05-15T23:50:10.529+0000] {subprocess.py:93} INFO - 26/05/15 23:50:10 INFO SparkContext: OS info Linux, 6.6.87.2-microsoft-standard-WSL2, amd64
[2026-05-15T23:50:10.531+0000] {subprocess.py:93} INFO - 26/05/15 23:50:10 INFO SparkContext: Java version 17.0.19
[2026-05-15T23:50:10.634+0000] {subprocess.py:93} INFO - 26/05/15 23:50:10 INFO ResourceUtils: ==============================================================
[2026-05-15T23:50:10.639+0000] {subprocess.py:93} INFO - 26/05/15 23:50:10 INFO ResourceUtils: No custom resources configured for spark.driver.
[2026-05-15T23:50:10.641+0000] {subprocess.py:93} INFO - 26/05/15 23:50:10 INFO ResourceUtils: ==============================================================
[2026-05-15T23:50:10.642+0000] {subprocess.py:93} INFO - 26/05/15 23:50:10 INFO SparkContext: Submitted application: GoldLayerProcessor
[2026-05-15T23:50:10.725+0000] {subprocess.py:93} INFO - 26/05/15 23:50:10 INFO ResourceProfile: Default ResourceProfile created, executor resources: Map(cores -> name: cores, amount: 1, script: , vendor: , memory -> name: memory, amount: 512, script: , vendor: , offHeap -> name: offHeap, amount: 0, script: , vendor: ), task resources: Map(cpus -> name: cpus, amount: 1.0)
[2026-05-15T23:50:10.757+0000] {subprocess.py:93} INFO - 26/05/15 23:50:10 INFO ResourceProfile: Limiting resource is cpus at 1 tasks per executor
[2026-05-15T23:50:10.765+0000] {subprocess.py:93} INFO - 26/05/15 23:50:10 INFO ResourceProfileManager: Added ResourceProfile id: 0
[2026-05-15T23:50:10.965+0000] {subprocess.py:93} INFO - 26/05/15 23:50:10 INFO SecurityManager: Changing view acls to: airflow
[2026-05-15T23:50:10.969+0000] {subprocess.py:93} INFO - 26/05/15 23:50:10 INFO SecurityManager: Changing modify acls to: airflow
[2026-05-15T23:50:10.971+0000] {subprocess.py:93} INFO - 26/05/15 23:50:10 INFO SecurityManager: Changing view acls groups to:
[2026-05-15T23:50:10.973+0000] {subprocess.py:93} INFO - 26/05/15 23:50:10 INFO SecurityManager: Changing modify acls groups to:
[2026-05-15T23:50:10.976+0000] {subprocess.py:93} INFO - 26/05/15 23:50:10 INFO SecurityManager: SecurityManager: authentication disabled; ui acls disabled; users with view permissions: airflow; groups with view permissions: EMPTY; users with modify permissions: airflow; groups with modify permissions: EMPTY
[2026-05-15T23:50:11.594+0000] {subprocess.py:93} INFO - 26/05/15 23:50:11 INFO Utils: Successfully started service 'sparkDriver' on port 35385.
[2026-05-15T23:50:11.638+0000] {subprocess.py:93} INFO - 26/05/15 23:50:11 INFO SparkEnv: Registering MapOutputTracker
[2026-05-15T23:50:11.696+0000] {subprocess.py:93} INFO - 26/05/15 23:50:11 INFO SparkEnv: Registering BlockManagerMaster
[2026-05-15T23:50:11.729+0000] {subprocess.py:93} INFO - 26/05/15 23:50:11 INFO BlockManagerMasterEndpoint: Using org.apache.spark.storage.DefaultTopologyMapper for getting topology information
[2026-05-15T23:50:11.731+0000] {subprocess.py:93} INFO - 26/05/15 23:50:11 INFO BlockManagerMasterEndpoint: BlockManagerMasterEndpoint up
[2026-05-15T23:50:11.739+0000] {subprocess.py:93} INFO - 26/05/15 23:50:11 INFO SparkEnv: Registering BlockManagerMasterHeartbeat
[2026-05-15T23:50:11.768+0000] {subprocess.py:93} INFO - 26/05/15 23:50:11 INFO DiskBlockManager: Created local directory at /tmp/blockmgr-55221620-b3ce-4f62-9b0a-aba7537cbfe9
[2026-05-15T23:50:11.790+0000] {subprocess.py:93} INFO - 26/05/15 23:50:11 INFO MemoryStore: MemoryStore started with capacity 434.4 MiB
[2026-05-15T23:50:11.822+0000] {subprocess.py:93} INFO - 26/05/15 23:50:11 INFO SparkEnv: Registering OutputCommitCoordinator
[2026-05-15T23:50:12.169+0000] {subprocess.py:93} INFO - 26/05/15 23:50:12 INFO JettyUtils: Start Jetty 0.0.0.0:4040 for SparkUI
[2026-05-15T23:50:12.387+0000] {subprocess.py:93} INFO - 26/05/15 23:50:12 INFO Utils: Successfully started service 'SparkUI' on port 4040.
[2026-05-15T23:50:12.477+0000] {subprocess.py:93} INFO - 26/05/15 23:50:12 INFO SparkContext: Added JAR file:///opt/airflow/jars/aws-java-sdk-bundle-1.12.262.jar at spark://e8a9653e4a1b:35385/jars/aws-java-sdk-bundle-1.12.262.jar with timestamp 1778889010490
[2026-05-15T23:50:12.479+0000] {subprocess.py:93} INFO - 26/05/15 23:50:12 INFO SparkContext: Added JAR file:///opt/airflow/jars/hadoop-aws-3.3.4.jar at spark://e8a9653e4a1b:35385/jars/hadoop-aws-3.3.4.jar with timestamp 1778889010490
[2026-05-15T23:50:12.482+0000] {subprocess.py:93} INFO - 26/05/15 23:50:12 INFO SparkContext: Added JAR file:///opt/airflow/jars/postgresql-42.7.3.jar at spark://e8a9653e4a1b:35385/jars/postgresql-42.7.3.jar with timestamp 1778889010490
[2026-05-15T23:50:12.626+0000] {subprocess.py:93} INFO - 26/05/15 23:50:12 INFO StandaloneAppClient$ClientEndpoint: Connecting to master spark://spark-master:7077...
[2026-05-15T23:50:12.743+0000] {subprocess.py:93} INFO - 26/05/15 23:50:12 INFO TransportClientFactory: Successfully created connection to spark-master/172.18.0.6:7077 after 76 ms (0 ms spent in bootstraps)
[2026-05-15T23:50:12.950+0000] {subprocess.py:93} INFO - 26/05/15 23:50:12 INFO StandaloneSchedulerBackend: Connected to Spark cluster with app ID app-20260515235012-0090
[2026-05-15T23:50:12.955+0000] {subprocess.py:93} INFO - 26/05/15 23:50:12 INFO StandaloneAppClient$ClientEndpoint: Executor added: app-20260515235012-0090/0 on worker-20260514105200-172.18.0.13-40347 (172.18.0.13:40347) with 1 core(s)
[2026-05-15T23:50:12.957+0000] {subprocess.py:93} INFO - 26/05/15 23:50:12 INFO StandaloneSchedulerBackend: Granted executor ID app-20260515235012-0090/0 on hostPort 172.18.0.13:40347 with 1 core(s), 512.0 MiB RAM
[2026-05-15T23:50:12.967+0000] {subprocess.py:93} INFO - 26/05/15 23:50:12 INFO Utils: Successfully started service 'org.apache.spark.network.netty.NettyBlockTransferService' on port 37503.
[2026-05-15T23:50:12.968+0000] {subprocess.py:93} INFO - 26/05/15 23:50:12 INFO NettyBlockTransferService: Server created on e8a9653e4a1b:37503
[2026-05-15T23:50:12.971+0000] {subprocess.py:93} INFO - 26/05/15 23:50:12 INFO BlockManager: Using org.apache.spark.storage.RandomBlockReplicationPolicy for block replication policy
[2026-05-15T23:50:12.987+0000] {subprocess.py:93} INFO - 26/05/15 23:50:12 INFO BlockManagerMaster: Registering BlockManager BlockManagerId(driver, e8a9653e4a1b, 37503, None)
[2026-05-15T23:50:12.996+0000] {subprocess.py:93} INFO - 26/05/15 23:50:12 INFO BlockManagerMasterEndpoint: Registering block manager e8a9653e4a1b:37503 with 434.4 MiB RAM, BlockManagerId(driver, e8a9653e4a1b, 37503, None)
[2026-05-15T23:50:13.004+0000] {subprocess.py:93} INFO - 26/05/15 23:50:13 INFO BlockManagerMaster: Registered BlockManager BlockManagerId(driver, e8a9653e4a1b, 37503, None)
[2026-05-15T23:50:13.008+0000] {subprocess.py:93} INFO - 26/05/15 23:50:13 INFO BlockManager: Initialized BlockManager: BlockManagerId(driver, e8a9653e4a1b, 37503, None)
[2026-05-15T23:50:13.040+0000] {subprocess.py:93} INFO - 26/05/15 23:50:13 INFO StandaloneAppClient$ClientEndpoint: Executor updated: app-20260515235012-0090/0 is now RUNNING
[2026-05-15T23:50:13.463+0000] {subprocess.py:93} INFO - 26/05/15 23:50:13 INFO StandaloneSchedulerBackend: SchedulerBackend is ready for scheduling beginning after reached minRegisteredResourcesRatio: 0.0
[2026-05-15T23:50:16.753+0000] {subprocess.py:93} INFO - 26/05/15 23:50:16 WARN MetricsConfig: Cannot locate configuration: tried hadoop-metrics2-s3a-file-system.properties,hadoop-metrics2.properties
[2026-05-15T23:50:32.197+0000] {subprocess.py:93} INFO - Lecture SILVER terminée
[2026-05-15T23:50:54.439+0000] {subprocess.py:93} INFO - Table articles_par_jour créée
[2026-05-15T23:51:09.788+0000] {subprocess.py:93} INFO - Table articles_par_source créée
[2026-05-15T23:51:22.535+0000] {subprocess.py:93} INFO - Table top_categories créée
[2026-05-15T23:51:31.153+0000] {subprocess.py:93} INFO - Table articles_par_source_jour créée
[2026-05-15T23:51:31.155+0000] {subprocess.py:93} INFO - 
[2026-05-15T23:51:31.156+0000] {subprocess.py:93} INFO - ==============================
[2026-05-15T23:51:31.157+0000] {subprocess.py:93} INFO - GOLD LAYER TERMINÉ
[2026-05-15T23:51:31.159+0000] {subprocess.py:93} INFO - ==============================
[2026-05-15T23:51:31.905+0000] {subprocess.py:97} INFO - Command exited with return code 0
[2026-05-15T23:51:31.907+0000] {taskinstance.py:441} INFO - ::group::Post task execution logs
[2026-05-15T23:51:32.666+0000] {taskinstance.py:1206} INFO - Marking task as SUCCESS. dag_id=medallion_gold_layer, task_id=gold_processing, run_id=scheduled__2026-05-15T23:45:00+00:00, execution_date=20260515T234500, start_date=20260515T235002, end_date=20260515T235132
[2026-05-15T23:51:32.819+0000] {local_task_job_runner.py:240} INFO - Task exited with return code 0
[2026-05-15T23:51:32.950+0000] {taskinstance.py:3498} INFO - 0 downstream tasks scheduled from follow-on schedule check
[2026-05-15T23:51:32.958+0000] {local_task_job_runner.py:222} INFO - ::endgroup::
