[2026-05-15T22:30:02.490+0000] {local_task_job_runner.py:120} INFO - ::group::Pre task execution logs
[2026-05-15T22:30:02.684+0000] {taskinstance.py:2076} INFO - Dependencies all met for dep_context=non-requeueable deps ti=<TaskInstance: medallion_gold_layer.gold_processing scheduled__2026-05-15T22:25:00+00:00 [queued]>
[2026-05-15T22:30:02.711+0000] {taskinstance.py:2076} INFO - Dependencies all met for dep_context=requeueable deps ti=<TaskInstance: medallion_gold_layer.gold_processing scheduled__2026-05-15T22:25:00+00:00 [queued]>
[2026-05-15T22:30:02.712+0000] {taskinstance.py:2306} INFO - Starting attempt 1 of 2
[2026-05-15T22:30:02.760+0000] {taskinstance.py:2330} INFO - Executing <Task(BashOperator): gold_processing> on 2026-05-15 22:25:00+00:00
[2026-05-15T22:30:02.778+0000] {standard_task_runner.py:63} INFO - Started process 27483 to run task
[2026-05-15T22:30:02.790+0000] {standard_task_runner.py:90} INFO - Running: ['airflow', 'tasks', 'run', 'medallion_gold_layer', 'gold_processing', 'scheduled__2026-05-15T22:25:00+00:00', '--job-id', '75', '--raw', '--subdir', 'DAGS_FOLDER/gold_layer_dag.py', '--cfg-path', '/tmp/tmpf3jjgdn8']
[2026-05-15T22:30:02.799+0000] {standard_task_runner.py:91} INFO - Job 75: Subtask gold_processing
[2026-05-15T22:30:03.314+0000] {task_command.py:426} INFO - Running <TaskInstance: medallion_gold_layer.gold_processing scheduled__2026-05-15T22:25:00+00:00 [running]> on host e8a9653e4a1b
[2026-05-15T22:30:04.195+0000] {taskinstance.py:2648} INFO - Exporting env vars: AIRFLOW_CTX_DAG_OWNER='anass' AIRFLOW_CTX_DAG_ID='medallion_gold_layer' AIRFLOW_CTX_TASK_ID='gold_processing' AIRFLOW_CTX_EXECUTION_DATE='2026-05-15T22:25:00+00:00' AIRFLOW_CTX_TRY_NUMBER='1' AIRFLOW_CTX_DAG_RUN_ID='scheduled__2026-05-15T22:25:00+00:00'
[2026-05-15T22:30:04.198+0000] {taskinstance.py:430} INFO - ::endgroup::
[2026-05-15T22:30:04.245+0000] {subprocess.py:63} INFO - Tmp dir root location: /tmp
[2026-05-15T22:30:04.249+0000] {subprocess.py:75} INFO - Running command: ['/usr/bin/bash', '-c', '\n    spark-submit     --master spark://spark-master:7077     --executor-memory 512M     --executor-cores 1     --total-executor-cores 1     --jars /opt/airflow/jars/aws-java-sdk-bundle-1.12.262.jar,/opt/airflow/jars/hadoop-aws-3.3.4.jar,/opt/airflow/jars/postgresql-42.7.3.jar     /opt/spark_jobs/gold_processor.py\n    ']
[2026-05-15T22:30:04.278+0000] {subprocess.py:86} INFO - Output:
[2026-05-15T22:30:09.360+0000] {subprocess.py:93} INFO - 26/05/15 22:30:09 WARN NativeCodeLoader: Unable to load native-hadoop library for your platform... using builtin-java classes where applicable
[2026-05-15T22:30:12.654+0000] {subprocess.py:93} INFO - 26/05/15 22:30:12 INFO SparkContext: Running Spark version 3.5.1
[2026-05-15T22:30:12.659+0000] {subprocess.py:93} INFO - 26/05/15 22:30:12 INFO SparkContext: OS info Linux, 6.6.87.2-microsoft-standard-WSL2, amd64
[2026-05-15T22:30:12.661+0000] {subprocess.py:93} INFO - 26/05/15 22:30:12 INFO SparkContext: Java version 17.0.19
[2026-05-15T22:30:12.754+0000] {subprocess.py:93} INFO - 26/05/15 22:30:12 INFO ResourceUtils: ==============================================================
[2026-05-15T22:30:12.757+0000] {subprocess.py:93} INFO - 26/05/15 22:30:12 INFO ResourceUtils: No custom resources configured for spark.driver.
[2026-05-15T22:30:12.760+0000] {subprocess.py:93} INFO - 26/05/15 22:30:12 INFO ResourceUtils: ==============================================================
[2026-05-15T22:30:12.762+0000] {subprocess.py:93} INFO - 26/05/15 22:30:12 INFO SparkContext: Submitted application: GoldLayerProcessor
[2026-05-15T22:30:12.811+0000] {subprocess.py:93} INFO - 26/05/15 22:30:12 INFO ResourceProfile: Default ResourceProfile created, executor resources: Map(cores -> name: cores, amount: 1, script: , vendor: , memory -> name: memory, amount: 512, script: , vendor: , offHeap -> name: offHeap, amount: 0, script: , vendor: ), task resources: Map(cpus -> name: cpus, amount: 1.0)
[2026-05-15T22:30:12.832+0000] {subprocess.py:93} INFO - 26/05/15 22:30:12 INFO ResourceProfile: Limiting resource is cpus at 1 tasks per executor
[2026-05-15T22:30:12.837+0000] {subprocess.py:93} INFO - 26/05/15 22:30:12 INFO ResourceProfileManager: Added ResourceProfile id: 0
[2026-05-15T22:30:12.915+0000] {subprocess.py:93} INFO - 26/05/15 22:30:12 INFO SecurityManager: Changing view acls to: airflow
[2026-05-15T22:30:12.917+0000] {subprocess.py:93} INFO - 26/05/15 22:30:12 INFO SecurityManager: Changing modify acls to: airflow
[2026-05-15T22:30:12.919+0000] {subprocess.py:93} INFO - 26/05/15 22:30:12 INFO SecurityManager: Changing view acls groups to:
[2026-05-15T22:30:12.920+0000] {subprocess.py:93} INFO - 26/05/15 22:30:12 INFO SecurityManager: Changing modify acls groups to:
[2026-05-15T22:30:12.921+0000] {subprocess.py:93} INFO - 26/05/15 22:30:12 INFO SecurityManager: SecurityManager: authentication disabled; ui acls disabled; users with view permissions: airflow; groups with view permissions: EMPTY; users with modify permissions: airflow; groups with modify permissions: EMPTY
[2026-05-15T22:30:13.401+0000] {subprocess.py:93} INFO - 26/05/15 22:30:13 INFO Utils: Successfully started service 'sparkDriver' on port 36833.
[2026-05-15T22:30:13.454+0000] {subprocess.py:93} INFO - 26/05/15 22:30:13 INFO SparkEnv: Registering MapOutputTracker
[2026-05-15T22:30:13.520+0000] {subprocess.py:93} INFO - 26/05/15 22:30:13 INFO SparkEnv: Registering BlockManagerMaster
[2026-05-15T22:30:13.560+0000] {subprocess.py:93} INFO - 26/05/15 22:30:13 INFO BlockManagerMasterEndpoint: Using org.apache.spark.storage.DefaultTopologyMapper for getting topology information
[2026-05-15T22:30:13.563+0000] {subprocess.py:93} INFO - 26/05/15 22:30:13 INFO BlockManagerMasterEndpoint: BlockManagerMasterEndpoint up
[2026-05-15T22:30:13.571+0000] {subprocess.py:93} INFO - 26/05/15 22:30:13 INFO SparkEnv: Registering BlockManagerMasterHeartbeat
[2026-05-15T22:30:13.627+0000] {subprocess.py:93} INFO - 26/05/15 22:30:13 INFO DiskBlockManager: Created local directory at /tmp/blockmgr-0194e10c-046f-4ec2-bdac-7adc259d90fb
[2026-05-15T22:30:13.662+0000] {subprocess.py:93} INFO - 26/05/15 22:30:13 INFO MemoryStore: MemoryStore started with capacity 434.4 MiB
[2026-05-15T22:30:13.705+0000] {subprocess.py:93} INFO - 26/05/15 22:30:13 INFO SparkEnv: Registering OutputCommitCoordinator
[2026-05-15T22:30:14.119+0000] {subprocess.py:93} INFO - 26/05/15 22:30:14 INFO JettyUtils: Start Jetty 0.0.0.0:4040 for SparkUI
[2026-05-15T22:30:14.393+0000] {subprocess.py:93} INFO - 26/05/15 22:30:14 INFO Utils: Successfully started service 'SparkUI' on port 4040.
[2026-05-15T22:30:14.474+0000] {subprocess.py:93} INFO - 26/05/15 22:30:14 INFO SparkContext: Added JAR file:///opt/airflow/jars/aws-java-sdk-bundle-1.12.262.jar at spark://e8a9653e4a1b:36833/jars/aws-java-sdk-bundle-1.12.262.jar with timestamp 1778884212618
[2026-05-15T22:30:14.477+0000] {subprocess.py:93} INFO - 26/05/15 22:30:14 INFO SparkContext: Added JAR file:///opt/airflow/jars/hadoop-aws-3.3.4.jar at spark://e8a9653e4a1b:36833/jars/hadoop-aws-3.3.4.jar with timestamp 1778884212618
[2026-05-15T22:30:14.479+0000] {subprocess.py:93} INFO - 26/05/15 22:30:14 INFO SparkContext: Added JAR file:///opt/airflow/jars/postgresql-42.7.3.jar at spark://e8a9653e4a1b:36833/jars/postgresql-42.7.3.jar with timestamp 1778884212618
[2026-05-15T22:30:14.692+0000] {subprocess.py:93} INFO - 26/05/15 22:30:14 INFO StandaloneAppClient$ClientEndpoint: Connecting to master spark://spark-master:7077...
[2026-05-15T22:30:14.881+0000] {subprocess.py:93} INFO - 26/05/15 22:30:14 INFO TransportClientFactory: Successfully created connection to spark-master/172.18.0.6:7077 after 138 ms (0 ms spent in bootstraps)
[2026-05-15T22:30:15.073+0000] {subprocess.py:93} INFO - 26/05/15 22:30:15 INFO StandaloneSchedulerBackend: Connected to Spark cluster with app ID app-20260515223015-0074
[2026-05-15T22:30:15.095+0000] {subprocess.py:93} INFO - 26/05/15 22:30:15 INFO StandaloneAppClient$ClientEndpoint: Executor added: app-20260515223015-0074/0 on worker-20260514105200-172.18.0.13-40347 (172.18.0.13:40347) with 1 core(s)
[2026-05-15T22:30:15.104+0000] {subprocess.py:93} INFO - 26/05/15 22:30:15 INFO StandaloneSchedulerBackend: Granted executor ID app-20260515223015-0074/0 on hostPort 172.18.0.13:40347 with 1 core(s), 512.0 MiB RAM
[2026-05-15T22:30:15.120+0000] {subprocess.py:93} INFO - 26/05/15 22:30:15 INFO Utils: Successfully started service 'org.apache.spark.network.netty.NettyBlockTransferService' on port 43453.
[2026-05-15T22:30:15.123+0000] {subprocess.py:93} INFO - 26/05/15 22:30:15 INFO NettyBlockTransferService: Server created on e8a9653e4a1b:43453
[2026-05-15T22:30:15.130+0000] {subprocess.py:93} INFO - 26/05/15 22:30:15 INFO BlockManager: Using org.apache.spark.storage.RandomBlockReplicationPolicy for block replication policy
[2026-05-15T22:30:15.157+0000] {subprocess.py:93} INFO - 26/05/15 22:30:15 INFO BlockManagerMaster: Registering BlockManager BlockManagerId(driver, e8a9653e4a1b, 43453, None)
[2026-05-15T22:30:15.168+0000] {subprocess.py:93} INFO - 26/05/15 22:30:15 INFO BlockManagerMasterEndpoint: Registering block manager e8a9653e4a1b:43453 with 434.4 MiB RAM, BlockManagerId(driver, e8a9653e4a1b, 43453, None)
[2026-05-15T22:30:15.174+0000] {subprocess.py:93} INFO - 26/05/15 22:30:15 INFO BlockManagerMaster: Registered BlockManager BlockManagerId(driver, e8a9653e4a1b, 43453, None)
[2026-05-15T22:30:15.178+0000] {subprocess.py:93} INFO - 26/05/15 22:30:15 INFO BlockManager: Initialized BlockManager: BlockManagerId(driver, e8a9653e4a1b, 43453, None)
[2026-05-15T22:30:15.185+0000] {subprocess.py:93} INFO - 26/05/15 22:30:15 INFO StandaloneAppClient$ClientEndpoint: Executor updated: app-20260515223015-0074/0 is now RUNNING
[2026-05-15T22:30:15.552+0000] {subprocess.py:93} INFO - 26/05/15 22:30:15 INFO StandaloneSchedulerBackend: SchedulerBackend is ready for scheduling beginning after reached minRegisteredResourcesRatio: 0.0
[2026-05-15T22:30:17.810+0000] {subprocess.py:93} INFO - 26/05/15 22:30:17 WARN MetricsConfig: Cannot locate configuration: tried hadoop-metrics2-s3a-file-system.properties,hadoop-metrics2.properties
[2026-05-15T22:30:32.891+0000] {subprocess.py:93} INFO - Lecture SILVER terminée
[2026-05-15T22:30:58.061+0000] {subprocess.py:93} INFO - Table articles_par_jour créée
[2026-05-15T22:31:15.032+0000] {subprocess.py:93} INFO - Table articles_par_source créée
[2026-05-15T22:31:31.252+0000] {subprocess.py:93} INFO - Table top_categories créée
[2026-05-15T22:31:47.806+0000] {subprocess.py:93} INFO - Table articles_par_source_jour créée
[2026-05-15T22:31:47.809+0000] {subprocess.py:93} INFO - 
[2026-05-15T22:31:47.811+0000] {subprocess.py:93} INFO - ==============================
[2026-05-15T22:31:47.813+0000] {subprocess.py:93} INFO - GOLD LAYER TERMINÉ
[2026-05-15T22:31:47.814+0000] {subprocess.py:93} INFO - ==============================
[2026-05-15T22:31:48.562+0000] {subprocess.py:97} INFO - Command exited with return code 0
[2026-05-15T22:31:48.565+0000] {taskinstance.py:441} INFO - ::group::Post task execution logs
[2026-05-15T22:31:49.299+0000] {taskinstance.py:1206} INFO - Marking task as SUCCESS. dag_id=medallion_gold_layer, task_id=gold_processing, run_id=scheduled__2026-05-15T22:25:00+00:00, execution_date=20260515T222500, start_date=20260515T223002, end_date=20260515T223149
[2026-05-15T22:31:49.460+0000] {local_task_job_runner.py:240} INFO - Task exited with return code 0
[2026-05-15T22:31:49.637+0000] {taskinstance.py:3498} INFO - 0 downstream tasks scheduled from follow-on schedule check
[2026-05-15T22:31:49.649+0000] {local_task_job_runner.py:222} INFO - ::endgroup::
