[2026-05-15T23:35:02.146+0000] {local_task_job_runner.py:120} INFO - ::group::Pre task execution logs
[2026-05-15T23:35:02.391+0000] {taskinstance.py:2076} INFO - Dependencies all met for dep_context=non-requeueable deps ti=<TaskInstance: medallion_gold_layer.gold_processing scheduled__2026-05-15T23:30:00+00:00 [queued]>
[2026-05-15T23:35:02.429+0000] {taskinstance.py:2076} INFO - Dependencies all met for dep_context=requeueable deps ti=<TaskInstance: medallion_gold_layer.gold_processing scheduled__2026-05-15T23:30:00+00:00 [queued]>
[2026-05-15T23:35:02.432+0000] {taskinstance.py:2306} INFO - Starting attempt 1 of 2
[2026-05-15T23:35:02.515+0000] {taskinstance.py:2330} INFO - Executing <Task(BashOperator): gold_processing> on 2026-05-15 23:30:00+00:00
[2026-05-15T23:35:02.531+0000] {standard_task_runner.py:63} INFO - Started process 32626 to run task
[2026-05-15T23:35:02.547+0000] {standard_task_runner.py:90} INFO - Running: ['airflow', 'tasks', 'run', 'medallion_gold_layer', 'gold_processing', 'scheduled__2026-05-15T23:30:00+00:00', '--job-id', '88', '--raw', '--subdir', 'DAGS_FOLDER/gold_layer_dag.py', '--cfg-path', '/tmp/tmpe_7wqjb3']
[2026-05-15T23:35:02.556+0000] {standard_task_runner.py:91} INFO - Job 88: Subtask gold_processing
[2026-05-15T23:35:03.148+0000] {task_command.py:426} INFO - Running <TaskInstance: medallion_gold_layer.gold_processing scheduled__2026-05-15T23:30:00+00:00 [running]> on host e8a9653e4a1b
[2026-05-15T23:35:04.084+0000] {taskinstance.py:2648} INFO - Exporting env vars: AIRFLOW_CTX_DAG_OWNER='anass' AIRFLOW_CTX_DAG_ID='medallion_gold_layer' AIRFLOW_CTX_TASK_ID='gold_processing' AIRFLOW_CTX_EXECUTION_DATE='2026-05-15T23:30:00+00:00' AIRFLOW_CTX_TRY_NUMBER='1' AIRFLOW_CTX_DAG_RUN_ID='scheduled__2026-05-15T23:30:00+00:00'
[2026-05-15T23:35:04.086+0000] {taskinstance.py:430} INFO - ::endgroup::
[2026-05-15T23:35:04.120+0000] {subprocess.py:63} INFO - Tmp dir root location: /tmp
[2026-05-15T23:35:04.124+0000] {subprocess.py:75} INFO - Running command: ['/usr/bin/bash', '-c', '\n    spark-submit     --master spark://spark-master:7077     --executor-memory 512M     --executor-cores 1     --total-executor-cores 1     --jars /opt/airflow/jars/aws-java-sdk-bundle-1.12.262.jar,/opt/airflow/jars/hadoop-aws-3.3.4.jar,/opt/airflow/jars/postgresql-42.7.3.jar     /opt/spark_jobs/gold_processor.py\n    ']
[2026-05-15T23:35:04.149+0000] {subprocess.py:86} INFO - Output:
[2026-05-15T23:35:08.290+0000] {subprocess.py:93} INFO - 26/05/15 23:35:08 WARN NativeCodeLoader: Unable to load native-hadoop library for your platform... using builtin-java classes where applicable
[2026-05-15T23:35:12.357+0000] {subprocess.py:93} INFO - 26/05/15 23:35:12 INFO SparkContext: Running Spark version 3.5.1
[2026-05-15T23:35:12.359+0000] {subprocess.py:93} INFO - 26/05/15 23:35:12 INFO SparkContext: OS info Linux, 6.6.87.2-microsoft-standard-WSL2, amd64
[2026-05-15T23:35:12.360+0000] {subprocess.py:93} INFO - 26/05/15 23:35:12 INFO SparkContext: Java version 17.0.19
[2026-05-15T23:35:12.452+0000] {subprocess.py:93} INFO - 26/05/15 23:35:12 INFO ResourceUtils: ==============================================================
[2026-05-15T23:35:12.454+0000] {subprocess.py:93} INFO - 26/05/15 23:35:12 INFO ResourceUtils: No custom resources configured for spark.driver.
[2026-05-15T23:35:12.456+0000] {subprocess.py:93} INFO - 26/05/15 23:35:12 INFO ResourceUtils: ==============================================================
[2026-05-15T23:35:12.459+0000] {subprocess.py:93} INFO - 26/05/15 23:35:12 INFO SparkContext: Submitted application: GoldLayerProcessor
[2026-05-15T23:35:12.537+0000] {subprocess.py:93} INFO - 26/05/15 23:35:12 INFO ResourceProfile: Default ResourceProfile created, executor resources: Map(cores -> name: cores, amount: 1, script: , vendor: , memory -> name: memory, amount: 512, script: , vendor: , offHeap -> name: offHeap, amount: 0, script: , vendor: ), task resources: Map(cpus -> name: cpus, amount: 1.0)
[2026-05-15T23:35:12.569+0000] {subprocess.py:93} INFO - 26/05/15 23:35:12 INFO ResourceProfile: Limiting resource is cpus at 1 tasks per executor
[2026-05-15T23:35:12.577+0000] {subprocess.py:93} INFO - 26/05/15 23:35:12 INFO ResourceProfileManager: Added ResourceProfile id: 0
[2026-05-15T23:35:12.693+0000] {subprocess.py:93} INFO - 26/05/15 23:35:12 INFO SecurityManager: Changing view acls to: airflow
[2026-05-15T23:35:12.695+0000] {subprocess.py:93} INFO - 26/05/15 23:35:12 INFO SecurityManager: Changing modify acls to: airflow
[2026-05-15T23:35:12.696+0000] {subprocess.py:93} INFO - 26/05/15 23:35:12 INFO SecurityManager: Changing view acls groups to:
[2026-05-15T23:35:12.697+0000] {subprocess.py:93} INFO - 26/05/15 23:35:12 INFO SecurityManager: Changing modify acls groups to:
[2026-05-15T23:35:12.698+0000] {subprocess.py:93} INFO - 26/05/15 23:35:12 INFO SecurityManager: SecurityManager: authentication disabled; ui acls disabled; users with view permissions: airflow; groups with view permissions: EMPTY; users with modify permissions: airflow; groups with modify permissions: EMPTY
[2026-05-15T23:35:13.121+0000] {subprocess.py:93} INFO - 26/05/15 23:35:13 INFO Utils: Successfully started service 'sparkDriver' on port 33533.
[2026-05-15T23:35:13.172+0000] {subprocess.py:93} INFO - 26/05/15 23:35:13 INFO SparkEnv: Registering MapOutputTracker
[2026-05-15T23:35:13.223+0000] {subprocess.py:93} INFO - 26/05/15 23:35:13 INFO SparkEnv: Registering BlockManagerMaster
[2026-05-15T23:35:13.253+0000] {subprocess.py:93} INFO - 26/05/15 23:35:13 INFO BlockManagerMasterEndpoint: Using org.apache.spark.storage.DefaultTopologyMapper for getting topology information
[2026-05-15T23:35:13.254+0000] {subprocess.py:93} INFO - 26/05/15 23:35:13 INFO BlockManagerMasterEndpoint: BlockManagerMasterEndpoint up
[2026-05-15T23:35:13.262+0000] {subprocess.py:93} INFO - 26/05/15 23:35:13 INFO SparkEnv: Registering BlockManagerMasterHeartbeat
[2026-05-15T23:35:13.288+0000] {subprocess.py:93} INFO - 26/05/15 23:35:13 INFO DiskBlockManager: Created local directory at /tmp/blockmgr-ec00d9c7-5f11-4882-ab86-cc99f52364c2
[2026-05-15T23:35:13.307+0000] {subprocess.py:93} INFO - 26/05/15 23:35:13 INFO MemoryStore: MemoryStore started with capacity 434.4 MiB
[2026-05-15T23:35:13.336+0000] {subprocess.py:93} INFO - 26/05/15 23:35:13 INFO SparkEnv: Registering OutputCommitCoordinator
[2026-05-15T23:35:13.570+0000] {subprocess.py:93} INFO - 26/05/15 23:35:13 INFO JettyUtils: Start Jetty 0.0.0.0:4040 for SparkUI
[2026-05-15T23:35:13.791+0000] {subprocess.py:93} INFO - 26/05/15 23:35:13 INFO Utils: Successfully started service 'SparkUI' on port 4040.
[2026-05-15T23:35:13.872+0000] {subprocess.py:93} INFO - 26/05/15 23:35:13 INFO SparkContext: Added JAR file:///opt/airflow/jars/aws-java-sdk-bundle-1.12.262.jar at spark://e8a9653e4a1b:33533/jars/aws-java-sdk-bundle-1.12.262.jar with timestamp 1778888112311
[2026-05-15T23:35:13.874+0000] {subprocess.py:93} INFO - 26/05/15 23:35:13 INFO SparkContext: Added JAR file:///opt/airflow/jars/hadoop-aws-3.3.4.jar at spark://e8a9653e4a1b:33533/jars/hadoop-aws-3.3.4.jar with timestamp 1778888112311
[2026-05-15T23:35:13.875+0000] {subprocess.py:93} INFO - 26/05/15 23:35:13 INFO SparkContext: Added JAR file:///opt/airflow/jars/postgresql-42.7.3.jar at spark://e8a9653e4a1b:33533/jars/postgresql-42.7.3.jar with timestamp 1778888112311
[2026-05-15T23:35:14.035+0000] {subprocess.py:93} INFO - 26/05/15 23:35:14 INFO StandaloneAppClient$ClientEndpoint: Connecting to master spark://spark-master:7077...
[2026-05-15T23:35:14.112+0000] {subprocess.py:93} INFO - 26/05/15 23:35:14 INFO TransportClientFactory: Successfully created connection to spark-master/172.18.0.6:7077 after 41 ms (0 ms spent in bootstraps)
[2026-05-15T23:35:14.237+0000] {subprocess.py:93} INFO - 26/05/15 23:35:14 INFO StandaloneSchedulerBackend: Connected to Spark cluster with app ID app-20260515233514-0087
[2026-05-15T23:35:14.248+0000] {subprocess.py:93} INFO - 26/05/15 23:35:14 INFO StandaloneAppClient$ClientEndpoint: Executor added: app-20260515233514-0087/0 on worker-20260514105200-172.18.0.13-40347 (172.18.0.13:40347) with 1 core(s)
[2026-05-15T23:35:14.252+0000] {subprocess.py:93} INFO - 26/05/15 23:35:14 INFO StandaloneSchedulerBackend: Granted executor ID app-20260515233514-0087/0 on hostPort 172.18.0.13:40347 with 1 core(s), 512.0 MiB RAM
[2026-05-15T23:35:14.255+0000] {subprocess.py:93} INFO - 26/05/15 23:35:14 INFO Utils: Successfully started service 'org.apache.spark.network.netty.NettyBlockTransferService' on port 32863.
[2026-05-15T23:35:14.256+0000] {subprocess.py:93} INFO - 26/05/15 23:35:14 INFO NettyBlockTransferService: Server created on e8a9653e4a1b:32863
[2026-05-15T23:35:14.258+0000] {subprocess.py:93} INFO - 26/05/15 23:35:14 INFO BlockManager: Using org.apache.spark.storage.RandomBlockReplicationPolicy for block replication policy
[2026-05-15T23:35:14.267+0000] {subprocess.py:93} INFO - 26/05/15 23:35:14 INFO BlockManagerMaster: Registering BlockManager BlockManagerId(driver, e8a9653e4a1b, 32863, None)
[2026-05-15T23:35:14.275+0000] {subprocess.py:93} INFO - 26/05/15 23:35:14 INFO BlockManagerMasterEndpoint: Registering block manager e8a9653e4a1b:32863 with 434.4 MiB RAM, BlockManagerId(driver, e8a9653e4a1b, 32863, None)
[2026-05-15T23:35:14.281+0000] {subprocess.py:93} INFO - 26/05/15 23:35:14 INFO BlockManagerMaster: Registered BlockManager BlockManagerId(driver, e8a9653e4a1b, 32863, None)
[2026-05-15T23:35:14.286+0000] {subprocess.py:93} INFO - 26/05/15 23:35:14 INFO BlockManager: Initialized BlockManager: BlockManagerId(driver, e8a9653e4a1b, 32863, None)
[2026-05-15T23:35:14.308+0000] {subprocess.py:93} INFO - 26/05/15 23:35:14 INFO StandaloneAppClient$ClientEndpoint: Executor updated: app-20260515233514-0087/0 is now RUNNING
[2026-05-15T23:35:14.697+0000] {subprocess.py:93} INFO - 26/05/15 23:35:14 INFO StandaloneSchedulerBackend: SchedulerBackend is ready for scheduling beginning after reached minRegisteredResourcesRatio: 0.0
[2026-05-15T23:35:16.750+0000] {subprocess.py:93} INFO - 26/05/15 23:35:16 WARN MetricsConfig: Cannot locate configuration: tried hadoop-metrics2-s3a-file-system.properties,hadoop-metrics2.properties
[2026-05-15T23:35:30.863+0000] {subprocess.py:93} INFO - Lecture SILVER terminée
[2026-05-15T23:35:54.375+0000] {subprocess.py:93} INFO - Table articles_par_jour créée
[2026-05-15T23:36:12.027+0000] {subprocess.py:93} INFO - Table articles_par_source créée
[2026-05-15T23:36:28.478+0000] {subprocess.py:93} INFO - Table top_categories créée
[2026-05-15T23:36:42.454+0000] {subprocess.py:93} INFO - Table articles_par_source_jour créée
[2026-05-15T23:36:42.456+0000] {subprocess.py:93} INFO - 
[2026-05-15T23:36:42.459+0000] {subprocess.py:93} INFO - ==============================
[2026-05-15T23:36:42.461+0000] {subprocess.py:93} INFO - GOLD LAYER TERMINÉ
[2026-05-15T23:36:42.462+0000] {subprocess.py:93} INFO - ==============================
[2026-05-15T23:36:43.198+0000] {subprocess.py:97} INFO - Command exited with return code 0
[2026-05-15T23:36:43.202+0000] {taskinstance.py:441} INFO - ::group::Post task execution logs
[2026-05-15T23:36:43.819+0000] {taskinstance.py:1206} INFO - Marking task as SUCCESS. dag_id=medallion_gold_layer, task_id=gold_processing, run_id=scheduled__2026-05-15T23:30:00+00:00, execution_date=20260515T233000, start_date=20260515T233502, end_date=20260515T233643
[2026-05-15T23:36:43.947+0000] {local_task_job_runner.py:240} INFO - Task exited with return code 0
[2026-05-15T23:36:44.106+0000] {taskinstance.py:3498} INFO - 0 downstream tasks scheduled from follow-on schedule check
[2026-05-15T23:36:44.129+0000] {local_task_job_runner.py:222} INFO - ::endgroup::
