[2026-05-17T02:10:08.321+0000] {local_task_job_runner.py:120} INFO - ::group::Pre task execution logs
[2026-05-17T02:10:10.706+0000] {taskinstance.py:2076} INFO - Dependencies all met for dep_context=non-requeueable deps ti=<TaskInstance: medallion_gold_layer.gold_processing scheduled__2026-05-17T02:05:00+00:00 [queued]>
[2026-05-17T02:10:10.989+0000] {taskinstance.py:2076} INFO - Dependencies all met for dep_context=requeueable deps ti=<TaskInstance: medallion_gold_layer.gold_processing scheduled__2026-05-17T02:05:00+00:00 [queued]>
[2026-05-17T02:10:11.003+0000] {taskinstance.py:2306} INFO - Starting attempt 1 of 2
[2026-05-17T02:10:11.499+0000] {taskinstance.py:2330} INFO - Executing <Task(BashOperator): gold_processing> on 2026-05-17 02:05:00+00:00
[2026-05-17T02:10:11.584+0000] {standard_task_runner.py:63} INFO - Started process 64941 to run task
[2026-05-17T02:10:11.661+0000] {standard_task_runner.py:90} INFO - Running: ['airflow', 'tasks', 'run', 'medallion_gold_layer', 'gold_processing', 'scheduled__2026-05-17T02:05:00+00:00', '--job-id', '170', '--raw', '--subdir', 'DAGS_FOLDER/gold_layer_dag.py', '--cfg-path', '/tmp/tmplaifrya0']
[2026-05-17T02:10:11.737+0000] {standard_task_runner.py:91} INFO - Job 170: Subtask gold_processing
[2026-05-17T02:10:22.023+0000] {task_command.py:426} INFO - Running <TaskInstance: medallion_gold_layer.gold_processing scheduled__2026-05-17T02:05:00+00:00 [running]> on host e8a9653e4a1b
[2026-05-17T02:10:26.755+0000] {taskinstance.py:2648} INFO - Exporting env vars: AIRFLOW_CTX_DAG_OWNER='anass' AIRFLOW_CTX_DAG_ID='medallion_gold_layer' AIRFLOW_CTX_TASK_ID='gold_processing' AIRFLOW_CTX_EXECUTION_DATE='2026-05-17T02:05:00+00:00' AIRFLOW_CTX_TRY_NUMBER='1' AIRFLOW_CTX_DAG_RUN_ID='scheduled__2026-05-17T02:05:00+00:00'
[2026-05-17T02:10:26.770+0000] {taskinstance.py:430} INFO - ::endgroup::
[2026-05-17T02:10:27.154+0000] {subprocess.py:63} INFO - Tmp dir root location: /tmp
[2026-05-17T02:10:27.184+0000] {subprocess.py:75} INFO - Running command: ['/usr/bin/bash', '-c', '\n    spark-submit     --master spark://spark-master:7077     --executor-memory 512M     --executor-cores 1     --total-executor-cores 1     --jars /opt/airflow/jars/aws-java-sdk-bundle-1.12.262.jar,/opt/airflow/jars/hadoop-aws-3.3.4.jar,/opt/airflow/jars/postgresql-42.7.3.jar     /opt/spark_jobs/gold_processor.py\n    ']
[2026-05-17T02:10:27.392+0000] {subprocess.py:86} INFO - Output:
[2026-05-17T02:11:13.394+0000] {subprocess.py:93} INFO - 26/05/17 02:11:13 WARN NativeCodeLoader: Unable to load native-hadoop library for your platform... using builtin-java classes where applicable
[2026-05-17T02:11:43.580+0000] {subprocess.py:93} INFO - 26/05/17 02:11:43 INFO SparkContext: Running Spark version 3.5.1
[2026-05-17T02:11:43.637+0000] {subprocess.py:93} INFO - 26/05/17 02:11:43 INFO SparkContext: OS info Linux, 6.6.87.2-microsoft-standard-WSL2, amd64
[2026-05-17T02:11:43.671+0000] {subprocess.py:93} INFO - 26/05/17 02:11:43 INFO SparkContext: Java version 17.0.19
[2026-05-17T02:11:44.753+0000] {subprocess.py:93} INFO - 26/05/17 02:11:44 INFO ResourceUtils: ==============================================================
[2026-05-17T02:11:44.775+0000] {subprocess.py:93} INFO - 26/05/17 02:11:44 INFO ResourceUtils: No custom resources configured for spark.driver.
[2026-05-17T02:11:44.790+0000] {subprocess.py:93} INFO - 26/05/17 02:11:44 INFO ResourceUtils: ==============================================================
[2026-05-17T02:11:44.830+0000] {subprocess.py:93} INFO - 26/05/17 02:11:44 INFO SparkContext: Submitted application: GoldLayerProcessor
[2026-05-17T02:11:45.359+0000] {subprocess.py:93} INFO - 26/05/17 02:11:45 INFO ResourceProfile: Default ResourceProfile created, executor resources: Map(cores -> name: cores, amount: 1, script: , vendor: , memory -> name: memory, amount: 512, script: , vendor: , offHeap -> name: offHeap, amount: 0, script: , vendor: ), task resources: Map(cpus -> name: cpus, amount: 1.0)
[2026-05-17T02:11:45.649+0000] {subprocess.py:93} INFO - 26/05/17 02:11:45 INFO ResourceProfile: Limiting resource is cpus at 1 tasks per executor
[2026-05-17T02:11:45.730+0000] {subprocess.py:93} INFO - 26/05/17 02:11:45 INFO ResourceProfileManager: Added ResourceProfile id: 0
[2026-05-17T02:11:47.144+0000] {subprocess.py:93} INFO - 26/05/17 02:11:47 INFO SecurityManager: Changing view acls to: airflow
[2026-05-17T02:11:47.165+0000] {subprocess.py:93} INFO - 26/05/17 02:11:47 INFO SecurityManager: Changing modify acls to: airflow
[2026-05-17T02:11:47.191+0000] {subprocess.py:93} INFO - 26/05/17 02:11:47 INFO SecurityManager: Changing view acls groups to:
[2026-05-17T02:11:47.216+0000] {subprocess.py:93} INFO - 26/05/17 02:11:47 INFO SecurityManager: Changing modify acls groups to:
[2026-05-17T02:11:47.259+0000] {subprocess.py:93} INFO - 26/05/17 02:11:47 INFO SecurityManager: SecurityManager: authentication disabled; ui acls disabled; users with view permissions: airflow; groups with view permissions: EMPTY; users with modify permissions: airflow; groups with modify permissions: EMPTY
[2026-05-17T02:11:54.035+0000] {subprocess.py:93} INFO - 26/05/17 02:11:54 INFO Utils: Successfully started service 'sparkDriver' on port 39151.
[2026-05-17T02:11:54.674+0000] {subprocess.py:93} INFO - 26/05/17 02:11:54 INFO SparkEnv: Registering MapOutputTracker
[2026-05-17T02:11:55.421+0000] {subprocess.py:93} INFO - 26/05/17 02:11:55 INFO SparkEnv: Registering BlockManagerMaster
[2026-05-17T02:11:55.879+0000] {subprocess.py:93} INFO - 26/05/17 02:11:55 INFO BlockManagerMasterEndpoint: Using org.apache.spark.storage.DefaultTopologyMapper for getting topology information
[2026-05-17T02:11:55.895+0000] {subprocess.py:93} INFO - 26/05/17 02:11:55 INFO BlockManagerMasterEndpoint: BlockManagerMasterEndpoint up
[2026-05-17T02:11:55.991+0000] {subprocess.py:93} INFO - 26/05/17 02:11:55 INFO SparkEnv: Registering BlockManagerMasterHeartbeat
[2026-05-17T02:11:56.366+0000] {subprocess.py:93} INFO - 26/05/17 02:11:56 INFO DiskBlockManager: Created local directory at /tmp/blockmgr-f0691174-e240-47b1-b701-a93ffb25c549
[2026-05-17T02:11:56.597+0000] {subprocess.py:93} INFO - 26/05/17 02:11:56 INFO MemoryStore: MemoryStore started with capacity 434.4 MiB
[2026-05-17T02:11:56.967+0000] {subprocess.py:93} INFO - 26/05/17 02:11:56 INFO SparkEnv: Registering OutputCommitCoordinator
[2026-05-17T02:12:00.419+0000] {subprocess.py:93} INFO - 26/05/17 02:12:00 INFO JettyUtils: Start Jetty 0.0.0.0:4040 for SparkUI
[2026-05-17T02:12:01.942+0000] {subprocess.py:93} INFO - 26/05/17 02:12:01 INFO Utils: Successfully started service 'SparkUI' on port 4040.
[2026-05-17T02:12:02.874+0000] {subprocess.py:93} INFO - 26/05/17 02:12:02 INFO SparkContext: Added JAR file:///opt/airflow/jars/aws-java-sdk-bundle-1.12.262.jar at spark://e8a9653e4a1b:39151/jars/aws-java-sdk-bundle-1.12.262.jar with timestamp 1778983903291
[2026-05-17T02:12:02.896+0000] {subprocess.py:93} INFO - 26/05/17 02:12:02 INFO SparkContext: Added JAR file:///opt/airflow/jars/hadoop-aws-3.3.4.jar at spark://e8a9653e4a1b:39151/jars/hadoop-aws-3.3.4.jar with timestamp 1778983903291
[2026-05-17T02:12:02.918+0000] {subprocess.py:93} INFO - 26/05/17 02:12:02 INFO SparkContext: Added JAR file:///opt/airflow/jars/postgresql-42.7.3.jar at spark://e8a9653e4a1b:39151/jars/postgresql-42.7.3.jar with timestamp 1778983903291
[2026-05-17T02:12:04.900+0000] {subprocess.py:93} INFO - 26/05/17 02:12:04 INFO StandaloneAppClient$ClientEndpoint: Connecting to master spark://spark-master:7077...
[2026-05-17T02:12:06.182+0000] {subprocess.py:93} INFO - 26/05/17 02:12:06 INFO TransportClientFactory: Successfully created connection to spark-master/172.18.0.6:7077 after 795 ms (0 ms spent in bootstraps)
[2026-05-17T02:12:08.469+0000] {subprocess.py:93} INFO - 26/05/17 02:12:08 INFO StandaloneSchedulerBackend: Connected to Spark cluster with app ID app-20260517021208-0169
[2026-05-17T02:12:08.495+0000] {subprocess.py:93} INFO - 26/05/17 02:12:08 INFO StandaloneAppClient$ClientEndpoint: Executor added: app-20260517021208-0169/0 on worker-20260514105200-172.18.0.13-40347 (172.18.0.13:40347) with 1 core(s)
[2026-05-17T02:12:08.528+0000] {subprocess.py:93} INFO - 26/05/17 02:12:08 INFO StandaloneSchedulerBackend: Granted executor ID app-20260517021208-0169/0 on hostPort 172.18.0.13:40347 with 1 core(s), 512.0 MiB RAM
[2026-05-17T02:12:08.659+0000] {subprocess.py:93} INFO - 26/05/17 02:12:08 INFO Utils: Successfully started service 'org.apache.spark.network.netty.NettyBlockTransferService' on port 41221.
[2026-05-17T02:12:08.691+0000] {subprocess.py:93} INFO - 26/05/17 02:12:08 INFO NettyBlockTransferService: Server created on e8a9653e4a1b:41221
[2026-05-17T02:12:08.715+0000] {subprocess.py:93} INFO - 26/05/17 02:12:08 INFO BlockManager: Using org.apache.spark.storage.RandomBlockReplicationPolicy for block replication policy
[2026-05-17T02:12:08.993+0000] {subprocess.py:93} INFO - 26/05/17 02:12:08 INFO BlockManagerMaster: Registering BlockManager BlockManagerId(driver, e8a9653e4a1b, 41221, None)
[2026-05-17T02:12:09.146+0000] {subprocess.py:93} INFO - 26/05/17 02:12:09 INFO StandaloneAppClient$ClientEndpoint: Executor updated: app-20260517021208-0169/0 is now RUNNING
[2026-05-17T02:12:09.166+0000] {subprocess.py:93} INFO - 26/05/17 02:12:09 INFO BlockManagerMasterEndpoint: Registering block manager e8a9653e4a1b:41221 with 434.4 MiB RAM, BlockManagerId(driver, e8a9653e4a1b, 41221, None)
[2026-05-17T02:12:09.264+0000] {subprocess.py:93} INFO - 26/05/17 02:12:09 INFO BlockManagerMaster: Registered BlockManager BlockManagerId(driver, e8a9653e4a1b, 41221, None)
[2026-05-17T02:12:09.285+0000] {subprocess.py:93} INFO - 26/05/17 02:12:09 INFO BlockManager: Initialized BlockManager: BlockManagerId(driver, e8a9653e4a1b, 41221, None)
[2026-05-17T02:12:14.826+0000] {subprocess.py:93} INFO - 26/05/17 02:12:14 INFO StandaloneSchedulerBackend: SchedulerBackend is ready for scheduling beginning after reached minRegisteredResourcesRatio: 0.0
[2026-05-17T02:13:03.783+0000] {subprocess.py:93} INFO - 26/05/17 02:13:03 WARN MetricsConfig: Cannot locate configuration: tried hadoop-metrics2-s3a-file-system.properties,hadoop-metrics2.properties
[2026-05-17T02:15:37.954+0000] {subprocess.py:93} INFO - Lecture SILVER terminée
[2026-05-17T02:19:01.259+0000] {subprocess.py:93} INFO - Table articles_par_jour créée
[2026-05-17T02:20:48.364+0000] {subprocess.py:93} INFO - Table articles_par_source créée
[2026-05-17T02:20:56.144+0000] {subprocess.py:93} INFO - Table top_categories créée
[2026-05-17T02:21:03.257+0000] {subprocess.py:93} INFO - Table articles_par_source_jour créée
[2026-05-17T02:21:03.258+0000] {subprocess.py:93} INFO - 
[2026-05-17T02:21:03.259+0000] {subprocess.py:93} INFO - ==============================
[2026-05-17T02:21:03.259+0000] {subprocess.py:93} INFO - GOLD LAYER TERMINÉ
[2026-05-17T02:21:03.260+0000] {subprocess.py:93} INFO - ==============================
[2026-05-17T02:21:03.593+0000] {subprocess.py:97} INFO - Command exited with return code 0
[2026-05-17T02:21:03.594+0000] {taskinstance.py:441} INFO - ::group::Post task execution logs
[2026-05-17T02:21:03.814+0000] {taskinstance.py:1206} INFO - Marking task as SUCCESS. dag_id=medallion_gold_layer, task_id=gold_processing, run_id=scheduled__2026-05-17T02:05:00+00:00, execution_date=20260517T020500, start_date=20260517T021010, end_date=20260517T022103
[2026-05-17T02:21:03.875+0000] {local_task_job_runner.py:240} INFO - Task exited with return code 0
[2026-05-17T02:21:03.915+0000] {taskinstance.py:3498} INFO - 0 downstream tasks scheduled from follow-on schedule check
[2026-05-17T02:21:03.918+0000] {local_task_job_runner.py:222} INFO - ::endgroup::
