[2026-05-19T12:56:30.117+0000] {local_task_job_runner.py:120} INFO - ::group::Pre task execution logs
[2026-05-19T12:56:30.305+0000] {taskinstance.py:2076} INFO - Dependencies all met for dep_context=non-requeueable deps ti=<TaskInstance: medallion_gold_layer.gold_processing scheduled__2026-05-19T12:50:00+00:00 [queued]>
[2026-05-19T12:56:30.337+0000] {taskinstance.py:2076} INFO - Dependencies all met for dep_context=requeueable deps ti=<TaskInstance: medallion_gold_layer.gold_processing scheduled__2026-05-19T12:50:00+00:00 [queued]>
[2026-05-19T12:56:30.354+0000] {taskinstance.py:2306} INFO - Starting attempt 1 of 2
[2026-05-19T12:56:30.402+0000] {taskinstance.py:2330} INFO - Executing <Task(BashOperator): gold_processing> on 2026-05-19 12:50:00+00:00
[2026-05-19T12:56:30.422+0000] {standard_task_runner.py:63} INFO - Started process 12821 to run task
[2026-05-19T12:56:30.436+0000] {standard_task_runner.py:90} INFO - Running: ['airflow', 'tasks', 'run', 'medallion_gold_layer', 'gold_processing', 'scheduled__2026-05-19T12:50:00+00:00', '--job-id', '316', '--raw', '--subdir', 'DAGS_FOLDER/gold_layer_dag.py', '--cfg-path', '/tmp/tmpdhhfujr_']
[2026-05-19T12:56:30.444+0000] {standard_task_runner.py:91} INFO - Job 316: Subtask gold_processing
[2026-05-19T12:56:30.968+0000] {task_command.py:426} INFO - Running <TaskInstance: medallion_gold_layer.gold_processing scheduled__2026-05-19T12:50:00+00:00 [running]> on host c43074c3fd7c
[2026-05-19T12:56:32.009+0000] {taskinstance.py:2648} INFO - Exporting env vars: AIRFLOW_CTX_DAG_OWNER='ikram' AIRFLOW_CTX_DAG_ID='medallion_gold_layer' AIRFLOW_CTX_TASK_ID='gold_processing' AIRFLOW_CTX_EXECUTION_DATE='2026-05-19T12:50:00+00:00' AIRFLOW_CTX_TRY_NUMBER='1' AIRFLOW_CTX_DAG_RUN_ID='scheduled__2026-05-19T12:50:00+00:00'
[2026-05-19T12:56:32.012+0000] {taskinstance.py:430} INFO - ::endgroup::
[2026-05-19T12:56:32.073+0000] {subprocess.py:63} INFO - Tmp dir root location: /tmp
[2026-05-19T12:56:32.076+0000] {subprocess.py:75} INFO - Running command: ['/usr/bin/bash', '-c', '\n    spark-submit     --master spark://spark-master:7077     --executor-memory 512M     --executor-cores 1     --total-executor-cores 1     --jars /opt/airflow/jars/aws-java-sdk-bundle-1.12.262.jar,/opt/airflow/jars/hadoop-aws-3.3.4.jar,/opt/airflow/jars/postgresql-42.7.3.jar     /opt/spark_jobs/gold_processor.py\n    ']
[2026-05-19T12:56:32.117+0000] {subprocess.py:86} INFO - Output:
[2026-05-19T12:56:36.760+0000] {subprocess.py:93} INFO - 26/05/19 12:56:36 WARN NativeCodeLoader: Unable to load native-hadoop library for your platform... using builtin-java classes where applicable
[2026-05-19T12:56:40.589+0000] {subprocess.py:93} INFO - 26/05/19 12:56:40 INFO SparkContext: Running Spark version 3.5.1
[2026-05-19T12:56:40.591+0000] {subprocess.py:93} INFO - 26/05/19 12:56:40 INFO SparkContext: OS info Linux, 6.6.87.2-microsoft-standard-WSL2, amd64
[2026-05-19T12:56:40.592+0000] {subprocess.py:93} INFO - 26/05/19 12:56:40 INFO SparkContext: Java version 17.0.19
[2026-05-19T12:56:40.660+0000] {subprocess.py:93} INFO - 26/05/19 12:56:40 INFO ResourceUtils: ==============================================================
[2026-05-19T12:56:40.662+0000] {subprocess.py:93} INFO - 26/05/19 12:56:40 INFO ResourceUtils: No custom resources configured for spark.driver.
[2026-05-19T12:56:40.663+0000] {subprocess.py:93} INFO - 26/05/19 12:56:40 INFO ResourceUtils: ==============================================================
[2026-05-19T12:56:40.664+0000] {subprocess.py:93} INFO - 26/05/19 12:56:40 INFO SparkContext: Submitted application: GoldLayerProcessor
[2026-05-19T12:56:40.739+0000] {subprocess.py:93} INFO - 26/05/19 12:56:40 INFO ResourceProfile: Default ResourceProfile created, executor resources: Map(cores -> name: cores, amount: 1, script: , vendor: , memory -> name: memory, amount: 512, script: , vendor: , offHeap -> name: offHeap, amount: 0, script: , vendor: ), task resources: Map(cpus -> name: cpus, amount: 1.0)
[2026-05-19T12:56:40.786+0000] {subprocess.py:93} INFO - 26/05/19 12:56:40 INFO ResourceProfile: Limiting resource is cpus at 1 tasks per executor
[2026-05-19T12:56:40.802+0000] {subprocess.py:93} INFO - 26/05/19 12:56:40 INFO ResourceProfileManager: Added ResourceProfile id: 0
[2026-05-19T12:56:40.961+0000] {subprocess.py:93} INFO - 26/05/19 12:56:40 INFO SecurityManager: Changing view acls to: airflow
[2026-05-19T12:56:40.964+0000] {subprocess.py:93} INFO - 26/05/19 12:56:40 INFO SecurityManager: Changing modify acls to: airflow
[2026-05-19T12:56:40.966+0000] {subprocess.py:93} INFO - 26/05/19 12:56:40 INFO SecurityManager: Changing view acls groups to:
[2026-05-19T12:56:40.971+0000] {subprocess.py:93} INFO - 26/05/19 12:56:40 INFO SecurityManager: Changing modify acls groups to:
[2026-05-19T12:56:40.973+0000] {subprocess.py:93} INFO - 26/05/19 12:56:40 INFO SecurityManager: SecurityManager: authentication disabled; ui acls disabled; users with view permissions: airflow; groups with view permissions: EMPTY; users with modify permissions: airflow; groups with modify permissions: EMPTY
[2026-05-19T12:56:41.748+0000] {subprocess.py:93} INFO - 26/05/19 12:56:41 INFO Utils: Successfully started service 'sparkDriver' on port 33739.
[2026-05-19T12:56:41.835+0000] {subprocess.py:93} INFO - 26/05/19 12:56:41 INFO SparkEnv: Registering MapOutputTracker
[2026-05-19T12:56:42.012+0000] {subprocess.py:93} INFO - 26/05/19 12:56:42 INFO SparkEnv: Registering BlockManagerMaster
[2026-05-19T12:56:42.088+0000] {subprocess.py:93} INFO - 26/05/19 12:56:42 INFO BlockManagerMasterEndpoint: Using org.apache.spark.storage.DefaultTopologyMapper for getting topology information
[2026-05-19T12:56:42.090+0000] {subprocess.py:93} INFO - 26/05/19 12:56:42 INFO BlockManagerMasterEndpoint: BlockManagerMasterEndpoint up
[2026-05-19T12:56:42.099+0000] {subprocess.py:93} INFO - 26/05/19 12:56:42 INFO SparkEnv: Registering BlockManagerMasterHeartbeat
[2026-05-19T12:56:42.133+0000] {subprocess.py:93} INFO - 26/05/19 12:56:42 INFO DiskBlockManager: Created local directory at /tmp/blockmgr-e969b188-f33d-47c9-8859-98b43ab76fdc
[2026-05-19T12:56:42.160+0000] {subprocess.py:93} INFO - 26/05/19 12:56:42 INFO MemoryStore: MemoryStore started with capacity 434.4 MiB
[2026-05-19T12:56:42.210+0000] {subprocess.py:93} INFO - 26/05/19 12:56:42 INFO SparkEnv: Registering OutputCommitCoordinator
[2026-05-19T12:56:42.713+0000] {subprocess.py:93} INFO - 26/05/19 12:56:42 INFO JettyUtils: Start Jetty 0.0.0.0:4040 for SparkUI
[2026-05-19T12:56:42.910+0000] {subprocess.py:93} INFO - 26/05/19 12:56:42 INFO Utils: Successfully started service 'SparkUI' on port 4040.
[2026-05-19T12:56:43.046+0000] {subprocess.py:93} INFO - 26/05/19 12:56:43 INFO SparkContext: Added JAR file:///opt/airflow/jars/aws-java-sdk-bundle-1.12.262.jar at spark://c43074c3fd7c:33739/jars/aws-java-sdk-bundle-1.12.262.jar with timestamp 1779195400541
[2026-05-19T12:56:43.049+0000] {subprocess.py:93} INFO - 26/05/19 12:56:43 INFO SparkContext: Added JAR file:///opt/airflow/jars/hadoop-aws-3.3.4.jar at spark://c43074c3fd7c:33739/jars/hadoop-aws-3.3.4.jar with timestamp 1779195400541
[2026-05-19T12:56:43.056+0000] {subprocess.py:93} INFO - 26/05/19 12:56:43 INFO SparkContext: Added JAR file:///opt/airflow/jars/postgresql-42.7.3.jar at spark://c43074c3fd7c:33739/jars/postgresql-42.7.3.jar with timestamp 1779195400541
[2026-05-19T12:56:43.351+0000] {subprocess.py:93} INFO - 26/05/19 12:56:43 INFO StandaloneAppClient$ClientEndpoint: Connecting to master spark://spark-master:7077...
[2026-05-19T12:56:43.448+0000] {subprocess.py:93} INFO - 26/05/19 12:56:43 INFO TransportClientFactory: Successfully created connection to spark-master/172.18.0.4:7077 after 53 ms (0 ms spent in bootstraps)
[2026-05-19T12:56:43.628+0000] {subprocess.py:93} INFO - 26/05/19 12:56:43 INFO StandaloneSchedulerBackend: Connected to Spark cluster with app ID app-20260519125643-0043
[2026-05-19T12:56:43.631+0000] {subprocess.py:93} INFO - 26/05/19 12:56:43 INFO StandaloneAppClient$ClientEndpoint: Executor added: app-20260519125643-0043/0 on worker-20260518211503-172.18.0.3-40747 (172.18.0.3:40747) with 1 core(s)
[2026-05-19T12:56:43.634+0000] {subprocess.py:93} INFO - 26/05/19 12:56:43 INFO StandaloneSchedulerBackend: Granted executor ID app-20260519125643-0043/0 on hostPort 172.18.0.3:40747 with 1 core(s), 512.0 MiB RAM
[2026-05-19T12:56:43.650+0000] {subprocess.py:93} INFO - 26/05/19 12:56:43 INFO Utils: Successfully started service 'org.apache.spark.network.netty.NettyBlockTransferService' on port 46669.
[2026-05-19T12:56:43.651+0000] {subprocess.py:93} INFO - 26/05/19 12:56:43 INFO NettyBlockTransferService: Server created on c43074c3fd7c:46669
[2026-05-19T12:56:43.655+0000] {subprocess.py:93} INFO - 26/05/19 12:56:43 INFO BlockManager: Using org.apache.spark.storage.RandomBlockReplicationPolicy for block replication policy
[2026-05-19T12:56:43.673+0000] {subprocess.py:93} INFO - 26/05/19 12:56:43 INFO BlockManagerMaster: Registering BlockManager BlockManagerId(driver, c43074c3fd7c, 46669, None)
[2026-05-19T12:56:43.682+0000] {subprocess.py:93} INFO - 26/05/19 12:56:43 INFO BlockManagerMasterEndpoint: Registering block manager c43074c3fd7c:46669 with 434.4 MiB RAM, BlockManagerId(driver, c43074c3fd7c, 46669, None)
[2026-05-19T12:56:43.687+0000] {subprocess.py:93} INFO - 26/05/19 12:56:43 INFO BlockManagerMaster: Registered BlockManager BlockManagerId(driver, c43074c3fd7c, 46669, None)
[2026-05-19T12:56:43.689+0000] {subprocess.py:93} INFO - 26/05/19 12:56:43 INFO StandaloneAppClient$ClientEndpoint: Executor updated: app-20260519125643-0043/0 is now RUNNING
[2026-05-19T12:56:43.691+0000] {subprocess.py:93} INFO - 26/05/19 12:56:43 INFO BlockManager: Initialized BlockManager: BlockManagerId(driver, c43074c3fd7c, 46669, None)
[2026-05-19T12:56:44.254+0000] {subprocess.py:93} INFO - 26/05/19 12:56:44 INFO StandaloneSchedulerBackend: SchedulerBackend is ready for scheduling beginning after reached minRegisteredResourcesRatio: 0.0
[2026-05-19T12:56:47.818+0000] {subprocess.py:93} INFO - 26/05/19 12:56:47 WARN MetricsConfig: Cannot locate configuration: tried hadoop-metrics2-s3a-file-system.properties,hadoop-metrics2.properties
[2026-05-19T12:57:01.594+0000] {subprocess.py:93} INFO - Lecture SILVER terminée
[2026-05-19T12:57:52.983+0000] {subprocess.py:93} INFO - Table articles_par_jour créée
[2026-05-19T12:58:34.273+0000] {subprocess.py:93} INFO - Table articles_par_source créée
[2026-05-19T12:59:12.686+0000] {subprocess.py:93} INFO - Table top_categories créée
[2026-05-19T12:59:49.163+0000] {subprocess.py:93} INFO - Table articles_par_source_jour créée
[2026-05-19T12:59:49.167+0000] {subprocess.py:93} INFO - 
[2026-05-19T12:59:49.171+0000] {subprocess.py:93} INFO - ==============================
[2026-05-19T12:59:49.173+0000] {subprocess.py:93} INFO - GOLD LAYER TERMINÉ
[2026-05-19T12:59:49.178+0000] {subprocess.py:93} INFO - ==============================
[2026-05-19T12:59:49.922+0000] {subprocess.py:97} INFO - Command exited with return code 0
[2026-05-19T12:59:49.927+0000] {taskinstance.py:441} INFO - ::group::Post task execution logs
[2026-05-19T12:59:50.611+0000] {taskinstance.py:1206} INFO - Marking task as SUCCESS. dag_id=medallion_gold_layer, task_id=gold_processing, run_id=scheduled__2026-05-19T12:50:00+00:00, execution_date=20260519T125000, start_date=20260519T125630, end_date=20260519T125950
[2026-05-19T12:59:50.761+0000] {local_task_job_runner.py:240} INFO - Task exited with return code 0
[2026-05-19T12:59:50.972+0000] {taskinstance.py:3498} INFO - 0 downstream tasks scheduled from follow-on schedule check
[2026-05-19T12:59:50.998+0000] {local_task_job_runner.py:222} INFO - ::endgroup::
