[2026-05-16T02:15:00.616+0000] {local_task_job_runner.py:120} INFO - ::group::Pre task execution logs
[2026-05-16T02:15:00.665+0000] {taskinstance.py:2076} INFO - Dependencies all met for dep_context=non-requeueable deps ti=<TaskInstance: medallion_gold_layer.gold_processing scheduled__2026-05-16T02:10:00+00:00 [queued]>
[2026-05-16T02:15:00.672+0000] {taskinstance.py:2076} INFO - Dependencies all met for dep_context=requeueable deps ti=<TaskInstance: medallion_gold_layer.gold_processing scheduled__2026-05-16T02:10:00+00:00 [queued]>
[2026-05-16T02:15:00.673+0000] {taskinstance.py:2306} INFO - Starting attempt 1 of 2
[2026-05-16T02:15:00.686+0000] {taskinstance.py:2330} INFO - Executing <Task(BashOperator): gold_processing> on 2026-05-16 02:10:00+00:00
[2026-05-16T02:15:00.690+0000] {standard_task_runner.py:63} INFO - Started process 44125 to run task
[2026-05-16T02:15:00.693+0000] {standard_task_runner.py:90} INFO - Running: ['airflow', 'tasks', 'run', 'medallion_gold_layer', 'gold_processing', 'scheduled__2026-05-16T02:10:00+00:00', '--job-id', '117', '--raw', '--subdir', 'DAGS_FOLDER/gold_layer_dag.py', '--cfg-path', '/tmp/tmpjd1yxdz6']
[2026-05-16T02:15:00.694+0000] {standard_task_runner.py:91} INFO - Job 117: Subtask gold_processing
[2026-05-16T02:15:00.840+0000] {task_command.py:426} INFO - Running <TaskInstance: medallion_gold_layer.gold_processing scheduled__2026-05-16T02:10:00+00:00 [running]> on host e8a9653e4a1b
[2026-05-16T02:15:01.048+0000] {taskinstance.py:2648} INFO - Exporting env vars: AIRFLOW_CTX_DAG_OWNER='anass' AIRFLOW_CTX_DAG_ID='medallion_gold_layer' AIRFLOW_CTX_TASK_ID='gold_processing' AIRFLOW_CTX_EXECUTION_DATE='2026-05-16T02:10:00+00:00' AIRFLOW_CTX_TRY_NUMBER='1' AIRFLOW_CTX_DAG_RUN_ID='scheduled__2026-05-16T02:10:00+00:00'
[2026-05-16T02:15:01.049+0000] {taskinstance.py:430} INFO - ::endgroup::
[2026-05-16T02:15:01.059+0000] {subprocess.py:63} INFO - Tmp dir root location: /tmp
[2026-05-16T02:15:01.060+0000] {subprocess.py:75} INFO - Running command: ['/usr/bin/bash', '-c', '\n    spark-submit     --master spark://spark-master:7077     --executor-memory 512M     --executor-cores 1     --total-executor-cores 1     --jars /opt/airflow/jars/aws-java-sdk-bundle-1.12.262.jar,/opt/airflow/jars/hadoop-aws-3.3.4.jar,/opt/airflow/jars/postgresql-42.7.3.jar     /opt/spark_jobs/gold_processor.py\n    ']
[2026-05-16T02:15:01.067+0000] {subprocess.py:86} INFO - Output:
[2026-05-16T02:15:03.688+0000] {subprocess.py:93} INFO - 26/05/16 02:15:03 WARN NativeCodeLoader: Unable to load native-hadoop library for your platform... using builtin-java classes where applicable
[2026-05-16T02:15:05.434+0000] {subprocess.py:93} INFO - 26/05/16 02:15:05 INFO SparkContext: Running Spark version 3.5.1
[2026-05-16T02:15:05.436+0000] {subprocess.py:93} INFO - 26/05/16 02:15:05 INFO SparkContext: OS info Linux, 6.6.87.2-microsoft-standard-WSL2, amd64
[2026-05-16T02:15:05.436+0000] {subprocess.py:93} INFO - 26/05/16 02:15:05 INFO SparkContext: Java version 17.0.19
[2026-05-16T02:15:05.468+0000] {subprocess.py:93} INFO - 26/05/16 02:15:05 INFO ResourceUtils: ==============================================================
[2026-05-16T02:15:05.470+0000] {subprocess.py:93} INFO - 26/05/16 02:15:05 INFO ResourceUtils: No custom resources configured for spark.driver.
[2026-05-16T02:15:05.471+0000] {subprocess.py:93} INFO - 26/05/16 02:15:05 INFO ResourceUtils: ==============================================================
[2026-05-16T02:15:05.472+0000] {subprocess.py:93} INFO - 26/05/16 02:15:05 INFO SparkContext: Submitted application: GoldLayerProcessor
[2026-05-16T02:15:05.496+0000] {subprocess.py:93} INFO - 26/05/16 02:15:05 INFO ResourceProfile: Default ResourceProfile created, executor resources: Map(cores -> name: cores, amount: 1, script: , vendor: , memory -> name: memory, amount: 512, script: , vendor: , offHeap -> name: offHeap, amount: 0, script: , vendor: ), task resources: Map(cpus -> name: cpus, amount: 1.0)
[2026-05-16T02:15:05.511+0000] {subprocess.py:93} INFO - 26/05/16 02:15:05 INFO ResourceProfile: Limiting resource is cpus at 1 tasks per executor
[2026-05-16T02:15:05.515+0000] {subprocess.py:93} INFO - 26/05/16 02:15:05 INFO ResourceProfileManager: Added ResourceProfile id: 0
[2026-05-16T02:15:05.590+0000] {subprocess.py:93} INFO - 26/05/16 02:15:05 INFO SecurityManager: Changing view acls to: airflow
[2026-05-16T02:15:05.591+0000] {subprocess.py:93} INFO - 26/05/16 02:15:05 INFO SecurityManager: Changing modify acls to: airflow
[2026-05-16T02:15:05.592+0000] {subprocess.py:93} INFO - 26/05/16 02:15:05 INFO SecurityManager: Changing view acls groups to:
[2026-05-16T02:15:05.593+0000] {subprocess.py:93} INFO - 26/05/16 02:15:05 INFO SecurityManager: Changing modify acls groups to:
[2026-05-16T02:15:05.594+0000] {subprocess.py:93} INFO - 26/05/16 02:15:05 INFO SecurityManager: SecurityManager: authentication disabled; ui acls disabled; users with view permissions: airflow; groups with view permissions: EMPTY; users with modify permissions: airflow; groups with modify permissions: EMPTY
[2026-05-16T02:15:05.915+0000] {subprocess.py:93} INFO - 26/05/16 02:15:05 INFO Utils: Successfully started service 'sparkDriver' on port 33135.
[2026-05-16T02:15:05.962+0000] {subprocess.py:93} INFO - 26/05/16 02:15:05 INFO SparkEnv: Registering MapOutputTracker
[2026-05-16T02:15:06.015+0000] {subprocess.py:93} INFO - 26/05/16 02:15:06 INFO SparkEnv: Registering BlockManagerMaster
[2026-05-16T02:15:06.046+0000] {subprocess.py:93} INFO - 26/05/16 02:15:06 INFO BlockManagerMasterEndpoint: Using org.apache.spark.storage.DefaultTopologyMapper for getting topology information
[2026-05-16T02:15:06.047+0000] {subprocess.py:93} INFO - 26/05/16 02:15:06 INFO BlockManagerMasterEndpoint: BlockManagerMasterEndpoint up
[2026-05-16T02:15:06.056+0000] {subprocess.py:93} INFO - 26/05/16 02:15:06 INFO SparkEnv: Registering BlockManagerMasterHeartbeat
[2026-05-16T02:15:06.079+0000] {subprocess.py:93} INFO - 26/05/16 02:15:06 INFO DiskBlockManager: Created local directory at /tmp/blockmgr-9ce5941a-ca8b-4922-94b8-3d1117236857
[2026-05-16T02:15:06.096+0000] {subprocess.py:93} INFO - 26/05/16 02:15:06 INFO MemoryStore: MemoryStore started with capacity 434.4 MiB
[2026-05-16T02:15:06.119+0000] {subprocess.py:93} INFO - 26/05/16 02:15:06 INFO SparkEnv: Registering OutputCommitCoordinator
[2026-05-16T02:15:06.274+0000] {subprocess.py:93} INFO - 26/05/16 02:15:06 INFO JettyUtils: Start Jetty 0.0.0.0:4040 for SparkUI
[2026-05-16T02:15:06.373+0000] {subprocess.py:93} INFO - 26/05/16 02:15:06 INFO Utils: Successfully started service 'SparkUI' on port 4040.
[2026-05-16T02:15:06.419+0000] {subprocess.py:93} INFO - 26/05/16 02:15:06 INFO SparkContext: Added JAR file:///opt/airflow/jars/aws-java-sdk-bundle-1.12.262.jar at spark://e8a9653e4a1b:33135/jars/aws-java-sdk-bundle-1.12.262.jar with timestamp 1778897705426
[2026-05-16T02:15:06.425+0000] {subprocess.py:93} INFO - 26/05/16 02:15:06 INFO SparkContext: Added JAR file:///opt/airflow/jars/hadoop-aws-3.3.4.jar at spark://e8a9653e4a1b:33135/jars/hadoop-aws-3.3.4.jar with timestamp 1778897705426
[2026-05-16T02:15:06.426+0000] {subprocess.py:93} INFO - 26/05/16 02:15:06 INFO SparkContext: Added JAR file:///opt/airflow/jars/postgresql-42.7.3.jar at spark://e8a9653e4a1b:33135/jars/postgresql-42.7.3.jar with timestamp 1778897705426
[2026-05-16T02:15:06.547+0000] {subprocess.py:93} INFO - 26/05/16 02:15:06 INFO StandaloneAppClient$ClientEndpoint: Connecting to master spark://spark-master:7077...
[2026-05-16T02:15:06.609+0000] {subprocess.py:93} INFO - 26/05/16 02:15:06 INFO TransportClientFactory: Successfully created connection to spark-master/172.18.0.6:7077 after 33 ms (0 ms spent in bootstraps)
[2026-05-16T02:15:06.715+0000] {subprocess.py:93} INFO - 26/05/16 02:15:06 INFO StandaloneSchedulerBackend: Connected to Spark cluster with app ID app-20260516021506-0116
[2026-05-16T02:15:06.723+0000] {subprocess.py:93} INFO - 26/05/16 02:15:06 INFO StandaloneAppClient$ClientEndpoint: Executor added: app-20260516021506-0116/0 on worker-20260514105200-172.18.0.13-40347 (172.18.0.13:40347) with 1 core(s)
[2026-05-16T02:15:06.727+0000] {subprocess.py:93} INFO - 26/05/16 02:15:06 INFO StandaloneSchedulerBackend: Granted executor ID app-20260516021506-0116/0 on hostPort 172.18.0.13:40347 with 1 core(s), 512.0 MiB RAM
[2026-05-16T02:15:06.728+0000] {subprocess.py:93} INFO - 26/05/16 02:15:06 INFO Utils: Successfully started service 'org.apache.spark.network.netty.NettyBlockTransferService' on port 35701.
[2026-05-16T02:15:06.730+0000] {subprocess.py:93} INFO - 26/05/16 02:15:06 INFO NettyBlockTransferService: Server created on e8a9653e4a1b:35701
[2026-05-16T02:15:06.733+0000] {subprocess.py:93} INFO - 26/05/16 02:15:06 INFO BlockManager: Using org.apache.spark.storage.RandomBlockReplicationPolicy for block replication policy
[2026-05-16T02:15:06.744+0000] {subprocess.py:93} INFO - 26/05/16 02:15:06 INFO BlockManagerMaster: Registering BlockManager BlockManagerId(driver, e8a9653e4a1b, 35701, None)
[2026-05-16T02:15:06.749+0000] {subprocess.py:93} INFO - 26/05/16 02:15:06 INFO BlockManagerMasterEndpoint: Registering block manager e8a9653e4a1b:35701 with 434.4 MiB RAM, BlockManagerId(driver, e8a9653e4a1b, 35701, None)
[2026-05-16T02:15:06.752+0000] {subprocess.py:93} INFO - 26/05/16 02:15:06 INFO BlockManagerMaster: Registered BlockManager BlockManagerId(driver, e8a9653e4a1b, 35701, None)
[2026-05-16T02:15:06.755+0000] {subprocess.py:93} INFO - 26/05/16 02:15:06 INFO BlockManager: Initialized BlockManager: BlockManagerId(driver, e8a9653e4a1b, 35701, None)
[2026-05-16T02:15:06.766+0000] {subprocess.py:93} INFO - 26/05/16 02:15:06 INFO StandaloneAppClient$ClientEndpoint: Executor updated: app-20260516021506-0116/0 is now RUNNING
[2026-05-16T02:15:07.101+0000] {subprocess.py:93} INFO - 26/05/16 02:15:07 INFO StandaloneSchedulerBackend: SchedulerBackend is ready for scheduling beginning after reached minRegisteredResourcesRatio: 0.0
[2026-05-16T02:15:09.619+0000] {subprocess.py:93} INFO - 26/05/16 02:15:09 WARN MetricsConfig: Cannot locate configuration: tried hadoop-metrics2-s3a-file-system.properties,hadoop-metrics2.properties
[2026-05-16T02:15:18.738+0000] {subprocess.py:93} INFO - Lecture SILVER terminée
[2026-05-16T02:15:32.907+0000] {subprocess.py:93} INFO - Table articles_par_jour créée
[2026-05-16T02:15:43.524+0000] {subprocess.py:93} INFO - Table articles_par_source créée
[2026-05-16T02:15:51.164+0000] {subprocess.py:93} INFO - Table top_categories créée
[2026-05-16T02:15:59.871+0000] {subprocess.py:93} INFO - Table articles_par_source_jour créée
[2026-05-16T02:15:59.872+0000] {subprocess.py:93} INFO - 
[2026-05-16T02:15:59.874+0000] {subprocess.py:93} INFO - ==============================
[2026-05-16T02:15:59.875+0000] {subprocess.py:93} INFO - GOLD LAYER TERMINÉ
[2026-05-16T02:15:59.877+0000] {subprocess.py:93} INFO - ==============================
[2026-05-16T02:16:00.364+0000] {subprocess.py:97} INFO - Command exited with return code 0
[2026-05-16T02:16:00.365+0000] {taskinstance.py:441} INFO - ::group::Post task execution logs
[2026-05-16T02:16:00.561+0000] {taskinstance.py:1206} INFO - Marking task as SUCCESS. dag_id=medallion_gold_layer, task_id=gold_processing, run_id=scheduled__2026-05-16T02:10:00+00:00, execution_date=20260516T021000, start_date=20260516T021500, end_date=20260516T021600
[2026-05-16T02:16:00.823+0000] {local_task_job_runner.py:240} INFO - Task exited with return code 0
[2026-05-16T02:16:00.894+0000] {taskinstance.py:3498} INFO - 0 downstream tasks scheduled from follow-on schedule check
[2026-05-16T02:16:00.898+0000] {local_task_job_runner.py:222} INFO - ::endgroup::
