[2026-05-18T00:55:01.923+0000] {local_task_job_runner.py:120} INFO - ::group::Pre task execution logs
[2026-05-18T00:55:02.128+0000] {taskinstance.py:2076} INFO - Dependencies all met for dep_context=non-requeueable deps ti=<TaskInstance: medallion_gold_layer.gold_processing scheduled__2026-05-18T00:50:00+00:00 [queued]>
[2026-05-18T00:55:02.158+0000] {taskinstance.py:2076} INFO - Dependencies all met for dep_context=requeueable deps ti=<TaskInstance: medallion_gold_layer.gold_processing scheduled__2026-05-18T00:50:00+00:00 [queued]>
[2026-05-18T00:55:02.161+0000] {taskinstance.py:2306} INFO - Starting attempt 1 of 2
[2026-05-18T00:55:02.234+0000] {taskinstance.py:2330} INFO - Executing <Task(BashOperator): gold_processing> on 2026-05-18 00:50:00+00:00
[2026-05-18T00:55:02.252+0000] {standard_task_runner.py:63} INFO - Started process 83463 to run task
[2026-05-18T00:55:02.266+0000] {standard_task_runner.py:90} INFO - Running: ['airflow', 'tasks', 'run', 'medallion_gold_layer', 'gold_processing', 'scheduled__2026-05-18T00:50:00+00:00', '--job-id', '217', '--raw', '--subdir', 'DAGS_FOLDER/gold_layer_dag.py', '--cfg-path', '/tmp/tmp4ccxaho3']
[2026-05-18T00:55:02.273+0000] {standard_task_runner.py:91} INFO - Job 217: Subtask gold_processing
[2026-05-18T00:55:02.759+0000] {task_command.py:426} INFO - Running <TaskInstance: medallion_gold_layer.gold_processing scheduled__2026-05-18T00:50:00+00:00 [running]> on host e8a9653e4a1b
[2026-05-18T00:55:03.558+0000] {taskinstance.py:2648} INFO - Exporting env vars: AIRFLOW_CTX_DAG_OWNER='anass' AIRFLOW_CTX_DAG_ID='medallion_gold_layer' AIRFLOW_CTX_TASK_ID='gold_processing' AIRFLOW_CTX_EXECUTION_DATE='2026-05-18T00:50:00+00:00' AIRFLOW_CTX_TRY_NUMBER='1' AIRFLOW_CTX_DAG_RUN_ID='scheduled__2026-05-18T00:50:00+00:00'
[2026-05-18T00:55:03.562+0000] {taskinstance.py:430} INFO - ::endgroup::
[2026-05-18T00:55:03.611+0000] {subprocess.py:63} INFO - Tmp dir root location: /tmp
[2026-05-18T00:55:03.615+0000] {subprocess.py:75} INFO - Running command: ['/usr/bin/bash', '-c', '\n    spark-submit     --master spark://spark-master:7077     --executor-memory 512M     --executor-cores 1     --total-executor-cores 1     --jars /opt/airflow/jars/aws-java-sdk-bundle-1.12.262.jar,/opt/airflow/jars/hadoop-aws-3.3.4.jar,/opt/airflow/jars/postgresql-42.7.3.jar     /opt/spark_jobs/gold_processor.py\n    ']
[2026-05-18T00:55:03.647+0000] {subprocess.py:86} INFO - Output:
[2026-05-18T00:55:07.079+0000] {subprocess.py:93} INFO - 26/05/18 00:55:07 WARN NativeCodeLoader: Unable to load native-hadoop library for your platform... using builtin-java classes where applicable
[2026-05-18T00:55:09.261+0000] {subprocess.py:93} INFO - 26/05/18 00:55:09 INFO SparkContext: Running Spark version 3.5.1
[2026-05-18T00:55:09.262+0000] {subprocess.py:93} INFO - 26/05/18 00:55:09 INFO SparkContext: OS info Linux, 6.6.87.2-microsoft-standard-WSL2, amd64
[2026-05-18T00:55:09.263+0000] {subprocess.py:93} INFO - 26/05/18 00:55:09 INFO SparkContext: Java version 17.0.19
[2026-05-18T00:55:09.308+0000] {subprocess.py:93} INFO - 26/05/18 00:55:09 INFO ResourceUtils: ==============================================================
[2026-05-18T00:55:09.309+0000] {subprocess.py:93} INFO - 26/05/18 00:55:09 INFO ResourceUtils: No custom resources configured for spark.driver.
[2026-05-18T00:55:09.311+0000] {subprocess.py:93} INFO - 26/05/18 00:55:09 INFO ResourceUtils: ==============================================================
[2026-05-18T00:55:09.312+0000] {subprocess.py:93} INFO - 26/05/18 00:55:09 INFO SparkContext: Submitted application: GoldLayerProcessor
[2026-05-18T00:55:09.340+0000] {subprocess.py:93} INFO - 26/05/18 00:55:09 INFO ResourceProfile: Default ResourceProfile created, executor resources: Map(cores -> name: cores, amount: 1, script: , vendor: , memory -> name: memory, amount: 512, script: , vendor: , offHeap -> name: offHeap, amount: 0, script: , vendor: ), task resources: Map(cpus -> name: cpus, amount: 1.0)
[2026-05-18T00:55:09.356+0000] {subprocess.py:93} INFO - 26/05/18 00:55:09 INFO ResourceProfile: Limiting resource is cpus at 1 tasks per executor
[2026-05-18T00:55:09.360+0000] {subprocess.py:93} INFO - 26/05/18 00:55:09 INFO ResourceProfileManager: Added ResourceProfile id: 0
[2026-05-18T00:55:09.433+0000] {subprocess.py:93} INFO - 26/05/18 00:55:09 INFO SecurityManager: Changing view acls to: airflow
[2026-05-18T00:55:09.434+0000] {subprocess.py:93} INFO - 26/05/18 00:55:09 INFO SecurityManager: Changing modify acls to: airflow
[2026-05-18T00:55:09.436+0000] {subprocess.py:93} INFO - 26/05/18 00:55:09 INFO SecurityManager: Changing view acls groups to:
[2026-05-18T00:55:09.437+0000] {subprocess.py:93} INFO - 26/05/18 00:55:09 INFO SecurityManager: Changing modify acls groups to:
[2026-05-18T00:55:09.438+0000] {subprocess.py:93} INFO - 26/05/18 00:55:09 INFO SecurityManager: SecurityManager: authentication disabled; ui acls disabled; users with view permissions: airflow; groups with view permissions: EMPTY; users with modify permissions: airflow; groups with modify permissions: EMPTY
[2026-05-18T00:55:09.723+0000] {subprocess.py:93} INFO - 26/05/18 00:55:09 INFO Utils: Successfully started service 'sparkDriver' on port 39939.
[2026-05-18T00:55:09.760+0000] {subprocess.py:93} INFO - 26/05/18 00:55:09 INFO SparkEnv: Registering MapOutputTracker
[2026-05-18T00:55:09.818+0000] {subprocess.py:93} INFO - 26/05/18 00:55:09 INFO SparkEnv: Registering BlockManagerMaster
[2026-05-18T00:55:09.842+0000] {subprocess.py:93} INFO - 26/05/18 00:55:09 INFO BlockManagerMasterEndpoint: Using org.apache.spark.storage.DefaultTopologyMapper for getting topology information
[2026-05-18T00:55:09.843+0000] {subprocess.py:93} INFO - 26/05/18 00:55:09 INFO BlockManagerMasterEndpoint: BlockManagerMasterEndpoint up
[2026-05-18T00:55:09.851+0000] {subprocess.py:93} INFO - 26/05/18 00:55:09 INFO SparkEnv: Registering BlockManagerMasterHeartbeat
[2026-05-18T00:55:09.874+0000] {subprocess.py:93} INFO - 26/05/18 00:55:09 INFO DiskBlockManager: Created local directory at /tmp/blockmgr-7645744f-f086-40e8-8248-b5b59f25db38
[2026-05-18T00:55:09.892+0000] {subprocess.py:93} INFO - 26/05/18 00:55:09 INFO MemoryStore: MemoryStore started with capacity 434.4 MiB
[2026-05-18T00:55:09.913+0000] {subprocess.py:93} INFO - 26/05/18 00:55:09 INFO SparkEnv: Registering OutputCommitCoordinator
[2026-05-18T00:55:10.103+0000] {subprocess.py:93} INFO - 26/05/18 00:55:10 INFO JettyUtils: Start Jetty 0.0.0.0:4040 for SparkUI
[2026-05-18T00:55:10.277+0000] {subprocess.py:93} INFO - 26/05/18 00:55:10 INFO Utils: Successfully started service 'SparkUI' on port 4040.
[2026-05-18T00:55:10.333+0000] {subprocess.py:93} INFO - 26/05/18 00:55:10 INFO SparkContext: Added JAR file:///opt/airflow/jars/aws-java-sdk-bundle-1.12.262.jar at spark://e8a9653e4a1b:39939/jars/aws-java-sdk-bundle-1.12.262.jar with timestamp 1779065709250
[2026-05-18T00:55:10.334+0000] {subprocess.py:93} INFO - 26/05/18 00:55:10 INFO SparkContext: Added JAR file:///opt/airflow/jars/hadoop-aws-3.3.4.jar at spark://e8a9653e4a1b:39939/jars/hadoop-aws-3.3.4.jar with timestamp 1779065709250
[2026-05-18T00:55:10.335+0000] {subprocess.py:93} INFO - 26/05/18 00:55:10 INFO SparkContext: Added JAR file:///opt/airflow/jars/postgresql-42.7.3.jar at spark://e8a9653e4a1b:39939/jars/postgresql-42.7.3.jar with timestamp 1779065709250
[2026-05-18T00:55:10.476+0000] {subprocess.py:93} INFO - 26/05/18 00:55:10 INFO StandaloneAppClient$ClientEndpoint: Connecting to master spark://spark-master:7077...
[2026-05-18T00:55:10.545+0000] {subprocess.py:93} INFO - 26/05/18 00:55:10 INFO TransportClientFactory: Successfully created connection to spark-master/172.18.0.6:7077 after 36 ms (0 ms spent in bootstraps)
[2026-05-18T00:55:10.671+0000] {subprocess.py:93} INFO - 26/05/18 00:55:10 INFO StandaloneSchedulerBackend: Connected to Spark cluster with app ID app-20260518005510-0216
[2026-05-18T00:55:10.678+0000] {subprocess.py:93} INFO - 26/05/18 00:55:10 INFO StandaloneAppClient$ClientEndpoint: Executor added: app-20260518005510-0216/0 on worker-20260514105200-172.18.0.13-40347 (172.18.0.13:40347) with 1 core(s)
[2026-05-18T00:55:10.686+0000] {subprocess.py:93} INFO - 26/05/18 00:55:10 INFO StandaloneSchedulerBackend: Granted executor ID app-20260518005510-0216/0 on hostPort 172.18.0.13:40347 with 1 core(s), 512.0 MiB RAM
[2026-05-18T00:55:10.697+0000] {subprocess.py:93} INFO - 26/05/18 00:55:10 INFO Utils: Successfully started service 'org.apache.spark.network.netty.NettyBlockTransferService' on port 33871.
[2026-05-18T00:55:10.699+0000] {subprocess.py:93} INFO - 26/05/18 00:55:10 INFO NettyBlockTransferService: Server created on e8a9653e4a1b:33871
[2026-05-18T00:55:10.704+0000] {subprocess.py:93} INFO - 26/05/18 00:55:10 INFO BlockManager: Using org.apache.spark.storage.RandomBlockReplicationPolicy for block replication policy
[2026-05-18T00:55:10.726+0000] {subprocess.py:93} INFO - 26/05/18 00:55:10 INFO BlockManagerMaster: Registering BlockManager BlockManagerId(driver, e8a9653e4a1b, 33871, None)
[2026-05-18T00:55:10.743+0000] {subprocess.py:93} INFO - 26/05/18 00:55:10 INFO BlockManagerMasterEndpoint: Registering block manager e8a9653e4a1b:33871 with 434.4 MiB RAM, BlockManagerId(driver, e8a9653e4a1b, 33871, None)
[2026-05-18T00:55:10.750+0000] {subprocess.py:93} INFO - 26/05/18 00:55:10 INFO BlockManagerMaster: Registered BlockManager BlockManagerId(driver, e8a9653e4a1b, 33871, None)
[2026-05-18T00:55:10.753+0000] {subprocess.py:93} INFO - 26/05/18 00:55:10 INFO BlockManager: Initialized BlockManager: BlockManagerId(driver, e8a9653e4a1b, 33871, None)
[2026-05-18T00:55:10.770+0000] {subprocess.py:93} INFO - 26/05/18 00:55:10 INFO StandaloneAppClient$ClientEndpoint: Executor updated: app-20260518005510-0216/0 is now RUNNING
[2026-05-18T00:55:11.149+0000] {subprocess.py:93} INFO - 26/05/18 00:55:11 INFO StandaloneSchedulerBackend: SchedulerBackend is ready for scheduling beginning after reached minRegisteredResourcesRatio: 0.0
[2026-05-18T00:55:13.444+0000] {subprocess.py:93} INFO - 26/05/18 00:55:13 WARN MetricsConfig: Cannot locate configuration: tried hadoop-metrics2-s3a-file-system.properties,hadoop-metrics2.properties
[2026-05-18T00:55:28.645+0000] {subprocess.py:93} INFO - Lecture SILVER terminée
[2026-05-18T00:56:02.094+0000] {subprocess.py:93} INFO - Table articles_par_jour créée
[2026-05-18T00:56:24.947+0000] {subprocess.py:93} INFO - Table articles_par_source créée
[2026-05-18T00:56:46.803+0000] {subprocess.py:93} INFO - Table top_categories créée
[2026-05-18T00:57:09.188+0000] {subprocess.py:93} INFO - Table articles_par_source_jour créée
[2026-05-18T00:57:09.190+0000] {subprocess.py:93} INFO - 
[2026-05-18T00:57:09.191+0000] {subprocess.py:93} INFO - ==============================
[2026-05-18T00:57:09.192+0000] {subprocess.py:93} INFO - GOLD LAYER TERMINÉ
[2026-05-18T00:57:09.193+0000] {subprocess.py:93} INFO - ==============================
[2026-05-18T00:57:09.576+0000] {subprocess.py:97} INFO - Command exited with return code 0
[2026-05-18T00:57:09.578+0000] {taskinstance.py:441} INFO - ::group::Post task execution logs
[2026-05-18T00:57:10.146+0000] {taskinstance.py:1206} INFO - Marking task as SUCCESS. dag_id=medallion_gold_layer, task_id=gold_processing, run_id=scheduled__2026-05-18T00:50:00+00:00, execution_date=20260518T005000, start_date=20260518T005502, end_date=20260518T005710
[2026-05-18T00:57:10.255+0000] {local_task_job_runner.py:240} INFO - Task exited with return code 0
[2026-05-18T00:57:10.374+0000] {taskinstance.py:3498} INFO - 0 downstream tasks scheduled from follow-on schedule check
[2026-05-18T00:57:10.412+0000] {local_task_job_runner.py:222} INFO - ::endgroup::
