[2026-05-18T21:18:53.701+0000] {local_task_job_runner.py:120} INFO - ::group::Pre task execution logs
[2026-05-18T21:18:53.941+0000] {taskinstance.py:2076} INFO - Dependencies all met for dep_context=non-requeueable deps ti=<TaskInstance: medallion_gold_layer.gold_processing scheduled__2026-05-18T21:10:00+00:00 [queued]>
[2026-05-18T21:18:53.970+0000] {taskinstance.py:2076} INFO - Dependencies all met for dep_context=requeueable deps ti=<TaskInstance: medallion_gold_layer.gold_processing scheduled__2026-05-18T21:10:00+00:00 [queued]>
[2026-05-18T21:18:53.972+0000] {taskinstance.py:2306} INFO - Starting attempt 1 of 2
[2026-05-18T21:18:54.022+0000] {taskinstance.py:2330} INFO - Executing <Task(BashOperator): gold_processing> on 2026-05-18 21:10:00+00:00
[2026-05-18T21:18:54.032+0000] {standard_task_runner.py:63} INFO - Started process 610 to run task
[2026-05-18T21:18:54.036+0000] {standard_task_runner.py:90} INFO - Running: ['airflow', 'tasks', 'run', 'medallion_gold_layer', 'gold_processing', 'scheduled__2026-05-18T21:10:00+00:00', '--job-id', '262', '--raw', '--subdir', 'DAGS_FOLDER/gold_layer_dag.py', '--cfg-path', '/tmp/tmpx2ngfrd8']
[2026-05-18T21:18:54.041+0000] {standard_task_runner.py:91} INFO - Job 262: Subtask gold_processing
[2026-05-18T21:18:54.286+0000] {task_command.py:426} INFO - Running <TaskInstance: medallion_gold_layer.gold_processing scheduled__2026-05-18T21:10:00+00:00 [running]> on host e8a9653e4a1b
[2026-05-18T21:18:54.889+0000] {taskinstance.py:2648} INFO - Exporting env vars: AIRFLOW_CTX_DAG_OWNER='anass' AIRFLOW_CTX_DAG_ID='medallion_gold_layer' AIRFLOW_CTX_TASK_ID='gold_processing' AIRFLOW_CTX_EXECUTION_DATE='2026-05-18T21:10:00+00:00' AIRFLOW_CTX_TRY_NUMBER='1' AIRFLOW_CTX_DAG_RUN_ID='scheduled__2026-05-18T21:10:00+00:00'
[2026-05-18T21:18:54.892+0000] {taskinstance.py:430} INFO - ::endgroup::
[2026-05-18T21:18:54.976+0000] {subprocess.py:63} INFO - Tmp dir root location: /tmp
[2026-05-18T21:18:54.978+0000] {subprocess.py:75} INFO - Running command: ['/usr/bin/bash', '-c', '\n    spark-submit     --master spark://spark-master:7077     --executor-memory 512M     --executor-cores 1     --total-executor-cores 1     --jars /opt/airflow/jars/aws-java-sdk-bundle-1.12.262.jar,/opt/airflow/jars/hadoop-aws-3.3.4.jar,/opt/airflow/jars/postgresql-42.7.3.jar     /opt/spark_jobs/gold_processor.py\n    ']
[2026-05-18T21:18:54.993+0000] {subprocess.py:86} INFO - Output:
[2026-05-18T21:18:58.738+0000] {subprocess.py:93} INFO - 26/05/18 21:18:58 WARN NativeCodeLoader: Unable to load native-hadoop library for your platform... using builtin-java classes where applicable
[2026-05-18T21:19:00.900+0000] {subprocess.py:93} INFO - 26/05/18 21:19:00 INFO SparkContext: Running Spark version 3.5.1
[2026-05-18T21:19:00.901+0000] {subprocess.py:93} INFO - 26/05/18 21:19:00 INFO SparkContext: OS info Linux, 6.6.87.2-microsoft-standard-WSL2, amd64
[2026-05-18T21:19:00.902+0000] {subprocess.py:93} INFO - 26/05/18 21:19:00 INFO SparkContext: Java version 17.0.19
[2026-05-18T21:19:00.976+0000] {subprocess.py:93} INFO - 26/05/18 21:19:00 INFO ResourceUtils: ==============================================================
[2026-05-18T21:19:00.983+0000] {subprocess.py:93} INFO - 26/05/18 21:19:00 INFO ResourceUtils: No custom resources configured for spark.driver.
[2026-05-18T21:19:00.984+0000] {subprocess.py:93} INFO - 26/05/18 21:19:00 INFO ResourceUtils: ==============================================================
[2026-05-18T21:19:00.986+0000] {subprocess.py:93} INFO - 26/05/18 21:19:00 INFO SparkContext: Submitted application: GoldLayerProcessor
[2026-05-18T21:19:01.033+0000] {subprocess.py:93} INFO - 26/05/18 21:19:01 INFO ResourceProfile: Default ResourceProfile created, executor resources: Map(cores -> name: cores, amount: 1, script: , vendor: , memory -> name: memory, amount: 512, script: , vendor: , offHeap -> name: offHeap, amount: 0, script: , vendor: ), task resources: Map(cpus -> name: cpus, amount: 1.0)
[2026-05-18T21:19:01.052+0000] {subprocess.py:93} INFO - 26/05/18 21:19:01 INFO ResourceProfile: Limiting resource is cpus at 1 tasks per executor
[2026-05-18T21:19:01.056+0000] {subprocess.py:93} INFO - 26/05/18 21:19:01 INFO ResourceProfileManager: Added ResourceProfile id: 0
[2026-05-18T21:19:01.156+0000] {subprocess.py:93} INFO - 26/05/18 21:19:01 INFO SecurityManager: Changing view acls to: airflow
[2026-05-18T21:19:01.159+0000] {subprocess.py:93} INFO - 26/05/18 21:19:01 INFO SecurityManager: Changing modify acls to: airflow
[2026-05-18T21:19:01.161+0000] {subprocess.py:93} INFO - 26/05/18 21:19:01 INFO SecurityManager: Changing view acls groups to:
[2026-05-18T21:19:01.163+0000] {subprocess.py:93} INFO - 26/05/18 21:19:01 INFO SecurityManager: Changing modify acls groups to:
[2026-05-18T21:19:01.164+0000] {subprocess.py:93} INFO - 26/05/18 21:19:01 INFO SecurityManager: SecurityManager: authentication disabled; ui acls disabled; users with view permissions: airflow; groups with view permissions: EMPTY; users with modify permissions: airflow; groups with modify permissions: EMPTY
[2026-05-18T21:19:01.686+0000] {subprocess.py:93} INFO - 26/05/18 21:19:01 INFO Utils: Successfully started service 'sparkDriver' on port 42379.
[2026-05-18T21:19:01.760+0000] {subprocess.py:93} INFO - 26/05/18 21:19:01 INFO SparkEnv: Registering MapOutputTracker
[2026-05-18T21:19:01.854+0000] {subprocess.py:93} INFO - 26/05/18 21:19:01 INFO SparkEnv: Registering BlockManagerMaster
[2026-05-18T21:19:01.921+0000] {subprocess.py:93} INFO - 26/05/18 21:19:01 INFO BlockManagerMasterEndpoint: Using org.apache.spark.storage.DefaultTopologyMapper for getting topology information
[2026-05-18T21:19:01.925+0000] {subprocess.py:93} INFO - 26/05/18 21:19:01 INFO BlockManagerMasterEndpoint: BlockManagerMasterEndpoint up
[2026-05-18T21:19:01.935+0000] {subprocess.py:93} INFO - 26/05/18 21:19:01 INFO SparkEnv: Registering BlockManagerMasterHeartbeat
[2026-05-18T21:19:01.983+0000] {subprocess.py:93} INFO - 26/05/18 21:19:01 INFO DiskBlockManager: Created local directory at /tmp/blockmgr-6b3d8e09-396a-4f9c-9911-6587780d0524
[2026-05-18T21:19:02.022+0000] {subprocess.py:93} INFO - 26/05/18 21:19:02 INFO MemoryStore: MemoryStore started with capacity 434.4 MiB
[2026-05-18T21:19:02.068+0000] {subprocess.py:93} INFO - 26/05/18 21:19:02 INFO SparkEnv: Registering OutputCommitCoordinator
[2026-05-18T21:19:02.400+0000] {subprocess.py:93} INFO - 26/05/18 21:19:02 INFO JettyUtils: Start Jetty 0.0.0.0:4040 for SparkUI
[2026-05-18T21:19:02.573+0000] {subprocess.py:93} INFO - 26/05/18 21:19:02 INFO Utils: Successfully started service 'SparkUI' on port 4040.
[2026-05-18T21:19:02.671+0000] {subprocess.py:93} INFO - 26/05/18 21:19:02 INFO SparkContext: Added JAR file:///opt/airflow/jars/aws-java-sdk-bundle-1.12.262.jar at spark://e8a9653e4a1b:42379/jars/aws-java-sdk-bundle-1.12.262.jar with timestamp 1779139140889
[2026-05-18T21:19:02.673+0000] {subprocess.py:93} INFO - 26/05/18 21:19:02 INFO SparkContext: Added JAR file:///opt/airflow/jars/hadoop-aws-3.3.4.jar at spark://e8a9653e4a1b:42379/jars/hadoop-aws-3.3.4.jar with timestamp 1779139140889
[2026-05-18T21:19:02.674+0000] {subprocess.py:93} INFO - 26/05/18 21:19:02 INFO SparkContext: Added JAR file:///opt/airflow/jars/postgresql-42.7.3.jar at spark://e8a9653e4a1b:42379/jars/postgresql-42.7.3.jar with timestamp 1779139140889
[2026-05-18T21:19:02.840+0000] {subprocess.py:93} INFO - 26/05/18 21:19:02 INFO StandaloneAppClient$ClientEndpoint: Connecting to master spark://spark-master:7077...
[2026-05-18T21:19:02.926+0000] {subprocess.py:93} INFO - 26/05/18 21:19:02 INFO TransportClientFactory: Successfully created connection to spark-master/172.18.0.4:7077 after 49 ms (0 ms spent in bootstraps)
[2026-05-18T21:19:03.120+0000] {subprocess.py:93} INFO - 26/05/18 21:19:03 INFO StandaloneSchedulerBackend: Connected to Spark cluster with app ID app-20260518211903-0002
[2026-05-18T21:19:03.138+0000] {subprocess.py:93} INFO - 26/05/18 21:19:03 INFO StandaloneAppClient$ClientEndpoint: Executor added: app-20260518211903-0002/0 on worker-20260518211503-172.18.0.3-40747 (172.18.0.3:40747) with 1 core(s)
[2026-05-18T21:19:03.140+0000] {subprocess.py:93} INFO - 26/05/18 21:19:03 INFO Utils: Successfully started service 'org.apache.spark.network.netty.NettyBlockTransferService' on port 44447.
[2026-05-18T21:19:03.141+0000] {subprocess.py:93} INFO - 26/05/18 21:19:03 INFO NettyBlockTransferService: Server created on e8a9653e4a1b:44447
[2026-05-18T21:19:03.144+0000] {subprocess.py:93} INFO - 26/05/18 21:19:03 INFO BlockManager: Using org.apache.spark.storage.RandomBlockReplicationPolicy for block replication policy
[2026-05-18T21:19:03.147+0000] {subprocess.py:93} INFO - 26/05/18 21:19:03 INFO StandaloneSchedulerBackend: Granted executor ID app-20260518211903-0002/0 on hostPort 172.18.0.3:40747 with 1 core(s), 512.0 MiB RAM
[2026-05-18T21:19:03.170+0000] {subprocess.py:93} INFO - 26/05/18 21:19:03 INFO BlockManagerMaster: Registering BlockManager BlockManagerId(driver, e8a9653e4a1b, 44447, None)
[2026-05-18T21:19:03.182+0000] {subprocess.py:93} INFO - 26/05/18 21:19:03 INFO BlockManagerMasterEndpoint: Registering block manager e8a9653e4a1b:44447 with 434.4 MiB RAM, BlockManagerId(driver, e8a9653e4a1b, 44447, None)
[2026-05-18T21:19:03.187+0000] {subprocess.py:93} INFO - 26/05/18 21:19:03 INFO BlockManagerMaster: Registered BlockManager BlockManagerId(driver, e8a9653e4a1b, 44447, None)
[2026-05-18T21:19:03.193+0000] {subprocess.py:93} INFO - 26/05/18 21:19:03 INFO BlockManager: Initialized BlockManager: BlockManagerId(driver, e8a9653e4a1b, 44447, None)
[2026-05-18T21:19:03.220+0000] {subprocess.py:93} INFO - 26/05/18 21:19:03 INFO StandaloneAppClient$ClientEndpoint: Executor updated: app-20260518211903-0002/0 is now RUNNING
[2026-05-18T21:19:03.662+0000] {subprocess.py:93} INFO - 26/05/18 21:19:03 INFO StandaloneSchedulerBackend: SchedulerBackend is ready for scheduling beginning after reached minRegisteredResourcesRatio: 0.0
[2026-05-18T21:19:07.334+0000] {subprocess.py:93} INFO - 26/05/18 21:19:07 WARN MetricsConfig: Cannot locate configuration: tried hadoop-metrics2-s3a-file-system.properties,hadoop-metrics2.properties
[2026-05-18T21:19:30.645+0000] {subprocess.py:93} INFO - Lecture SILVER terminée
[2026-05-18T21:20:05.403+0000] {subprocess.py:93} INFO - Table articles_par_jour créée
[2026-05-18T21:21:10.801+0000] {subprocess.py:93} INFO - Table articles_par_source créée
[2026-05-18T21:21:33.284+0000] {subprocess.py:93} INFO - Table top_categories créée
[2026-05-18T21:21:57.691+0000] {subprocess.py:93} INFO - Table articles_par_source_jour créée
[2026-05-18T21:21:57.692+0000] {subprocess.py:93} INFO - 
[2026-05-18T21:21:57.694+0000] {subprocess.py:93} INFO - ==============================
[2026-05-18T21:21:57.697+0000] {subprocess.py:93} INFO - GOLD LAYER TERMINÉ
[2026-05-18T21:21:57.699+0000] {subprocess.py:93} INFO - ==============================
[2026-05-18T21:21:58.282+0000] {subprocess.py:97} INFO - Command exited with return code 0
[2026-05-18T21:21:58.286+0000] {taskinstance.py:441} INFO - ::group::Post task execution logs
[2026-05-18T21:21:58.647+0000] {taskinstance.py:1206} INFO - Marking task as SUCCESS. dag_id=medallion_gold_layer, task_id=gold_processing, run_id=scheduled__2026-05-18T21:10:00+00:00, execution_date=20260518T211000, start_date=20260518T211853, end_date=20260518T212158
[2026-05-18T21:21:58.752+0000] {local_task_job_runner.py:240} INFO - Task exited with return code 0
[2026-05-18T21:21:58.897+0000] {taskinstance.py:3498} INFO - 0 downstream tasks scheduled from follow-on schedule check
[2026-05-18T21:21:58.905+0000] {local_task_job_runner.py:222} INFO - ::endgroup::
