[2026-05-18T21:35:01.602+0000] {local_task_job_runner.py:120} INFO - ::group::Pre task execution logs
[2026-05-18T21:35:01.795+0000] {taskinstance.py:2076} INFO - Dependencies all met for dep_context=non-requeueable deps ti=<TaskInstance: medallion_gold_layer.gold_processing scheduled__2026-05-18T21:30:00+00:00 [queued]>
[2026-05-18T21:35:01.819+0000] {taskinstance.py:2076} INFO - Dependencies all met for dep_context=requeueable deps ti=<TaskInstance: medallion_gold_layer.gold_processing scheduled__2026-05-18T21:30:00+00:00 [queued]>
[2026-05-18T21:35:01.821+0000] {taskinstance.py:2306} INFO - Starting attempt 1 of 2
[2026-05-18T21:35:01.884+0000] {taskinstance.py:2330} INFO - Executing <Task(BashOperator): gold_processing> on 2026-05-18 21:30:00+00:00
[2026-05-18T21:35:01.894+0000] {standard_task_runner.py:63} INFO - Started process 2207 to run task
[2026-05-18T21:35:01.903+0000] {standard_task_runner.py:90} INFO - Running: ['airflow', 'tasks', 'run', 'medallion_gold_layer', 'gold_processing', 'scheduled__2026-05-18T21:30:00+00:00', '--job-id', '266', '--raw', '--subdir', 'DAGS_FOLDER/gold_layer_dag.py', '--cfg-path', '/tmp/tmpwqc14ury']
[2026-05-18T21:35:01.908+0000] {standard_task_runner.py:91} INFO - Job 266: Subtask gold_processing
[2026-05-18T21:35:02.374+0000] {task_command.py:426} INFO - Running <TaskInstance: medallion_gold_layer.gold_processing scheduled__2026-05-18T21:30:00+00:00 [running]> on host e8a9653e4a1b
[2026-05-18T21:35:02.927+0000] {taskinstance.py:2648} INFO - Exporting env vars: AIRFLOW_CTX_DAG_OWNER='ikram' AIRFLOW_CTX_DAG_ID='medallion_gold_layer' AIRFLOW_CTX_TASK_ID='gold_processing' AIRFLOW_CTX_EXECUTION_DATE='2026-05-18T21:30:00+00:00' AIRFLOW_CTX_TRY_NUMBER='1' AIRFLOW_CTX_DAG_RUN_ID='scheduled__2026-05-18T21:30:00+00:00'
[2026-05-18T21:35:02.929+0000] {taskinstance.py:430} INFO - ::endgroup::
[2026-05-18T21:35:02.955+0000] {subprocess.py:63} INFO - Tmp dir root location: /tmp
[2026-05-18T21:35:02.957+0000] {subprocess.py:75} INFO - Running command: ['/usr/bin/bash', '-c', '\n    spark-submit     --master spark://spark-master:7077     --executor-memory 512M     --executor-cores 1     --total-executor-cores 1     --jars /opt/airflow/jars/aws-java-sdk-bundle-1.12.262.jar,/opt/airflow/jars/hadoop-aws-3.3.4.jar,/opt/airflow/jars/postgresql-42.7.3.jar     /opt/spark_jobs/gold_processor.py\n    ']
[2026-05-18T21:35:02.975+0000] {subprocess.py:86} INFO - Output:
[2026-05-18T21:35:06.213+0000] {subprocess.py:93} INFO - 26/05/18 21:35:06 WARN NativeCodeLoader: Unable to load native-hadoop library for your platform... using builtin-java classes where applicable
[2026-05-18T21:35:08.697+0000] {subprocess.py:93} INFO - 26/05/18 21:35:08 INFO SparkContext: Running Spark version 3.5.1
[2026-05-18T21:35:08.699+0000] {subprocess.py:93} INFO - 26/05/18 21:35:08 INFO SparkContext: OS info Linux, 6.6.87.2-microsoft-standard-WSL2, amd64
[2026-05-18T21:35:08.700+0000] {subprocess.py:93} INFO - 26/05/18 21:35:08 INFO SparkContext: Java version 17.0.19
[2026-05-18T21:35:08.790+0000] {subprocess.py:93} INFO - 26/05/18 21:35:08 INFO ResourceUtils: ==============================================================
[2026-05-18T21:35:08.791+0000] {subprocess.py:93} INFO - 26/05/18 21:35:08 INFO ResourceUtils: No custom resources configured for spark.driver.
[2026-05-18T21:35:08.793+0000] {subprocess.py:93} INFO - 26/05/18 21:35:08 INFO ResourceUtils: ==============================================================
[2026-05-18T21:35:08.794+0000] {subprocess.py:93} INFO - 26/05/18 21:35:08 INFO SparkContext: Submitted application: GoldLayerProcessor
[2026-05-18T21:35:08.850+0000] {subprocess.py:93} INFO - 26/05/18 21:35:08 INFO ResourceProfile: Default ResourceProfile created, executor resources: Map(cores -> name: cores, amount: 1, script: , vendor: , memory -> name: memory, amount: 512, script: , vendor: , offHeap -> name: offHeap, amount: 0, script: , vendor: ), task resources: Map(cpus -> name: cpus, amount: 1.0)
[2026-05-18T21:35:08.870+0000] {subprocess.py:93} INFO - 26/05/18 21:35:08 INFO ResourceProfile: Limiting resource is cpus at 1 tasks per executor
[2026-05-18T21:35:08.872+0000] {subprocess.py:93} INFO - 26/05/18 21:35:08 INFO ResourceProfileManager: Added ResourceProfile id: 0
[2026-05-18T21:35:08.991+0000] {subprocess.py:93} INFO - 26/05/18 21:35:08 INFO SecurityManager: Changing view acls to: airflow
[2026-05-18T21:35:08.992+0000] {subprocess.py:93} INFO - 26/05/18 21:35:08 INFO SecurityManager: Changing modify acls to: airflow
[2026-05-18T21:35:08.994+0000] {subprocess.py:93} INFO - 26/05/18 21:35:08 INFO SecurityManager: Changing view acls groups to:
[2026-05-18T21:35:08.996+0000] {subprocess.py:93} INFO - 26/05/18 21:35:08 INFO SecurityManager: Changing modify acls groups to:
[2026-05-18T21:35:08.997+0000] {subprocess.py:93} INFO - 26/05/18 21:35:08 INFO SecurityManager: SecurityManager: authentication disabled; ui acls disabled; users with view permissions: airflow; groups with view permissions: EMPTY; users with modify permissions: airflow; groups with modify permissions: EMPTY
[2026-05-18T21:35:09.379+0000] {subprocess.py:93} INFO - 26/05/18 21:35:09 INFO Utils: Successfully started service 'sparkDriver' on port 45349.
[2026-05-18T21:35:09.423+0000] {subprocess.py:93} INFO - 26/05/18 21:35:09 INFO SparkEnv: Registering MapOutputTracker
[2026-05-18T21:35:09.479+0000] {subprocess.py:93} INFO - 26/05/18 21:35:09 INFO SparkEnv: Registering BlockManagerMaster
[2026-05-18T21:35:09.508+0000] {subprocess.py:93} INFO - 26/05/18 21:35:09 INFO BlockManagerMasterEndpoint: Using org.apache.spark.storage.DefaultTopologyMapper for getting topology information
[2026-05-18T21:35:09.511+0000] {subprocess.py:93} INFO - 26/05/18 21:35:09 INFO BlockManagerMasterEndpoint: BlockManagerMasterEndpoint up
[2026-05-18T21:35:09.517+0000] {subprocess.py:93} INFO - 26/05/18 21:35:09 INFO SparkEnv: Registering BlockManagerMasterHeartbeat
[2026-05-18T21:35:09.546+0000] {subprocess.py:93} INFO - 26/05/18 21:35:09 INFO DiskBlockManager: Created local directory at /tmp/blockmgr-10312f0e-ac2c-4650-861e-7c0df3e41378
[2026-05-18T21:35:09.571+0000] {subprocess.py:93} INFO - 26/05/18 21:35:09 INFO MemoryStore: MemoryStore started with capacity 434.4 MiB
[2026-05-18T21:35:09.602+0000] {subprocess.py:93} INFO - 26/05/18 21:35:09 INFO SparkEnv: Registering OutputCommitCoordinator
[2026-05-18T21:35:09.864+0000] {subprocess.py:93} INFO - 26/05/18 21:35:09 INFO JettyUtils: Start Jetty 0.0.0.0:4040 for SparkUI
[2026-05-18T21:35:10.053+0000] {subprocess.py:93} INFO - 26/05/18 21:35:10 INFO Utils: Successfully started service 'SparkUI' on port 4040.
[2026-05-18T21:35:10.136+0000] {subprocess.py:93} INFO - 26/05/18 21:35:10 INFO SparkContext: Added JAR file:///opt/airflow/jars/aws-java-sdk-bundle-1.12.262.jar at spark://e8a9653e4a1b:45349/jars/aws-java-sdk-bundle-1.12.262.jar with timestamp 1779140108683
[2026-05-18T21:35:10.138+0000] {subprocess.py:93} INFO - 26/05/18 21:35:10 INFO SparkContext: Added JAR file:///opt/airflow/jars/hadoop-aws-3.3.4.jar at spark://e8a9653e4a1b:45349/jars/hadoop-aws-3.3.4.jar with timestamp 1779140108683
[2026-05-18T21:35:10.139+0000] {subprocess.py:93} INFO - 26/05/18 21:35:10 INFO SparkContext: Added JAR file:///opt/airflow/jars/postgresql-42.7.3.jar at spark://e8a9653e4a1b:45349/jars/postgresql-42.7.3.jar with timestamp 1779140108683
[2026-05-18T21:35:10.290+0000] {subprocess.py:93} INFO - 26/05/18 21:35:10 INFO StandaloneAppClient$ClientEndpoint: Connecting to master spark://spark-master:7077...
[2026-05-18T21:35:10.372+0000] {subprocess.py:93} INFO - 26/05/18 21:35:10 INFO TransportClientFactory: Successfully created connection to spark-master/172.18.0.4:7077 after 53 ms (0 ms spent in bootstraps)
[2026-05-18T21:35:10.598+0000] {subprocess.py:93} INFO - 26/05/18 21:35:10 INFO StandaloneSchedulerBackend: Connected to Spark cluster with app ID app-20260518213510-0006
[2026-05-18T21:35:10.604+0000] {subprocess.py:93} INFO - 26/05/18 21:35:10 INFO StandaloneAppClient$ClientEndpoint: Executor added: app-20260518213510-0006/0 on worker-20260518211503-172.18.0.3-40747 (172.18.0.3:40747) with 1 core(s)
[2026-05-18T21:35:10.616+0000] {subprocess.py:93} INFO - 26/05/18 21:35:10 INFO StandaloneSchedulerBackend: Granted executor ID app-20260518213510-0006/0 on hostPort 172.18.0.3:40747 with 1 core(s), 512.0 MiB RAM
[2026-05-18T21:35:10.621+0000] {subprocess.py:93} INFO - 26/05/18 21:35:10 INFO Utils: Successfully started service 'org.apache.spark.network.netty.NettyBlockTransferService' on port 38957.
[2026-05-18T21:35:10.622+0000] {subprocess.py:93} INFO - 26/05/18 21:35:10 INFO NettyBlockTransferService: Server created on e8a9653e4a1b:38957
[2026-05-18T21:35:10.624+0000] {subprocess.py:93} INFO - 26/05/18 21:35:10 INFO BlockManager: Using org.apache.spark.storage.RandomBlockReplicationPolicy for block replication policy
[2026-05-18T21:35:10.643+0000] {subprocess.py:93} INFO - 26/05/18 21:35:10 INFO BlockManagerMaster: Registering BlockManager BlockManagerId(driver, e8a9653e4a1b, 38957, None)
[2026-05-18T21:35:10.650+0000] {subprocess.py:93} INFO - 26/05/18 21:35:10 INFO BlockManagerMasterEndpoint: Registering block manager e8a9653e4a1b:38957 with 434.4 MiB RAM, BlockManagerId(driver, e8a9653e4a1b, 38957, None)
[2026-05-18T21:35:10.656+0000] {subprocess.py:93} INFO - 26/05/18 21:35:10 INFO BlockManagerMaster: Registered BlockManager BlockManagerId(driver, e8a9653e4a1b, 38957, None)
[2026-05-18T21:35:10.658+0000] {subprocess.py:93} INFO - 26/05/18 21:35:10 INFO BlockManager: Initialized BlockManager: BlockManagerId(driver, e8a9653e4a1b, 38957, None)
[2026-05-18T21:35:10.673+0000] {subprocess.py:93} INFO - 26/05/18 21:35:10 INFO StandaloneAppClient$ClientEndpoint: Executor updated: app-20260518213510-0006/0 is now RUNNING
[2026-05-18T21:35:11.006+0000] {subprocess.py:93} INFO - 26/05/18 21:35:11 INFO StandaloneSchedulerBackend: SchedulerBackend is ready for scheduling beginning after reached minRegisteredResourcesRatio: 0.0
[2026-05-18T21:35:13.032+0000] {subprocess.py:93} INFO - 26/05/18 21:35:13 WARN MetricsConfig: Cannot locate configuration: tried hadoop-metrics2-s3a-file-system.properties,hadoop-metrics2.properties
[2026-05-18T21:35:31.199+0000] {subprocess.py:93} INFO - Lecture SILVER terminée
[2026-05-18T21:36:05.844+0000] {subprocess.py:93} INFO - Table articles_par_jour créée
[2026-05-18T21:36:32.201+0000] {subprocess.py:93} INFO - Table articles_par_source créée
[2026-05-18T21:36:57.804+0000] {subprocess.py:93} INFO - Table top_categories créée
[2026-05-18T21:37:21.190+0000] {subprocess.py:93} INFO - Table articles_par_source_jour créée
[2026-05-18T21:37:21.195+0000] {subprocess.py:93} INFO - 
[2026-05-18T21:37:21.196+0000] {subprocess.py:93} INFO - ==============================
[2026-05-18T21:37:21.198+0000] {subprocess.py:93} INFO - GOLD LAYER TERMINÉ
[2026-05-18T21:37:21.199+0000] {subprocess.py:93} INFO - ==============================
[2026-05-18T21:37:22.053+0000] {subprocess.py:97} INFO - Command exited with return code 0
[2026-05-18T21:37:22.056+0000] {taskinstance.py:441} INFO - ::group::Post task execution logs
[2026-05-18T21:37:22.467+0000] {taskinstance.py:1206} INFO - Marking task as SUCCESS. dag_id=medallion_gold_layer, task_id=gold_processing, run_id=scheduled__2026-05-18T21:30:00+00:00, execution_date=20260518T213000, start_date=20260518T213501, end_date=20260518T213722
[2026-05-18T21:37:22.589+0000] {local_task_job_runner.py:240} INFO - Task exited with return code 0
[2026-05-18T21:37:22.841+0000] {taskinstance.py:3498} INFO - 0 downstream tasks scheduled from follow-on schedule check
[2026-05-18T21:37:22.851+0000] {local_task_job_runner.py:222} INFO - ::endgroup::
