[2026-05-17T00:35:00.812+0000] {local_task_job_runner.py:120} INFO - ::group::Pre task execution logs
[2026-05-17T00:35:00.870+0000] {taskinstance.py:2076} INFO - Dependencies all met for dep_context=non-requeueable deps ti=<TaskInstance: medallion_gold_layer.gold_processing scheduled__2026-05-17T00:30:00+00:00 [queued]>
[2026-05-17T00:35:00.894+0000] {taskinstance.py:2076} INFO - Dependencies all met for dep_context=requeueable deps ti=<TaskInstance: medallion_gold_layer.gold_processing scheduled__2026-05-17T00:30:00+00:00 [queued]>
[2026-05-17T00:35:00.895+0000] {taskinstance.py:2306} INFO - Starting attempt 1 of 2
[2026-05-17T00:35:00.924+0000] {taskinstance.py:2330} INFO - Executing <Task(BashOperator): gold_processing> on 2026-05-17 00:30:00+00:00
[2026-05-17T00:35:00.930+0000] {standard_task_runner.py:63} INFO - Started process 57360 to run task
[2026-05-17T00:35:00.936+0000] {standard_task_runner.py:90} INFO - Running: ['airflow', 'tasks', 'run', 'medallion_gold_layer', 'gold_processing', 'scheduled__2026-05-17T00:30:00+00:00', '--job-id', '151', '--raw', '--subdir', 'DAGS_FOLDER/gold_layer_dag.py', '--cfg-path', '/tmp/tmpcjyjew38']
[2026-05-17T00:35:00.939+0000] {standard_task_runner.py:91} INFO - Job 151: Subtask gold_processing
[2026-05-17T00:35:01.108+0000] {task_command.py:426} INFO - Running <TaskInstance: medallion_gold_layer.gold_processing scheduled__2026-05-17T00:30:00+00:00 [running]> on host e8a9653e4a1b
[2026-05-17T00:35:01.434+0000] {taskinstance.py:2648} INFO - Exporting env vars: AIRFLOW_CTX_DAG_OWNER='anass' AIRFLOW_CTX_DAG_ID='medallion_gold_layer' AIRFLOW_CTX_TASK_ID='gold_processing' AIRFLOW_CTX_EXECUTION_DATE='2026-05-17T00:30:00+00:00' AIRFLOW_CTX_TRY_NUMBER='1' AIRFLOW_CTX_DAG_RUN_ID='scheduled__2026-05-17T00:30:00+00:00'
[2026-05-17T00:35:01.435+0000] {taskinstance.py:430} INFO - ::endgroup::
[2026-05-17T00:35:01.448+0000] {subprocess.py:63} INFO - Tmp dir root location: /tmp
[2026-05-17T00:35:01.450+0000] {subprocess.py:75} INFO - Running command: ['/usr/bin/bash', '-c', '\n    spark-submit     --master spark://spark-master:7077     --executor-memory 512M     --executor-cores 1     --total-executor-cores 1     --jars /opt/airflow/jars/aws-java-sdk-bundle-1.12.262.jar,/opt/airflow/jars/hadoop-aws-3.3.4.jar,/opt/airflow/jars/postgresql-42.7.3.jar     /opt/spark_jobs/gold_processor.py\n    ']
[2026-05-17T00:35:01.459+0000] {subprocess.py:86} INFO - Output:
[2026-05-17T00:35:03.146+0000] {subprocess.py:93} INFO - 26/05/17 00:35:03 WARN NativeCodeLoader: Unable to load native-hadoop library for your platform... using builtin-java classes where applicable
[2026-05-17T00:35:04.208+0000] {subprocess.py:93} INFO - 26/05/17 00:35:04 INFO SparkContext: Running Spark version 3.5.1
[2026-05-17T00:35:04.209+0000] {subprocess.py:93} INFO - 26/05/17 00:35:04 INFO SparkContext: OS info Linux, 6.6.87.2-microsoft-standard-WSL2, amd64
[2026-05-17T00:35:04.209+0000] {subprocess.py:93} INFO - 26/05/17 00:35:04 INFO SparkContext: Java version 17.0.19
[2026-05-17T00:35:04.229+0000] {subprocess.py:93} INFO - 26/05/17 00:35:04 INFO ResourceUtils: ==============================================================
[2026-05-17T00:35:04.230+0000] {subprocess.py:93} INFO - 26/05/17 00:35:04 INFO ResourceUtils: No custom resources configured for spark.driver.
[2026-05-17T00:35:04.230+0000] {subprocess.py:93} INFO - 26/05/17 00:35:04 INFO ResourceUtils: ==============================================================
[2026-05-17T00:35:04.231+0000] {subprocess.py:93} INFO - 26/05/17 00:35:04 INFO SparkContext: Submitted application: GoldLayerProcessor
[2026-05-17T00:35:04.247+0000] {subprocess.py:93} INFO - 26/05/17 00:35:04 INFO ResourceProfile: Default ResourceProfile created, executor resources: Map(cores -> name: cores, amount: 1, script: , vendor: , memory -> name: memory, amount: 512, script: , vendor: , offHeap -> name: offHeap, amount: 0, script: , vendor: ), task resources: Map(cpus -> name: cpus, amount: 1.0)
[2026-05-17T00:35:04.255+0000] {subprocess.py:93} INFO - 26/05/17 00:35:04 INFO ResourceProfile: Limiting resource is cpus at 1 tasks per executor
[2026-05-17T00:35:04.257+0000] {subprocess.py:93} INFO - 26/05/17 00:35:04 INFO ResourceProfileManager: Added ResourceProfile id: 0
[2026-05-17T00:35:04.296+0000] {subprocess.py:93} INFO - 26/05/17 00:35:04 INFO SecurityManager: Changing view acls to: airflow
[2026-05-17T00:35:04.296+0000] {subprocess.py:93} INFO - 26/05/17 00:35:04 INFO SecurityManager: Changing modify acls to: airflow
[2026-05-17T00:35:04.298+0000] {subprocess.py:93} INFO - 26/05/17 00:35:04 INFO SecurityManager: Changing view acls groups to:
[2026-05-17T00:35:04.298+0000] {subprocess.py:93} INFO - 26/05/17 00:35:04 INFO SecurityManager: Changing modify acls groups to:
[2026-05-17T00:35:04.299+0000] {subprocess.py:93} INFO - 26/05/17 00:35:04 INFO SecurityManager: SecurityManager: authentication disabled; ui acls disabled; users with view permissions: airflow; groups with view permissions: EMPTY; users with modify permissions: airflow; groups with modify permissions: EMPTY
[2026-05-17T00:35:04.483+0000] {subprocess.py:93} INFO - 26/05/17 00:35:04 INFO Utils: Successfully started service 'sparkDriver' on port 35841.
[2026-05-17T00:35:04.503+0000] {subprocess.py:93} INFO - 26/05/17 00:35:04 INFO SparkEnv: Registering MapOutputTracker
[2026-05-17T00:35:04.529+0000] {subprocess.py:93} INFO - 26/05/17 00:35:04 INFO SparkEnv: Registering BlockManagerMaster
[2026-05-17T00:35:04.550+0000] {subprocess.py:93} INFO - 26/05/17 00:35:04 INFO BlockManagerMasterEndpoint: Using org.apache.spark.storage.DefaultTopologyMapper for getting topology information
[2026-05-17T00:35:04.551+0000] {subprocess.py:93} INFO - 26/05/17 00:35:04 INFO BlockManagerMasterEndpoint: BlockManagerMasterEndpoint up
[2026-05-17T00:35:04.554+0000] {subprocess.py:93} INFO - 26/05/17 00:35:04 INFO SparkEnv: Registering BlockManagerMasterHeartbeat
[2026-05-17T00:35:04.572+0000] {subprocess.py:93} INFO - 26/05/17 00:35:04 INFO DiskBlockManager: Created local directory at /tmp/blockmgr-cd7345fd-8b92-4dae-a46c-0dc6005177ca
[2026-05-17T00:35:04.581+0000] {subprocess.py:93} INFO - 26/05/17 00:35:04 INFO MemoryStore: MemoryStore started with capacity 434.4 MiB
[2026-05-17T00:35:04.599+0000] {subprocess.py:93} INFO - 26/05/17 00:35:04 INFO SparkEnv: Registering OutputCommitCoordinator
[2026-05-17T00:35:04.709+0000] {subprocess.py:93} INFO - 26/05/17 00:35:04 INFO JettyUtils: Start Jetty 0.0.0.0:4040 for SparkUI
[2026-05-17T00:35:04.772+0000] {subprocess.py:93} INFO - 26/05/17 00:35:04 INFO Utils: Successfully started service 'SparkUI' on port 4040.
[2026-05-17T00:35:04.797+0000] {subprocess.py:93} INFO - 26/05/17 00:35:04 INFO SparkContext: Added JAR file:///opt/airflow/jars/aws-java-sdk-bundle-1.12.262.jar at spark://e8a9653e4a1b:35841/jars/aws-java-sdk-bundle-1.12.262.jar with timestamp 1778978104201
[2026-05-17T00:35:04.798+0000] {subprocess.py:93} INFO - 26/05/17 00:35:04 INFO SparkContext: Added JAR file:///opt/airflow/jars/hadoop-aws-3.3.4.jar at spark://e8a9653e4a1b:35841/jars/hadoop-aws-3.3.4.jar with timestamp 1778978104201
[2026-05-17T00:35:04.798+0000] {subprocess.py:93} INFO - 26/05/17 00:35:04 INFO SparkContext: Added JAR file:///opt/airflow/jars/postgresql-42.7.3.jar at spark://e8a9653e4a1b:35841/jars/postgresql-42.7.3.jar with timestamp 1778978104201
[2026-05-17T00:35:04.862+0000] {subprocess.py:93} INFO - 26/05/17 00:35:04 INFO StandaloneAppClient$ClientEndpoint: Connecting to master spark://spark-master:7077...
[2026-05-17T00:35:04.891+0000] {subprocess.py:93} INFO - 26/05/17 00:35:04 INFO TransportClientFactory: Successfully created connection to spark-master/172.18.0.6:7077 after 15 ms (0 ms spent in bootstraps)
[2026-05-17T00:35:04.948+0000] {subprocess.py:93} INFO - 26/05/17 00:35:04 INFO StandaloneSchedulerBackend: Connected to Spark cluster with app ID app-20260517003504-0150
[2026-05-17T00:35:04.949+0000] {subprocess.py:93} INFO - 26/05/17 00:35:04 INFO StandaloneAppClient$ClientEndpoint: Executor added: app-20260517003504-0150/0 on worker-20260514105200-172.18.0.13-40347 (172.18.0.13:40347) with 1 core(s)
[2026-05-17T00:35:04.952+0000] {subprocess.py:93} INFO - 26/05/17 00:35:04 INFO StandaloneSchedulerBackend: Granted executor ID app-20260517003504-0150/0 on hostPort 172.18.0.13:40347 with 1 core(s), 512.0 MiB RAM
[2026-05-17T00:35:04.956+0000] {subprocess.py:93} INFO - 26/05/17 00:35:04 INFO Utils: Successfully started service 'org.apache.spark.network.netty.NettyBlockTransferService' on port 33797.
[2026-05-17T00:35:04.957+0000] {subprocess.py:93} INFO - 26/05/17 00:35:04 INFO NettyBlockTransferService: Server created on e8a9653e4a1b:33797
[2026-05-17T00:35:04.959+0000] {subprocess.py:93} INFO - 26/05/17 00:35:04 INFO BlockManager: Using org.apache.spark.storage.RandomBlockReplicationPolicy for block replication policy
[2026-05-17T00:35:04.963+0000] {subprocess.py:93} INFO - 26/05/17 00:35:04 INFO BlockManagerMaster: Registering BlockManager BlockManagerId(driver, e8a9653e4a1b, 33797, None)
[2026-05-17T00:35:04.967+0000] {subprocess.py:93} INFO - 26/05/17 00:35:04 INFO BlockManagerMasterEndpoint: Registering block manager e8a9653e4a1b:33797 with 434.4 MiB RAM, BlockManagerId(driver, e8a9653e4a1b, 33797, None)
[2026-05-17T00:35:04.969+0000] {subprocess.py:93} INFO - 26/05/17 00:35:04 INFO BlockManagerMaster: Registered BlockManager BlockManagerId(driver, e8a9653e4a1b, 33797, None)
[2026-05-17T00:35:04.972+0000] {subprocess.py:93} INFO - 26/05/17 00:35:04 INFO BlockManager: Initialized BlockManager: BlockManagerId(driver, e8a9653e4a1b, 33797, None)
[2026-05-17T00:35:04.976+0000] {subprocess.py:93} INFO - 26/05/17 00:35:04 INFO StandaloneAppClient$ClientEndpoint: Executor updated: app-20260517003504-0150/0 is now RUNNING
[2026-05-17T00:35:05.159+0000] {subprocess.py:93} INFO - 26/05/17 00:35:05 INFO StandaloneSchedulerBackend: SchedulerBackend is ready for scheduling beginning after reached minRegisteredResourcesRatio: 0.0
[2026-05-17T00:35:06.183+0000] {subprocess.py:93} INFO - 26/05/17 00:35:06 WARN MetricsConfig: Cannot locate configuration: tried hadoop-metrics2-s3a-file-system.properties,hadoop-metrics2.properties
[2026-05-17T00:35:11.116+0000] {subprocess.py:93} INFO - Lecture SILVER terminée
[2026-05-17T00:35:21.686+0000] {subprocess.py:93} INFO - Table articles_par_jour créée
[2026-05-17T00:35:29.416+0000] {subprocess.py:93} INFO - Table articles_par_source créée
[2026-05-17T00:35:35.439+0000] {subprocess.py:93} INFO - Table top_categories créée
[2026-05-17T00:35:41.574+0000] {subprocess.py:93} INFO - Table articles_par_source_jour créée
[2026-05-17T00:35:41.575+0000] {subprocess.py:93} INFO - 
[2026-05-17T00:35:41.576+0000] {subprocess.py:93} INFO - ==============================
[2026-05-17T00:35:41.577+0000] {subprocess.py:93} INFO - GOLD LAYER TERMINÉ
[2026-05-17T00:35:41.578+0000] {subprocess.py:93} INFO - ==============================
[2026-05-17T00:35:41.820+0000] {subprocess.py:97} INFO - Command exited with return code 0
[2026-05-17T00:35:41.822+0000] {taskinstance.py:441} INFO - ::group::Post task execution logs
[2026-05-17T00:35:41.930+0000] {taskinstance.py:1206} INFO - Marking task as SUCCESS. dag_id=medallion_gold_layer, task_id=gold_processing, run_id=scheduled__2026-05-17T00:30:00+00:00, execution_date=20260517T003000, start_date=20260517T003500, end_date=20260517T003541
[2026-05-17T00:35:42.091+0000] {local_task_job_runner.py:240} INFO - Task exited with return code 0
[2026-05-17T00:35:42.134+0000] {taskinstance.py:3498} INFO - 0 downstream tasks scheduled from follow-on schedule check
[2026-05-17T00:35:42.137+0000] {local_task_job_runner.py:222} INFO - ::endgroup::
