[2026-05-16T02:55:01.451+0000] {local_task_job_runner.py:120} INFO - ::group::Pre task execution logs
[2026-05-16T02:55:01.621+0000] {taskinstance.py:2076} INFO - Dependencies all met for dep_context=non-requeueable deps ti=<TaskInstance: medallion_gold_layer.gold_processing scheduled__2026-05-16T02:50:00+00:00 [queued]>
[2026-05-16T02:55:01.666+0000] {taskinstance.py:2076} INFO - Dependencies all met for dep_context=requeueable deps ti=<TaskInstance: medallion_gold_layer.gold_processing scheduled__2026-05-16T02:50:00+00:00 [queued]>
[2026-05-16T02:55:01.670+0000] {taskinstance.py:2306} INFO - Starting attempt 1 of 2
[2026-05-16T02:55:01.774+0000] {taskinstance.py:2330} INFO - Executing <Task(BashOperator): gold_processing> on 2026-05-16 02:50:00+00:00
[2026-05-16T02:55:01.802+0000] {standard_task_runner.py:63} INFO - Started process 47226 to run task
[2026-05-16T02:55:01.815+0000] {standard_task_runner.py:90} INFO - Running: ['airflow', 'tasks', 'run', 'medallion_gold_layer', 'gold_processing', 'scheduled__2026-05-16T02:50:00+00:00', '--job-id', '125', '--raw', '--subdir', 'DAGS_FOLDER/gold_layer_dag.py', '--cfg-path', '/tmp/tmp7y688xy2']
[2026-05-16T02:55:01.824+0000] {standard_task_runner.py:91} INFO - Job 125: Subtask gold_processing
[2026-05-16T02:55:02.333+0000] {task_command.py:426} INFO - Running <TaskInstance: medallion_gold_layer.gold_processing scheduled__2026-05-16T02:50:00+00:00 [running]> on host e8a9653e4a1b
[2026-05-16T02:55:03.119+0000] {taskinstance.py:2648} INFO - Exporting env vars: AIRFLOW_CTX_DAG_OWNER='anass' AIRFLOW_CTX_DAG_ID='medallion_gold_layer' AIRFLOW_CTX_TASK_ID='gold_processing' AIRFLOW_CTX_EXECUTION_DATE='2026-05-16T02:50:00+00:00' AIRFLOW_CTX_TRY_NUMBER='1' AIRFLOW_CTX_DAG_RUN_ID='scheduled__2026-05-16T02:50:00+00:00'
[2026-05-16T02:55:03.122+0000] {taskinstance.py:430} INFO - ::endgroup::
[2026-05-16T02:55:03.182+0000] {subprocess.py:63} INFO - Tmp dir root location: /tmp
[2026-05-16T02:55:03.185+0000] {subprocess.py:75} INFO - Running command: ['/usr/bin/bash', '-c', '\n    spark-submit     --master spark://spark-master:7077     --executor-memory 512M     --executor-cores 1     --total-executor-cores 1     --jars /opt/airflow/jars/aws-java-sdk-bundle-1.12.262.jar,/opt/airflow/jars/hadoop-aws-3.3.4.jar,/opt/airflow/jars/postgresql-42.7.3.jar     /opt/spark_jobs/gold_processor.py\n    ']
[2026-05-16T02:55:03.269+0000] {subprocess.py:86} INFO - Output:
[2026-05-16T02:55:06.935+0000] {subprocess.py:93} INFO - 26/05/16 02:55:06 WARN NativeCodeLoader: Unable to load native-hadoop library for your platform... using builtin-java classes where applicable
[2026-05-16T02:55:10.011+0000] {subprocess.py:93} INFO - 26/05/16 02:55:10 INFO SparkContext: Running Spark version 3.5.1
[2026-05-16T02:55:10.014+0000] {subprocess.py:93} INFO - 26/05/16 02:55:10 INFO SparkContext: OS info Linux, 6.6.87.2-microsoft-standard-WSL2, amd64
[2026-05-16T02:55:10.016+0000] {subprocess.py:93} INFO - 26/05/16 02:55:10 INFO SparkContext: Java version 17.0.19
[2026-05-16T02:55:10.111+0000] {subprocess.py:93} INFO - 26/05/16 02:55:10 INFO ResourceUtils: ==============================================================
[2026-05-16T02:55:10.113+0000] {subprocess.py:93} INFO - 26/05/16 02:55:10 INFO ResourceUtils: No custom resources configured for spark.driver.
[2026-05-16T02:55:10.114+0000] {subprocess.py:93} INFO - 26/05/16 02:55:10 INFO ResourceUtils: ==============================================================
[2026-05-16T02:55:10.115+0000] {subprocess.py:93} INFO - 26/05/16 02:55:10 INFO SparkContext: Submitted application: GoldLayerProcessor
[2026-05-16T02:55:10.190+0000] {subprocess.py:93} INFO - 26/05/16 02:55:10 INFO ResourceProfile: Default ResourceProfile created, executor resources: Map(cores -> name: cores, amount: 1, script: , vendor: , memory -> name: memory, amount: 512, script: , vendor: , offHeap -> name: offHeap, amount: 0, script: , vendor: ), task resources: Map(cpus -> name: cpus, amount: 1.0)
[2026-05-16T02:55:10.232+0000] {subprocess.py:93} INFO - 26/05/16 02:55:10 INFO ResourceProfile: Limiting resource is cpus at 1 tasks per executor
[2026-05-16T02:55:10.246+0000] {subprocess.py:93} INFO - 26/05/16 02:55:10 INFO ResourceProfileManager: Added ResourceProfile id: 0
[2026-05-16T02:55:10.374+0000] {subprocess.py:93} INFO - 26/05/16 02:55:10 INFO SecurityManager: Changing view acls to: airflow
[2026-05-16T02:55:10.377+0000] {subprocess.py:93} INFO - 26/05/16 02:55:10 INFO SecurityManager: Changing modify acls to: airflow
[2026-05-16T02:55:10.378+0000] {subprocess.py:93} INFO - 26/05/16 02:55:10 INFO SecurityManager: Changing view acls groups to:
[2026-05-16T02:55:10.379+0000] {subprocess.py:93} INFO - 26/05/16 02:55:10 INFO SecurityManager: Changing modify acls groups to:
[2026-05-16T02:55:10.380+0000] {subprocess.py:93} INFO - 26/05/16 02:55:10 INFO SecurityManager: SecurityManager: authentication disabled; ui acls disabled; users with view permissions: airflow; groups with view permissions: EMPTY; users with modify permissions: airflow; groups with modify permissions: EMPTY
[2026-05-16T02:55:11.074+0000] {subprocess.py:93} INFO - 26/05/16 02:55:11 INFO Utils: Successfully started service 'sparkDriver' on port 34205.
[2026-05-16T02:55:11.174+0000] {subprocess.py:93} INFO - 26/05/16 02:55:11 INFO SparkEnv: Registering MapOutputTracker
[2026-05-16T02:55:11.271+0000] {subprocess.py:93} INFO - 26/05/16 02:55:11 INFO SparkEnv: Registering BlockManagerMaster
[2026-05-16T02:55:11.303+0000] {subprocess.py:93} INFO - 26/05/16 02:55:11 INFO BlockManagerMasterEndpoint: Using org.apache.spark.storage.DefaultTopologyMapper for getting topology information
[2026-05-16T02:55:11.304+0000] {subprocess.py:93} INFO - 26/05/16 02:55:11 INFO BlockManagerMasterEndpoint: BlockManagerMasterEndpoint up
[2026-05-16T02:55:11.311+0000] {subprocess.py:93} INFO - 26/05/16 02:55:11 INFO SparkEnv: Registering BlockManagerMasterHeartbeat
[2026-05-16T02:55:11.349+0000] {subprocess.py:93} INFO - 26/05/16 02:55:11 INFO DiskBlockManager: Created local directory at /tmp/blockmgr-6dcce865-96f3-4297-8b47-da488df86b68
[2026-05-16T02:55:11.378+0000] {subprocess.py:93} INFO - 26/05/16 02:55:11 INFO MemoryStore: MemoryStore started with capacity 434.4 MiB
[2026-05-16T02:55:11.436+0000] {subprocess.py:93} INFO - 26/05/16 02:55:11 INFO SparkEnv: Registering OutputCommitCoordinator
[2026-05-16T02:55:11.901+0000] {subprocess.py:93} INFO - 26/05/16 02:55:11 INFO JettyUtils: Start Jetty 0.0.0.0:4040 for SparkUI
[2026-05-16T02:55:12.054+0000] {subprocess.py:93} INFO - 26/05/16 02:55:12 INFO Utils: Successfully started service 'SparkUI' on port 4040.
[2026-05-16T02:55:12.117+0000] {subprocess.py:93} INFO - 26/05/16 02:55:12 INFO SparkContext: Added JAR file:///opt/airflow/jars/aws-java-sdk-bundle-1.12.262.jar at spark://e8a9653e4a1b:34205/jars/aws-java-sdk-bundle-1.12.262.jar with timestamp 1778900109991
[2026-05-16T02:55:12.119+0000] {subprocess.py:93} INFO - 26/05/16 02:55:12 INFO SparkContext: Added JAR file:///opt/airflow/jars/hadoop-aws-3.3.4.jar at spark://e8a9653e4a1b:34205/jars/hadoop-aws-3.3.4.jar with timestamp 1778900109991
[2026-05-16T02:55:12.121+0000] {subprocess.py:93} INFO - 26/05/16 02:55:12 INFO SparkContext: Added JAR file:///opt/airflow/jars/postgresql-42.7.3.jar at spark://e8a9653e4a1b:34205/jars/postgresql-42.7.3.jar with timestamp 1778900109991
[2026-05-16T02:55:12.276+0000] {subprocess.py:93} INFO - 26/05/16 02:55:12 INFO StandaloneAppClient$ClientEndpoint: Connecting to master spark://spark-master:7077...
[2026-05-16T02:55:12.363+0000] {subprocess.py:93} INFO - 26/05/16 02:55:12 INFO TransportClientFactory: Successfully created connection to spark-master/172.18.0.6:7077 after 51 ms (0 ms spent in bootstraps)
[2026-05-16T02:55:12.547+0000] {subprocess.py:93} INFO - 26/05/16 02:55:12 INFO StandaloneSchedulerBackend: Connected to Spark cluster with app ID app-20260516025512-0124
[2026-05-16T02:55:12.553+0000] {subprocess.py:93} INFO - 26/05/16 02:55:12 INFO StandaloneAppClient$ClientEndpoint: Executor added: app-20260516025512-0124/0 on worker-20260514105200-172.18.0.13-40347 (172.18.0.13:40347) with 1 core(s)
[2026-05-16T02:55:12.564+0000] {subprocess.py:93} INFO - 26/05/16 02:55:12 INFO StandaloneSchedulerBackend: Granted executor ID app-20260516025512-0124/0 on hostPort 172.18.0.13:40347 with 1 core(s), 512.0 MiB RAM
[2026-05-16T02:55:12.598+0000] {subprocess.py:93} INFO - 26/05/16 02:55:12 INFO Utils: Successfully started service 'org.apache.spark.network.netty.NettyBlockTransferService' on port 44641.
[2026-05-16T02:55:12.600+0000] {subprocess.py:93} INFO - 26/05/16 02:55:12 INFO NettyBlockTransferService: Server created on e8a9653e4a1b:44641
[2026-05-16T02:55:12.610+0000] {subprocess.py:93} INFO - 26/05/16 02:55:12 INFO BlockManager: Using org.apache.spark.storage.RandomBlockReplicationPolicy for block replication policy
[2026-05-16T02:55:12.633+0000] {subprocess.py:93} INFO - 26/05/16 02:55:12 INFO BlockManagerMaster: Registering BlockManager BlockManagerId(driver, e8a9653e4a1b, 44641, None)
[2026-05-16T02:55:12.642+0000] {subprocess.py:93} INFO - 26/05/16 02:55:12 INFO BlockManagerMasterEndpoint: Registering block manager e8a9653e4a1b:44641 with 434.4 MiB RAM, BlockManagerId(driver, e8a9653e4a1b, 44641, None)
[2026-05-16T02:55:12.648+0000] {subprocess.py:93} INFO - 26/05/16 02:55:12 INFO BlockManagerMaster: Registered BlockManager BlockManagerId(driver, e8a9653e4a1b, 44641, None)
[2026-05-16T02:55:12.650+0000] {subprocess.py:93} INFO - 26/05/16 02:55:12 INFO BlockManager: Initialized BlockManager: BlockManagerId(driver, e8a9653e4a1b, 44641, None)
[2026-05-16T02:55:12.655+0000] {subprocess.py:93} INFO - 26/05/16 02:55:12 INFO StandaloneAppClient$ClientEndpoint: Executor updated: app-20260516025512-0124/0 is now RUNNING
[2026-05-16T02:55:13.133+0000] {subprocess.py:93} INFO - 26/05/16 02:55:13 INFO StandaloneSchedulerBackend: SchedulerBackend is ready for scheduling beginning after reached minRegisteredResourcesRatio: 0.0
[2026-05-16T02:55:15.193+0000] {subprocess.py:93} INFO - 26/05/16 02:55:15 WARN MetricsConfig: Cannot locate configuration: tried hadoop-metrics2-s3a-file-system.properties,hadoop-metrics2.properties
[2026-05-16T02:55:24.612+0000] {subprocess.py:93} INFO - Lecture SILVER terminée
[2026-05-16T02:55:48.009+0000] {subprocess.py:93} INFO - Table articles_par_jour créée
[2026-05-16T02:56:07.966+0000] {subprocess.py:93} INFO - Table articles_par_source créée
[2026-05-16T02:56:25.277+0000] {subprocess.py:93} INFO - Table top_categories créée
[2026-05-16T02:56:39.909+0000] {subprocess.py:93} INFO - Table articles_par_source_jour créée
[2026-05-16T02:56:39.911+0000] {subprocess.py:93} INFO - 
[2026-05-16T02:56:39.913+0000] {subprocess.py:93} INFO - ==============================
[2026-05-16T02:56:39.915+0000] {subprocess.py:93} INFO - GOLD LAYER TERMINÉ
[2026-05-16T02:56:39.918+0000] {subprocess.py:93} INFO - ==============================
[2026-05-16T02:56:40.607+0000] {subprocess.py:97} INFO - Command exited with return code 0
[2026-05-16T02:56:40.611+0000] {taskinstance.py:441} INFO - ::group::Post task execution logs
[2026-05-16T02:56:40.974+0000] {taskinstance.py:1206} INFO - Marking task as SUCCESS. dag_id=medallion_gold_layer, task_id=gold_processing, run_id=scheduled__2026-05-16T02:50:00+00:00, execution_date=20260516T025000, start_date=20260516T025501, end_date=20260516T025640
[2026-05-16T02:56:41.527+0000] {local_task_job_runner.py:240} INFO - Task exited with return code 0
[2026-05-16T02:56:41.860+0000] {taskinstance.py:3498} INFO - 0 downstream tasks scheduled from follow-on schedule check
[2026-05-16T02:56:41.884+0000] {local_task_job_runner.py:222} INFO - ::endgroup::
