[2026-05-16T01:35:01.807+0000] {local_task_job_runner.py:120} INFO - ::group::Pre task execution logs
[2026-05-16T01:35:01.964+0000] {taskinstance.py:2076} INFO - Dependencies all met for dep_context=non-requeueable deps ti=<TaskInstance: medallion_gold_layer.gold_processing scheduled__2026-05-16T01:30:00+00:00 [queued]>
[2026-05-16T01:35:01.994+0000] {taskinstance.py:2076} INFO - Dependencies all met for dep_context=requeueable deps ti=<TaskInstance: medallion_gold_layer.gold_processing scheduled__2026-05-16T01:30:00+00:00 [queued]>
[2026-05-16T01:35:01.996+0000] {taskinstance.py:2306} INFO - Starting attempt 1 of 2
[2026-05-16T01:35:02.071+0000] {taskinstance.py:2330} INFO - Executing <Task(BashOperator): gold_processing> on 2026-05-16 01:30:00+00:00
[2026-05-16T01:35:02.093+0000] {standard_task_runner.py:63} INFO - Started process 40926 to run task
[2026-05-16T01:35:02.108+0000] {standard_task_runner.py:90} INFO - Running: ['airflow', 'tasks', 'run', 'medallion_gold_layer', 'gold_processing', 'scheduled__2026-05-16T01:30:00+00:00', '--job-id', '109', '--raw', '--subdir', 'DAGS_FOLDER/gold_layer_dag.py', '--cfg-path', '/tmp/tmpotihv7wv']
[2026-05-16T01:35:02.117+0000] {standard_task_runner.py:91} INFO - Job 109: Subtask gold_processing
[2026-05-16T01:35:02.772+0000] {task_command.py:426} INFO - Running <TaskInstance: medallion_gold_layer.gold_processing scheduled__2026-05-16T01:30:00+00:00 [running]> on host e8a9653e4a1b
[2026-05-16T01:35:03.503+0000] {taskinstance.py:2648} INFO - Exporting env vars: AIRFLOW_CTX_DAG_OWNER='anass' AIRFLOW_CTX_DAG_ID='medallion_gold_layer' AIRFLOW_CTX_TASK_ID='gold_processing' AIRFLOW_CTX_EXECUTION_DATE='2026-05-16T01:30:00+00:00' AIRFLOW_CTX_TRY_NUMBER='1' AIRFLOW_CTX_DAG_RUN_ID='scheduled__2026-05-16T01:30:00+00:00'
[2026-05-16T01:35:03.506+0000] {taskinstance.py:430} INFO - ::endgroup::
[2026-05-16T01:35:03.550+0000] {subprocess.py:63} INFO - Tmp dir root location: /tmp
[2026-05-16T01:35:03.554+0000] {subprocess.py:75} INFO - Running command: ['/usr/bin/bash', '-c', '\n    spark-submit     --master spark://spark-master:7077     --executor-memory 512M     --executor-cores 1     --total-executor-cores 1     --jars /opt/airflow/jars/aws-java-sdk-bundle-1.12.262.jar,/opt/airflow/jars/hadoop-aws-3.3.4.jar,/opt/airflow/jars/postgresql-42.7.3.jar     /opt/spark_jobs/gold_processor.py\n    ']
[2026-05-16T01:35:03.581+0000] {subprocess.py:86} INFO - Output:
[2026-05-16T01:35:07.781+0000] {subprocess.py:93} INFO - 26/05/16 01:35:07 WARN NativeCodeLoader: Unable to load native-hadoop library for your platform... using builtin-java classes where applicable
[2026-05-16T01:35:10.020+0000] {subprocess.py:93} INFO - 26/05/16 01:35:10 INFO SparkContext: Running Spark version 3.5.1
[2026-05-16T01:35:10.021+0000] {subprocess.py:93} INFO - 26/05/16 01:35:10 INFO SparkContext: OS info Linux, 6.6.87.2-microsoft-standard-WSL2, amd64
[2026-05-16T01:35:10.022+0000] {subprocess.py:93} INFO - 26/05/16 01:35:10 INFO SparkContext: Java version 17.0.19
[2026-05-16T01:35:10.081+0000] {subprocess.py:93} INFO - 26/05/16 01:35:10 INFO ResourceUtils: ==============================================================
[2026-05-16T01:35:10.083+0000] {subprocess.py:93} INFO - 26/05/16 01:35:10 INFO ResourceUtils: No custom resources configured for spark.driver.
[2026-05-16T01:35:10.085+0000] {subprocess.py:93} INFO - 26/05/16 01:35:10 INFO ResourceUtils: ==============================================================
[2026-05-16T01:35:10.086+0000] {subprocess.py:93} INFO - 26/05/16 01:35:10 INFO SparkContext: Submitted application: GoldLayerProcessor
[2026-05-16T01:35:10.135+0000] {subprocess.py:93} INFO - 26/05/16 01:35:10 INFO ResourceProfile: Default ResourceProfile created, executor resources: Map(cores -> name: cores, amount: 1, script: , vendor: , memory -> name: memory, amount: 512, script: , vendor: , offHeap -> name: offHeap, amount: 0, script: , vendor: ), task resources: Map(cpus -> name: cpus, amount: 1.0)
[2026-05-16T01:35:10.157+0000] {subprocess.py:93} INFO - 26/05/16 01:35:10 INFO ResourceProfile: Limiting resource is cpus at 1 tasks per executor
[2026-05-16T01:35:10.164+0000] {subprocess.py:93} INFO - 26/05/16 01:35:10 INFO ResourceProfileManager: Added ResourceProfile id: 0
[2026-05-16T01:35:10.290+0000] {subprocess.py:93} INFO - 26/05/16 01:35:10 INFO SecurityManager: Changing view acls to: airflow
[2026-05-16T01:35:10.292+0000] {subprocess.py:93} INFO - 26/05/16 01:35:10 INFO SecurityManager: Changing modify acls to: airflow
[2026-05-16T01:35:10.294+0000] {subprocess.py:93} INFO - 26/05/16 01:35:10 INFO SecurityManager: Changing view acls groups to:
[2026-05-16T01:35:10.295+0000] {subprocess.py:93} INFO - 26/05/16 01:35:10 INFO SecurityManager: Changing modify acls groups to:
[2026-05-16T01:35:10.296+0000] {subprocess.py:93} INFO - 26/05/16 01:35:10 INFO SecurityManager: SecurityManager: authentication disabled; ui acls disabled; users with view permissions: airflow; groups with view permissions: EMPTY; users with modify permissions: airflow; groups with modify permissions: EMPTY
[2026-05-16T01:35:10.783+0000] {subprocess.py:93} INFO - 26/05/16 01:35:10 INFO Utils: Successfully started service 'sparkDriver' on port 34931.
[2026-05-16T01:35:10.879+0000] {subprocess.py:93} INFO - 26/05/16 01:35:10 INFO SparkEnv: Registering MapOutputTracker
[2026-05-16T01:35:10.950+0000] {subprocess.py:93} INFO - 26/05/16 01:35:10 INFO SparkEnv: Registering BlockManagerMaster
[2026-05-16T01:35:10.988+0000] {subprocess.py:93} INFO - 26/05/16 01:35:10 INFO BlockManagerMasterEndpoint: Using org.apache.spark.storage.DefaultTopologyMapper for getting topology information
[2026-05-16T01:35:10.991+0000] {subprocess.py:93} INFO - 26/05/16 01:35:10 INFO BlockManagerMasterEndpoint: BlockManagerMasterEndpoint up
[2026-05-16T01:35:11.005+0000] {subprocess.py:93} INFO - 26/05/16 01:35:11 INFO SparkEnv: Registering BlockManagerMasterHeartbeat
[2026-05-16T01:35:11.053+0000] {subprocess.py:93} INFO - 26/05/16 01:35:11 INFO DiskBlockManager: Created local directory at /tmp/blockmgr-8eb4e349-04f8-401a-b219-46f67dfcc45b
[2026-05-16T01:35:11.087+0000] {subprocess.py:93} INFO - 26/05/16 01:35:11 INFO MemoryStore: MemoryStore started with capacity 434.4 MiB
[2026-05-16T01:35:11.131+0000] {subprocess.py:93} INFO - 26/05/16 01:35:11 INFO SparkEnv: Registering OutputCommitCoordinator
[2026-05-16T01:35:11.491+0000] {subprocess.py:93} INFO - 26/05/16 01:35:11 INFO JettyUtils: Start Jetty 0.0.0.0:4040 for SparkUI
[2026-05-16T01:35:11.613+0000] {subprocess.py:93} INFO - 26/05/16 01:35:11 INFO Utils: Successfully started service 'SparkUI' on port 4040.
[2026-05-16T01:35:11.687+0000] {subprocess.py:93} INFO - 26/05/16 01:35:11 INFO SparkContext: Added JAR file:///opt/airflow/jars/aws-java-sdk-bundle-1.12.262.jar at spark://e8a9653e4a1b:34931/jars/aws-java-sdk-bundle-1.12.262.jar with timestamp 1778895310004
[2026-05-16T01:35:11.689+0000] {subprocess.py:93} INFO - 26/05/16 01:35:11 INFO SparkContext: Added JAR file:///opt/airflow/jars/hadoop-aws-3.3.4.jar at spark://e8a9653e4a1b:34931/jars/hadoop-aws-3.3.4.jar with timestamp 1778895310004
[2026-05-16T01:35:11.690+0000] {subprocess.py:93} INFO - 26/05/16 01:35:11 INFO SparkContext: Added JAR file:///opt/airflow/jars/postgresql-42.7.3.jar at spark://e8a9653e4a1b:34931/jars/postgresql-42.7.3.jar with timestamp 1778895310004
[2026-05-16T01:35:11.838+0000] {subprocess.py:93} INFO - 26/05/16 01:35:11 INFO StandaloneAppClient$ClientEndpoint: Connecting to master spark://spark-master:7077...
[2026-05-16T01:35:11.914+0000] {subprocess.py:93} INFO - 26/05/16 01:35:11 INFO TransportClientFactory: Successfully created connection to spark-master/172.18.0.6:7077 after 44 ms (0 ms spent in bootstraps)
[2026-05-16T01:35:12.053+0000] {subprocess.py:93} INFO - 26/05/16 01:35:12 INFO StandaloneSchedulerBackend: Connected to Spark cluster with app ID app-20260516013512-0108
[2026-05-16T01:35:12.062+0000] {subprocess.py:93} INFO - 26/05/16 01:35:12 INFO StandaloneAppClient$ClientEndpoint: Executor added: app-20260516013512-0108/0 on worker-20260514105200-172.18.0.13-40347 (172.18.0.13:40347) with 1 core(s)
[2026-05-16T01:35:12.066+0000] {subprocess.py:93} INFO - 26/05/16 01:35:12 INFO StandaloneSchedulerBackend: Granted executor ID app-20260516013512-0108/0 on hostPort 172.18.0.13:40347 with 1 core(s), 512.0 MiB RAM
[2026-05-16T01:35:12.075+0000] {subprocess.py:93} INFO - 26/05/16 01:35:12 INFO Utils: Successfully started service 'org.apache.spark.network.netty.NettyBlockTransferService' on port 43863.
[2026-05-16T01:35:12.076+0000] {subprocess.py:93} INFO - 26/05/16 01:35:12 INFO NettyBlockTransferService: Server created on e8a9653e4a1b:43863
[2026-05-16T01:35:12.078+0000] {subprocess.py:93} INFO - 26/05/16 01:35:12 INFO BlockManager: Using org.apache.spark.storage.RandomBlockReplicationPolicy for block replication policy
[2026-05-16T01:35:12.097+0000] {subprocess.py:93} INFO - 26/05/16 01:35:12 INFO BlockManagerMaster: Registering BlockManager BlockManagerId(driver, e8a9653e4a1b, 43863, None)
[2026-05-16T01:35:12.109+0000] {subprocess.py:93} INFO - 26/05/16 01:35:12 INFO BlockManagerMasterEndpoint: Registering block manager e8a9653e4a1b:43863 with 434.4 MiB RAM, BlockManagerId(driver, e8a9653e4a1b, 43863, None)
[2026-05-16T01:35:12.113+0000] {subprocess.py:93} INFO - 26/05/16 01:35:12 INFO BlockManagerMaster: Registered BlockManager BlockManagerId(driver, e8a9653e4a1b, 43863, None)
[2026-05-16T01:35:12.116+0000] {subprocess.py:93} INFO - 26/05/16 01:35:12 INFO BlockManager: Initialized BlockManager: BlockManagerId(driver, e8a9653e4a1b, 43863, None)
[2026-05-16T01:35:12.124+0000] {subprocess.py:93} INFO - 26/05/16 01:35:12 INFO StandaloneAppClient$ClientEndpoint: Executor updated: app-20260516013512-0108/0 is now RUNNING
[2026-05-16T01:35:12.521+0000] {subprocess.py:93} INFO - 26/05/16 01:35:12 INFO StandaloneSchedulerBackend: SchedulerBackend is ready for scheduling beginning after reached minRegisteredResourcesRatio: 0.0
[2026-05-16T01:35:14.954+0000] {subprocess.py:93} INFO - 26/05/16 01:35:14 WARN MetricsConfig: Cannot locate configuration: tried hadoop-metrics2-s3a-file-system.properties,hadoop-metrics2.properties
[2026-05-16T01:35:25.857+0000] {subprocess.py:93} INFO - Lecture SILVER terminée
[2026-05-16T01:35:48.060+0000] {subprocess.py:93} INFO - Table articles_par_jour créée
[2026-05-16T01:36:05.610+0000] {subprocess.py:93} INFO - Table articles_par_source créée
[2026-05-16T01:36:23.173+0000] {subprocess.py:93} INFO - Table top_categories créée
[2026-05-16T01:36:38.615+0000] {subprocess.py:93} INFO - Table articles_par_source_jour créée
[2026-05-16T01:36:38.618+0000] {subprocess.py:93} INFO - 
[2026-05-16T01:36:38.620+0000] {subprocess.py:93} INFO - ==============================
[2026-05-16T01:36:38.622+0000] {subprocess.py:93} INFO - GOLD LAYER TERMINÉ
[2026-05-16T01:36:38.624+0000] {subprocess.py:93} INFO - ==============================
[2026-05-16T01:36:39.439+0000] {subprocess.py:97} INFO - Command exited with return code 0
[2026-05-16T01:36:39.442+0000] {taskinstance.py:441} INFO - ::group::Post task execution logs
[2026-05-16T01:36:40.042+0000] {taskinstance.py:1206} INFO - Marking task as SUCCESS. dag_id=medallion_gold_layer, task_id=gold_processing, run_id=scheduled__2026-05-16T01:30:00+00:00, execution_date=20260516T013000, start_date=20260516T013501, end_date=20260516T013640
[2026-05-16T01:36:40.155+0000] {local_task_job_runner.py:240} INFO - Task exited with return code 0
[2026-05-16T01:36:40.307+0000] {taskinstance.py:3498} INFO - 0 downstream tasks scheduled from follow-on schedule check
[2026-05-16T01:36:40.316+0000] {local_task_job_runner.py:222} INFO - ::endgroup::
