[2026-05-17T02:21:05.254+0000] {local_task_job_runner.py:120} INFO - ::group::Pre task execution logs
[2026-05-17T02:21:05.308+0000] {taskinstance.py:2076} INFO - Dependencies all met for dep_context=non-requeueable deps ti=<TaskInstance: medallion_gold_layer.gold_processing scheduled__2026-05-17T02:15:00+00:00 [queued]>
[2026-05-17T02:21:05.318+0000] {taskinstance.py:2076} INFO - Dependencies all met for dep_context=requeueable deps ti=<TaskInstance: medallion_gold_layer.gold_processing scheduled__2026-05-17T02:15:00+00:00 [queued]>
[2026-05-17T02:21:05.319+0000] {taskinstance.py:2306} INFO - Starting attempt 1 of 2
[2026-05-17T02:21:05.334+0000] {taskinstance.py:2330} INFO - Executing <Task(BashOperator): gold_processing> on 2026-05-17 02:15:00+00:00
[2026-05-17T02:21:05.338+0000] {standard_task_runner.py:63} INFO - Started process 65457 to run task
[2026-05-17T02:21:05.341+0000] {standard_task_runner.py:90} INFO - Running: ['airflow', 'tasks', 'run', 'medallion_gold_layer', 'gold_processing', 'scheduled__2026-05-17T02:15:00+00:00', '--job-id', '171', '--raw', '--subdir', 'DAGS_FOLDER/gold_layer_dag.py', '--cfg-path', '/tmp/tmp6ippai5g']
[2026-05-17T02:21:05.343+0000] {standard_task_runner.py:91} INFO - Job 171: Subtask gold_processing
[2026-05-17T02:21:05.500+0000] {task_command.py:426} INFO - Running <TaskInstance: medallion_gold_layer.gold_processing scheduled__2026-05-17T02:15:00+00:00 [running]> on host e8a9653e4a1b
[2026-05-17T02:21:05.733+0000] {taskinstance.py:2648} INFO - Exporting env vars: AIRFLOW_CTX_DAG_OWNER='anass' AIRFLOW_CTX_DAG_ID='medallion_gold_layer' AIRFLOW_CTX_TASK_ID='gold_processing' AIRFLOW_CTX_EXECUTION_DATE='2026-05-17T02:15:00+00:00' AIRFLOW_CTX_TRY_NUMBER='1' AIRFLOW_CTX_DAG_RUN_ID='scheduled__2026-05-17T02:15:00+00:00'
[2026-05-17T02:21:05.734+0000] {taskinstance.py:430} INFO - ::endgroup::
[2026-05-17T02:21:05.744+0000] {subprocess.py:63} INFO - Tmp dir root location: /tmp
[2026-05-17T02:21:05.745+0000] {subprocess.py:75} INFO - Running command: ['/usr/bin/bash', '-c', '\n    spark-submit     --master spark://spark-master:7077     --executor-memory 512M     --executor-cores 1     --total-executor-cores 1     --jars /opt/airflow/jars/aws-java-sdk-bundle-1.12.262.jar,/opt/airflow/jars/hadoop-aws-3.3.4.jar,/opt/airflow/jars/postgresql-42.7.3.jar     /opt/spark_jobs/gold_processor.py\n    ']
[2026-05-17T02:21:05.753+0000] {subprocess.py:86} INFO - Output:
[2026-05-17T02:21:07.778+0000] {subprocess.py:93} INFO - 26/05/17 02:21:07 WARN NativeCodeLoader: Unable to load native-hadoop library for your platform... using builtin-java classes where applicable
[2026-05-17T02:21:09.274+0000] {subprocess.py:93} INFO - 26/05/17 02:21:09 INFO SparkContext: Running Spark version 3.5.1
[2026-05-17T02:21:09.275+0000] {subprocess.py:93} INFO - 26/05/17 02:21:09 INFO SparkContext: OS info Linux, 6.6.87.2-microsoft-standard-WSL2, amd64
[2026-05-17T02:21:09.275+0000] {subprocess.py:93} INFO - 26/05/17 02:21:09 INFO SparkContext: Java version 17.0.19
[2026-05-17T02:21:09.317+0000] {subprocess.py:93} INFO - 26/05/17 02:21:09 INFO ResourceUtils: ==============================================================
[2026-05-17T02:21:09.318+0000] {subprocess.py:93} INFO - 26/05/17 02:21:09 INFO ResourceUtils: No custom resources configured for spark.driver.
[2026-05-17T02:21:09.319+0000] {subprocess.py:93} INFO - 26/05/17 02:21:09 INFO ResourceUtils: ==============================================================
[2026-05-17T02:21:09.320+0000] {subprocess.py:93} INFO - 26/05/17 02:21:09 INFO SparkContext: Submitted application: GoldLayerProcessor
[2026-05-17T02:21:09.348+0000] {subprocess.py:93} INFO - 26/05/17 02:21:09 INFO ResourceProfile: Default ResourceProfile created, executor resources: Map(cores -> name: cores, amount: 1, script: , vendor: , memory -> name: memory, amount: 512, script: , vendor: , offHeap -> name: offHeap, amount: 0, script: , vendor: ), task resources: Map(cpus -> name: cpus, amount: 1.0)
[2026-05-17T02:21:09.361+0000] {subprocess.py:93} INFO - 26/05/17 02:21:09 INFO ResourceProfile: Limiting resource is cpus at 1 tasks per executor
[2026-05-17T02:21:09.366+0000] {subprocess.py:93} INFO - 26/05/17 02:21:09 INFO ResourceProfileManager: Added ResourceProfile id: 0
[2026-05-17T02:21:09.447+0000] {subprocess.py:93} INFO - 26/05/17 02:21:09 INFO SecurityManager: Changing view acls to: airflow
[2026-05-17T02:21:09.447+0000] {subprocess.py:93} INFO - 26/05/17 02:21:09 INFO SecurityManager: Changing modify acls to: airflow
[2026-05-17T02:21:09.448+0000] {subprocess.py:93} INFO - 26/05/17 02:21:09 INFO SecurityManager: Changing view acls groups to:
[2026-05-17T02:21:09.449+0000] {subprocess.py:93} INFO - 26/05/17 02:21:09 INFO SecurityManager: Changing modify acls groups to:
[2026-05-17T02:21:09.450+0000] {subprocess.py:93} INFO - 26/05/17 02:21:09 INFO SecurityManager: SecurityManager: authentication disabled; ui acls disabled; users with view permissions: airflow; groups with view permissions: EMPTY; users with modify permissions: airflow; groups with modify permissions: EMPTY
[2026-05-17T02:21:09.711+0000] {subprocess.py:93} INFO - 26/05/17 02:21:09 INFO Utils: Successfully started service 'sparkDriver' on port 39511.
[2026-05-17T02:21:09.743+0000] {subprocess.py:93} INFO - 26/05/17 02:21:09 INFO SparkEnv: Registering MapOutputTracker
[2026-05-17T02:21:09.784+0000] {subprocess.py:93} INFO - 26/05/17 02:21:09 INFO SparkEnv: Registering BlockManagerMaster
[2026-05-17T02:21:09.828+0000] {subprocess.py:93} INFO - 26/05/17 02:21:09 INFO BlockManagerMasterEndpoint: Using org.apache.spark.storage.DefaultTopologyMapper for getting topology information
[2026-05-17T02:21:09.830+0000] {subprocess.py:93} INFO - 26/05/17 02:21:09 INFO BlockManagerMasterEndpoint: BlockManagerMasterEndpoint up
[2026-05-17T02:21:09.838+0000] {subprocess.py:93} INFO - 26/05/17 02:21:09 INFO SparkEnv: Registering BlockManagerMasterHeartbeat
[2026-05-17T02:21:09.865+0000] {subprocess.py:93} INFO - 26/05/17 02:21:09 INFO DiskBlockManager: Created local directory at /tmp/blockmgr-023df894-018a-4add-a73f-934886c6b2c6
[2026-05-17T02:21:09.880+0000] {subprocess.py:93} INFO - 26/05/17 02:21:09 INFO MemoryStore: MemoryStore started with capacity 434.4 MiB
[2026-05-17T02:21:09.910+0000] {subprocess.py:93} INFO - 26/05/17 02:21:09 INFO SparkEnv: Registering OutputCommitCoordinator
[2026-05-17T02:21:10.090+0000] {subprocess.py:93} INFO - 26/05/17 02:21:10 INFO JettyUtils: Start Jetty 0.0.0.0:4040 for SparkUI
[2026-05-17T02:21:10.181+0000] {subprocess.py:93} INFO - 26/05/17 02:21:10 INFO Utils: Successfully started service 'SparkUI' on port 4040.
[2026-05-17T02:21:10.236+0000] {subprocess.py:93} INFO - 26/05/17 02:21:10 INFO SparkContext: Added JAR file:///opt/airflow/jars/aws-java-sdk-bundle-1.12.262.jar at spark://e8a9653e4a1b:39511/jars/aws-java-sdk-bundle-1.12.262.jar with timestamp 1778984469263
[2026-05-17T02:21:10.237+0000] {subprocess.py:93} INFO - 26/05/17 02:21:10 INFO SparkContext: Added JAR file:///opt/airflow/jars/hadoop-aws-3.3.4.jar at spark://e8a9653e4a1b:39511/jars/hadoop-aws-3.3.4.jar with timestamp 1778984469263
[2026-05-17T02:21:10.238+0000] {subprocess.py:93} INFO - 26/05/17 02:21:10 INFO SparkContext: Added JAR file:///opt/airflow/jars/postgresql-42.7.3.jar at spark://e8a9653e4a1b:39511/jars/postgresql-42.7.3.jar with timestamp 1778984469263
[2026-05-17T02:21:10.353+0000] {subprocess.py:93} INFO - 26/05/17 02:21:10 INFO StandaloneAppClient$ClientEndpoint: Connecting to master spark://spark-master:7077...
[2026-05-17T02:21:10.400+0000] {subprocess.py:93} INFO - 26/05/17 02:21:10 INFO TransportClientFactory: Successfully created connection to spark-master/172.18.0.6:7077 after 25 ms (0 ms spent in bootstraps)
[2026-05-17T02:21:10.503+0000] {subprocess.py:93} INFO - 26/05/17 02:21:10 INFO StandaloneSchedulerBackend: Connected to Spark cluster with app ID app-20260517022110-0170
[2026-05-17T02:21:10.509+0000] {subprocess.py:93} INFO - 26/05/17 02:21:10 INFO StandaloneAppClient$ClientEndpoint: Executor added: app-20260517022110-0170/0 on worker-20260514105200-172.18.0.13-40347 (172.18.0.13:40347) with 1 core(s)
[2026-05-17T02:21:10.510+0000] {subprocess.py:93} INFO - 26/05/17 02:21:10 INFO StandaloneSchedulerBackend: Granted executor ID app-20260517022110-0170/0 on hostPort 172.18.0.13:40347 with 1 core(s), 512.0 MiB RAM
[2026-05-17T02:21:10.519+0000] {subprocess.py:93} INFO - 26/05/17 02:21:10 INFO Utils: Successfully started service 'org.apache.spark.network.netty.NettyBlockTransferService' on port 39973.
[2026-05-17T02:21:10.520+0000] {subprocess.py:93} INFO - 26/05/17 02:21:10 INFO NettyBlockTransferService: Server created on e8a9653e4a1b:39973
[2026-05-17T02:21:10.523+0000] {subprocess.py:93} INFO - 26/05/17 02:21:10 INFO BlockManager: Using org.apache.spark.storage.RandomBlockReplicationPolicy for block replication policy
[2026-05-17T02:21:10.540+0000] {subprocess.py:93} INFO - 26/05/17 02:21:10 INFO BlockManagerMaster: Registering BlockManager BlockManagerId(driver, e8a9653e4a1b, 39973, None)
[2026-05-17T02:21:10.547+0000] {subprocess.py:93} INFO - 26/05/17 02:21:10 INFO BlockManagerMasterEndpoint: Registering block manager e8a9653e4a1b:39973 with 434.4 MiB RAM, BlockManagerId(driver, e8a9653e4a1b, 39973, None)
[2026-05-17T02:21:10.549+0000] {subprocess.py:93} INFO - 26/05/17 02:21:10 INFO StandaloneAppClient$ClientEndpoint: Executor updated: app-20260517022110-0170/0 is now RUNNING
[2026-05-17T02:21:10.550+0000] {subprocess.py:93} INFO - 26/05/17 02:21:10 INFO BlockManagerMaster: Registered BlockManager BlockManagerId(driver, e8a9653e4a1b, 39973, None)
[2026-05-17T02:21:10.552+0000] {subprocess.py:93} INFO - 26/05/17 02:21:10 INFO BlockManager: Initialized BlockManager: BlockManagerId(driver, e8a9653e4a1b, 39973, None)
[2026-05-17T02:21:10.931+0000] {subprocess.py:93} INFO - 26/05/17 02:21:10 INFO StandaloneSchedulerBackend: SchedulerBackend is ready for scheduling beginning after reached minRegisteredResourcesRatio: 0.0
[2026-05-17T02:21:12.826+0000] {subprocess.py:93} INFO - 26/05/17 02:21:12 WARN MetricsConfig: Cannot locate configuration: tried hadoop-metrics2-s3a-file-system.properties,hadoop-metrics2.properties
[2026-05-17T02:21:22.593+0000] {subprocess.py:93} INFO - Lecture SILVER terminée
[2026-05-17T02:21:34.597+0000] {subprocess.py:93} INFO - Table articles_par_jour créée
[2026-05-17T02:21:43.324+0000] {subprocess.py:93} INFO - Table articles_par_source créée
[2026-05-17T02:21:50.542+0000] {subprocess.py:93} INFO - Table top_categories créée
[2026-05-17T02:21:57.641+0000] {subprocess.py:93} INFO - Table articles_par_source_jour créée
[2026-05-17T02:21:57.642+0000] {subprocess.py:93} INFO - 
[2026-05-17T02:21:57.643+0000] {subprocess.py:93} INFO - ==============================
[2026-05-17T02:21:57.644+0000] {subprocess.py:93} INFO - GOLD LAYER TERMINÉ
[2026-05-17T02:21:57.645+0000] {subprocess.py:93} INFO - ==============================
[2026-05-17T02:21:58.124+0000] {subprocess.py:97} INFO - Command exited with return code 0
[2026-05-17T02:21:58.126+0000] {taskinstance.py:441} INFO - ::group::Post task execution logs
[2026-05-17T02:21:58.244+0000] {taskinstance.py:1206} INFO - Marking task as SUCCESS. dag_id=medallion_gold_layer, task_id=gold_processing, run_id=scheduled__2026-05-17T02:15:00+00:00, execution_date=20260517T021500, start_date=20260517T022105, end_date=20260517T022158
[2026-05-17T02:21:58.428+0000] {local_task_job_runner.py:240} INFO - Task exited with return code 0
[2026-05-17T02:21:58.473+0000] {local_task_job_runner.py:222} INFO - ::endgroup::
