[2026-05-17T21:50:02.027+0000] {local_task_job_runner.py:120} INFO - ::group::Pre task execution logs
[2026-05-17T21:50:02.252+0000] {taskinstance.py:2076} INFO - Dependencies all met for dep_context=non-requeueable deps ti=<TaskInstance: medallion_gold_layer.gold_processing scheduled__2026-05-17T21:45:00+00:00 [queued]>
[2026-05-17T21:50:02.296+0000] {taskinstance.py:2076} INFO - Dependencies all met for dep_context=requeueable deps ti=<TaskInstance: medallion_gold_layer.gold_processing scheduled__2026-05-17T21:45:00+00:00 [queued]>
[2026-05-17T21:50:02.299+0000] {taskinstance.py:2306} INFO - Starting attempt 1 of 2
[2026-05-17T21:50:02.364+0000] {taskinstance.py:2330} INFO - Executing <Task(BashOperator): gold_processing> on 2026-05-17 21:45:00+00:00
[2026-05-17T21:50:02.380+0000] {standard_task_runner.py:63} INFO - Started process 74636 to run task
[2026-05-17T21:50:02.394+0000] {standard_task_runner.py:90} INFO - Running: ['airflow', 'tasks', 'run', 'medallion_gold_layer', 'gold_processing', 'scheduled__2026-05-17T21:45:00+00:00', '--job-id', '194', '--raw', '--subdir', 'DAGS_FOLDER/gold_layer_dag.py', '--cfg-path', '/tmp/tmpa73ln24b']
[2026-05-17T21:50:02.403+0000] {standard_task_runner.py:91} INFO - Job 194: Subtask gold_processing
[2026-05-17T21:50:02.875+0000] {task_command.py:426} INFO - Running <TaskInstance: medallion_gold_layer.gold_processing scheduled__2026-05-17T21:45:00+00:00 [running]> on host e8a9653e4a1b
[2026-05-17T21:50:03.664+0000] {taskinstance.py:2648} INFO - Exporting env vars: AIRFLOW_CTX_DAG_OWNER='anass' AIRFLOW_CTX_DAG_ID='medallion_gold_layer' AIRFLOW_CTX_TASK_ID='gold_processing' AIRFLOW_CTX_EXECUTION_DATE='2026-05-17T21:45:00+00:00' AIRFLOW_CTX_TRY_NUMBER='1' AIRFLOW_CTX_DAG_RUN_ID='scheduled__2026-05-17T21:45:00+00:00'
[2026-05-17T21:50:03.666+0000] {taskinstance.py:430} INFO - ::endgroup::
[2026-05-17T21:50:03.712+0000] {subprocess.py:63} INFO - Tmp dir root location: /tmp
[2026-05-17T21:50:03.716+0000] {subprocess.py:75} INFO - Running command: ['/usr/bin/bash', '-c', '\n    spark-submit     --master spark://spark-master:7077     --executor-memory 512M     --executor-cores 1     --total-executor-cores 1     --jars /opt/airflow/jars/aws-java-sdk-bundle-1.12.262.jar,/opt/airflow/jars/hadoop-aws-3.3.4.jar,/opt/airflow/jars/postgresql-42.7.3.jar     /opt/spark_jobs/gold_processor.py\n    ']
[2026-05-17T21:50:03.740+0000] {subprocess.py:86} INFO - Output:
[2026-05-17T21:50:06.865+0000] {subprocess.py:93} INFO - 26/05/17 21:50:06 WARN NativeCodeLoader: Unable to load native-hadoop library for your platform... using builtin-java classes where applicable
[2026-05-17T21:50:09.312+0000] {subprocess.py:93} INFO - 26/05/17 21:50:09 INFO SparkContext: Running Spark version 3.5.1
[2026-05-17T21:50:09.314+0000] {subprocess.py:93} INFO - 26/05/17 21:50:09 INFO SparkContext: OS info Linux, 6.6.87.2-microsoft-standard-WSL2, amd64
[2026-05-17T21:50:09.315+0000] {subprocess.py:93} INFO - 26/05/17 21:50:09 INFO SparkContext: Java version 17.0.19
[2026-05-17T21:50:09.374+0000] {subprocess.py:93} INFO - 26/05/17 21:50:09 INFO ResourceUtils: ==============================================================
[2026-05-17T21:50:09.376+0000] {subprocess.py:93} INFO - 26/05/17 21:50:09 INFO ResourceUtils: No custom resources configured for spark.driver.
[2026-05-17T21:50:09.378+0000] {subprocess.py:93} INFO - 26/05/17 21:50:09 INFO ResourceUtils: ==============================================================
[2026-05-17T21:50:09.380+0000] {subprocess.py:93} INFO - 26/05/17 21:50:09 INFO SparkContext: Submitted application: GoldLayerProcessor
[2026-05-17T21:50:09.420+0000] {subprocess.py:93} INFO - 26/05/17 21:50:09 INFO ResourceProfile: Default ResourceProfile created, executor resources: Map(cores -> name: cores, amount: 1, script: , vendor: , memory -> name: memory, amount: 512, script: , vendor: , offHeap -> name: offHeap, amount: 0, script: , vendor: ), task resources: Map(cpus -> name: cpus, amount: 1.0)
[2026-05-17T21:50:09.441+0000] {subprocess.py:93} INFO - 26/05/17 21:50:09 INFO ResourceProfile: Limiting resource is cpus at 1 tasks per executor
[2026-05-17T21:50:09.447+0000] {subprocess.py:93} INFO - 26/05/17 21:50:09 INFO ResourceProfileManager: Added ResourceProfile id: 0
[2026-05-17T21:50:09.569+0000] {subprocess.py:93} INFO - 26/05/17 21:50:09 INFO SecurityManager: Changing view acls to: airflow
[2026-05-17T21:50:09.573+0000] {subprocess.py:93} INFO - 26/05/17 21:50:09 INFO SecurityManager: Changing modify acls to: airflow
[2026-05-17T21:50:09.575+0000] {subprocess.py:93} INFO - 26/05/17 21:50:09 INFO SecurityManager: Changing view acls groups to:
[2026-05-17T21:50:09.577+0000] {subprocess.py:93} INFO - 26/05/17 21:50:09 INFO SecurityManager: Changing modify acls groups to:
[2026-05-17T21:50:09.579+0000] {subprocess.py:93} INFO - 26/05/17 21:50:09 INFO SecurityManager: SecurityManager: authentication disabled; ui acls disabled; users with view permissions: airflow; groups with view permissions: EMPTY; users with modify permissions: airflow; groups with modify permissions: EMPTY
[2026-05-17T21:50:10.015+0000] {subprocess.py:93} INFO - 26/05/17 21:50:10 INFO Utils: Successfully started service 'sparkDriver' on port 38299.
[2026-05-17T21:50:10.079+0000] {subprocess.py:93} INFO - 26/05/17 21:50:10 INFO SparkEnv: Registering MapOutputTracker
[2026-05-17T21:50:10.188+0000] {subprocess.py:93} INFO - 26/05/17 21:50:10 INFO SparkEnv: Registering BlockManagerMaster
[2026-05-17T21:50:10.224+0000] {subprocess.py:93} INFO - 26/05/17 21:50:10 INFO BlockManagerMasterEndpoint: Using org.apache.spark.storage.DefaultTopologyMapper for getting topology information
[2026-05-17T21:50:10.225+0000] {subprocess.py:93} INFO - 26/05/17 21:50:10 INFO BlockManagerMasterEndpoint: BlockManagerMasterEndpoint up
[2026-05-17T21:50:10.233+0000] {subprocess.py:93} INFO - 26/05/17 21:50:10 INFO SparkEnv: Registering BlockManagerMasterHeartbeat
[2026-05-17T21:50:10.268+0000] {subprocess.py:93} INFO - 26/05/17 21:50:10 INFO DiskBlockManager: Created local directory at /tmp/blockmgr-7eab702a-d8f0-4db1-8145-0bd5d4f7d42f
[2026-05-17T21:50:10.296+0000] {subprocess.py:93} INFO - 26/05/17 21:50:10 INFO MemoryStore: MemoryStore started with capacity 434.4 MiB
[2026-05-17T21:50:10.328+0000] {subprocess.py:93} INFO - 26/05/17 21:50:10 INFO SparkEnv: Registering OutputCommitCoordinator
[2026-05-17T21:50:10.514+0000] {subprocess.py:93} INFO - 26/05/17 21:50:10 INFO JettyUtils: Start Jetty 0.0.0.0:4040 for SparkUI
[2026-05-17T21:50:10.645+0000] {subprocess.py:93} INFO - 26/05/17 21:50:10 INFO Utils: Successfully started service 'SparkUI' on port 4040.
[2026-05-17T21:50:10.742+0000] {subprocess.py:93} INFO - 26/05/17 21:50:10 INFO SparkContext: Added JAR file:///opt/airflow/jars/aws-java-sdk-bundle-1.12.262.jar at spark://e8a9653e4a1b:38299/jars/aws-java-sdk-bundle-1.12.262.jar with timestamp 1779054609291
[2026-05-17T21:50:10.744+0000] {subprocess.py:93} INFO - 26/05/17 21:50:10 INFO SparkContext: Added JAR file:///opt/airflow/jars/hadoop-aws-3.3.4.jar at spark://e8a9653e4a1b:38299/jars/hadoop-aws-3.3.4.jar with timestamp 1779054609291
[2026-05-17T21:50:10.745+0000] {subprocess.py:93} INFO - 26/05/17 21:50:10 INFO SparkContext: Added JAR file:///opt/airflow/jars/postgresql-42.7.3.jar at spark://e8a9653e4a1b:38299/jars/postgresql-42.7.3.jar with timestamp 1779054609291
[2026-05-17T21:50:10.910+0000] {subprocess.py:93} INFO - 26/05/17 21:50:10 INFO StandaloneAppClient$ClientEndpoint: Connecting to master spark://spark-master:7077...
[2026-05-17T21:50:11.010+0000] {subprocess.py:93} INFO - 26/05/17 21:50:11 INFO TransportClientFactory: Successfully created connection to spark-master/172.18.0.6:7077 after 55 ms (0 ms spent in bootstraps)
[2026-05-17T21:50:11.179+0000] {subprocess.py:93} INFO - 26/05/17 21:50:11 INFO StandaloneSchedulerBackend: Connected to Spark cluster with app ID app-20260517215011-0193
[2026-05-17T21:50:11.186+0000] {subprocess.py:93} INFO - 26/05/17 21:50:11 INFO StandaloneAppClient$ClientEndpoint: Executor added: app-20260517215011-0193/0 on worker-20260514105200-172.18.0.13-40347 (172.18.0.13:40347) with 1 core(s)
[2026-05-17T21:50:11.196+0000] {subprocess.py:93} INFO - 26/05/17 21:50:11 INFO StandaloneSchedulerBackend: Granted executor ID app-20260517215011-0193/0 on hostPort 172.18.0.13:40347 with 1 core(s), 512.0 MiB RAM
[2026-05-17T21:50:11.213+0000] {subprocess.py:93} INFO - 26/05/17 21:50:11 INFO Utils: Successfully started service 'org.apache.spark.network.netty.NettyBlockTransferService' on port 38687.
[2026-05-17T21:50:11.215+0000] {subprocess.py:93} INFO - 26/05/17 21:50:11 INFO NettyBlockTransferService: Server created on e8a9653e4a1b:38687
[2026-05-17T21:50:11.220+0000] {subprocess.py:93} INFO - 26/05/17 21:50:11 INFO BlockManager: Using org.apache.spark.storage.RandomBlockReplicationPolicy for block replication policy
[2026-05-17T21:50:11.259+0000] {subprocess.py:93} INFO - 26/05/17 21:50:11 INFO BlockManagerMaster: Registering BlockManager BlockManagerId(driver, e8a9653e4a1b, 38687, None)
[2026-05-17T21:50:11.275+0000] {subprocess.py:93} INFO - 26/05/17 21:50:11 INFO BlockManagerMasterEndpoint: Registering block manager e8a9653e4a1b:38687 with 434.4 MiB RAM, BlockManagerId(driver, e8a9653e4a1b, 38687, None)
[2026-05-17T21:50:11.285+0000] {subprocess.py:93} INFO - 26/05/17 21:50:11 INFO BlockManagerMaster: Registered BlockManager BlockManagerId(driver, e8a9653e4a1b, 38687, None)
[2026-05-17T21:50:11.288+0000] {subprocess.py:93} INFO - 26/05/17 21:50:11 INFO StandaloneAppClient$ClientEndpoint: Executor updated: app-20260517215011-0193/0 is now RUNNING
[2026-05-17T21:50:11.289+0000] {subprocess.py:93} INFO - 26/05/17 21:50:11 INFO BlockManager: Initialized BlockManager: BlockManagerId(driver, e8a9653e4a1b, 38687, None)
[2026-05-17T21:50:11.678+0000] {subprocess.py:93} INFO - 26/05/17 21:50:11 INFO StandaloneSchedulerBackend: SchedulerBackend is ready for scheduling beginning after reached minRegisteredResourcesRatio: 0.0
[2026-05-17T21:50:13.875+0000] {subprocess.py:93} INFO - 26/05/17 21:50:13 WARN MetricsConfig: Cannot locate configuration: tried hadoop-metrics2-s3a-file-system.properties,hadoop-metrics2.properties
[2026-05-17T21:50:31.399+0000] {subprocess.py:93} INFO - Lecture SILVER terminée
[2026-05-17T21:50:59.358+0000] {subprocess.py:93} INFO - Table articles_par_jour créée
[2026-05-17T21:51:21.866+0000] {subprocess.py:93} INFO - Table articles_par_source créée
[2026-05-17T21:51:40.004+0000] {subprocess.py:93} INFO - Table top_categories créée
[2026-05-17T21:52:00.066+0000] {subprocess.py:93} INFO - Table articles_par_source_jour créée
[2026-05-17T21:52:00.068+0000] {subprocess.py:93} INFO - 
[2026-05-17T21:52:00.070+0000] {subprocess.py:93} INFO - ==============================
[2026-05-17T21:52:00.072+0000] {subprocess.py:93} INFO - GOLD LAYER TERMINÉ
[2026-05-17T21:52:00.073+0000] {subprocess.py:93} INFO - ==============================
[2026-05-17T21:52:00.724+0000] {subprocess.py:97} INFO - Command exited with return code 0
[2026-05-17T21:52:00.727+0000] {taskinstance.py:441} INFO - ::group::Post task execution logs
[2026-05-17T21:52:01.327+0000] {taskinstance.py:1206} INFO - Marking task as SUCCESS. dag_id=medallion_gold_layer, task_id=gold_processing, run_id=scheduled__2026-05-17T21:45:00+00:00, execution_date=20260517T214500, start_date=20260517T215002, end_date=20260517T215201
[2026-05-17T21:52:01.436+0000] {local_task_job_runner.py:240} INFO - Task exited with return code 0
[2026-05-17T21:52:01.566+0000] {taskinstance.py:3498} INFO - 0 downstream tasks scheduled from follow-on schedule check
[2026-05-17T21:52:01.591+0000] {local_task_job_runner.py:222} INFO - ::endgroup::
