[2026-05-18T01:20:01.718+0000] {local_task_job_runner.py:120} INFO - ::group::Pre task execution logs
[2026-05-18T01:20:01.922+0000] {taskinstance.py:2076} INFO - Dependencies all met for dep_context=non-requeueable deps ti=<TaskInstance: medallion_gold_layer.gold_processing scheduled__2026-05-18T01:15:00+00:00 [queued]>
[2026-05-18T01:20:01.949+0000] {taskinstance.py:2076} INFO - Dependencies all met for dep_context=requeueable deps ti=<TaskInstance: medallion_gold_layer.gold_processing scheduled__2026-05-18T01:15:00+00:00 [queued]>
[2026-05-18T01:20:01.968+0000] {taskinstance.py:2306} INFO - Starting attempt 1 of 2
[2026-05-18T01:20:02.046+0000] {taskinstance.py:2330} INFO - Executing <Task(BashOperator): gold_processing> on 2026-05-18 01:15:00+00:00
[2026-05-18T01:20:02.061+0000] {standard_task_runner.py:63} INFO - Started process 85528 to run task
[2026-05-18T01:20:02.075+0000] {standard_task_runner.py:90} INFO - Running: ['airflow', 'tasks', 'run', 'medallion_gold_layer', 'gold_processing', 'scheduled__2026-05-18T01:15:00+00:00', '--job-id', '222', '--raw', '--subdir', 'DAGS_FOLDER/gold_layer_dag.py', '--cfg-path', '/tmp/tmpdxcfijo6']
[2026-05-18T01:20:02.082+0000] {standard_task_runner.py:91} INFO - Job 222: Subtask gold_processing
[2026-05-18T01:20:02.596+0000] {task_command.py:426} INFO - Running <TaskInstance: medallion_gold_layer.gold_processing scheduled__2026-05-18T01:15:00+00:00 [running]> on host e8a9653e4a1b
[2026-05-18T01:20:03.355+0000] {taskinstance.py:2648} INFO - Exporting env vars: AIRFLOW_CTX_DAG_OWNER='anass' AIRFLOW_CTX_DAG_ID='medallion_gold_layer' AIRFLOW_CTX_TASK_ID='gold_processing' AIRFLOW_CTX_EXECUTION_DATE='2026-05-18T01:15:00+00:00' AIRFLOW_CTX_TRY_NUMBER='1' AIRFLOW_CTX_DAG_RUN_ID='scheduled__2026-05-18T01:15:00+00:00'
[2026-05-18T01:20:03.357+0000] {taskinstance.py:430} INFO - ::endgroup::
[2026-05-18T01:20:03.386+0000] {subprocess.py:63} INFO - Tmp dir root location: /tmp
[2026-05-18T01:20:03.388+0000] {subprocess.py:75} INFO - Running command: ['/usr/bin/bash', '-c', '\n    spark-submit     --master spark://spark-master:7077     --executor-memory 512M     --executor-cores 1     --total-executor-cores 1     --jars /opt/airflow/jars/aws-java-sdk-bundle-1.12.262.jar,/opt/airflow/jars/hadoop-aws-3.3.4.jar,/opt/airflow/jars/postgresql-42.7.3.jar     /opt/spark_jobs/gold_processor.py\n    ']
[2026-05-18T01:20:03.408+0000] {subprocess.py:86} INFO - Output:
[2026-05-18T01:20:05.834+0000] {subprocess.py:93} INFO - 26/05/18 01:20:05 WARN NativeCodeLoader: Unable to load native-hadoop library for your platform... using builtin-java classes where applicable
[2026-05-18T01:20:07.822+0000] {subprocess.py:93} INFO - 26/05/18 01:20:07 INFO SparkContext: Running Spark version 3.5.1
[2026-05-18T01:20:07.824+0000] {subprocess.py:93} INFO - 26/05/18 01:20:07 INFO SparkContext: OS info Linux, 6.6.87.2-microsoft-standard-WSL2, amd64
[2026-05-18T01:20:07.826+0000] {subprocess.py:93} INFO - 26/05/18 01:20:07 INFO SparkContext: Java version 17.0.19
[2026-05-18T01:20:07.876+0000] {subprocess.py:93} INFO - 26/05/18 01:20:07 INFO ResourceUtils: ==============================================================
[2026-05-18T01:20:07.878+0000] {subprocess.py:93} INFO - 26/05/18 01:20:07 INFO ResourceUtils: No custom resources configured for spark.driver.
[2026-05-18T01:20:07.879+0000] {subprocess.py:93} INFO - 26/05/18 01:20:07 INFO ResourceUtils: ==============================================================
[2026-05-18T01:20:07.880+0000] {subprocess.py:93} INFO - 26/05/18 01:20:07 INFO SparkContext: Submitted application: GoldLayerProcessor
[2026-05-18T01:20:07.905+0000] {subprocess.py:93} INFO - 26/05/18 01:20:07 INFO ResourceProfile: Default ResourceProfile created, executor resources: Map(cores -> name: cores, amount: 1, script: , vendor: , memory -> name: memory, amount: 512, script: , vendor: , offHeap -> name: offHeap, amount: 0, script: , vendor: ), task resources: Map(cpus -> name: cpus, amount: 1.0)
[2026-05-18T01:20:07.918+0000] {subprocess.py:93} INFO - 26/05/18 01:20:07 INFO ResourceProfile: Limiting resource is cpus at 1 tasks per executor
[2026-05-18T01:20:07.922+0000] {subprocess.py:93} INFO - 26/05/18 01:20:07 INFO ResourceProfileManager: Added ResourceProfile id: 0
[2026-05-18T01:20:07.986+0000] {subprocess.py:93} INFO - 26/05/18 01:20:07 INFO SecurityManager: Changing view acls to: airflow
[2026-05-18T01:20:07.988+0000] {subprocess.py:93} INFO - 26/05/18 01:20:07 INFO SecurityManager: Changing modify acls to: airflow
[2026-05-18T01:20:07.989+0000] {subprocess.py:93} INFO - 26/05/18 01:20:07 INFO SecurityManager: Changing view acls groups to:
[2026-05-18T01:20:07.990+0000] {subprocess.py:93} INFO - 26/05/18 01:20:07 INFO SecurityManager: Changing modify acls groups to:
[2026-05-18T01:20:07.992+0000] {subprocess.py:93} INFO - 26/05/18 01:20:07 INFO SecurityManager: SecurityManager: authentication disabled; ui acls disabled; users with view permissions: airflow; groups with view permissions: EMPTY; users with modify permissions: airflow; groups with modify permissions: EMPTY
[2026-05-18T01:20:08.297+0000] {subprocess.py:93} INFO - 26/05/18 01:20:08 INFO Utils: Successfully started service 'sparkDriver' on port 36527.
[2026-05-18T01:20:08.336+0000] {subprocess.py:93} INFO - 26/05/18 01:20:08 INFO SparkEnv: Registering MapOutputTracker
[2026-05-18T01:20:08.395+0000] {subprocess.py:93} INFO - 26/05/18 01:20:08 INFO SparkEnv: Registering BlockManagerMaster
[2026-05-18T01:20:08.420+0000] {subprocess.py:93} INFO - 26/05/18 01:20:08 INFO BlockManagerMasterEndpoint: Using org.apache.spark.storage.DefaultTopologyMapper for getting topology information
[2026-05-18T01:20:08.422+0000] {subprocess.py:93} INFO - 26/05/18 01:20:08 INFO BlockManagerMasterEndpoint: BlockManagerMasterEndpoint up
[2026-05-18T01:20:08.427+0000] {subprocess.py:93} INFO - 26/05/18 01:20:08 INFO SparkEnv: Registering BlockManagerMasterHeartbeat
[2026-05-18T01:20:08.457+0000] {subprocess.py:93} INFO - 26/05/18 01:20:08 INFO DiskBlockManager: Created local directory at /tmp/blockmgr-de1c91ef-d22d-424c-b19f-9aa529248720
[2026-05-18T01:20:08.491+0000] {subprocess.py:93} INFO - 26/05/18 01:20:08 INFO MemoryStore: MemoryStore started with capacity 434.4 MiB
[2026-05-18T01:20:08.523+0000] {subprocess.py:93} INFO - 26/05/18 01:20:08 INFO SparkEnv: Registering OutputCommitCoordinator
[2026-05-18T01:20:08.698+0000] {subprocess.py:93} INFO - 26/05/18 01:20:08 INFO JettyUtils: Start Jetty 0.0.0.0:4040 for SparkUI
[2026-05-18T01:20:08.857+0000] {subprocess.py:93} INFO - 26/05/18 01:20:08 INFO Utils: Successfully started service 'SparkUI' on port 4040.
[2026-05-18T01:20:08.910+0000] {subprocess.py:93} INFO - 26/05/18 01:20:08 INFO SparkContext: Added JAR file:///opt/airflow/jars/aws-java-sdk-bundle-1.12.262.jar at spark://e8a9653e4a1b:36527/jars/aws-java-sdk-bundle-1.12.262.jar with timestamp 1779067207811
[2026-05-18T01:20:08.912+0000] {subprocess.py:93} INFO - 26/05/18 01:20:08 INFO SparkContext: Added JAR file:///opt/airflow/jars/hadoop-aws-3.3.4.jar at spark://e8a9653e4a1b:36527/jars/hadoop-aws-3.3.4.jar with timestamp 1779067207811
[2026-05-18T01:20:08.913+0000] {subprocess.py:93} INFO - 26/05/18 01:20:08 INFO SparkContext: Added JAR file:///opt/airflow/jars/postgresql-42.7.3.jar at spark://e8a9653e4a1b:36527/jars/postgresql-42.7.3.jar with timestamp 1779067207811
[2026-05-18T01:20:09.013+0000] {subprocess.py:93} INFO - 26/05/18 01:20:09 INFO StandaloneAppClient$ClientEndpoint: Connecting to master spark://spark-master:7077...
[2026-05-18T01:20:09.073+0000] {subprocess.py:93} INFO - 26/05/18 01:20:09 INFO TransportClientFactory: Successfully created connection to spark-master/172.18.0.6:7077 after 31 ms (0 ms spent in bootstraps)
[2026-05-18T01:20:09.175+0000] {subprocess.py:93} INFO - 26/05/18 01:20:09 INFO StandaloneSchedulerBackend: Connected to Spark cluster with app ID app-20260518012009-0221
[2026-05-18T01:20:09.182+0000] {subprocess.py:93} INFO - 26/05/18 01:20:09 INFO StandaloneAppClient$ClientEndpoint: Executor added: app-20260518012009-0221/0 on worker-20260514105200-172.18.0.13-40347 (172.18.0.13:40347) with 1 core(s)
[2026-05-18T01:20:09.185+0000] {subprocess.py:93} INFO - 26/05/18 01:20:09 INFO StandaloneSchedulerBackend: Granted executor ID app-20260518012009-0221/0 on hostPort 172.18.0.13:40347 with 1 core(s), 512.0 MiB RAM
[2026-05-18T01:20:09.194+0000] {subprocess.py:93} INFO - 26/05/18 01:20:09 INFO Utils: Successfully started service 'org.apache.spark.network.netty.NettyBlockTransferService' on port 43333.
[2026-05-18T01:20:09.195+0000] {subprocess.py:93} INFO - 26/05/18 01:20:09 INFO NettyBlockTransferService: Server created on e8a9653e4a1b:43333
[2026-05-18T01:20:09.198+0000] {subprocess.py:93} INFO - 26/05/18 01:20:09 INFO BlockManager: Using org.apache.spark.storage.RandomBlockReplicationPolicy for block replication policy
[2026-05-18T01:20:09.209+0000] {subprocess.py:93} INFO - 26/05/18 01:20:09 INFO BlockManagerMaster: Registering BlockManager BlockManagerId(driver, e8a9653e4a1b, 43333, None)
[2026-05-18T01:20:09.219+0000] {subprocess.py:93} INFO - 26/05/18 01:20:09 INFO BlockManagerMasterEndpoint: Registering block manager e8a9653e4a1b:43333 with 434.4 MiB RAM, BlockManagerId(driver, e8a9653e4a1b, 43333, None)
[2026-05-18T01:20:09.225+0000] {subprocess.py:93} INFO - 26/05/18 01:20:09 INFO BlockManagerMaster: Registered BlockManager BlockManagerId(driver, e8a9653e4a1b, 43333, None)
[2026-05-18T01:20:09.232+0000] {subprocess.py:93} INFO - 26/05/18 01:20:09 INFO BlockManager: Initialized BlockManager: BlockManagerId(driver, e8a9653e4a1b, 43333, None)
[2026-05-18T01:20:09.249+0000] {subprocess.py:93} INFO - 26/05/18 01:20:09 INFO StandaloneAppClient$ClientEndpoint: Executor updated: app-20260518012009-0221/0 is now RUNNING
[2026-05-18T01:20:09.575+0000] {subprocess.py:93} INFO - 26/05/18 01:20:09 INFO StandaloneSchedulerBackend: SchedulerBackend is ready for scheduling beginning after reached minRegisteredResourcesRatio: 0.0
[2026-05-18T01:20:11.444+0000] {subprocess.py:93} INFO - 26/05/18 01:20:11 WARN MetricsConfig: Cannot locate configuration: tried hadoop-metrics2-s3a-file-system.properties,hadoop-metrics2.properties
[2026-05-18T01:20:25.472+0000] {subprocess.py:93} INFO - Lecture SILVER terminée
[2026-05-18T01:20:53.955+0000] {subprocess.py:93} INFO - Table articles_par_jour créée
[2026-05-18T01:21:18.779+0000] {subprocess.py:93} INFO - Table articles_par_source créée
[2026-05-18T01:21:38.692+0000] {subprocess.py:93} INFO - Table top_categories créée
[2026-05-18T01:21:57.418+0000] {subprocess.py:93} INFO - Table articles_par_source_jour créée
[2026-05-18T01:21:57.419+0000] {subprocess.py:93} INFO - 
[2026-05-18T01:21:57.421+0000] {subprocess.py:93} INFO - ==============================
[2026-05-18T01:21:57.422+0000] {subprocess.py:93} INFO - GOLD LAYER TERMINÉ
[2026-05-18T01:21:57.424+0000] {subprocess.py:93} INFO - ==============================
[2026-05-18T01:21:58.092+0000] {subprocess.py:97} INFO - Command exited with return code 0
[2026-05-18T01:21:58.096+0000] {taskinstance.py:441} INFO - ::group::Post task execution logs
[2026-05-18T01:21:58.748+0000] {taskinstance.py:1206} INFO - Marking task as SUCCESS. dag_id=medallion_gold_layer, task_id=gold_processing, run_id=scheduled__2026-05-18T01:15:00+00:00, execution_date=20260518T011500, start_date=20260518T012001, end_date=20260518T012158
[2026-05-18T01:21:58.856+0000] {local_task_job_runner.py:240} INFO - Task exited with return code 0
[2026-05-18T01:21:58.990+0000] {taskinstance.py:3498} INFO - 0 downstream tasks scheduled from follow-on schedule check
[2026-05-18T01:21:58.999+0000] {local_task_job_runner.py:222} INFO - ::endgroup::
