[2026-05-17T22:45:01.868+0000] {local_task_job_runner.py:120} INFO - ::group::Pre task execution logs
[2026-05-17T22:45:02.010+0000] {taskinstance.py:2076} INFO - Dependencies all met for dep_context=non-requeueable deps ti=<TaskInstance: medallion_gold_layer.gold_processing scheduled__2026-05-17T22:40:00+00:00 [queued]>
[2026-05-17T22:45:02.028+0000] {taskinstance.py:2076} INFO - Dependencies all met for dep_context=requeueable deps ti=<TaskInstance: medallion_gold_layer.gold_processing scheduled__2026-05-17T22:40:00+00:00 [queued]>
[2026-05-17T22:45:02.045+0000] {taskinstance.py:2306} INFO - Starting attempt 1 of 2
[2026-05-17T22:45:02.094+0000] {taskinstance.py:2330} INFO - Executing <Task(BashOperator): gold_processing> on 2026-05-17 22:40:00+00:00
[2026-05-17T22:45:02.107+0000] {standard_task_runner.py:63} INFO - Started process 79064 to run task
[2026-05-17T22:45:02.115+0000] {standard_task_runner.py:90} INFO - Running: ['airflow', 'tasks', 'run', 'medallion_gold_layer', 'gold_processing', 'scheduled__2026-05-17T22:40:00+00:00', '--job-id', '205', '--raw', '--subdir', 'DAGS_FOLDER/gold_layer_dag.py', '--cfg-path', '/tmp/tmpetb6u33v']
[2026-05-17T22:45:02.121+0000] {standard_task_runner.py:91} INFO - Job 205: Subtask gold_processing
[2026-05-17T22:45:02.533+0000] {task_command.py:426} INFO - Running <TaskInstance: medallion_gold_layer.gold_processing scheduled__2026-05-17T22:40:00+00:00 [running]> on host e8a9653e4a1b
[2026-05-17T22:45:03.192+0000] {taskinstance.py:2648} INFO - Exporting env vars: AIRFLOW_CTX_DAG_OWNER='anass' AIRFLOW_CTX_DAG_ID='medallion_gold_layer' AIRFLOW_CTX_TASK_ID='gold_processing' AIRFLOW_CTX_EXECUTION_DATE='2026-05-17T22:40:00+00:00' AIRFLOW_CTX_TRY_NUMBER='1' AIRFLOW_CTX_DAG_RUN_ID='scheduled__2026-05-17T22:40:00+00:00'
[2026-05-17T22:45:03.194+0000] {taskinstance.py:430} INFO - ::endgroup::
[2026-05-17T22:45:03.230+0000] {subprocess.py:63} INFO - Tmp dir root location: /tmp
[2026-05-17T22:45:03.235+0000] {subprocess.py:75} INFO - Running command: ['/usr/bin/bash', '-c', '\n    spark-submit     --master spark://spark-master:7077     --executor-memory 512M     --executor-cores 1     --total-executor-cores 1     --jars /opt/airflow/jars/aws-java-sdk-bundle-1.12.262.jar,/opt/airflow/jars/hadoop-aws-3.3.4.jar,/opt/airflow/jars/postgresql-42.7.3.jar     /opt/spark_jobs/gold_processor.py\n    ']
[2026-05-17T22:45:03.262+0000] {subprocess.py:86} INFO - Output:
[2026-05-17T22:45:06.215+0000] {subprocess.py:93} INFO - 26/05/17 22:45:06 WARN NativeCodeLoader: Unable to load native-hadoop library for your platform... using builtin-java classes where applicable
[2026-05-17T22:45:09.311+0000] {subprocess.py:93} INFO - 26/05/17 22:45:09 INFO SparkContext: Running Spark version 3.5.1
[2026-05-17T22:45:09.312+0000] {subprocess.py:93} INFO - 26/05/17 22:45:09 INFO SparkContext: OS info Linux, 6.6.87.2-microsoft-standard-WSL2, amd64
[2026-05-17T22:45:09.314+0000] {subprocess.py:93} INFO - 26/05/17 22:45:09 INFO SparkContext: Java version 17.0.19
[2026-05-17T22:45:09.378+0000] {subprocess.py:93} INFO - 26/05/17 22:45:09 INFO ResourceUtils: ==============================================================
[2026-05-17T22:45:09.379+0000] {subprocess.py:93} INFO - 26/05/17 22:45:09 INFO ResourceUtils: No custom resources configured for spark.driver.
[2026-05-17T22:45:09.382+0000] {subprocess.py:93} INFO - 26/05/17 22:45:09 INFO ResourceUtils: ==============================================================
[2026-05-17T22:45:09.384+0000] {subprocess.py:93} INFO - 26/05/17 22:45:09 INFO SparkContext: Submitted application: GoldLayerProcessor
[2026-05-17T22:45:09.440+0000] {subprocess.py:93} INFO - 26/05/17 22:45:09 INFO ResourceProfile: Default ResourceProfile created, executor resources: Map(cores -> name: cores, amount: 1, script: , vendor: , memory -> name: memory, amount: 512, script: , vendor: , offHeap -> name: offHeap, amount: 0, script: , vendor: ), task resources: Map(cpus -> name: cpus, amount: 1.0)
[2026-05-17T22:45:09.462+0000] {subprocess.py:93} INFO - 26/05/17 22:45:09 INFO ResourceProfile: Limiting resource is cpus at 1 tasks per executor
[2026-05-17T22:45:09.469+0000] {subprocess.py:93} INFO - 26/05/17 22:45:09 INFO ResourceProfileManager: Added ResourceProfile id: 0
[2026-05-17T22:45:09.572+0000] {subprocess.py:93} INFO - 26/05/17 22:45:09 INFO SecurityManager: Changing view acls to: airflow
[2026-05-17T22:45:09.573+0000] {subprocess.py:93} INFO - 26/05/17 22:45:09 INFO SecurityManager: Changing modify acls to: airflow
[2026-05-17T22:45:09.575+0000] {subprocess.py:93} INFO - 26/05/17 22:45:09 INFO SecurityManager: Changing view acls groups to:
[2026-05-17T22:45:09.576+0000] {subprocess.py:93} INFO - 26/05/17 22:45:09 INFO SecurityManager: Changing modify acls groups to:
[2026-05-17T22:45:09.577+0000] {subprocess.py:93} INFO - 26/05/17 22:45:09 INFO SecurityManager: SecurityManager: authentication disabled; ui acls disabled; users with view permissions: airflow; groups with view permissions: EMPTY; users with modify permissions: airflow; groups with modify permissions: EMPTY
[2026-05-17T22:45:09.975+0000] {subprocess.py:93} INFO - 26/05/17 22:45:09 INFO Utils: Successfully started service 'sparkDriver' on port 38141.
[2026-05-17T22:45:10.081+0000] {subprocess.py:93} INFO - 26/05/17 22:45:10 INFO SparkEnv: Registering MapOutputTracker
[2026-05-17T22:45:10.202+0000] {subprocess.py:93} INFO - 26/05/17 22:45:10 INFO SparkEnv: Registering BlockManagerMaster
[2026-05-17T22:45:10.276+0000] {subprocess.py:93} INFO - 26/05/17 22:45:10 INFO BlockManagerMasterEndpoint: Using org.apache.spark.storage.DefaultTopologyMapper for getting topology information
[2026-05-17T22:45:10.279+0000] {subprocess.py:93} INFO - 26/05/17 22:45:10 INFO BlockManagerMasterEndpoint: BlockManagerMasterEndpoint up
[2026-05-17T22:45:10.297+0000] {subprocess.py:93} INFO - 26/05/17 22:45:10 INFO SparkEnv: Registering BlockManagerMasterHeartbeat
[2026-05-17T22:45:10.365+0000] {subprocess.py:93} INFO - 26/05/17 22:45:10 INFO DiskBlockManager: Created local directory at /tmp/blockmgr-edf2521c-99d7-4d26-b062-d1978e146d7f
[2026-05-17T22:45:10.418+0000] {subprocess.py:93} INFO - 26/05/17 22:45:10 INFO MemoryStore: MemoryStore started with capacity 434.4 MiB
[2026-05-17T22:45:10.480+0000] {subprocess.py:93} INFO - 26/05/17 22:45:10 INFO SparkEnv: Registering OutputCommitCoordinator
[2026-05-17T22:45:10.910+0000] {subprocess.py:93} INFO - 26/05/17 22:45:10 INFO JettyUtils: Start Jetty 0.0.0.0:4040 for SparkUI
[2026-05-17T22:45:11.045+0000] {subprocess.py:93} INFO - 26/05/17 22:45:11 INFO Utils: Successfully started service 'SparkUI' on port 4040.
[2026-05-17T22:45:11.110+0000] {subprocess.py:93} INFO - 26/05/17 22:45:11 INFO SparkContext: Added JAR file:///opt/airflow/jars/aws-java-sdk-bundle-1.12.262.jar at spark://e8a9653e4a1b:38141/jars/aws-java-sdk-bundle-1.12.262.jar with timestamp 1779057909292
[2026-05-17T22:45:11.112+0000] {subprocess.py:93} INFO - 26/05/17 22:45:11 INFO SparkContext: Added JAR file:///opt/airflow/jars/hadoop-aws-3.3.4.jar at spark://e8a9653e4a1b:38141/jars/hadoop-aws-3.3.4.jar with timestamp 1779057909292
[2026-05-17T22:45:11.113+0000] {subprocess.py:93} INFO - 26/05/17 22:45:11 INFO SparkContext: Added JAR file:///opt/airflow/jars/postgresql-42.7.3.jar at spark://e8a9653e4a1b:38141/jars/postgresql-42.7.3.jar with timestamp 1779057909292
[2026-05-17T22:45:11.265+0000] {subprocess.py:93} INFO - 26/05/17 22:45:11 INFO StandaloneAppClient$ClientEndpoint: Connecting to master spark://spark-master:7077...
[2026-05-17T22:45:11.352+0000] {subprocess.py:93} INFO - 26/05/17 22:45:11 INFO TransportClientFactory: Successfully created connection to spark-master/172.18.0.6:7077 after 46 ms (0 ms spent in bootstraps)
[2026-05-17T22:45:11.533+0000] {subprocess.py:93} INFO - 26/05/17 22:45:11 INFO StandaloneSchedulerBackend: Connected to Spark cluster with app ID app-20260517224511-0204
[2026-05-17T22:45:11.543+0000] {subprocess.py:93} INFO - 26/05/17 22:45:11 INFO StandaloneAppClient$ClientEndpoint: Executor added: app-20260517224511-0204/0 on worker-20260514105200-172.18.0.13-40347 (172.18.0.13:40347) with 1 core(s)
[2026-05-17T22:45:11.548+0000] {subprocess.py:93} INFO - 26/05/17 22:45:11 INFO StandaloneSchedulerBackend: Granted executor ID app-20260517224511-0204/0 on hostPort 172.18.0.13:40347 with 1 core(s), 512.0 MiB RAM
[2026-05-17T22:45:11.555+0000] {subprocess.py:93} INFO - 26/05/17 22:45:11 INFO Utils: Successfully started service 'org.apache.spark.network.netty.NettyBlockTransferService' on port 42061.
[2026-05-17T22:45:11.556+0000] {subprocess.py:93} INFO - 26/05/17 22:45:11 INFO NettyBlockTransferService: Server created on e8a9653e4a1b:42061
[2026-05-17T22:45:11.562+0000] {subprocess.py:93} INFO - 26/05/17 22:45:11 INFO BlockManager: Using org.apache.spark.storage.RandomBlockReplicationPolicy for block replication policy
[2026-05-17T22:45:11.578+0000] {subprocess.py:93} INFO - 26/05/17 22:45:11 INFO BlockManagerMaster: Registering BlockManager BlockManagerId(driver, e8a9653e4a1b, 42061, None)
[2026-05-17T22:45:11.586+0000] {subprocess.py:93} INFO - 26/05/17 22:45:11 INFO BlockManagerMasterEndpoint: Registering block manager e8a9653e4a1b:42061 with 434.4 MiB RAM, BlockManagerId(driver, e8a9653e4a1b, 42061, None)
[2026-05-17T22:45:11.591+0000] {subprocess.py:93} INFO - 26/05/17 22:45:11 INFO BlockManagerMaster: Registered BlockManager BlockManagerId(driver, e8a9653e4a1b, 42061, None)
[2026-05-17T22:45:11.595+0000] {subprocess.py:93} INFO - 26/05/17 22:45:11 INFO BlockManager: Initialized BlockManager: BlockManagerId(driver, e8a9653e4a1b, 42061, None)
[2026-05-17T22:45:11.606+0000] {subprocess.py:93} INFO - 26/05/17 22:45:11 INFO StandaloneAppClient$ClientEndpoint: Executor updated: app-20260517224511-0204/0 is now RUNNING
[2026-05-17T22:45:12.052+0000] {subprocess.py:93} INFO - 26/05/17 22:45:12 INFO StandaloneSchedulerBackend: SchedulerBackend is ready for scheduling beginning after reached minRegisteredResourcesRatio: 0.0
[2026-05-17T22:45:14.314+0000] {subprocess.py:93} INFO - 26/05/17 22:45:14 WARN MetricsConfig: Cannot locate configuration: tried hadoop-metrics2-s3a-file-system.properties,hadoop-metrics2.properties
[2026-05-17T22:45:34.736+0000] {subprocess.py:93} INFO - Lecture SILVER terminée
[2026-05-17T22:46:04.310+0000] {subprocess.py:93} INFO - Table articles_par_jour créée
[2026-05-17T22:46:28.284+0000] {subprocess.py:93} INFO - Table articles_par_source créée
[2026-05-17T22:46:47.775+0000] {subprocess.py:93} INFO - Table top_categories créée
[2026-05-17T22:47:07.523+0000] {subprocess.py:93} INFO - Table articles_par_source_jour créée
[2026-05-17T22:47:07.525+0000] {subprocess.py:93} INFO - 
[2026-05-17T22:47:07.527+0000] {subprocess.py:93} INFO - ==============================
[2026-05-17T22:47:07.529+0000] {subprocess.py:93} INFO - GOLD LAYER TERMINÉ
[2026-05-17T22:47:07.531+0000] {subprocess.py:93} INFO - ==============================
[2026-05-17T22:47:08.483+0000] {subprocess.py:97} INFO - Command exited with return code 0
[2026-05-17T22:47:08.485+0000] {taskinstance.py:441} INFO - ::group::Post task execution logs
[2026-05-17T22:47:08.989+0000] {taskinstance.py:1206} INFO - Marking task as SUCCESS. dag_id=medallion_gold_layer, task_id=gold_processing, run_id=scheduled__2026-05-17T22:40:00+00:00, execution_date=20260517T224000, start_date=20260517T224502, end_date=20260517T224708
[2026-05-17T22:47:09.133+0000] {local_task_job_runner.py:240} INFO - Task exited with return code 0
[2026-05-17T22:47:09.275+0000] {taskinstance.py:3498} INFO - 0 downstream tasks scheduled from follow-on schedule check
[2026-05-17T22:47:09.299+0000] {local_task_job_runner.py:222} INFO - ::endgroup::
