[2026-05-17T22:00:02.130+0000] {local_task_job_runner.py:120} INFO - ::group::Pre task execution logs
[2026-05-17T22:00:02.334+0000] {taskinstance.py:2076} INFO - Dependencies all met for dep_context=non-requeueable deps ti=<TaskInstance: medallion_gold_layer.gold_processing scheduled__2026-05-17T21:55:00+00:00 [queued]>
[2026-05-17T22:00:02.368+0000] {taskinstance.py:2076} INFO - Dependencies all met for dep_context=requeueable deps ti=<TaskInstance: medallion_gold_layer.gold_processing scheduled__2026-05-17T21:55:00+00:00 [queued]>
[2026-05-17T22:00:02.371+0000] {taskinstance.py:2306} INFO - Starting attempt 1 of 2
[2026-05-17T22:00:02.454+0000] {taskinstance.py:2330} INFO - Executing <Task(BashOperator): gold_processing> on 2026-05-17 21:55:00+00:00
[2026-05-17T22:00:02.464+0000] {standard_task_runner.py:63} INFO - Started process 75440 to run task
[2026-05-17T22:00:02.470+0000] {standard_task_runner.py:90} INFO - Running: ['airflow', 'tasks', 'run', 'medallion_gold_layer', 'gold_processing', 'scheduled__2026-05-17T21:55:00+00:00', '--job-id', '196', '--raw', '--subdir', 'DAGS_FOLDER/gold_layer_dag.py', '--cfg-path', '/tmp/tmpeisqh3tv']
[2026-05-17T22:00:02.474+0000] {standard_task_runner.py:91} INFO - Job 196: Subtask gold_processing
[2026-05-17T22:00:02.932+0000] {task_command.py:426} INFO - Running <TaskInstance: medallion_gold_layer.gold_processing scheduled__2026-05-17T21:55:00+00:00 [running]> on host e8a9653e4a1b
[2026-05-17T22:00:03.789+0000] {taskinstance.py:2648} INFO - Exporting env vars: AIRFLOW_CTX_DAG_OWNER='anass' AIRFLOW_CTX_DAG_ID='medallion_gold_layer' AIRFLOW_CTX_TASK_ID='gold_processing' AIRFLOW_CTX_EXECUTION_DATE='2026-05-17T21:55:00+00:00' AIRFLOW_CTX_TRY_NUMBER='1' AIRFLOW_CTX_DAG_RUN_ID='scheduled__2026-05-17T21:55:00+00:00'
[2026-05-17T22:00:03.793+0000] {taskinstance.py:430} INFO - ::endgroup::
[2026-05-17T22:00:03.858+0000] {subprocess.py:63} INFO - Tmp dir root location: /tmp
[2026-05-17T22:00:03.861+0000] {subprocess.py:75} INFO - Running command: ['/usr/bin/bash', '-c', '\n    spark-submit     --master spark://spark-master:7077     --executor-memory 512M     --executor-cores 1     --total-executor-cores 1     --jars /opt/airflow/jars/aws-java-sdk-bundle-1.12.262.jar,/opt/airflow/jars/hadoop-aws-3.3.4.jar,/opt/airflow/jars/postgresql-42.7.3.jar     /opt/spark_jobs/gold_processor.py\n    ']
[2026-05-17T22:00:03.883+0000] {subprocess.py:86} INFO - Output:
[2026-05-17T22:00:07.722+0000] {subprocess.py:93} INFO - 26/05/17 22:00:07 WARN NativeCodeLoader: Unable to load native-hadoop library for your platform... using builtin-java classes where applicable
[2026-05-17T22:00:10.368+0000] {subprocess.py:93} INFO - 26/05/17 22:00:10 INFO SparkContext: Running Spark version 3.5.1
[2026-05-17T22:00:10.370+0000] {subprocess.py:93} INFO - 26/05/17 22:00:10 INFO SparkContext: OS info Linux, 6.6.87.2-microsoft-standard-WSL2, amd64
[2026-05-17T22:00:10.371+0000] {subprocess.py:93} INFO - 26/05/17 22:00:10 INFO SparkContext: Java version 17.0.19
[2026-05-17T22:00:10.442+0000] {subprocess.py:93} INFO - 26/05/17 22:00:10 INFO ResourceUtils: ==============================================================
[2026-05-17T22:00:10.451+0000] {subprocess.py:93} INFO - 26/05/17 22:00:10 INFO ResourceUtils: No custom resources configured for spark.driver.
[2026-05-17T22:00:10.452+0000] {subprocess.py:93} INFO - 26/05/17 22:00:10 INFO ResourceUtils: ==============================================================
[2026-05-17T22:00:10.453+0000] {subprocess.py:93} INFO - 26/05/17 22:00:10 INFO SparkContext: Submitted application: GoldLayerProcessor
[2026-05-17T22:00:10.496+0000] {subprocess.py:93} INFO - 26/05/17 22:00:10 INFO ResourceProfile: Default ResourceProfile created, executor resources: Map(cores -> name: cores, amount: 1, script: , vendor: , memory -> name: memory, amount: 512, script: , vendor: , offHeap -> name: offHeap, amount: 0, script: , vendor: ), task resources: Map(cpus -> name: cpus, amount: 1.0)
[2026-05-17T22:00:10.536+0000] {subprocess.py:93} INFO - 26/05/17 22:00:10 INFO ResourceProfile: Limiting resource is cpus at 1 tasks per executor
[2026-05-17T22:00:10.549+0000] {subprocess.py:93} INFO - 26/05/17 22:00:10 INFO ResourceProfileManager: Added ResourceProfile id: 0
[2026-05-17T22:00:10.680+0000] {subprocess.py:93} INFO - 26/05/17 22:00:10 INFO SecurityManager: Changing view acls to: airflow
[2026-05-17T22:00:10.682+0000] {subprocess.py:93} INFO - 26/05/17 22:00:10 INFO SecurityManager: Changing modify acls to: airflow
[2026-05-17T22:00:10.683+0000] {subprocess.py:93} INFO - 26/05/17 22:00:10 INFO SecurityManager: Changing view acls groups to:
[2026-05-17T22:00:10.683+0000] {subprocess.py:93} INFO - 26/05/17 22:00:10 INFO SecurityManager: Changing modify acls groups to:
[2026-05-17T22:00:10.685+0000] {subprocess.py:93} INFO - 26/05/17 22:00:10 INFO SecurityManager: SecurityManager: authentication disabled; ui acls disabled; users with view permissions: airflow; groups with view permissions: EMPTY; users with modify permissions: airflow; groups with modify permissions: EMPTY
[2026-05-17T22:00:11.292+0000] {subprocess.py:93} INFO - 26/05/17 22:00:11 INFO Utils: Successfully started service 'sparkDriver' on port 45161.
[2026-05-17T22:00:11.368+0000] {subprocess.py:93} INFO - 26/05/17 22:00:11 INFO SparkEnv: Registering MapOutputTracker
[2026-05-17T22:00:11.450+0000] {subprocess.py:93} INFO - 26/05/17 22:00:11 INFO SparkEnv: Registering BlockManagerMaster
[2026-05-17T22:00:11.501+0000] {subprocess.py:93} INFO - 26/05/17 22:00:11 INFO BlockManagerMasterEndpoint: Using org.apache.spark.storage.DefaultTopologyMapper for getting topology information
[2026-05-17T22:00:11.505+0000] {subprocess.py:93} INFO - 26/05/17 22:00:11 INFO BlockManagerMasterEndpoint: BlockManagerMasterEndpoint up
[2026-05-17T22:00:11.519+0000] {subprocess.py:93} INFO - 26/05/17 22:00:11 INFO SparkEnv: Registering BlockManagerMasterHeartbeat
[2026-05-17T22:00:11.554+0000] {subprocess.py:93} INFO - 26/05/17 22:00:11 INFO DiskBlockManager: Created local directory at /tmp/blockmgr-0cddaa5f-4b84-4b89-ac20-798ed8102cee
[2026-05-17T22:00:11.585+0000] {subprocess.py:93} INFO - 26/05/17 22:00:11 INFO MemoryStore: MemoryStore started with capacity 434.4 MiB
[2026-05-17T22:00:11.618+0000] {subprocess.py:93} INFO - 26/05/17 22:00:11 INFO SparkEnv: Registering OutputCommitCoordinator
[2026-05-17T22:00:11.867+0000] {subprocess.py:93} INFO - 26/05/17 22:00:11 INFO JettyUtils: Start Jetty 0.0.0.0:4040 for SparkUI
[2026-05-17T22:00:12.043+0000] {subprocess.py:93} INFO - 26/05/17 22:00:12 INFO Utils: Successfully started service 'SparkUI' on port 4040.
[2026-05-17T22:00:12.110+0000] {subprocess.py:93} INFO - 26/05/17 22:00:12 INFO SparkContext: Added JAR file:///opt/airflow/jars/aws-java-sdk-bundle-1.12.262.jar at spark://e8a9653e4a1b:45161/jars/aws-java-sdk-bundle-1.12.262.jar with timestamp 1779055210330
[2026-05-17T22:00:12.112+0000] {subprocess.py:93} INFO - 26/05/17 22:00:12 INFO SparkContext: Added JAR file:///opt/airflow/jars/hadoop-aws-3.3.4.jar at spark://e8a9653e4a1b:45161/jars/hadoop-aws-3.3.4.jar with timestamp 1779055210330
[2026-05-17T22:00:12.113+0000] {subprocess.py:93} INFO - 26/05/17 22:00:12 INFO SparkContext: Added JAR file:///opt/airflow/jars/postgresql-42.7.3.jar at spark://e8a9653e4a1b:45161/jars/postgresql-42.7.3.jar with timestamp 1779055210330
[2026-05-17T22:00:12.293+0000] {subprocess.py:93} INFO - 26/05/17 22:00:12 INFO StandaloneAppClient$ClientEndpoint: Connecting to master spark://spark-master:7077...
[2026-05-17T22:00:12.396+0000] {subprocess.py:93} INFO - 26/05/17 22:00:12 INFO TransportClientFactory: Successfully created connection to spark-master/172.18.0.6:7077 after 61 ms (0 ms spent in bootstraps)
[2026-05-17T22:00:12.569+0000] {subprocess.py:93} INFO - 26/05/17 22:00:12 INFO StandaloneSchedulerBackend: Connected to Spark cluster with app ID app-20260517220012-0195
[2026-05-17T22:00:12.574+0000] {subprocess.py:93} INFO - 26/05/17 22:00:12 INFO StandaloneAppClient$ClientEndpoint: Executor added: app-20260517220012-0195/0 on worker-20260514105200-172.18.0.13-40347 (172.18.0.13:40347) with 1 core(s)
[2026-05-17T22:00:12.577+0000] {subprocess.py:93} INFO - 26/05/17 22:00:12 INFO StandaloneSchedulerBackend: Granted executor ID app-20260517220012-0195/0 on hostPort 172.18.0.13:40347 with 1 core(s), 512.0 MiB RAM
[2026-05-17T22:00:12.586+0000] {subprocess.py:93} INFO - 26/05/17 22:00:12 INFO Utils: Successfully started service 'org.apache.spark.network.netty.NettyBlockTransferService' on port 37827.
[2026-05-17T22:00:12.587+0000] {subprocess.py:93} INFO - 26/05/17 22:00:12 INFO NettyBlockTransferService: Server created on e8a9653e4a1b:37827
[2026-05-17T22:00:12.590+0000] {subprocess.py:93} INFO - 26/05/17 22:00:12 INFO BlockManager: Using org.apache.spark.storage.RandomBlockReplicationPolicy for block replication policy
[2026-05-17T22:00:12.602+0000] {subprocess.py:93} INFO - 26/05/17 22:00:12 INFO BlockManagerMaster: Registering BlockManager BlockManagerId(driver, e8a9653e4a1b, 37827, None)
[2026-05-17T22:00:12.607+0000] {subprocess.py:93} INFO - 26/05/17 22:00:12 INFO BlockManagerMasterEndpoint: Registering block manager e8a9653e4a1b:37827 with 434.4 MiB RAM, BlockManagerId(driver, e8a9653e4a1b, 37827, None)
[2026-05-17T22:00:12.612+0000] {subprocess.py:93} INFO - 26/05/17 22:00:12 INFO BlockManagerMaster: Registered BlockManager BlockManagerId(driver, e8a9653e4a1b, 37827, None)
[2026-05-17T22:00:12.615+0000] {subprocess.py:93} INFO - 26/05/17 22:00:12 INFO BlockManager: Initialized BlockManager: BlockManagerId(driver, e8a9653e4a1b, 37827, None)
[2026-05-17T22:00:12.635+0000] {subprocess.py:93} INFO - 26/05/17 22:00:12 INFO StandaloneAppClient$ClientEndpoint: Executor updated: app-20260517220012-0195/0 is now RUNNING
[2026-05-17T22:00:13.090+0000] {subprocess.py:93} INFO - 26/05/17 22:00:13 INFO StandaloneSchedulerBackend: SchedulerBackend is ready for scheduling beginning after reached minRegisteredResourcesRatio: 0.0
[2026-05-17T22:00:15.523+0000] {subprocess.py:93} INFO - 26/05/17 22:00:15 WARN MetricsConfig: Cannot locate configuration: tried hadoop-metrics2-s3a-file-system.properties,hadoop-metrics2.properties
[2026-05-17T22:00:35.813+0000] {subprocess.py:93} INFO - Lecture SILVER terminée
[2026-05-17T22:01:06.602+0000] {subprocess.py:93} INFO - Table articles_par_jour créée
[2026-05-17T22:01:28.533+0000] {subprocess.py:93} INFO - Table articles_par_source créée
[2026-05-17T22:01:50.687+0000] {subprocess.py:93} INFO - Table top_categories créée
[2026-05-17T22:02:12.933+0000] {subprocess.py:93} INFO - Table articles_par_source_jour créée
[2026-05-17T22:02:12.936+0000] {subprocess.py:93} INFO - 
[2026-05-17T22:02:12.938+0000] {subprocess.py:93} INFO - ==============================
[2026-05-17T22:02:12.939+0000] {subprocess.py:93} INFO - GOLD LAYER TERMINÉ
[2026-05-17T22:02:12.941+0000] {subprocess.py:93} INFO - ==============================
[2026-05-17T22:02:13.608+0000] {subprocess.py:97} INFO - Command exited with return code 0
[2026-05-17T22:02:13.612+0000] {taskinstance.py:441} INFO - ::group::Post task execution logs
[2026-05-17T22:02:14.400+0000] {taskinstance.py:1206} INFO - Marking task as SUCCESS. dag_id=medallion_gold_layer, task_id=gold_processing, run_id=scheduled__2026-05-17T21:55:00+00:00, execution_date=20260517T215500, start_date=20260517T220002, end_date=20260517T220214
[2026-05-17T22:02:14.569+0000] {local_task_job_runner.py:240} INFO - Task exited with return code 0
[2026-05-17T22:02:14.730+0000] {taskinstance.py:3498} INFO - 0 downstream tasks scheduled from follow-on schedule check
[2026-05-17T22:02:14.754+0000] {local_task_job_runner.py:222} INFO - ::endgroup::
