[2026-05-19T11:37:56.198+0000] {local_task_job_runner.py:120} INFO - ::group::Pre task execution logs
[2026-05-19T11:37:56.309+0000] {taskinstance.py:2076} INFO - Dependencies all met for dep_context=non-requeueable deps ti=<TaskInstance: medallion_gold_layer.gold_processing scheduled__2026-05-19T11:30:00+00:00 [queued]>
[2026-05-19T11:37:56.328+0000] {taskinstance.py:2076} INFO - Dependencies all met for dep_context=requeueable deps ti=<TaskInstance: medallion_gold_layer.gold_processing scheduled__2026-05-19T11:30:00+00:00 [queued]>
[2026-05-19T11:37:56.333+0000] {taskinstance.py:2306} INFO - Starting attempt 1 of 2
[2026-05-19T11:37:56.382+0000] {taskinstance.py:2330} INFO - Executing <Task(BashOperator): gold_processing> on 2026-05-19 11:30:00+00:00
[2026-05-19T11:37:56.391+0000] {standard_task_runner.py:63} INFO - Started process 8241 to run task
[2026-05-19T11:37:56.397+0000] {standard_task_runner.py:90} INFO - Running: ['airflow', 'tasks', 'run', 'medallion_gold_layer', 'gold_processing', 'scheduled__2026-05-19T11:30:00+00:00', '--job-id', '303', '--raw', '--subdir', 'DAGS_FOLDER/gold_layer_dag.py', '--cfg-path', '/tmp/tmpgk2rt8vw']
[2026-05-19T11:37:56.401+0000] {standard_task_runner.py:91} INFO - Job 303: Subtask gold_processing
[2026-05-19T11:37:56.677+0000] {task_command.py:426} INFO - Running <TaskInstance: medallion_gold_layer.gold_processing scheduled__2026-05-19T11:30:00+00:00 [running]> on host c43074c3fd7c
[2026-05-19T11:37:57.739+0000] {taskinstance.py:2648} INFO - Exporting env vars: AIRFLOW_CTX_DAG_OWNER='ikram' AIRFLOW_CTX_DAG_ID='medallion_gold_layer' AIRFLOW_CTX_TASK_ID='gold_processing' AIRFLOW_CTX_EXECUTION_DATE='2026-05-19T11:30:00+00:00' AIRFLOW_CTX_TRY_NUMBER='1' AIRFLOW_CTX_DAG_RUN_ID='scheduled__2026-05-19T11:30:00+00:00'
[2026-05-19T11:37:57.742+0000] {taskinstance.py:430} INFO - ::endgroup::
[2026-05-19T11:37:57.771+0000] {subprocess.py:63} INFO - Tmp dir root location: /tmp
[2026-05-19T11:37:57.777+0000] {subprocess.py:75} INFO - Running command: ['/usr/bin/bash', '-c', '\n    spark-submit     --master spark://spark-master:7077     --executor-memory 512M     --executor-cores 1     --total-executor-cores 1     --jars /opt/airflow/jars/aws-java-sdk-bundle-1.12.262.jar,/opt/airflow/jars/hadoop-aws-3.3.4.jar,/opt/airflow/jars/postgresql-42.7.3.jar     /opt/spark_jobs/gold_processor.py\n    ']
[2026-05-19T11:37:57.805+0000] {subprocess.py:86} INFO - Output:
[2026-05-19T11:38:00.954+0000] {subprocess.py:93} INFO - 26/05/19 11:38:00 WARN NativeCodeLoader: Unable to load native-hadoop library for your platform... using builtin-java classes where applicable
[2026-05-19T11:38:03.387+0000] {subprocess.py:93} INFO - 26/05/19 11:38:03 INFO SparkContext: Running Spark version 3.5.1
[2026-05-19T11:38:03.388+0000] {subprocess.py:93} INFO - 26/05/19 11:38:03 INFO SparkContext: OS info Linux, 6.6.87.2-microsoft-standard-WSL2, amd64
[2026-05-19T11:38:03.389+0000] {subprocess.py:93} INFO - 26/05/19 11:38:03 INFO SparkContext: Java version 17.0.19
[2026-05-19T11:38:03.439+0000] {subprocess.py:93} INFO - 26/05/19 11:38:03 INFO ResourceUtils: ==============================================================
[2026-05-19T11:38:03.440+0000] {subprocess.py:93} INFO - 26/05/19 11:38:03 INFO ResourceUtils: No custom resources configured for spark.driver.
[2026-05-19T11:38:03.441+0000] {subprocess.py:93} INFO - 26/05/19 11:38:03 INFO ResourceUtils: ==============================================================
[2026-05-19T11:38:03.441+0000] {subprocess.py:93} INFO - 26/05/19 11:38:03 INFO SparkContext: Submitted application: GoldLayerProcessor
[2026-05-19T11:38:03.490+0000] {subprocess.py:93} INFO - 26/05/19 11:38:03 INFO ResourceProfile: Default ResourceProfile created, executor resources: Map(cores -> name: cores, amount: 1, script: , vendor: , memory -> name: memory, amount: 512, script: , vendor: , offHeap -> name: offHeap, amount: 0, script: , vendor: ), task resources: Map(cpus -> name: cpus, amount: 1.0)
[2026-05-19T11:38:03.507+0000] {subprocess.py:93} INFO - 26/05/19 11:38:03 INFO ResourceProfile: Limiting resource is cpus at 1 tasks per executor
[2026-05-19T11:38:03.511+0000] {subprocess.py:93} INFO - 26/05/19 11:38:03 INFO ResourceProfileManager: Added ResourceProfile id: 0
[2026-05-19T11:38:03.568+0000] {subprocess.py:93} INFO - 26/05/19 11:38:03 INFO SecurityManager: Changing view acls to: airflow
[2026-05-19T11:38:03.569+0000] {subprocess.py:93} INFO - 26/05/19 11:38:03 INFO SecurityManager: Changing modify acls to: airflow
[2026-05-19T11:38:03.570+0000] {subprocess.py:93} INFO - 26/05/19 11:38:03 INFO SecurityManager: Changing view acls groups to:
[2026-05-19T11:38:03.571+0000] {subprocess.py:93} INFO - 26/05/19 11:38:03 INFO SecurityManager: Changing modify acls groups to:
[2026-05-19T11:38:03.572+0000] {subprocess.py:93} INFO - 26/05/19 11:38:03 INFO SecurityManager: SecurityManager: authentication disabled; ui acls disabled; users with view permissions: airflow; groups with view permissions: EMPTY; users with modify permissions: airflow; groups with modify permissions: EMPTY
[2026-05-19T11:38:03.934+0000] {subprocess.py:93} INFO - 26/05/19 11:38:03 INFO Utils: Successfully started service 'sparkDriver' on port 42595.
[2026-05-19T11:38:03.969+0000] {subprocess.py:93} INFO - 26/05/19 11:38:03 INFO SparkEnv: Registering MapOutputTracker
[2026-05-19T11:38:04.014+0000] {subprocess.py:93} INFO - 26/05/19 11:38:04 INFO SparkEnv: Registering BlockManagerMaster
[2026-05-19T11:38:04.046+0000] {subprocess.py:93} INFO - 26/05/19 11:38:04 INFO BlockManagerMasterEndpoint: Using org.apache.spark.storage.DefaultTopologyMapper for getting topology information
[2026-05-19T11:38:04.047+0000] {subprocess.py:93} INFO - 26/05/19 11:38:04 INFO BlockManagerMasterEndpoint: BlockManagerMasterEndpoint up
[2026-05-19T11:38:04.053+0000] {subprocess.py:93} INFO - 26/05/19 11:38:04 INFO SparkEnv: Registering BlockManagerMasterHeartbeat
[2026-05-19T11:38:04.076+0000] {subprocess.py:93} INFO - 26/05/19 11:38:04 INFO DiskBlockManager: Created local directory at /tmp/blockmgr-7dce86e6-ee54-4c69-a29f-503363690d92
[2026-05-19T11:38:04.101+0000] {subprocess.py:93} INFO - 26/05/19 11:38:04 INFO MemoryStore: MemoryStore started with capacity 434.4 MiB
[2026-05-19T11:38:04.124+0000] {subprocess.py:93} INFO - 26/05/19 11:38:04 INFO SparkEnv: Registering OutputCommitCoordinator
[2026-05-19T11:38:04.295+0000] {subprocess.py:93} INFO - 26/05/19 11:38:04 INFO JettyUtils: Start Jetty 0.0.0.0:4040 for SparkUI
[2026-05-19T11:38:04.397+0000] {subprocess.py:93} INFO - 26/05/19 11:38:04 INFO Utils: Successfully started service 'SparkUI' on port 4040.
[2026-05-19T11:38:04.457+0000] {subprocess.py:93} INFO - 26/05/19 11:38:04 INFO SparkContext: Added JAR file:///opt/airflow/jars/aws-java-sdk-bundle-1.12.262.jar at spark://c43074c3fd7c:42595/jars/aws-java-sdk-bundle-1.12.262.jar with timestamp 1779190683366
[2026-05-19T11:38:04.459+0000] {subprocess.py:93} INFO - 26/05/19 11:38:04 INFO SparkContext: Added JAR file:///opt/airflow/jars/hadoop-aws-3.3.4.jar at spark://c43074c3fd7c:42595/jars/hadoop-aws-3.3.4.jar with timestamp 1779190683366
[2026-05-19T11:38:04.460+0000] {subprocess.py:93} INFO - 26/05/19 11:38:04 INFO SparkContext: Added JAR file:///opt/airflow/jars/postgresql-42.7.3.jar at spark://c43074c3fd7c:42595/jars/postgresql-42.7.3.jar with timestamp 1779190683366
[2026-05-19T11:38:04.574+0000] {subprocess.py:93} INFO - 26/05/19 11:38:04 INFO StandaloneAppClient$ClientEndpoint: Connecting to master spark://spark-master:7077...
[2026-05-19T11:38:04.641+0000] {subprocess.py:93} INFO - 26/05/19 11:38:04 INFO TransportClientFactory: Successfully created connection to spark-master/172.18.0.4:7077 after 33 ms (0 ms spent in bootstraps)
[2026-05-19T11:38:04.804+0000] {subprocess.py:93} INFO - 26/05/19 11:38:04 INFO StandaloneSchedulerBackend: Connected to Spark cluster with app ID app-20260519113804-0031
[2026-05-19T11:38:04.806+0000] {subprocess.py:93} INFO - 26/05/19 11:38:04 INFO StandaloneAppClient$ClientEndpoint: Executor added: app-20260519113804-0031/0 on worker-20260518211503-172.18.0.3-40747 (172.18.0.3:40747) with 1 core(s)
[2026-05-19T11:38:04.809+0000] {subprocess.py:93} INFO - 26/05/19 11:38:04 INFO StandaloneSchedulerBackend: Granted executor ID app-20260519113804-0031/0 on hostPort 172.18.0.3:40747 with 1 core(s), 512.0 MiB RAM
[2026-05-19T11:38:04.818+0000] {subprocess.py:93} INFO - 26/05/19 11:38:04 INFO Utils: Successfully started service 'org.apache.spark.network.netty.NettyBlockTransferService' on port 35573.
[2026-05-19T11:38:04.819+0000] {subprocess.py:93} INFO - 26/05/19 11:38:04 INFO NettyBlockTransferService: Server created on c43074c3fd7c:35573
[2026-05-19T11:38:04.822+0000] {subprocess.py:93} INFO - 26/05/19 11:38:04 INFO BlockManager: Using org.apache.spark.storage.RandomBlockReplicationPolicy for block replication policy
[2026-05-19T11:38:04.831+0000] {subprocess.py:93} INFO - 26/05/19 11:38:04 INFO BlockManagerMaster: Registering BlockManager BlockManagerId(driver, c43074c3fd7c, 35573, None)
[2026-05-19T11:38:04.836+0000] {subprocess.py:93} INFO - 26/05/19 11:38:04 INFO BlockManagerMasterEndpoint: Registering block manager c43074c3fd7c:35573 with 434.4 MiB RAM, BlockManagerId(driver, c43074c3fd7c, 35573, None)
[2026-05-19T11:38:04.840+0000] {subprocess.py:93} INFO - 26/05/19 11:38:04 INFO BlockManagerMaster: Registered BlockManager BlockManagerId(driver, c43074c3fd7c, 35573, None)
[2026-05-19T11:38:04.842+0000] {subprocess.py:93} INFO - 26/05/19 11:38:04 INFO BlockManager: Initialized BlockManager: BlockManagerId(driver, c43074c3fd7c, 35573, None)
[2026-05-19T11:38:04.852+0000] {subprocess.py:93} INFO - 26/05/19 11:38:04 INFO StandaloneAppClient$ClientEndpoint: Executor updated: app-20260519113804-0031/0 is now RUNNING
[2026-05-19T11:38:05.222+0000] {subprocess.py:93} INFO - 26/05/19 11:38:05 INFO StandaloneSchedulerBackend: SchedulerBackend is ready for scheduling beginning after reached minRegisteredResourcesRatio: 0.0
[2026-05-19T11:38:07.055+0000] {subprocess.py:93} INFO - 26/05/19 11:38:07 WARN MetricsConfig: Cannot locate configuration: tried hadoop-metrics2-s3a-file-system.properties,hadoop-metrics2.properties
[2026-05-19T11:38:14.789+0000] {subprocess.py:93} INFO - Lecture SILVER terminée
[2026-05-19T11:58:08.828+0000] {subprocess.py:93} INFO - 26/05/19 11:58:08 ERROR TaskSchedulerImpl: Lost executor 0 on 172.18.0.3: worker lost: Not receiving heartbeat for 60 seconds
[2026-05-19T11:59:01.357+0000] {subprocess.py:93} INFO - Table articles_par_jour créée
[2026-05-19T11:59:28.690+0000] {subprocess.py:93} INFO - Table articles_par_source créée
[2026-05-19T11:59:58.578+0000] {subprocess.py:93} INFO - Table top_categories créée
[2026-05-19T12:00:27.655+0000] {subprocess.py:93} INFO - Table articles_par_source_jour créée
[2026-05-19T12:00:27.659+0000] {subprocess.py:93} INFO - 
[2026-05-19T12:00:27.660+0000] {subprocess.py:93} INFO - ==============================
[2026-05-19T12:00:27.661+0000] {subprocess.py:93} INFO - GOLD LAYER TERMINÉ
[2026-05-19T12:00:27.663+0000] {subprocess.py:93} INFO - ==============================
[2026-05-19T12:00:28.843+0000] {subprocess.py:97} INFO - Command exited with return code 0
[2026-05-19T12:00:28.846+0000] {taskinstance.py:441} INFO - ::group::Post task execution logs
[2026-05-19T12:00:29.349+0000] {taskinstance.py:1206} INFO - Marking task as SUCCESS. dag_id=medallion_gold_layer, task_id=gold_processing, run_id=scheduled__2026-05-19T11:30:00+00:00, execution_date=20260519T113000, start_date=20260519T113756, end_date=20260519T120029
[2026-05-19T12:00:29.488+0000] {local_task_job_runner.py:240} INFO - Task exited with return code 0
[2026-05-19T12:00:29.618+0000] {taskinstance.py:3498} INFO - 0 downstream tasks scheduled from follow-on schedule check
[2026-05-19T12:00:29.625+0000] {local_task_job_runner.py:222} INFO - ::endgroup::
