[2026-05-15T17:10:02.266+0000] {local_task_job_runner.py:120} INFO - ::group::Pre task execution logs
[2026-05-15T17:10:02.441+0000] {taskinstance.py:2076} INFO - Dependencies all met for dep_context=non-requeueable deps ti=<TaskInstance: medallion_gold_layer.gold_processing scheduled__2026-05-15T17:05:00+00:00 [queued]>
[2026-05-15T17:10:02.465+0000] {taskinstance.py:2076} INFO - Dependencies all met for dep_context=requeueable deps ti=<TaskInstance: medallion_gold_layer.gold_processing scheduled__2026-05-15T17:05:00+00:00 [queued]>
[2026-05-15T17:10:02.483+0000] {taskinstance.py:2306} INFO - Starting attempt 1 of 2
[2026-05-15T17:10:02.579+0000] {taskinstance.py:2330} INFO - Executing <Task(BashOperator): gold_processing> on 2026-05-15 17:05:00+00:00
[2026-05-15T17:10:02.592+0000] {standard_task_runner.py:63} INFO - Started process 22815 to run task
[2026-05-15T17:10:02.601+0000] {standard_task_runner.py:90} INFO - Running: ['airflow', 'tasks', 'run', 'medallion_gold_layer', 'gold_processing', 'scheduled__2026-05-15T17:05:00+00:00', '--job-id', '63', '--raw', '--subdir', 'DAGS_FOLDER/gold_layer_dag.py', '--cfg-path', '/tmp/tmpc7yd5id6']
[2026-05-15T17:10:02.609+0000] {standard_task_runner.py:91} INFO - Job 63: Subtask gold_processing
[2026-05-15T17:10:03.106+0000] {task_command.py:426} INFO - Running <TaskInstance: medallion_gold_layer.gold_processing scheduled__2026-05-15T17:05:00+00:00 [running]> on host e8a9653e4a1b
[2026-05-15T17:10:03.735+0000] {taskinstance.py:2648} INFO - Exporting env vars: AIRFLOW_CTX_DAG_OWNER='anass' AIRFLOW_CTX_DAG_ID='medallion_gold_layer' AIRFLOW_CTX_TASK_ID='gold_processing' AIRFLOW_CTX_EXECUTION_DATE='2026-05-15T17:05:00+00:00' AIRFLOW_CTX_TRY_NUMBER='1' AIRFLOW_CTX_DAG_RUN_ID='scheduled__2026-05-15T17:05:00+00:00'
[2026-05-15T17:10:03.737+0000] {taskinstance.py:430} INFO - ::endgroup::
[2026-05-15T17:10:03.760+0000] {subprocess.py:63} INFO - Tmp dir root location: /tmp
[2026-05-15T17:10:03.762+0000] {subprocess.py:75} INFO - Running command: ['/usr/bin/bash', '-c', '\n    spark-submit     --master spark://spark-master:7077     --executor-memory 512M     --executor-cores 1     --total-executor-cores 1     --jars /opt/airflow/jars/aws-java-sdk-bundle-1.12.262.jar,/opt/airflow/jars/hadoop-aws-3.3.4.jar,/opt/airflow/jars/postgresql-42.7.3.jar     /opt/spark_jobs/gold_processor.py\n    ']
[2026-05-15T17:10:03.773+0000] {subprocess.py:86} INFO - Output:
[2026-05-15T17:10:05.639+0000] {subprocess.py:93} INFO - 26/05/15 17:10:05 WARN NativeCodeLoader: Unable to load native-hadoop library for your platform... using builtin-java classes where applicable
[2026-05-15T17:10:07.028+0000] {subprocess.py:93} INFO - 26/05/15 17:10:07 INFO SparkContext: Running Spark version 3.5.1
[2026-05-15T17:10:07.029+0000] {subprocess.py:93} INFO - 26/05/15 17:10:07 INFO SparkContext: OS info Linux, 6.6.87.2-microsoft-standard-WSL2, amd64
[2026-05-15T17:10:07.031+0000] {subprocess.py:93} INFO - 26/05/15 17:10:07 INFO SparkContext: Java version 17.0.19
[2026-05-15T17:10:07.062+0000] {subprocess.py:93} INFO - 26/05/15 17:10:07 INFO ResourceUtils: ==============================================================
[2026-05-15T17:10:07.063+0000] {subprocess.py:93} INFO - 26/05/15 17:10:07 INFO ResourceUtils: No custom resources configured for spark.driver.
[2026-05-15T17:10:07.064+0000] {subprocess.py:93} INFO - 26/05/15 17:10:07 INFO ResourceUtils: ==============================================================
[2026-05-15T17:10:07.065+0000] {subprocess.py:93} INFO - 26/05/15 17:10:07 INFO SparkContext: Submitted application: GoldLayerProcessor
[2026-05-15T17:10:07.092+0000] {subprocess.py:93} INFO - 26/05/15 17:10:07 INFO ResourceProfile: Default ResourceProfile created, executor resources: Map(cores -> name: cores, amount: 1, script: , vendor: , memory -> name: memory, amount: 512, script: , vendor: , offHeap -> name: offHeap, amount: 0, script: , vendor: ), task resources: Map(cpus -> name: cpus, amount: 1.0)
[2026-05-15T17:10:07.101+0000] {subprocess.py:93} INFO - 26/05/15 17:10:07 INFO ResourceProfile: Limiting resource is cpus at 1 tasks per executor
[2026-05-15T17:10:07.103+0000] {subprocess.py:93} INFO - 26/05/15 17:10:07 INFO ResourceProfileManager: Added ResourceProfile id: 0
[2026-05-15T17:10:07.155+0000] {subprocess.py:93} INFO - 26/05/15 17:10:07 INFO SecurityManager: Changing view acls to: airflow
[2026-05-15T17:10:07.156+0000] {subprocess.py:93} INFO - 26/05/15 17:10:07 INFO SecurityManager: Changing modify acls to: airflow
[2026-05-15T17:10:07.157+0000] {subprocess.py:93} INFO - 26/05/15 17:10:07 INFO SecurityManager: Changing view acls groups to:
[2026-05-15T17:10:07.158+0000] {subprocess.py:93} INFO - 26/05/15 17:10:07 INFO SecurityManager: Changing modify acls groups to:
[2026-05-15T17:10:07.159+0000] {subprocess.py:93} INFO - 26/05/15 17:10:07 INFO SecurityManager: SecurityManager: authentication disabled; ui acls disabled; users with view permissions: airflow; groups with view permissions: EMPTY; users with modify permissions: airflow; groups with modify permissions: EMPTY
[2026-05-15T17:10:07.395+0000] {subprocess.py:93} INFO - 26/05/15 17:10:07 INFO Utils: Successfully started service 'sparkDriver' on port 34393.
[2026-05-15T17:10:07.423+0000] {subprocess.py:93} INFO - 26/05/15 17:10:07 INFO SparkEnv: Registering MapOutputTracker
[2026-05-15T17:10:07.465+0000] {subprocess.py:93} INFO - 26/05/15 17:10:07 INFO SparkEnv: Registering BlockManagerMaster
[2026-05-15T17:10:07.484+0000] {subprocess.py:93} INFO - 26/05/15 17:10:07 INFO BlockManagerMasterEndpoint: Using org.apache.spark.storage.DefaultTopologyMapper for getting topology information
[2026-05-15T17:10:07.485+0000] {subprocess.py:93} INFO - 26/05/15 17:10:07 INFO BlockManagerMasterEndpoint: BlockManagerMasterEndpoint up
[2026-05-15T17:10:07.490+0000] {subprocess.py:93} INFO - 26/05/15 17:10:07 INFO SparkEnv: Registering BlockManagerMasterHeartbeat
[2026-05-15T17:10:07.508+0000] {subprocess.py:93} INFO - 26/05/15 17:10:07 INFO DiskBlockManager: Created local directory at /tmp/blockmgr-1a557299-f24d-4a09-a343-4196ab305763
[2026-05-15T17:10:07.525+0000] {subprocess.py:93} INFO - 26/05/15 17:10:07 INFO MemoryStore: MemoryStore started with capacity 434.4 MiB
[2026-05-15T17:10:07.543+0000] {subprocess.py:93} INFO - 26/05/15 17:10:07 INFO SparkEnv: Registering OutputCommitCoordinator
[2026-05-15T17:10:07.665+0000] {subprocess.py:93} INFO - 26/05/15 17:10:07 INFO JettyUtils: Start Jetty 0.0.0.0:4040 for SparkUI
[2026-05-15T17:10:07.760+0000] {subprocess.py:93} INFO - 26/05/15 17:10:07 INFO Utils: Successfully started service 'SparkUI' on port 4040.
[2026-05-15T17:10:07.794+0000] {subprocess.py:93} INFO - 26/05/15 17:10:07 INFO SparkContext: Added JAR file:///opt/airflow/jars/aws-java-sdk-bundle-1.12.262.jar at spark://e8a9653e4a1b:34393/jars/aws-java-sdk-bundle-1.12.262.jar with timestamp 1778865007018
[2026-05-15T17:10:07.795+0000] {subprocess.py:93} INFO - 26/05/15 17:10:07 INFO SparkContext: Added JAR file:///opt/airflow/jars/hadoop-aws-3.3.4.jar at spark://e8a9653e4a1b:34393/jars/hadoop-aws-3.3.4.jar with timestamp 1778865007018
[2026-05-15T17:10:07.796+0000] {subprocess.py:93} INFO - 26/05/15 17:10:07 INFO SparkContext: Added JAR file:///opt/airflow/jars/postgresql-42.7.3.jar at spark://e8a9653e4a1b:34393/jars/postgresql-42.7.3.jar with timestamp 1778865007018
[2026-05-15T17:10:07.881+0000] {subprocess.py:93} INFO - 26/05/15 17:10:07 INFO StandaloneAppClient$ClientEndpoint: Connecting to master spark://spark-master:7077...
[2026-05-15T17:10:07.930+0000] {subprocess.py:93} INFO - 26/05/15 17:10:07 INFO TransportClientFactory: Successfully created connection to spark-master/172.18.0.6:7077 after 24 ms (0 ms spent in bootstraps)
[2026-05-15T17:10:08.021+0000] {subprocess.py:93} INFO - 26/05/15 17:10:08 INFO StandaloneSchedulerBackend: Connected to Spark cluster with app ID app-20260515171008-0062
[2026-05-15T17:10:08.025+0000] {subprocess.py:93} INFO - 26/05/15 17:10:08 INFO StandaloneAppClient$ClientEndpoint: Executor added: app-20260515171008-0062/0 on worker-20260514105200-172.18.0.13-40347 (172.18.0.13:40347) with 1 core(s)
[2026-05-15T17:10:08.028+0000] {subprocess.py:93} INFO - 26/05/15 17:10:08 INFO StandaloneSchedulerBackend: Granted executor ID app-20260515171008-0062/0 on hostPort 172.18.0.13:40347 with 1 core(s), 512.0 MiB RAM
[2026-05-15T17:10:08.041+0000] {subprocess.py:93} INFO - 26/05/15 17:10:08 INFO Utils: Successfully started service 'org.apache.spark.network.netty.NettyBlockTransferService' on port 36065.
[2026-05-15T17:10:08.042+0000] {subprocess.py:93} INFO - 26/05/15 17:10:08 INFO NettyBlockTransferService: Server created on e8a9653e4a1b:36065
[2026-05-15T17:10:08.045+0000] {subprocess.py:93} INFO - 26/05/15 17:10:08 INFO BlockManager: Using org.apache.spark.storage.RandomBlockReplicationPolicy for block replication policy
[2026-05-15T17:10:08.061+0000] {subprocess.py:93} INFO - 26/05/15 17:10:08 INFO BlockManagerMaster: Registering BlockManager BlockManagerId(driver, e8a9653e4a1b, 36065, None)
[2026-05-15T17:10:08.068+0000] {subprocess.py:93} INFO - 26/05/15 17:10:08 INFO BlockManagerMasterEndpoint: Registering block manager e8a9653e4a1b:36065 with 434.4 MiB RAM, BlockManagerId(driver, e8a9653e4a1b, 36065, None)
[2026-05-15T17:10:08.072+0000] {subprocess.py:93} INFO - 26/05/15 17:10:08 INFO StandaloneAppClient$ClientEndpoint: Executor updated: app-20260515171008-0062/0 is now RUNNING
[2026-05-15T17:10:08.074+0000] {subprocess.py:93} INFO - 26/05/15 17:10:08 INFO BlockManagerMaster: Registered BlockManager BlockManagerId(driver, e8a9653e4a1b, 36065, None)
[2026-05-15T17:10:08.077+0000] {subprocess.py:93} INFO - 26/05/15 17:10:08 INFO BlockManager: Initialized BlockManager: BlockManagerId(driver, e8a9653e4a1b, 36065, None)
[2026-05-15T17:10:08.319+0000] {subprocess.py:93} INFO - 26/05/15 17:10:08 INFO StandaloneSchedulerBackend: SchedulerBackend is ready for scheduling beginning after reached minRegisteredResourcesRatio: 0.0
[2026-05-15T17:10:09.652+0000] {subprocess.py:93} INFO - 26/05/15 17:10:09 WARN MetricsConfig: Cannot locate configuration: tried hadoop-metrics2-s3a-file-system.properties,hadoop-metrics2.properties
[2026-05-15T17:10:15.112+0000] {subprocess.py:93} INFO - Lecture SILVER terminée
[2026-05-15T17:10:23.924+0000] {subprocess.py:93} INFO - Table articles_par_jour créée
[2026-05-15T17:10:30.536+0000] {subprocess.py:93} INFO - Table articles_par_source créée
[2026-05-15T17:10:36.629+0000] {subprocess.py:93} INFO - Table top_categories créée
[2026-05-15T17:10:42.110+0000] {subprocess.py:93} INFO - Table articles_par_source_jour créée
[2026-05-15T17:10:42.111+0000] {subprocess.py:93} INFO - 
[2026-05-15T17:10:42.113+0000] {subprocess.py:93} INFO - ==============================
[2026-05-15T17:10:42.114+0000] {subprocess.py:93} INFO - GOLD LAYER TERMINÉ
[2026-05-15T17:10:42.115+0000] {subprocess.py:93} INFO - ==============================
[2026-05-15T17:10:42.539+0000] {subprocess.py:97} INFO - Command exited with return code 0
[2026-05-15T17:10:42.541+0000] {taskinstance.py:441} INFO - ::group::Post task execution logs
[2026-05-15T17:10:42.990+0000] {taskinstance.py:1206} INFO - Marking task as SUCCESS. dag_id=medallion_gold_layer, task_id=gold_processing, run_id=scheduled__2026-05-15T17:05:00+00:00, execution_date=20260515T170500, start_date=20260515T171002, end_date=20260515T171042
[2026-05-15T17:10:43.060+0000] {local_task_job_runner.py:240} INFO - Task exited with return code 0
[2026-05-15T17:10:43.162+0000] {taskinstance.py:3498} INFO - 0 downstream tasks scheduled from follow-on schedule check
[2026-05-15T17:10:43.181+0000] {local_task_job_runner.py:222} INFO - ::endgroup::
