[2026-05-18T00:39:52.445+0000] {local_task_job_runner.py:120} INFO - ::group::Pre task execution logs
[2026-05-18T00:39:52.527+0000] {taskinstance.py:2076} INFO - Dependencies all met for dep_context=non-requeueable deps ti=<TaskInstance: medallion_gold_layer.gold_processing scheduled__2026-05-18T00:30:00+00:00 [queued]>
[2026-05-18T00:39:52.540+0000] {taskinstance.py:2076} INFO - Dependencies all met for dep_context=requeueable deps ti=<TaskInstance: medallion_gold_layer.gold_processing scheduled__2026-05-18T00:30:00+00:00 [queued]>
[2026-05-18T00:39:52.541+0000] {taskinstance.py:2306} INFO - Starting attempt 1 of 2
[2026-05-18T00:39:52.569+0000] {taskinstance.py:2330} INFO - Executing <Task(BashOperator): gold_processing> on 2026-05-18 00:30:00+00:00
[2026-05-18T00:39:52.575+0000] {standard_task_runner.py:63} INFO - Started process 81967 to run task
[2026-05-18T00:39:52.579+0000] {standard_task_runner.py:90} INFO - Running: ['airflow', 'tasks', 'run', 'medallion_gold_layer', 'gold_processing', 'scheduled__2026-05-18T00:30:00+00:00', '--job-id', '213', '--raw', '--subdir', 'DAGS_FOLDER/gold_layer_dag.py', '--cfg-path', '/tmp/tmp6t5a1j88']
[2026-05-18T00:39:52.581+0000] {standard_task_runner.py:91} INFO - Job 213: Subtask gold_processing
[2026-05-18T00:39:52.818+0000] {task_command.py:426} INFO - Running <TaskInstance: medallion_gold_layer.gold_processing scheduled__2026-05-18T00:30:00+00:00 [running]> on host e8a9653e4a1b
[2026-05-18T00:39:53.195+0000] {taskinstance.py:2648} INFO - Exporting env vars: AIRFLOW_CTX_DAG_OWNER='anass' AIRFLOW_CTX_DAG_ID='medallion_gold_layer' AIRFLOW_CTX_TASK_ID='gold_processing' AIRFLOW_CTX_EXECUTION_DATE='2026-05-18T00:30:00+00:00' AIRFLOW_CTX_TRY_NUMBER='1' AIRFLOW_CTX_DAG_RUN_ID='scheduled__2026-05-18T00:30:00+00:00'
[2026-05-18T00:39:53.196+0000] {taskinstance.py:430} INFO - ::endgroup::
[2026-05-18T00:39:53.216+0000] {subprocess.py:63} INFO - Tmp dir root location: /tmp
[2026-05-18T00:39:53.217+0000] {subprocess.py:75} INFO - Running command: ['/usr/bin/bash', '-c', '\n    spark-submit     --master spark://spark-master:7077     --executor-memory 512M     --executor-cores 1     --total-executor-cores 1     --jars /opt/airflow/jars/aws-java-sdk-bundle-1.12.262.jar,/opt/airflow/jars/hadoop-aws-3.3.4.jar,/opt/airflow/jars/postgresql-42.7.3.jar     /opt/spark_jobs/gold_processor.py\n    ']
[2026-05-18T00:39:53.228+0000] {subprocess.py:86} INFO - Output:
[2026-05-18T00:39:55.668+0000] {subprocess.py:93} INFO - 26/05/18 00:39:55 WARN NativeCodeLoader: Unable to load native-hadoop library for your platform... using builtin-java classes where applicable
[2026-05-18T00:39:58.289+0000] {subprocess.py:93} INFO - 26/05/18 00:39:58 INFO SparkContext: Running Spark version 3.5.1
[2026-05-18T00:39:58.291+0000] {subprocess.py:93} INFO - 26/05/18 00:39:58 INFO SparkContext: OS info Linux, 6.6.87.2-microsoft-standard-WSL2, amd64
[2026-05-18T00:39:58.292+0000] {subprocess.py:93} INFO - 26/05/18 00:39:58 INFO SparkContext: Java version 17.0.19
[2026-05-18T00:39:58.350+0000] {subprocess.py:93} INFO - 26/05/18 00:39:58 INFO ResourceUtils: ==============================================================
[2026-05-18T00:39:58.352+0000] {subprocess.py:93} INFO - 26/05/18 00:39:58 INFO ResourceUtils: No custom resources configured for spark.driver.
[2026-05-18T00:39:58.354+0000] {subprocess.py:93} INFO - 26/05/18 00:39:58 INFO ResourceUtils: ==============================================================
[2026-05-18T00:39:58.359+0000] {subprocess.py:93} INFO - 26/05/18 00:39:58 INFO SparkContext: Submitted application: GoldLayerProcessor
[2026-05-18T00:39:58.429+0000] {subprocess.py:93} INFO - 26/05/18 00:39:58 INFO ResourceProfile: Default ResourceProfile created, executor resources: Map(cores -> name: cores, amount: 1, script: , vendor: , memory -> name: memory, amount: 512, script: , vendor: , offHeap -> name: offHeap, amount: 0, script: , vendor: ), task resources: Map(cpus -> name: cpus, amount: 1.0)
[2026-05-18T00:39:58.448+0000] {subprocess.py:93} INFO - 26/05/18 00:39:58 INFO ResourceProfile: Limiting resource is cpus at 1 tasks per executor
[2026-05-18T00:39:58.452+0000] {subprocess.py:93} INFO - 26/05/18 00:39:58 INFO ResourceProfileManager: Added ResourceProfile id: 0
[2026-05-18T00:39:58.565+0000] {subprocess.py:93} INFO - 26/05/18 00:39:58 INFO SecurityManager: Changing view acls to: airflow
[2026-05-18T00:39:58.566+0000] {subprocess.py:93} INFO - 26/05/18 00:39:58 INFO SecurityManager: Changing modify acls to: airflow
[2026-05-18T00:39:58.568+0000] {subprocess.py:93} INFO - 26/05/18 00:39:58 INFO SecurityManager: Changing view acls groups to:
[2026-05-18T00:39:58.569+0000] {subprocess.py:93} INFO - 26/05/18 00:39:58 INFO SecurityManager: Changing modify acls groups to:
[2026-05-18T00:39:58.570+0000] {subprocess.py:93} INFO - 26/05/18 00:39:58 INFO SecurityManager: SecurityManager: authentication disabled; ui acls disabled; users with view permissions: airflow; groups with view permissions: EMPTY; users with modify permissions: airflow; groups with modify permissions: EMPTY
[2026-05-18T00:39:59.042+0000] {subprocess.py:93} INFO - 26/05/18 00:39:59 INFO Utils: Successfully started service 'sparkDriver' on port 33889.
[2026-05-18T00:39:59.069+0000] {subprocess.py:93} INFO - 26/05/18 00:39:59 INFO SparkEnv: Registering MapOutputTracker
[2026-05-18T00:39:59.113+0000] {subprocess.py:93} INFO - 26/05/18 00:39:59 INFO SparkEnv: Registering BlockManagerMaster
[2026-05-18T00:39:59.135+0000] {subprocess.py:93} INFO - 26/05/18 00:39:59 INFO BlockManagerMasterEndpoint: Using org.apache.spark.storage.DefaultTopologyMapper for getting topology information
[2026-05-18T00:39:59.136+0000] {subprocess.py:93} INFO - 26/05/18 00:39:59 INFO BlockManagerMasterEndpoint: BlockManagerMasterEndpoint up
[2026-05-18T00:39:59.141+0000] {subprocess.py:93} INFO - 26/05/18 00:39:59 INFO SparkEnv: Registering BlockManagerMasterHeartbeat
[2026-05-18T00:39:59.166+0000] {subprocess.py:93} INFO - 26/05/18 00:39:59 INFO DiskBlockManager: Created local directory at /tmp/blockmgr-5d51db8c-6cd4-4b9e-aeaf-daab09d6315d
[2026-05-18T00:39:59.191+0000] {subprocess.py:93} INFO - 26/05/18 00:39:59 INFO MemoryStore: MemoryStore started with capacity 434.4 MiB
[2026-05-18T00:39:59.212+0000] {subprocess.py:93} INFO - 26/05/18 00:39:59 INFO SparkEnv: Registering OutputCommitCoordinator
[2026-05-18T00:39:59.373+0000] {subprocess.py:93} INFO - 26/05/18 00:39:59 INFO JettyUtils: Start Jetty 0.0.0.0:4040 for SparkUI
[2026-05-18T00:39:59.463+0000] {subprocess.py:93} INFO - 26/05/18 00:39:59 INFO Utils: Successfully started service 'SparkUI' on port 4040.
[2026-05-18T00:39:59.513+0000] {subprocess.py:93} INFO - 26/05/18 00:39:59 INFO SparkContext: Added JAR file:///opt/airflow/jars/aws-java-sdk-bundle-1.12.262.jar at spark://e8a9653e4a1b:33889/jars/aws-java-sdk-bundle-1.12.262.jar with timestamp 1779064798275
[2026-05-18T00:39:59.513+0000] {subprocess.py:93} INFO - 26/05/18 00:39:59 INFO SparkContext: Added JAR file:///opt/airflow/jars/hadoop-aws-3.3.4.jar at spark://e8a9653e4a1b:33889/jars/hadoop-aws-3.3.4.jar with timestamp 1779064798275
[2026-05-18T00:39:59.514+0000] {subprocess.py:93} INFO - 26/05/18 00:39:59 INFO SparkContext: Added JAR file:///opt/airflow/jars/postgresql-42.7.3.jar at spark://e8a9653e4a1b:33889/jars/postgresql-42.7.3.jar with timestamp 1779064798275
[2026-05-18T00:39:59.619+0000] {subprocess.py:93} INFO - 26/05/18 00:39:59 INFO StandaloneAppClient$ClientEndpoint: Connecting to master spark://spark-master:7077...
[2026-05-18T00:39:59.672+0000] {subprocess.py:93} INFO - 26/05/18 00:39:59 INFO TransportClientFactory: Successfully created connection to spark-master/172.18.0.6:7077 after 31 ms (0 ms spent in bootstraps)
[2026-05-18T00:39:59.767+0000] {subprocess.py:93} INFO - 26/05/18 00:39:59 INFO StandaloneSchedulerBackend: Connected to Spark cluster with app ID app-20260518003959-0212
[2026-05-18T00:39:59.770+0000] {subprocess.py:93} INFO - 26/05/18 00:39:59 INFO StandaloneAppClient$ClientEndpoint: Executor added: app-20260518003959-0212/0 on worker-20260514105200-172.18.0.13-40347 (172.18.0.13:40347) with 1 core(s)
[2026-05-18T00:39:59.772+0000] {subprocess.py:93} INFO - 26/05/18 00:39:59 INFO StandaloneSchedulerBackend: Granted executor ID app-20260518003959-0212/0 on hostPort 172.18.0.13:40347 with 1 core(s), 512.0 MiB RAM
[2026-05-18T00:39:59.780+0000] {subprocess.py:93} INFO - 26/05/18 00:39:59 INFO Utils: Successfully started service 'org.apache.spark.network.netty.NettyBlockTransferService' on port 35885.
[2026-05-18T00:39:59.785+0000] {subprocess.py:93} INFO - 26/05/18 00:39:59 INFO NettyBlockTransferService: Server created on e8a9653e4a1b:35885
[2026-05-18T00:39:59.787+0000] {subprocess.py:93} INFO - 26/05/18 00:39:59 INFO BlockManager: Using org.apache.spark.storage.RandomBlockReplicationPolicy for block replication policy
[2026-05-18T00:39:59.796+0000] {subprocess.py:93} INFO - 26/05/18 00:39:59 INFO StandaloneAppClient$ClientEndpoint: Executor updated: app-20260518003959-0212/0 is now RUNNING
[2026-05-18T00:39:59.803+0000] {subprocess.py:93} INFO - 26/05/18 00:39:59 INFO BlockManagerMaster: Registering BlockManager BlockManagerId(driver, e8a9653e4a1b, 35885, None)
[2026-05-18T00:39:59.810+0000] {subprocess.py:93} INFO - 26/05/18 00:39:59 INFO BlockManagerMasterEndpoint: Registering block manager e8a9653e4a1b:35885 with 434.4 MiB RAM, BlockManagerId(driver, e8a9653e4a1b, 35885, None)
[2026-05-18T00:39:59.812+0000] {subprocess.py:93} INFO - 26/05/18 00:39:59 INFO BlockManagerMaster: Registered BlockManager BlockManagerId(driver, e8a9653e4a1b, 35885, None)
[2026-05-18T00:39:59.815+0000] {subprocess.py:93} INFO - 26/05/18 00:39:59 INFO BlockManager: Initialized BlockManager: BlockManagerId(driver, e8a9653e4a1b, 35885, None)
[2026-05-18T00:40:00.294+0000] {subprocess.py:93} INFO - 26/05/18 00:40:00 INFO StandaloneSchedulerBackend: SchedulerBackend is ready for scheduling beginning after reached minRegisteredResourcesRatio: 0.0
[2026-05-18T00:40:02.251+0000] {subprocess.py:93} INFO - 26/05/18 00:40:02 WARN MetricsConfig: Cannot locate configuration: tried hadoop-metrics2-s3a-file-system.properties,hadoop-metrics2.properties
[2026-05-18T00:40:20.740+0000] {subprocess.py:93} INFO - Lecture SILVER terminée
[2026-05-18T00:40:49.789+0000] {subprocess.py:93} INFO - Table articles_par_jour créée
[2026-05-18T00:41:11.662+0000] {subprocess.py:93} INFO - Table articles_par_source créée
[2026-05-18T00:41:33.579+0000] {subprocess.py:93} INFO - Table top_categories créée
[2026-05-18T00:41:55.791+0000] {subprocess.py:93} INFO - Table articles_par_source_jour créée
[2026-05-18T00:41:55.792+0000] {subprocess.py:93} INFO - 
[2026-05-18T00:41:55.794+0000] {subprocess.py:93} INFO - ==============================
[2026-05-18T00:41:55.795+0000] {subprocess.py:93} INFO - GOLD LAYER TERMINÉ
[2026-05-18T00:41:55.796+0000] {subprocess.py:93} INFO - ==============================
[2026-05-18T00:41:56.363+0000] {subprocess.py:97} INFO - Command exited with return code 0
[2026-05-18T00:41:56.366+0000] {taskinstance.py:441} INFO - ::group::Post task execution logs
[2026-05-18T00:41:56.717+0000] {taskinstance.py:1206} INFO - Marking task as SUCCESS. dag_id=medallion_gold_layer, task_id=gold_processing, run_id=scheduled__2026-05-18T00:30:00+00:00, execution_date=20260518T003000, start_date=20260518T003952, end_date=20260518T004156
[2026-05-18T00:41:57.111+0000] {local_task_job_runner.py:240} INFO - Task exited with return code 0
[2026-05-18T00:41:57.263+0000] {taskinstance.py:3498} INFO - 0 downstream tasks scheduled from follow-on schedule check
[2026-05-18T00:41:57.287+0000] {local_task_job_runner.py:222} INFO - ::endgroup::
