[2026-05-19T12:00:31.921+0000] {local_task_job_runner.py:120} INFO - ::group::Pre task execution logs
[2026-05-19T12:00:32.125+0000] {taskinstance.py:2076} INFO - Dependencies all met for dep_context=non-requeueable deps ti=<TaskInstance: medallion_gold_layer.gold_processing scheduled__2026-05-19T11:55:00+00:00 [queued]>
[2026-05-19T12:00:32.156+0000] {taskinstance.py:2076} INFO - Dependencies all met for dep_context=requeueable deps ti=<TaskInstance: medallion_gold_layer.gold_processing scheduled__2026-05-19T11:55:00+00:00 [queued]>
[2026-05-19T12:00:32.159+0000] {taskinstance.py:2306} INFO - Starting attempt 1 of 2
[2026-05-19T12:00:32.231+0000] {taskinstance.py:2330} INFO - Executing <Task(BashOperator): gold_processing> on 2026-05-19 11:55:00+00:00
[2026-05-19T12:00:32.246+0000] {standard_task_runner.py:63} INFO - Started process 8586 to run task
[2026-05-19T12:00:32.252+0000] {standard_task_runner.py:90} INFO - Running: ['airflow', 'tasks', 'run', 'medallion_gold_layer', 'gold_processing', 'scheduled__2026-05-19T11:55:00+00:00', '--job-id', '305', '--raw', '--subdir', 'DAGS_FOLDER/gold_layer_dag.py', '--cfg-path', '/tmp/tmp0savwil2']
[2026-05-19T12:00:32.258+0000] {standard_task_runner.py:91} INFO - Job 305: Subtask gold_processing
[2026-05-19T12:00:32.737+0000] {task_command.py:426} INFO - Running <TaskInstance: medallion_gold_layer.gold_processing scheduled__2026-05-19T11:55:00+00:00 [running]> on host c43074c3fd7c
[2026-05-19T12:00:33.480+0000] {taskinstance.py:2648} INFO - Exporting env vars: AIRFLOW_CTX_DAG_OWNER='ikram' AIRFLOW_CTX_DAG_ID='medallion_gold_layer' AIRFLOW_CTX_TASK_ID='gold_processing' AIRFLOW_CTX_EXECUTION_DATE='2026-05-19T11:55:00+00:00' AIRFLOW_CTX_TRY_NUMBER='1' AIRFLOW_CTX_DAG_RUN_ID='scheduled__2026-05-19T11:55:00+00:00'
[2026-05-19T12:00:33.483+0000] {taskinstance.py:430} INFO - ::endgroup::
[2026-05-19T12:00:33.533+0000] {subprocess.py:63} INFO - Tmp dir root location: /tmp
[2026-05-19T12:00:33.536+0000] {subprocess.py:75} INFO - Running command: ['/usr/bin/bash', '-c', '\n    spark-submit     --master spark://spark-master:7077     --executor-memory 512M     --executor-cores 1     --total-executor-cores 1     --jars /opt/airflow/jars/aws-java-sdk-bundle-1.12.262.jar,/opt/airflow/jars/hadoop-aws-3.3.4.jar,/opt/airflow/jars/postgresql-42.7.3.jar     /opt/spark_jobs/gold_processor.py\n    ']
[2026-05-19T12:00:33.566+0000] {subprocess.py:86} INFO - Output:
[2026-05-19T12:00:37.627+0000] {subprocess.py:93} INFO - 26/05/19 12:00:37 WARN NativeCodeLoader: Unable to load native-hadoop library for your platform... using builtin-java classes where applicable
[2026-05-19T12:00:39.752+0000] {subprocess.py:93} INFO - 26/05/19 12:00:39 INFO SparkContext: Running Spark version 3.5.1
[2026-05-19T12:00:39.753+0000] {subprocess.py:93} INFO - 26/05/19 12:00:39 INFO SparkContext: OS info Linux, 6.6.87.2-microsoft-standard-WSL2, amd64
[2026-05-19T12:00:39.754+0000] {subprocess.py:93} INFO - 26/05/19 12:00:39 INFO SparkContext: Java version 17.0.19
[2026-05-19T12:00:39.800+0000] {subprocess.py:93} INFO - 26/05/19 12:00:39 INFO ResourceUtils: ==============================================================
[2026-05-19T12:00:39.801+0000] {subprocess.py:93} INFO - 26/05/19 12:00:39 INFO ResourceUtils: No custom resources configured for spark.driver.
[2026-05-19T12:00:39.802+0000] {subprocess.py:93} INFO - 26/05/19 12:00:39 INFO ResourceUtils: ==============================================================
[2026-05-19T12:00:39.803+0000] {subprocess.py:93} INFO - 26/05/19 12:00:39 INFO SparkContext: Submitted application: GoldLayerProcessor
[2026-05-19T12:00:39.833+0000] {subprocess.py:93} INFO - 26/05/19 12:00:39 INFO ResourceProfile: Default ResourceProfile created, executor resources: Map(cores -> name: cores, amount: 1, script: , vendor: , memory -> name: memory, amount: 512, script: , vendor: , offHeap -> name: offHeap, amount: 0, script: , vendor: ), task resources: Map(cpus -> name: cpus, amount: 1.0)
[2026-05-19T12:00:39.848+0000] {subprocess.py:93} INFO - 26/05/19 12:00:39 INFO ResourceProfile: Limiting resource is cpus at 1 tasks per executor
[2026-05-19T12:00:39.853+0000] {subprocess.py:93} INFO - 26/05/19 12:00:39 INFO ResourceProfileManager: Added ResourceProfile id: 0
[2026-05-19T12:00:39.933+0000] {subprocess.py:93} INFO - 26/05/19 12:00:39 INFO SecurityManager: Changing view acls to: airflow
[2026-05-19T12:00:39.934+0000] {subprocess.py:93} INFO - 26/05/19 12:00:39 INFO SecurityManager: Changing modify acls to: airflow
[2026-05-19T12:00:39.935+0000] {subprocess.py:93} INFO - 26/05/19 12:00:39 INFO SecurityManager: Changing view acls groups to:
[2026-05-19T12:00:39.936+0000] {subprocess.py:93} INFO - 26/05/19 12:00:39 INFO SecurityManager: Changing modify acls groups to:
[2026-05-19T12:00:39.937+0000] {subprocess.py:93} INFO - 26/05/19 12:00:39 INFO SecurityManager: SecurityManager: authentication disabled; ui acls disabled; users with view permissions: airflow; groups with view permissions: EMPTY; users with modify permissions: airflow; groups with modify permissions: EMPTY
[2026-05-19T12:00:40.215+0000] {subprocess.py:93} INFO - 26/05/19 12:00:40 INFO Utils: Successfully started service 'sparkDriver' on port 39439.
[2026-05-19T12:00:40.253+0000] {subprocess.py:93} INFO - 26/05/19 12:00:40 INFO SparkEnv: Registering MapOutputTracker
[2026-05-19T12:00:40.304+0000] {subprocess.py:93} INFO - 26/05/19 12:00:40 INFO SparkEnv: Registering BlockManagerMaster
[2026-05-19T12:00:40.333+0000] {subprocess.py:93} INFO - 26/05/19 12:00:40 INFO BlockManagerMasterEndpoint: Using org.apache.spark.storage.DefaultTopologyMapper for getting topology information
[2026-05-19T12:00:40.334+0000] {subprocess.py:93} INFO - 26/05/19 12:00:40 INFO BlockManagerMasterEndpoint: BlockManagerMasterEndpoint up
[2026-05-19T12:00:40.344+0000] {subprocess.py:93} INFO - 26/05/19 12:00:40 INFO SparkEnv: Registering BlockManagerMasterHeartbeat
[2026-05-19T12:00:40.432+0000] {subprocess.py:93} INFO - 26/05/19 12:00:40 INFO DiskBlockManager: Created local directory at /tmp/blockmgr-37b3166d-7478-4944-9017-7db2615deb46
[2026-05-19T12:00:40.473+0000] {subprocess.py:93} INFO - 26/05/19 12:00:40 INFO MemoryStore: MemoryStore started with capacity 434.4 MiB
[2026-05-19T12:00:40.508+0000] {subprocess.py:93} INFO - 26/05/19 12:00:40 INFO SparkEnv: Registering OutputCommitCoordinator
[2026-05-19T12:00:40.696+0000] {subprocess.py:93} INFO - 26/05/19 12:00:40 INFO JettyUtils: Start Jetty 0.0.0.0:4040 for SparkUI
[2026-05-19T12:00:40.833+0000] {subprocess.py:93} INFO - 26/05/19 12:00:40 INFO Utils: Successfully started service 'SparkUI' on port 4040.
[2026-05-19T12:00:40.903+0000] {subprocess.py:93} INFO - 26/05/19 12:00:40 INFO SparkContext: Added JAR file:///opt/airflow/jars/aws-java-sdk-bundle-1.12.262.jar at spark://c43074c3fd7c:39439/jars/aws-java-sdk-bundle-1.12.262.jar with timestamp 1779192039738
[2026-05-19T12:00:40.904+0000] {subprocess.py:93} INFO - 26/05/19 12:00:40 INFO SparkContext: Added JAR file:///opt/airflow/jars/hadoop-aws-3.3.4.jar at spark://c43074c3fd7c:39439/jars/hadoop-aws-3.3.4.jar with timestamp 1779192039738
[2026-05-19T12:00:40.906+0000] {subprocess.py:93} INFO - 26/05/19 12:00:40 INFO SparkContext: Added JAR file:///opt/airflow/jars/postgresql-42.7.3.jar at spark://c43074c3fd7c:39439/jars/postgresql-42.7.3.jar with timestamp 1779192039738
[2026-05-19T12:00:41.066+0000] {subprocess.py:93} INFO - 26/05/19 12:00:41 INFO StandaloneAppClient$ClientEndpoint: Connecting to master spark://spark-master:7077...
[2026-05-19T12:00:41.200+0000] {subprocess.py:93} INFO - 26/05/19 12:00:41 INFO TransportClientFactory: Successfully created connection to spark-master/172.18.0.4:7077 after 80 ms (0 ms spent in bootstraps)
[2026-05-19T12:00:41.385+0000] {subprocess.py:93} INFO - 26/05/19 12:00:41 INFO StandaloneSchedulerBackend: Connected to Spark cluster with app ID app-20260519120041-0032
[2026-05-19T12:00:41.396+0000] {subprocess.py:93} INFO - 26/05/19 12:00:41 INFO StandaloneAppClient$ClientEndpoint: Executor added: app-20260519120041-0032/0 on worker-20260518211503-172.18.0.3-40747 (172.18.0.3:40747) with 1 core(s)
[2026-05-19T12:00:41.406+0000] {subprocess.py:93} INFO - 26/05/19 12:00:41 INFO StandaloneSchedulerBackend: Granted executor ID app-20260519120041-0032/0 on hostPort 172.18.0.3:40747 with 1 core(s), 512.0 MiB RAM
[2026-05-19T12:00:41.421+0000] {subprocess.py:93} INFO - 26/05/19 12:00:41 INFO Utils: Successfully started service 'org.apache.spark.network.netty.NettyBlockTransferService' on port 35733.
[2026-05-19T12:00:41.423+0000] {subprocess.py:93} INFO - 26/05/19 12:00:41 INFO NettyBlockTransferService: Server created on c43074c3fd7c:35733
[2026-05-19T12:00:41.427+0000] {subprocess.py:93} INFO - 26/05/19 12:00:41 INFO BlockManager: Using org.apache.spark.storage.RandomBlockReplicationPolicy for block replication policy
[2026-05-19T12:00:41.454+0000] {subprocess.py:93} INFO - 26/05/19 12:00:41 INFO BlockManagerMaster: Registering BlockManager BlockManagerId(driver, c43074c3fd7c, 35733, None)
[2026-05-19T12:00:41.471+0000] {subprocess.py:93} INFO - 26/05/19 12:00:41 INFO BlockManagerMasterEndpoint: Registering block manager c43074c3fd7c:35733 with 434.4 MiB RAM, BlockManagerId(driver, c43074c3fd7c, 35733, None)
[2026-05-19T12:00:41.478+0000] {subprocess.py:93} INFO - 26/05/19 12:00:41 INFO BlockManagerMaster: Registered BlockManager BlockManagerId(driver, c43074c3fd7c, 35733, None)
[2026-05-19T12:00:41.481+0000] {subprocess.py:93} INFO - 26/05/19 12:00:41 INFO BlockManager: Initialized BlockManager: BlockManagerId(driver, c43074c3fd7c, 35733, None)
[2026-05-19T12:00:41.485+0000] {subprocess.py:93} INFO - 26/05/19 12:00:41 INFO StandaloneAppClient$ClientEndpoint: Executor updated: app-20260519120041-0032/0 is now RUNNING
[2026-05-19T12:00:42.019+0000] {subprocess.py:93} INFO - 26/05/19 12:00:42 INFO StandaloneSchedulerBackend: SchedulerBackend is ready for scheduling beginning after reached minRegisteredResourcesRatio: 0.0
[2026-05-19T12:00:45.321+0000] {subprocess.py:93} INFO - 26/05/19 12:00:45 WARN MetricsConfig: Cannot locate configuration: tried hadoop-metrics2-s3a-file-system.properties,hadoop-metrics2.properties
[2026-05-19T12:01:04.467+0000] {subprocess.py:93} INFO - Lecture SILVER terminée
[2026-05-19T12:01:48.382+0000] {subprocess.py:93} INFO - Table articles_par_jour créée
[2026-05-19T12:02:23.232+0000] {subprocess.py:93} INFO - Table articles_par_source créée
[2026-05-19T12:02:52.578+0000] {subprocess.py:93} INFO - Table top_categories créée
[2026-05-19T12:03:21.000+0000] {subprocess.py:93} INFO - Table articles_par_source_jour créée
[2026-05-19T12:03:21.001+0000] {subprocess.py:93} INFO - 
[2026-05-19T12:03:21.002+0000] {subprocess.py:93} INFO - ==============================
[2026-05-19T12:03:21.003+0000] {subprocess.py:93} INFO - GOLD LAYER TERMINÉ
[2026-05-19T12:03:21.004+0000] {subprocess.py:93} INFO - ==============================
[2026-05-19T12:03:21.522+0000] {subprocess.py:97} INFO - Command exited with return code 0
[2026-05-19T12:03:21.525+0000] {taskinstance.py:441} INFO - ::group::Post task execution logs
[2026-05-19T12:03:22.021+0000] {taskinstance.py:1206} INFO - Marking task as SUCCESS. dag_id=medallion_gold_layer, task_id=gold_processing, run_id=scheduled__2026-05-19T11:55:00+00:00, execution_date=20260519T115500, start_date=20260519T120032, end_date=20260519T120322
[2026-05-19T12:03:22.146+0000] {local_task_job_runner.py:240} INFO - Task exited with return code 0
[2026-05-19T12:03:22.261+0000] {taskinstance.py:3498} INFO - 0 downstream tasks scheduled from follow-on schedule check
[2026-05-19T12:03:22.269+0000] {local_task_job_runner.py:222} INFO - ::endgroup::
