[2026-05-15T14:55:02.079+0000] {local_task_job_runner.py:120} INFO - ::group::Pre task execution logs
[2026-05-15T14:55:02.272+0000] {taskinstance.py:2076} INFO - Dependencies all met for dep_context=non-requeueable deps ti=<TaskInstance: medallion_gold_layer.gold_processing scheduled__2026-05-15T14:50:00+00:00 [queued]>
[2026-05-15T14:55:02.295+0000] {taskinstance.py:2076} INFO - Dependencies all met for dep_context=requeueable deps ti=<TaskInstance: medallion_gold_layer.gold_processing scheduled__2026-05-15T14:50:00+00:00 [queued]>
[2026-05-15T14:55:02.297+0000] {taskinstance.py:2306} INFO - Starting attempt 1 of 2
[2026-05-15T14:55:02.341+0000] {taskinstance.py:2330} INFO - Executing <Task(BashOperator): gold_processing> on 2026-05-15 14:50:00+00:00
[2026-05-15T14:55:02.353+0000] {standard_task_runner.py:63} INFO - Started process 16426 to run task
[2026-05-15T14:55:02.359+0000] {standard_task_runner.py:90} INFO - Running: ['airflow', 'tasks', 'run', 'medallion_gold_layer', 'gold_processing', 'scheduled__2026-05-15T14:50:00+00:00', '--job-id', '46', '--raw', '--subdir', 'DAGS_FOLDER/gold_layer_dag.py', '--cfg-path', '/tmp/tmpssgf5v8b']
[2026-05-15T14:55:02.363+0000] {standard_task_runner.py:91} INFO - Job 46: Subtask gold_processing
[2026-05-15T14:55:02.913+0000] {task_command.py:426} INFO - Running <TaskInstance: medallion_gold_layer.gold_processing scheduled__2026-05-15T14:50:00+00:00 [running]> on host e8a9653e4a1b
[2026-05-15T14:55:03.705+0000] {taskinstance.py:2648} INFO - Exporting env vars: AIRFLOW_CTX_DAG_OWNER='anass' AIRFLOW_CTX_DAG_ID='medallion_gold_layer' AIRFLOW_CTX_TASK_ID='gold_processing' AIRFLOW_CTX_EXECUTION_DATE='2026-05-15T14:50:00+00:00' AIRFLOW_CTX_TRY_NUMBER='1' AIRFLOW_CTX_DAG_RUN_ID='scheduled__2026-05-15T14:50:00+00:00'
[2026-05-15T14:55:03.707+0000] {taskinstance.py:430} INFO - ::endgroup::
[2026-05-15T14:55:03.737+0000] {subprocess.py:63} INFO - Tmp dir root location: /tmp
[2026-05-15T14:55:03.740+0000] {subprocess.py:75} INFO - Running command: ['/usr/bin/bash', '-c', '\n    spark-submit     --master spark://spark-master:7077     --executor-memory 512M     --executor-cores 1     --total-executor-cores 1     --jars /opt/airflow/jars/aws-java-sdk-bundle-1.12.262.jar,/opt/airflow/jars/hadoop-aws-3.3.4.jar,/opt/airflow/jars/postgresql-42.7.3.jar     /opt/spark_jobs/gold_processor.py\n    ']
[2026-05-15T14:55:03.761+0000] {subprocess.py:86} INFO - Output:
[2026-05-15T14:55:07.836+0000] {subprocess.py:93} INFO - 26/05/15 14:55:07 WARN NativeCodeLoader: Unable to load native-hadoop library for your platform... using builtin-java classes where applicable
[2026-05-15T14:55:10.185+0000] {subprocess.py:93} INFO - 26/05/15 14:55:10 INFO SparkContext: Running Spark version 3.5.1
[2026-05-15T14:55:10.187+0000] {subprocess.py:93} INFO - 26/05/15 14:55:10 INFO SparkContext: OS info Linux, 6.6.87.2-microsoft-standard-WSL2, amd64
[2026-05-15T14:55:10.188+0000] {subprocess.py:93} INFO - 26/05/15 14:55:10 INFO SparkContext: Java version 17.0.19
[2026-05-15T14:55:10.230+0000] {subprocess.py:93} INFO - 26/05/15 14:55:10 INFO ResourceUtils: ==============================================================
[2026-05-15T14:55:10.231+0000] {subprocess.py:93} INFO - 26/05/15 14:55:10 INFO ResourceUtils: No custom resources configured for spark.driver.
[2026-05-15T14:55:10.233+0000] {subprocess.py:93} INFO - 26/05/15 14:55:10 INFO ResourceUtils: ==============================================================
[2026-05-15T14:55:10.234+0000] {subprocess.py:93} INFO - 26/05/15 14:55:10 INFO SparkContext: Submitted application: GoldLayerProcessor
[2026-05-15T14:55:10.280+0000] {subprocess.py:93} INFO - 26/05/15 14:55:10 INFO ResourceProfile: Default ResourceProfile created, executor resources: Map(cores -> name: cores, amount: 1, script: , vendor: , memory -> name: memory, amount: 512, script: , vendor: , offHeap -> name: offHeap, amount: 0, script: , vendor: ), task resources: Map(cpus -> name: cpus, amount: 1.0)
[2026-05-15T14:55:10.302+0000] {subprocess.py:93} INFO - 26/05/15 14:55:10 INFO ResourceProfile: Limiting resource is cpus at 1 tasks per executor
[2026-05-15T14:55:10.307+0000] {subprocess.py:93} INFO - 26/05/15 14:55:10 INFO ResourceProfileManager: Added ResourceProfile id: 0
[2026-05-15T14:55:10.377+0000] {subprocess.py:93} INFO - 26/05/15 14:55:10 INFO SecurityManager: Changing view acls to: airflow
[2026-05-15T14:55:10.378+0000] {subprocess.py:93} INFO - 26/05/15 14:55:10 INFO SecurityManager: Changing modify acls to: airflow
[2026-05-15T14:55:10.379+0000] {subprocess.py:93} INFO - 26/05/15 14:55:10 INFO SecurityManager: Changing view acls groups to:
[2026-05-15T14:55:10.381+0000] {subprocess.py:93} INFO - 26/05/15 14:55:10 INFO SecurityManager: Changing modify acls groups to:
[2026-05-15T14:55:10.382+0000] {subprocess.py:93} INFO - 26/05/15 14:55:10 INFO SecurityManager: SecurityManager: authentication disabled; ui acls disabled; users with view permissions: airflow; groups with view permissions: EMPTY; users with modify permissions: airflow; groups with modify permissions: EMPTY
[2026-05-15T14:55:10.677+0000] {subprocess.py:93} INFO - 26/05/15 14:55:10 INFO Utils: Successfully started service 'sparkDriver' on port 36865.
[2026-05-15T14:55:10.739+0000] {subprocess.py:93} INFO - 26/05/15 14:55:10 INFO SparkEnv: Registering MapOutputTracker
[2026-05-15T14:55:10.835+0000] {subprocess.py:93} INFO - 26/05/15 14:55:10 INFO SparkEnv: Registering BlockManagerMaster
[2026-05-15T14:55:10.872+0000] {subprocess.py:93} INFO - 26/05/15 14:55:10 INFO BlockManagerMasterEndpoint: Using org.apache.spark.storage.DefaultTopologyMapper for getting topology information
[2026-05-15T14:55:10.874+0000] {subprocess.py:93} INFO - 26/05/15 14:55:10 INFO BlockManagerMasterEndpoint: BlockManagerMasterEndpoint up
[2026-05-15T14:55:10.882+0000] {subprocess.py:93} INFO - 26/05/15 14:55:10 INFO SparkEnv: Registering BlockManagerMasterHeartbeat
[2026-05-15T14:55:10.912+0000] {subprocess.py:93} INFO - 26/05/15 14:55:10 INFO DiskBlockManager: Created local directory at /tmp/blockmgr-6bb1cdfb-f7da-46be-8203-4f4b53dbbb64
[2026-05-15T14:55:10.943+0000] {subprocess.py:93} INFO - 26/05/15 14:55:10 INFO MemoryStore: MemoryStore started with capacity 434.4 MiB
[2026-05-15T14:55:11.002+0000] {subprocess.py:93} INFO - 26/05/15 14:55:11 INFO SparkEnv: Registering OutputCommitCoordinator
[2026-05-15T14:55:11.294+0000] {subprocess.py:93} INFO - 26/05/15 14:55:11 INFO JettyUtils: Start Jetty 0.0.0.0:4040 for SparkUI
[2026-05-15T14:55:11.486+0000] {subprocess.py:93} INFO - 26/05/15 14:55:11 INFO Utils: Successfully started service 'SparkUI' on port 4040.
[2026-05-15T14:55:11.612+0000] {subprocess.py:93} INFO - 26/05/15 14:55:11 INFO SparkContext: Added JAR file:///opt/airflow/jars/aws-java-sdk-bundle-1.12.262.jar at spark://e8a9653e4a1b:36865/jars/aws-java-sdk-bundle-1.12.262.jar with timestamp 1778856910171
[2026-05-15T14:55:11.641+0000] {subprocess.py:93} INFO - 26/05/15 14:55:11 INFO SparkContext: Added JAR file:///opt/airflow/jars/hadoop-aws-3.3.4.jar at spark://e8a9653e4a1b:36865/jars/hadoop-aws-3.3.4.jar with timestamp 1778856910171
[2026-05-15T14:55:11.661+0000] {subprocess.py:93} INFO - 26/05/15 14:55:11 INFO SparkContext: Added JAR file:///opt/airflow/jars/postgresql-42.7.3.jar at spark://e8a9653e4a1b:36865/jars/postgresql-42.7.3.jar with timestamp 1778856910171
[2026-05-15T14:55:11.841+0000] {subprocess.py:93} INFO - 26/05/15 14:55:11 INFO StandaloneAppClient$ClientEndpoint: Connecting to master spark://spark-master:7077...
[2026-05-15T14:55:11.951+0000] {subprocess.py:93} INFO - 26/05/15 14:55:11 INFO TransportClientFactory: Successfully created connection to spark-master/172.18.0.6:7077 after 65 ms (0 ms spent in bootstraps)
[2026-05-15T14:55:12.113+0000] {subprocess.py:93} INFO - 26/05/15 14:55:12 INFO StandaloneSchedulerBackend: Connected to Spark cluster with app ID app-20260515145512-0045
[2026-05-15T14:55:12.118+0000] {subprocess.py:93} INFO - 26/05/15 14:55:12 INFO StandaloneAppClient$ClientEndpoint: Executor added: app-20260515145512-0045/0 on worker-20260514105200-172.18.0.13-40347 (172.18.0.13:40347) with 1 core(s)
[2026-05-15T14:55:12.124+0000] {subprocess.py:93} INFO - 26/05/15 14:55:12 INFO StandaloneSchedulerBackend: Granted executor ID app-20260515145512-0045/0 on hostPort 172.18.0.13:40347 with 1 core(s), 512.0 MiB RAM
[2026-05-15T14:55:12.132+0000] {subprocess.py:93} INFO - 26/05/15 14:55:12 INFO Utils: Successfully started service 'org.apache.spark.network.netty.NettyBlockTransferService' on port 41615.
[2026-05-15T14:55:12.134+0000] {subprocess.py:93} INFO - 26/05/15 14:55:12 INFO NettyBlockTransferService: Server created on e8a9653e4a1b:41615
[2026-05-15T14:55:12.138+0000] {subprocess.py:93} INFO - 26/05/15 14:55:12 INFO BlockManager: Using org.apache.spark.storage.RandomBlockReplicationPolicy for block replication policy
[2026-05-15T14:55:12.152+0000] {subprocess.py:93} INFO - 26/05/15 14:55:12 INFO BlockManagerMaster: Registering BlockManager BlockManagerId(driver, e8a9653e4a1b, 41615, None)
[2026-05-15T14:55:12.159+0000] {subprocess.py:93} INFO - 26/05/15 14:55:12 INFO BlockManagerMasterEndpoint: Registering block manager e8a9653e4a1b:41615 with 434.4 MiB RAM, BlockManagerId(driver, e8a9653e4a1b, 41615, None)
[2026-05-15T14:55:12.164+0000] {subprocess.py:93} INFO - 26/05/15 14:55:12 INFO BlockManagerMaster: Registered BlockManager BlockManagerId(driver, e8a9653e4a1b, 41615, None)
[2026-05-15T14:55:12.168+0000] {subprocess.py:93} INFO - 26/05/15 14:55:12 INFO BlockManager: Initialized BlockManager: BlockManagerId(driver, e8a9653e4a1b, 41615, None)
[2026-05-15T14:55:12.189+0000] {subprocess.py:93} INFO - 26/05/15 14:55:12 INFO StandaloneAppClient$ClientEndpoint: Executor updated: app-20260515145512-0045/0 is now RUNNING
[2026-05-15T14:55:12.720+0000] {subprocess.py:93} INFO - 26/05/15 14:55:12 INFO StandaloneSchedulerBackend: SchedulerBackend is ready for scheduling beginning after reached minRegisteredResourcesRatio: 0.0
[2026-05-15T14:55:15.233+0000] {subprocess.py:93} INFO - 26/05/15 14:55:15 WARN MetricsConfig: Cannot locate configuration: tried hadoop-metrics2-s3a-file-system.properties,hadoop-metrics2.properties
[2026-05-15T14:55:24.799+0000] {subprocess.py:93} INFO - Lecture SILVER terminée
[2026-05-15T14:55:38.924+0000] {subprocess.py:93} INFO - Table articles_par_jour créée
[2026-05-15T14:55:47.262+0000] {subprocess.py:93} INFO - Table articles_par_source créée
[2026-05-15T14:55:54.857+0000] {subprocess.py:93} INFO - Table top_categories créée
[2026-05-15T14:56:02.601+0000] {subprocess.py:93} INFO - Table articles_par_source_jour créée
[2026-05-15T14:56:02.603+0000] {subprocess.py:93} INFO - 
[2026-05-15T14:56:02.605+0000] {subprocess.py:93} INFO - ==============================
[2026-05-15T14:56:02.607+0000] {subprocess.py:93} INFO - GOLD LAYER TERMINÉ
[2026-05-15T14:56:02.608+0000] {subprocess.py:93} INFO - ==============================
[2026-05-15T14:56:03.049+0000] {subprocess.py:97} INFO - Command exited with return code 0
[2026-05-15T14:56:03.052+0000] {taskinstance.py:441} INFO - ::group::Post task execution logs
[2026-05-15T14:56:03.781+0000] {taskinstance.py:1206} INFO - Marking task as SUCCESS. dag_id=medallion_gold_layer, task_id=gold_processing, run_id=scheduled__2026-05-15T14:50:00+00:00, execution_date=20260515T145000, start_date=20260515T145502, end_date=20260515T145603
[2026-05-15T14:56:03.883+0000] {local_task_job_runner.py:240} INFO - Task exited with return code 0
[2026-05-15T14:56:04.007+0000] {taskinstance.py:3498} INFO - 0 downstream tasks scheduled from follow-on schedule check
[2026-05-15T14:56:04.054+0000] {local_task_job_runner.py:222} INFO - ::endgroup::
