[2026-05-16T23:15:02.136+0000] {local_task_job_runner.py:120} INFO - ::group::Pre task execution logs
[2026-05-16T23:15:02.297+0000] {taskinstance.py:2076} INFO - Dependencies all met for dep_context=non-requeueable deps ti=<TaskInstance: medallion_gold_layer.gold_processing scheduled__2026-05-16T23:10:00+00:00 [queued]>
[2026-05-16T23:15:02.331+0000] {taskinstance.py:2076} INFO - Dependencies all met for dep_context=requeueable deps ti=<TaskInstance: medallion_gold_layer.gold_processing scheduled__2026-05-16T23:10:00+00:00 [queued]>
[2026-05-16T23:15:02.333+0000] {taskinstance.py:2306} INFO - Starting attempt 1 of 2
[2026-05-16T23:15:02.377+0000] {taskinstance.py:2330} INFO - Executing <Task(BashOperator): gold_processing> on 2026-05-16 23:10:00+00:00
[2026-05-16T23:15:02.385+0000] {standard_task_runner.py:63} INFO - Started process 51152 to run task
[2026-05-16T23:15:02.392+0000] {standard_task_runner.py:90} INFO - Running: ['airflow', 'tasks', 'run', 'medallion_gold_layer', 'gold_processing', 'scheduled__2026-05-16T23:10:00+00:00', '--job-id', '135', '--raw', '--subdir', 'DAGS_FOLDER/gold_layer_dag.py', '--cfg-path', '/tmp/tmp1i6r9w0l']
[2026-05-16T23:15:02.396+0000] {standard_task_runner.py:91} INFO - Job 135: Subtask gold_processing
[2026-05-16T23:15:02.721+0000] {task_command.py:426} INFO - Running <TaskInstance: medallion_gold_layer.gold_processing scheduled__2026-05-16T23:10:00+00:00 [running]> on host e8a9653e4a1b
[2026-05-16T23:15:03.441+0000] {taskinstance.py:2648} INFO - Exporting env vars: AIRFLOW_CTX_DAG_OWNER='anass' AIRFLOW_CTX_DAG_ID='medallion_gold_layer' AIRFLOW_CTX_TASK_ID='gold_processing' AIRFLOW_CTX_EXECUTION_DATE='2026-05-16T23:10:00+00:00' AIRFLOW_CTX_TRY_NUMBER='1' AIRFLOW_CTX_DAG_RUN_ID='scheduled__2026-05-16T23:10:00+00:00'
[2026-05-16T23:15:03.443+0000] {taskinstance.py:430} INFO - ::endgroup::
[2026-05-16T23:15:03.470+0000] {subprocess.py:63} INFO - Tmp dir root location: /tmp
[2026-05-16T23:15:03.473+0000] {subprocess.py:75} INFO - Running command: ['/usr/bin/bash', '-c', '\n    spark-submit     --master spark://spark-master:7077     --executor-memory 512M     --executor-cores 1     --total-executor-cores 1     --jars /opt/airflow/jars/aws-java-sdk-bundle-1.12.262.jar,/opt/airflow/jars/hadoop-aws-3.3.4.jar,/opt/airflow/jars/postgresql-42.7.3.jar     /opt/spark_jobs/gold_processor.py\n    ']
[2026-05-16T23:15:03.494+0000] {subprocess.py:86} INFO - Output:
[2026-05-16T23:15:07.335+0000] {subprocess.py:93} INFO - 26/05/16 23:15:07 WARN NativeCodeLoader: Unable to load native-hadoop library for your platform... using builtin-java classes where applicable
[2026-05-16T23:15:09.486+0000] {subprocess.py:93} INFO - 26/05/16 23:15:09 INFO SparkContext: Running Spark version 3.5.1
[2026-05-16T23:15:09.489+0000] {subprocess.py:93} INFO - 26/05/16 23:15:09 INFO SparkContext: OS info Linux, 6.6.87.2-microsoft-standard-WSL2, amd64
[2026-05-16T23:15:09.491+0000] {subprocess.py:93} INFO - 26/05/16 23:15:09 INFO SparkContext: Java version 17.0.19
[2026-05-16T23:15:09.549+0000] {subprocess.py:93} INFO - 26/05/16 23:15:09 INFO ResourceUtils: ==============================================================
[2026-05-16T23:15:09.551+0000] {subprocess.py:93} INFO - 26/05/16 23:15:09 INFO ResourceUtils: No custom resources configured for spark.driver.
[2026-05-16T23:15:09.553+0000] {subprocess.py:93} INFO - 26/05/16 23:15:09 INFO ResourceUtils: ==============================================================
[2026-05-16T23:15:09.554+0000] {subprocess.py:93} INFO - 26/05/16 23:15:09 INFO SparkContext: Submitted application: GoldLayerProcessor
[2026-05-16T23:15:09.596+0000] {subprocess.py:93} INFO - 26/05/16 23:15:09 INFO ResourceProfile: Default ResourceProfile created, executor resources: Map(cores -> name: cores, amount: 1, script: , vendor: , memory -> name: memory, amount: 512, script: , vendor: , offHeap -> name: offHeap, amount: 0, script: , vendor: ), task resources: Map(cpus -> name: cpus, amount: 1.0)
[2026-05-16T23:15:09.614+0000] {subprocess.py:93} INFO - 26/05/16 23:15:09 INFO ResourceProfile: Limiting resource is cpus at 1 tasks per executor
[2026-05-16T23:15:09.618+0000] {subprocess.py:93} INFO - 26/05/16 23:15:09 INFO ResourceProfileManager: Added ResourceProfile id: 0
[2026-05-16T23:15:09.696+0000] {subprocess.py:93} INFO - 26/05/16 23:15:09 INFO SecurityManager: Changing view acls to: airflow
[2026-05-16T23:15:09.698+0000] {subprocess.py:93} INFO - 26/05/16 23:15:09 INFO SecurityManager: Changing modify acls to: airflow
[2026-05-16T23:15:09.700+0000] {subprocess.py:93} INFO - 26/05/16 23:15:09 INFO SecurityManager: Changing view acls groups to:
[2026-05-16T23:15:09.702+0000] {subprocess.py:93} INFO - 26/05/16 23:15:09 INFO SecurityManager: Changing modify acls groups to:
[2026-05-16T23:15:09.703+0000] {subprocess.py:93} INFO - 26/05/16 23:15:09 INFO SecurityManager: SecurityManager: authentication disabled; ui acls disabled; users with view permissions: airflow; groups with view permissions: EMPTY; users with modify permissions: airflow; groups with modify permissions: EMPTY
[2026-05-16T23:15:10.101+0000] {subprocess.py:93} INFO - 26/05/16 23:15:10 INFO Utils: Successfully started service 'sparkDriver' on port 35863.
[2026-05-16T23:15:10.144+0000] {subprocess.py:93} INFO - 26/05/16 23:15:10 INFO SparkEnv: Registering MapOutputTracker
[2026-05-16T23:15:10.192+0000] {subprocess.py:93} INFO - 26/05/16 23:15:10 INFO SparkEnv: Registering BlockManagerMaster
[2026-05-16T23:15:10.217+0000] {subprocess.py:93} INFO - 26/05/16 23:15:10 INFO BlockManagerMasterEndpoint: Using org.apache.spark.storage.DefaultTopologyMapper for getting topology information
[2026-05-16T23:15:10.219+0000] {subprocess.py:93} INFO - 26/05/16 23:15:10 INFO BlockManagerMasterEndpoint: BlockManagerMasterEndpoint up
[2026-05-16T23:15:10.228+0000] {subprocess.py:93} INFO - 26/05/16 23:15:10 INFO SparkEnv: Registering BlockManagerMasterHeartbeat
[2026-05-16T23:15:10.252+0000] {subprocess.py:93} INFO - 26/05/16 23:15:10 INFO DiskBlockManager: Created local directory at /tmp/blockmgr-6fae7312-6993-483d-a862-5868fca1fcb7
[2026-05-16T23:15:10.275+0000] {subprocess.py:93} INFO - 26/05/16 23:15:10 INFO MemoryStore: MemoryStore started with capacity 434.4 MiB
[2026-05-16T23:15:10.303+0000] {subprocess.py:93} INFO - 26/05/16 23:15:10 INFO SparkEnv: Registering OutputCommitCoordinator
[2026-05-16T23:15:10.551+0000] {subprocess.py:93} INFO - 26/05/16 23:15:10 INFO JettyUtils: Start Jetty 0.0.0.0:4040 for SparkUI
[2026-05-16T23:15:10.701+0000] {subprocess.py:93} INFO - 26/05/16 23:15:10 INFO Utils: Successfully started service 'SparkUI' on port 4040.
[2026-05-16T23:15:10.766+0000] {subprocess.py:93} INFO - 26/05/16 23:15:10 INFO SparkContext: Added JAR file:///opt/airflow/jars/aws-java-sdk-bundle-1.12.262.jar at spark://e8a9653e4a1b:35863/jars/aws-java-sdk-bundle-1.12.262.jar with timestamp 1778973309470
[2026-05-16T23:15:10.769+0000] {subprocess.py:93} INFO - 26/05/16 23:15:10 INFO SparkContext: Added JAR file:///opt/airflow/jars/hadoop-aws-3.3.4.jar at spark://e8a9653e4a1b:35863/jars/hadoop-aws-3.3.4.jar with timestamp 1778973309470
[2026-05-16T23:15:10.771+0000] {subprocess.py:93} INFO - 26/05/16 23:15:10 INFO SparkContext: Added JAR file:///opt/airflow/jars/postgresql-42.7.3.jar at spark://e8a9653e4a1b:35863/jars/postgresql-42.7.3.jar with timestamp 1778973309470
[2026-05-16T23:15:10.945+0000] {subprocess.py:93} INFO - 26/05/16 23:15:10 INFO StandaloneAppClient$ClientEndpoint: Connecting to master spark://spark-master:7077...
[2026-05-16T23:15:11.076+0000] {subprocess.py:93} INFO - 26/05/16 23:15:11 INFO TransportClientFactory: Successfully created connection to spark-master/172.18.0.6:7077 after 74 ms (0 ms spent in bootstraps)
[2026-05-16T23:15:11.332+0000] {subprocess.py:93} INFO - 26/05/16 23:15:11 INFO StandaloneSchedulerBackend: Connected to Spark cluster with app ID app-20260516231511-0134
[2026-05-16T23:15:11.341+0000] {subprocess.py:93} INFO - 26/05/16 23:15:11 INFO StandaloneAppClient$ClientEndpoint: Executor added: app-20260516231511-0134/0 on worker-20260514105200-172.18.0.13-40347 (172.18.0.13:40347) with 1 core(s)
[2026-05-16T23:15:11.349+0000] {subprocess.py:93} INFO - 26/05/16 23:15:11 INFO StandaloneSchedulerBackend: Granted executor ID app-20260516231511-0134/0 on hostPort 172.18.0.13:40347 with 1 core(s), 512.0 MiB RAM
[2026-05-16T23:15:11.364+0000] {subprocess.py:93} INFO - 26/05/16 23:15:11 INFO Utils: Successfully started service 'org.apache.spark.network.netty.NettyBlockTransferService' on port 40337.
[2026-05-16T23:15:11.366+0000] {subprocess.py:93} INFO - 26/05/16 23:15:11 INFO NettyBlockTransferService: Server created on e8a9653e4a1b:40337
[2026-05-16T23:15:11.370+0000] {subprocess.py:93} INFO - 26/05/16 23:15:11 INFO BlockManager: Using org.apache.spark.storage.RandomBlockReplicationPolicy for block replication policy
[2026-05-16T23:15:11.383+0000] {subprocess.py:93} INFO - 26/05/16 23:15:11 INFO BlockManagerMaster: Registering BlockManager BlockManagerId(driver, e8a9653e4a1b, 40337, None)
[2026-05-16T23:15:11.389+0000] {subprocess.py:93} INFO - 26/05/16 23:15:11 INFO BlockManagerMasterEndpoint: Registering block manager e8a9653e4a1b:40337 with 434.4 MiB RAM, BlockManagerId(driver, e8a9653e4a1b, 40337, None)
[2026-05-16T23:15:11.395+0000] {subprocess.py:93} INFO - 26/05/16 23:15:11 INFO BlockManagerMaster: Registered BlockManager BlockManagerId(driver, e8a9653e4a1b, 40337, None)
[2026-05-16T23:15:11.400+0000] {subprocess.py:93} INFO - 26/05/16 23:15:11 INFO BlockManager: Initialized BlockManager: BlockManagerId(driver, e8a9653e4a1b, 40337, None)
[2026-05-16T23:15:11.422+0000] {subprocess.py:93} INFO - 26/05/16 23:15:11 INFO StandaloneAppClient$ClientEndpoint: Executor updated: app-20260516231511-0134/0 is now RUNNING
[2026-05-16T23:15:11.776+0000] {subprocess.py:93} INFO - 26/05/16 23:15:11 INFO StandaloneSchedulerBackend: SchedulerBackend is ready for scheduling beginning after reached minRegisteredResourcesRatio: 0.0
[2026-05-16T23:15:13.888+0000] {subprocess.py:93} INFO - 26/05/16 23:15:13 WARN MetricsConfig: Cannot locate configuration: tried hadoop-metrics2-s3a-file-system.properties,hadoop-metrics2.properties
[2026-05-16T23:15:25.843+0000] {subprocess.py:93} INFO - Lecture SILVER terminée
[2026-05-16T23:15:52.200+0000] {subprocess.py:93} INFO - Table articles_par_jour créée
[2026-05-16T23:16:12.892+0000] {subprocess.py:93} INFO - Table articles_par_source créée
[2026-05-16T23:16:31.145+0000] {subprocess.py:93} INFO - Table top_categories créée
[2026-05-16T23:16:50.034+0000] {subprocess.py:93} INFO - Table articles_par_source_jour créée
[2026-05-16T23:16:50.037+0000] {subprocess.py:93} INFO - 
[2026-05-16T23:16:50.039+0000] {subprocess.py:93} INFO - ==============================
[2026-05-16T23:16:50.041+0000] {subprocess.py:93} INFO - GOLD LAYER TERMINÉ
[2026-05-16T23:16:50.042+0000] {subprocess.py:93} INFO - ==============================
[2026-05-16T23:16:50.897+0000] {subprocess.py:97} INFO - Command exited with return code 0
[2026-05-16T23:16:50.901+0000] {taskinstance.py:441} INFO - ::group::Post task execution logs
[2026-05-16T23:16:51.705+0000] {taskinstance.py:1206} INFO - Marking task as SUCCESS. dag_id=medallion_gold_layer, task_id=gold_processing, run_id=scheduled__2026-05-16T23:10:00+00:00, execution_date=20260516T231000, start_date=20260516T231502, end_date=20260516T231651
[2026-05-16T23:16:51.869+0000] {local_task_job_runner.py:240} INFO - Task exited with return code 0
[2026-05-16T23:16:51.998+0000] {taskinstance.py:3498} INFO - 0 downstream tasks scheduled from follow-on schedule check
[2026-05-16T23:16:52.006+0000] {local_task_job_runner.py:222} INFO - ::endgroup::
